sub-MONSTERA01
calculating mask intersection...
-------------------- Mask file existed for sub-MONSTERA01. Skipped. --------------------
-------------------- file existed for: sub-MONSTERA01 task-01. Skipped. --------------------
-------------------- file existed for: sub-MONSTERA01 task-02. Skipped. --------------------
-------------------- file existed for: sub-MONSTERA01 task-03. Skipped. --------------------
-------------------- file existed for: sub-MONSTERA01 task-04. Skipped. --------------------
-------------------- file existed for: sub-MONSTERA01 task-05. Skipped. --------------------
-------------------- file existed for: sub-MONSTERA01 task-06. Skipped. --------------------
-------------------- file existed for: sub-MONSTERA01 task-07. Skipped. --------------------
-------------------- file existed for: sub-MONSTERA01 task-08. Skipped. --------------------
-------------------- file existed for: sub-MONSTERA01 task-09. Skipped. --------------------
-------------------- file existed for: sub-MONSTERA01 task-10. Skipped. --------------------
sub-MONSTERA02
calculating mask intersection...
-------------------- Mask file existed for sub-MONSTERA02. Skipped. --------------------
-------------------- file existed for: sub-MONSTERA02 task-01. Skipped. --------------------
-------------------- file existed for: sub-MONSTERA02 task-02. Skipped. --------------------
-------------------- file existed for: sub-MONSTERA02 task-03. Skipped. --------------------
-------------------- file existed for: sub-MONSTERA02 task-04. Skipped. --------------------
-------------------- file existed for: sub-MONSTERA02 task-05. Skipped. --------------------
-------------------- file existed for: sub-MONSTERA02 task-06. Skipped. --------------------
-------------------- file existed for: sub-MONSTERA02 task-07. Skipped. --------------------
-------------------- file existed for: sub-MONSTERA02 task-08. Skipped. --------------------
-------------------- file existed for: sub-MONSTERA02 task-09. Skipped. --------------------
-------------------- file existed for: sub-MONSTERA02 task-10. Skipped. --------------------
sub-MONSTERA03
calculating mask intersection...
-------------------- Mask file existed for sub-MONSTERA03. Skipped. --------------------
-------------------- file existed for: sub-MONSTERA03 task-01. Skipped. --------------------
-------------------- file existed for: sub-MONSTERA03 task-02. Skipped. --------------------
-------------------- file existed for: sub-MONSTERA03 task-03. Skipped. --------------------
-------------------- file existed for: sub-MONSTERA03 task-04. Skipped. --------------------
-------------------- file existed for: sub-MONSTERA03 task-05. Skipped. --------------------
-------------------- file existed for: sub-MONSTERA03 task-06. Skipped. --------------------
-------------------- file existed for: sub-MONSTERA03 task-07. Skipped. --------------------
-------------------- file existed for: sub-MONSTERA03 task-08. Skipped. --------------------
-------------------- file existed for: sub-MONSTERA03 task-09. Skipped. --------------------
-------------------- file existed for: sub-MONSTERA03 task-10. Skipped. --------------------
sub-MONSTERA04
calculating mask intersection...
-------------------- Mask file existed for sub-MONSTERA04. Skipped. --------------------
-------------------- file existed for: sub-MONSTERA04 task-01. Skipped. --------------------
-------------------- file existed for: sub-MONSTERA04 task-02. Skipped. --------------------
-------------------- file existed for: sub-MONSTERA04 task-03. Skipped. --------------------
-------------------- file existed for: sub-MONSTERA04 task-04. Skipped. --------------------
-------------------- file existed for: sub-MONSTERA04 task-05. Skipped. --------------------
-------------------- file existed for: sub-MONSTERA04 task-06. Skipped. --------------------
-------------------- file existed for: sub-MONSTERA04 task-07. Skipped. --------------------
-------------------- file existed for: sub-MONSTERA04 task-08. Skipped. --------------------
-------------------- file existed for: sub-MONSTERA04 task-09. Skipped. --------------------
-------------------- file existed for: sub-MONSTERA04 task-10. Skipped. --------------------
sub-MONSTERA05
calculating mask intersection...
-------------------- Mask file existed for sub-MONSTERA05. Skipped. --------------------
-------------------- file existed for: sub-MONSTERA05 task-01. Skipped. --------------------
-------------------- file existed for: sub-MONSTERA05 task-02. Skipped. --------------------
-------------------- file existed for: sub-MONSTERA05 task-03. Skipped. --------------------
-------------------- file existed for: sub-MONSTERA05 task-04. Skipped. --------------------
-------------------- file existed for: sub-MONSTERA05 task-05. Skipped. --------------------
-------------------- file existed for: sub-MONSTERA05 task-06. Skipped. --------------------
-------------------- file existed for: sub-MONSTERA05 task-07. Skipped. --------------------
-------------------- file existed for: sub-MONSTERA05 task-08. Skipped. --------------------
-------------------- file existed for: sub-MONSTERA05 task-09. Skipped. --------------------
-------------------- file existed for: sub-MONSTERA05 task-10. Skipped. --------------------
sub-MONSTERA06
calculating mask intersection...
-------------------- Mask file existed for sub-MONSTERA06. Skipped. --------------------
-------------------- file existed for: sub-MONSTERA06 task-01. Skipped. --------------------
-------------------- file existed for: sub-MONSTERA06 task-02. Skipped. --------------------
-------------------- file existed for: sub-MONSTERA06 task-03. Skipped. --------------------
-------------------- file existed for: sub-MONSTERA06 task-04. Skipped. --------------------
-------------------- file existed for: sub-MONSTERA06 task-05. Skipped. --------------------
-------------------- file existed for: sub-MONSTERA06 task-06. Skipped. --------------------
-------------------- file existed for: sub-MONSTERA06 task-07. Skipped. --------------------
-------------------- file existed for: sub-MONSTERA06 task-08. Skipped. --------------------
-------------------- file existed for: sub-MONSTERA06 task-09. Skipped. --------------------
-------------------- file existed for: sub-MONSTERA06 task-10. Skipped. --------------------
sub-MONSTERA07
calculating mask intersection...
-------------------- Mask file existed for sub-MONSTERA07. Skipped. --------------------
-------------------- file existed for: sub-MONSTERA07 task-01. Skipped. --------------------
-------------------- file existed for: sub-MONSTERA07 task-02. Skipped. --------------------
-------------------- file existed for: sub-MONSTERA07 task-03. Skipped. --------------------
-------------------- file existed for: sub-MONSTERA07 task-04. Skipped. --------------------
-------------------- file existed for: sub-MONSTERA07 task-05. Skipped. --------------------
-------------------- file existed for: sub-MONSTERA07 task-06. Skipped. --------------------
-------------------- file existed for: sub-MONSTERA07 task-07. Skipped. --------------------
-------------------- file existed for: sub-MONSTERA07 task-08. Skipped. --------------------
-------------------- file existed for: sub-MONSTERA07 task-09. Skipped. --------------------
-------------------- file existed for: sub-MONSTERA07 task-10. Skipped. --------------------
sub-MONSTERA08
calculating mask intersection...
['/projects/kuhl_lab/wanjiag/MONSTERA/derivatives/fmriprep/sub-MONSTERA08/func/sub-MONSTERA08_task-01_space-T1w_desc-brain_mask.nii.gz', '/projects/kuhl_lab/wanjiag/MONSTERA/derivatives/fmriprep/sub-MONSTERA08/func/sub-MONSTERA08_task-02_space-T1w_desc-brain_mask.nii.gz', '/projects/kuhl_lab/wanjiag/MONSTERA/derivatives/fmriprep/sub-MONSTERA08/func/sub-MONSTERA08_task-03_space-T1w_desc-brain_mask.nii.gz', '/projects/kuhl_lab/wanjiag/MONSTERA/derivatives/fmriprep/sub-MONSTERA08/func/sub-MONSTERA08_task-04_space-T1w_desc-brain_mask.nii.gz', '/projects/kuhl_lab/wanjiag/MONSTERA/derivatives/fmriprep/sub-MONSTERA08/func/sub-MONSTERA08_task-05_space-T1w_desc-brain_mask.nii.gz', '/projects/kuhl_lab/wanjiag/MONSTERA/derivatives/fmriprep/sub-MONSTERA08/func/sub-MONSTERA08_task-06_space-T1w_desc-brain_mask.nii.gz', '/projects/kuhl_lab/wanjiag/MONSTERA/derivatives/fmriprep/sub-MONSTERA08/func/sub-MONSTERA08_task-07_space-T1w_desc-brain_mask.nii.gz', '/projects/kuhl_lab/wanjiag/MONSTERA/derivatives/fmriprep/sub-MONSTERA08/func/sub-MONSTERA08_task-08_space-T1w_desc-brain_mask.nii.gz', '/projects/kuhl_lab/wanjiag/MONSTERA/derivatives/fmriprep/sub-MONSTERA08/func/sub-MONSTERA08_task-09_space-T1w_desc-brain_mask.nii.gz', '/projects/kuhl_lab/wanjiag/MONSTERA/derivatives/fmriprep/sub-MONSTERA08/func/sub-MONSTERA08_task-10_space-T1w_desc-brain_mask.nii.gz']
triming data...
(88, 103, 86, 458)    (88, 103, 86, 452)
(1.702, 1.702, 1.7, 1.0)
[[  1.70200002   0.           0.         -73.8575592 ]
 [  0.           1.70200002   0.         -79.85404205]
 [  0.           0.           1.70000005 -58.7638855 ]
 [  0.           0.           0.           1.        ]]
triming data...output to /projects/kuhl_lab/wanjiag/MONSTERA/derivatives/preprocess/sub-MONSTERA08/sub-MONSTERA08_task-01_space-T1w_desc-preproc_bold_trim6TRs.nii.gz
calculating mean......
3dTstat -mean -prefix /projects/kuhl_lab/wanjiag/MONSTERA/derivatives/preprocess/sub-MONSTERA08/sub-MONSTERA08_task-01_space-T1w_desc-preproc_bold_trim6TRs_mean-img.nii.gz /projects/kuhl_lab/wanjiag/MONSTERA/derivatives/preprocess/sub-MONSTERA08/sub-MONSTERA08_task-01_space-T1w_desc-preproc_bold_trim6TRs.nii.gz
220429-12:53:06,658 nipype.interface INFO:
	 stderr 2022-04-29T12:53:06.658380:++ 3dTstat: AFNI version=AFNI_18.2.04 (Jul  6 2018) [64-bit]
220429-12:53:06,658 nipype.interface INFO:
	 stderr 2022-04-29T12:53:06.658380:++ Authored by: KR Hammett & RW Cox
220429-12:53:06,672 nipype.interface INFO:
	 stderr 2022-04-29T12:53:06.672780:** AFNI converts NIFTI_datatype=64 (FLOAT64) in file /projects/kuhl_lab/wanjiag/MONSTERA/derivatives/preprocess/sub-MONSTERA08/sub-MONSTERA08_task-01_space-T1w_desc-preproc_bold_trim6TRs.nii.gz to FLOAT32
220429-12:53:06,673 nipype.interface INFO:
	 stderr 2022-04-29T12:53:06.672780:     Warnings of this type will be muted for this session.
220429-12:53:06,673 nipype.interface INFO:
	 stderr 2022-04-29T12:53:06.672780:     Set AFNI_NIFTI_TYPE_WARN to YES to see them all, NO to see none.
220429-12:53:21,239 nipype.interface INFO:
	 stderr 2022-04-29T12:53:21.239706:++ Output dataset /projects/kuhl_lab/wanjiag/MONSTERA/derivatives/preprocess/sub-MONSTERA08/sub-MONSTERA08_task-01_space-T1w_desc-preproc_bold_trim6TRs_mean-img.nii.gz
calculating mean...output to /projects/kuhl_lab/wanjiag/MONSTERA/derivatives/preprocess/sub-MONSTERA08/sub-MONSTERA08_task-01_space-T1w_desc-preproc_bold_trim6TRs_mean-img.nii.gz
Centering data ......
3dcalc -a /projects/kuhl_lab/wanjiag/MONSTERA/derivatives/preprocess/sub-MONSTERA08/sub-MONSTERA08_task-01_space-T1w_desc-preproc_bold_trim6TRs.nii.gz -b /projects/kuhl_lab/wanjiag/MONSTERA/derivatives/preprocess/sub-MONSTERA08/sub-MONSTERA08_task-01_space-T1w_desc-preproc_bold_trim6TRs_mean-img.nii.gz -c /projects/kuhl_lab/wanjiag/MONSTERA/derivatives/preprocess/sub-MONSTERA08/sub-MONSTERA08_space-T1w_desc-brain_intersect_mask.nii.gz -expr "c * min(200, a/b*100)*step(a)*step(b)" -prefix /projects/kuhl_lab/wanjiag/MONSTERA/derivatives/preprocess/sub-MONSTERA08/sub-MONSTERA08_task-01_space-T1w_desc-preproc_bold_trim6TRs_centered-masked.nii.gz
220429-12:53:21,383 nipype.interface INFO:
	 stderr 2022-04-29T12:53:21.383224:++ 3dcalc: AFNI version=AFNI_18.2.04 (Jul  6 2018) [64-bit]
220429-12:53:21,383 nipype.interface INFO:
	 stderr 2022-04-29T12:53:21.383224:++ Authored by: A cast of thousands
220429-12:53:21,393 nipype.interface INFO:
	 stderr 2022-04-29T12:53:21.393763:** AFNI converts NIFTI_datatype=64 (FLOAT64) in file /projects/kuhl_lab/wanjiag/MONSTERA/derivatives/preprocess/sub-MONSTERA08/sub-MONSTERA08_task-01_space-T1w_desc-preproc_bold_trim6TRs.nii.gz to FLOAT32
220429-12:53:21,393 nipype.interface INFO:
	 stderr 2022-04-29T12:53:21.393763:     Warnings of this type will be muted for this session.
220429-12:53:21,393 nipype.interface INFO:
	 stderr 2022-04-29T12:53:21.393763:     Set AFNI_NIFTI_TYPE_WARN to YES to see them all, NO to see none.
220429-12:54:29,833 nipype.interface INFO:
	 stderr 2022-04-29T12:54:29.833784:++ Output dataset /projects/kuhl_lab/wanjiag/MONSTERA/derivatives/preprocess/sub-MONSTERA08/sub-MONSTERA08_task-01_space-T1w_desc-preproc_bold_trim6TRs_centered-masked.nii.gz
Centering data...output to /projects/kuhl_lab/wanjiag/MONSTERA/derivatives/preprocess/sub-MONSTERA08/sub-MONSTERA08_task-01_space-T1w_desc-preproc_bold_trim6TRs_centered-masked.nii.gz
triming data...
(88, 103, 86, 458)    (88, 103, 86, 452)
(1.702, 1.702, 1.7, 1.0)
[[  1.70200002   0.           0.         -73.8575592 ]
 [  0.           1.70200002   0.         -79.85404205]
 [  0.           0.           1.70000005 -58.7638855 ]
 [  0.           0.           0.           1.        ]]
triming data...output to /projects/kuhl_lab/wanjiag/MONSTERA/derivatives/preprocess/sub-MONSTERA08/sub-MONSTERA08_task-02_space-T1w_desc-preproc_bold_trim6TRs.nii.gz
calculating mean......
3dTstat -mean -prefix /projects/kuhl_lab/wanjiag/MONSTERA/derivatives/preprocess/sub-MONSTERA08/sub-MONSTERA08_task-02_space-T1w_desc-preproc_bold_trim6TRs_mean-img.nii.gz /projects/kuhl_lab/wanjiag/MONSTERA/derivatives/preprocess/sub-MONSTERA08/sub-MONSTERA08_task-02_space-T1w_desc-preproc_bold_trim6TRs.nii.gz
220429-12:55:34,878 nipype.interface INFO:
	 stderr 2022-04-29T12:55:34.878011:++ 3dTstat: AFNI version=AFNI_18.2.04 (Jul  6 2018) [64-bit]
220429-12:55:34,878 nipype.interface INFO:
	 stderr 2022-04-29T12:55:34.878011:++ Authored by: KR Hammett & RW Cox
220429-12:55:34,888 nipype.interface INFO:
	 stderr 2022-04-29T12:55:34.888778:** AFNI converts NIFTI_datatype=64 (FLOAT64) in file /projects/kuhl_lab/wanjiag/MONSTERA/derivatives/preprocess/sub-MONSTERA08/sub-MONSTERA08_task-02_space-T1w_desc-preproc_bold_trim6TRs.nii.gz to FLOAT32
220429-12:55:34,888 nipype.interface INFO:
	 stderr 2022-04-29T12:55:34.888778:     Warnings of this type will be muted for this session.
220429-12:55:34,888 nipype.interface INFO:
	 stderr 2022-04-29T12:55:34.888778:     Set AFNI_NIFTI_TYPE_WARN to YES to see them all, NO to see none.
220429-12:55:49,427 nipype.interface INFO:
	 stderr 2022-04-29T12:55:49.427445:++ Output dataset /projects/kuhl_lab/wanjiag/MONSTERA/derivatives/preprocess/sub-MONSTERA08/sub-MONSTERA08_task-02_space-T1w_desc-preproc_bold_trim6TRs_mean-img.nii.gz
calculating mean...output to /projects/kuhl_lab/wanjiag/MONSTERA/derivatives/preprocess/sub-MONSTERA08/sub-MONSTERA08_task-02_space-T1w_desc-preproc_bold_trim6TRs_mean-img.nii.gz
Centering data ......
3dcalc -a /projects/kuhl_lab/wanjiag/MONSTERA/derivatives/preprocess/sub-MONSTERA08/sub-MONSTERA08_task-02_space-T1w_desc-preproc_bold_trim6TRs.nii.gz -b /projects/kuhl_lab/wanjiag/MONSTERA/derivatives/preprocess/sub-MONSTERA08/sub-MONSTERA08_task-02_space-T1w_desc-preproc_bold_trim6TRs_mean-img.nii.gz -c /projects/kuhl_lab/wanjiag/MONSTERA/derivatives/preprocess/sub-MONSTERA08/sub-MONSTERA08_space-T1w_desc-brain_intersect_mask.nii.gz -expr "c * min(200, a/b*100)*step(a)*step(b)" -prefix /projects/kuhl_lab/wanjiag/MONSTERA/derivatives/preprocess/sub-MONSTERA08/sub-MONSTERA08_task-02_space-T1w_desc-preproc_bold_trim6TRs_centered-masked.nii.gz
220429-12:55:49,535 nipype.interface INFO:
	 stderr 2022-04-29T12:55:49.535045:++ 3dcalc: AFNI version=AFNI_18.2.04 (Jul  6 2018) [64-bit]
220429-12:55:49,535 nipype.interface INFO:
	 stderr 2022-04-29T12:55:49.535045:++ Authored by: A cast of thousands
220429-12:55:49,544 nipype.interface INFO:
	 stderr 2022-04-29T12:55:49.544768:** AFNI converts NIFTI_datatype=64 (FLOAT64) in file /projects/kuhl_lab/wanjiag/MONSTERA/derivatives/preprocess/sub-MONSTERA08/sub-MONSTERA08_task-02_space-T1w_desc-preproc_bold_trim6TRs.nii.gz to FLOAT32
220429-12:55:49,544 nipype.interface INFO:
	 stderr 2022-04-29T12:55:49.544768:     Warnings of this type will be muted for this session.
220429-12:55:49,544 nipype.interface INFO:
	 stderr 2022-04-29T12:55:49.544768:     Set AFNI_NIFTI_TYPE_WARN to YES to see them all, NO to see none.
220429-12:56:57,761 nipype.interface INFO:
	 stderr 2022-04-29T12:56:57.761315:++ Output dataset /projects/kuhl_lab/wanjiag/MONSTERA/derivatives/preprocess/sub-MONSTERA08/sub-MONSTERA08_task-02_space-T1w_desc-preproc_bold_trim6TRs_centered-masked.nii.gz
Centering data...output to /projects/kuhl_lab/wanjiag/MONSTERA/derivatives/preprocess/sub-MONSTERA08/sub-MONSTERA08_task-02_space-T1w_desc-preproc_bold_trim6TRs_centered-masked.nii.gz
triming data...
(88, 103, 86, 458)    (88, 103, 86, 452)
(1.702, 1.702, 1.7, 1.0)
[[  1.70200002   0.           0.         -73.8575592 ]
 [  0.           1.70200002   0.         -79.85404205]
 [  0.           0.           1.70000005 -58.7638855 ]
 [  0.           0.           0.           1.        ]]
triming data...output to /projects/kuhl_lab/wanjiag/MONSTERA/derivatives/preprocess/sub-MONSTERA08/sub-MONSTERA08_task-03_space-T1w_desc-preproc_bold_trim6TRs.nii.gz
calculating mean......
3dTstat -mean -prefix /projects/kuhl_lab/wanjiag/MONSTERA/derivatives/preprocess/sub-MONSTERA08/sub-MONSTERA08_task-03_space-T1w_desc-preproc_bold_trim6TRs_mean-img.nii.gz /projects/kuhl_lab/wanjiag/MONSTERA/derivatives/preprocess/sub-MONSTERA08/sub-MONSTERA08_task-03_space-T1w_desc-preproc_bold_trim6TRs.nii.gz
220429-12:58:03,224 nipype.interface INFO:
	 stderr 2022-04-29T12:58:03.224766:++ 3dTstat: AFNI version=AFNI_18.2.04 (Jul  6 2018) [64-bit]
220429-12:58:03,225 nipype.interface INFO:
	 stderr 2022-04-29T12:58:03.224766:++ Authored by: KR Hammett & RW Cox
220429-12:58:03,235 nipype.interface INFO:
	 stderr 2022-04-29T12:58:03.235778:** AFNI converts NIFTI_datatype=64 (FLOAT64) in file /projects/kuhl_lab/wanjiag/MONSTERA/derivatives/preprocess/sub-MONSTERA08/sub-MONSTERA08_task-03_space-T1w_desc-preproc_bold_trim6TRs.nii.gz to FLOAT32
220429-12:58:03,235 nipype.interface INFO:
	 stderr 2022-04-29T12:58:03.235778:     Warnings of this type will be muted for this session.
220429-12:58:03,235 nipype.interface INFO:
	 stderr 2022-04-29T12:58:03.235778:     Set AFNI_NIFTI_TYPE_WARN to YES to see them all, NO to see none.
220429-12:58:17,804 nipype.interface INFO:
	 stderr 2022-04-29T12:58:17.804340:++ Output dataset /projects/kuhl_lab/wanjiag/MONSTERA/derivatives/preprocess/sub-MONSTERA08/sub-MONSTERA08_task-03_space-T1w_desc-preproc_bold_trim6TRs_mean-img.nii.gz
calculating mean...output to /projects/kuhl_lab/wanjiag/MONSTERA/derivatives/preprocess/sub-MONSTERA08/sub-MONSTERA08_task-03_space-T1w_desc-preproc_bold_trim6TRs_mean-img.nii.gz
Centering data ......
3dcalc -a /projects/kuhl_lab/wanjiag/MONSTERA/derivatives/preprocess/sub-MONSTERA08/sub-MONSTERA08_task-03_space-T1w_desc-preproc_bold_trim6TRs.nii.gz -b /projects/kuhl_lab/wanjiag/MONSTERA/derivatives/preprocess/sub-MONSTERA08/sub-MONSTERA08_task-03_space-T1w_desc-preproc_bold_trim6TRs_mean-img.nii.gz -c /projects/kuhl_lab/wanjiag/MONSTERA/derivatives/preprocess/sub-MONSTERA08/sub-MONSTERA08_space-T1w_desc-brain_intersect_mask.nii.gz -expr "c * min(200, a/b*100)*step(a)*step(b)" -prefix /projects/kuhl_lab/wanjiag/MONSTERA/derivatives/preprocess/sub-MONSTERA08/sub-MONSTERA08_task-03_space-T1w_desc-preproc_bold_trim6TRs_centered-masked.nii.gz
220429-12:58:17,898 nipype.interface INFO:
	 stderr 2022-04-29T12:58:17.898505:++ 3dcalc: AFNI version=AFNI_18.2.04 (Jul  6 2018) [64-bit]
220429-12:58:17,898 nipype.interface INFO:
	 stderr 2022-04-29T12:58:17.898505:++ Authored by: A cast of thousands
220429-12:58:17,906 nipype.interface INFO:
	 stderr 2022-04-29T12:58:17.906761:** AFNI converts NIFTI_datatype=64 (FLOAT64) in file /projects/kuhl_lab/wanjiag/MONSTERA/derivatives/preprocess/sub-MONSTERA08/sub-MONSTERA08_task-03_space-T1w_desc-preproc_bold_trim6TRs.nii.gz to FLOAT32
220429-12:58:17,906 nipype.interface INFO:
	 stderr 2022-04-29T12:58:17.906761:     Warnings of this type will be muted for this session.
220429-12:58:17,906 nipype.interface INFO:
	 stderr 2022-04-29T12:58:17.906761:     Set AFNI_NIFTI_TYPE_WARN to YES to see them all, NO to see none.
220429-12:59:26,82 nipype.interface INFO:
	 stderr 2022-04-29T12:59:26.082829:++ Output dataset /projects/kuhl_lab/wanjiag/MONSTERA/derivatives/preprocess/sub-MONSTERA08/sub-MONSTERA08_task-03_space-T1w_desc-preproc_bold_trim6TRs_centered-masked.nii.gz
Centering data...output to /projects/kuhl_lab/wanjiag/MONSTERA/derivatives/preprocess/sub-MONSTERA08/sub-MONSTERA08_task-03_space-T1w_desc-preproc_bold_trim6TRs_centered-masked.nii.gz
triming data...
(88, 103, 86, 458)    (88, 103, 86, 452)
(1.702, 1.702, 1.7, 1.0)
[[  1.70200002   0.           0.         -73.8575592 ]
 [  0.           1.70200002   0.         -79.85404205]
 [  0.           0.           1.70000005 -58.7638855 ]
 [  0.           0.           0.           1.        ]]
triming data...output to /projects/kuhl_lab/wanjiag/MONSTERA/derivatives/preprocess/sub-MONSTERA08/sub-MONSTERA08_task-04_space-T1w_desc-preproc_bold_trim6TRs.nii.gz
calculating mean......
3dTstat -mean -prefix /projects/kuhl_lab/wanjiag/MONSTERA/derivatives/preprocess/sub-MONSTERA08/sub-MONSTERA08_task-04_space-T1w_desc-preproc_bold_trim6TRs_mean-img.nii.gz /projects/kuhl_lab/wanjiag/MONSTERA/derivatives/preprocess/sub-MONSTERA08/sub-MONSTERA08_task-04_space-T1w_desc-preproc_bold_trim6TRs.nii.gz
220429-13:00:31,475 nipype.interface INFO:
	 stderr 2022-04-29T13:00:31.475124:++ 3dTstat: AFNI version=AFNI_18.2.04 (Jul  6 2018) [64-bit]
220429-13:00:31,475 nipype.interface INFO:
	 stderr 2022-04-29T13:00:31.475124:++ Authored by: KR Hammett & RW Cox
220429-13:00:31,480 nipype.interface INFO:
	 stderr 2022-04-29T13:00:31.480764:** AFNI converts NIFTI_datatype=64 (FLOAT64) in file /projects/kuhl_lab/wanjiag/MONSTERA/derivatives/preprocess/sub-MONSTERA08/sub-MONSTERA08_task-04_space-T1w_desc-preproc_bold_trim6TRs.nii.gz to FLOAT32
220429-13:00:31,480 nipype.interface INFO:
	 stderr 2022-04-29T13:00:31.480764:     Warnings of this type will be muted for this session.
220429-13:00:31,480 nipype.interface INFO:
	 stderr 2022-04-29T13:00:31.480764:     Set AFNI_NIFTI_TYPE_WARN to YES to see them all, NO to see none.
220429-13:00:45,902 nipype.interface INFO:
	 stderr 2022-04-29T13:00:45.902945:++ Output dataset /projects/kuhl_lab/wanjiag/MONSTERA/derivatives/preprocess/sub-MONSTERA08/sub-MONSTERA08_task-04_space-T1w_desc-preproc_bold_trim6TRs_mean-img.nii.gz
calculating mean...output to /projects/kuhl_lab/wanjiag/MONSTERA/derivatives/preprocess/sub-MONSTERA08/sub-MONSTERA08_task-04_space-T1w_desc-preproc_bold_trim6TRs_mean-img.nii.gz
Centering data ......
3dcalc -a /projects/kuhl_lab/wanjiag/MONSTERA/derivatives/preprocess/sub-MONSTERA08/sub-MONSTERA08_task-04_space-T1w_desc-preproc_bold_trim6TRs.nii.gz -b /projects/kuhl_lab/wanjiag/MONSTERA/derivatives/preprocess/sub-MONSTERA08/sub-MONSTERA08_task-04_space-T1w_desc-preproc_bold_trim6TRs_mean-img.nii.gz -c /projects/kuhl_lab/wanjiag/MONSTERA/derivatives/preprocess/sub-MONSTERA08/sub-MONSTERA08_space-T1w_desc-brain_intersect_mask.nii.gz -expr "c * min(200, a/b*100)*step(a)*step(b)" -prefix /projects/kuhl_lab/wanjiag/MONSTERA/derivatives/preprocess/sub-MONSTERA08/sub-MONSTERA08_task-04_space-T1w_desc-preproc_bold_trim6TRs_centered-masked.nii.gz
220429-13:00:46,12 nipype.interface INFO:
	 stderr 2022-04-29T13:00:46.012109:++ 3dcalc: AFNI version=AFNI_18.2.04 (Jul  6 2018) [64-bit]
220429-13:00:46,12 nipype.interface INFO:
	 stderr 2022-04-29T13:00:46.012109:++ Authored by: A cast of thousands
220429-13:00:46,44 nipype.interface INFO:
	 stderr 2022-04-29T13:00:46.044779:** AFNI converts NIFTI_datatype=64 (FLOAT64) in file /projects/kuhl_lab/wanjiag/MONSTERA/derivatives/preprocess/sub-MONSTERA08/sub-MONSTERA08_task-04_space-T1w_desc-preproc_bold_trim6TRs.nii.gz to FLOAT32
220429-13:00:46,44 nipype.interface INFO:
	 stderr 2022-04-29T13:00:46.044779:     Warnings of this type will be muted for this session.
220429-13:00:46,44 nipype.interface INFO:
	 stderr 2022-04-29T13:00:46.044779:     Set AFNI_NIFTI_TYPE_WARN to YES to see them all, NO to see none.
220429-13:01:54,764 nipype.interface INFO:
	 stderr 2022-04-29T13:01:54.764178:++ Output dataset /projects/kuhl_lab/wanjiag/MONSTERA/derivatives/preprocess/sub-MONSTERA08/sub-MONSTERA08_task-04_space-T1w_desc-preproc_bold_trim6TRs_centered-masked.nii.gz
Centering data...output to /projects/kuhl_lab/wanjiag/MONSTERA/derivatives/preprocess/sub-MONSTERA08/sub-MONSTERA08_task-04_space-T1w_desc-preproc_bold_trim6TRs_centered-masked.nii.gz
triming data...
(88, 103, 86, 458)    (88, 103, 86, 452)
(1.702, 1.702, 1.7, 1.0)
[[  1.70200002   0.           0.         -73.8575592 ]
 [  0.           1.70200002   0.         -79.85404205]
 [  0.           0.           1.70000005 -58.7638855 ]
 [  0.           0.           0.           1.        ]]
triming data...output to /projects/kuhl_lab/wanjiag/MONSTERA/derivatives/preprocess/sub-MONSTERA08/sub-MONSTERA08_task-05_space-T1w_desc-preproc_bold_trim6TRs.nii.gz
calculating mean......
3dTstat -mean -prefix /projects/kuhl_lab/wanjiag/MONSTERA/derivatives/preprocess/sub-MONSTERA08/sub-MONSTERA08_task-05_space-T1w_desc-preproc_bold_trim6TRs_mean-img.nii.gz /projects/kuhl_lab/wanjiag/MONSTERA/derivatives/preprocess/sub-MONSTERA08/sub-MONSTERA08_task-05_space-T1w_desc-preproc_bold_trim6TRs.nii.gz
220429-13:03:00,123 nipype.interface INFO:
	 stderr 2022-04-29T13:03:00.123293:++ 3dTstat: AFNI version=AFNI_18.2.04 (Jul  6 2018) [64-bit]
220429-13:03:00,123 nipype.interface INFO:
	 stderr 2022-04-29T13:03:00.123293:++ Authored by: KR Hammett & RW Cox
220429-13:03:00,133 nipype.interface INFO:
	 stderr 2022-04-29T13:03:00.133776:** AFNI converts NIFTI_datatype=64 (FLOAT64) in file /projects/kuhl_lab/wanjiag/MONSTERA/derivatives/preprocess/sub-MONSTERA08/sub-MONSTERA08_task-05_space-T1w_desc-preproc_bold_trim6TRs.nii.gz to FLOAT32
220429-13:03:00,133 nipype.interface INFO:
	 stderr 2022-04-29T13:03:00.133776:     Warnings of this type will be muted for this session.
220429-13:03:00,133 nipype.interface INFO:
	 stderr 2022-04-29T13:03:00.133776:     Set AFNI_NIFTI_TYPE_WARN to YES to see them all, NO to see none.
220429-13:03:14,687 nipype.interface INFO:
	 stderr 2022-04-29T13:03:14.687706:++ Output dataset /projects/kuhl_lab/wanjiag/MONSTERA/derivatives/preprocess/sub-MONSTERA08/sub-MONSTERA08_task-05_space-T1w_desc-preproc_bold_trim6TRs_mean-img.nii.gz
calculating mean...output to /projects/kuhl_lab/wanjiag/MONSTERA/derivatives/preprocess/sub-MONSTERA08/sub-MONSTERA08_task-05_space-T1w_desc-preproc_bold_trim6TRs_mean-img.nii.gz
Centering data ......
3dcalc -a /projects/kuhl_lab/wanjiag/MONSTERA/derivatives/preprocess/sub-MONSTERA08/sub-MONSTERA08_task-05_space-T1w_desc-preproc_bold_trim6TRs.nii.gz -b /projects/kuhl_lab/wanjiag/MONSTERA/derivatives/preprocess/sub-MONSTERA08/sub-MONSTERA08_task-05_space-T1w_desc-preproc_bold_trim6TRs_mean-img.nii.gz -c /projects/kuhl_lab/wanjiag/MONSTERA/derivatives/preprocess/sub-MONSTERA08/sub-MONSTERA08_space-T1w_desc-brain_intersect_mask.nii.gz -expr "c * min(200, a/b*100)*step(a)*step(b)" -prefix /projects/kuhl_lab/wanjiag/MONSTERA/derivatives/preprocess/sub-MONSTERA08/sub-MONSTERA08_task-05_space-T1w_desc-preproc_bold_trim6TRs_centered-masked.nii.gz
220429-13:03:14,784 nipype.interface INFO:
	 stderr 2022-04-29T13:03:14.784293:++ 3dcalc: AFNI version=AFNI_18.2.04 (Jul  6 2018) [64-bit]
220429-13:03:14,784 nipype.interface INFO:
	 stderr 2022-04-29T13:03:14.784293:++ Authored by: A cast of thousands
220429-13:03:14,798 nipype.interface INFO:
	 stderr 2022-04-29T13:03:14.798776:** AFNI converts NIFTI_datatype=64 (FLOAT64) in file /projects/kuhl_lab/wanjiag/MONSTERA/derivatives/preprocess/sub-MONSTERA08/sub-MONSTERA08_task-05_space-T1w_desc-preproc_bold_trim6TRs.nii.gz to FLOAT32
220429-13:03:14,798 nipype.interface INFO:
	 stderr 2022-04-29T13:03:14.798776:     Warnings of this type will be muted for this session.
220429-13:03:14,798 nipype.interface INFO:
	 stderr 2022-04-29T13:03:14.798776:     Set AFNI_NIFTI_TYPE_WARN to YES to see them all, NO to see none.
220429-13:04:23,597 nipype.interface INFO:
	 stderr 2022-04-29T13:04:23.597693:++ Output dataset /projects/kuhl_lab/wanjiag/MONSTERA/derivatives/preprocess/sub-MONSTERA08/sub-MONSTERA08_task-05_space-T1w_desc-preproc_bold_trim6TRs_centered-masked.nii.gz
Centering data...output to /projects/kuhl_lab/wanjiag/MONSTERA/derivatives/preprocess/sub-MONSTERA08/sub-MONSTERA08_task-05_space-T1w_desc-preproc_bold_trim6TRs_centered-masked.nii.gz
triming data...
(88, 103, 86, 458)    (88, 103, 86, 452)
(1.702, 1.702, 1.7, 1.0)
[[  1.70200002   0.           0.         -73.8575592 ]
 [  0.           1.70200002   0.         -79.85404205]
 [  0.           0.           1.70000005 -58.7638855 ]
 [  0.           0.           0.           1.        ]]
triming data...output to /projects/kuhl_lab/wanjiag/MONSTERA/derivatives/preprocess/sub-MONSTERA08/sub-MONSTERA08_task-06_space-T1w_desc-preproc_bold_trim6TRs.nii.gz
calculating mean......
3dTstat -mean -prefix /projects/kuhl_lab/wanjiag/MONSTERA/derivatives/preprocess/sub-MONSTERA08/sub-MONSTERA08_task-06_space-T1w_desc-preproc_bold_trim6TRs_mean-img.nii.gz /projects/kuhl_lab/wanjiag/MONSTERA/derivatives/preprocess/sub-MONSTERA08/sub-MONSTERA08_task-06_space-T1w_desc-preproc_bold_trim6TRs.nii.gz
220429-13:05:29,83 nipype.interface INFO:
	 stderr 2022-04-29T13:05:29.083328:++ 3dTstat: AFNI version=AFNI_18.2.04 (Jul  6 2018) [64-bit]
220429-13:05:29,103 nipype.interface INFO:
	 stderr 2022-04-29T13:05:29.083328:++ Authored by: KR Hammett & RW Cox
220429-13:05:29,103 nipype.interface INFO:
	 stderr 2022-04-29T13:05:29.103978:** AFNI converts NIFTI_datatype=64 (FLOAT64) in file /projects/kuhl_lab/wanjiag/MONSTERA/derivatives/preprocess/sub-MONSTERA08/sub-MONSTERA08_task-06_space-T1w_desc-preproc_bold_trim6TRs.nii.gz to FLOAT32
220429-13:05:29,104 nipype.interface INFO:
	 stderr 2022-04-29T13:05:29.103978:     Warnings of this type will be muted for this session.
220429-13:05:29,104 nipype.interface INFO:
	 stderr 2022-04-29T13:05:29.103978:     Set AFNI_NIFTI_TYPE_WARN to YES to see them all, NO to see none.
220429-13:05:43,681 nipype.interface INFO:
	 stderr 2022-04-29T13:05:43.681462:++ Output dataset /projects/kuhl_lab/wanjiag/MONSTERA/derivatives/preprocess/sub-MONSTERA08/sub-MONSTERA08_task-06_space-T1w_desc-preproc_bold_trim6TRs_mean-img.nii.gz
calculating mean...output to /projects/kuhl_lab/wanjiag/MONSTERA/derivatives/preprocess/sub-MONSTERA08/sub-MONSTERA08_task-06_space-T1w_desc-preproc_bold_trim6TRs_mean-img.nii.gz
Centering data ......
3dcalc -a /projects/kuhl_lab/wanjiag/MONSTERA/derivatives/preprocess/sub-MONSTERA08/sub-MONSTERA08_task-06_space-T1w_desc-preproc_bold_trim6TRs.nii.gz -b /projects/kuhl_lab/wanjiag/MONSTERA/derivatives/preprocess/sub-MONSTERA08/sub-MONSTERA08_task-06_space-T1w_desc-preproc_bold_trim6TRs_mean-img.nii.gz -c /projects/kuhl_lab/wanjiag/MONSTERA/derivatives/preprocess/sub-MONSTERA08/sub-MONSTERA08_space-T1w_desc-brain_intersect_mask.nii.gz -expr "c * min(200, a/b*100)*step(a)*step(b)" -prefix /projects/kuhl_lab/wanjiag/MONSTERA/derivatives/preprocess/sub-MONSTERA08/sub-MONSTERA08_task-06_space-T1w_desc-preproc_bold_trim6TRs_centered-masked.nii.gz
220429-13:05:43,787 nipype.interface INFO:
	 stderr 2022-04-29T13:05:43.787836:++ 3dcalc: AFNI version=AFNI_18.2.04 (Jul  6 2018) [64-bit]
220429-13:05:43,788 nipype.interface INFO:
	 stderr 2022-04-29T13:05:43.787836:++ Authored by: A cast of thousands
220429-13:05:43,795 nipype.interface INFO:
	 stderr 2022-04-29T13:05:43.795760:** AFNI converts NIFTI_datatype=64 (FLOAT64) in file /projects/kuhl_lab/wanjiag/MONSTERA/derivatives/preprocess/sub-MONSTERA08/sub-MONSTERA08_task-06_space-T1w_desc-preproc_bold_trim6TRs.nii.gz to FLOAT32
220429-13:05:43,795 nipype.interface INFO:
	 stderr 2022-04-29T13:05:43.795760:     Warnings of this type will be muted for this session.
220429-13:05:43,795 nipype.interface INFO:
	 stderr 2022-04-29T13:05:43.795760:     Set AFNI_NIFTI_TYPE_WARN to YES to see them all, NO to see none.
220429-13:06:52,201 nipype.interface INFO:
	 stderr 2022-04-29T13:06:52.201573:++ Output dataset /projects/kuhl_lab/wanjiag/MONSTERA/derivatives/preprocess/sub-MONSTERA08/sub-MONSTERA08_task-06_space-T1w_desc-preproc_bold_trim6TRs_centered-masked.nii.gz
Centering data...output to /projects/kuhl_lab/wanjiag/MONSTERA/derivatives/preprocess/sub-MONSTERA08/sub-MONSTERA08_task-06_space-T1w_desc-preproc_bold_trim6TRs_centered-masked.nii.gz
triming data...
(88, 103, 86, 458)    (88, 103, 86, 452)
(1.702, 1.702, 1.7, 1.0)
[[  1.70200002   0.           0.         -73.8575592 ]
 [  0.           1.70200002   0.         -79.85404205]
 [  0.           0.           1.70000005 -58.7638855 ]
 [  0.           0.           0.           1.        ]]
triming data...output to /projects/kuhl_lab/wanjiag/MONSTERA/derivatives/preprocess/sub-MONSTERA08/sub-MONSTERA08_task-07_space-T1w_desc-preproc_bold_trim6TRs.nii.gz
calculating mean......
3dTstat -mean -prefix /projects/kuhl_lab/wanjiag/MONSTERA/derivatives/preprocess/sub-MONSTERA08/sub-MONSTERA08_task-07_space-T1w_desc-preproc_bold_trim6TRs_mean-img.nii.gz /projects/kuhl_lab/wanjiag/MONSTERA/derivatives/preprocess/sub-MONSTERA08/sub-MONSTERA08_task-07_space-T1w_desc-preproc_bold_trim6TRs.nii.gz
220429-13:07:57,893 nipype.interface INFO:
	 stderr 2022-04-29T13:07:57.893533:++ 3dTstat: AFNI version=AFNI_18.2.04 (Jul  6 2018) [64-bit]
220429-13:07:57,894 nipype.interface INFO:
	 stderr 2022-04-29T13:07:57.893533:++ Authored by: KR Hammett & RW Cox
220429-13:07:57,894 nipype.interface INFO:
	 stderr 2022-04-29T13:07:57.894240:** AFNI converts NIFTI_datatype=64 (FLOAT64) in file /projects/kuhl_lab/wanjiag/MONSTERA/derivatives/preprocess/sub-MONSTERA08/sub-MONSTERA08_task-07_space-T1w_desc-preproc_bold_trim6TRs.nii.gz to FLOAT32
220429-13:07:57,894 nipype.interface INFO:
	 stderr 2022-04-29T13:07:57.894240:     Warnings of this type will be muted for this session.
220429-13:07:57,894 nipype.interface INFO:
	 stderr 2022-04-29T13:07:57.894240:     Set AFNI_NIFTI_TYPE_WARN to YES to see them all, NO to see none.
220429-13:08:12,426 nipype.interface INFO:
	 stderr 2022-04-29T13:08:12.426106:++ Output dataset /projects/kuhl_lab/wanjiag/MONSTERA/derivatives/preprocess/sub-MONSTERA08/sub-MONSTERA08_task-07_space-T1w_desc-preproc_bold_trim6TRs_mean-img.nii.gz
calculating mean...output to /projects/kuhl_lab/wanjiag/MONSTERA/derivatives/preprocess/sub-MONSTERA08/sub-MONSTERA08_task-07_space-T1w_desc-preproc_bold_trim6TRs_mean-img.nii.gz
Centering data ......
3dcalc -a /projects/kuhl_lab/wanjiag/MONSTERA/derivatives/preprocess/sub-MONSTERA08/sub-MONSTERA08_task-07_space-T1w_desc-preproc_bold_trim6TRs.nii.gz -b /projects/kuhl_lab/wanjiag/MONSTERA/derivatives/preprocess/sub-MONSTERA08/sub-MONSTERA08_task-07_space-T1w_desc-preproc_bold_trim6TRs_mean-img.nii.gz -c /projects/kuhl_lab/wanjiag/MONSTERA/derivatives/preprocess/sub-MONSTERA08/sub-MONSTERA08_space-T1w_desc-brain_intersect_mask.nii.gz -expr "c * min(200, a/b*100)*step(a)*step(b)" -prefix /projects/kuhl_lab/wanjiag/MONSTERA/derivatives/preprocess/sub-MONSTERA08/sub-MONSTERA08_task-07_space-T1w_desc-preproc_bold_trim6TRs_centered-masked.nii.gz
220429-13:08:12,519 nipype.interface INFO:
	 stderr 2022-04-29T13:08:12.519587:++ 3dcalc: AFNI version=AFNI_18.2.04 (Jul  6 2018) [64-bit]
220429-13:08:12,519 nipype.interface INFO:
	 stderr 2022-04-29T13:08:12.519587:++ Authored by: A cast of thousands
220429-13:08:12,529 nipype.interface INFO:
	 stderr 2022-04-29T13:08:12.529768:** AFNI converts NIFTI_datatype=64 (FLOAT64) in file /projects/kuhl_lab/wanjiag/MONSTERA/derivatives/preprocess/sub-MONSTERA08/sub-MONSTERA08_task-07_space-T1w_desc-preproc_bold_trim6TRs.nii.gz to FLOAT32
220429-13:08:12,529 nipype.interface INFO:
	 stderr 2022-04-29T13:08:12.529768:     Warnings of this type will be muted for this session.
220429-13:08:12,529 nipype.interface INFO:
	 stderr 2022-04-29T13:08:12.529768:     Set AFNI_NIFTI_TYPE_WARN to YES to see them all, NO to see none.
220429-13:09:18,879 nipype.interface INFO:
	 stderr 2022-04-29T13:09:18.879822:++ Output dataset /projects/kuhl_lab/wanjiag/MONSTERA/derivatives/preprocess/sub-MONSTERA08/sub-MONSTERA08_task-07_space-T1w_desc-preproc_bold_trim6TRs_centered-masked.nii.gz
Centering data...output to /projects/kuhl_lab/wanjiag/MONSTERA/derivatives/preprocess/sub-MONSTERA08/sub-MONSTERA08_task-07_space-T1w_desc-preproc_bold_trim6TRs_centered-masked.nii.gz
triming data...
(88, 103, 86, 458)    (88, 103, 86, 452)
(1.702, 1.702, 1.7, 1.0)
[[  1.70200002   0.           0.         -73.8575592 ]
 [  0.           1.70200002   0.         -79.85404205]
 [  0.           0.           1.70000005 -58.7638855 ]
 [  0.           0.           0.           1.        ]]
triming data...output to /projects/kuhl_lab/wanjiag/MONSTERA/derivatives/preprocess/sub-MONSTERA08/sub-MONSTERA08_task-08_space-T1w_desc-preproc_bold_trim6TRs.nii.gz
calculating mean......
3dTstat -mean -prefix /projects/kuhl_lab/wanjiag/MONSTERA/derivatives/preprocess/sub-MONSTERA08/sub-MONSTERA08_task-08_space-T1w_desc-preproc_bold_trim6TRs_mean-img.nii.gz /projects/kuhl_lab/wanjiag/MONSTERA/derivatives/preprocess/sub-MONSTERA08/sub-MONSTERA08_task-08_space-T1w_desc-preproc_bold_trim6TRs.nii.gz
220429-13:10:23,749 nipype.interface INFO:
	 stderr 2022-04-29T13:10:23.749496:++ 3dTstat: AFNI version=AFNI_18.2.04 (Jul  6 2018) [64-bit]
220429-13:10:23,763 nipype.interface INFO:
	 stderr 2022-04-29T13:10:23.749496:++ Authored by: KR Hammett & RW Cox
220429-13:10:23,763 nipype.interface INFO:
	 stderr 2022-04-29T13:10:23.763966:** AFNI converts NIFTI_datatype=64 (FLOAT64) in file /projects/kuhl_lab/wanjiag/MONSTERA/derivatives/preprocess/sub-MONSTERA08/sub-MONSTERA08_task-08_space-T1w_desc-preproc_bold_trim6TRs.nii.gz to FLOAT32
220429-13:10:23,764 nipype.interface INFO:
	 stderr 2022-04-29T13:10:23.763966:     Warnings of this type will be muted for this session.
220429-13:10:23,764 nipype.interface INFO:
	 stderr 2022-04-29T13:10:23.763966:     Set AFNI_NIFTI_TYPE_WARN to YES to see them all, NO to see none.
220429-13:10:37,902 nipype.interface INFO:
	 stderr 2022-04-29T13:10:37.902137:++ Output dataset /projects/kuhl_lab/wanjiag/MONSTERA/derivatives/preprocess/sub-MONSTERA08/sub-MONSTERA08_task-08_space-T1w_desc-preproc_bold_trim6TRs_mean-img.nii.gz
calculating mean...output to /projects/kuhl_lab/wanjiag/MONSTERA/derivatives/preprocess/sub-MONSTERA08/sub-MONSTERA08_task-08_space-T1w_desc-preproc_bold_trim6TRs_mean-img.nii.gz
Centering data ......
3dcalc -a /projects/kuhl_lab/wanjiag/MONSTERA/derivatives/preprocess/sub-MONSTERA08/sub-MONSTERA08_task-08_space-T1w_desc-preproc_bold_trim6TRs.nii.gz -b /projects/kuhl_lab/wanjiag/MONSTERA/derivatives/preprocess/sub-MONSTERA08/sub-MONSTERA08_task-08_space-T1w_desc-preproc_bold_trim6TRs_mean-img.nii.gz -c /projects/kuhl_lab/wanjiag/MONSTERA/derivatives/preprocess/sub-MONSTERA08/sub-MONSTERA08_space-T1w_desc-brain_intersect_mask.nii.gz -expr "c * min(200, a/b*100)*step(a)*step(b)" -prefix /projects/kuhl_lab/wanjiag/MONSTERA/derivatives/preprocess/sub-MONSTERA08/sub-MONSTERA08_task-08_space-T1w_desc-preproc_bold_trim6TRs_centered-masked.nii.gz
220429-13:10:38,8 nipype.interface INFO:
	 stderr 2022-04-29T13:10:38.008412:++ 3dcalc: AFNI version=AFNI_18.2.04 (Jul  6 2018) [64-bit]
220429-13:10:38,8 nipype.interface INFO:
	 stderr 2022-04-29T13:10:38.008412:++ Authored by: A cast of thousands
220429-13:10:38,18 nipype.interface INFO:
	 stderr 2022-04-29T13:10:38.018799:** AFNI converts NIFTI_datatype=64 (FLOAT64) in file /projects/kuhl_lab/wanjiag/MONSTERA/derivatives/preprocess/sub-MONSTERA08/sub-MONSTERA08_task-08_space-T1w_desc-preproc_bold_trim6TRs.nii.gz to FLOAT32
220429-13:10:38,18 nipype.interface INFO:
	 stderr 2022-04-29T13:10:38.018799:     Warnings of this type will be muted for this session.
220429-13:10:38,18 nipype.interface INFO:
	 stderr 2022-04-29T13:10:38.018799:     Set AFNI_NIFTI_TYPE_WARN to YES to see them all, NO to see none.
220429-13:11:44,544 nipype.interface INFO:
	 stderr 2022-04-29T13:11:44.544784:++ Output dataset /projects/kuhl_lab/wanjiag/MONSTERA/derivatives/preprocess/sub-MONSTERA08/sub-MONSTERA08_task-08_space-T1w_desc-preproc_bold_trim6TRs_centered-masked.nii.gz
Centering data...output to /projects/kuhl_lab/wanjiag/MONSTERA/derivatives/preprocess/sub-MONSTERA08/sub-MONSTERA08_task-08_space-T1w_desc-preproc_bold_trim6TRs_centered-masked.nii.gz
triming data...
(88, 103, 86, 458)    (88, 103, 86, 452)
(1.702, 1.702, 1.7, 1.0)
[[  1.70200002   0.           0.         -73.8575592 ]
 [  0.           1.70200002   0.         -79.85404205]
 [  0.           0.           1.70000005 -58.7638855 ]
 [  0.           0.           0.           1.        ]]
triming data...output to /projects/kuhl_lab/wanjiag/MONSTERA/derivatives/preprocess/sub-MONSTERA08/sub-MONSTERA08_task-09_space-T1w_desc-preproc_bold_trim6TRs.nii.gz
calculating mean......
3dTstat -mean -prefix /projects/kuhl_lab/wanjiag/MONSTERA/derivatives/preprocess/sub-MONSTERA08/sub-MONSTERA08_task-09_space-T1w_desc-preproc_bold_trim6TRs_mean-img.nii.gz /projects/kuhl_lab/wanjiag/MONSTERA/derivatives/preprocess/sub-MONSTERA08/sub-MONSTERA08_task-09_space-T1w_desc-preproc_bold_trim6TRs.nii.gz
220429-13:12:49,814 nipype.interface INFO:
	 stderr 2022-04-29T13:12:49.814118:++ 3dTstat: AFNI version=AFNI_18.2.04 (Jul  6 2018) [64-bit]
220429-13:12:49,827 nipype.interface INFO:
	 stderr 2022-04-29T13:12:49.814118:++ Authored by: KR Hammett & RW Cox
220429-13:12:49,827 nipype.interface INFO:
	 stderr 2022-04-29T13:12:49.827959:** AFNI converts NIFTI_datatype=64 (FLOAT64) in file /projects/kuhl_lab/wanjiag/MONSTERA/derivatives/preprocess/sub-MONSTERA08/sub-MONSTERA08_task-09_space-T1w_desc-preproc_bold_trim6TRs.nii.gz to FLOAT32
220429-13:12:49,828 nipype.interface INFO:
	 stderr 2022-04-29T13:12:49.827959:     Warnings of this type will be muted for this session.
220429-13:12:49,828 nipype.interface INFO:
	 stderr 2022-04-29T13:12:49.827959:     Set AFNI_NIFTI_TYPE_WARN to YES to see them all, NO to see none.
220429-13:13:03,982 nipype.interface INFO:
	 stderr 2022-04-29T13:13:03.982790:++ Output dataset /projects/kuhl_lab/wanjiag/MONSTERA/derivatives/preprocess/sub-MONSTERA08/sub-MONSTERA08_task-09_space-T1w_desc-preproc_bold_trim6TRs_mean-img.nii.gz
calculating mean...output to /projects/kuhl_lab/wanjiag/MONSTERA/derivatives/preprocess/sub-MONSTERA08/sub-MONSTERA08_task-09_space-T1w_desc-preproc_bold_trim6TRs_mean-img.nii.gz
Centering data ......
3dcalc -a /projects/kuhl_lab/wanjiag/MONSTERA/derivatives/preprocess/sub-MONSTERA08/sub-MONSTERA08_task-09_space-T1w_desc-preproc_bold_trim6TRs.nii.gz -b /projects/kuhl_lab/wanjiag/MONSTERA/derivatives/preprocess/sub-MONSTERA08/sub-MONSTERA08_task-09_space-T1w_desc-preproc_bold_trim6TRs_mean-img.nii.gz -c /projects/kuhl_lab/wanjiag/MONSTERA/derivatives/preprocess/sub-MONSTERA08/sub-MONSTERA08_space-T1w_desc-brain_intersect_mask.nii.gz -expr "c * min(200, a/b*100)*step(a)*step(b)" -prefix /projects/kuhl_lab/wanjiag/MONSTERA/derivatives/preprocess/sub-MONSTERA08/sub-MONSTERA08_task-09_space-T1w_desc-preproc_bold_trim6TRs_centered-masked.nii.gz
220429-13:13:04,87 nipype.interface INFO:
	 stderr 2022-04-29T13:13:04.087804:++ 3dcalc: AFNI version=AFNI_18.2.04 (Jul  6 2018) [64-bit]
220429-13:13:04,88 nipype.interface INFO:
	 stderr 2022-04-29T13:13:04.087804:++ Authored by: A cast of thousands
220429-13:13:04,88 nipype.interface INFO:
	 stderr 2022-04-29T13:13:04.087804:** AFNI converts NIFTI_datatype=64 (FLOAT64) in file /projects/kuhl_lab/wanjiag/MONSTERA/derivatives/preprocess/sub-MONSTERA08/sub-MONSTERA08_task-09_space-T1w_desc-preproc_bold_trim6TRs.nii.gz to FLOAT32
220429-13:13:04,88 nipype.interface INFO:
	 stderr 2022-04-29T13:13:04.087804:     Warnings of this type will be muted for this session.
220429-13:13:04,88 nipype.interface INFO:
	 stderr 2022-04-29T13:13:04.087804:     Set AFNI_NIFTI_TYPE_WARN to YES to see them all, NO to see none.
220429-13:14:10,335 nipype.interface INFO:
	 stderr 2022-04-29T13:14:10.335808:++ Output dataset /projects/kuhl_lab/wanjiag/MONSTERA/derivatives/preprocess/sub-MONSTERA08/sub-MONSTERA08_task-09_space-T1w_desc-preproc_bold_trim6TRs_centered-masked.nii.gz
Centering data...output to /projects/kuhl_lab/wanjiag/MONSTERA/derivatives/preprocess/sub-MONSTERA08/sub-MONSTERA08_task-09_space-T1w_desc-preproc_bold_trim6TRs_centered-masked.nii.gz
triming data...
(88, 103, 86, 458)    (88, 103, 86, 452)
(1.702, 1.702, 1.7, 1.0)
[[  1.70200002   0.           0.         -73.8575592 ]
 [  0.           1.70200002   0.         -79.85404205]
 [  0.           0.           1.70000005 -58.7638855 ]
 [  0.           0.           0.           1.        ]]
triming data...output to /projects/kuhl_lab/wanjiag/MONSTERA/derivatives/preprocess/sub-MONSTERA08/sub-MONSTERA08_task-10_space-T1w_desc-preproc_bold_trim6TRs.nii.gz
calculating mean......
3dTstat -mean -prefix /projects/kuhl_lab/wanjiag/MONSTERA/derivatives/preprocess/sub-MONSTERA08/sub-MONSTERA08_task-10_space-T1w_desc-preproc_bold_trim6TRs_mean-img.nii.gz /projects/kuhl_lab/wanjiag/MONSTERA/derivatives/preprocess/sub-MONSTERA08/sub-MONSTERA08_task-10_space-T1w_desc-preproc_bold_trim6TRs.nii.gz
220429-13:15:14,717 nipype.interface INFO:
	 stderr 2022-04-29T13:15:14.717073:++ 3dTstat: AFNI version=AFNI_18.2.04 (Jul  6 2018) [64-bit]
220429-13:15:14,727 nipype.interface INFO:
	 stderr 2022-04-29T13:15:14.717073:++ Authored by: KR Hammett & RW Cox
220429-13:15:14,727 nipype.interface INFO:
	 stderr 2022-04-29T13:15:14.727953:** AFNI converts NIFTI_datatype=64 (FLOAT64) in file /projects/kuhl_lab/wanjiag/MONSTERA/derivatives/preprocess/sub-MONSTERA08/sub-MONSTERA08_task-10_space-T1w_desc-preproc_bold_trim6TRs.nii.gz to FLOAT32
220429-13:15:14,728 nipype.interface INFO:
	 stderr 2022-04-29T13:15:14.727953:     Warnings of this type will be muted for this session.
220429-13:15:14,728 nipype.interface INFO:
	 stderr 2022-04-29T13:15:14.727953:     Set AFNI_NIFTI_TYPE_WARN to YES to see them all, NO to see none.
220429-13:15:28,918 nipype.interface INFO:
	 stderr 2022-04-29T13:15:28.918783:++ Output dataset /projects/kuhl_lab/wanjiag/MONSTERA/derivatives/preprocess/sub-MONSTERA08/sub-MONSTERA08_task-10_space-T1w_desc-preproc_bold_trim6TRs_mean-img.nii.gz
calculating mean...output to /projects/kuhl_lab/wanjiag/MONSTERA/derivatives/preprocess/sub-MONSTERA08/sub-MONSTERA08_task-10_space-T1w_desc-preproc_bold_trim6TRs_mean-img.nii.gz
Centering data ......
3dcalc -a /projects/kuhl_lab/wanjiag/MONSTERA/derivatives/preprocess/sub-MONSTERA08/sub-MONSTERA08_task-10_space-T1w_desc-preproc_bold_trim6TRs.nii.gz -b /projects/kuhl_lab/wanjiag/MONSTERA/derivatives/preprocess/sub-MONSTERA08/sub-MONSTERA08_task-10_space-T1w_desc-preproc_bold_trim6TRs_mean-img.nii.gz -c /projects/kuhl_lab/wanjiag/MONSTERA/derivatives/preprocess/sub-MONSTERA08/sub-MONSTERA08_space-T1w_desc-brain_intersect_mask.nii.gz -expr "c * min(200, a/b*100)*step(a)*step(b)" -prefix /projects/kuhl_lab/wanjiag/MONSTERA/derivatives/preprocess/sub-MONSTERA08/sub-MONSTERA08_task-10_space-T1w_desc-preproc_bold_trim6TRs_centered-masked.nii.gz
220429-13:15:29,37 nipype.interface INFO:
	 stderr 2022-04-29T13:15:29.037789:++ 3dcalc: AFNI version=AFNI_18.2.04 (Jul  6 2018) [64-bit]
220429-13:15:29,38 nipype.interface INFO:
	 stderr 2022-04-29T13:15:29.037789:++ Authored by: A cast of thousands
220429-13:15:29,38 nipype.interface INFO:
	 stderr 2022-04-29T13:15:29.037789:** AFNI converts NIFTI_datatype=64 (FLOAT64) in file /projects/kuhl_lab/wanjiag/MONSTERA/derivatives/preprocess/sub-MONSTERA08/sub-MONSTERA08_task-10_space-T1w_desc-preproc_bold_trim6TRs.nii.gz to FLOAT32
220429-13:15:29,38 nipype.interface INFO:
	 stderr 2022-04-29T13:15:29.037789:     Warnings of this type will be muted for this session.
220429-13:15:29,38 nipype.interface INFO:
	 stderr 2022-04-29T13:15:29.037789:     Set AFNI_NIFTI_TYPE_WARN to YES to see them all, NO to see none.
220429-13:16:35,453 nipype.interface INFO:
	 stderr 2022-04-29T13:16:35.453774:++ Output dataset /projects/kuhl_lab/wanjiag/MONSTERA/derivatives/preprocess/sub-MONSTERA08/sub-MONSTERA08_task-10_space-T1w_desc-preproc_bold_trim6TRs_centered-masked.nii.gz
Centering data...output to /projects/kuhl_lab/wanjiag/MONSTERA/derivatives/preprocess/sub-MONSTERA08/sub-MONSTERA08_task-10_space-T1w_desc-preproc_bold_trim6TRs_centered-masked.nii.gz
