/home/wanjiag/.local/lib/python3.9/site-packages/nilearn/input_data/__init__.py:27: FutureWarning: The import path 'nilearn.input_data' is deprecated in version 0.9. Importing from 'nilearn.input_data' will be possible at least until release 0.13.0. Please import from 'nilearn.maskers' instead.
  warnings.warn(message, FutureWarning)
Traceback (most recent call last):
  File "/gpfs/projects/kuhl_lab/wanjiag/MONSTERA/derivatives/scripts/python_code/denoise_z-score.py", line 83, in <module>
    epi_mask_data = epi_masker.fit_transform(f,confounds=dm_trim)
  File "/home/wanjiag/.local/lib/python3.9/site-packages/nilearn/maskers/base_masker.py", line 253, in fit_transform
    return self.fit(**fit_params).transform(X,
  File "/home/wanjiag/.local/lib/python3.9/site-packages/nilearn/maskers/nifti_masker.py", line 408, in fit
    self.mask_img_ = self._cache(image.resample_img)(
  File "/home/wanjiag/.local/lib/python3.9/site-packages/nilearn/_utils/cache_mixin.py", line 309, in _cache
    return cache(func, self.memory, func_memory_level=func_memory_level,
  File "/home/wanjiag/.local/lib/python3.9/site-packages/nilearn/_utils/cache_mixin.py", line 240, in cache
    cached_func = _safe_cache(memory, func, **kwargs)
  File "/home/wanjiag/.local/lib/python3.9/site-packages/nilearn/_utils/cache_mixin.py", line 113, in _safe_cache
    collisions = [
  File "/home/wanjiag/.local/lib/python3.9/site-packages/nilearn/_utils/cache_mixin.py", line 114, in <listcomp>
    m for m in commons if not _compare_version(
  File "/home/wanjiag/.local/lib/python3.9/site-packages/nilearn/version.py", line 158, in _compare_version
    return VERSION_OPERATORS[operator](parse(version_a), parse(version_b))
  File "/gpfs/projects/kuhl_lab/wanjiag/MONSTERA/derivatives/monstera_conda_env/lib/python3.9/site-packages/pkg_resources/__init__.py", line 121, in parse_version
    return packaging.version.Version(v)
  File "/gpfs/projects/kuhl_lab/wanjiag/MONSTERA/derivatives/monstera_conda_env/lib/python3.9/site-packages/pkg_resources/_vendor/packaging/version.py", line 264, in __init__
    match = self._regex.search(version)
TypeError: expected string or bytes-like object
