['sub-MONSTERA01', 'sub-MONSTERA02', 'sub-MONSTERA03', 'sub-MONSTERA04', 'sub-MONSTERA05', 'sub-MONSTERA06', 'sub-MONSTERA07', 'sub-MONSTERA08', 'sub-MONSTERA09', 'sub-MONSTERA10']
--------------------sub-MONSTERA01-------------------
/projects/kuhl_lab/wanjiag/MONSTERA/derivatives/rois/sub-MONSTERA01
/home/wanjiag/projects/MONSTERA/derivatives/fmriprep/sourcedata/freesurfer/sub-MONSTERA01/mri/aparc.a2009s+aseg.mgz
/projects/kuhl_lab/wanjiag/MONSTERA/derivatives/rois/sub-MONSTERA01/aparc.a2009s+aseg.nii.gz
/projects/kuhl_lab/wanjiag/MONSTERA/derivatives/fmriprep/sub-MONSTERA01/anat/sub-MONSTERA01_run-5_desc-aparcaseg_dseg.nii.gz
/projects/kuhl_lab/wanjiag/MONSTERA/derivatives/rois/sub-MONSTERA01/run-5_desc-aparcaseg_dseg.nii.gz
calculating mean......
3dTstat -mean -prefix /projects/kuhl_lab/wanjiag/MONSTERA/derivatives/rois/sub-MONSTERA01/sub-MONSTERA01_task-01_desc-preproc_bold_trim6_denoise_z-scored_mean.nii.gz /projects/kuhl_lab/wanjiag/MONSTERA/derivatives/preprocess/sub-MONSTERA01/sub-MONSTERA01_task-01_desc-preproc_bold_trim6_denoise_z-scored.nii.gz
220504-13:33:03,834 nipype.interface INFO:
	 stderr 2022-05-04T13:33:03.834285:++ 3dTstat: AFNI version=AFNI_18.2.04 (Jul  6 2018) [64-bit]
220504-13:33:03,834 nipype.interface INFO:
	 stderr 2022-05-04T13:33:03.834285:++ Authored by: KR Hammett & RW Cox
220504-13:33:03,867 nipype.interface INFO:
	 stderr 2022-05-04T13:33:03.867550:** AFNI converts NIFTI_datatype=64 (FLOAT64) in file /projects/kuhl_lab/wanjiag/MONSTERA/derivatives/preprocess/sub-MONSTERA01/sub-MONSTERA01_task-01_desc-preproc_bold_trim6_denoise_z-scored.nii.gz to FLOAT32
220504-13:33:03,867 nipype.interface INFO:
	 stderr 2022-05-04T13:33:03.867550:     Warnings of this type will be muted for this session.
220504-13:33:03,867 nipype.interface INFO:
	 stderr 2022-05-04T13:33:03.867550:     Set AFNI_NIFTI_TYPE_WARN to YES to see them all, NO to see none.
220504-13:33:15,309 nipype.interface INFO:
	 stderr 2022-05-04T13:33:15.309812:++ Output dataset /projects/kuhl_lab/wanjiag/MONSTERA/derivatives/rois/sub-MONSTERA01/sub-MONSTERA01_task-01_desc-preproc_bold_trim6_denoise_z-scored_mean.nii.gz
calculating mean...output to /projects/kuhl_lab/wanjiag/MONSTERA/derivatives/rois/sub-MONSTERA01/sub-MONSTERA01_task-01_desc-preproc_bold_trim6_denoise_z-scored_mean.nii.gz
calculating mean......
3dTstat -mean -prefix /projects/kuhl_lab/wanjiag/MONSTERA/derivatives/rois/sub-MONSTERA01/sub-MONSTERA01_task-02_desc-preproc_bold_trim6_denoise_z-scored_mean.nii.gz /projects/kuhl_lab/wanjiag/MONSTERA/derivatives/preprocess/sub-MONSTERA01/sub-MONSTERA01_task-02_desc-preproc_bold_trim6_denoise_z-scored.nii.gz
220504-13:33:15,421 nipype.interface INFO:
	 stderr 2022-05-04T13:33:15.421519:++ 3dTstat: AFNI version=AFNI_18.2.04 (Jul  6 2018) [64-bit]
220504-13:33:15,421 nipype.interface INFO:
	 stderr 2022-05-04T13:33:15.421519:++ Authored by: KR Hammett & RW Cox
220504-13:33:15,486 nipype.interface INFO:
	 stderr 2022-05-04T13:33:15.486246:** AFNI converts NIFTI_datatype=64 (FLOAT64) in file /projects/kuhl_lab/wanjiag/MONSTERA/derivatives/preprocess/sub-MONSTERA01/sub-MONSTERA01_task-02_desc-preproc_bold_trim6_denoise_z-scored.nii.gz to FLOAT32
220504-13:33:15,486 nipype.interface INFO:
	 stderr 2022-05-04T13:33:15.486246:     Warnings of this type will be muted for this session.
220504-13:33:15,486 nipype.interface INFO:
	 stderr 2022-05-04T13:33:15.486246:     Set AFNI_NIFTI_TYPE_WARN to YES to see them all, NO to see none.
220504-13:33:26,948 nipype.interface INFO:
	 stderr 2022-05-04T13:33:26.948782:++ Output dataset /projects/kuhl_lab/wanjiag/MONSTERA/derivatives/rois/sub-MONSTERA01/sub-MONSTERA01_task-02_desc-preproc_bold_trim6_denoise_z-scored_mean.nii.gz
calculating mean...output to /projects/kuhl_lab/wanjiag/MONSTERA/derivatives/rois/sub-MONSTERA01/sub-MONSTERA01_task-02_desc-preproc_bold_trim6_denoise_z-scored_mean.nii.gz
calculating mean......
3dTstat -mean -prefix /projects/kuhl_lab/wanjiag/MONSTERA/derivatives/rois/sub-MONSTERA01/sub-MONSTERA01_task-03_desc-preproc_bold_trim6_denoise_z-scored_mean.nii.gz /projects/kuhl_lab/wanjiag/MONSTERA/derivatives/preprocess/sub-MONSTERA01/sub-MONSTERA01_task-03_desc-preproc_bold_trim6_denoise_z-scored.nii.gz
220504-13:33:27,40 nipype.interface INFO:
	 stderr 2022-05-04T13:33:27.040697:++ 3dTstat: AFNI version=AFNI_18.2.04 (Jul  6 2018) [64-bit]
220504-13:33:27,41 nipype.interface INFO:
	 stderr 2022-05-04T13:33:27.040697:++ Authored by: KR Hammett & RW Cox
220504-13:33:27,90 nipype.interface INFO:
	 stderr 2022-05-04T13:33:27.090421:** AFNI converts NIFTI_datatype=64 (FLOAT64) in file /projects/kuhl_lab/wanjiag/MONSTERA/derivatives/preprocess/sub-MONSTERA01/sub-MONSTERA01_task-03_desc-preproc_bold_trim6_denoise_z-scored.nii.gz to FLOAT32
220504-13:33:27,90 nipype.interface INFO:
	 stderr 2022-05-04T13:33:27.090421:     Warnings of this type will be muted for this session.
220504-13:33:27,90 nipype.interface INFO:
	 stderr 2022-05-04T13:33:27.090421:     Set AFNI_NIFTI_TYPE_WARN to YES to see them all, NO to see none.
220504-13:33:38,412 nipype.interface INFO:
	 stderr 2022-05-04T13:33:38.412782:++ Output dataset /projects/kuhl_lab/wanjiag/MONSTERA/derivatives/rois/sub-MONSTERA01/sub-MONSTERA01_task-03_desc-preproc_bold_trim6_denoise_z-scored_mean.nii.gz
calculating mean...output to /projects/kuhl_lab/wanjiag/MONSTERA/derivatives/rois/sub-MONSTERA01/sub-MONSTERA01_task-03_desc-preproc_bold_trim6_denoise_z-scored_mean.nii.gz
calculating mean......
3dTstat -mean -prefix /projects/kuhl_lab/wanjiag/MONSTERA/derivatives/rois/sub-MONSTERA01/sub-MONSTERA01_task-04_desc-preproc_bold_trim6_denoise_z-scored_mean.nii.gz /projects/kuhl_lab/wanjiag/MONSTERA/derivatives/preprocess/sub-MONSTERA01/sub-MONSTERA01_task-04_desc-preproc_bold_trim6_denoise_z-scored.nii.gz
220504-13:33:38,504 nipype.interface INFO:
	 stderr 2022-05-04T13:33:38.504022:++ 3dTstat: AFNI version=AFNI_18.2.04 (Jul  6 2018) [64-bit]
220504-13:33:38,504 nipype.interface INFO:
	 stderr 2022-05-04T13:33:38.504022:++ Authored by: KR Hammett & RW Cox
220504-13:33:38,538 nipype.interface INFO:
	 stderr 2022-05-04T13:33:38.538666:** AFNI converts NIFTI_datatype=64 (FLOAT64) in file /projects/kuhl_lab/wanjiag/MONSTERA/derivatives/preprocess/sub-MONSTERA01/sub-MONSTERA01_task-04_desc-preproc_bold_trim6_denoise_z-scored.nii.gz to FLOAT32
220504-13:33:38,538 nipype.interface INFO:
	 stderr 2022-05-04T13:33:38.538666:     Warnings of this type will be muted for this session.
220504-13:33:38,538 nipype.interface INFO:
	 stderr 2022-05-04T13:33:38.538666:     Set AFNI_NIFTI_TYPE_WARN to YES to see them all, NO to see none.
220504-13:33:49,972 nipype.interface INFO:
	 stderr 2022-05-04T13:33:49.972781:++ Output dataset /projects/kuhl_lab/wanjiag/MONSTERA/derivatives/rois/sub-MONSTERA01/sub-MONSTERA01_task-04_desc-preproc_bold_trim6_denoise_z-scored_mean.nii.gz
calculating mean...output to /projects/kuhl_lab/wanjiag/MONSTERA/derivatives/rois/sub-MONSTERA01/sub-MONSTERA01_task-04_desc-preproc_bold_trim6_denoise_z-scored_mean.nii.gz
calculating mean......
3dTstat -mean -prefix /projects/kuhl_lab/wanjiag/MONSTERA/derivatives/rois/sub-MONSTERA01/sub-MONSTERA01_task-05_desc-preproc_bold_trim6_denoise_z-scored_mean.nii.gz /projects/kuhl_lab/wanjiag/MONSTERA/derivatives/preprocess/sub-MONSTERA01/sub-MONSTERA01_task-05_desc-preproc_bold_trim6_denoise_z-scored.nii.gz
220504-13:33:50,65 nipype.interface INFO:
	 stderr 2022-05-04T13:33:50.065157:++ 3dTstat: AFNI version=AFNI_18.2.04 (Jul  6 2018) [64-bit]
220504-13:33:50,65 nipype.interface INFO:
	 stderr 2022-05-04T13:33:50.065157:++ Authored by: KR Hammett & RW Cox
220504-13:33:50,121 nipype.interface INFO:
	 stderr 2022-05-04T13:33:50.121848:** AFNI converts NIFTI_datatype=64 (FLOAT64) in file /projects/kuhl_lab/wanjiag/MONSTERA/derivatives/preprocess/sub-MONSTERA01/sub-MONSTERA01_task-05_desc-preproc_bold_trim6_denoise_z-scored.nii.gz to FLOAT32
220504-13:33:50,121 nipype.interface INFO:
	 stderr 2022-05-04T13:33:50.121848:     Warnings of this type will be muted for this session.
220504-13:33:50,121 nipype.interface INFO:
	 stderr 2022-05-04T13:33:50.121848:     Set AFNI_NIFTI_TYPE_WARN to YES to see them all, NO to see none.
220504-13:34:01,511 nipype.interface INFO:
	 stderr 2022-05-04T13:34:01.511364:++ Output dataset /projects/kuhl_lab/wanjiag/MONSTERA/derivatives/rois/sub-MONSTERA01/sub-MONSTERA01_task-05_desc-preproc_bold_trim6_denoise_z-scored_mean.nii.gz
calculating mean...output to /projects/kuhl_lab/wanjiag/MONSTERA/derivatives/rois/sub-MONSTERA01/sub-MONSTERA01_task-05_desc-preproc_bold_trim6_denoise_z-scored_mean.nii.gz
calculating mean......
3dTstat -mean -prefix /projects/kuhl_lab/wanjiag/MONSTERA/derivatives/rois/sub-MONSTERA01/sub-MONSTERA01_task-06_desc-preproc_bold_trim6_denoise_z-scored_mean.nii.gz /projects/kuhl_lab/wanjiag/MONSTERA/derivatives/preprocess/sub-MONSTERA01/sub-MONSTERA01_task-06_desc-preproc_bold_trim6_denoise_z-scored.nii.gz
220504-13:34:01,602 nipype.interface INFO:
	 stderr 2022-05-04T13:34:01.602836:++ 3dTstat: AFNI version=AFNI_18.2.04 (Jul  6 2018) [64-bit]
220504-13:34:01,603 nipype.interface INFO:
	 stderr 2022-05-04T13:34:01.602836:++ Authored by: KR Hammett & RW Cox
220504-13:34:01,640 nipype.interface INFO:
	 stderr 2022-05-04T13:34:01.640235:** AFNI converts NIFTI_datatype=64 (FLOAT64) in file /projects/kuhl_lab/wanjiag/MONSTERA/derivatives/preprocess/sub-MONSTERA01/sub-MONSTERA01_task-06_desc-preproc_bold_trim6_denoise_z-scored.nii.gz to FLOAT32
220504-13:34:01,640 nipype.interface INFO:
	 stderr 2022-05-04T13:34:01.640235:     Warnings of this type will be muted for this session.
220504-13:34:01,640 nipype.interface INFO:
	 stderr 2022-05-04T13:34:01.640235:     Set AFNI_NIFTI_TYPE_WARN to YES to see them all, NO to see none.
220504-13:34:13,130 nipype.interface INFO:
	 stderr 2022-05-04T13:34:13.130142:++ Output dataset /projects/kuhl_lab/wanjiag/MONSTERA/derivatives/rois/sub-MONSTERA01/sub-MONSTERA01_task-06_desc-preproc_bold_trim6_denoise_z-scored_mean.nii.gz
calculating mean...output to /projects/kuhl_lab/wanjiag/MONSTERA/derivatives/rois/sub-MONSTERA01/sub-MONSTERA01_task-06_desc-preproc_bold_trim6_denoise_z-scored_mean.nii.gz
calculating mean......
3dTstat -mean -prefix /projects/kuhl_lab/wanjiag/MONSTERA/derivatives/rois/sub-MONSTERA01/sub-MONSTERA01_task-07_desc-preproc_bold_trim6_denoise_z-scored_mean.nii.gz /projects/kuhl_lab/wanjiag/MONSTERA/derivatives/preprocess/sub-MONSTERA01/sub-MONSTERA01_task-07_desc-preproc_bold_trim6_denoise_z-scored.nii.gz
220504-13:34:13,222 nipype.interface INFO:
	 stderr 2022-05-04T13:34:13.222115:++ 3dTstat: AFNI version=AFNI_18.2.04 (Jul  6 2018) [64-bit]
220504-13:34:13,222 nipype.interface INFO:
	 stderr 2022-05-04T13:34:13.222115:++ Authored by: KR Hammett & RW Cox
220504-13:34:13,263 nipype.interface INFO:
	 stderr 2022-05-04T13:34:13.263565:** AFNI converts NIFTI_datatype=64 (FLOAT64) in file /projects/kuhl_lab/wanjiag/MONSTERA/derivatives/preprocess/sub-MONSTERA01/sub-MONSTERA01_task-07_desc-preproc_bold_trim6_denoise_z-scored.nii.gz to FLOAT32
220504-13:34:13,263 nipype.interface INFO:
	 stderr 2022-05-04T13:34:13.263565:     Warnings of this type will be muted for this session.
220504-13:34:13,263 nipype.interface INFO:
	 stderr 2022-05-04T13:34:13.263565:     Set AFNI_NIFTI_TYPE_WARN to YES to see them all, NO to see none.
220504-13:34:24,709 nipype.interface INFO:
	 stderr 2022-05-04T13:34:24.709013:++ Output dataset /projects/kuhl_lab/wanjiag/MONSTERA/derivatives/rois/sub-MONSTERA01/sub-MONSTERA01_task-07_desc-preproc_bold_trim6_denoise_z-scored_mean.nii.gz
calculating mean...output to /projects/kuhl_lab/wanjiag/MONSTERA/derivatives/rois/sub-MONSTERA01/sub-MONSTERA01_task-07_desc-preproc_bold_trim6_denoise_z-scored_mean.nii.gz
calculating mean......
3dTstat -mean -prefix /projects/kuhl_lab/wanjiag/MONSTERA/derivatives/rois/sub-MONSTERA01/sub-MONSTERA01_task-08_desc-preproc_bold_trim6_denoise_z-scored_mean.nii.gz /projects/kuhl_lab/wanjiag/MONSTERA/derivatives/preprocess/sub-MONSTERA01/sub-MONSTERA01_task-08_desc-preproc_bold_trim6_denoise_z-scored.nii.gz
220504-13:34:24,802 nipype.interface INFO:
	 stderr 2022-05-04T13:34:24.802605:++ 3dTstat: AFNI version=AFNI_18.2.04 (Jul  6 2018) [64-bit]
220504-13:34:24,802 nipype.interface INFO:
	 stderr 2022-05-04T13:34:24.802605:++ Authored by: KR Hammett & RW Cox
220504-13:34:24,838 nipype.interface INFO:
	 stderr 2022-05-04T13:34:24.838166:** AFNI converts NIFTI_datatype=64 (FLOAT64) in file /projects/kuhl_lab/wanjiag/MONSTERA/derivatives/preprocess/sub-MONSTERA01/sub-MONSTERA01_task-08_desc-preproc_bold_trim6_denoise_z-scored.nii.gz to FLOAT32
220504-13:34:24,838 nipype.interface INFO:
	 stderr 2022-05-04T13:34:24.838166:     Warnings of this type will be muted for this session.
220504-13:34:24,838 nipype.interface INFO:
	 stderr 2022-05-04T13:34:24.838166:     Set AFNI_NIFTI_TYPE_WARN to YES to see them all, NO to see none.
220504-13:34:36,331 nipype.interface INFO:
	 stderr 2022-05-04T13:34:36.331813:++ Output dataset /projects/kuhl_lab/wanjiag/MONSTERA/derivatives/rois/sub-MONSTERA01/sub-MONSTERA01_task-08_desc-preproc_bold_trim6_denoise_z-scored_mean.nii.gz
calculating mean...output to /projects/kuhl_lab/wanjiag/MONSTERA/derivatives/rois/sub-MONSTERA01/sub-MONSTERA01_task-08_desc-preproc_bold_trim6_denoise_z-scored_mean.nii.gz
calculating mean......
3dTstat -mean -prefix /projects/kuhl_lab/wanjiag/MONSTERA/derivatives/rois/sub-MONSTERA01/sub-MONSTERA01_task-09_desc-preproc_bold_trim6_denoise_z-scored_mean.nii.gz /projects/kuhl_lab/wanjiag/MONSTERA/derivatives/preprocess/sub-MONSTERA01/sub-MONSTERA01_task-09_desc-preproc_bold_trim6_denoise_z-scored.nii.gz
220504-13:34:36,424 nipype.interface INFO:
	 stderr 2022-05-04T13:34:36.423996:++ 3dTstat: AFNI version=AFNI_18.2.04 (Jul  6 2018) [64-bit]
220504-13:34:36,424 nipype.interface INFO:
	 stderr 2022-05-04T13:34:36.423996:++ Authored by: KR Hammett & RW Cox
220504-13:34:36,482 nipype.interface INFO:
	 stderr 2022-05-04T13:34:36.482079:** AFNI converts NIFTI_datatype=64 (FLOAT64) in file /projects/kuhl_lab/wanjiag/MONSTERA/derivatives/preprocess/sub-MONSTERA01/sub-MONSTERA01_task-09_desc-preproc_bold_trim6_denoise_z-scored.nii.gz to FLOAT32
220504-13:34:36,482 nipype.interface INFO:
	 stderr 2022-05-04T13:34:36.482079:     Warnings of this type will be muted for this session.
220504-13:34:36,482 nipype.interface INFO:
	 stderr 2022-05-04T13:34:36.482079:     Set AFNI_NIFTI_TYPE_WARN to YES to see them all, NO to see none.
220504-13:34:47,925 nipype.interface INFO:
	 stderr 2022-05-04T13:34:47.925222:++ Output dataset /projects/kuhl_lab/wanjiag/MONSTERA/derivatives/rois/sub-MONSTERA01/sub-MONSTERA01_task-09_desc-preproc_bold_trim6_denoise_z-scored_mean.nii.gz
calculating mean...output to /projects/kuhl_lab/wanjiag/MONSTERA/derivatives/rois/sub-MONSTERA01/sub-MONSTERA01_task-09_desc-preproc_bold_trim6_denoise_z-scored_mean.nii.gz
calculating mean......
3dTstat -mean -prefix /projects/kuhl_lab/wanjiag/MONSTERA/derivatives/rois/sub-MONSTERA01/sub-MONSTERA01_task-10_desc-preproc_bold_trim6_denoise_z-scored_mean.nii.gz /projects/kuhl_lab/wanjiag/MONSTERA/derivatives/preprocess/sub-MONSTERA01/sub-MONSTERA01_task-10_desc-preproc_bold_trim6_denoise_z-scored.nii.gz
220504-13:34:48,18 nipype.interface INFO:
	 stderr 2022-05-04T13:34:48.018060:++ 3dTstat: AFNI version=AFNI_18.2.04 (Jul  6 2018) [64-bit]
220504-13:34:48,18 nipype.interface INFO:
	 stderr 2022-05-04T13:34:48.018060:++ Authored by: KR Hammett & RW Cox
220504-13:34:48,69 nipype.interface INFO:
	 stderr 2022-05-04T13:34:48.069815:** AFNI converts NIFTI_datatype=64 (FLOAT64) in file /projects/kuhl_lab/wanjiag/MONSTERA/derivatives/preprocess/sub-MONSTERA01/sub-MONSTERA01_task-10_desc-preproc_bold_trim6_denoise_z-scored.nii.gz to FLOAT32
220504-13:34:48,69 nipype.interface INFO:
	 stderr 2022-05-04T13:34:48.069815:     Warnings of this type will be muted for this session.
220504-13:34:48,69 nipype.interface INFO:
	 stderr 2022-05-04T13:34:48.069815:     Set AFNI_NIFTI_TYPE_WARN to YES to see them all, NO to see none.
220504-13:34:59,536 nipype.interface INFO:
	 stderr 2022-05-04T13:34:59.536450:++ Output dataset /projects/kuhl_lab/wanjiag/MONSTERA/derivatives/rois/sub-MONSTERA01/sub-MONSTERA01_task-10_desc-preproc_bold_trim6_denoise_z-scored_mean.nii.gz
calculating mean...output to /projects/kuhl_lab/wanjiag/MONSTERA/derivatives/rois/sub-MONSTERA01/sub-MONSTERA01_task-10_desc-preproc_bold_trim6_denoise_z-scored_mean.nii.gz
fslmaths /projects/kuhl_lab/wanjiag/MONSTERA/derivatives/rois/sub-MONSTERA01/sub-MONSTERA01_task-01_desc-preproc_bold_trim6_denoise_z-scored_mean.nii.gz -add /projects/kuhl_lab/wanjiag/MONSTERA/derivatives/rois/sub-MONSTERA01/sub-MONSTERA01_task-02_desc-preproc_bold_trim6_denoise_z-scored_mean.nii.gz -add /projects/kuhl_lab/wanjiag/MONSTERA/derivatives/rois/sub-MONSTERA01/sub-MONSTERA01_task-03_desc-preproc_bold_trim6_denoise_z-scored_mean.nii.gz -add /projects/kuhl_lab/wanjiag/MONSTERA/derivatives/rois/sub-MONSTERA01/sub-MONSTERA01_task-04_desc-preproc_bold_trim6_denoise_z-scored_mean.nii.gz -add /projects/kuhl_lab/wanjiag/MONSTERA/derivatives/rois/sub-MONSTERA01/sub-MONSTERA01_task-05_desc-preproc_bold_trim6_denoise_z-scored_mean.nii.gz -add /projects/kuhl_lab/wanjiag/MONSTERA/derivatives/rois/sub-MONSTERA01/sub-MONSTERA01_task-06_desc-preproc_bold_trim6_denoise_z-scored_mean.nii.gz -add /projects/kuhl_lab/wanjiag/MONSTERA/derivatives/rois/sub-MONSTERA01/sub-MONSTERA01_task-07_desc-preproc_bold_trim6_denoise_z-scored_mean.nii.gz -add /projects/kuhl_lab/wanjiag/MONSTERA/derivatives/rois/sub-MONSTERA01/sub-MONSTERA01_task-08_desc-preproc_bold_trim6_denoise_z-scored_mean.nii.gz -add /projects/kuhl_lab/wanjiag/MONSTERA/derivatives/rois/sub-MONSTERA01/sub-MONSTERA01_task-09_desc-preproc_bold_trim6_denoise_z-scored_mean.nii.gz -add /projects/kuhl_lab/wanjiag/MONSTERA/derivatives/rois/sub-MONSTERA01/sub-MONSTERA01_task-10_desc-preproc_bold_trim6_denoise_z-scored_mean.nii.gz -div 10 /projects/kuhl_lab/wanjiag/MONSTERA/derivatives/rois/sub-MONSTERA01/avg_all_fmriprerp_func.nii.gz
--------------------Angular Gyrus-------------------
fslmaths /projects/kuhl_lab/wanjiag/MONSTERA/derivatives/rois/sub-MONSTERA01/aparc.a2009s+aseg.nii.gz -thr 11125 -uthr 11125 /projects/kuhl_lab/wanjiag/MONSTERA/derivatives/rois/sub-MONSTERA01/ctx_lh_G_pariet_inf-Angular.nii.gz
fslmaths /projects/kuhl_lab/wanjiag/MONSTERA/derivatives/rois/sub-MONSTERA01/aparc.a2009s+aseg.nii.gz -thr 12125 -uthr 12125 /projects/kuhl_lab/wanjiag/MONSTERA/derivatives/rois/sub-MONSTERA01/ctx_rh_G_pariet_inf-Angular.nii.gz
fslmaths /projects/kuhl_lab/wanjiag/MONSTERA/derivatives/rois/sub-MONSTERA01/ctx_lh_G_pariet_inf-Angular.nii.gz -add /projects/kuhl_lab/wanjiag/MONSTERA/derivatives/rois/sub-MONSTERA01/ctx_rh_G_pariet_inf-Angular.nii.gz -bin /projects/kuhl_lab/wanjiag/MONSTERA/derivatives/rois/sub-MONSTERA01/angular_gyrus.nii.gz
flirt -in /projects/kuhl_lab/wanjiag/MONSTERA/derivatives/rois/sub-MONSTERA01/angular_gyrus.nii.gz -ref /projects/kuhl_lab/wanjiag/MONSTERA/derivatives/rois/sub-MONSTERA01/avg_all_fmriprerp_func.nii.gz -out /projects/kuhl_lab/wanjiag/MONSTERA/derivatives/rois/sub-MONSTERA01/angular_gyrus_2_epi.nii.gz -omat /projects/kuhl_lab/wanjiag/MONSTERA/derivatives/rois/sub-MONSTERA01/angular_gyrus_2_epi.mat -applyxfm -usesqform
fslmaths /projects/kuhl_lab/wanjiag/MONSTERA/derivatives/rois/sub-MONSTERA01/angular_gyrus_2_epi.nii.gz -thr 0.5000000000 -bin /projects/kuhl_lab/wanjiag/MONSTERA/derivatives/rois/sub-MONSTERA01/angular_gyrus_2_epi_thre_0.5.nii.gz
flirt -in /home/wanjiag/projects/MONSTERA/derivatives/rois/ASHS/sub-MONSTERA06/tse.nii.gz -ref /home/wanjiag/projects/MONSTERA/derivatives/fmriprep/sub-MONSTERA06/anat/sub-MONSTERA06_run-5_desc-preproc_T1w.nii.gz -out /home/wanjiag/projects/MONSTERA/derivatives/rois/sub-MONSTERA06/ashs/T2_to_T1.nii.gz -omat /home/wanjiag/projects/MONSTERA/derivatives/rois/sub-MONSTERA06/ashs/T2_to_T1.mat -cost mutualinfo -dof 6
---------------------Whole hippocampus: sub-MONSTERA06----------------------
fslmaths /home/wanjiag/projects/MONSTERA/derivatives/rois/ASHS/sub-MONSTERA06/final/sub-MONSTERA06_left_lfseg_corr_nogray.nii.gz -thr 1 -uthr 1 -bin /home/wanjiag/projects/MONSTERA/derivatives/rois/sub-MONSTERA06/ashs/whole/left-ca1_T2w-space.nii.gz
fslmaths /home/wanjiag/projects/MONSTERA/derivatives/rois/ASHS/sub-MONSTERA06/final/sub-MONSTERA06_right_lfseg_corr_nogray.nii.gz -thr 1 -uthr 1 -bin /home/wanjiag/projects/MONSTERA/derivatives/rois/sub-MONSTERA06/ashs/whole/right-ca1_T2w-space.nii.gz
fslmaths /home/wanjiag/projects/MONSTERA/derivatives/rois/sub-MONSTERA06/ashs/whole/left-ca1_T2w-space.nii.gz -add /home/wanjiag/projects/MONSTERA/derivatives/rois/sub-MONSTERA06/ashs/whole/right-ca1_T2w-space.nii.gz /home/wanjiag/projects/MONSTERA/derivatives/rois/sub-MONSTERA06/ashs/whole/ca1_T2w-space.nii.gz
flirt -in /home/wanjiag/projects/MONSTERA/derivatives/rois/sub-MONSTERA06/ashs/whole/ca1_T2w-space.nii.gz -ref /home/wanjiag/projects/MONSTERA/derivatives/fmriprep/sub-MONSTERA06/anat/sub-MONSTERA06_run-5_desc-preproc_T1w.nii.gz -out /home/wanjiag/projects/MONSTERA/derivatives/rois/sub-MONSTERA06/ashs/whole/ca1_T2w-to-T1-space.nii.gz -omat /home/wanjiag/projects/MONSTERA/derivatives/rois/sub-MONSTERA06/ashs/whole/ca1_T2w-to-T1-space.mat -applyxfm -init /home/wanjiag/projects/MONSTERA/derivatives/rois/sub-MONSTERA06/ashs/T2_to_T1.mat
