Lmod has detected the following error: Cannot load module "miniconda/20190102"
because these module(s) are loaded:
   python3

While processing the following module(s):
    Module fullname     Module Filename
    ---------------     ---------------
    miniconda/20190102  /packages/modulefiles/Core/miniconda/20190102.lua
    tensorflow          /packages/modulefiles/Core/tensorflow.lua

ERROR: The install method you used for conda--probably either `pip install conda`
or `easy_install conda`--is not compatible with using conda as an application.
If your intention is to install conda as a standalone application, currently
supported install methods include the Anaconda installer and the miniconda
installer.  You can download the miniconda installer from
https://conda.io/miniconda.html.

/home/wanjiag/.local/lib/python3.6/site-packages/nilearn/datasets/__init__.py:96: FutureWarning: Fetchers from the nilearn.datasets module will be updated in version 0.9 to return python strings instead of bytes and Pandas dataframes instead of Numpy arrays.
  "Numpy arrays.", FutureWarning)
Traceback (most recent call last):
  File "/gpfs/projects/kuhl_lab/wanjiag/MONSTERA/derivatives/scripts/python_code/rois.py", line 134, in <module>
    calculate_mean(in_file, file_name)
  File "/gpfs/projects/kuhl_lab/wanjiag/MONSTERA/derivatives/scripts/python_code/rois.py", line 64, in calculate_mean
    tstat = TStat()
  File "/home/wanjiag/.local/lib/python3.6/site-packages/nipype/interfaces/afni/base.py", line 214, in __init__
    super(AFNICommand, self).__init__(**inputs)
  File "/home/wanjiag/.local/lib/python3.6/site-packages/nipype/interfaces/base/core.py", line 627, in __init__
    super(CommandLine, self).__init__(**inputs)
  File "/home/wanjiag/.local/lib/python3.6/site-packages/nipype/interfaces/base/core.py", line 189, in __init__
    BaseInterface._etelemetry_version_data = check_latest_version()
  File "/home/wanjiag/.local/lib/python3.6/site-packages/nipype/__init__.py", line 86, in check_latest_version
    return etelemetry.check_available_version(
AttributeError: module 'etelemetry' has no attribute 'check_available_version'
/home/wanjiag/.local/lib/python3.6/site-packages/nilearn/datasets/__init__.py:96: FutureWarning: Fetchers from the nilearn.datasets module will be updated in version 0.9 to return python strings instead of bytes and Pandas dataframes instead of Numpy arrays.
  "Numpy arrays.", FutureWarning)
Traceback (most recent call last):
  File "/gpfs/projects/kuhl_lab/wanjiag/MONSTERA/derivatives/scripts/python_code/hippocampus_subfields.py", line 163, in <module>
    cost = 'mutualinfo')
  File "/home/wanjiag/.local/lib/python3.6/site-packages/nipype/interfaces/fsl/base.py", line 172, in __init__
    super(FSLCommand, self).__init__(**inputs)
  File "/home/wanjiag/.local/lib/python3.6/site-packages/nipype/interfaces/base/core.py", line 627, in __init__
    super(CommandLine, self).__init__(**inputs)
  File "/home/wanjiag/.local/lib/python3.6/site-packages/nipype/interfaces/base/core.py", line 189, in __init__
    BaseInterface._etelemetry_version_data = check_latest_version()
  File "/home/wanjiag/.local/lib/python3.6/site-packages/nipype/__init__.py", line 86, in check_latest_version
    return etelemetry.check_available_version(
AttributeError: module 'etelemetry' has no attribute 'check_available_version'
