['sub-MONSTERA01', 'sub-MONSTERA02', 'sub-MONSTERA03', 'sub-MONSTERA04', 'sub-MONSTERA05', 'sub-MONSTERA06', 'sub-MONSTERA07', 'sub-MONSTERA08', 'sub-MONSTERA09', 'sub-MONSTERA10']
--------------------sub-MONSTERA01-------------------
/projects/kuhl_lab/wanjiag/MONSTERA/derivatives/rois/sub-MONSTERA01
/home/wanjiag/projects/MONSTERA/derivatives/fmriprep/sourcedata/freesurfer/sub-MONSTERA01/mri/aparc.a2009s+aseg.mgz
/projects/kuhl_lab/wanjiag/MONSTERA/derivatives/rois/sub-MONSTERA01/aparc.a2009s+aseg.nii.gz
/projects/kuhl_lab/wanjiag/MONSTERA/derivatives/fmriprep/sub-MONSTERA01/anat/sub-MONSTERA01_run-5_desc-aparcaseg_dseg.nii.gz
/projects/kuhl_lab/wanjiag/MONSTERA/derivatives/rois/sub-MONSTERA01/run-5_desc-aparcaseg_dseg.nii.gz
calculating mean......
3dTstat -mean -prefix /projects/kuhl_lab/wanjiag/MONSTERA/derivatives/rois/sub-MONSTERA01/sub-MONSTERA01_task-01_desc-preproc_bold_trim6_denoise_z-scored_mean.nii.gz /projects/kuhl_lab/wanjiag/MONSTERA/derivatives/preprocess/sub-MONSTERA01/sub-MONSTERA01_task-01_desc-preproc_bold_trim6_denoise_z-scored.nii.gz
220504-13:45:20,284 nipype.interface INFO:
	 stderr 2022-05-04T13:45:20.283939:++ 3dTstat: AFNI version=AFNI_18.2.04 (Jul  6 2018) [64-bit]
220504-13:45:20,285 nipype.interface INFO:
	 stderr 2022-05-04T13:45:20.283939:++ Authored by: KR Hammett & RW Cox
220504-13:45:20,319 nipype.interface INFO:
	 stderr 2022-05-04T13:45:20.319444:** AFNI converts NIFTI_datatype=64 (FLOAT64) in file /projects/kuhl_lab/wanjiag/MONSTERA/derivatives/preprocess/sub-MONSTERA01/sub-MONSTERA01_task-01_desc-preproc_bold_trim6_denoise_z-scored.nii.gz to FLOAT32
220504-13:45:20,319 nipype.interface INFO:
	 stderr 2022-05-04T13:45:20.319444:     Warnings of this type will be muted for this session.
220504-13:45:20,319 nipype.interface INFO:
	 stderr 2022-05-04T13:45:20.319444:     Set AFNI_NIFTI_TYPE_WARN to YES to see them all, NO to see none.
220504-13:45:32,34 nipype.interface INFO:
	 stderr 2022-05-04T13:45:32.034070:++ Output dataset /projects/kuhl_lab/wanjiag/MONSTERA/derivatives/rois/sub-MONSTERA01/sub-MONSTERA01_task-01_desc-preproc_bold_trim6_denoise_z-scored_mean.nii.gz
calculating mean...output to /projects/kuhl_lab/wanjiag/MONSTERA/derivatives/rois/sub-MONSTERA01/sub-MONSTERA01_task-01_desc-preproc_bold_trim6_denoise_z-scored_mean.nii.gz
calculating mean......
3dTstat -mean -prefix /projects/kuhl_lab/wanjiag/MONSTERA/derivatives/rois/sub-MONSTERA01/sub-MONSTERA01_task-02_desc-preproc_bold_trim6_denoise_z-scored_mean.nii.gz /projects/kuhl_lab/wanjiag/MONSTERA/derivatives/preprocess/sub-MONSTERA01/sub-MONSTERA01_task-02_desc-preproc_bold_trim6_denoise_z-scored.nii.gz
220504-13:45:32,127 nipype.interface INFO:
	 stderr 2022-05-04T13:45:32.127885:++ 3dTstat: AFNI version=AFNI_18.2.04 (Jul  6 2018) [64-bit]
220504-13:45:32,128 nipype.interface INFO:
	 stderr 2022-05-04T13:45:32.127885:++ Authored by: KR Hammett & RW Cox
220504-13:45:32,156 nipype.interface INFO:
	 stderr 2022-05-04T13:45:32.156091:** AFNI converts NIFTI_datatype=64 (FLOAT64) in file /projects/kuhl_lab/wanjiag/MONSTERA/derivatives/preprocess/sub-MONSTERA01/sub-MONSTERA01_task-02_desc-preproc_bold_trim6_denoise_z-scored.nii.gz to FLOAT32
220504-13:45:32,156 nipype.interface INFO:
	 stderr 2022-05-04T13:45:32.156091:     Warnings of this type will be muted for this session.
220504-13:45:32,156 nipype.interface INFO:
	 stderr 2022-05-04T13:45:32.156091:     Set AFNI_NIFTI_TYPE_WARN to YES to see them all, NO to see none.
