MONSTERA17
MONSTERA16
/projects/kuhl_lab/wanjiag/MONSTERA/sub-MONSTERA17/func/sub-MONSTERA17_task-08_run-24_bold.json
/projects/kuhl_lab/wanjiag/MONSTERA/sub-MONSTERA17/func/sub-MONSTERA17_task-08_bold.json

/projects/kuhl_lab/wanjiag/MONSTERA/sub-MONSTERA17/func/sub-MONSTERA17_task-06_run-20_bold.nii.gz
/projects/kuhl_lab/wanjiag/MONSTERA/sub-MONSTERA17/func/sub-MONSTERA17_task-06_bold.nii.gz

/projects/kuhl_lab/wanjiag/MONSTERA/sub-MONSTERA17/func/sub-MONSTERA17_task-04_run-16_bold.nii.gz
/projects/kuhl_lab/wanjiag/MONSTERA/sub-MONSTERA17/func/sub-MONSTERA17_task-04_bold.nii.gz

/projects/kuhl_lab/wanjiag/MONSTERA/sub-MONSTERA17/func/sub-MONSTERA17_task-04_run-15_sbref.json
/projects/kuhl_lab/wanjiag/MONSTERA/sub-MONSTERA17/func/sub-MONSTERA17_task-04_sbref.json

/projects/kuhl_lab/wanjiag/MONSTERA/sub-MONSTERA17/func/sub-MONSTERA17_task-10_run-28_bold.json
/projects/kuhl_lab/wanjiag/MONSTERA/sub-MONSTERA17/func/sub-MONSTERA17_task-10_bold.json

/projects/kuhl_lab/wanjiag/MONSTERA/sub-MONSTERA17/func/sub-MONSTERA17_task-09_run-26_bold.json
/projects/kuhl_lab/wanjiag/MONSTERA/sub-MONSTERA17/func/sub-MONSTERA17_task-09_bold.json

/projects/kuhl_lab/wanjiag/MONSTERA/sub-MONSTERA17/func/sub-MONSTERA17_task-06_run-19_sbref.nii.gz
/projects/kuhl_lab/wanjiag/MONSTERA/sub-MONSTERA17/func/sub-MONSTERA17_task-06_sbref.nii.gz

/projects/kuhl_lab/wanjiag/MONSTERA/sub-MONSTERA17/func/sub-MONSTERA17_task-01_run-08_bold.json
/projects/kuhl_lab/wanjiag/MONSTERA/sub-MONSTERA17/func/sub-MONSTERA17_task-01_bold.json

/projects/kuhl_lab/wanjiag/MONSTERA/sub-MONSTERA17/func/sub-MONSTERA17_task-09_run-25_sbref.nii.gz
/projects/kuhl_lab/wanjiag/MONSTERA/sub-MONSTERA17/func/sub-MONSTERA17_task-09_sbref.nii.gz

/projects/kuhl_lab/wanjiag/MONSTERA/sub-MONSTERA17/func/sub-MONSTERA17_task-09_run-25_sbref.json
/projects/kuhl_lab/wanjiag/MONSTERA/sub-MONSTERA17/func/sub-MONSTERA17_task-09_sbref.json

/projects/kuhl_lab/wanjiag/MONSTERA/sub-MONSTERA17/func/sub-MONSTERA17_task-05_run-17_sbref.json
/projects/kuhl_lab/wanjiag/MONSTERA/sub-MONSTERA17/func/sub-MONSTERA17_task-05_sbref.json

/projects/kuhl_lab/wanjiag/MONSTERA/sub-MONSTERA17/func/sub-MONSTERA17_task-05_run-17_sbref.nii.gz
/projects/kuhl_lab/wanjiag/MONSTERA/sub-MONSTERA17/func/sub-MONSTERA17_task-05_sbref.nii.gz

/projects/kuhl_lab/wanjiag/MONSTERA/sub-MONSTERA17/func/sub-MONSTERA17_task-02_run-11_sbref.json
/projects/kuhl_lab/wanjiag/MONSTERA/sub-MONSTERA17/func/sub-MONSTERA17_task-02_sbref.json

/projects/kuhl_lab/wanjiag/MONSTERA/sub-MONSTERA17/func/sub-MONSTERA17_task-05_run-18_bold.nii.gz
/projects/kuhl_lab/wanjiag/MONSTERA/sub-MONSTERA17/func/sub-MONSTERA17_task-05_bold.nii.gz

/projects/kuhl_lab/wanjiag/MONSTERA/sub-MONSTERA17/func/sub-MONSTERA17_task-08_run-23_sbref.json
/projects/kuhl_lab/wanjiag/MONSTERA/sub-MONSTERA17/func/sub-MONSTERA17_task-08_sbref.json

/projects/kuhl_lab/wanjiag/MONSTERA/sub-MONSTERA17/func/sub-MONSTERA17_task-07_run-22_bold.nii.gz
/projects/kuhl_lab/wanjiag/MONSTERA/sub-MONSTERA17/func/sub-MONSTERA17_task-07_bold.nii.gz

/projects/kuhl_lab/wanjiag/MONSTERA/sub-MONSTERA17/func/sub-MONSTERA17_task-03_run-14_bold.nii.gz
/projects/kuhl_lab/wanjiag/MONSTERA/sub-MONSTERA17/func/sub-MONSTERA17_task-03_bold.nii.gz

/projects/kuhl_lab/wanjiag/MONSTERA/sub-MONSTERA17/func/sub-MONSTERA17_task-07_run-21_sbref.nii.gz
/projects/kuhl_lab/wanjiag/MONSTERA/sub-MONSTERA17/func/sub-MONSTERA17_task-07_sbref.nii.gz

/projects/kuhl_lab/wanjiag/MONSTERA/sub-MONSTERA17/func/sub-MONSTERA17_task-03_run-13_sbref.json
/projects/kuhl_lab/wanjiag/MONSTERA/sub-MONSTERA17/func/sub-MONSTERA17_task-03_sbref.json

/projects/kuhl_lab/wanjiag/MONSTERA/sub-MONSTERA17/func/sub-MONSTERA17_task-04_run-15_sbref.nii.gz
/projects/kuhl_lab/wanjiag/MONSTERA/sub-MONSTERA17/func/sub-MONSTERA17_task-04_sbref.nii.gz

/projects/kuhl_lab/wanjiag/MONSTERA/sub-MONSTERA17/func/sub-MONSTERA17_task-08_run-24_bold.nii.gz
/projects/kuhl_lab/wanjiag/MONSTERA/sub-MONSTERA17/func/sub-MONSTERA17_task-08_bold.nii.gz

/projects/kuhl_lab/wanjiag/MONSTERA/sub-MONSTERA17/func/sub-MONSTERA17_task-06_run-20_bold.json
/projects/kuhl_lab/wanjiag/MONSTERA/sub-MONSTERA17/func/sub-MONSTERA17_task-06_bold.json

/projects/kuhl_lab/wanjiag/MONSTERA/sub-MONSTERA17/func/sub-MONSTERA17_task-07_run-21_sbref.json
/projects/kuhl_lab/wanjiag/MONSTERA/sub-MONSTERA17/func/sub-MONSTERA17_task-07_sbref.json

/projects/kuhl_lab/wanjiag/MONSTERA/sub-MONSTERA17/func/sub-MONSTERA17_task-04_run-16_bold.json
/projects/kuhl_lab/wanjiag/MONSTERA/sub-MONSTERA17/func/sub-MONSTERA17_task-04_bold.json

/projects/kuhl_lab/wanjiag/MONSTERA/sub-MONSTERA17/func/sub-MONSTERA17_task-09_run-26_bold.nii.gz
/projects/kuhl_lab/wanjiag/MONSTERA/sub-MONSTERA17/func/sub-MONSTERA17_task-09_bold.nii.gz

/projects/kuhl_lab/wanjiag/MONSTERA/sub-MONSTERA17/func/sub-MONSTERA17_task-02_run-12_bold.json
/projects/kuhl_lab/wanjiag/MONSTERA/sub-MONSTERA17/func/sub-MONSTERA17_task-02_bold.json

/projects/kuhl_lab/wanjiag/MONSTERA/sub-MONSTERA17/func/sub-MONSTERA17_task-07_run-22_bold.json
/projects/kuhl_lab/wanjiag/MONSTERA/sub-MONSTERA17/func/sub-MONSTERA17_task-07_bold.json

/projects/kuhl_lab/wanjiag/MONSTERA/sub-MONSTERA17/func/sub-MONSTERA17_task-06_run-19_sbref.json
/projects/kuhl_lab/wanjiag/MONSTERA/sub-MONSTERA17/func/sub-MONSTERA17_task-06_sbref.json

/projects/kuhl_lab/wanjiag/MONSTERA/sub-MONSTERA17/func/sub-MONSTERA17_task-03_run-14_bold.json
/projects/kuhl_lab/wanjiag/MONSTERA/sub-MONSTERA17/func/sub-MONSTERA17_task-03_bold.json

/projects/kuhl_lab/wanjiag/MONSTERA/sub-MONSTERA17/func/sub-MONSTERA17_task-03_run-13_sbref.nii.gz
/projects/kuhl_lab/wanjiag/MONSTERA/sub-MONSTERA17/func/sub-MONSTERA17_task-03_sbref.nii.gz

/projects/kuhl_lab/wanjiag/MONSTERA/sub-MONSTERA17/func/sub-MONSTERA17_task-02_run-12_bold.nii.gz
/projects/kuhl_lab/wanjiag/MONSTERA/sub-MONSTERA17/func/sub-MONSTERA17_task-02_bold.nii.gz

/projects/kuhl_lab/wanjiag/MONSTERA/sub-MONSTERA17/func/sub-MONSTERA17_task-01_run-07_sbref.nii.gz
/projects/kuhl_lab/wanjiag/MONSTERA/sub-MONSTERA17/func/sub-MONSTERA17_task-01_sbref.nii.gz

/projects/kuhl_lab/wanjiag/MONSTERA/sub-MONSTERA17/func/sub-MONSTERA17_task-01_run-08_bold.nii.gz
/projects/kuhl_lab/wanjiag/MONSTERA/sub-MONSTERA17/func/sub-MONSTERA17_task-01_bold.nii.gz

/projects/kuhl_lab/wanjiag/MONSTERA/sub-MONSTERA17/func/sub-MONSTERA17_task-10_run-27_sbref.nii.gz
/projects/kuhl_lab/wanjiag/MONSTERA/sub-MONSTERA17/func/sub-MONSTERA17_task-10_sbref.nii.gz

/projects/kuhl_lab/wanjiag/MONSTERA/sub-MONSTERA17/func/sub-MONSTERA17_task-01_run-07_sbref.json
/projects/kuhl_lab/wanjiag/MONSTERA/sub-MONSTERA17/func/sub-MONSTERA17_task-01_sbref.json

/projects/kuhl_lab/wanjiag/MONSTERA/sub-MONSTERA17/func/sub-MONSTERA17_task-10_run-27_sbref.json
/projects/kuhl_lab/wanjiag/MONSTERA/sub-MONSTERA17/func/sub-MONSTERA17_task-10_sbref.json

/projects/kuhl_lab/wanjiag/MONSTERA/sub-MONSTERA17/func/sub-MONSTERA17_task-08_run-23_sbref.nii.gz
/projects/kuhl_lab/wanjiag/MONSTERA/sub-MONSTERA17/func/sub-MONSTERA17_task-08_sbref.nii.gz

/projects/kuhl_lab/wanjiag/MONSTERA/sub-MONSTERA17/func/sub-MONSTERA17_task-05_run-18_bold.json
/projects/kuhl_lab/wanjiag/MONSTERA/sub-MONSTERA17/func/sub-MONSTERA17_task-05_bold.json

/projects/kuhl_lab/wanjiag/MONSTERA/sub-MONSTERA17/func/sub-MONSTERA17_task-02_run-11_sbref.nii.gz
/projects/kuhl_lab/wanjiag/MONSTERA/sub-MONSTERA17/func/sub-MONSTERA17_task-02_sbref.nii.gz

/projects/kuhl_lab/wanjiag/MONSTERA/sub-MONSTERA17/func/sub-MONSTERA17_task-10_run-28_bold.nii.gz
/projects/kuhl_lab/wanjiag/MONSTERA/sub-MONSTERA17/func/sub-MONSTERA17_task-10_bold.nii.gz

/projects/kuhl_lab/wanjiag/MONSTERA/sub-MONSTERA16/func/sub-MONSTERA16_task-05_run-18_bold.nii.gz
/projects/kuhl_lab/wanjiag/MONSTERA/sub-MONSTERA16/func/sub-MONSTERA16_task-05_bold.nii.gz

/projects/kuhl_lab/wanjiag/MONSTERA/sub-MONSTERA16/func/sub-MONSTERA16_task-03_run-14_bold.json
/projects/kuhl_lab/wanjiag/MONSTERA/sub-MONSTERA16/func/sub-MONSTERA16_task-03_bold.json

/projects/kuhl_lab/wanjiag/MONSTERA/sub-MONSTERA16/func/sub-MONSTERA16_task-07_run-22_bold.nii.gz
/projects/kuhl_lab/wanjiag/MONSTERA/sub-MONSTERA16/func/sub-MONSTERA16_task-07_bold.nii.gz

/projects/kuhl_lab/wanjiag/MONSTERA/sub-MONSTERA16/func/sub-MONSTERA16_task-05_run-17_sbref.json
/projects/kuhl_lab/wanjiag/MONSTERA/sub-MONSTERA16/func/sub-MONSTERA16_task-05_sbref.json

/projects/kuhl_lab/wanjiag/MONSTERA/sub-MONSTERA16/func/sub-MONSTERA16_task-04_run-15_sbref.json
/projects/kuhl_lab/wanjiag/MONSTERA/sub-MONSTERA16/func/sub-MONSTERA16_task-04_sbref.json

/projects/kuhl_lab/wanjiag/MONSTERA/sub-MONSTERA16/func/sub-MONSTERA16_task-01_run-08_bold.nii.gz
/projects/kuhl_lab/wanjiag/MONSTERA/sub-MONSTERA16/func/sub-MONSTERA16_task-01_bold.nii.gz

/projects/kuhl_lab/wanjiag/MONSTERA/sub-MONSTERA16/func/sub-MONSTERA16_task-06_run-19_sbref.json
/projects/kuhl_lab/wanjiag/MONSTERA/sub-MONSTERA16/func/sub-MONSTERA16_task-06_sbref.json

/projects/kuhl_lab/wanjiag/MONSTERA/sub-MONSTERA16/func/sub-MONSTERA16_task-10_run-28_bold.json
/projects/kuhl_lab/wanjiag/MONSTERA/sub-MONSTERA16/func/sub-MONSTERA16_task-10_bold.json

/projects/kuhl_lab/wanjiag/MONSTERA/sub-MONSTERA16/func/sub-MONSTERA16_task-08_run-24_bold.nii.gz
/projects/kuhl_lab/wanjiag/MONSTERA/sub-MONSTERA16/func/sub-MONSTERA16_task-08_bold.nii.gz

/projects/kuhl_lab/wanjiag/MONSTERA/sub-MONSTERA16/func/sub-MONSTERA16_task-02_run-12_bold.json
/projects/kuhl_lab/wanjiag/MONSTERA/sub-MONSTERA16/func/sub-MONSTERA16_task-02_bold.json

/projects/kuhl_lab/wanjiag/MONSTERA/sub-MONSTERA16/func/sub-MONSTERA16_task-05_run-18_bold.json
/projects/kuhl_lab/wanjiag/MONSTERA/sub-MONSTERA16/func/sub-MONSTERA16_task-05_bold.json

/projects/kuhl_lab/wanjiag/MONSTERA/sub-MONSTERA16/func/sub-MONSTERA16_task-02_run-12_bold.nii.gz
/projects/kuhl_lab/wanjiag/MONSTERA/sub-MONSTERA16/func/sub-MONSTERA16_task-02_bold.nii.gz

/projects/kuhl_lab/wanjiag/MONSTERA/sub-MONSTERA16/func/sub-MONSTERA16_task-10_run-27_sbref.nii.gz
/projects/kuhl_lab/wanjiag/MONSTERA/sub-MONSTERA16/func/sub-MONSTERA16_task-10_sbref.nii.gz

/projects/kuhl_lab/wanjiag/MONSTERA/sub-MONSTERA16/func/sub-MONSTERA16_task-04_run-16_bold.nii.gz
/projects/kuhl_lab/wanjiag/MONSTERA/sub-MONSTERA16/func/sub-MONSTERA16_task-04_bold.nii.gz

/projects/kuhl_lab/wanjiag/MONSTERA/sub-MONSTERA16/func/sub-MONSTERA16_task-09_run-26_bold.nii.gz
/projects/kuhl_lab/wanjiag/MONSTERA/sub-MONSTERA16/func/sub-MONSTERA16_task-09_bold.nii.gz

/projects/kuhl_lab/wanjiag/MONSTERA/sub-MONSTERA16/func/sub-MONSTERA16_task-03_run-13_sbref.nii.gz
/projects/kuhl_lab/wanjiag/MONSTERA/sub-MONSTERA16/func/sub-MONSTERA16_task-03_sbref.nii.gz

/projects/kuhl_lab/wanjiag/MONSTERA/sub-MONSTERA16/func/sub-MONSTERA16_task-07_run-21_sbref.nii.gz
/projects/kuhl_lab/wanjiag/MONSTERA/sub-MONSTERA16/func/sub-MONSTERA16_task-07_sbref.nii.gz

/projects/kuhl_lab/wanjiag/MONSTERA/sub-MONSTERA16/func/sub-MONSTERA16_task-03_run-13_sbref.json
/projects/kuhl_lab/wanjiag/MONSTERA/sub-MONSTERA16/func/sub-MONSTERA16_task-03_sbref.json

/projects/kuhl_lab/wanjiag/MONSTERA/sub-MONSTERA16/func/sub-MONSTERA16_task-08_run-23_sbref.json
/projects/kuhl_lab/wanjiag/MONSTERA/sub-MONSTERA16/func/sub-MONSTERA16_task-08_sbref.json

/projects/kuhl_lab/wanjiag/MONSTERA/sub-MONSTERA16/func/sub-MONSTERA16_task-07_run-21_sbref.json
/projects/kuhl_lab/wanjiag/MONSTERA/sub-MONSTERA16/func/sub-MONSTERA16_task-07_sbref.json

/projects/kuhl_lab/wanjiag/MONSTERA/sub-MONSTERA16/func/sub-MONSTERA16_task-06_run-20_bold.json
/projects/kuhl_lab/wanjiag/MONSTERA/sub-MONSTERA16/func/sub-MONSTERA16_task-06_bold.json

/projects/kuhl_lab/wanjiag/MONSTERA/sub-MONSTERA16/func/sub-MONSTERA16_task-02_run-11_sbref.json
/projects/kuhl_lab/wanjiag/MONSTERA/sub-MONSTERA16/func/sub-MONSTERA16_task-02_sbref.json

/projects/kuhl_lab/wanjiag/MONSTERA/sub-MONSTERA16/func/sub-MONSTERA16_task-09_run-26_bold.json
/projects/kuhl_lab/wanjiag/MONSTERA/sub-MONSTERA16/func/sub-MONSTERA16_task-09_bold.json

/projects/kuhl_lab/wanjiag/MONSTERA/sub-MONSTERA16/func/sub-MONSTERA16_task-10_run-28_bold.nii.gz
/projects/kuhl_lab/wanjiag/MONSTERA/sub-MONSTERA16/func/sub-MONSTERA16_task-10_bold.nii.gz

/projects/kuhl_lab/wanjiag/MONSTERA/sub-MONSTERA16/func/sub-MONSTERA16_task-08_run-23_sbref.nii.gz
/projects/kuhl_lab/wanjiag/MONSTERA/sub-MONSTERA16/func/sub-MONSTERA16_task-08_sbref.nii.gz

/projects/kuhl_lab/wanjiag/MONSTERA/sub-MONSTERA16/func/sub-MONSTERA16_task-03_run-14_bold.nii.gz
/projects/kuhl_lab/wanjiag/MONSTERA/sub-MONSTERA16/func/sub-MONSTERA16_task-03_bold.nii.gz

/projects/kuhl_lab/wanjiag/MONSTERA/sub-MONSTERA16/func/sub-MONSTERA16_task-01_run-08_bold.json
/projects/kuhl_lab/wanjiag/MONSTERA/sub-MONSTERA16/func/sub-MONSTERA16_task-01_bold.json

/projects/kuhl_lab/wanjiag/MONSTERA/sub-MONSTERA16/func/sub-MONSTERA16_task-06_run-19_sbref.nii.gz
/projects/kuhl_lab/wanjiag/MONSTERA/sub-MONSTERA16/func/sub-MONSTERA16_task-06_sbref.nii.gz

/projects/kuhl_lab/wanjiag/MONSTERA/sub-MONSTERA16/func/sub-MONSTERA16_task-09_run-25_sbref.json
/projects/kuhl_lab/wanjiag/MONSTERA/sub-MONSTERA16/func/sub-MONSTERA16_task-09_sbref.json

/projects/kuhl_lab/wanjiag/MONSTERA/sub-MONSTERA16/func/sub-MONSTERA16_task-06_run-20_bold.nii.gz
/projects/kuhl_lab/wanjiag/MONSTERA/sub-MONSTERA16/func/sub-MONSTERA16_task-06_bold.nii.gz

/projects/kuhl_lab/wanjiag/MONSTERA/sub-MONSTERA16/func/sub-MONSTERA16_task-01_run-07_sbref.json
/projects/kuhl_lab/wanjiag/MONSTERA/sub-MONSTERA16/func/sub-MONSTERA16_task-01_sbref.json

/projects/kuhl_lab/wanjiag/MONSTERA/sub-MONSTERA16/func/sub-MONSTERA16_task-07_run-22_bold.json
/projects/kuhl_lab/wanjiag/MONSTERA/sub-MONSTERA16/func/sub-MONSTERA16_task-07_bold.json

/projects/kuhl_lab/wanjiag/MONSTERA/sub-MONSTERA16/func/sub-MONSTERA16_task-05_run-17_sbref.nii.gz
/projects/kuhl_lab/wanjiag/MONSTERA/sub-MONSTERA16/func/sub-MONSTERA16_task-05_sbref.nii.gz

/projects/kuhl_lab/wanjiag/MONSTERA/sub-MONSTERA16/func/sub-MONSTERA16_task-04_run-15_sbref.nii.gz
/projects/kuhl_lab/wanjiag/MONSTERA/sub-MONSTERA16/func/sub-MONSTERA16_task-04_sbref.nii.gz

/projects/kuhl_lab/wanjiag/MONSTERA/sub-MONSTERA16/func/sub-MONSTERA16_task-04_run-16_bold.json
/projects/kuhl_lab/wanjiag/MONSTERA/sub-MONSTERA16/func/sub-MONSTERA16_task-04_bold.json

/projects/kuhl_lab/wanjiag/MONSTERA/sub-MONSTERA16/func/sub-MONSTERA16_task-09_run-25_sbref.nii.gz
/projects/kuhl_lab/wanjiag/MONSTERA/sub-MONSTERA16/func/sub-MONSTERA16_task-09_sbref.nii.gz

/projects/kuhl_lab/wanjiag/MONSTERA/sub-MONSTERA16/func/sub-MONSTERA16_task-02_run-11_sbref.nii.gz
/projects/kuhl_lab/wanjiag/MONSTERA/sub-MONSTERA16/func/sub-MONSTERA16_task-02_sbref.nii.gz

/projects/kuhl_lab/wanjiag/MONSTERA/sub-MONSTERA16/func/sub-MONSTERA16_task-08_run-24_bold.json
/projects/kuhl_lab/wanjiag/MONSTERA/sub-MONSTERA16/func/sub-MONSTERA16_task-08_bold.json

/projects/kuhl_lab/wanjiag/MONSTERA/sub-MONSTERA16/func/sub-MONSTERA16_task-01_run-07_sbref.nii.gz
/projects/kuhl_lab/wanjiag/MONSTERA/sub-MONSTERA16/func/sub-MONSTERA16_task-01_sbref.nii.gz

/projects/kuhl_lab/wanjiag/MONSTERA/sub-MONSTERA16/func/sub-MONSTERA16_task-10_run-27_sbref.json
/projects/kuhl_lab/wanjiag/MONSTERA/sub-MONSTERA16/func/sub-MONSTERA16_task-10_sbref.json

Processing sub-MONSTERA17...
Completed sub-MONSTERA17 ...
Processing sub-MONSTERA16...
Completed sub-MONSTERA16 ...
