['sub-MONSTERA01', 'sub-MONSTERA02', 'sub-MONSTERA03', 'sub-MONSTERA04', 'sub-MONSTERA05', 'sub-MONSTERA06', 'sub-MONSTERA07', 'sub-MONSTERA08', 'sub-MONSTERA09', 'sub-MONSTERA10', 'sub-MONSTERA11', 'sub-MONSTERA12', 'sub-MONSTERA13', 'sub-MONSTERA14', 'sub-MONSTERA15', 'sub-MONSTERA16', 'sub-MONSTERA17', 'sub-MONSTERA18', 'sub-MONSTERA19']
sub-MONSTERA01
calculating mask intersection...
-------------------- Mask file existed for sub-MONSTERA01. Skipped. --------------------
-------------------- file existed for: sub-MONSTERA01 task-01. Skipped. --------------------
-------------------- file existed for: sub-MONSTERA01 task-02. Skipped. --------------------
-------------------- file existed for: sub-MONSTERA01 task-03. Skipped. --------------------
-------------------- file existed for: sub-MONSTERA01 task-04. Skipped. --------------------
-------------------- file existed for: sub-MONSTERA01 task-05. Skipped. --------------------
-------------------- file existed for: sub-MONSTERA01 task-06. Skipped. --------------------
-------------------- file existed for: sub-MONSTERA01 task-07. Skipped. --------------------
-------------------- file existed for: sub-MONSTERA01 task-08. Skipped. --------------------
-------------------- file existed for: sub-MONSTERA01 task-09. Skipped. --------------------
-------------------- file existed for: sub-MONSTERA01 task-10. Skipped. --------------------
sub-MONSTERA02
calculating mask intersection...
-------------------- Mask file existed for sub-MONSTERA02. Skipped. --------------------
-------------------- file existed for: sub-MONSTERA02 task-01. Skipped. --------------------
-------------------- file existed for: sub-MONSTERA02 task-02. Skipped. --------------------
-------------------- file existed for: sub-MONSTERA02 task-03. Skipped. --------------------
-------------------- file existed for: sub-MONSTERA02 task-04. Skipped. --------------------
-------------------- file existed for: sub-MONSTERA02 task-05. Skipped. --------------------
-------------------- file existed for: sub-MONSTERA02 task-06. Skipped. --------------------
-------------------- file existed for: sub-MONSTERA02 task-07. Skipped. --------------------
-------------------- file existed for: sub-MONSTERA02 task-08. Skipped. --------------------
-------------------- file existed for: sub-MONSTERA02 task-09. Skipped. --------------------
-------------------- file existed for: sub-MONSTERA02 task-10. Skipped. --------------------
sub-MONSTERA03
calculating mask intersection...
-------------------- Mask file existed for sub-MONSTERA03. Skipped. --------------------
-------------------- file existed for: sub-MONSTERA03 task-01. Skipped. --------------------
-------------------- file existed for: sub-MONSTERA03 task-02. Skipped. --------------------
-------------------- file existed for: sub-MONSTERA03 task-03. Skipped. --------------------
-------------------- file existed for: sub-MONSTERA03 task-04. Skipped. --------------------
-------------------- file existed for: sub-MONSTERA03 task-05. Skipped. --------------------
-------------------- file existed for: sub-MONSTERA03 task-06. Skipped. --------------------
-------------------- file existed for: sub-MONSTERA03 task-07. Skipped. --------------------
-------------------- file existed for: sub-MONSTERA03 task-08. Skipped. --------------------
-------------------- file existed for: sub-MONSTERA03 task-09. Skipped. --------------------
-------------------- file existed for: sub-MONSTERA03 task-10. Skipped. --------------------
sub-MONSTERA04
calculating mask intersection...
-------------------- Mask file existed for sub-MONSTERA04. Skipped. --------------------
-------------------- file existed for: sub-MONSTERA04 task-01. Skipped. --------------------
-------------------- file existed for: sub-MONSTERA04 task-02. Skipped. --------------------
-------------------- file existed for: sub-MONSTERA04 task-03. Skipped. --------------------
-------------------- file existed for: sub-MONSTERA04 task-04. Skipped. --------------------
-------------------- file existed for: sub-MONSTERA04 task-05. Skipped. --------------------
-------------------- file existed for: sub-MONSTERA04 task-06. Skipped. --------------------
-------------------- file existed for: sub-MONSTERA04 task-07. Skipped. --------------------
-------------------- file existed for: sub-MONSTERA04 task-08. Skipped. --------------------
-------------------- file existed for: sub-MONSTERA04 task-09. Skipped. --------------------
-------------------- file existed for: sub-MONSTERA04 task-10. Skipped. --------------------
sub-MONSTERA05
calculating mask intersection...
-------------------- Mask file existed for sub-MONSTERA05. Skipped. --------------------
-------------------- file existed for: sub-MONSTERA05 task-01. Skipped. --------------------
-------------------- file existed for: sub-MONSTERA05 task-02. Skipped. --------------------
-------------------- file existed for: sub-MONSTERA05 task-03. Skipped. --------------------
-------------------- file existed for: sub-MONSTERA05 task-04. Skipped. --------------------
-------------------- file existed for: sub-MONSTERA05 task-05. Skipped. --------------------
-------------------- file existed for: sub-MONSTERA05 task-06. Skipped. --------------------
-------------------- file existed for: sub-MONSTERA05 task-07. Skipped. --------------------
-------------------- file existed for: sub-MONSTERA05 task-08. Skipped. --------------------
-------------------- file existed for: sub-MONSTERA05 task-09. Skipped. --------------------
-------------------- file existed for: sub-MONSTERA05 task-10. Skipped. --------------------
sub-MONSTERA06
calculating mask intersection...
-------------------- Mask file existed for sub-MONSTERA06. Skipped. --------------------
-------------------- file existed for: sub-MONSTERA06 task-01. Skipped. --------------------
-------------------- file existed for: sub-MONSTERA06 task-02. Skipped. --------------------
-------------------- file existed for: sub-MONSTERA06 task-03. Skipped. --------------------
-------------------- file existed for: sub-MONSTERA06 task-04. Skipped. --------------------
-------------------- file existed for: sub-MONSTERA06 task-05. Skipped. --------------------
-------------------- file existed for: sub-MONSTERA06 task-06. Skipped. --------------------
-------------------- file existed for: sub-MONSTERA06 task-07. Skipped. --------------------
-------------------- file existed for: sub-MONSTERA06 task-08. Skipped. --------------------
-------------------- file existed for: sub-MONSTERA06 task-09. Skipped. --------------------
-------------------- file existed for: sub-MONSTERA06 task-10. Skipped. --------------------
sub-MONSTERA07
calculating mask intersection...
-------------------- Mask file existed for sub-MONSTERA07. Skipped. --------------------
-------------------- file existed for: sub-MONSTERA07 task-01. Skipped. --------------------
-------------------- file existed for: sub-MONSTERA07 task-02. Skipped. --------------------
-------------------- file existed for: sub-MONSTERA07 task-03. Skipped. --------------------
-------------------- file existed for: sub-MONSTERA07 task-04. Skipped. --------------------
-------------------- file existed for: sub-MONSTERA07 task-05. Skipped. --------------------
-------------------- file existed for: sub-MONSTERA07 task-06. Skipped. --------------------
-------------------- file existed for: sub-MONSTERA07 task-07. Skipped. --------------------
-------------------- file existed for: sub-MONSTERA07 task-08. Skipped. --------------------
-------------------- file existed for: sub-MONSTERA07 task-09. Skipped. --------------------
-------------------- file existed for: sub-MONSTERA07 task-10. Skipped. --------------------
sub-MONSTERA08
calculating mask intersection...
-------------------- Mask file existed for sub-MONSTERA08. Skipped. --------------------
-------------------- file existed for: sub-MONSTERA08 task-01. Skipped. --------------------
-------------------- file existed for: sub-MONSTERA08 task-02. Skipped. --------------------
-------------------- file existed for: sub-MONSTERA08 task-03. Skipped. --------------------
-------------------- file existed for: sub-MONSTERA08 task-04. Skipped. --------------------
-------------------- file existed for: sub-MONSTERA08 task-05. Skipped. --------------------
-------------------- file existed for: sub-MONSTERA08 task-06. Skipped. --------------------
-------------------- file existed for: sub-MONSTERA08 task-07. Skipped. --------------------
-------------------- file existed for: sub-MONSTERA08 task-08. Skipped. --------------------
-------------------- file existed for: sub-MONSTERA08 task-09. Skipped. --------------------
-------------------- file existed for: sub-MONSTERA08 task-10. Skipped. --------------------
sub-MONSTERA09
calculating mask intersection...
-------------------- Mask file existed for sub-MONSTERA09. Skipped. --------------------
-------------------- file existed for: sub-MONSTERA09 task-01. Skipped. --------------------
-------------------- file existed for: sub-MONSTERA09 task-02. Skipped. --------------------
-------------------- file existed for: sub-MONSTERA09 task-03. Skipped. --------------------
-------------------- file existed for: sub-MONSTERA09 task-04. Skipped. --------------------
-------------------- file existed for: sub-MONSTERA09 task-05. Skipped. --------------------
-------------------- file existed for: sub-MONSTERA09 task-06. Skipped. --------------------
-------------------- file existed for: sub-MONSTERA09 task-07. Skipped. --------------------
-------------------- file existed for: sub-MONSTERA09 task-08. Skipped. --------------------
-------------------- file existed for: sub-MONSTERA09 task-09. Skipped. --------------------
-------------------- file existed for: sub-MONSTERA09 task-10. Skipped. --------------------
sub-MONSTERA10
calculating mask intersection...
-------------------- Mask file existed for sub-MONSTERA10. Skipped. --------------------
-------------------- file existed for: sub-MONSTERA10 task-01. Skipped. --------------------
-------------------- file existed for: sub-MONSTERA10 task-02. Skipped. --------------------
-------------------- file existed for: sub-MONSTERA10 task-03. Skipped. --------------------
-------------------- file existed for: sub-MONSTERA10 task-04. Skipped. --------------------
-------------------- file existed for: sub-MONSTERA10 task-05. Skipped. --------------------
-------------------- file existed for: sub-MONSTERA10 task-06. Skipped. --------------------
-------------------- file existed for: sub-MONSTERA10 task-07. Skipped. --------------------
-------------------- file existed for: sub-MONSTERA10 task-08. Skipped. --------------------
-------------------- file existed for: sub-MONSTERA10 task-09. Skipped. --------------------
-------------------- file existed for: sub-MONSTERA10 task-10. Skipped. --------------------
sub-MONSTERA11
calculating mask intersection...
-------------------- Mask file existed for sub-MONSTERA11. Skipped. --------------------
-------------------- file existed for: sub-MONSTERA11 task-01. Skipped. --------------------
-------------------- file existed for: sub-MONSTERA11 task-02. Skipped. --------------------
-------------------- file existed for: sub-MONSTERA11 task-03. Skipped. --------------------
-------------------- file existed for: sub-MONSTERA11 task-04. Skipped. --------------------
-------------------- file existed for: sub-MONSTERA11 task-05. Skipped. --------------------
-------------------- file existed for: sub-MONSTERA11 task-06. Skipped. --------------------
-------------------- file existed for: sub-MONSTERA11 task-07. Skipped. --------------------
-------------------- file existed for: sub-MONSTERA11 task-08. Skipped. --------------------
-------------------- file existed for: sub-MONSTERA11 task-09. Skipped. --------------------
-------------------- file existed for: sub-MONSTERA11 task-10. Skipped. --------------------
sub-MONSTERA12
calculating mask intersection...
-------------------- Mask file existed for sub-MONSTERA12. Skipped. --------------------
-------------------- file existed for: sub-MONSTERA12 task-01. Skipped. --------------------
-------------------- file existed for: sub-MONSTERA12 task-02. Skipped. --------------------
-------------------- file existed for: sub-MONSTERA12 task-03. Skipped. --------------------
-------------------- file existed for: sub-MONSTERA12 task-04. Skipped. --------------------
-------------------- file existed for: sub-MONSTERA12 task-05. Skipped. --------------------
-------------------- file existed for: sub-MONSTERA12 task-06. Skipped. --------------------
-------------------- file existed for: sub-MONSTERA12 task-07. Skipped. --------------------
-------------------- file existed for: sub-MONSTERA12 task-08. Skipped. --------------------
-------------------- file existed for: sub-MONSTERA12 task-09. Skipped. --------------------
-------------------- file existed for: sub-MONSTERA12 task-10. Skipped. --------------------
sub-MONSTERA13
calculating mask intersection...
-------------------- Mask file existed for sub-MONSTERA13. Skipped. --------------------
-------------------- file existed for: sub-MONSTERA13 task-01. Skipped. --------------------
-------------------- file existed for: sub-MONSTERA13 task-02. Skipped. --------------------
-------------------- file existed for: sub-MONSTERA13 task-03. Skipped. --------------------
-------------------- file existed for: sub-MONSTERA13 task-04. Skipped. --------------------
-------------------- file existed for: sub-MONSTERA13 task-05. Skipped. --------------------
-------------------- file existed for: sub-MONSTERA13 task-06. Skipped. --------------------
-------------------- file existed for: sub-MONSTERA13 task-07. Skipped. --------------------
-------------------- file existed for: sub-MONSTERA13 task-08. Skipped. --------------------
-------------------- file existed for: sub-MONSTERA13 task-09. Skipped. --------------------
-------------------- file existed for: sub-MONSTERA13 task-10. Skipped. --------------------
sub-MONSTERA14
calculating mask intersection...
-------------------- Mask file existed for sub-MONSTERA14. Skipped. --------------------
-------------------- file existed for: sub-MONSTERA14 task-01. Skipped. --------------------
-------------------- file existed for: sub-MONSTERA14 task-02. Skipped. --------------------
-------------------- file existed for: sub-MONSTERA14 task-03. Skipped. --------------------
-------------------- file existed for: sub-MONSTERA14 task-04. Skipped. --------------------
-------------------- file existed for: sub-MONSTERA14 task-05. Skipped. --------------------
-------------------- file existed for: sub-MONSTERA14 task-06. Skipped. --------------------
-------------------- file existed for: sub-MONSTERA14 task-07. Skipped. --------------------
-------------------- file existed for: sub-MONSTERA14 task-08. Skipped. --------------------
-------------------- file existed for: sub-MONSTERA14 task-09. Skipped. --------------------
-------------------- file existed for: sub-MONSTERA14 task-10. Skipped. --------------------
sub-MONSTERA15
calculating mask intersection...
-------------------- Mask file existed for sub-MONSTERA15. Skipped. --------------------
-------------------- file existed for: sub-MONSTERA15 task-01. Skipped. --------------------
-------------------- file existed for: sub-MONSTERA15 task-02. Skipped. --------------------
-------------------- file existed for: sub-MONSTERA15 task-03. Skipped. --------------------
-------------------- file existed for: sub-MONSTERA15 task-04. Skipped. --------------------
-------------------- file existed for: sub-MONSTERA15 task-05. Skipped. --------------------
-------------------- file existed for: sub-MONSTERA15 task-06. Skipped. --------------------
-------------------- file existed for: sub-MONSTERA15 task-07. Skipped. --------------------
-------------------- file existed for: sub-MONSTERA15 task-08. Skipped. --------------------
-------------------- file existed for: sub-MONSTERA15 task-09. Skipped. --------------------
-------------------- file existed for: sub-MONSTERA15 task-10. Skipped. --------------------
sub-MONSTERA16
calculating mask intersection...
-------------------- Mask file existed for sub-MONSTERA16. Skipped. --------------------
-------------------- file existed for: sub-MONSTERA16 task-01. Skipped. --------------------
-------------------- file existed for: sub-MONSTERA16 task-02. Skipped. --------------------
-------------------- file existed for: sub-MONSTERA16 task-03. Skipped. --------------------
-------------------- file existed for: sub-MONSTERA16 task-04. Skipped. --------------------
-------------------- file existed for: sub-MONSTERA16 task-05. Skipped. --------------------
-------------------- file existed for: sub-MONSTERA16 task-06. Skipped. --------------------
-------------------- file existed for: sub-MONSTERA16 task-07. Skipped. --------------------
-------------------- file existed for: sub-MONSTERA16 task-08. Skipped. --------------------
-------------------- file existed for: sub-MONSTERA16 task-09. Skipped. --------------------
-------------------- file existed for: sub-MONSTERA16 task-10. Skipped. --------------------
sub-MONSTERA17
calculating mask intersection...
-------------------- Mask file existed for sub-MONSTERA17. Skipped. --------------------
-------------------- file existed for: sub-MONSTERA17 task-01. Skipped. --------------------
-------------------- file existed for: sub-MONSTERA17 task-02. Skipped. --------------------
-------------------- file existed for: sub-MONSTERA17 task-03. Skipped. --------------------
-------------------- file existed for: sub-MONSTERA17 task-04. Skipped. --------------------
-------------------- file existed for: sub-MONSTERA17 task-05. Skipped. --------------------
-------------------- file existed for: sub-MONSTERA17 task-06. Skipped. --------------------
-------------------- file existed for: sub-MONSTERA17 task-07. Skipped. --------------------
-------------------- file existed for: sub-MONSTERA17 task-08. Skipped. --------------------
-------------------- file existed for: sub-MONSTERA17 task-09. Skipped. --------------------
-------------------- file existed for: sub-MONSTERA17 task-10. Skipped. --------------------
sub-MONSTERA18
calculating mask intersection...
-------------------- Mask file existed for sub-MONSTERA18. Skipped. --------------------
-------------------- file existed for: sub-MONSTERA18 task-01. Skipped. --------------------
-------------------- file existed for: sub-MONSTERA18 task-02. Skipped. --------------------
-------------------- file existed for: sub-MONSTERA18 task-03. Skipped. --------------------
-------------------- file existed for: sub-MONSTERA18 task-04. Skipped. --------------------
-------------------- file existed for: sub-MONSTERA18 task-05. Skipped. --------------------
-------------------- file existed for: sub-MONSTERA18 task-06. Skipped. --------------------
-------------------- file existed for: sub-MONSTERA18 task-07. Skipped. --------------------
-------------------- file existed for: sub-MONSTERA18 task-08. Skipped. --------------------
-------------------- file existed for: sub-MONSTERA18 task-09. Skipped. --------------------
-------------------- file existed for: sub-MONSTERA18 task-10. Skipped. --------------------
sub-MONSTERA19
calculating mask intersection...
['/projects/kuhl_lab/wanjiag/MONSTERA/derivatives/fmriprep/sub-MONSTERA19/func/sub-MONSTERA19_task-01_space-T1w_desc-brain_mask.nii.gz', '/projects/kuhl_lab/wanjiag/MONSTERA/derivatives/fmriprep/sub-MONSTERA19/func/sub-MONSTERA19_task-02_space-T1w_desc-brain_mask.nii.gz', '/projects/kuhl_lab/wanjiag/MONSTERA/derivatives/fmriprep/sub-MONSTERA19/func/sub-MONSTERA19_task-03_space-T1w_desc-brain_mask.nii.gz', '/projects/kuhl_lab/wanjiag/MONSTERA/derivatives/fmriprep/sub-MONSTERA19/func/sub-MONSTERA19_task-04_space-T1w_desc-brain_mask.nii.gz', '/projects/kuhl_lab/wanjiag/MONSTERA/derivatives/fmriprep/sub-MONSTERA19/func/sub-MONSTERA19_task-05_space-T1w_desc-brain_mask.nii.gz', '/projects/kuhl_lab/wanjiag/MONSTERA/derivatives/fmriprep/sub-MONSTERA19/func/sub-MONSTERA19_task-06_space-T1w_desc-brain_mask.nii.gz', '/projects/kuhl_lab/wanjiag/MONSTERA/derivatives/fmriprep/sub-MONSTERA19/func/sub-MONSTERA19_task-07_space-T1w_desc-brain_mask.nii.gz', '/projects/kuhl_lab/wanjiag/MONSTERA/derivatives/fmriprep/sub-MONSTERA19/func/sub-MONSTERA19_task-08_space-T1w_desc-brain_mask.nii.gz', '/projects/kuhl_lab/wanjiag/MONSTERA/derivatives/fmriprep/sub-MONSTERA19/func/sub-MONSTERA19_task-09_space-T1w_desc-brain_mask.nii.gz', '/projects/kuhl_lab/wanjiag/MONSTERA/derivatives/fmriprep/sub-MONSTERA19/func/sub-MONSTERA19_task-10_space-T1w_desc-brain_mask.nii.gz']
triming data...
(81, 101, 86, 458)    (81, 101, 86, 452)
(1.702, 1.702, 1.7, 1.0)
[[  1.70200002   0.           0.         -70.21658325]
 [  0.           1.70200002   0.         -71.75187683]
 [  0.           0.           1.70000005 -62.07931519]
 [  0.           0.           0.           1.        ]]
triming data...output to /projects/kuhl_lab/wanjiag/MONSTERA/derivatives/preprocess/sub-MONSTERA19/sub-MONSTERA19_task-01_space-T1w_desc-preproc_bold_trim6TRs.nii.gz
calculating mean......
221009-10:51:51,41 nipype.utils WARNING:
	 A newer version (1.8.4) of nipy/nipype is available. You are using 1.7.1
3dTstat -mean -prefix /projects/kuhl_lab/wanjiag/MONSTERA/derivatives/preprocess/sub-MONSTERA19/sub-MONSTERA19_task-01_space-T1w_desc-preproc_bold_trim6TRs_mean-img.nii.gz /projects/kuhl_lab/wanjiag/MONSTERA/derivatives/preprocess/sub-MONSTERA19/sub-MONSTERA19_task-01_space-T1w_desc-preproc_bold_trim6TRs.nii.gz
221009-10:51:51,220 nipype.interface INFO:
	 stderr 2022-10-09T10:51:51.220730:++ 3dTstat: AFNI version=AFNI_18.2.04 (Jul  6 2018) [64-bit]
221009-10:51:51,221 nipype.interface INFO:
	 stderr 2022-10-09T10:51:51.220730:++ Authored by: KR Hammett & RW Cox
221009-10:51:51,231 nipype.interface INFO:
	 stderr 2022-10-09T10:51:51.231348:** AFNI converts NIFTI_datatype=64 (FLOAT64) in file /projects/kuhl_lab/wanjiag/MONSTERA/derivatives/preprocess/sub-MONSTERA19/sub-MONSTERA19_task-01_space-T1w_desc-preproc_bold_trim6TRs.nii.gz to FLOAT32
221009-10:51:51,231 nipype.interface INFO:
	 stderr 2022-10-09T10:51:51.231348:     Warnings of this type will be muted for this session.
221009-10:51:51,231 nipype.interface INFO:
	 stderr 2022-10-09T10:51:51.231348:     Set AFNI_NIFTI_TYPE_WARN to YES to see them all, NO to see none.
221009-10:52:06,210 nipype.interface INFO:
	 stderr 2022-10-09T10:52:06.210122:++ Output dataset /projects/kuhl_lab/wanjiag/MONSTERA/derivatives/preprocess/sub-MONSTERA19/sub-MONSTERA19_task-01_space-T1w_desc-preproc_bold_trim6TRs_mean-img.nii.gz
calculating mean...output to /projects/kuhl_lab/wanjiag/MONSTERA/derivatives/preprocess/sub-MONSTERA19/sub-MONSTERA19_task-01_space-T1w_desc-preproc_bold_trim6TRs_mean-img.nii.gz
Centering data ......
3dcalc -a /projects/kuhl_lab/wanjiag/MONSTERA/derivatives/preprocess/sub-MONSTERA19/sub-MONSTERA19_task-01_space-T1w_desc-preproc_bold_trim6TRs.nii.gz -b /projects/kuhl_lab/wanjiag/MONSTERA/derivatives/preprocess/sub-MONSTERA19/sub-MONSTERA19_task-01_space-T1w_desc-preproc_bold_trim6TRs_mean-img.nii.gz -c /projects/kuhl_lab/wanjiag/MONSTERA/derivatives/preprocess/sub-MONSTERA19/sub-MONSTERA19_space-T1w_desc-brain_intersect_mask.nii.gz -expr "c * min(200, a/b*100)*step(a)*step(b)" -prefix /projects/kuhl_lab/wanjiag/MONSTERA/derivatives/preprocess/sub-MONSTERA19/sub-MONSTERA19_task-01_space-T1w_desc-preproc_bold_trim6TRs_centered-masked.nii.gz
221009-10:52:06,387 nipype.interface INFO:
	 stderr 2022-10-09T10:52:06.387714:++ 3dcalc: AFNI version=AFNI_18.2.04 (Jul  6 2018) [64-bit]
221009-10:52:06,387 nipype.interface INFO:
	 stderr 2022-10-09T10:52:06.387714:++ Authored by: A cast of thousands
221009-10:52:06,401 nipype.interface INFO:
	 stderr 2022-10-09T10:52:06.401351:** AFNI converts NIFTI_datatype=64 (FLOAT64) in file /projects/kuhl_lab/wanjiag/MONSTERA/derivatives/preprocess/sub-MONSTERA19/sub-MONSTERA19_task-01_space-T1w_desc-preproc_bold_trim6TRs.nii.gz to FLOAT32
221009-10:52:06,401 nipype.interface INFO:
	 stderr 2022-10-09T10:52:06.401351:     Warnings of this type will be muted for this session.
221009-10:52:06,401 nipype.interface INFO:
	 stderr 2022-10-09T10:52:06.401351:     Set AFNI_NIFTI_TYPE_WARN to YES to see them all, NO to see none.
221009-10:53:16,511 nipype.interface INFO:
	 stderr 2022-10-09T10:53:16.511411:++ Output dataset /projects/kuhl_lab/wanjiag/MONSTERA/derivatives/preprocess/sub-MONSTERA19/sub-MONSTERA19_task-01_space-T1w_desc-preproc_bold_trim6TRs_centered-masked.nii.gz
Centering data...output to /projects/kuhl_lab/wanjiag/MONSTERA/derivatives/preprocess/sub-MONSTERA19/sub-MONSTERA19_task-01_space-T1w_desc-preproc_bold_trim6TRs_centered-masked.nii.gz
triming data...
(81, 101, 86, 458)    (81, 101, 86, 452)
(1.702, 1.702, 1.7, 1.0)
[[  1.70200002   0.           0.         -70.21658325]
 [  0.           1.70200002   0.         -71.75187683]
 [  0.           0.           1.70000005 -62.07931519]
 [  0.           0.           0.           1.        ]]
triming data...output to /projects/kuhl_lab/wanjiag/MONSTERA/derivatives/preprocess/sub-MONSTERA19/sub-MONSTERA19_task-02_space-T1w_desc-preproc_bold_trim6TRs.nii.gz
calculating mean......
3dTstat -mean -prefix /projects/kuhl_lab/wanjiag/MONSTERA/derivatives/preprocess/sub-MONSTERA19/sub-MONSTERA19_task-02_space-T1w_desc-preproc_bold_trim6TRs_mean-img.nii.gz /projects/kuhl_lab/wanjiag/MONSTERA/derivatives/preprocess/sub-MONSTERA19/sub-MONSTERA19_task-02_space-T1w_desc-preproc_bold_trim6TRs.nii.gz
221009-10:54:21,267 nipype.interface INFO:
	 stderr 2022-10-09T10:54:21.267098:++ 3dTstat: AFNI version=AFNI_18.2.04 (Jul  6 2018) [64-bit]
221009-10:54:21,267 nipype.interface INFO:
	 stderr 2022-10-09T10:54:21.267098:++ Authored by: KR Hammett & RW Cox
221009-10:54:21,333 nipype.interface INFO:
	 stderr 2022-10-09T10:54:21.333353:** AFNI converts NIFTI_datatype=64 (FLOAT64) in file /projects/kuhl_lab/wanjiag/MONSTERA/derivatives/preprocess/sub-MONSTERA19/sub-MONSTERA19_task-02_space-T1w_desc-preproc_bold_trim6TRs.nii.gz to FLOAT32
221009-10:54:21,333 nipype.interface INFO:
	 stderr 2022-10-09T10:54:21.333353:     Warnings of this type will be muted for this session.
221009-10:54:21,333 nipype.interface INFO:
	 stderr 2022-10-09T10:54:21.333353:     Set AFNI_NIFTI_TYPE_WARN to YES to see them all, NO to see none.
221009-10:54:36,145 nipype.interface INFO:
	 stderr 2022-10-09T10:54:36.145374:++ Output dataset /projects/kuhl_lab/wanjiag/MONSTERA/derivatives/preprocess/sub-MONSTERA19/sub-MONSTERA19_task-02_space-T1w_desc-preproc_bold_trim6TRs_mean-img.nii.gz
calculating mean...output to /projects/kuhl_lab/wanjiag/MONSTERA/derivatives/preprocess/sub-MONSTERA19/sub-MONSTERA19_task-02_space-T1w_desc-preproc_bold_trim6TRs_mean-img.nii.gz
Centering data ......
3dcalc -a /projects/kuhl_lab/wanjiag/MONSTERA/derivatives/preprocess/sub-MONSTERA19/sub-MONSTERA19_task-02_space-T1w_desc-preproc_bold_trim6TRs.nii.gz -b /projects/kuhl_lab/wanjiag/MONSTERA/derivatives/preprocess/sub-MONSTERA19/sub-MONSTERA19_task-02_space-T1w_desc-preproc_bold_trim6TRs_mean-img.nii.gz -c /projects/kuhl_lab/wanjiag/MONSTERA/derivatives/preprocess/sub-MONSTERA19/sub-MONSTERA19_space-T1w_desc-brain_intersect_mask.nii.gz -expr "c * min(200, a/b*100)*step(a)*step(b)" -prefix /projects/kuhl_lab/wanjiag/MONSTERA/derivatives/preprocess/sub-MONSTERA19/sub-MONSTERA19_task-02_space-T1w_desc-preproc_bold_trim6TRs_centered-masked.nii.gz
221009-10:54:36,378 nipype.interface INFO:
	 stderr 2022-10-09T10:54:36.378208:++ 3dcalc: AFNI version=AFNI_18.2.04 (Jul  6 2018) [64-bit]
221009-10:54:36,378 nipype.interface INFO:
	 stderr 2022-10-09T10:54:36.378208:++ Authored by: A cast of thousands
221009-10:54:36,392 nipype.interface INFO:
	 stderr 2022-10-09T10:54:36.392348:** AFNI converts NIFTI_datatype=64 (FLOAT64) in file /projects/kuhl_lab/wanjiag/MONSTERA/derivatives/preprocess/sub-MONSTERA19/sub-MONSTERA19_task-02_space-T1w_desc-preproc_bold_trim6TRs.nii.gz to FLOAT32
221009-10:54:36,392 nipype.interface INFO:
	 stderr 2022-10-09T10:54:36.392348:     Warnings of this type will be muted for this session.
221009-10:54:36,392 nipype.interface INFO:
	 stderr 2022-10-09T10:54:36.392348:     Set AFNI_NIFTI_TYPE_WARN to YES to see them all, NO to see none.
221009-10:55:47,318 nipype.interface INFO:
	 stderr 2022-10-09T10:55:47.318391:++ Output dataset /projects/kuhl_lab/wanjiag/MONSTERA/derivatives/preprocess/sub-MONSTERA19/sub-MONSTERA19_task-02_space-T1w_desc-preproc_bold_trim6TRs_centered-masked.nii.gz
Centering data...output to /projects/kuhl_lab/wanjiag/MONSTERA/derivatives/preprocess/sub-MONSTERA19/sub-MONSTERA19_task-02_space-T1w_desc-preproc_bold_trim6TRs_centered-masked.nii.gz
triming data...
(81, 101, 86, 458)    (81, 101, 86, 452)
(1.702, 1.702, 1.7, 1.0)
[[  1.70200002   0.           0.         -70.21658325]
 [  0.           1.70200002   0.         -71.75187683]
 [  0.           0.           1.70000005 -62.07931519]
 [  0.           0.           0.           1.        ]]
triming data...output to /projects/kuhl_lab/wanjiag/MONSTERA/derivatives/preprocess/sub-MONSTERA19/sub-MONSTERA19_task-03_space-T1w_desc-preproc_bold_trim6TRs.nii.gz
calculating mean......
3dTstat -mean -prefix /projects/kuhl_lab/wanjiag/MONSTERA/derivatives/preprocess/sub-MONSTERA19/sub-MONSTERA19_task-03_space-T1w_desc-preproc_bold_trim6TRs_mean-img.nii.gz /projects/kuhl_lab/wanjiag/MONSTERA/derivatives/preprocess/sub-MONSTERA19/sub-MONSTERA19_task-03_space-T1w_desc-preproc_bold_trim6TRs.nii.gz
221009-10:56:52,538 nipype.interface INFO:
	 stderr 2022-10-09T10:56:52.538129:++ 3dTstat: AFNI version=AFNI_18.2.04 (Jul  6 2018) [64-bit]
221009-10:56:52,538 nipype.interface INFO:
	 stderr 2022-10-09T10:56:52.538129:++ Authored by: KR Hammett & RW Cox
221009-10:56:52,549 nipype.interface INFO:
	 stderr 2022-10-09T10:56:52.549348:** AFNI converts NIFTI_datatype=64 (FLOAT64) in file /projects/kuhl_lab/wanjiag/MONSTERA/derivatives/preprocess/sub-MONSTERA19/sub-MONSTERA19_task-03_space-T1w_desc-preproc_bold_trim6TRs.nii.gz to FLOAT32
221009-10:56:52,549 nipype.interface INFO:
	 stderr 2022-10-09T10:56:52.549348:     Warnings of this type will be muted for this session.
221009-10:56:52,549 nipype.interface INFO:
	 stderr 2022-10-09T10:56:52.549348:     Set AFNI_NIFTI_TYPE_WARN to YES to see them all, NO to see none.
221009-10:57:07,519 nipype.interface INFO:
	 stderr 2022-10-09T10:57:07.519783:++ Output dataset /projects/kuhl_lab/wanjiag/MONSTERA/derivatives/preprocess/sub-MONSTERA19/sub-MONSTERA19_task-03_space-T1w_desc-preproc_bold_trim6TRs_mean-img.nii.gz
calculating mean...output to /projects/kuhl_lab/wanjiag/MONSTERA/derivatives/preprocess/sub-MONSTERA19/sub-MONSTERA19_task-03_space-T1w_desc-preproc_bold_trim6TRs_mean-img.nii.gz
Centering data ......
3dcalc -a /projects/kuhl_lab/wanjiag/MONSTERA/derivatives/preprocess/sub-MONSTERA19/sub-MONSTERA19_task-03_space-T1w_desc-preproc_bold_trim6TRs.nii.gz -b /projects/kuhl_lab/wanjiag/MONSTERA/derivatives/preprocess/sub-MONSTERA19/sub-MONSTERA19_task-03_space-T1w_desc-preproc_bold_trim6TRs_mean-img.nii.gz -c /projects/kuhl_lab/wanjiag/MONSTERA/derivatives/preprocess/sub-MONSTERA19/sub-MONSTERA19_space-T1w_desc-brain_intersect_mask.nii.gz -expr "c * min(200, a/b*100)*step(a)*step(b)" -prefix /projects/kuhl_lab/wanjiag/MONSTERA/derivatives/preprocess/sub-MONSTERA19/sub-MONSTERA19_task-03_space-T1w_desc-preproc_bold_trim6TRs_centered-masked.nii.gz
221009-10:57:07,663 nipype.interface INFO:
	 stderr 2022-10-09T10:57:07.663474:++ 3dcalc: AFNI version=AFNI_18.2.04 (Jul  6 2018) [64-bit]
221009-10:57:07,663 nipype.interface INFO:
	 stderr 2022-10-09T10:57:07.663474:++ Authored by: A cast of thousands
221009-10:57:07,886 nipype.interface INFO:
	 stderr 2022-10-09T10:57:07.886357:** AFNI converts NIFTI_datatype=64 (FLOAT64) in file /projects/kuhl_lab/wanjiag/MONSTERA/derivatives/preprocess/sub-MONSTERA19/sub-MONSTERA19_task-03_space-T1w_desc-preproc_bold_trim6TRs.nii.gz to FLOAT32
221009-10:57:07,886 nipype.interface INFO:
	 stderr 2022-10-09T10:57:07.886357:     Warnings of this type will be muted for this session.
221009-10:57:07,886 nipype.interface INFO:
	 stderr 2022-10-09T10:57:07.886357:     Set AFNI_NIFTI_TYPE_WARN to YES to see them all, NO to see none.
221009-10:58:19,488 nipype.interface INFO:
	 stderr 2022-10-09T10:58:19.488003:++ Output dataset /projects/kuhl_lab/wanjiag/MONSTERA/derivatives/preprocess/sub-MONSTERA19/sub-MONSTERA19_task-03_space-T1w_desc-preproc_bold_trim6TRs_centered-masked.nii.gz
Centering data...output to /projects/kuhl_lab/wanjiag/MONSTERA/derivatives/preprocess/sub-MONSTERA19/sub-MONSTERA19_task-03_space-T1w_desc-preproc_bold_trim6TRs_centered-masked.nii.gz
triming data...
(81, 101, 86, 458)    (81, 101, 86, 452)
(1.702, 1.702, 1.7, 1.0)
[[  1.70200002   0.           0.         -70.21658325]
 [  0.           1.70200002   0.         -71.75187683]
 [  0.           0.           1.70000005 -62.07931519]
 [  0.           0.           0.           1.        ]]
triming data...output to /projects/kuhl_lab/wanjiag/MONSTERA/derivatives/preprocess/sub-MONSTERA19/sub-MONSTERA19_task-04_space-T1w_desc-preproc_bold_trim6TRs.nii.gz
calculating mean......
3dTstat -mean -prefix /projects/kuhl_lab/wanjiag/MONSTERA/derivatives/preprocess/sub-MONSTERA19/sub-MONSTERA19_task-04_space-T1w_desc-preproc_bold_trim6TRs_mean-img.nii.gz /projects/kuhl_lab/wanjiag/MONSTERA/derivatives/preprocess/sub-MONSTERA19/sub-MONSTERA19_task-04_space-T1w_desc-preproc_bold_trim6TRs.nii.gz
221009-10:59:25,236 nipype.interface INFO:
	 stderr 2022-10-09T10:59:25.236819:++ 3dTstat: AFNI version=AFNI_18.2.04 (Jul  6 2018) [64-bit]
221009-10:59:25,237 nipype.interface INFO:
	 stderr 2022-10-09T10:59:25.236819:++ Authored by: KR Hammett & RW Cox
221009-10:59:25,243 nipype.interface INFO:
	 stderr 2022-10-09T10:59:25.243330:** AFNI converts NIFTI_datatype=64 (FLOAT64) in file /projects/kuhl_lab/wanjiag/MONSTERA/derivatives/preprocess/sub-MONSTERA19/sub-MONSTERA19_task-04_space-T1w_desc-preproc_bold_trim6TRs.nii.gz to FLOAT32
221009-10:59:25,243 nipype.interface INFO:
	 stderr 2022-10-09T10:59:25.243330:     Warnings of this type will be muted for this session.
221009-10:59:25,243 nipype.interface INFO:
	 stderr 2022-10-09T10:59:25.243330:     Set AFNI_NIFTI_TYPE_WARN to YES to see them all, NO to see none.
221009-10:59:40,455 nipype.interface INFO:
	 stderr 2022-10-09T10:59:40.454992:++ Output dataset /projects/kuhl_lab/wanjiag/MONSTERA/derivatives/preprocess/sub-MONSTERA19/sub-MONSTERA19_task-04_space-T1w_desc-preproc_bold_trim6TRs_mean-img.nii.gz
calculating mean...output to /projects/kuhl_lab/wanjiag/MONSTERA/derivatives/preprocess/sub-MONSTERA19/sub-MONSTERA19_task-04_space-T1w_desc-preproc_bold_trim6TRs_mean-img.nii.gz
Centering data ......
3dcalc -a /projects/kuhl_lab/wanjiag/MONSTERA/derivatives/preprocess/sub-MONSTERA19/sub-MONSTERA19_task-04_space-T1w_desc-preproc_bold_trim6TRs.nii.gz -b /projects/kuhl_lab/wanjiag/MONSTERA/derivatives/preprocess/sub-MONSTERA19/sub-MONSTERA19_task-04_space-T1w_desc-preproc_bold_trim6TRs_mean-img.nii.gz -c /projects/kuhl_lab/wanjiag/MONSTERA/derivatives/preprocess/sub-MONSTERA19/sub-MONSTERA19_space-T1w_desc-brain_intersect_mask.nii.gz -expr "c * min(200, a/b*100)*step(a)*step(b)" -prefix /projects/kuhl_lab/wanjiag/MONSTERA/derivatives/preprocess/sub-MONSTERA19/sub-MONSTERA19_task-04_space-T1w_desc-preproc_bold_trim6TRs_centered-masked.nii.gz
221009-10:59:40,633 nipype.interface INFO:
	 stderr 2022-10-09T10:59:40.633836:++ 3dcalc: AFNI version=AFNI_18.2.04 (Jul  6 2018) [64-bit]
221009-10:59:40,634 nipype.interface INFO:
	 stderr 2022-10-09T10:59:40.633836:++ Authored by: A cast of thousands
221009-10:59:40,643 nipype.interface INFO:
	 stderr 2022-10-09T10:59:40.643344:** AFNI converts NIFTI_datatype=64 (FLOAT64) in file /projects/kuhl_lab/wanjiag/MONSTERA/derivatives/preprocess/sub-MONSTERA19/sub-MONSTERA19_task-04_space-T1w_desc-preproc_bold_trim6TRs.nii.gz to FLOAT32
221009-10:59:40,643 nipype.interface INFO:
	 stderr 2022-10-09T10:59:40.643344:     Warnings of this type will be muted for this session.
221009-10:59:40,643 nipype.interface INFO:
	 stderr 2022-10-09T10:59:40.643344:     Set AFNI_NIFTI_TYPE_WARN to YES to see them all, NO to see none.
221009-11:00:52,415 nipype.interface INFO:
	 stderr 2022-10-09T11:00:52.415422:++ Output dataset /projects/kuhl_lab/wanjiag/MONSTERA/derivatives/preprocess/sub-MONSTERA19/sub-MONSTERA19_task-04_space-T1w_desc-preproc_bold_trim6TRs_centered-masked.nii.gz
Centering data...output to /projects/kuhl_lab/wanjiag/MONSTERA/derivatives/preprocess/sub-MONSTERA19/sub-MONSTERA19_task-04_space-T1w_desc-preproc_bold_trim6TRs_centered-masked.nii.gz
triming data...
(81, 101, 86, 458)    (81, 101, 86, 452)
(1.702, 1.702, 1.7, 1.0)
[[  1.70200002   0.           0.         -70.21658325]
 [  0.           1.70200002   0.         -71.75187683]
 [  0.           0.           1.70000005 -62.07931519]
 [  0.           0.           0.           1.        ]]
triming data...output to /projects/kuhl_lab/wanjiag/MONSTERA/derivatives/preprocess/sub-MONSTERA19/sub-MONSTERA19_task-05_space-T1w_desc-preproc_bold_trim6TRs.nii.gz
calculating mean......
3dTstat -mean -prefix /projects/kuhl_lab/wanjiag/MONSTERA/derivatives/preprocess/sub-MONSTERA19/sub-MONSTERA19_task-05_space-T1w_desc-preproc_bold_trim6TRs_mean-img.nii.gz /projects/kuhl_lab/wanjiag/MONSTERA/derivatives/preprocess/sub-MONSTERA19/sub-MONSTERA19_task-05_space-T1w_desc-preproc_bold_trim6TRs.nii.gz
221009-11:01:55,295 nipype.interface INFO:
	 stderr 2022-10-09T11:01:55.295621:++ 3dTstat: AFNI version=AFNI_18.2.04 (Jul  6 2018) [64-bit]
221009-11:01:55,295 nipype.interface INFO:
	 stderr 2022-10-09T11:01:55.295621:++ Authored by: KR Hammett & RW Cox
221009-11:01:55,306 nipype.interface INFO:
	 stderr 2022-10-09T11:01:55.306340:** AFNI converts NIFTI_datatype=64 (FLOAT64) in file /projects/kuhl_lab/wanjiag/MONSTERA/derivatives/preprocess/sub-MONSTERA19/sub-MONSTERA19_task-05_space-T1w_desc-preproc_bold_trim6TRs.nii.gz to FLOAT32
221009-11:01:55,306 nipype.interface INFO:
	 stderr 2022-10-09T11:01:55.306340:     Warnings of this type will be muted for this session.
221009-11:01:55,306 nipype.interface INFO:
	 stderr 2022-10-09T11:01:55.306340:     Set AFNI_NIFTI_TYPE_WARN to YES to see them all, NO to see none.
221009-11:02:07,696 nipype.interface INFO:
	 stderr 2022-10-09T11:02:07.696348:++ Output dataset /projects/kuhl_lab/wanjiag/MONSTERA/derivatives/preprocess/sub-MONSTERA19/sub-MONSTERA19_task-05_space-T1w_desc-preproc_bold_trim6TRs_mean-img.nii.gz
calculating mean...output to /projects/kuhl_lab/wanjiag/MONSTERA/derivatives/preprocess/sub-MONSTERA19/sub-MONSTERA19_task-05_space-T1w_desc-preproc_bold_trim6TRs_mean-img.nii.gz
Centering data ......
3dcalc -a /projects/kuhl_lab/wanjiag/MONSTERA/derivatives/preprocess/sub-MONSTERA19/sub-MONSTERA19_task-05_space-T1w_desc-preproc_bold_trim6TRs.nii.gz -b /projects/kuhl_lab/wanjiag/MONSTERA/derivatives/preprocess/sub-MONSTERA19/sub-MONSTERA19_task-05_space-T1w_desc-preproc_bold_trim6TRs_mean-img.nii.gz -c /projects/kuhl_lab/wanjiag/MONSTERA/derivatives/preprocess/sub-MONSTERA19/sub-MONSTERA19_space-T1w_desc-brain_intersect_mask.nii.gz -expr "c * min(200, a/b*100)*step(a)*step(b)" -prefix /projects/kuhl_lab/wanjiag/MONSTERA/derivatives/preprocess/sub-MONSTERA19/sub-MONSTERA19_task-05_space-T1w_desc-preproc_bold_trim6TRs_centered-masked.nii.gz
221009-11:02:07,844 nipype.interface INFO:
	 stderr 2022-10-09T11:02:07.844189:++ 3dcalc: AFNI version=AFNI_18.2.04 (Jul  6 2018) [64-bit]
221009-11:02:07,844 nipype.interface INFO:
	 stderr 2022-10-09T11:02:07.844189:++ Authored by: A cast of thousands
221009-11:02:07,854 nipype.interface INFO:
	 stderr 2022-10-09T11:02:07.854350:** AFNI converts NIFTI_datatype=64 (FLOAT64) in file /projects/kuhl_lab/wanjiag/MONSTERA/derivatives/preprocess/sub-MONSTERA19/sub-MONSTERA19_task-05_space-T1w_desc-preproc_bold_trim6TRs.nii.gz to FLOAT32
221009-11:02:07,854 nipype.interface INFO:
	 stderr 2022-10-09T11:02:07.854350:     Warnings of this type will be muted for this session.
221009-11:02:07,854 nipype.interface INFO:
	 stderr 2022-10-09T11:02:07.854350:     Set AFNI_NIFTI_TYPE_WARN to YES to see them all, NO to see none.
221009-11:03:05,363 nipype.interface INFO:
	 stderr 2022-10-09T11:03:05.363336:++ Output dataset /projects/kuhl_lab/wanjiag/MONSTERA/derivatives/preprocess/sub-MONSTERA19/sub-MONSTERA19_task-05_space-T1w_desc-preproc_bold_trim6TRs_centered-masked.nii.gz
Centering data...output to /projects/kuhl_lab/wanjiag/MONSTERA/derivatives/preprocess/sub-MONSTERA19/sub-MONSTERA19_task-05_space-T1w_desc-preproc_bold_trim6TRs_centered-masked.nii.gz
triming data...
(81, 101, 86, 458)    (81, 101, 86, 452)
(1.702, 1.702, 1.7, 1.0)
[[  1.70200002   0.           0.         -70.21658325]
 [  0.           1.70200002   0.         -71.75187683]
 [  0.           0.           1.70000005 -62.07931519]
 [  0.           0.           0.           1.        ]]
triming data...output to /projects/kuhl_lab/wanjiag/MONSTERA/derivatives/preprocess/sub-MONSTERA19/sub-MONSTERA19_task-06_space-T1w_desc-preproc_bold_trim6TRs.nii.gz
calculating mean......
3dTstat -mean -prefix /projects/kuhl_lab/wanjiag/MONSTERA/derivatives/preprocess/sub-MONSTERA19/sub-MONSTERA19_task-06_space-T1w_desc-preproc_bold_trim6TRs_mean-img.nii.gz /projects/kuhl_lab/wanjiag/MONSTERA/derivatives/preprocess/sub-MONSTERA19/sub-MONSTERA19_task-06_space-T1w_desc-preproc_bold_trim6TRs.nii.gz
221009-11:03:59,806 nipype.interface INFO:
	 stderr 2022-10-09T11:03:59.806743:++ 3dTstat: AFNI version=AFNI_18.2.04 (Jul  6 2018) [64-bit]
221009-11:03:59,807 nipype.interface INFO:
	 stderr 2022-10-09T11:03:59.806743:++ Authored by: KR Hammett & RW Cox
221009-11:03:59,813 nipype.interface INFO:
	 stderr 2022-10-09T11:03:59.813334:** AFNI converts NIFTI_datatype=64 (FLOAT64) in file /projects/kuhl_lab/wanjiag/MONSTERA/derivatives/preprocess/sub-MONSTERA19/sub-MONSTERA19_task-06_space-T1w_desc-preproc_bold_trim6TRs.nii.gz to FLOAT32
221009-11:03:59,813 nipype.interface INFO:
	 stderr 2022-10-09T11:03:59.813334:     Warnings of this type will be muted for this session.
221009-11:03:59,813 nipype.interface INFO:
	 stderr 2022-10-09T11:03:59.813334:     Set AFNI_NIFTI_TYPE_WARN to YES to see them all, NO to see none.
221009-11:04:11,891 nipype.interface INFO:
	 stderr 2022-10-09T11:04:11.891384:++ Output dataset /projects/kuhl_lab/wanjiag/MONSTERA/derivatives/preprocess/sub-MONSTERA19/sub-MONSTERA19_task-06_space-T1w_desc-preproc_bold_trim6TRs_mean-img.nii.gz
calculating mean...output to /projects/kuhl_lab/wanjiag/MONSTERA/derivatives/preprocess/sub-MONSTERA19/sub-MONSTERA19_task-06_space-T1w_desc-preproc_bold_trim6TRs_mean-img.nii.gz
Centering data ......
3dcalc -a /projects/kuhl_lab/wanjiag/MONSTERA/derivatives/preprocess/sub-MONSTERA19/sub-MONSTERA19_task-06_space-T1w_desc-preproc_bold_trim6TRs.nii.gz -b /projects/kuhl_lab/wanjiag/MONSTERA/derivatives/preprocess/sub-MONSTERA19/sub-MONSTERA19_task-06_space-T1w_desc-preproc_bold_trim6TRs_mean-img.nii.gz -c /projects/kuhl_lab/wanjiag/MONSTERA/derivatives/preprocess/sub-MONSTERA19/sub-MONSTERA19_space-T1w_desc-brain_intersect_mask.nii.gz -expr "c * min(200, a/b*100)*step(a)*step(b)" -prefix /projects/kuhl_lab/wanjiag/MONSTERA/derivatives/preprocess/sub-MONSTERA19/sub-MONSTERA19_task-06_space-T1w_desc-preproc_bold_trim6TRs_centered-masked.nii.gz
221009-11:04:11,998 nipype.interface INFO:
	 stderr 2022-10-09T11:04:11.998056:++ 3dcalc: AFNI version=AFNI_18.2.04 (Jul  6 2018) [64-bit]
221009-11:04:11,998 nipype.interface INFO:
	 stderr 2022-10-09T11:04:11.998056:++ Authored by: A cast of thousands
221009-11:04:12,5 nipype.interface INFO:
	 stderr 2022-10-09T11:04:12.005435:** AFNI converts NIFTI_datatype=64 (FLOAT64) in file /projects/kuhl_lab/wanjiag/MONSTERA/derivatives/preprocess/sub-MONSTERA19/sub-MONSTERA19_task-06_space-T1w_desc-preproc_bold_trim6TRs.nii.gz to FLOAT32
221009-11:04:12,5 nipype.interface INFO:
	 stderr 2022-10-09T11:04:12.005435:     Warnings of this type will be muted for this session.
221009-11:04:12,5 nipype.interface INFO:
	 stderr 2022-10-09T11:04:12.005435:     Set AFNI_NIFTI_TYPE_WARN to YES to see them all, NO to see none.
221009-11:05:09,253 nipype.interface INFO:
	 stderr 2022-10-09T11:05:09.253357:++ Output dataset /projects/kuhl_lab/wanjiag/MONSTERA/derivatives/preprocess/sub-MONSTERA19/sub-MONSTERA19_task-06_space-T1w_desc-preproc_bold_trim6TRs_centered-masked.nii.gz
Centering data...output to /projects/kuhl_lab/wanjiag/MONSTERA/derivatives/preprocess/sub-MONSTERA19/sub-MONSTERA19_task-06_space-T1w_desc-preproc_bold_trim6TRs_centered-masked.nii.gz
triming data...
(81, 101, 86, 458)    (81, 101, 86, 452)
(1.702, 1.702, 1.7, 1.0)
[[  1.70200002   0.           0.         -70.21658325]
 [  0.           1.70200002   0.         -71.75187683]
 [  0.           0.           1.70000005 -62.07931519]
 [  0.           0.           0.           1.        ]]
triming data...output to /projects/kuhl_lab/wanjiag/MONSTERA/derivatives/preprocess/sub-MONSTERA19/sub-MONSTERA19_task-07_space-T1w_desc-preproc_bold_trim6TRs.nii.gz
calculating mean......
3dTstat -mean -prefix /projects/kuhl_lab/wanjiag/MONSTERA/derivatives/preprocess/sub-MONSTERA19/sub-MONSTERA19_task-07_space-T1w_desc-preproc_bold_trim6TRs_mean-img.nii.gz /projects/kuhl_lab/wanjiag/MONSTERA/derivatives/preprocess/sub-MONSTERA19/sub-MONSTERA19_task-07_space-T1w_desc-preproc_bold_trim6TRs.nii.gz
221009-11:06:03,397 nipype.interface INFO:
	 stderr 2022-10-09T11:06:03.397446:++ 3dTstat: AFNI version=AFNI_18.2.04 (Jul  6 2018) [64-bit]
221009-11:06:03,397 nipype.interface INFO:
	 stderr 2022-10-09T11:06:03.397446:++ Authored by: KR Hammett & RW Cox
221009-11:06:03,404 nipype.interface INFO:
	 stderr 2022-10-09T11:06:03.404340:** AFNI converts NIFTI_datatype=64 (FLOAT64) in file /projects/kuhl_lab/wanjiag/MONSTERA/derivatives/preprocess/sub-MONSTERA19/sub-MONSTERA19_task-07_space-T1w_desc-preproc_bold_trim6TRs.nii.gz to FLOAT32
221009-11:06:03,404 nipype.interface INFO:
	 stderr 2022-10-09T11:06:03.404340:     Warnings of this type will be muted for this session.
221009-11:06:03,404 nipype.interface INFO:
	 stderr 2022-10-09T11:06:03.404340:     Set AFNI_NIFTI_TYPE_WARN to YES to see them all, NO to see none.
221009-11:06:15,599 nipype.interface INFO:
	 stderr 2022-10-09T11:06:15.599689:++ Output dataset /projects/kuhl_lab/wanjiag/MONSTERA/derivatives/preprocess/sub-MONSTERA19/sub-MONSTERA19_task-07_space-T1w_desc-preproc_bold_trim6TRs_mean-img.nii.gz
calculating mean...output to /projects/kuhl_lab/wanjiag/MONSTERA/derivatives/preprocess/sub-MONSTERA19/sub-MONSTERA19_task-07_space-T1w_desc-preproc_bold_trim6TRs_mean-img.nii.gz
Centering data ......
3dcalc -a /projects/kuhl_lab/wanjiag/MONSTERA/derivatives/preprocess/sub-MONSTERA19/sub-MONSTERA19_task-07_space-T1w_desc-preproc_bold_trim6TRs.nii.gz -b /projects/kuhl_lab/wanjiag/MONSTERA/derivatives/preprocess/sub-MONSTERA19/sub-MONSTERA19_task-07_space-T1w_desc-preproc_bold_trim6TRs_mean-img.nii.gz -c /projects/kuhl_lab/wanjiag/MONSTERA/derivatives/preprocess/sub-MONSTERA19/sub-MONSTERA19_space-T1w_desc-brain_intersect_mask.nii.gz -expr "c * min(200, a/b*100)*step(a)*step(b)" -prefix /projects/kuhl_lab/wanjiag/MONSTERA/derivatives/preprocess/sub-MONSTERA19/sub-MONSTERA19_task-07_space-T1w_desc-preproc_bold_trim6TRs_centered-masked.nii.gz
221009-11:06:15,693 nipype.interface INFO:
	 stderr 2022-10-09T11:06:15.693118:++ 3dcalc: AFNI version=AFNI_18.2.04 (Jul  6 2018) [64-bit]
221009-11:06:15,693 nipype.interface INFO:
	 stderr 2022-10-09T11:06:15.693118:++ Authored by: A cast of thousands
221009-11:06:15,717 nipype.interface INFO:
	 stderr 2022-10-09T11:06:15.717344:** AFNI converts NIFTI_datatype=64 (FLOAT64) in file /projects/kuhl_lab/wanjiag/MONSTERA/derivatives/preprocess/sub-MONSTERA19/sub-MONSTERA19_task-07_space-T1w_desc-preproc_bold_trim6TRs.nii.gz to FLOAT32
221009-11:06:15,717 nipype.interface INFO:
	 stderr 2022-10-09T11:06:15.717344:     Warnings of this type will be muted for this session.
221009-11:06:15,717 nipype.interface INFO:
	 stderr 2022-10-09T11:06:15.717344:     Set AFNI_NIFTI_TYPE_WARN to YES to see them all, NO to see none.
221009-11:07:13,260 nipype.interface INFO:
	 stderr 2022-10-09T11:07:13.260337:++ Output dataset /projects/kuhl_lab/wanjiag/MONSTERA/derivatives/preprocess/sub-MONSTERA19/sub-MONSTERA19_task-07_space-T1w_desc-preproc_bold_trim6TRs_centered-masked.nii.gz
Centering data...output to /projects/kuhl_lab/wanjiag/MONSTERA/derivatives/preprocess/sub-MONSTERA19/sub-MONSTERA19_task-07_space-T1w_desc-preproc_bold_trim6TRs_centered-masked.nii.gz
triming data...
(81, 101, 86, 458)    (81, 101, 86, 452)
(1.702, 1.702, 1.7, 1.0)
[[  1.70200002   0.           0.         -70.21658325]
 [  0.           1.70200002   0.         -71.75187683]
 [  0.           0.           1.70000005 -62.07931519]
 [  0.           0.           0.           1.        ]]
triming data...output to /projects/kuhl_lab/wanjiag/MONSTERA/derivatives/preprocess/sub-MONSTERA19/sub-MONSTERA19_task-08_space-T1w_desc-preproc_bold_trim6TRs.nii.gz
calculating mean......
3dTstat -mean -prefix /projects/kuhl_lab/wanjiag/MONSTERA/derivatives/preprocess/sub-MONSTERA19/sub-MONSTERA19_task-08_space-T1w_desc-preproc_bold_trim6TRs_mean-img.nii.gz /projects/kuhl_lab/wanjiag/MONSTERA/derivatives/preprocess/sub-MONSTERA19/sub-MONSTERA19_task-08_space-T1w_desc-preproc_bold_trim6TRs.nii.gz
221009-11:08:08,198 nipype.interface INFO:
	 stderr 2022-10-09T11:08:08.198900:++ 3dTstat: AFNI version=AFNI_18.2.04 (Jul  6 2018) [64-bit]
221009-11:08:08,199 nipype.interface INFO:
	 stderr 2022-10-09T11:08:08.198900:++ Authored by: KR Hammett & RW Cox
221009-11:08:08,205 nipype.interface INFO:
	 stderr 2022-10-09T11:08:08.205343:** AFNI converts NIFTI_datatype=64 (FLOAT64) in file /projects/kuhl_lab/wanjiag/MONSTERA/derivatives/preprocess/sub-MONSTERA19/sub-MONSTERA19_task-08_space-T1w_desc-preproc_bold_trim6TRs.nii.gz to FLOAT32
221009-11:08:08,205 nipype.interface INFO:
	 stderr 2022-10-09T11:08:08.205343:     Warnings of this type will be muted for this session.
221009-11:08:08,205 nipype.interface INFO:
	 stderr 2022-10-09T11:08:08.205343:     Set AFNI_NIFTI_TYPE_WARN to YES to see them all, NO to see none.
221009-11:08:20,367 nipype.interface INFO:
	 stderr 2022-10-09T11:08:20.367353:++ Output dataset /projects/kuhl_lab/wanjiag/MONSTERA/derivatives/preprocess/sub-MONSTERA19/sub-MONSTERA19_task-08_space-T1w_desc-preproc_bold_trim6TRs_mean-img.nii.gz
calculating mean...output to /projects/kuhl_lab/wanjiag/MONSTERA/derivatives/preprocess/sub-MONSTERA19/sub-MONSTERA19_task-08_space-T1w_desc-preproc_bold_trim6TRs_mean-img.nii.gz
Centering data ......
3dcalc -a /projects/kuhl_lab/wanjiag/MONSTERA/derivatives/preprocess/sub-MONSTERA19/sub-MONSTERA19_task-08_space-T1w_desc-preproc_bold_trim6TRs.nii.gz -b /projects/kuhl_lab/wanjiag/MONSTERA/derivatives/preprocess/sub-MONSTERA19/sub-MONSTERA19_task-08_space-T1w_desc-preproc_bold_trim6TRs_mean-img.nii.gz -c /projects/kuhl_lab/wanjiag/MONSTERA/derivatives/preprocess/sub-MONSTERA19/sub-MONSTERA19_space-T1w_desc-brain_intersect_mask.nii.gz -expr "c * min(200, a/b*100)*step(a)*step(b)" -prefix /projects/kuhl_lab/wanjiag/MONSTERA/derivatives/preprocess/sub-MONSTERA19/sub-MONSTERA19_task-08_space-T1w_desc-preproc_bold_trim6TRs_centered-masked.nii.gz
221009-11:08:20,505 nipype.interface INFO:
	 stderr 2022-10-09T11:08:20.505827:++ 3dcalc: AFNI version=AFNI_18.2.04 (Jul  6 2018) [64-bit]
221009-11:08:20,506 nipype.interface INFO:
	 stderr 2022-10-09T11:08:20.505827:++ Authored by: A cast of thousands
221009-11:08:20,516 nipype.interface INFO:
	 stderr 2022-10-09T11:08:20.516341:** AFNI converts NIFTI_datatype=64 (FLOAT64) in file /projects/kuhl_lab/wanjiag/MONSTERA/derivatives/preprocess/sub-MONSTERA19/sub-MONSTERA19_task-08_space-T1w_desc-preproc_bold_trim6TRs.nii.gz to FLOAT32
221009-11:08:20,516 nipype.interface INFO:
	 stderr 2022-10-09T11:08:20.516341:     Warnings of this type will be muted for this session.
221009-11:08:20,516 nipype.interface INFO:
	 stderr 2022-10-09T11:08:20.516341:     Set AFNI_NIFTI_TYPE_WARN to YES to see them all, NO to see none.
221009-11:09:18,373 nipype.interface INFO:
	 stderr 2022-10-09T11:09:18.373376:++ Output dataset /projects/kuhl_lab/wanjiag/MONSTERA/derivatives/preprocess/sub-MONSTERA19/sub-MONSTERA19_task-08_space-T1w_desc-preproc_bold_trim6TRs_centered-masked.nii.gz
Centering data...output to /projects/kuhl_lab/wanjiag/MONSTERA/derivatives/preprocess/sub-MONSTERA19/sub-MONSTERA19_task-08_space-T1w_desc-preproc_bold_trim6TRs_centered-masked.nii.gz
triming data...
(81, 101, 86, 458)    (81, 101, 86, 452)
(1.702, 1.702, 1.7, 1.0)
[[  1.70200002   0.           0.         -70.21658325]
 [  0.           1.70200002   0.         -71.75187683]
 [  0.           0.           1.70000005 -62.07931519]
 [  0.           0.           0.           1.        ]]
triming data...output to /projects/kuhl_lab/wanjiag/MONSTERA/derivatives/preprocess/sub-MONSTERA19/sub-MONSTERA19_task-09_space-T1w_desc-preproc_bold_trim6TRs.nii.gz
calculating mean......
3dTstat -mean -prefix /projects/kuhl_lab/wanjiag/MONSTERA/derivatives/preprocess/sub-MONSTERA19/sub-MONSTERA19_task-09_space-T1w_desc-preproc_bold_trim6TRs_mean-img.nii.gz /projects/kuhl_lab/wanjiag/MONSTERA/derivatives/preprocess/sub-MONSTERA19/sub-MONSTERA19_task-09_space-T1w_desc-preproc_bold_trim6TRs.nii.gz
221009-11:10:12,604 nipype.interface INFO:
	 stderr 2022-10-09T11:10:12.604409:++ 3dTstat: AFNI version=AFNI_18.2.04 (Jul  6 2018) [64-bit]
221009-11:10:12,604 nipype.interface INFO:
	 stderr 2022-10-09T11:10:12.604409:++ Authored by: KR Hammett & RW Cox
221009-11:10:12,615 nipype.interface INFO:
	 stderr 2022-10-09T11:10:12.615343:** AFNI converts NIFTI_datatype=64 (FLOAT64) in file /projects/kuhl_lab/wanjiag/MONSTERA/derivatives/preprocess/sub-MONSTERA19/sub-MONSTERA19_task-09_space-T1w_desc-preproc_bold_trim6TRs.nii.gz to FLOAT32
221009-11:10:12,615 nipype.interface INFO:
	 stderr 2022-10-09T11:10:12.615343:     Warnings of this type will be muted for this session.
221009-11:10:12,615 nipype.interface INFO:
	 stderr 2022-10-09T11:10:12.615343:     Set AFNI_NIFTI_TYPE_WARN to YES to see them all, NO to see none.
221009-11:10:24,736 nipype.interface INFO:
	 stderr 2022-10-09T11:10:24.736604:++ Output dataset /projects/kuhl_lab/wanjiag/MONSTERA/derivatives/preprocess/sub-MONSTERA19/sub-MONSTERA19_task-09_space-T1w_desc-preproc_bold_trim6TRs_mean-img.nii.gz
calculating mean...output to /projects/kuhl_lab/wanjiag/MONSTERA/derivatives/preprocess/sub-MONSTERA19/sub-MONSTERA19_task-09_space-T1w_desc-preproc_bold_trim6TRs_mean-img.nii.gz
Centering data ......
3dcalc -a /projects/kuhl_lab/wanjiag/MONSTERA/derivatives/preprocess/sub-MONSTERA19/sub-MONSTERA19_task-09_space-T1w_desc-preproc_bold_trim6TRs.nii.gz -b /projects/kuhl_lab/wanjiag/MONSTERA/derivatives/preprocess/sub-MONSTERA19/sub-MONSTERA19_task-09_space-T1w_desc-preproc_bold_trim6TRs_mean-img.nii.gz -c /projects/kuhl_lab/wanjiag/MONSTERA/derivatives/preprocess/sub-MONSTERA19/sub-MONSTERA19_space-T1w_desc-brain_intersect_mask.nii.gz -expr "c * min(200, a/b*100)*step(a)*step(b)" -prefix /projects/kuhl_lab/wanjiag/MONSTERA/derivatives/preprocess/sub-MONSTERA19/sub-MONSTERA19_task-09_space-T1w_desc-preproc_bold_trim6TRs_centered-masked.nii.gz
221009-11:10:24,835 nipype.interface INFO:
	 stderr 2022-10-09T11:10:24.835690:++ 3dcalc: AFNI version=AFNI_18.2.04 (Jul  6 2018) [64-bit]
221009-11:10:24,835 nipype.interface INFO:
	 stderr 2022-10-09T11:10:24.835690:++ Authored by: A cast of thousands
221009-11:10:24,846 nipype.interface INFO:
	 stderr 2022-10-09T11:10:24.846340:** AFNI converts NIFTI_datatype=64 (FLOAT64) in file /projects/kuhl_lab/wanjiag/MONSTERA/derivatives/preprocess/sub-MONSTERA19/sub-MONSTERA19_task-09_space-T1w_desc-preproc_bold_trim6TRs.nii.gz to FLOAT32
221009-11:10:24,846 nipype.interface INFO:
	 stderr 2022-10-09T11:10:24.846340:     Warnings of this type will be muted for this session.
221009-11:10:24,846 nipype.interface INFO:
	 stderr 2022-10-09T11:10:24.846340:     Set AFNI_NIFTI_TYPE_WARN to YES to see them all, NO to see none.
221009-11:11:22,105 nipype.interface INFO:
	 stderr 2022-10-09T11:11:22.105328:++ Output dataset /projects/kuhl_lab/wanjiag/MONSTERA/derivatives/preprocess/sub-MONSTERA19/sub-MONSTERA19_task-09_space-T1w_desc-preproc_bold_trim6TRs_centered-masked.nii.gz
Centering data...output to /projects/kuhl_lab/wanjiag/MONSTERA/derivatives/preprocess/sub-MONSTERA19/sub-MONSTERA19_task-09_space-T1w_desc-preproc_bold_trim6TRs_centered-masked.nii.gz
triming data...
(81, 101, 86, 458)    (81, 101, 86, 452)
(1.702, 1.702, 1.7, 1.0)
[[  1.70200002   0.           0.         -70.21658325]
 [  0.           1.70200002   0.         -71.75187683]
 [  0.           0.           1.70000005 -62.07931519]
 [  0.           0.           0.           1.        ]]
triming data...output to /projects/kuhl_lab/wanjiag/MONSTERA/derivatives/preprocess/sub-MONSTERA19/sub-MONSTERA19_task-10_space-T1w_desc-preproc_bold_trim6TRs.nii.gz
calculating mean......
3dTstat -mean -prefix /projects/kuhl_lab/wanjiag/MONSTERA/derivatives/preprocess/sub-MONSTERA19/sub-MONSTERA19_task-10_space-T1w_desc-preproc_bold_trim6TRs_mean-img.nii.gz /projects/kuhl_lab/wanjiag/MONSTERA/derivatives/preprocess/sub-MONSTERA19/sub-MONSTERA19_task-10_space-T1w_desc-preproc_bold_trim6TRs.nii.gz
221009-11:12:16,255 nipype.interface INFO:
	 stderr 2022-10-09T11:12:16.255767:++ 3dTstat: AFNI version=AFNI_18.2.04 (Jul  6 2018) [64-bit]
221009-11:12:16,256 nipype.interface INFO:
	 stderr 2022-10-09T11:12:16.255767:++ Authored by: KR Hammett & RW Cox
221009-11:12:16,266 nipype.interface INFO:
	 stderr 2022-10-09T11:12:16.266342:** AFNI converts NIFTI_datatype=64 (FLOAT64) in file /projects/kuhl_lab/wanjiag/MONSTERA/derivatives/preprocess/sub-MONSTERA19/sub-MONSTERA19_task-10_space-T1w_desc-preproc_bold_trim6TRs.nii.gz to FLOAT32
221009-11:12:16,266 nipype.interface INFO:
	 stderr 2022-10-09T11:12:16.266342:     Warnings of this type will be muted for this session.
221009-11:12:16,266 nipype.interface INFO:
	 stderr 2022-10-09T11:12:16.266342:     Set AFNI_NIFTI_TYPE_WARN to YES to see them all, NO to see none.
221009-11:12:28,368 nipype.interface INFO:
	 stderr 2022-10-09T11:12:28.368378:++ Output dataset /projects/kuhl_lab/wanjiag/MONSTERA/derivatives/preprocess/sub-MONSTERA19/sub-MONSTERA19_task-10_space-T1w_desc-preproc_bold_trim6TRs_mean-img.nii.gz
calculating mean...output to /projects/kuhl_lab/wanjiag/MONSTERA/derivatives/preprocess/sub-MONSTERA19/sub-MONSTERA19_task-10_space-T1w_desc-preproc_bold_trim6TRs_mean-img.nii.gz
Centering data ......
3dcalc -a /projects/kuhl_lab/wanjiag/MONSTERA/derivatives/preprocess/sub-MONSTERA19/sub-MONSTERA19_task-10_space-T1w_desc-preproc_bold_trim6TRs.nii.gz -b /projects/kuhl_lab/wanjiag/MONSTERA/derivatives/preprocess/sub-MONSTERA19/sub-MONSTERA19_task-10_space-T1w_desc-preproc_bold_trim6TRs_mean-img.nii.gz -c /projects/kuhl_lab/wanjiag/MONSTERA/derivatives/preprocess/sub-MONSTERA19/sub-MONSTERA19_space-T1w_desc-brain_intersect_mask.nii.gz -expr "c * min(200, a/b*100)*step(a)*step(b)" -prefix /projects/kuhl_lab/wanjiag/MONSTERA/derivatives/preprocess/sub-MONSTERA19/sub-MONSTERA19_task-10_space-T1w_desc-preproc_bold_trim6TRs_centered-masked.nii.gz
221009-11:12:28,474 nipype.interface INFO:
	 stderr 2022-10-09T11:12:28.474865:++ 3dcalc: AFNI version=AFNI_18.2.04 (Jul  6 2018) [64-bit]
221009-11:12:28,475 nipype.interface INFO:
	 stderr 2022-10-09T11:12:28.474865:++ Authored by: A cast of thousands
221009-11:12:28,485 nipype.interface INFO:
	 stderr 2022-10-09T11:12:28.485350:** AFNI converts NIFTI_datatype=64 (FLOAT64) in file /projects/kuhl_lab/wanjiag/MONSTERA/derivatives/preprocess/sub-MONSTERA19/sub-MONSTERA19_task-10_space-T1w_desc-preproc_bold_trim6TRs.nii.gz to FLOAT32
221009-11:12:28,485 nipype.interface INFO:
	 stderr 2022-10-09T11:12:28.485350:     Warnings of this type will be muted for this session.
221009-11:12:28,485 nipype.interface INFO:
	 stderr 2022-10-09T11:12:28.485350:     Set AFNI_NIFTI_TYPE_WARN to YES to see them all, NO to see none.
221009-11:13:25,835 nipype.interface INFO:
	 stderr 2022-10-09T11:13:25.835376:++ Output dataset /projects/kuhl_lab/wanjiag/MONSTERA/derivatives/preprocess/sub-MONSTERA19/sub-MONSTERA19_task-10_space-T1w_desc-preproc_bold_trim6TRs_centered-masked.nii.gz
Centering data...output to /projects/kuhl_lab/wanjiag/MONSTERA/derivatives/preprocess/sub-MONSTERA19/sub-MONSTERA19_task-10_space-T1w_desc-preproc_bold_trim6TRs_centered-masked.nii.gz
