['sub-MONSTERA01', 'sub-MONSTERA02', 'sub-MONSTERA03', 'sub-MONSTERA04', 'sub-MONSTERA05', 'sub-MONSTERA06', 'sub-MONSTERA07', 'sub-MONSTERA08', 'sub-MONSTERA09', 'sub-MONSTERA10', 'sub-MONSTERA11', 'sub-MONSTERA12', 'sub-MONSTERA13']
sub-MONSTERA01
calculating mask intersection...
-------------------- Mask file existed for sub-MONSTERA01. Skipped. --------------------
-------------------- file existed for: sub-MONSTERA01 task-01. Skipped. --------------------
-------------------- file existed for: sub-MONSTERA01 task-02. Skipped. --------------------
-------------------- file existed for: sub-MONSTERA01 task-03. Skipped. --------------------
-------------------- file existed for: sub-MONSTERA01 task-04. Skipped. --------------------
-------------------- file existed for: sub-MONSTERA01 task-05. Skipped. --------------------
-------------------- file existed for: sub-MONSTERA01 task-06. Skipped. --------------------
-------------------- file existed for: sub-MONSTERA01 task-07. Skipped. --------------------
-------------------- file existed for: sub-MONSTERA01 task-08. Skipped. --------------------
-------------------- file existed for: sub-MONSTERA01 task-09. Skipped. --------------------
-------------------- file existed for: sub-MONSTERA01 task-10. Skipped. --------------------
sub-MONSTERA02
calculating mask intersection...
-------------------- Mask file existed for sub-MONSTERA02. Skipped. --------------------
-------------------- file existed for: sub-MONSTERA02 task-01. Skipped. --------------------
-------------------- file existed for: sub-MONSTERA02 task-02. Skipped. --------------------
-------------------- file existed for: sub-MONSTERA02 task-03. Skipped. --------------------
-------------------- file existed for: sub-MONSTERA02 task-04. Skipped. --------------------
-------------------- file existed for: sub-MONSTERA02 task-05. Skipped. --------------------
-------------------- file existed for: sub-MONSTERA02 task-06. Skipped. --------------------
-------------------- file existed for: sub-MONSTERA02 task-07. Skipped. --------------------
-------------------- file existed for: sub-MONSTERA02 task-08. Skipped. --------------------
-------------------- file existed for: sub-MONSTERA02 task-09. Skipped. --------------------
-------------------- file existed for: sub-MONSTERA02 task-10. Skipped. --------------------
sub-MONSTERA03
calculating mask intersection...
-------------------- Mask file existed for sub-MONSTERA03. Skipped. --------------------
-------------------- file existed for: sub-MONSTERA03 task-01. Skipped. --------------------
-------------------- file existed for: sub-MONSTERA03 task-02. Skipped. --------------------
-------------------- file existed for: sub-MONSTERA03 task-03. Skipped. --------------------
-------------------- file existed for: sub-MONSTERA03 task-04. Skipped. --------------------
-------------------- file existed for: sub-MONSTERA03 task-05. Skipped. --------------------
-------------------- file existed for: sub-MONSTERA03 task-06. Skipped. --------------------
-------------------- file existed for: sub-MONSTERA03 task-07. Skipped. --------------------
-------------------- file existed for: sub-MONSTERA03 task-08. Skipped. --------------------
-------------------- file existed for: sub-MONSTERA03 task-09. Skipped. --------------------
-------------------- file existed for: sub-MONSTERA03 task-10. Skipped. --------------------
sub-MONSTERA04
calculating mask intersection...
-------------------- Mask file existed for sub-MONSTERA04. Skipped. --------------------
-------------------- file existed for: sub-MONSTERA04 task-01. Skipped. --------------------
-------------------- file existed for: sub-MONSTERA04 task-02. Skipped. --------------------
-------------------- file existed for: sub-MONSTERA04 task-03. Skipped. --------------------
-------------------- file existed for: sub-MONSTERA04 task-04. Skipped. --------------------
-------------------- file existed for: sub-MONSTERA04 task-05. Skipped. --------------------
-------------------- file existed for: sub-MONSTERA04 task-06. Skipped. --------------------
-------------------- file existed for: sub-MONSTERA04 task-07. Skipped. --------------------
-------------------- file existed for: sub-MONSTERA04 task-08. Skipped. --------------------
-------------------- file existed for: sub-MONSTERA04 task-09. Skipped. --------------------
-------------------- file existed for: sub-MONSTERA04 task-10. Skipped. --------------------
sub-MONSTERA05
calculating mask intersection...
-------------------- Mask file existed for sub-MONSTERA05. Skipped. --------------------
-------------------- file existed for: sub-MONSTERA05 task-01. Skipped. --------------------
-------------------- file existed for: sub-MONSTERA05 task-02. Skipped. --------------------
-------------------- file existed for: sub-MONSTERA05 task-03. Skipped. --------------------
-------------------- file existed for: sub-MONSTERA05 task-04. Skipped. --------------------
-------------------- file existed for: sub-MONSTERA05 task-05. Skipped. --------------------
-------------------- file existed for: sub-MONSTERA05 task-06. Skipped. --------------------
-------------------- file existed for: sub-MONSTERA05 task-07. Skipped. --------------------
-------------------- file existed for: sub-MONSTERA05 task-08. Skipped. --------------------
-------------------- file existed for: sub-MONSTERA05 task-09. Skipped. --------------------
-------------------- file existed for: sub-MONSTERA05 task-10. Skipped. --------------------
sub-MONSTERA06
calculating mask intersection...
-------------------- Mask file existed for sub-MONSTERA06. Skipped. --------------------
-------------------- file existed for: sub-MONSTERA06 task-01. Skipped. --------------------
-------------------- file existed for: sub-MONSTERA06 task-02. Skipped. --------------------
-------------------- file existed for: sub-MONSTERA06 task-03. Skipped. --------------------
-------------------- file existed for: sub-MONSTERA06 task-04. Skipped. --------------------
-------------------- file existed for: sub-MONSTERA06 task-05. Skipped. --------------------
-------------------- file existed for: sub-MONSTERA06 task-06. Skipped. --------------------
-------------------- file existed for: sub-MONSTERA06 task-07. Skipped. --------------------
-------------------- file existed for: sub-MONSTERA06 task-08. Skipped. --------------------
-------------------- file existed for: sub-MONSTERA06 task-09. Skipped. --------------------
-------------------- file existed for: sub-MONSTERA06 task-10. Skipped. --------------------
sub-MONSTERA07
calculating mask intersection...
-------------------- Mask file existed for sub-MONSTERA07. Skipped. --------------------
-------------------- file existed for: sub-MONSTERA07 task-01. Skipped. --------------------
-------------------- file existed for: sub-MONSTERA07 task-02. Skipped. --------------------
-------------------- file existed for: sub-MONSTERA07 task-03. Skipped. --------------------
-------------------- file existed for: sub-MONSTERA07 task-04. Skipped. --------------------
-------------------- file existed for: sub-MONSTERA07 task-05. Skipped. --------------------
-------------------- file existed for: sub-MONSTERA07 task-06. Skipped. --------------------
-------------------- file existed for: sub-MONSTERA07 task-07. Skipped. --------------------
-------------------- file existed for: sub-MONSTERA07 task-08. Skipped. --------------------
-------------------- file existed for: sub-MONSTERA07 task-09. Skipped. --------------------
-------------------- file existed for: sub-MONSTERA07 task-10. Skipped. --------------------
sub-MONSTERA08
calculating mask intersection...
-------------------- Mask file existed for sub-MONSTERA08. Skipped. --------------------
-------------------- file existed for: sub-MONSTERA08 task-01. Skipped. --------------------
-------------------- file existed for: sub-MONSTERA08 task-02. Skipped. --------------------
-------------------- file existed for: sub-MONSTERA08 task-03. Skipped. --------------------
-------------------- file existed for: sub-MONSTERA08 task-04. Skipped. --------------------
-------------------- file existed for: sub-MONSTERA08 task-05. Skipped. --------------------
-------------------- file existed for: sub-MONSTERA08 task-06. Skipped. --------------------
-------------------- file existed for: sub-MONSTERA08 task-07. Skipped. --------------------
-------------------- file existed for: sub-MONSTERA08 task-08. Skipped. --------------------
-------------------- file existed for: sub-MONSTERA08 task-09. Skipped. --------------------
-------------------- file existed for: sub-MONSTERA08 task-10. Skipped. --------------------
sub-MONSTERA09
calculating mask intersection...
-------------------- Mask file existed for sub-MONSTERA09. Skipped. --------------------
-------------------- file existed for: sub-MONSTERA09 task-01. Skipped. --------------------
-------------------- file existed for: sub-MONSTERA09 task-02. Skipped. --------------------
-------------------- file existed for: sub-MONSTERA09 task-03. Skipped. --------------------
-------------------- file existed for: sub-MONSTERA09 task-04. Skipped. --------------------
-------------------- file existed for: sub-MONSTERA09 task-05. Skipped. --------------------
-------------------- file existed for: sub-MONSTERA09 task-06. Skipped. --------------------
-------------------- file existed for: sub-MONSTERA09 task-07. Skipped. --------------------
-------------------- file existed for: sub-MONSTERA09 task-08. Skipped. --------------------
-------------------- file existed for: sub-MONSTERA09 task-09. Skipped. --------------------
-------------------- file existed for: sub-MONSTERA09 task-10. Skipped. --------------------
sub-MONSTERA10
calculating mask intersection...
-------------------- Mask file existed for sub-MONSTERA10. Skipped. --------------------
-------------------- file existed for: sub-MONSTERA10 task-01. Skipped. --------------------
-------------------- file existed for: sub-MONSTERA10 task-02. Skipped. --------------------
-------------------- file existed for: sub-MONSTERA10 task-03. Skipped. --------------------
-------------------- file existed for: sub-MONSTERA10 task-04. Skipped. --------------------
-------------------- file existed for: sub-MONSTERA10 task-05. Skipped. --------------------
-------------------- file existed for: sub-MONSTERA10 task-06. Skipped. --------------------
-------------------- file existed for: sub-MONSTERA10 task-07. Skipped. --------------------
-------------------- file existed for: sub-MONSTERA10 task-08. Skipped. --------------------
-------------------- file existed for: sub-MONSTERA10 task-09. Skipped. --------------------
-------------------- file existed for: sub-MONSTERA10 task-10. Skipped. --------------------
sub-MONSTERA11
calculating mask intersection...
-------------------- Mask file existed for sub-MONSTERA11. Skipped. --------------------
-------------------- file existed for: sub-MONSTERA11 task-01. Skipped. --------------------
-------------------- file existed for: sub-MONSTERA11 task-02. Skipped. --------------------
-------------------- file existed for: sub-MONSTERA11 task-03. Skipped. --------------------
-------------------- file existed for: sub-MONSTERA11 task-04. Skipped. --------------------
-------------------- file existed for: sub-MONSTERA11 task-05. Skipped. --------------------
-------------------- file existed for: sub-MONSTERA11 task-06. Skipped. --------------------
-------------------- file existed for: sub-MONSTERA11 task-07. Skipped. --------------------
-------------------- file existed for: sub-MONSTERA11 task-08. Skipped. --------------------
-------------------- file existed for: sub-MONSTERA11 task-09. Skipped. --------------------
-------------------- file existed for: sub-MONSTERA11 task-10. Skipped. --------------------
sub-MONSTERA12
calculating mask intersection...
['/projects/kuhl_lab/wanjiag/MONSTERA/derivatives/fmriprep/sub-MONSTERA12/func/sub-MONSTERA12_task-01_space-T1w_desc-brain_mask.nii.gz', '/projects/kuhl_lab/wanjiag/MONSTERA/derivatives/fmriprep/sub-MONSTERA12/func/sub-MONSTERA12_task-02_space-T1w_desc-brain_mask.nii.gz', '/projects/kuhl_lab/wanjiag/MONSTERA/derivatives/fmriprep/sub-MONSTERA12/func/sub-MONSTERA12_task-03_space-T1w_desc-brain_mask.nii.gz', '/projects/kuhl_lab/wanjiag/MONSTERA/derivatives/fmriprep/sub-MONSTERA12/func/sub-MONSTERA12_task-04_space-T1w_desc-brain_mask.nii.gz', '/projects/kuhl_lab/wanjiag/MONSTERA/derivatives/fmriprep/sub-MONSTERA12/func/sub-MONSTERA12_task-05_space-T1w_desc-brain_mask.nii.gz', '/projects/kuhl_lab/wanjiag/MONSTERA/derivatives/fmriprep/sub-MONSTERA12/func/sub-MONSTERA12_task-06_space-T1w_desc-brain_mask.nii.gz', '/projects/kuhl_lab/wanjiag/MONSTERA/derivatives/fmriprep/sub-MONSTERA12/func/sub-MONSTERA12_task-07_space-T1w_desc-brain_mask.nii.gz', '/projects/kuhl_lab/wanjiag/MONSTERA/derivatives/fmriprep/sub-MONSTERA12/func/sub-MONSTERA12_task-08_space-T1w_desc-brain_mask.nii.gz', '/projects/kuhl_lab/wanjiag/MONSTERA/derivatives/fmriprep/sub-MONSTERA12/func/sub-MONSTERA12_task-09_space-T1w_desc-brain_mask.nii.gz', '/projects/kuhl_lab/wanjiag/MONSTERA/derivatives/fmriprep/sub-MONSTERA12/func/sub-MONSTERA12_task-10_space-T1w_desc-brain_mask.nii.gz']
triming data...
(87, 108, 83, 458)    (87, 108, 83, 452)
(1.702, 1.702, 1.7, 1.0)
[[  1.70200002   0.           0.         -72.47929382]
 [  0.           1.70200002   0.         -86.28494263]
 [  0.           0.           1.70000005 -58.81709671]
 [  0.           0.           0.           1.        ]]
triming data...output to /projects/kuhl_lab/wanjiag/MONSTERA/derivatives/preprocess/sub-MONSTERA12/sub-MONSTERA12_task-01_space-T1w_desc-preproc_bold_trim6TRs.nii.gz
calculating mean......
3dTstat -mean -prefix /projects/kuhl_lab/wanjiag/MONSTERA/derivatives/preprocess/sub-MONSTERA12/sub-MONSTERA12_task-01_space-T1w_desc-preproc_bold_trim6TRs_mean-img.nii.gz /projects/kuhl_lab/wanjiag/MONSTERA/derivatives/preprocess/sub-MONSTERA12/sub-MONSTERA12_task-01_space-T1w_desc-preproc_bold_trim6TRs.nii.gz
220525-10:00:39,889 nipype.interface INFO:
	 stderr 2022-05-25T10:00:39.889598:++ 3dTstat: AFNI version=AFNI_18.2.04 (Jul  6 2018) [64-bit]
220525-10:00:39,890 nipype.interface INFO:
	 stderr 2022-05-25T10:00:39.889598:++ Authored by: KR Hammett & RW Cox
220525-10:00:39,904 nipype.interface INFO:
	 stderr 2022-05-25T10:00:39.904780:** AFNI converts NIFTI_datatype=64 (FLOAT64) in file /projects/kuhl_lab/wanjiag/MONSTERA/derivatives/preprocess/sub-MONSTERA12/sub-MONSTERA12_task-01_space-T1w_desc-preproc_bold_trim6TRs.nii.gz to FLOAT32
220525-10:00:39,904 nipype.interface INFO:
	 stderr 2022-05-25T10:00:39.904780:     Warnings of this type will be muted for this session.
220525-10:00:39,904 nipype.interface INFO:
	 stderr 2022-05-25T10:00:39.904780:     Set AFNI_NIFTI_TYPE_WARN to YES to see them all, NO to see none.
220525-10:00:54,25 nipype.interface INFO:
	 stderr 2022-05-25T10:00:54.025038:++ Output dataset /projects/kuhl_lab/wanjiag/MONSTERA/derivatives/preprocess/sub-MONSTERA12/sub-MONSTERA12_task-01_space-T1w_desc-preproc_bold_trim6TRs_mean-img.nii.gz
calculating mean...output to /projects/kuhl_lab/wanjiag/MONSTERA/derivatives/preprocess/sub-MONSTERA12/sub-MONSTERA12_task-01_space-T1w_desc-preproc_bold_trim6TRs_mean-img.nii.gz
Centering data ......
3dcalc -a /projects/kuhl_lab/wanjiag/MONSTERA/derivatives/preprocess/sub-MONSTERA12/sub-MONSTERA12_task-01_space-T1w_desc-preproc_bold_trim6TRs.nii.gz -b /projects/kuhl_lab/wanjiag/MONSTERA/derivatives/preprocess/sub-MONSTERA12/sub-MONSTERA12_task-01_space-T1w_desc-preproc_bold_trim6TRs_mean-img.nii.gz -c /projects/kuhl_lab/wanjiag/MONSTERA/derivatives/preprocess/sub-MONSTERA12/sub-MONSTERA12_space-T1w_desc-brain_intersect_mask.nii.gz -expr "c * min(200, a/b*100)*step(a)*step(b)" -prefix /projects/kuhl_lab/wanjiag/MONSTERA/derivatives/preprocess/sub-MONSTERA12/sub-MONSTERA12_task-01_space-T1w_desc-preproc_bold_trim6TRs_centered-masked.nii.gz
220525-10:00:59,183 nipype.interface INFO:
	 stderr 2022-05-25T10:00:59.182914:++ 3dcalc: AFNI version=AFNI_18.2.04 (Jul  6 2018) [64-bit]
220525-10:00:59,183 nipype.interface INFO:
	 stderr 2022-05-25T10:00:59.182914:++ Authored by: A cast of thousands
220525-10:00:59,196 nipype.interface INFO:
	 stderr 2022-05-25T10:00:59.196778:** AFNI converts NIFTI_datatype=64 (FLOAT64) in file /projects/kuhl_lab/wanjiag/MONSTERA/derivatives/preprocess/sub-MONSTERA12/sub-MONSTERA12_task-01_space-T1w_desc-preproc_bold_trim6TRs.nii.gz to FLOAT32
220525-10:00:59,199 nipype.interface INFO:
	 stderr 2022-05-25T10:00:59.196778:     Warnings of this type will be muted for this session.
220525-10:00:59,199 nipype.interface INFO:
	 stderr 2022-05-25T10:00:59.196778:     Set AFNI_NIFTI_TYPE_WARN to YES to see them all, NO to see none.
220525-10:02:06,990 nipype.interface INFO:
	 stderr 2022-05-25T10:02:06.990928:++ Output dataset /projects/kuhl_lab/wanjiag/MONSTERA/derivatives/preprocess/sub-MONSTERA12/sub-MONSTERA12_task-01_space-T1w_desc-preproc_bold_trim6TRs_centered-masked.nii.gz
Centering data...output to /projects/kuhl_lab/wanjiag/MONSTERA/derivatives/preprocess/sub-MONSTERA12/sub-MONSTERA12_task-01_space-T1w_desc-preproc_bold_trim6TRs_centered-masked.nii.gz
triming data...
(87, 108, 83, 458)    (87, 108, 83, 452)
(1.702, 1.702, 1.7, 1.0)
[[  1.70200002   0.           0.         -72.47929382]
 [  0.           1.70200002   0.         -86.28494263]
 [  0.           0.           1.70000005 -58.81709671]
 [  0.           0.           0.           1.        ]]
triming data...output to /projects/kuhl_lab/wanjiag/MONSTERA/derivatives/preprocess/sub-MONSTERA12/sub-MONSTERA12_task-02_space-T1w_desc-preproc_bold_trim6TRs.nii.gz
calculating mean......
3dTstat -mean -prefix /projects/kuhl_lab/wanjiag/MONSTERA/derivatives/preprocess/sub-MONSTERA12/sub-MONSTERA12_task-02_space-T1w_desc-preproc_bold_trim6TRs_mean-img.nii.gz /projects/kuhl_lab/wanjiag/MONSTERA/derivatives/preprocess/sub-MONSTERA12/sub-MONSTERA12_task-02_space-T1w_desc-preproc_bold_trim6TRs.nii.gz
220525-10:03:15,599 nipype.interface INFO:
	 stderr 2022-05-25T10:03:15.599803:++ 3dTstat: AFNI version=AFNI_18.2.04 (Jul  6 2018) [64-bit]
220525-10:03:15,600 nipype.interface INFO:
	 stderr 2022-05-25T10:03:15.599803:++ Authored by: KR Hammett & RW Cox
220525-10:03:15,610 nipype.interface INFO:
	 stderr 2022-05-25T10:03:15.610775:** AFNI converts NIFTI_datatype=64 (FLOAT64) in file /projects/kuhl_lab/wanjiag/MONSTERA/derivatives/preprocess/sub-MONSTERA12/sub-MONSTERA12_task-02_space-T1w_desc-preproc_bold_trim6TRs.nii.gz to FLOAT32
220525-10:03:15,610 nipype.interface INFO:
	 stderr 2022-05-25T10:03:15.610775:     Warnings of this type will be muted for this session.
220525-10:03:15,610 nipype.interface INFO:
	 stderr 2022-05-25T10:03:15.610775:     Set AFNI_NIFTI_TYPE_WARN to YES to see them all, NO to see none.
220525-10:03:29,695 nipype.interface INFO:
	 stderr 2022-05-25T10:03:29.695785:++ Output dataset /projects/kuhl_lab/wanjiag/MONSTERA/derivatives/preprocess/sub-MONSTERA12/sub-MONSTERA12_task-02_space-T1w_desc-preproc_bold_trim6TRs_mean-img.nii.gz
calculating mean...output to /projects/kuhl_lab/wanjiag/MONSTERA/derivatives/preprocess/sub-MONSTERA12/sub-MONSTERA12_task-02_space-T1w_desc-preproc_bold_trim6TRs_mean-img.nii.gz
Centering data ......
3dcalc -a /projects/kuhl_lab/wanjiag/MONSTERA/derivatives/preprocess/sub-MONSTERA12/sub-MONSTERA12_task-02_space-T1w_desc-preproc_bold_trim6TRs.nii.gz -b /projects/kuhl_lab/wanjiag/MONSTERA/derivatives/preprocess/sub-MONSTERA12/sub-MONSTERA12_task-02_space-T1w_desc-preproc_bold_trim6TRs_mean-img.nii.gz -c /projects/kuhl_lab/wanjiag/MONSTERA/derivatives/preprocess/sub-MONSTERA12/sub-MONSTERA12_space-T1w_desc-brain_intersect_mask.nii.gz -expr "c * min(200, a/b*100)*step(a)*step(b)" -prefix /projects/kuhl_lab/wanjiag/MONSTERA/derivatives/preprocess/sub-MONSTERA12/sub-MONSTERA12_task-02_space-T1w_desc-preproc_bold_trim6TRs_centered-masked.nii.gz
220525-10:03:34,823 nipype.interface INFO:
	 stderr 2022-05-25T10:03:34.823806:++ 3dcalc: AFNI version=AFNI_18.2.04 (Jul  6 2018) [64-bit]
220525-10:03:34,824 nipype.interface INFO:
	 stderr 2022-05-25T10:03:34.823806:++ Authored by: A cast of thousands
220525-10:03:34,824 nipype.interface INFO:
	 stderr 2022-05-25T10:03:34.823806:** AFNI converts NIFTI_datatype=64 (FLOAT64) in file /projects/kuhl_lab/wanjiag/MONSTERA/derivatives/preprocess/sub-MONSTERA12/sub-MONSTERA12_task-02_space-T1w_desc-preproc_bold_trim6TRs.nii.gz to FLOAT32
220525-10:03:34,824 nipype.interface INFO:
	 stderr 2022-05-25T10:03:34.823806:     Warnings of this type will be muted for this session.
220525-10:03:34,824 nipype.interface INFO:
	 stderr 2022-05-25T10:03:34.823806:     Set AFNI_NIFTI_TYPE_WARN to YES to see them all, NO to see none.
220525-10:04:42,793 nipype.interface INFO:
	 stderr 2022-05-25T10:04:42.793817:++ Output dataset /projects/kuhl_lab/wanjiag/MONSTERA/derivatives/preprocess/sub-MONSTERA12/sub-MONSTERA12_task-02_space-T1w_desc-preproc_bold_trim6TRs_centered-masked.nii.gz
Centering data...output to /projects/kuhl_lab/wanjiag/MONSTERA/derivatives/preprocess/sub-MONSTERA12/sub-MONSTERA12_task-02_space-T1w_desc-preproc_bold_trim6TRs_centered-masked.nii.gz
triming data...
(87, 108, 83, 458)    (87, 108, 83, 452)
(1.702, 1.702, 1.7, 1.0)
[[  1.70200002   0.           0.         -72.47929382]
 [  0.           1.70200002   0.         -86.28494263]
 [  0.           0.           1.70000005 -58.81709671]
 [  0.           0.           0.           1.        ]]
triming data...output to /projects/kuhl_lab/wanjiag/MONSTERA/derivatives/preprocess/sub-MONSTERA12/sub-MONSTERA12_task-03_space-T1w_desc-preproc_bold_trim6TRs.nii.gz
calculating mean......
3dTstat -mean -prefix /projects/kuhl_lab/wanjiag/MONSTERA/derivatives/preprocess/sub-MONSTERA12/sub-MONSTERA12_task-03_space-T1w_desc-preproc_bold_trim6TRs_mean-img.nii.gz /projects/kuhl_lab/wanjiag/MONSTERA/derivatives/preprocess/sub-MONSTERA12/sub-MONSTERA12_task-03_space-T1w_desc-preproc_bold_trim6TRs.nii.gz
220525-10:05:51,771 nipype.interface INFO:
	 stderr 2022-05-25T10:05:51.771355:++ 3dTstat: AFNI version=AFNI_18.2.04 (Jul  6 2018) [64-bit]
220525-10:05:51,771 nipype.interface INFO:
	 stderr 2022-05-25T10:05:51.771355:++ Authored by: KR Hammett & RW Cox
220525-10:05:51,777 nipype.interface INFO:
	 stderr 2022-05-25T10:05:51.777763:** AFNI converts NIFTI_datatype=64 (FLOAT64) in file /projects/kuhl_lab/wanjiag/MONSTERA/derivatives/preprocess/sub-MONSTERA12/sub-MONSTERA12_task-03_space-T1w_desc-preproc_bold_trim6TRs.nii.gz to FLOAT32
220525-10:05:51,777 nipype.interface INFO:
	 stderr 2022-05-25T10:05:51.777763:     Warnings of this type will be muted for this session.
220525-10:05:51,777 nipype.interface INFO:
	 stderr 2022-05-25T10:05:51.777763:     Set AFNI_NIFTI_TYPE_WARN to YES to see them all, NO to see none.
220525-10:06:05,874 nipype.interface INFO:
	 stderr 2022-05-25T10:06:05.874774:++ Output dataset /projects/kuhl_lab/wanjiag/MONSTERA/derivatives/preprocess/sub-MONSTERA12/sub-MONSTERA12_task-03_space-T1w_desc-preproc_bold_trim6TRs_mean-img.nii.gz
calculating mean...output to /projects/kuhl_lab/wanjiag/MONSTERA/derivatives/preprocess/sub-MONSTERA12/sub-MONSTERA12_task-03_space-T1w_desc-preproc_bold_trim6TRs_mean-img.nii.gz
Centering data ......
3dcalc -a /projects/kuhl_lab/wanjiag/MONSTERA/derivatives/preprocess/sub-MONSTERA12/sub-MONSTERA12_task-03_space-T1w_desc-preproc_bold_trim6TRs.nii.gz -b /projects/kuhl_lab/wanjiag/MONSTERA/derivatives/preprocess/sub-MONSTERA12/sub-MONSTERA12_task-03_space-T1w_desc-preproc_bold_trim6TRs_mean-img.nii.gz -c /projects/kuhl_lab/wanjiag/MONSTERA/derivatives/preprocess/sub-MONSTERA12/sub-MONSTERA12_space-T1w_desc-brain_intersect_mask.nii.gz -expr "c * min(200, a/b*100)*step(a)*step(b)" -prefix /projects/kuhl_lab/wanjiag/MONSTERA/derivatives/preprocess/sub-MONSTERA12/sub-MONSTERA12_task-03_space-T1w_desc-preproc_bold_trim6TRs_centered-masked.nii.gz
220525-10:06:10,987 nipype.interface INFO:
	 stderr 2022-05-25T10:06:10.987774:++ 3dcalc: AFNI version=AFNI_18.2.04 (Jul  6 2018) [64-bit]
220525-10:06:10,988 nipype.interface INFO:
	 stderr 2022-05-25T10:06:10.987774:++ Authored by: A cast of thousands
220525-10:06:10,988 nipype.interface INFO:
	 stderr 2022-05-25T10:06:10.987774:** AFNI converts NIFTI_datatype=64 (FLOAT64) in file /projects/kuhl_lab/wanjiag/MONSTERA/derivatives/preprocess/sub-MONSTERA12/sub-MONSTERA12_task-03_space-T1w_desc-preproc_bold_trim6TRs.nii.gz to FLOAT32
220525-10:06:10,988 nipype.interface INFO:
	 stderr 2022-05-25T10:06:10.987774:     Warnings of this type will be muted for this session.
220525-10:06:10,988 nipype.interface INFO:
	 stderr 2022-05-25T10:06:10.987774:     Set AFNI_NIFTI_TYPE_WARN to YES to see them all, NO to see none.
220525-10:07:19,133 nipype.interface INFO:
	 stderr 2022-05-25T10:07:19.133769:++ Output dataset /projects/kuhl_lab/wanjiag/MONSTERA/derivatives/preprocess/sub-MONSTERA12/sub-MONSTERA12_task-03_space-T1w_desc-preproc_bold_trim6TRs_centered-masked.nii.gz
Centering data...output to /projects/kuhl_lab/wanjiag/MONSTERA/derivatives/preprocess/sub-MONSTERA12/sub-MONSTERA12_task-03_space-T1w_desc-preproc_bold_trim6TRs_centered-masked.nii.gz
triming data...
(87, 108, 83, 458)    (87, 108, 83, 452)
(1.702, 1.702, 1.7, 1.0)
[[  1.70200002   0.           0.         -72.47929382]
 [  0.           1.70200002   0.         -86.28494263]
 [  0.           0.           1.70000005 -58.81709671]
 [  0.           0.           0.           1.        ]]
triming data...output to /projects/kuhl_lab/wanjiag/MONSTERA/derivatives/preprocess/sub-MONSTERA12/sub-MONSTERA12_task-04_space-T1w_desc-preproc_bold_trim6TRs.nii.gz
calculating mean......
3dTstat -mean -prefix /projects/kuhl_lab/wanjiag/MONSTERA/derivatives/preprocess/sub-MONSTERA12/sub-MONSTERA12_task-04_space-T1w_desc-preproc_bold_trim6TRs_mean-img.nii.gz /projects/kuhl_lab/wanjiag/MONSTERA/derivatives/preprocess/sub-MONSTERA12/sub-MONSTERA12_task-04_space-T1w_desc-preproc_bold_trim6TRs.nii.gz
220525-10:08:27,678 nipype.interface INFO:
	 stderr 2022-05-25T10:08:27.678186:++ 3dTstat: AFNI version=AFNI_18.2.04 (Jul  6 2018) [64-bit]
220525-10:08:27,678 nipype.interface INFO:
	 stderr 2022-05-25T10:08:27.678186:++ Authored by: KR Hammett & RW Cox
220525-10:08:27,684 nipype.interface INFO:
	 stderr 2022-05-25T10:08:27.684765:** AFNI converts NIFTI_datatype=64 (FLOAT64) in file /projects/kuhl_lab/wanjiag/MONSTERA/derivatives/preprocess/sub-MONSTERA12/sub-MONSTERA12_task-04_space-T1w_desc-preproc_bold_trim6TRs.nii.gz to FLOAT32
220525-10:08:27,684 nipype.interface INFO:
	 stderr 2022-05-25T10:08:27.684765:     Warnings of this type will be muted for this session.
220525-10:08:27,684 nipype.interface INFO:
	 stderr 2022-05-25T10:08:27.684765:     Set AFNI_NIFTI_TYPE_WARN to YES to see them all, NO to see none.
220525-10:08:41,788 nipype.interface INFO:
	 stderr 2022-05-25T10:08:41.788788:++ Output dataset /projects/kuhl_lab/wanjiag/MONSTERA/derivatives/preprocess/sub-MONSTERA12/sub-MONSTERA12_task-04_space-T1w_desc-preproc_bold_trim6TRs_mean-img.nii.gz
calculating mean...output to /projects/kuhl_lab/wanjiag/MONSTERA/derivatives/preprocess/sub-MONSTERA12/sub-MONSTERA12_task-04_space-T1w_desc-preproc_bold_trim6TRs_mean-img.nii.gz
Centering data ......
3dcalc -a /projects/kuhl_lab/wanjiag/MONSTERA/derivatives/preprocess/sub-MONSTERA12/sub-MONSTERA12_task-04_space-T1w_desc-preproc_bold_trim6TRs.nii.gz -b /projects/kuhl_lab/wanjiag/MONSTERA/derivatives/preprocess/sub-MONSTERA12/sub-MONSTERA12_task-04_space-T1w_desc-preproc_bold_trim6TRs_mean-img.nii.gz -c /projects/kuhl_lab/wanjiag/MONSTERA/derivatives/preprocess/sub-MONSTERA12/sub-MONSTERA12_space-T1w_desc-brain_intersect_mask.nii.gz -expr "c * min(200, a/b*100)*step(a)*step(b)" -prefix /projects/kuhl_lab/wanjiag/MONSTERA/derivatives/preprocess/sub-MONSTERA12/sub-MONSTERA12_task-04_space-T1w_desc-preproc_bold_trim6TRs_centered-masked.nii.gz
220525-10:08:46,913 nipype.interface INFO:
	 stderr 2022-05-25T10:08:46.913388:++ 3dcalc: AFNI version=AFNI_18.2.04 (Jul  6 2018) [64-bit]
220525-10:08:46,913 nipype.interface INFO:
	 stderr 2022-05-25T10:08:46.913388:++ Authored by: A cast of thousands
220525-10:08:46,947 nipype.interface INFO:
	 stderr 2022-05-25T10:08:46.947777:** AFNI converts NIFTI_datatype=64 (FLOAT64) in file /projects/kuhl_lab/wanjiag/MONSTERA/derivatives/preprocess/sub-MONSTERA12/sub-MONSTERA12_task-04_space-T1w_desc-preproc_bold_trim6TRs.nii.gz to FLOAT32
220525-10:08:46,947 nipype.interface INFO:
	 stderr 2022-05-25T10:08:46.947777:     Warnings of this type will be muted for this session.
220525-10:08:46,947 nipype.interface INFO:
	 stderr 2022-05-25T10:08:46.947777:     Set AFNI_NIFTI_TYPE_WARN to YES to see them all, NO to see none.
220525-10:09:55,18 nipype.interface INFO:
	 stderr 2022-05-25T10:09:55.018787:++ Output dataset /projects/kuhl_lab/wanjiag/MONSTERA/derivatives/preprocess/sub-MONSTERA12/sub-MONSTERA12_task-04_space-T1w_desc-preproc_bold_trim6TRs_centered-masked.nii.gz
Centering data...output to /projects/kuhl_lab/wanjiag/MONSTERA/derivatives/preprocess/sub-MONSTERA12/sub-MONSTERA12_task-04_space-T1w_desc-preproc_bold_trim6TRs_centered-masked.nii.gz
triming data...
(87, 108, 83, 458)    (87, 108, 83, 452)
(1.702, 1.702, 1.7, 1.0)
[[  1.70200002   0.           0.         -72.47929382]
 [  0.           1.70200002   0.         -86.28494263]
 [  0.           0.           1.70000005 -58.81709671]
 [  0.           0.           0.           1.        ]]
triming data...output to /projects/kuhl_lab/wanjiag/MONSTERA/derivatives/preprocess/sub-MONSTERA12/sub-MONSTERA12_task-05_space-T1w_desc-preproc_bold_trim6TRs.nii.gz
calculating mean......
3dTstat -mean -prefix /projects/kuhl_lab/wanjiag/MONSTERA/derivatives/preprocess/sub-MONSTERA12/sub-MONSTERA12_task-05_space-T1w_desc-preproc_bold_trim6TRs_mean-img.nii.gz /projects/kuhl_lab/wanjiag/MONSTERA/derivatives/preprocess/sub-MONSTERA12/sub-MONSTERA12_task-05_space-T1w_desc-preproc_bold_trim6TRs.nii.gz
220525-10:11:03,893 nipype.interface INFO:
	 stderr 2022-05-25T10:11:03.893900:++ 3dTstat: AFNI version=AFNI_18.2.04 (Jul  6 2018) [64-bit]
220525-10:11:03,894 nipype.interface INFO:
	 stderr 2022-05-25T10:11:03.893900:++ Authored by: KR Hammett & RW Cox
220525-10:11:03,904 nipype.interface INFO:
	 stderr 2022-05-25T10:11:03.904764:** AFNI converts NIFTI_datatype=64 (FLOAT64) in file /projects/kuhl_lab/wanjiag/MONSTERA/derivatives/preprocess/sub-MONSTERA12/sub-MONSTERA12_task-05_space-T1w_desc-preproc_bold_trim6TRs.nii.gz to FLOAT32
220525-10:11:03,904 nipype.interface INFO:
	 stderr 2022-05-25T10:11:03.904764:     Warnings of this type will be muted for this session.
220525-10:11:03,904 nipype.interface INFO:
	 stderr 2022-05-25T10:11:03.904764:     Set AFNI_NIFTI_TYPE_WARN to YES to see them all, NO to see none.
220525-10:11:17,944 nipype.interface INFO:
	 stderr 2022-05-25T10:11:17.944769:++ Output dataset /projects/kuhl_lab/wanjiag/MONSTERA/derivatives/preprocess/sub-MONSTERA12/sub-MONSTERA12_task-05_space-T1w_desc-preproc_bold_trim6TRs_mean-img.nii.gz
calculating mean...output to /projects/kuhl_lab/wanjiag/MONSTERA/derivatives/preprocess/sub-MONSTERA12/sub-MONSTERA12_task-05_space-T1w_desc-preproc_bold_trim6TRs_mean-img.nii.gz
Centering data ......
3dcalc -a /projects/kuhl_lab/wanjiag/MONSTERA/derivatives/preprocess/sub-MONSTERA12/sub-MONSTERA12_task-05_space-T1w_desc-preproc_bold_trim6TRs.nii.gz -b /projects/kuhl_lab/wanjiag/MONSTERA/derivatives/preprocess/sub-MONSTERA12/sub-MONSTERA12_task-05_space-T1w_desc-preproc_bold_trim6TRs_mean-img.nii.gz -c /projects/kuhl_lab/wanjiag/MONSTERA/derivatives/preprocess/sub-MONSTERA12/sub-MONSTERA12_space-T1w_desc-brain_intersect_mask.nii.gz -expr "c * min(200, a/b*100)*step(a)*step(b)" -prefix /projects/kuhl_lab/wanjiag/MONSTERA/derivatives/preprocess/sub-MONSTERA12/sub-MONSTERA12_task-05_space-T1w_desc-preproc_bold_trim6TRs_centered-masked.nii.gz
220525-10:11:23,57 nipype.interface INFO:
	 stderr 2022-05-25T10:11:23.057894:++ 3dcalc: AFNI version=AFNI_18.2.04 (Jul  6 2018) [64-bit]
220525-10:11:23,58 nipype.interface INFO:
	 stderr 2022-05-25T10:11:23.057894:++ Authored by: A cast of thousands
220525-10:11:23,68 nipype.interface INFO:
	 stderr 2022-05-25T10:11:23.068769:** AFNI converts NIFTI_datatype=64 (FLOAT64) in file /projects/kuhl_lab/wanjiag/MONSTERA/derivatives/preprocess/sub-MONSTERA12/sub-MONSTERA12_task-05_space-T1w_desc-preproc_bold_trim6TRs.nii.gz to FLOAT32
220525-10:11:23,68 nipype.interface INFO:
	 stderr 2022-05-25T10:11:23.068769:     Warnings of this type will be muted for this session.
220525-10:11:23,68 nipype.interface INFO:
	 stderr 2022-05-25T10:11:23.068769:     Set AFNI_NIFTI_TYPE_WARN to YES to see them all, NO to see none.
220525-10:12:30,847 nipype.interface INFO:
	 stderr 2022-05-25T10:12:30.847898:++ Output dataset /projects/kuhl_lab/wanjiag/MONSTERA/derivatives/preprocess/sub-MONSTERA12/sub-MONSTERA12_task-05_space-T1w_desc-preproc_bold_trim6TRs_centered-masked.nii.gz
Centering data...output to /projects/kuhl_lab/wanjiag/MONSTERA/derivatives/preprocess/sub-MONSTERA12/sub-MONSTERA12_task-05_space-T1w_desc-preproc_bold_trim6TRs_centered-masked.nii.gz
triming data...
(87, 108, 83, 458)    (87, 108, 83, 452)
(1.702, 1.702, 1.7, 1.0)
[[  1.70200002   0.           0.         -72.47929382]
 [  0.           1.70200002   0.         -86.28494263]
 [  0.           0.           1.70000005 -58.81709671]
 [  0.           0.           0.           1.        ]]
triming data...output to /projects/kuhl_lab/wanjiag/MONSTERA/derivatives/preprocess/sub-MONSTERA12/sub-MONSTERA12_task-06_space-T1w_desc-preproc_bold_trim6TRs.nii.gz
calculating mean......
3dTstat -mean -prefix /projects/kuhl_lab/wanjiag/MONSTERA/derivatives/preprocess/sub-MONSTERA12/sub-MONSTERA12_task-06_space-T1w_desc-preproc_bold_trim6TRs_mean-img.nii.gz /projects/kuhl_lab/wanjiag/MONSTERA/derivatives/preprocess/sub-MONSTERA12/sub-MONSTERA12_task-06_space-T1w_desc-preproc_bold_trim6TRs.nii.gz
220525-10:13:39,599 nipype.interface INFO:
	 stderr 2022-05-25T10:13:39.599191:++ 3dTstat: AFNI version=AFNI_18.2.04 (Jul  6 2018) [64-bit]
220525-10:13:39,599 nipype.interface INFO:
	 stderr 2022-05-25T10:13:39.599191:++ Authored by: KR Hammett & RW Cox
220525-10:13:39,608 nipype.interface INFO:
	 stderr 2022-05-25T10:13:39.608798:** AFNI converts NIFTI_datatype=64 (FLOAT64) in file /projects/kuhl_lab/wanjiag/MONSTERA/derivatives/preprocess/sub-MONSTERA12/sub-MONSTERA12_task-06_space-T1w_desc-preproc_bold_trim6TRs.nii.gz to FLOAT32
220525-10:13:39,608 nipype.interface INFO:
	 stderr 2022-05-25T10:13:39.608798:     Warnings of this type will be muted for this session.
220525-10:13:39,608 nipype.interface INFO:
	 stderr 2022-05-25T10:13:39.608798:     Set AFNI_NIFTI_TYPE_WARN to YES to see them all, NO to see none.
220525-10:13:53,622 nipype.interface INFO:
	 stderr 2022-05-25T10:13:53.622793:++ Output dataset /projects/kuhl_lab/wanjiag/MONSTERA/derivatives/preprocess/sub-MONSTERA12/sub-MONSTERA12_task-06_space-T1w_desc-preproc_bold_trim6TRs_mean-img.nii.gz
calculating mean...output to /projects/kuhl_lab/wanjiag/MONSTERA/derivatives/preprocess/sub-MONSTERA12/sub-MONSTERA12_task-06_space-T1w_desc-preproc_bold_trim6TRs_mean-img.nii.gz
Centering data ......
3dcalc -a /projects/kuhl_lab/wanjiag/MONSTERA/derivatives/preprocess/sub-MONSTERA12/sub-MONSTERA12_task-06_space-T1w_desc-preproc_bold_trim6TRs.nii.gz -b /projects/kuhl_lab/wanjiag/MONSTERA/derivatives/preprocess/sub-MONSTERA12/sub-MONSTERA12_task-06_space-T1w_desc-preproc_bold_trim6TRs_mean-img.nii.gz -c /projects/kuhl_lab/wanjiag/MONSTERA/derivatives/preprocess/sub-MONSTERA12/sub-MONSTERA12_space-T1w_desc-brain_intersect_mask.nii.gz -expr "c * min(200, a/b*100)*step(a)*step(b)" -prefix /projects/kuhl_lab/wanjiag/MONSTERA/derivatives/preprocess/sub-MONSTERA12/sub-MONSTERA12_task-06_space-T1w_desc-preproc_bold_trim6TRs_centered-masked.nii.gz
220525-10:13:58,754 nipype.interface INFO:
	 stderr 2022-05-25T10:13:58.754794:++ 3dcalc: AFNI version=AFNI_18.2.04 (Jul  6 2018) [64-bit]
220525-10:13:58,755 nipype.interface INFO:
	 stderr 2022-05-25T10:13:58.754794:++ Authored by: A cast of thousands
220525-10:13:58,755 nipype.interface INFO:
	 stderr 2022-05-25T10:13:58.754794:** AFNI converts NIFTI_datatype=64 (FLOAT64) in file /projects/kuhl_lab/wanjiag/MONSTERA/derivatives/preprocess/sub-MONSTERA12/sub-MONSTERA12_task-06_space-T1w_desc-preproc_bold_trim6TRs.nii.gz to FLOAT32
220525-10:13:58,755 nipype.interface INFO:
	 stderr 2022-05-25T10:13:58.754794:     Warnings of this type will be muted for this session.
220525-10:13:58,755 nipype.interface INFO:
	 stderr 2022-05-25T10:13:58.754794:     Set AFNI_NIFTI_TYPE_WARN to YES to see them all, NO to see none.
220525-10:15:07,250 nipype.interface INFO:
	 stderr 2022-05-25T10:15:07.250765:++ Output dataset /projects/kuhl_lab/wanjiag/MONSTERA/derivatives/preprocess/sub-MONSTERA12/sub-MONSTERA12_task-06_space-T1w_desc-preproc_bold_trim6TRs_centered-masked.nii.gz
Centering data...output to /projects/kuhl_lab/wanjiag/MONSTERA/derivatives/preprocess/sub-MONSTERA12/sub-MONSTERA12_task-06_space-T1w_desc-preproc_bold_trim6TRs_centered-masked.nii.gz
triming data...
(87, 108, 83, 458)    (87, 108, 83, 452)
(1.702, 1.702, 1.7, 1.0)
[[  1.70200002   0.           0.         -72.47929382]
 [  0.           1.70200002   0.         -86.28494263]
 [  0.           0.           1.70000005 -58.81709671]
 [  0.           0.           0.           1.        ]]
triming data...output to /projects/kuhl_lab/wanjiag/MONSTERA/derivatives/preprocess/sub-MONSTERA12/sub-MONSTERA12_task-07_space-T1w_desc-preproc_bold_trim6TRs.nii.gz
calculating mean......
3dTstat -mean -prefix /projects/kuhl_lab/wanjiag/MONSTERA/derivatives/preprocess/sub-MONSTERA12/sub-MONSTERA12_task-07_space-T1w_desc-preproc_bold_trim6TRs_mean-img.nii.gz /projects/kuhl_lab/wanjiag/MONSTERA/derivatives/preprocess/sub-MONSTERA12/sub-MONSTERA12_task-07_space-T1w_desc-preproc_bold_trim6TRs.nii.gz
220525-10:16:15,654 nipype.interface INFO:
	 stderr 2022-05-25T10:16:15.654270:++ 3dTstat: AFNI version=AFNI_18.2.04 (Jul  6 2018) [64-bit]
220525-10:16:15,654 nipype.interface INFO:
	 stderr 2022-05-25T10:16:15.654270:++ Authored by: KR Hammett & RW Cox
220525-10:16:15,663 nipype.interface INFO:
	 stderr 2022-05-25T10:16:15.663786:** AFNI converts NIFTI_datatype=64 (FLOAT64) in file /projects/kuhl_lab/wanjiag/MONSTERA/derivatives/preprocess/sub-MONSTERA12/sub-MONSTERA12_task-07_space-T1w_desc-preproc_bold_trim6TRs.nii.gz to FLOAT32
220525-10:16:15,663 nipype.interface INFO:
	 stderr 2022-05-25T10:16:15.663786:     Warnings of this type will be muted for this session.
220525-10:16:15,663 nipype.interface INFO:
	 stderr 2022-05-25T10:16:15.663786:     Set AFNI_NIFTI_TYPE_WARN to YES to see them all, NO to see none.
220525-10:16:29,775 nipype.interface INFO:
	 stderr 2022-05-25T10:16:29.775817:++ Output dataset /projects/kuhl_lab/wanjiag/MONSTERA/derivatives/preprocess/sub-MONSTERA12/sub-MONSTERA12_task-07_space-T1w_desc-preproc_bold_trim6TRs_mean-img.nii.gz
calculating mean...output to /projects/kuhl_lab/wanjiag/MONSTERA/derivatives/preprocess/sub-MONSTERA12/sub-MONSTERA12_task-07_space-T1w_desc-preproc_bold_trim6TRs_mean-img.nii.gz
Centering data ......
3dcalc -a /projects/kuhl_lab/wanjiag/MONSTERA/derivatives/preprocess/sub-MONSTERA12/sub-MONSTERA12_task-07_space-T1w_desc-preproc_bold_trim6TRs.nii.gz -b /projects/kuhl_lab/wanjiag/MONSTERA/derivatives/preprocess/sub-MONSTERA12/sub-MONSTERA12_task-07_space-T1w_desc-preproc_bold_trim6TRs_mean-img.nii.gz -c /projects/kuhl_lab/wanjiag/MONSTERA/derivatives/preprocess/sub-MONSTERA12/sub-MONSTERA12_space-T1w_desc-brain_intersect_mask.nii.gz -expr "c * min(200, a/b*100)*step(a)*step(b)" -prefix /projects/kuhl_lab/wanjiag/MONSTERA/derivatives/preprocess/sub-MONSTERA12/sub-MONSTERA12_task-07_space-T1w_desc-preproc_bold_trim6TRs_centered-masked.nii.gz
220525-10:16:34,900 nipype.interface INFO:
	 stderr 2022-05-25T10:16:34.900794:++ 3dcalc: AFNI version=AFNI_18.2.04 (Jul  6 2018) [64-bit]
220525-10:16:34,901 nipype.interface INFO:
	 stderr 2022-05-25T10:16:34.900794:++ Authored by: A cast of thousands
220525-10:16:34,901 nipype.interface INFO:
	 stderr 2022-05-25T10:16:34.900794:** AFNI converts NIFTI_datatype=64 (FLOAT64) in file /projects/kuhl_lab/wanjiag/MONSTERA/derivatives/preprocess/sub-MONSTERA12/sub-MONSTERA12_task-07_space-T1w_desc-preproc_bold_trim6TRs.nii.gz to FLOAT32
220525-10:16:34,901 nipype.interface INFO:
	 stderr 2022-05-25T10:16:34.900794:     Warnings of this type will be muted for this session.
220525-10:16:34,901 nipype.interface INFO:
	 stderr 2022-05-25T10:16:34.900794:     Set AFNI_NIFTI_TYPE_WARN to YES to see them all, NO to see none.
220525-10:17:43,133 nipype.interface INFO:
	 stderr 2022-05-25T10:17:43.133771:++ Output dataset /projects/kuhl_lab/wanjiag/MONSTERA/derivatives/preprocess/sub-MONSTERA12/sub-MONSTERA12_task-07_space-T1w_desc-preproc_bold_trim6TRs_centered-masked.nii.gz
Centering data...output to /projects/kuhl_lab/wanjiag/MONSTERA/derivatives/preprocess/sub-MONSTERA12/sub-MONSTERA12_task-07_space-T1w_desc-preproc_bold_trim6TRs_centered-masked.nii.gz
triming data...
(87, 108, 83, 458)    (87, 108, 83, 452)
(1.702, 1.702, 1.7, 1.0)
[[  1.70200002   0.           0.         -72.47929382]
 [  0.           1.70200002   0.         -86.28494263]
 [  0.           0.           1.70000005 -58.81709671]
 [  0.           0.           0.           1.        ]]
triming data...output to /projects/kuhl_lab/wanjiag/MONSTERA/derivatives/preprocess/sub-MONSTERA12/sub-MONSTERA12_task-08_space-T1w_desc-preproc_bold_trim6TRs.nii.gz
calculating mean......
3dTstat -mean -prefix /projects/kuhl_lab/wanjiag/MONSTERA/derivatives/preprocess/sub-MONSTERA12/sub-MONSTERA12_task-08_space-T1w_desc-preproc_bold_trim6TRs_mean-img.nii.gz /projects/kuhl_lab/wanjiag/MONSTERA/derivatives/preprocess/sub-MONSTERA12/sub-MONSTERA12_task-08_space-T1w_desc-preproc_bold_trim6TRs.nii.gz
220525-10:18:51,792 nipype.interface INFO:
	 stderr 2022-05-25T10:18:51.792377:++ 3dTstat: AFNI version=AFNI_18.2.04 (Jul  6 2018) [64-bit]
220525-10:18:51,792 nipype.interface INFO:
	 stderr 2022-05-25T10:18:51.792377:++ Authored by: KR Hammett & RW Cox
220525-10:18:51,799 nipype.interface INFO:
	 stderr 2022-05-25T10:18:51.799771:** AFNI converts NIFTI_datatype=64 (FLOAT64) in file /projects/kuhl_lab/wanjiag/MONSTERA/derivatives/preprocess/sub-MONSTERA12/sub-MONSTERA12_task-08_space-T1w_desc-preproc_bold_trim6TRs.nii.gz to FLOAT32
220525-10:18:51,799 nipype.interface INFO:
	 stderr 2022-05-25T10:18:51.799771:     Warnings of this type will be muted for this session.
220525-10:18:51,799 nipype.interface INFO:
	 stderr 2022-05-25T10:18:51.799771:     Set AFNI_NIFTI_TYPE_WARN to YES to see them all, NO to see none.
220525-10:19:05,820 nipype.interface INFO:
	 stderr 2022-05-25T10:19:05.820784:++ Output dataset /projects/kuhl_lab/wanjiag/MONSTERA/derivatives/preprocess/sub-MONSTERA12/sub-MONSTERA12_task-08_space-T1w_desc-preproc_bold_trim6TRs_mean-img.nii.gz
calculating mean...output to /projects/kuhl_lab/wanjiag/MONSTERA/derivatives/preprocess/sub-MONSTERA12/sub-MONSTERA12_task-08_space-T1w_desc-preproc_bold_trim6TRs_mean-img.nii.gz
Centering data ......
3dcalc -a /projects/kuhl_lab/wanjiag/MONSTERA/derivatives/preprocess/sub-MONSTERA12/sub-MONSTERA12_task-08_space-T1w_desc-preproc_bold_trim6TRs.nii.gz -b /projects/kuhl_lab/wanjiag/MONSTERA/derivatives/preprocess/sub-MONSTERA12/sub-MONSTERA12_task-08_space-T1w_desc-preproc_bold_trim6TRs_mean-img.nii.gz -c /projects/kuhl_lab/wanjiag/MONSTERA/derivatives/preprocess/sub-MONSTERA12/sub-MONSTERA12_space-T1w_desc-brain_intersect_mask.nii.gz -expr "c * min(200, a/b*100)*step(a)*step(b)" -prefix /projects/kuhl_lab/wanjiag/MONSTERA/derivatives/preprocess/sub-MONSTERA12/sub-MONSTERA12_task-08_space-T1w_desc-preproc_bold_trim6TRs_centered-masked.nii.gz
220525-10:19:10,944 nipype.interface INFO:
	 stderr 2022-05-25T10:19:10.944683:++ 3dcalc: AFNI version=AFNI_18.2.04 (Jul  6 2018) [64-bit]
220525-10:19:10,944 nipype.interface INFO:
	 stderr 2022-05-25T10:19:10.944683:++ Authored by: A cast of thousands
220525-10:19:10,961 nipype.interface INFO:
	 stderr 2022-05-25T10:19:10.961771:** AFNI converts NIFTI_datatype=64 (FLOAT64) in file /projects/kuhl_lab/wanjiag/MONSTERA/derivatives/preprocess/sub-MONSTERA12/sub-MONSTERA12_task-08_space-T1w_desc-preproc_bold_trim6TRs.nii.gz to FLOAT32
220525-10:19:10,961 nipype.interface INFO:
	 stderr 2022-05-25T10:19:10.961771:     Warnings of this type will be muted for this session.
220525-10:19:10,961 nipype.interface INFO:
	 stderr 2022-05-25T10:19:10.961771:     Set AFNI_NIFTI_TYPE_WARN to YES to see them all, NO to see none.
220525-10:20:19,5 nipype.interface INFO:
	 stderr 2022-05-25T10:20:19.005785:++ Output dataset /projects/kuhl_lab/wanjiag/MONSTERA/derivatives/preprocess/sub-MONSTERA12/sub-MONSTERA12_task-08_space-T1w_desc-preproc_bold_trim6TRs_centered-masked.nii.gz
Centering data...output to /projects/kuhl_lab/wanjiag/MONSTERA/derivatives/preprocess/sub-MONSTERA12/sub-MONSTERA12_task-08_space-T1w_desc-preproc_bold_trim6TRs_centered-masked.nii.gz
triming data...
(87, 108, 83, 458)    (87, 108, 83, 452)
(1.702, 1.702, 1.7, 1.0)
[[  1.70200002   0.           0.         -72.47929382]
 [  0.           1.70200002   0.         -86.28494263]
 [  0.           0.           1.70000005 -58.81709671]
 [  0.           0.           0.           1.        ]]
triming data...output to /projects/kuhl_lab/wanjiag/MONSTERA/derivatives/preprocess/sub-MONSTERA12/sub-MONSTERA12_task-09_space-T1w_desc-preproc_bold_trim6TRs.nii.gz
calculating mean......
3dTstat -mean -prefix /projects/kuhl_lab/wanjiag/MONSTERA/derivatives/preprocess/sub-MONSTERA12/sub-MONSTERA12_task-09_space-T1w_desc-preproc_bold_trim6TRs_mean-img.nii.gz /projects/kuhl_lab/wanjiag/MONSTERA/derivatives/preprocess/sub-MONSTERA12/sub-MONSTERA12_task-09_space-T1w_desc-preproc_bold_trim6TRs.nii.gz
220525-10:21:27,727 nipype.interface INFO:
	 stderr 2022-05-25T10:21:27.727144:++ 3dTstat: AFNI version=AFNI_18.2.04 (Jul  6 2018) [64-bit]
220525-10:21:27,727 nipype.interface INFO:
	 stderr 2022-05-25T10:21:27.727144:++ Authored by: KR Hammett & RW Cox
220525-10:21:27,736 nipype.interface INFO:
	 stderr 2022-05-25T10:21:27.736789:** AFNI converts NIFTI_datatype=64 (FLOAT64) in file /projects/kuhl_lab/wanjiag/MONSTERA/derivatives/preprocess/sub-MONSTERA12/sub-MONSTERA12_task-09_space-T1w_desc-preproc_bold_trim6TRs.nii.gz to FLOAT32
220525-10:21:27,736 nipype.interface INFO:
	 stderr 2022-05-25T10:21:27.736789:     Warnings of this type will be muted for this session.
220525-10:21:27,736 nipype.interface INFO:
	 stderr 2022-05-25T10:21:27.736789:     Set AFNI_NIFTI_TYPE_WARN to YES to see them all, NO to see none.
220525-10:21:41,825 nipype.interface INFO:
	 stderr 2022-05-25T10:21:41.825773:++ Output dataset /projects/kuhl_lab/wanjiag/MONSTERA/derivatives/preprocess/sub-MONSTERA12/sub-MONSTERA12_task-09_space-T1w_desc-preproc_bold_trim6TRs_mean-img.nii.gz
calculating mean...output to /projects/kuhl_lab/wanjiag/MONSTERA/derivatives/preprocess/sub-MONSTERA12/sub-MONSTERA12_task-09_space-T1w_desc-preproc_bold_trim6TRs_mean-img.nii.gz
Centering data ......
3dcalc -a /projects/kuhl_lab/wanjiag/MONSTERA/derivatives/preprocess/sub-MONSTERA12/sub-MONSTERA12_task-09_space-T1w_desc-preproc_bold_trim6TRs.nii.gz -b /projects/kuhl_lab/wanjiag/MONSTERA/derivatives/preprocess/sub-MONSTERA12/sub-MONSTERA12_task-09_space-T1w_desc-preproc_bold_trim6TRs_mean-img.nii.gz -c /projects/kuhl_lab/wanjiag/MONSTERA/derivatives/preprocess/sub-MONSTERA12/sub-MONSTERA12_space-T1w_desc-brain_intersect_mask.nii.gz -expr "c * min(200, a/b*100)*step(a)*step(b)" -prefix /projects/kuhl_lab/wanjiag/MONSTERA/derivatives/preprocess/sub-MONSTERA12/sub-MONSTERA12_task-09_space-T1w_desc-preproc_bold_trim6TRs_centered-masked.nii.gz
220525-10:21:46,947 nipype.interface INFO:
	 stderr 2022-05-25T10:21:46.947794:++ 3dcalc: AFNI version=AFNI_18.2.04 (Jul  6 2018) [64-bit]
220525-10:21:46,948 nipype.interface INFO:
	 stderr 2022-05-25T10:21:46.947794:++ Authored by: A cast of thousands
220525-10:21:46,948 nipype.interface INFO:
	 stderr 2022-05-25T10:21:46.947794:** AFNI converts NIFTI_datatype=64 (FLOAT64) in file /projects/kuhl_lab/wanjiag/MONSTERA/derivatives/preprocess/sub-MONSTERA12/sub-MONSTERA12_task-09_space-T1w_desc-preproc_bold_trim6TRs.nii.gz to FLOAT32
220525-10:21:46,948 nipype.interface INFO:
	 stderr 2022-05-25T10:21:46.947794:     Warnings of this type will be muted for this session.
220525-10:21:46,948 nipype.interface INFO:
	 stderr 2022-05-25T10:21:46.947794:     Set AFNI_NIFTI_TYPE_WARN to YES to see them all, NO to see none.
220525-10:22:54,613 nipype.interface INFO:
	 stderr 2022-05-25T10:22:54.613021:++ Output dataset /projects/kuhl_lab/wanjiag/MONSTERA/derivatives/preprocess/sub-MONSTERA12/sub-MONSTERA12_task-09_space-T1w_desc-preproc_bold_trim6TRs_centered-masked.nii.gz
Centering data...output to /projects/kuhl_lab/wanjiag/MONSTERA/derivatives/preprocess/sub-MONSTERA12/sub-MONSTERA12_task-09_space-T1w_desc-preproc_bold_trim6TRs_centered-masked.nii.gz
triming data...
(87, 108, 83, 458)    (87, 108, 83, 452)
(1.702, 1.702, 1.7, 1.0)
[[  1.70200002   0.           0.         -72.47929382]
 [  0.           1.70200002   0.         -86.28494263]
 [  0.           0.           1.70000005 -58.81709671]
 [  0.           0.           0.           1.        ]]
triming data...output to /projects/kuhl_lab/wanjiag/MONSTERA/derivatives/preprocess/sub-MONSTERA12/sub-MONSTERA12_task-10_space-T1w_desc-preproc_bold_trim6TRs.nii.gz
calculating mean......
3dTstat -mean -prefix /projects/kuhl_lab/wanjiag/MONSTERA/derivatives/preprocess/sub-MONSTERA12/sub-MONSTERA12_task-10_space-T1w_desc-preproc_bold_trim6TRs_mean-img.nii.gz /projects/kuhl_lab/wanjiag/MONSTERA/derivatives/preprocess/sub-MONSTERA12/sub-MONSTERA12_task-10_space-T1w_desc-preproc_bold_trim6TRs.nii.gz
220525-10:24:04,555 nipype.interface INFO:
	 stderr 2022-05-25T10:24:04.555415:++ 3dTstat: AFNI version=AFNI_18.2.04 (Jul  6 2018) [64-bit]
220525-10:24:04,555 nipype.interface INFO:
	 stderr 2022-05-25T10:24:04.555415:++ Authored by: KR Hammett & RW Cox
220525-10:24:04,563 nipype.interface INFO:
	 stderr 2022-05-25T10:24:04.563778:** AFNI converts NIFTI_datatype=64 (FLOAT64) in file /projects/kuhl_lab/wanjiag/MONSTERA/derivatives/preprocess/sub-MONSTERA12/sub-MONSTERA12_task-10_space-T1w_desc-preproc_bold_trim6TRs.nii.gz to FLOAT32
220525-10:24:04,563 nipype.interface INFO:
	 stderr 2022-05-25T10:24:04.563778:     Warnings of this type will be muted for this session.
220525-10:24:04,563 nipype.interface INFO:
	 stderr 2022-05-25T10:24:04.563778:     Set AFNI_NIFTI_TYPE_WARN to YES to see them all, NO to see none.
220525-10:24:18,760 nipype.interface INFO:
	 stderr 2022-05-25T10:24:18.760779:++ Output dataset /projects/kuhl_lab/wanjiag/MONSTERA/derivatives/preprocess/sub-MONSTERA12/sub-MONSTERA12_task-10_space-T1w_desc-preproc_bold_trim6TRs_mean-img.nii.gz
calculating mean...output to /projects/kuhl_lab/wanjiag/MONSTERA/derivatives/preprocess/sub-MONSTERA12/sub-MONSTERA12_task-10_space-T1w_desc-preproc_bold_trim6TRs_mean-img.nii.gz
Centering data ......
3dcalc -a /projects/kuhl_lab/wanjiag/MONSTERA/derivatives/preprocess/sub-MONSTERA12/sub-MONSTERA12_task-10_space-T1w_desc-preproc_bold_trim6TRs.nii.gz -b /projects/kuhl_lab/wanjiag/MONSTERA/derivatives/preprocess/sub-MONSTERA12/sub-MONSTERA12_task-10_space-T1w_desc-preproc_bold_trim6TRs_mean-img.nii.gz -c /projects/kuhl_lab/wanjiag/MONSTERA/derivatives/preprocess/sub-MONSTERA12/sub-MONSTERA12_space-T1w_desc-brain_intersect_mask.nii.gz -expr "c * min(200, a/b*100)*step(a)*step(b)" -prefix /projects/kuhl_lab/wanjiag/MONSTERA/derivatives/preprocess/sub-MONSTERA12/sub-MONSTERA12_task-10_space-T1w_desc-preproc_bold_trim6TRs_centered-masked.nii.gz
220525-10:24:23,884 nipype.interface INFO:
	 stderr 2022-05-25T10:24:23.884636:++ 3dcalc: AFNI version=AFNI_18.2.04 (Jul  6 2018) [64-bit]
220525-10:24:23,884 nipype.interface INFO:
	 stderr 2022-05-25T10:24:23.884636:++ Authored by: A cast of thousands
220525-10:24:23,898 nipype.interface INFO:
	 stderr 2022-05-25T10:24:23.898781:** AFNI converts NIFTI_datatype=64 (FLOAT64) in file /projects/kuhl_lab/wanjiag/MONSTERA/derivatives/preprocess/sub-MONSTERA12/sub-MONSTERA12_task-10_space-T1w_desc-preproc_bold_trim6TRs.nii.gz to FLOAT32
220525-10:24:23,898 nipype.interface INFO:
	 stderr 2022-05-25T10:24:23.898781:     Warnings of this type will be muted for this session.
220525-10:24:23,898 nipype.interface INFO:
	 stderr 2022-05-25T10:24:23.898781:     Set AFNI_NIFTI_TYPE_WARN to YES to see them all, NO to see none.
220525-10:25:31,525 nipype.interface INFO:
	 stderr 2022-05-25T10:25:31.525778:++ Output dataset /projects/kuhl_lab/wanjiag/MONSTERA/derivatives/preprocess/sub-MONSTERA12/sub-MONSTERA12_task-10_space-T1w_desc-preproc_bold_trim6TRs_centered-masked.nii.gz
Centering data...output to /projects/kuhl_lab/wanjiag/MONSTERA/derivatives/preprocess/sub-MONSTERA12/sub-MONSTERA12_task-10_space-T1w_desc-preproc_bold_trim6TRs_centered-masked.nii.gz
sub-MONSTERA13
calculating mask intersection...
['/projects/kuhl_lab/wanjiag/MONSTERA/derivatives/fmriprep/sub-MONSTERA13/func/sub-MONSTERA13_task-01_space-T1w_desc-brain_mask.nii.gz', '/projects/kuhl_lab/wanjiag/MONSTERA/derivatives/fmriprep/sub-MONSTERA13/func/sub-MONSTERA13_task-02_space-T1w_desc-brain_mask.nii.gz', '/projects/kuhl_lab/wanjiag/MONSTERA/derivatives/fmriprep/sub-MONSTERA13/func/sub-MONSTERA13_task-03_space-T1w_desc-brain_mask.nii.gz', '/projects/kuhl_lab/wanjiag/MONSTERA/derivatives/fmriprep/sub-MONSTERA13/func/sub-MONSTERA13_task-04_space-T1w_desc-brain_mask.nii.gz', '/projects/kuhl_lab/wanjiag/MONSTERA/derivatives/fmriprep/sub-MONSTERA13/func/sub-MONSTERA13_task-05_space-T1w_desc-brain_mask.nii.gz', '/projects/kuhl_lab/wanjiag/MONSTERA/derivatives/fmriprep/sub-MONSTERA13/func/sub-MONSTERA13_task-06_space-T1w_desc-brain_mask.nii.gz', '/projects/kuhl_lab/wanjiag/MONSTERA/derivatives/fmriprep/sub-MONSTERA13/func/sub-MONSTERA13_task-07_space-T1w_desc-brain_mask.nii.gz', '/projects/kuhl_lab/wanjiag/MONSTERA/derivatives/fmriprep/sub-MONSTERA13/func/sub-MONSTERA13_task-08_space-T1w_desc-brain_mask.nii.gz', '/projects/kuhl_lab/wanjiag/MONSTERA/derivatives/fmriprep/sub-MONSTERA13/func/sub-MONSTERA13_task-09_space-T1w_desc-brain_mask.nii.gz', '/projects/kuhl_lab/wanjiag/MONSTERA/derivatives/fmriprep/sub-MONSTERA13/func/sub-MONSTERA13_task-10_space-T1w_desc-brain_mask.nii.gz']
triming data...
(89, 102, 78, 458)    (89, 102, 78, 452)
(1.702, 1.702, 1.7, 1.0)
[[  1.70200002   0.           0.         -75.66266632]
 [  0.           1.70200002   0.         -77.94478607]
 [  0.           0.           1.70000005 -46.45800018]
 [  0.           0.           0.           1.        ]]
triming data...output to /projects/kuhl_lab/wanjiag/MONSTERA/derivatives/preprocess/sub-MONSTERA13/sub-MONSTERA13_task-01_space-T1w_desc-preproc_bold_trim6TRs.nii.gz
calculating mean......
3dTstat -mean -prefix /projects/kuhl_lab/wanjiag/MONSTERA/derivatives/preprocess/sub-MONSTERA13/sub-MONSTERA13_task-01_space-T1w_desc-preproc_bold_trim6TRs_mean-img.nii.gz /projects/kuhl_lab/wanjiag/MONSTERA/derivatives/preprocess/sub-MONSTERA13/sub-MONSTERA13_task-01_space-T1w_desc-preproc_bold_trim6TRs.nii.gz
220525-10:26:38,382 nipype.interface INFO:
	 stderr 2022-05-25T10:26:38.382497:++ 3dTstat: AFNI version=AFNI_18.2.04 (Jul  6 2018) [64-bit]
220525-10:26:38,382 nipype.interface INFO:
	 stderr 2022-05-25T10:26:38.382497:++ Authored by: KR Hammett & RW Cox
220525-10:26:38,393 nipype.interface INFO:
	 stderr 2022-05-25T10:26:38.393780:** AFNI converts NIFTI_datatype=64 (FLOAT64) in file /projects/kuhl_lab/wanjiag/MONSTERA/derivatives/preprocess/sub-MONSTERA13/sub-MONSTERA13_task-01_space-T1w_desc-preproc_bold_trim6TRs.nii.gz to FLOAT32
220525-10:26:38,393 nipype.interface INFO:
	 stderr 2022-05-25T10:26:38.393780:     Warnings of this type will be muted for this session.
220525-10:26:38,393 nipype.interface INFO:
	 stderr 2022-05-25T10:26:38.393780:     Set AFNI_NIFTI_TYPE_WARN to YES to see them all, NO to see none.
220525-10:26:51,792 nipype.interface INFO:
	 stderr 2022-05-25T10:26:51.792776:++ Output dataset /projects/kuhl_lab/wanjiag/MONSTERA/derivatives/preprocess/sub-MONSTERA13/sub-MONSTERA13_task-01_space-T1w_desc-preproc_bold_trim6TRs_mean-img.nii.gz
calculating mean...output to /projects/kuhl_lab/wanjiag/MONSTERA/derivatives/preprocess/sub-MONSTERA13/sub-MONSTERA13_task-01_space-T1w_desc-preproc_bold_trim6TRs_mean-img.nii.gz
Centering data ......
3dcalc -a /projects/kuhl_lab/wanjiag/MONSTERA/derivatives/preprocess/sub-MONSTERA13/sub-MONSTERA13_task-01_space-T1w_desc-preproc_bold_trim6TRs.nii.gz -b /projects/kuhl_lab/wanjiag/MONSTERA/derivatives/preprocess/sub-MONSTERA13/sub-MONSTERA13_task-01_space-T1w_desc-preproc_bold_trim6TRs_mean-img.nii.gz -c /projects/kuhl_lab/wanjiag/MONSTERA/derivatives/preprocess/sub-MONSTERA13/sub-MONSTERA13_space-T1w_desc-brain_intersect_mask.nii.gz -expr "c * min(200, a/b*100)*step(a)*step(b)" -prefix /projects/kuhl_lab/wanjiag/MONSTERA/derivatives/preprocess/sub-MONSTERA13/sub-MONSTERA13_task-01_space-T1w_desc-preproc_bold_trim6TRs_centered-masked.nii.gz
220525-10:26:56,914 nipype.interface INFO:
	 stderr 2022-05-25T10:26:56.914794:++ 3dcalc: AFNI version=AFNI_18.2.04 (Jul  6 2018) [64-bit]
220525-10:26:56,915 nipype.interface INFO:
	 stderr 2022-05-25T10:26:56.914794:++ Authored by: A cast of thousands
220525-10:26:56,915 nipype.interface INFO:
	 stderr 2022-05-25T10:26:56.914794:** AFNI converts NIFTI_datatype=64 (FLOAT64) in file /projects/kuhl_lab/wanjiag/MONSTERA/derivatives/preprocess/sub-MONSTERA13/sub-MONSTERA13_task-01_space-T1w_desc-preproc_bold_trim6TRs.nii.gz to FLOAT32
220525-10:26:56,915 nipype.interface INFO:
	 stderr 2022-05-25T10:26:56.914794:     Warnings of this type will be muted for this session.
220525-10:26:56,915 nipype.interface INFO:
	 stderr 2022-05-25T10:26:56.914794:     Set AFNI_NIFTI_TYPE_WARN to YES to see them all, NO to see none.
220525-10:27:59,218 nipype.interface INFO:
	 stderr 2022-05-25T10:27:59.218811:++ Output dataset /projects/kuhl_lab/wanjiag/MONSTERA/derivatives/preprocess/sub-MONSTERA13/sub-MONSTERA13_task-01_space-T1w_desc-preproc_bold_trim6TRs_centered-masked.nii.gz
Centering data...output to /projects/kuhl_lab/wanjiag/MONSTERA/derivatives/preprocess/sub-MONSTERA13/sub-MONSTERA13_task-01_space-T1w_desc-preproc_bold_trim6TRs_centered-masked.nii.gz
triming data...
(89, 102, 78, 458)    (89, 102, 78, 452)
(1.702, 1.702, 1.7, 1.0)
[[  1.70200002   0.           0.         -75.66266632]
 [  0.           1.70200002   0.         -77.94478607]
 [  0.           0.           1.70000005 -46.45800018]
 [  0.           0.           0.           1.        ]]
triming data...output to /projects/kuhl_lab/wanjiag/MONSTERA/derivatives/preprocess/sub-MONSTERA13/sub-MONSTERA13_task-02_space-T1w_desc-preproc_bold_trim6TRs.nii.gz
calculating mean......
3dTstat -mean -prefix /projects/kuhl_lab/wanjiag/MONSTERA/derivatives/preprocess/sub-MONSTERA13/sub-MONSTERA13_task-02_space-T1w_desc-preproc_bold_trim6TRs_mean-img.nii.gz /projects/kuhl_lab/wanjiag/MONSTERA/derivatives/preprocess/sub-MONSTERA13/sub-MONSTERA13_task-02_space-T1w_desc-preproc_bold_trim6TRs.nii.gz
220525-10:29:05,121 nipype.interface INFO:
	 stderr 2022-05-25T10:29:05.121165:++ 3dTstat: AFNI version=AFNI_18.2.04 (Jul  6 2018) [64-bit]
220525-10:29:05,121 nipype.interface INFO:
	 stderr 2022-05-25T10:29:05.121165:++ Authored by: KR Hammett & RW Cox
220525-10:29:05,125 nipype.interface INFO:
	 stderr 2022-05-25T10:29:05.125785:** AFNI converts NIFTI_datatype=64 (FLOAT64) in file /projects/kuhl_lab/wanjiag/MONSTERA/derivatives/preprocess/sub-MONSTERA13/sub-MONSTERA13_task-02_space-T1w_desc-preproc_bold_trim6TRs.nii.gz to FLOAT32
220525-10:29:05,125 nipype.interface INFO:
	 stderr 2022-05-25T10:29:05.125785:     Warnings of this type will be muted for this session.
220525-10:29:05,125 nipype.interface INFO:
	 stderr 2022-05-25T10:29:05.125785:     Set AFNI_NIFTI_TYPE_WARN to YES to see them all, NO to see none.
220525-10:29:18,503 nipype.interface INFO:
	 stderr 2022-05-25T10:29:18.503888:++ Output dataset /projects/kuhl_lab/wanjiag/MONSTERA/derivatives/preprocess/sub-MONSTERA13/sub-MONSTERA13_task-02_space-T1w_desc-preproc_bold_trim6TRs_mean-img.nii.gz
calculating mean...output to /projects/kuhl_lab/wanjiag/MONSTERA/derivatives/preprocess/sub-MONSTERA13/sub-MONSTERA13_task-02_space-T1w_desc-preproc_bold_trim6TRs_mean-img.nii.gz
Centering data ......
3dcalc -a /projects/kuhl_lab/wanjiag/MONSTERA/derivatives/preprocess/sub-MONSTERA13/sub-MONSTERA13_task-02_space-T1w_desc-preproc_bold_trim6TRs.nii.gz -b /projects/kuhl_lab/wanjiag/MONSTERA/derivatives/preprocess/sub-MONSTERA13/sub-MONSTERA13_task-02_space-T1w_desc-preproc_bold_trim6TRs_mean-img.nii.gz -c /projects/kuhl_lab/wanjiag/MONSTERA/derivatives/preprocess/sub-MONSTERA13/sub-MONSTERA13_space-T1w_desc-brain_intersect_mask.nii.gz -expr "c * min(200, a/b*100)*step(a)*step(b)" -prefix /projects/kuhl_lab/wanjiag/MONSTERA/derivatives/preprocess/sub-MONSTERA13/sub-MONSTERA13_task-02_space-T1w_desc-preproc_bold_trim6TRs_centered-masked.nii.gz
220525-10:29:23,623 nipype.interface INFO:
	 stderr 2022-05-25T10:29:23.623029:++ 3dcalc: AFNI version=AFNI_18.2.04 (Jul  6 2018) [64-bit]
220525-10:29:23,623 nipype.interface INFO:
	 stderr 2022-05-25T10:29:23.623029:++ Authored by: A cast of thousands
220525-10:29:23,651 nipype.interface INFO:
	 stderr 2022-05-25T10:29:23.651781:** AFNI converts NIFTI_datatype=64 (FLOAT64) in file /projects/kuhl_lab/wanjiag/MONSTERA/derivatives/preprocess/sub-MONSTERA13/sub-MONSTERA13_task-02_space-T1w_desc-preproc_bold_trim6TRs.nii.gz to FLOAT32
220525-10:29:23,651 nipype.interface INFO:
	 stderr 2022-05-25T10:29:23.651781:     Warnings of this type will be muted for this session.
220525-10:29:23,651 nipype.interface INFO:
	 stderr 2022-05-25T10:29:23.651781:     Set AFNI_NIFTI_TYPE_WARN to YES to see them all, NO to see none.
220525-10:30:25,581 nipype.interface INFO:
	 stderr 2022-05-25T10:30:25.581936:++ Output dataset /projects/kuhl_lab/wanjiag/MONSTERA/derivatives/preprocess/sub-MONSTERA13/sub-MONSTERA13_task-02_space-T1w_desc-preproc_bold_trim6TRs_centered-masked.nii.gz
Centering data...output to /projects/kuhl_lab/wanjiag/MONSTERA/derivatives/preprocess/sub-MONSTERA13/sub-MONSTERA13_task-02_space-T1w_desc-preproc_bold_trim6TRs_centered-masked.nii.gz
triming data...
(89, 102, 78, 458)    (89, 102, 78, 452)
(1.702, 1.702, 1.7, 1.0)
[[  1.70200002   0.           0.         -75.66266632]
 [  0.           1.70200002   0.         -77.94478607]
 [  0.           0.           1.70000005 -46.45800018]
 [  0.           0.           0.           1.        ]]
triming data...output to /projects/kuhl_lab/wanjiag/MONSTERA/derivatives/preprocess/sub-MONSTERA13/sub-MONSTERA13_task-03_space-T1w_desc-preproc_bold_trim6TRs.nii.gz
calculating mean......
3dTstat -mean -prefix /projects/kuhl_lab/wanjiag/MONSTERA/derivatives/preprocess/sub-MONSTERA13/sub-MONSTERA13_task-03_space-T1w_desc-preproc_bold_trim6TRs_mean-img.nii.gz /projects/kuhl_lab/wanjiag/MONSTERA/derivatives/preprocess/sub-MONSTERA13/sub-MONSTERA13_task-03_space-T1w_desc-preproc_bold_trim6TRs.nii.gz
220525-10:31:31,480 nipype.interface INFO:
	 stderr 2022-05-25T10:31:31.480358:++ 3dTstat: AFNI version=AFNI_18.2.04 (Jul  6 2018) [64-bit]
220525-10:31:31,480 nipype.interface INFO:
	 stderr 2022-05-25T10:31:31.480358:++ Authored by: KR Hammett & RW Cox
220525-10:31:31,490 nipype.interface INFO:
	 stderr 2022-05-25T10:31:31.490781:** AFNI converts NIFTI_datatype=64 (FLOAT64) in file /projects/kuhl_lab/wanjiag/MONSTERA/derivatives/preprocess/sub-MONSTERA13/sub-MONSTERA13_task-03_space-T1w_desc-preproc_bold_trim6TRs.nii.gz to FLOAT32
220525-10:31:31,490 nipype.interface INFO:
	 stderr 2022-05-25T10:31:31.490781:     Warnings of this type will be muted for this session.
220525-10:31:31,490 nipype.interface INFO:
	 stderr 2022-05-25T10:31:31.490781:     Set AFNI_NIFTI_TYPE_WARN to YES to see them all, NO to see none.
220525-10:31:44,900 nipype.interface INFO:
	 stderr 2022-05-25T10:31:44.900825:++ Output dataset /projects/kuhl_lab/wanjiag/MONSTERA/derivatives/preprocess/sub-MONSTERA13/sub-MONSTERA13_task-03_space-T1w_desc-preproc_bold_trim6TRs_mean-img.nii.gz
calculating mean...output to /projects/kuhl_lab/wanjiag/MONSTERA/derivatives/preprocess/sub-MONSTERA13/sub-MONSTERA13_task-03_space-T1w_desc-preproc_bold_trim6TRs_mean-img.nii.gz
Centering data ......
3dcalc -a /projects/kuhl_lab/wanjiag/MONSTERA/derivatives/preprocess/sub-MONSTERA13/sub-MONSTERA13_task-03_space-T1w_desc-preproc_bold_trim6TRs.nii.gz -b /projects/kuhl_lab/wanjiag/MONSTERA/derivatives/preprocess/sub-MONSTERA13/sub-MONSTERA13_task-03_space-T1w_desc-preproc_bold_trim6TRs_mean-img.nii.gz -c /projects/kuhl_lab/wanjiag/MONSTERA/derivatives/preprocess/sub-MONSTERA13/sub-MONSTERA13_space-T1w_desc-brain_intersect_mask.nii.gz -expr "c * min(200, a/b*100)*step(a)*step(b)" -prefix /projects/kuhl_lab/wanjiag/MONSTERA/derivatives/preprocess/sub-MONSTERA13/sub-MONSTERA13_task-03_space-T1w_desc-preproc_bold_trim6TRs_centered-masked.nii.gz
220525-10:31:50,24 nipype.interface INFO:
	 stderr 2022-05-25T10:31:50.024777:++ 3dcalc: AFNI version=AFNI_18.2.04 (Jul  6 2018) [64-bit]
220525-10:31:50,25 nipype.interface INFO:
	 stderr 2022-05-25T10:31:50.024777:++ Authored by: A cast of thousands
220525-10:31:50,25 nipype.interface INFO:
	 stderr 2022-05-25T10:31:50.024777:** AFNI converts NIFTI_datatype=64 (FLOAT64) in file /projects/kuhl_lab/wanjiag/MONSTERA/derivatives/preprocess/sub-MONSTERA13/sub-MONSTERA13_task-03_space-T1w_desc-preproc_bold_trim6TRs.nii.gz to FLOAT32
220525-10:31:50,25 nipype.interface INFO:
	 stderr 2022-05-25T10:31:50.024777:     Warnings of this type will be muted for this session.
220525-10:31:50,25 nipype.interface INFO:
	 stderr 2022-05-25T10:31:50.024777:     Set AFNI_NIFTI_TYPE_WARN to YES to see them all, NO to see none.
220525-10:32:52,301 nipype.interface INFO:
	 stderr 2022-05-25T10:32:52.301800:++ Output dataset /projects/kuhl_lab/wanjiag/MONSTERA/derivatives/preprocess/sub-MONSTERA13/sub-MONSTERA13_task-03_space-T1w_desc-preproc_bold_trim6TRs_centered-masked.nii.gz
Centering data...output to /projects/kuhl_lab/wanjiag/MONSTERA/derivatives/preprocess/sub-MONSTERA13/sub-MONSTERA13_task-03_space-T1w_desc-preproc_bold_trim6TRs_centered-masked.nii.gz
triming data...
(89, 102, 78, 458)    (89, 102, 78, 452)
(1.702, 1.702, 1.7, 1.0)
[[  1.70200002   0.           0.         -75.66266632]
 [  0.           1.70200002   0.         -77.94478607]
 [  0.           0.           1.70000005 -46.45800018]
 [  0.           0.           0.           1.        ]]
triming data...output to /projects/kuhl_lab/wanjiag/MONSTERA/derivatives/preprocess/sub-MONSTERA13/sub-MONSTERA13_task-04_space-T1w_desc-preproc_bold_trim6TRs.nii.gz
calculating mean......
3dTstat -mean -prefix /projects/kuhl_lab/wanjiag/MONSTERA/derivatives/preprocess/sub-MONSTERA13/sub-MONSTERA13_task-04_space-T1w_desc-preproc_bold_trim6TRs_mean-img.nii.gz /projects/kuhl_lab/wanjiag/MONSTERA/derivatives/preprocess/sub-MONSTERA13/sub-MONSTERA13_task-04_space-T1w_desc-preproc_bold_trim6TRs.nii.gz
220525-10:33:59,792 nipype.interface INFO:
	 stderr 2022-05-25T10:33:59.792252:++ 3dTstat: AFNI version=AFNI_18.2.04 (Jul  6 2018) [64-bit]
220525-10:33:59,792 nipype.interface INFO:
	 stderr 2022-05-25T10:33:59.792252:++ Authored by: KR Hammett & RW Cox
220525-10:33:59,802 nipype.interface INFO:
	 stderr 2022-05-25T10:33:59.802775:** AFNI converts NIFTI_datatype=64 (FLOAT64) in file /projects/kuhl_lab/wanjiag/MONSTERA/derivatives/preprocess/sub-MONSTERA13/sub-MONSTERA13_task-04_space-T1w_desc-preproc_bold_trim6TRs.nii.gz to FLOAT32
220525-10:33:59,802 nipype.interface INFO:
	 stderr 2022-05-25T10:33:59.802775:     Warnings of this type will be muted for this session.
220525-10:33:59,802 nipype.interface INFO:
	 stderr 2022-05-25T10:33:59.802775:     Set AFNI_NIFTI_TYPE_WARN to YES to see them all, NO to see none.
220525-10:34:13,204 nipype.interface INFO:
	 stderr 2022-05-25T10:34:13.204775:++ Output dataset /projects/kuhl_lab/wanjiag/MONSTERA/derivatives/preprocess/sub-MONSTERA13/sub-MONSTERA13_task-04_space-T1w_desc-preproc_bold_trim6TRs_mean-img.nii.gz
calculating mean...output to /projects/kuhl_lab/wanjiag/MONSTERA/derivatives/preprocess/sub-MONSTERA13/sub-MONSTERA13_task-04_space-T1w_desc-preproc_bold_trim6TRs_mean-img.nii.gz
Centering data ......
3dcalc -a /projects/kuhl_lab/wanjiag/MONSTERA/derivatives/preprocess/sub-MONSTERA13/sub-MONSTERA13_task-04_space-T1w_desc-preproc_bold_trim6TRs.nii.gz -b /projects/kuhl_lab/wanjiag/MONSTERA/derivatives/preprocess/sub-MONSTERA13/sub-MONSTERA13_task-04_space-T1w_desc-preproc_bold_trim6TRs_mean-img.nii.gz -c /projects/kuhl_lab/wanjiag/MONSTERA/derivatives/preprocess/sub-MONSTERA13/sub-MONSTERA13_space-T1w_desc-brain_intersect_mask.nii.gz -expr "c * min(200, a/b*100)*step(a)*step(b)" -prefix /projects/kuhl_lab/wanjiag/MONSTERA/derivatives/preprocess/sub-MONSTERA13/sub-MONSTERA13_task-04_space-T1w_desc-preproc_bold_trim6TRs_centered-masked.nii.gz
220525-10:34:18,321 nipype.interface INFO:
	 stderr 2022-05-25T10:34:18.321779:++ 3dcalc: AFNI version=AFNI_18.2.04 (Jul  6 2018) [64-bit]
220525-10:34:18,322 nipype.interface INFO:
	 stderr 2022-05-25T10:34:18.321779:++ Authored by: A cast of thousands
220525-10:34:18,322 nipype.interface INFO:
	 stderr 2022-05-25T10:34:18.321779:** AFNI converts NIFTI_datatype=64 (FLOAT64) in file /projects/kuhl_lab/wanjiag/MONSTERA/derivatives/preprocess/sub-MONSTERA13/sub-MONSTERA13_task-04_space-T1w_desc-preproc_bold_trim6TRs.nii.gz to FLOAT32
220525-10:34:18,322 nipype.interface INFO:
	 stderr 2022-05-25T10:34:18.321779:     Warnings of this type will be muted for this session.
220525-10:34:18,322 nipype.interface INFO:
	 stderr 2022-05-25T10:34:18.321779:     Set AFNI_NIFTI_TYPE_WARN to YES to see them all, NO to see none.
220525-10:35:20,165 nipype.interface INFO:
	 stderr 2022-05-25T10:35:20.165841:++ Output dataset /projects/kuhl_lab/wanjiag/MONSTERA/derivatives/preprocess/sub-MONSTERA13/sub-MONSTERA13_task-04_space-T1w_desc-preproc_bold_trim6TRs_centered-masked.nii.gz
Centering data...output to /projects/kuhl_lab/wanjiag/MONSTERA/derivatives/preprocess/sub-MONSTERA13/sub-MONSTERA13_task-04_space-T1w_desc-preproc_bold_trim6TRs_centered-masked.nii.gz
triming data...
(89, 102, 78, 458)    (89, 102, 78, 452)
(1.702, 1.702, 1.7, 1.0)
[[  1.70200002   0.           0.         -75.66266632]
 [  0.           1.70200002   0.         -77.94478607]
 [  0.           0.           1.70000005 -46.45800018]
 [  0.           0.           0.           1.        ]]
triming data...output to /projects/kuhl_lab/wanjiag/MONSTERA/derivatives/preprocess/sub-MONSTERA13/sub-MONSTERA13_task-05_space-T1w_desc-preproc_bold_trim6TRs.nii.gz
calculating mean......
3dTstat -mean -prefix /projects/kuhl_lab/wanjiag/MONSTERA/derivatives/preprocess/sub-MONSTERA13/sub-MONSTERA13_task-05_space-T1w_desc-preproc_bold_trim6TRs_mean-img.nii.gz /projects/kuhl_lab/wanjiag/MONSTERA/derivatives/preprocess/sub-MONSTERA13/sub-MONSTERA13_task-05_space-T1w_desc-preproc_bold_trim6TRs.nii.gz
220525-10:36:26,272 nipype.interface INFO:
	 stderr 2022-05-25T10:36:26.271994:++ 3dTstat: AFNI version=AFNI_18.2.04 (Jul  6 2018) [64-bit]
220525-10:36:26,272 nipype.interface INFO:
	 stderr 2022-05-25T10:36:26.271994:++ Authored by: KR Hammett & RW Cox
220525-10:36:26,282 nipype.interface INFO:
	 stderr 2022-05-25T10:36:26.282777:** AFNI converts NIFTI_datatype=64 (FLOAT64) in file /projects/kuhl_lab/wanjiag/MONSTERA/derivatives/preprocess/sub-MONSTERA13/sub-MONSTERA13_task-05_space-T1w_desc-preproc_bold_trim6TRs.nii.gz to FLOAT32
220525-10:36:26,282 nipype.interface INFO:
	 stderr 2022-05-25T10:36:26.282777:     Warnings of this type will be muted for this session.
220525-10:36:26,282 nipype.interface INFO:
	 stderr 2022-05-25T10:36:26.282777:     Set AFNI_NIFTI_TYPE_WARN to YES to see them all, NO to see none.
220525-10:36:39,702 nipype.interface INFO:
	 stderr 2022-05-25T10:36:39.702815:++ Output dataset /projects/kuhl_lab/wanjiag/MONSTERA/derivatives/preprocess/sub-MONSTERA13/sub-MONSTERA13_task-05_space-T1w_desc-preproc_bold_trim6TRs_mean-img.nii.gz
calculating mean...output to /projects/kuhl_lab/wanjiag/MONSTERA/derivatives/preprocess/sub-MONSTERA13/sub-MONSTERA13_task-05_space-T1w_desc-preproc_bold_trim6TRs_mean-img.nii.gz
Centering data ......
3dcalc -a /projects/kuhl_lab/wanjiag/MONSTERA/derivatives/preprocess/sub-MONSTERA13/sub-MONSTERA13_task-05_space-T1w_desc-preproc_bold_trim6TRs.nii.gz -b /projects/kuhl_lab/wanjiag/MONSTERA/derivatives/preprocess/sub-MONSTERA13/sub-MONSTERA13_task-05_space-T1w_desc-preproc_bold_trim6TRs_mean-img.nii.gz -c /projects/kuhl_lab/wanjiag/MONSTERA/derivatives/preprocess/sub-MONSTERA13/sub-MONSTERA13_space-T1w_desc-brain_intersect_mask.nii.gz -expr "c * min(200, a/b*100)*step(a)*step(b)" -prefix /projects/kuhl_lab/wanjiag/MONSTERA/derivatives/preprocess/sub-MONSTERA13/sub-MONSTERA13_task-05_space-T1w_desc-preproc_bold_trim6TRs_centered-masked.nii.gz
220525-10:36:44,826 nipype.interface INFO:
	 stderr 2022-05-25T10:36:44.826787:++ 3dcalc: AFNI version=AFNI_18.2.04 (Jul  6 2018) [64-bit]
220525-10:36:44,827 nipype.interface INFO:
	 stderr 2022-05-25T10:36:44.826787:++ Authored by: A cast of thousands
220525-10:36:44,827 nipype.interface INFO:
	 stderr 2022-05-25T10:36:44.826787:** AFNI converts NIFTI_datatype=64 (FLOAT64) in file /projects/kuhl_lab/wanjiag/MONSTERA/derivatives/preprocess/sub-MONSTERA13/sub-MONSTERA13_task-05_space-T1w_desc-preproc_bold_trim6TRs.nii.gz to FLOAT32
220525-10:36:44,827 nipype.interface INFO:
	 stderr 2022-05-25T10:36:44.826787:     Warnings of this type will be muted for this session.
220525-10:36:44,827 nipype.interface INFO:
	 stderr 2022-05-25T10:36:44.826787:     Set AFNI_NIFTI_TYPE_WARN to YES to see them all, NO to see none.
220525-10:37:46,965 nipype.interface INFO:
	 stderr 2022-05-25T10:37:46.965911:++ Output dataset /projects/kuhl_lab/wanjiag/MONSTERA/derivatives/preprocess/sub-MONSTERA13/sub-MONSTERA13_task-05_space-T1w_desc-preproc_bold_trim6TRs_centered-masked.nii.gz
Centering data...output to /projects/kuhl_lab/wanjiag/MONSTERA/derivatives/preprocess/sub-MONSTERA13/sub-MONSTERA13_task-05_space-T1w_desc-preproc_bold_trim6TRs_centered-masked.nii.gz
triming data...
(89, 102, 78, 458)    (89, 102, 78, 452)
(1.702, 1.702, 1.7, 1.0)
[[  1.70200002   0.           0.         -75.66266632]
 [  0.           1.70200002   0.         -77.94478607]
 [  0.           0.           1.70000005 -46.45800018]
 [  0.           0.           0.           1.        ]]
triming data...output to /projects/kuhl_lab/wanjiag/MONSTERA/derivatives/preprocess/sub-MONSTERA13/sub-MONSTERA13_task-06_space-T1w_desc-preproc_bold_trim6TRs.nii.gz
calculating mean......
3dTstat -mean -prefix /projects/kuhl_lab/wanjiag/MONSTERA/derivatives/preprocess/sub-MONSTERA13/sub-MONSTERA13_task-06_space-T1w_desc-preproc_bold_trim6TRs_mean-img.nii.gz /projects/kuhl_lab/wanjiag/MONSTERA/derivatives/preprocess/sub-MONSTERA13/sub-MONSTERA13_task-06_space-T1w_desc-preproc_bold_trim6TRs.nii.gz
220525-10:38:53,419 nipype.interface INFO:
	 stderr 2022-05-25T10:38:53.419648:++ 3dTstat: AFNI version=AFNI_18.2.04 (Jul  6 2018) [64-bit]
220525-10:38:53,419 nipype.interface INFO:
	 stderr 2022-05-25T10:38:53.419648:++ Authored by: KR Hammett & RW Cox
220525-10:38:53,430 nipype.interface INFO:
	 stderr 2022-05-25T10:38:53.430779:** AFNI converts NIFTI_datatype=64 (FLOAT64) in file /projects/kuhl_lab/wanjiag/MONSTERA/derivatives/preprocess/sub-MONSTERA13/sub-MONSTERA13_task-06_space-T1w_desc-preproc_bold_trim6TRs.nii.gz to FLOAT32
220525-10:38:53,430 nipype.interface INFO:
	 stderr 2022-05-25T10:38:53.430779:     Warnings of this type will be muted for this session.
220525-10:38:53,430 nipype.interface INFO:
	 stderr 2022-05-25T10:38:53.430779:     Set AFNI_NIFTI_TYPE_WARN to YES to see them all, NO to see none.
220525-10:39:06,881 nipype.interface INFO:
	 stderr 2022-05-25T10:39:06.881775:++ Output dataset /projects/kuhl_lab/wanjiag/MONSTERA/derivatives/preprocess/sub-MONSTERA13/sub-MONSTERA13_task-06_space-T1w_desc-preproc_bold_trim6TRs_mean-img.nii.gz
calculating mean...output to /projects/kuhl_lab/wanjiag/MONSTERA/derivatives/preprocess/sub-MONSTERA13/sub-MONSTERA13_task-06_space-T1w_desc-preproc_bold_trim6TRs_mean-img.nii.gz
Centering data ......
3dcalc -a /projects/kuhl_lab/wanjiag/MONSTERA/derivatives/preprocess/sub-MONSTERA13/sub-MONSTERA13_task-06_space-T1w_desc-preproc_bold_trim6TRs.nii.gz -b /projects/kuhl_lab/wanjiag/MONSTERA/derivatives/preprocess/sub-MONSTERA13/sub-MONSTERA13_task-06_space-T1w_desc-preproc_bold_trim6TRs_mean-img.nii.gz -c /projects/kuhl_lab/wanjiag/MONSTERA/derivatives/preprocess/sub-MONSTERA13/sub-MONSTERA13_space-T1w_desc-brain_intersect_mask.nii.gz -expr "c * min(200, a/b*100)*step(a)*step(b)" -prefix /projects/kuhl_lab/wanjiag/MONSTERA/derivatives/preprocess/sub-MONSTERA13/sub-MONSTERA13_task-06_space-T1w_desc-preproc_bold_trim6TRs_centered-masked.nii.gz
220525-10:39:11,993 nipype.interface INFO:
	 stderr 2022-05-25T10:39:11.993428:++ 3dcalc: AFNI version=AFNI_18.2.04 (Jul  6 2018) [64-bit]
220525-10:39:11,993 nipype.interface INFO:
	 stderr 2022-05-25T10:39:11.993428:++ Authored by: A cast of thousands
220525-10:39:12,4 nipype.interface INFO:
	 stderr 2022-05-25T10:39:12.004763:** AFNI converts NIFTI_datatype=64 (FLOAT64) in file /projects/kuhl_lab/wanjiag/MONSTERA/derivatives/preprocess/sub-MONSTERA13/sub-MONSTERA13_task-06_space-T1w_desc-preproc_bold_trim6TRs.nii.gz to FLOAT32
220525-10:39:12,4 nipype.interface INFO:
	 stderr 2022-05-25T10:39:12.004763:     Warnings of this type will be muted for this session.
220525-10:39:12,4 nipype.interface INFO:
	 stderr 2022-05-25T10:39:12.004763:     Set AFNI_NIFTI_TYPE_WARN to YES to see them all, NO to see none.
220525-10:40:13,859 nipype.interface INFO:
	 stderr 2022-05-25T10:40:13.859134:++ Output dataset /projects/kuhl_lab/wanjiag/MONSTERA/derivatives/preprocess/sub-MONSTERA13/sub-MONSTERA13_task-06_space-T1w_desc-preproc_bold_trim6TRs_centered-masked.nii.gz
Centering data...output to /projects/kuhl_lab/wanjiag/MONSTERA/derivatives/preprocess/sub-MONSTERA13/sub-MONSTERA13_task-06_space-T1w_desc-preproc_bold_trim6TRs_centered-masked.nii.gz
triming data...
(89, 102, 78, 458)    (89, 102, 78, 452)
(1.702, 1.702, 1.7, 1.0)
[[  1.70200002   0.           0.         -75.66266632]
 [  0.           1.70200002   0.         -77.94478607]
 [  0.           0.           1.70000005 -46.45800018]
 [  0.           0.           0.           1.        ]]
triming data...output to /projects/kuhl_lab/wanjiag/MONSTERA/derivatives/preprocess/sub-MONSTERA13/sub-MONSTERA13_task-07_space-T1w_desc-preproc_bold_trim6TRs.nii.gz
calculating mean......
3dTstat -mean -prefix /projects/kuhl_lab/wanjiag/MONSTERA/derivatives/preprocess/sub-MONSTERA13/sub-MONSTERA13_task-07_space-T1w_desc-preproc_bold_trim6TRs_mean-img.nii.gz /projects/kuhl_lab/wanjiag/MONSTERA/derivatives/preprocess/sub-MONSTERA13/sub-MONSTERA13_task-07_space-T1w_desc-preproc_bold_trim6TRs.nii.gz
220525-10:41:20,21 nipype.interface INFO:
	 stderr 2022-05-25T10:41:20.021533:++ 3dTstat: AFNI version=AFNI_18.2.04 (Jul  6 2018) [64-bit]
220525-10:41:20,21 nipype.interface INFO:
	 stderr 2022-05-25T10:41:20.021533:++ Authored by: KR Hammett & RW Cox
220525-10:41:20,31 nipype.interface INFO:
	 stderr 2022-05-25T10:41:20.031785:** AFNI converts NIFTI_datatype=64 (FLOAT64) in file /projects/kuhl_lab/wanjiag/MONSTERA/derivatives/preprocess/sub-MONSTERA13/sub-MONSTERA13_task-07_space-T1w_desc-preproc_bold_trim6TRs.nii.gz to FLOAT32
220525-10:41:20,31 nipype.interface INFO:
	 stderr 2022-05-25T10:41:20.031785:     Warnings of this type will be muted for this session.
220525-10:41:20,31 nipype.interface INFO:
	 stderr 2022-05-25T10:41:20.031785:     Set AFNI_NIFTI_TYPE_WARN to YES to see them all, NO to see none.
220525-10:41:33,338 nipype.interface INFO:
	 stderr 2022-05-25T10:41:33.338790:++ Output dataset /projects/kuhl_lab/wanjiag/MONSTERA/derivatives/preprocess/sub-MONSTERA13/sub-MONSTERA13_task-07_space-T1w_desc-preproc_bold_trim6TRs_mean-img.nii.gz
calculating mean...output to /projects/kuhl_lab/wanjiag/MONSTERA/derivatives/preprocess/sub-MONSTERA13/sub-MONSTERA13_task-07_space-T1w_desc-preproc_bold_trim6TRs_mean-img.nii.gz
Centering data ......
3dcalc -a /projects/kuhl_lab/wanjiag/MONSTERA/derivatives/preprocess/sub-MONSTERA13/sub-MONSTERA13_task-07_space-T1w_desc-preproc_bold_trim6TRs.nii.gz -b /projects/kuhl_lab/wanjiag/MONSTERA/derivatives/preprocess/sub-MONSTERA13/sub-MONSTERA13_task-07_space-T1w_desc-preproc_bold_trim6TRs_mean-img.nii.gz -c /projects/kuhl_lab/wanjiag/MONSTERA/derivatives/preprocess/sub-MONSTERA13/sub-MONSTERA13_space-T1w_desc-brain_intersect_mask.nii.gz -expr "c * min(200, a/b*100)*step(a)*step(b)" -prefix /projects/kuhl_lab/wanjiag/MONSTERA/derivatives/preprocess/sub-MONSTERA13/sub-MONSTERA13_task-07_space-T1w_desc-preproc_bold_trim6TRs_centered-masked.nii.gz
220525-10:41:38,461 nipype.interface INFO:
	 stderr 2022-05-25T10:41:38.461783:++ 3dcalc: AFNI version=AFNI_18.2.04 (Jul  6 2018) [64-bit]
220525-10:41:38,462 nipype.interface INFO:
	 stderr 2022-05-25T10:41:38.461783:++ Authored by: A cast of thousands
220525-10:41:38,462 nipype.interface INFO:
	 stderr 2022-05-25T10:41:38.461783:** AFNI converts NIFTI_datatype=64 (FLOAT64) in file /projects/kuhl_lab/wanjiag/MONSTERA/derivatives/preprocess/sub-MONSTERA13/sub-MONSTERA13_task-07_space-T1w_desc-preproc_bold_trim6TRs.nii.gz to FLOAT32
220525-10:41:38,462 nipype.interface INFO:
	 stderr 2022-05-25T10:41:38.461783:     Warnings of this type will be muted for this session.
220525-10:41:38,462 nipype.interface INFO:
	 stderr 2022-05-25T10:41:38.461783:     Set AFNI_NIFTI_TYPE_WARN to YES to see them all, NO to see none.
220525-10:42:40,114 nipype.interface INFO:
	 stderr 2022-05-25T10:42:40.114821:++ Output dataset /projects/kuhl_lab/wanjiag/MONSTERA/derivatives/preprocess/sub-MONSTERA13/sub-MONSTERA13_task-07_space-T1w_desc-preproc_bold_trim6TRs_centered-masked.nii.gz
Centering data...output to /projects/kuhl_lab/wanjiag/MONSTERA/derivatives/preprocess/sub-MONSTERA13/sub-MONSTERA13_task-07_space-T1w_desc-preproc_bold_trim6TRs_centered-masked.nii.gz
triming data...
(89, 102, 78, 458)    (89, 102, 78, 452)
(1.702, 1.702, 1.7, 1.0)
[[  1.70200002   0.           0.         -75.66266632]
 [  0.           1.70200002   0.         -77.94478607]
 [  0.           0.           1.70000005 -46.45800018]
 [  0.           0.           0.           1.        ]]
triming data...output to /projects/kuhl_lab/wanjiag/MONSTERA/derivatives/preprocess/sub-MONSTERA13/sub-MONSTERA13_task-08_space-T1w_desc-preproc_bold_trim6TRs.nii.gz
calculating mean......
3dTstat -mean -prefix /projects/kuhl_lab/wanjiag/MONSTERA/derivatives/preprocess/sub-MONSTERA13/sub-MONSTERA13_task-08_space-T1w_desc-preproc_bold_trim6TRs_mean-img.nii.gz /projects/kuhl_lab/wanjiag/MONSTERA/derivatives/preprocess/sub-MONSTERA13/sub-MONSTERA13_task-08_space-T1w_desc-preproc_bold_trim6TRs.nii.gz
220525-10:43:45,864 nipype.interface INFO:
	 stderr 2022-05-25T10:43:45.863944:++ 3dTstat: AFNI version=AFNI_18.2.04 (Jul  6 2018) [64-bit]
220525-10:43:45,864 nipype.interface INFO:
	 stderr 2022-05-25T10:43:45.863944:++ Authored by: KR Hammett & RW Cox
220525-10:43:45,874 nipype.interface INFO:
	 stderr 2022-05-25T10:43:45.874776:** AFNI converts NIFTI_datatype=64 (FLOAT64) in file /projects/kuhl_lab/wanjiag/MONSTERA/derivatives/preprocess/sub-MONSTERA13/sub-MONSTERA13_task-08_space-T1w_desc-preproc_bold_trim6TRs.nii.gz to FLOAT32
220525-10:43:45,874 nipype.interface INFO:
	 stderr 2022-05-25T10:43:45.874776:     Warnings of this type will be muted for this session.
220525-10:43:45,874 nipype.interface INFO:
	 stderr 2022-05-25T10:43:45.874776:     Set AFNI_NIFTI_TYPE_WARN to YES to see them all, NO to see none.
220525-10:43:59,368 nipype.interface INFO:
	 stderr 2022-05-25T10:43:59.368858:++ Output dataset /projects/kuhl_lab/wanjiag/MONSTERA/derivatives/preprocess/sub-MONSTERA13/sub-MONSTERA13_task-08_space-T1w_desc-preproc_bold_trim6TRs_mean-img.nii.gz
calculating mean...output to /projects/kuhl_lab/wanjiag/MONSTERA/derivatives/preprocess/sub-MONSTERA13/sub-MONSTERA13_task-08_space-T1w_desc-preproc_bold_trim6TRs_mean-img.nii.gz
Centering data ......
3dcalc -a /projects/kuhl_lab/wanjiag/MONSTERA/derivatives/preprocess/sub-MONSTERA13/sub-MONSTERA13_task-08_space-T1w_desc-preproc_bold_trim6TRs.nii.gz -b /projects/kuhl_lab/wanjiag/MONSTERA/derivatives/preprocess/sub-MONSTERA13/sub-MONSTERA13_task-08_space-T1w_desc-preproc_bold_trim6TRs_mean-img.nii.gz -c /projects/kuhl_lab/wanjiag/MONSTERA/derivatives/preprocess/sub-MONSTERA13/sub-MONSTERA13_space-T1w_desc-brain_intersect_mask.nii.gz -expr "c * min(200, a/b*100)*step(a)*step(b)" -prefix /projects/kuhl_lab/wanjiag/MONSTERA/derivatives/preprocess/sub-MONSTERA13/sub-MONSTERA13_task-08_space-T1w_desc-preproc_bold_trim6TRs_centered-masked.nii.gz
220525-10:44:04,495 nipype.interface INFO:
	 stderr 2022-05-25T10:44:04.495813:++ 3dcalc: AFNI version=AFNI_18.2.04 (Jul  6 2018) [64-bit]
220525-10:44:04,496 nipype.interface INFO:
	 stderr 2022-05-25T10:44:04.495813:++ Authored by: A cast of thousands
220525-10:44:04,496 nipype.interface INFO:
	 stderr 2022-05-25T10:44:04.495813:** AFNI converts NIFTI_datatype=64 (FLOAT64) in file /projects/kuhl_lab/wanjiag/MONSTERA/derivatives/preprocess/sub-MONSTERA13/sub-MONSTERA13_task-08_space-T1w_desc-preproc_bold_trim6TRs.nii.gz to FLOAT32
220525-10:44:04,496 nipype.interface INFO:
	 stderr 2022-05-25T10:44:04.495813:     Warnings of this type will be muted for this session.
220525-10:44:04,496 nipype.interface INFO:
	 stderr 2022-05-25T10:44:04.495813:     Set AFNI_NIFTI_TYPE_WARN to YES to see them all, NO to see none.
220525-10:45:05,767 nipype.interface INFO:
	 stderr 2022-05-25T10:45:05.767835:++ Output dataset /projects/kuhl_lab/wanjiag/MONSTERA/derivatives/preprocess/sub-MONSTERA13/sub-MONSTERA13_task-08_space-T1w_desc-preproc_bold_trim6TRs_centered-masked.nii.gz
Centering data...output to /projects/kuhl_lab/wanjiag/MONSTERA/derivatives/preprocess/sub-MONSTERA13/sub-MONSTERA13_task-08_space-T1w_desc-preproc_bold_trim6TRs_centered-masked.nii.gz
triming data...
(89, 102, 78, 458)    (89, 102, 78, 452)
(1.702, 1.702, 1.7, 1.0)
[[  1.70200002   0.           0.         -75.66266632]
 [  0.           1.70200002   0.         -77.94478607]
 [  0.           0.           1.70000005 -46.45800018]
 [  0.           0.           0.           1.        ]]
triming data...output to /projects/kuhl_lab/wanjiag/MONSTERA/derivatives/preprocess/sub-MONSTERA13/sub-MONSTERA13_task-09_space-T1w_desc-preproc_bold_trim6TRs.nii.gz
calculating mean......
3dTstat -mean -prefix /projects/kuhl_lab/wanjiag/MONSTERA/derivatives/preprocess/sub-MONSTERA13/sub-MONSTERA13_task-09_space-T1w_desc-preproc_bold_trim6TRs_mean-img.nii.gz /projects/kuhl_lab/wanjiag/MONSTERA/derivatives/preprocess/sub-MONSTERA13/sub-MONSTERA13_task-09_space-T1w_desc-preproc_bold_trim6TRs.nii.gz
220525-10:46:11,746 nipype.interface INFO:
	 stderr 2022-05-25T10:46:11.746261:++ 3dTstat: AFNI version=AFNI_18.2.04 (Jul  6 2018) [64-bit]
220525-10:46:11,746 nipype.interface INFO:
	 stderr 2022-05-25T10:46:11.746261:++ Authored by: KR Hammett & RW Cox
220525-10:46:11,756 nipype.interface INFO:
	 stderr 2022-05-25T10:46:11.756792:** AFNI converts NIFTI_datatype=64 (FLOAT64) in file /projects/kuhl_lab/wanjiag/MONSTERA/derivatives/preprocess/sub-MONSTERA13/sub-MONSTERA13_task-09_space-T1w_desc-preproc_bold_trim6TRs.nii.gz to FLOAT32
220525-10:46:11,756 nipype.interface INFO:
	 stderr 2022-05-25T10:46:11.756792:     Warnings of this type will be muted for this session.
220525-10:46:11,756 nipype.interface INFO:
	 stderr 2022-05-25T10:46:11.756792:     Set AFNI_NIFTI_TYPE_WARN to YES to see them all, NO to see none.
220525-10:46:25,138 nipype.interface INFO:
	 stderr 2022-05-25T10:46:25.138784:++ Output dataset /projects/kuhl_lab/wanjiag/MONSTERA/derivatives/preprocess/sub-MONSTERA13/sub-MONSTERA13_task-09_space-T1w_desc-preproc_bold_trim6TRs_mean-img.nii.gz
calculating mean...output to /projects/kuhl_lab/wanjiag/MONSTERA/derivatives/preprocess/sub-MONSTERA13/sub-MONSTERA13_task-09_space-T1w_desc-preproc_bold_trim6TRs_mean-img.nii.gz
Centering data ......
3dcalc -a /projects/kuhl_lab/wanjiag/MONSTERA/derivatives/preprocess/sub-MONSTERA13/sub-MONSTERA13_task-09_space-T1w_desc-preproc_bold_trim6TRs.nii.gz -b /projects/kuhl_lab/wanjiag/MONSTERA/derivatives/preprocess/sub-MONSTERA13/sub-MONSTERA13_task-09_space-T1w_desc-preproc_bold_trim6TRs_mean-img.nii.gz -c /projects/kuhl_lab/wanjiag/MONSTERA/derivatives/preprocess/sub-MONSTERA13/sub-MONSTERA13_space-T1w_desc-brain_intersect_mask.nii.gz -expr "c * min(200, a/b*100)*step(a)*step(b)" -prefix /projects/kuhl_lab/wanjiag/MONSTERA/derivatives/preprocess/sub-MONSTERA13/sub-MONSTERA13_task-09_space-T1w_desc-preproc_bold_trim6TRs_centered-masked.nii.gz
220525-10:46:30,268 nipype.interface INFO:
	 stderr 2022-05-25T10:46:30.268795:++ 3dcalc: AFNI version=AFNI_18.2.04 (Jul  6 2018) [64-bit]
220525-10:46:30,269 nipype.interface INFO:
	 stderr 2022-05-25T10:46:30.268795:++ Authored by: A cast of thousands
220525-10:46:30,269 nipype.interface INFO:
	 stderr 2022-05-25T10:46:30.268795:** AFNI converts NIFTI_datatype=64 (FLOAT64) in file /projects/kuhl_lab/wanjiag/MONSTERA/derivatives/preprocess/sub-MONSTERA13/sub-MONSTERA13_task-09_space-T1w_desc-preproc_bold_trim6TRs.nii.gz to FLOAT32
220525-10:46:30,269 nipype.interface INFO:
	 stderr 2022-05-25T10:46:30.268795:     Warnings of this type will be muted for this session.
220525-10:46:30,269 nipype.interface INFO:
	 stderr 2022-05-25T10:46:30.268795:     Set AFNI_NIFTI_TYPE_WARN to YES to see them all, NO to see none.
220525-10:47:31,267 nipype.interface INFO:
	 stderr 2022-05-25T10:47:31.267215:++ Output dataset /projects/kuhl_lab/wanjiag/MONSTERA/derivatives/preprocess/sub-MONSTERA13/sub-MONSTERA13_task-09_space-T1w_desc-preproc_bold_trim6TRs_centered-masked.nii.gz
Centering data...output to /projects/kuhl_lab/wanjiag/MONSTERA/derivatives/preprocess/sub-MONSTERA13/sub-MONSTERA13_task-09_space-T1w_desc-preproc_bold_trim6TRs_centered-masked.nii.gz
triming data...
(89, 102, 78, 458)    (89, 102, 78, 452)
(1.702, 1.702, 1.7, 1.0)
[[  1.70200002   0.           0.         -75.66266632]
 [  0.           1.70200002   0.         -77.94478607]
 [  0.           0.           1.70000005 -46.45800018]
 [  0.           0.           0.           1.        ]]
triming data...output to /projects/kuhl_lab/wanjiag/MONSTERA/derivatives/preprocess/sub-MONSTERA13/sub-MONSTERA13_task-10_space-T1w_desc-preproc_bold_trim6TRs.nii.gz
calculating mean......
3dTstat -mean -prefix /projects/kuhl_lab/wanjiag/MONSTERA/derivatives/preprocess/sub-MONSTERA13/sub-MONSTERA13_task-10_space-T1w_desc-preproc_bold_trim6TRs_mean-img.nii.gz /projects/kuhl_lab/wanjiag/MONSTERA/derivatives/preprocess/sub-MONSTERA13/sub-MONSTERA13_task-10_space-T1w_desc-preproc_bold_trim6TRs.nii.gz
220525-10:48:37,6 nipype.interface INFO:
	 stderr 2022-05-25T10:48:37.006595:++ 3dTstat: AFNI version=AFNI_18.2.04 (Jul  6 2018) [64-bit]
220525-10:48:37,6 nipype.interface INFO:
	 stderr 2022-05-25T10:48:37.006595:++ Authored by: KR Hammett & RW Cox
220525-10:48:37,11 nipype.interface INFO:
	 stderr 2022-05-25T10:48:37.011764:** AFNI converts NIFTI_datatype=64 (FLOAT64) in file /projects/kuhl_lab/wanjiag/MONSTERA/derivatives/preprocess/sub-MONSTERA13/sub-MONSTERA13_task-10_space-T1w_desc-preproc_bold_trim6TRs.nii.gz to FLOAT32
220525-10:48:37,11 nipype.interface INFO:
	 stderr 2022-05-25T10:48:37.011764:     Warnings of this type will be muted for this session.
220525-10:48:37,11 nipype.interface INFO:
	 stderr 2022-05-25T10:48:37.011764:     Set AFNI_NIFTI_TYPE_WARN to YES to see them all, NO to see none.
220525-10:48:50,387 nipype.interface INFO:
	 stderr 2022-05-25T10:48:50.387048:++ Output dataset /projects/kuhl_lab/wanjiag/MONSTERA/derivatives/preprocess/sub-MONSTERA13/sub-MONSTERA13_task-10_space-T1w_desc-preproc_bold_trim6TRs_mean-img.nii.gz
calculating mean...output to /projects/kuhl_lab/wanjiag/MONSTERA/derivatives/preprocess/sub-MONSTERA13/sub-MONSTERA13_task-10_space-T1w_desc-preproc_bold_trim6TRs_mean-img.nii.gz
Centering data ......
3dcalc -a /projects/kuhl_lab/wanjiag/MONSTERA/derivatives/preprocess/sub-MONSTERA13/sub-MONSTERA13_task-10_space-T1w_desc-preproc_bold_trim6TRs.nii.gz -b /projects/kuhl_lab/wanjiag/MONSTERA/derivatives/preprocess/sub-MONSTERA13/sub-MONSTERA13_task-10_space-T1w_desc-preproc_bold_trim6TRs_mean-img.nii.gz -c /projects/kuhl_lab/wanjiag/MONSTERA/derivatives/preprocess/sub-MONSTERA13/sub-MONSTERA13_space-T1w_desc-brain_intersect_mask.nii.gz -expr "c * min(200, a/b*100)*step(a)*step(b)" -prefix /projects/kuhl_lab/wanjiag/MONSTERA/derivatives/preprocess/sub-MONSTERA13/sub-MONSTERA13_task-10_space-T1w_desc-preproc_bold_trim6TRs_centered-masked.nii.gz
220525-10:48:55,498 nipype.interface INFO:
	 stderr 2022-05-25T10:48:55.498380:++ 3dcalc: AFNI version=AFNI_18.2.04 (Jul  6 2018) [64-bit]
220525-10:48:55,498 nipype.interface INFO:
	 stderr 2022-05-25T10:48:55.498380:++ Authored by: A cast of thousands
220525-10:48:55,545 nipype.interface INFO:
	 stderr 2022-05-25T10:48:55.545781:** AFNI converts NIFTI_datatype=64 (FLOAT64) in file /projects/kuhl_lab/wanjiag/MONSTERA/derivatives/preprocess/sub-MONSTERA13/sub-MONSTERA13_task-10_space-T1w_desc-preproc_bold_trim6TRs.nii.gz to FLOAT32
220525-10:48:55,545 nipype.interface INFO:
	 stderr 2022-05-25T10:48:55.545781:     Warnings of this type will be muted for this session.
220525-10:48:55,545 nipype.interface INFO:
	 stderr 2022-05-25T10:48:55.545781:     Set AFNI_NIFTI_TYPE_WARN to YES to see them all, NO to see none.
220525-10:49:56,743 nipype.interface INFO:
	 stderr 2022-05-25T10:49:56.743867:++ Output dataset /projects/kuhl_lab/wanjiag/MONSTERA/derivatives/preprocess/sub-MONSTERA13/sub-MONSTERA13_task-10_space-T1w_desc-preproc_bold_trim6TRs_centered-masked.nii.gz
Centering data...output to /projects/kuhl_lab/wanjiag/MONSTERA/derivatives/preprocess/sub-MONSTERA13/sub-MONSTERA13_task-10_space-T1w_desc-preproc_bold_trim6TRs_centered-masked.nii.gz
