['sub-MONSTERA01', 'sub-MONSTERA02', 'sub-MONSTERA03', 'sub-MONSTERA04', 'sub-MONSTERA05', 'sub-MONSTERA06', 'sub-MONSTERA07', 'sub-MONSTERA08', 'sub-MONSTERA09', 'sub-MONSTERA10', 'sub-MONSTERA11']
sub-MONSTERA01
calculating mask intersection...
-------------------- Mask file existed for sub-MONSTERA01. Skipped. --------------------
-------------------- file existed for: sub-MONSTERA01 task-01. Skipped. --------------------
-------------------- file existed for: sub-MONSTERA01 task-02. Skipped. --------------------
-------------------- file existed for: sub-MONSTERA01 task-03. Skipped. --------------------
-------------------- file existed for: sub-MONSTERA01 task-04. Skipped. --------------------
-------------------- file existed for: sub-MONSTERA01 task-05. Skipped. --------------------
-------------------- file existed for: sub-MONSTERA01 task-06. Skipped. --------------------
-------------------- file existed for: sub-MONSTERA01 task-07. Skipped. --------------------
-------------------- file existed for: sub-MONSTERA01 task-08. Skipped. --------------------
-------------------- file existed for: sub-MONSTERA01 task-09. Skipped. --------------------
-------------------- file existed for: sub-MONSTERA01 task-10. Skipped. --------------------
sub-MONSTERA02
calculating mask intersection...
-------------------- Mask file existed for sub-MONSTERA02. Skipped. --------------------
-------------------- file existed for: sub-MONSTERA02 task-01. Skipped. --------------------
-------------------- file existed for: sub-MONSTERA02 task-02. Skipped. --------------------
-------------------- file existed for: sub-MONSTERA02 task-03. Skipped. --------------------
-------------------- file existed for: sub-MONSTERA02 task-04. Skipped. --------------------
-------------------- file existed for: sub-MONSTERA02 task-05. Skipped. --------------------
-------------------- file existed for: sub-MONSTERA02 task-06. Skipped. --------------------
-------------------- file existed for: sub-MONSTERA02 task-07. Skipped. --------------------
-------------------- file existed for: sub-MONSTERA02 task-08. Skipped. --------------------
-------------------- file existed for: sub-MONSTERA02 task-09. Skipped. --------------------
-------------------- file existed for: sub-MONSTERA02 task-10. Skipped. --------------------
sub-MONSTERA03
calculating mask intersection...
-------------------- Mask file existed for sub-MONSTERA03. Skipped. --------------------
-------------------- file existed for: sub-MONSTERA03 task-01. Skipped. --------------------
-------------------- file existed for: sub-MONSTERA03 task-02. Skipped. --------------------
-------------------- file existed for: sub-MONSTERA03 task-03. Skipped. --------------------
-------------------- file existed for: sub-MONSTERA03 task-04. Skipped. --------------------
-------------------- file existed for: sub-MONSTERA03 task-05. Skipped. --------------------
-------------------- file existed for: sub-MONSTERA03 task-06. Skipped. --------------------
-------------------- file existed for: sub-MONSTERA03 task-07. Skipped. --------------------
-------------------- file existed for: sub-MONSTERA03 task-08. Skipped. --------------------
-------------------- file existed for: sub-MONSTERA03 task-09. Skipped. --------------------
-------------------- file existed for: sub-MONSTERA03 task-10. Skipped. --------------------
sub-MONSTERA04
calculating mask intersection...
-------------------- Mask file existed for sub-MONSTERA04. Skipped. --------------------
-------------------- file existed for: sub-MONSTERA04 task-01. Skipped. --------------------
-------------------- file existed for: sub-MONSTERA04 task-02. Skipped. --------------------
-------------------- file existed for: sub-MONSTERA04 task-03. Skipped. --------------------
-------------------- file existed for: sub-MONSTERA04 task-04. Skipped. --------------------
-------------------- file existed for: sub-MONSTERA04 task-05. Skipped. --------------------
-------------------- file existed for: sub-MONSTERA04 task-06. Skipped. --------------------
-------------------- file existed for: sub-MONSTERA04 task-07. Skipped. --------------------
-------------------- file existed for: sub-MONSTERA04 task-08. Skipped. --------------------
-------------------- file existed for: sub-MONSTERA04 task-09. Skipped. --------------------
-------------------- file existed for: sub-MONSTERA04 task-10. Skipped. --------------------
sub-MONSTERA05
calculating mask intersection...
-------------------- Mask file existed for sub-MONSTERA05. Skipped. --------------------
-------------------- file existed for: sub-MONSTERA05 task-01. Skipped. --------------------
-------------------- file existed for: sub-MONSTERA05 task-02. Skipped. --------------------
-------------------- file existed for: sub-MONSTERA05 task-03. Skipped. --------------------
-------------------- file existed for: sub-MONSTERA05 task-04. Skipped. --------------------
-------------------- file existed for: sub-MONSTERA05 task-05. Skipped. --------------------
-------------------- file existed for: sub-MONSTERA05 task-06. Skipped. --------------------
-------------------- file existed for: sub-MONSTERA05 task-07. Skipped. --------------------
-------------------- file existed for: sub-MONSTERA05 task-08. Skipped. --------------------
-------------------- file existed for: sub-MONSTERA05 task-09. Skipped. --------------------
-------------------- file existed for: sub-MONSTERA05 task-10. Skipped. --------------------
sub-MONSTERA06
calculating mask intersection...
-------------------- Mask file existed for sub-MONSTERA06. Skipped. --------------------
-------------------- file existed for: sub-MONSTERA06 task-01. Skipped. --------------------
-------------------- file existed for: sub-MONSTERA06 task-02. Skipped. --------------------
-------------------- file existed for: sub-MONSTERA06 task-03. Skipped. --------------------
-------------------- file existed for: sub-MONSTERA06 task-04. Skipped. --------------------
-------------------- file existed for: sub-MONSTERA06 task-05. Skipped. --------------------
-------------------- file existed for: sub-MONSTERA06 task-06. Skipped. --------------------
-------------------- file existed for: sub-MONSTERA06 task-07. Skipped. --------------------
-------------------- file existed for: sub-MONSTERA06 task-08. Skipped. --------------------
-------------------- file existed for: sub-MONSTERA06 task-09. Skipped. --------------------
-------------------- file existed for: sub-MONSTERA06 task-10. Skipped. --------------------
sub-MONSTERA07
calculating mask intersection...
-------------------- Mask file existed for sub-MONSTERA07. Skipped. --------------------
-------------------- file existed for: sub-MONSTERA07 task-01. Skipped. --------------------
-------------------- file existed for: sub-MONSTERA07 task-02. Skipped. --------------------
-------------------- file existed for: sub-MONSTERA07 task-03. Skipped. --------------------
-------------------- file existed for: sub-MONSTERA07 task-04. Skipped. --------------------
-------------------- file existed for: sub-MONSTERA07 task-05. Skipped. --------------------
-------------------- file existed for: sub-MONSTERA07 task-06. Skipped. --------------------
-------------------- file existed for: sub-MONSTERA07 task-07. Skipped. --------------------
-------------------- file existed for: sub-MONSTERA07 task-08. Skipped. --------------------
-------------------- file existed for: sub-MONSTERA07 task-09. Skipped. --------------------
-------------------- file existed for: sub-MONSTERA07 task-10. Skipped. --------------------
sub-MONSTERA08
calculating mask intersection...
-------------------- Mask file existed for sub-MONSTERA08. Skipped. --------------------
-------------------- file existed for: sub-MONSTERA08 task-01. Skipped. --------------------
-------------------- file existed for: sub-MONSTERA08 task-02. Skipped. --------------------
-------------------- file existed for: sub-MONSTERA08 task-03. Skipped. --------------------
-------------------- file existed for: sub-MONSTERA08 task-04. Skipped. --------------------
-------------------- file existed for: sub-MONSTERA08 task-05. Skipped. --------------------
-------------------- file existed for: sub-MONSTERA08 task-06. Skipped. --------------------
-------------------- file existed for: sub-MONSTERA08 task-07. Skipped. --------------------
-------------------- file existed for: sub-MONSTERA08 task-08. Skipped. --------------------
-------------------- file existed for: sub-MONSTERA08 task-09. Skipped. --------------------
-------------------- file existed for: sub-MONSTERA08 task-10. Skipped. --------------------
sub-MONSTERA09
calculating mask intersection...
-------------------- Mask file existed for sub-MONSTERA09. Skipped. --------------------
-------------------- file existed for: sub-MONSTERA09 task-01. Skipped. --------------------
-------------------- file existed for: sub-MONSTERA09 task-02. Skipped. --------------------
-------------------- file existed for: sub-MONSTERA09 task-03. Skipped. --------------------
-------------------- file existed for: sub-MONSTERA09 task-04. Skipped. --------------------
-------------------- file existed for: sub-MONSTERA09 task-05. Skipped. --------------------
-------------------- file existed for: sub-MONSTERA09 task-06. Skipped. --------------------
-------------------- file existed for: sub-MONSTERA09 task-07. Skipped. --------------------
-------------------- file existed for: sub-MONSTERA09 task-08. Skipped. --------------------
-------------------- file existed for: sub-MONSTERA09 task-09. Skipped. --------------------
-------------------- file existed for: sub-MONSTERA09 task-10. Skipped. --------------------
sub-MONSTERA10
calculating mask intersection...
-------------------- Mask file existed for sub-MONSTERA10. Skipped. --------------------
-------------------- file existed for: sub-MONSTERA10 task-01. Skipped. --------------------
-------------------- file existed for: sub-MONSTERA10 task-02. Skipped. --------------------
-------------------- file existed for: sub-MONSTERA10 task-03. Skipped. --------------------
-------------------- file existed for: sub-MONSTERA10 task-04. Skipped. --------------------
-------------------- file existed for: sub-MONSTERA10 task-05. Skipped. --------------------
-------------------- file existed for: sub-MONSTERA10 task-06. Skipped. --------------------
-------------------- file existed for: sub-MONSTERA10 task-07. Skipped. --------------------
-------------------- file existed for: sub-MONSTERA10 task-08. Skipped. --------------------
-------------------- file existed for: sub-MONSTERA10 task-09. Skipped. --------------------
-------------------- file existed for: sub-MONSTERA10 task-10. Skipped. --------------------
sub-MONSTERA11
calculating mask intersection...
['/projects/kuhl_lab/wanjiag/MONSTERA/derivatives/fmriprep/sub-MONSTERA11/func/sub-MONSTERA11_task-01_space-T1w_desc-brain_mask.nii.gz', '/projects/kuhl_lab/wanjiag/MONSTERA/derivatives/fmriprep/sub-MONSTERA11/func/sub-MONSTERA11_task-02_space-T1w_desc-brain_mask.nii.gz', '/projects/kuhl_lab/wanjiag/MONSTERA/derivatives/fmriprep/sub-MONSTERA11/func/sub-MONSTERA11_task-03_space-T1w_desc-brain_mask.nii.gz', '/projects/kuhl_lab/wanjiag/MONSTERA/derivatives/fmriprep/sub-MONSTERA11/func/sub-MONSTERA11_task-04_space-T1w_desc-brain_mask.nii.gz', '/projects/kuhl_lab/wanjiag/MONSTERA/derivatives/fmriprep/sub-MONSTERA11/func/sub-MONSTERA11_task-05_space-T1w_desc-brain_mask.nii.gz', '/projects/kuhl_lab/wanjiag/MONSTERA/derivatives/fmriprep/sub-MONSTERA11/func/sub-MONSTERA11_task-06_space-T1w_desc-brain_mask.nii.gz', '/projects/kuhl_lab/wanjiag/MONSTERA/derivatives/fmriprep/sub-MONSTERA11/func/sub-MONSTERA11_task-07_space-T1w_desc-brain_mask.nii.gz', '/projects/kuhl_lab/wanjiag/MONSTERA/derivatives/fmriprep/sub-MONSTERA11/func/sub-MONSTERA11_task-08_space-T1w_desc-brain_mask.nii.gz', '/projects/kuhl_lab/wanjiag/MONSTERA/derivatives/fmriprep/sub-MONSTERA11/func/sub-MONSTERA11_task-09_space-T1w_desc-brain_mask.nii.gz', '/projects/kuhl_lab/wanjiag/MONSTERA/derivatives/fmriprep/sub-MONSTERA11/func/sub-MONSTERA11_task-10_space-T1w_desc-brain_mask.nii.gz']
triming data...
(86, 113, 84, 458)    (86, 113, 84, 452)
(1.702, 1.702, 1.7, 1.0)
[[  1.70200002   0.           0.         -72.30449677]
 [  0.           1.70200002   0.         -86.32050323]
 [  0.           0.           1.70000005 -65.36239624]
 [  0.           0.           0.           1.        ]]
triming data...output to /projects/kuhl_lab/wanjiag/MONSTERA/derivatives/preprocess/sub-MONSTERA11/sub-MONSTERA11_task-01_space-T1w_desc-preproc_bold_trim6TRs.nii.gz
calculating mean......
3dTstat -mean -prefix /projects/kuhl_lab/wanjiag/MONSTERA/derivatives/preprocess/sub-MONSTERA11/sub-MONSTERA11_task-01_space-T1w_desc-preproc_bold_trim6TRs_mean-img.nii.gz /projects/kuhl_lab/wanjiag/MONSTERA/derivatives/preprocess/sub-MONSTERA11/sub-MONSTERA11_task-01_space-T1w_desc-preproc_bold_trim6TRs.nii.gz
220505-20:45:20,989 nipype.interface INFO:
	 stderr 2022-05-05T20:45:20.989240:++ 3dTstat: AFNI version=AFNI_18.2.04 (Jul  6 2018) [64-bit]
220505-20:45:20,999 nipype.interface INFO:
	 stderr 2022-05-05T20:45:20.989240:++ Authored by: KR Hammett & RW Cox
220505-20:45:20,999 nipype.interface INFO:
	 stderr 2022-05-05T20:45:20.999952:** AFNI converts NIFTI_datatype=64 (FLOAT64) in file /projects/kuhl_lab/wanjiag/MONSTERA/derivatives/preprocess/sub-MONSTERA11/sub-MONSTERA11_task-01_space-T1w_desc-preproc_bold_trim6TRs.nii.gz to FLOAT32
220505-20:45:21,0 nipype.interface INFO:
	 stderr 2022-05-05T20:45:20.999952:     Warnings of this type will be muted for this session.
220505-20:45:21,0 nipype.interface INFO:
	 stderr 2022-05-05T20:45:20.999952:     Set AFNI_NIFTI_TYPE_WARN to YES to see them all, NO to see none.
220505-20:45:35,671 nipype.interface INFO:
	 stderr 2022-05-05T20:45:35.671924:++ Output dataset /projects/kuhl_lab/wanjiag/MONSTERA/derivatives/preprocess/sub-MONSTERA11/sub-MONSTERA11_task-01_space-T1w_desc-preproc_bold_trim6TRs_mean-img.nii.gz
calculating mean...output to /projects/kuhl_lab/wanjiag/MONSTERA/derivatives/preprocess/sub-MONSTERA11/sub-MONSTERA11_task-01_space-T1w_desc-preproc_bold_trim6TRs_mean-img.nii.gz
Centering data ......
3dcalc -a /projects/kuhl_lab/wanjiag/MONSTERA/derivatives/preprocess/sub-MONSTERA11/sub-MONSTERA11_task-01_space-T1w_desc-preproc_bold_trim6TRs.nii.gz -b /projects/kuhl_lab/wanjiag/MONSTERA/derivatives/preprocess/sub-MONSTERA11/sub-MONSTERA11_task-01_space-T1w_desc-preproc_bold_trim6TRs_mean-img.nii.gz -c /projects/kuhl_lab/wanjiag/MONSTERA/derivatives/preprocess/sub-MONSTERA11/sub-MONSTERA11_space-T1w_desc-brain_intersect_mask.nii.gz -expr "c * min(200, a/b*100)*step(a)*step(b)" -prefix /projects/kuhl_lab/wanjiag/MONSTERA/derivatives/preprocess/sub-MONSTERA11/sub-MONSTERA11_task-01_space-T1w_desc-preproc_bold_trim6TRs_centered-masked.nii.gz
220505-20:45:35,824 nipype.interface INFO:
	 stderr 2022-05-05T20:45:35.824771:++ 3dcalc: AFNI version=AFNI_18.2.04 (Jul  6 2018) [64-bit]
220505-20:45:35,825 nipype.interface INFO:
	 stderr 2022-05-05T20:45:35.824771:++ Authored by: A cast of thousands
220505-20:45:35,825 nipype.interface INFO:
	 stderr 2022-05-05T20:45:35.824771:** AFNI converts NIFTI_datatype=64 (FLOAT64) in file /projects/kuhl_lab/wanjiag/MONSTERA/derivatives/preprocess/sub-MONSTERA11/sub-MONSTERA11_task-01_space-T1w_desc-preproc_bold_trim6TRs.nii.gz to FLOAT32
220505-20:45:35,825 nipype.interface INFO:
	 stderr 2022-05-05T20:45:35.824771:     Warnings of this type will be muted for this session.
220505-20:45:35,825 nipype.interface INFO:
	 stderr 2022-05-05T20:45:35.824771:     Set AFNI_NIFTI_TYPE_WARN to YES to see them all, NO to see none.
220505-20:46:45,656 nipype.interface INFO:
	 stderr 2022-05-05T20:46:45.656066:++ Output dataset /projects/kuhl_lab/wanjiag/MONSTERA/derivatives/preprocess/sub-MONSTERA11/sub-MONSTERA11_task-01_space-T1w_desc-preproc_bold_trim6TRs_centered-masked.nii.gz
Centering data...output to /projects/kuhl_lab/wanjiag/MONSTERA/derivatives/preprocess/sub-MONSTERA11/sub-MONSTERA11_task-01_space-T1w_desc-preproc_bold_trim6TRs_centered-masked.nii.gz
triming data...
(86, 113, 84, 458)    (86, 113, 84, 452)
(1.702, 1.702, 1.7, 1.0)
[[  1.70200002   0.           0.         -72.30449677]
 [  0.           1.70200002   0.         -86.32050323]
 [  0.           0.           1.70000005 -65.36239624]
 [  0.           0.           0.           1.        ]]
triming data...output to /projects/kuhl_lab/wanjiag/MONSTERA/derivatives/preprocess/sub-MONSTERA11/sub-MONSTERA11_task-02_space-T1w_desc-preproc_bold_trim6TRs.nii.gz
calculating mean......
3dTstat -mean -prefix /projects/kuhl_lab/wanjiag/MONSTERA/derivatives/preprocess/sub-MONSTERA11/sub-MONSTERA11_task-02_space-T1w_desc-preproc_bold_trim6TRs_mean-img.nii.gz /projects/kuhl_lab/wanjiag/MONSTERA/derivatives/preprocess/sub-MONSTERA11/sub-MONSTERA11_task-02_space-T1w_desc-preproc_bold_trim6TRs.nii.gz
220505-20:47:50,471 nipype.interface INFO:
	 stderr 2022-05-05T20:47:50.471867:++ 3dTstat: AFNI version=AFNI_18.2.04 (Jul  6 2018) [64-bit]
220505-20:47:50,472 nipype.interface INFO:
	 stderr 2022-05-05T20:47:50.471867:++ Authored by: KR Hammett & RW Cox
220505-20:47:50,484 nipype.interface INFO:
	 stderr 2022-05-05T20:47:50.484799:** AFNI converts NIFTI_datatype=64 (FLOAT64) in file /projects/kuhl_lab/wanjiag/MONSTERA/derivatives/preprocess/sub-MONSTERA11/sub-MONSTERA11_task-02_space-T1w_desc-preproc_bold_trim6TRs.nii.gz to FLOAT32
220505-20:47:50,484 nipype.interface INFO:
	 stderr 2022-05-05T20:47:50.484799:     Warnings of this type will be muted for this session.
220505-20:47:50,484 nipype.interface INFO:
	 stderr 2022-05-05T20:47:50.484799:     Set AFNI_NIFTI_TYPE_WARN to YES to see them all, NO to see none.
220505-20:48:05,73 nipype.interface INFO:
	 stderr 2022-05-05T20:48:05.073810:++ Output dataset /projects/kuhl_lab/wanjiag/MONSTERA/derivatives/preprocess/sub-MONSTERA11/sub-MONSTERA11_task-02_space-T1w_desc-preproc_bold_trim6TRs_mean-img.nii.gz
calculating mean...output to /projects/kuhl_lab/wanjiag/MONSTERA/derivatives/preprocess/sub-MONSTERA11/sub-MONSTERA11_task-02_space-T1w_desc-preproc_bold_trim6TRs_mean-img.nii.gz
Centering data ......
3dcalc -a /projects/kuhl_lab/wanjiag/MONSTERA/derivatives/preprocess/sub-MONSTERA11/sub-MONSTERA11_task-02_space-T1w_desc-preproc_bold_trim6TRs.nii.gz -b /projects/kuhl_lab/wanjiag/MONSTERA/derivatives/preprocess/sub-MONSTERA11/sub-MONSTERA11_task-02_space-T1w_desc-preproc_bold_trim6TRs_mean-img.nii.gz -c /projects/kuhl_lab/wanjiag/MONSTERA/derivatives/preprocess/sub-MONSTERA11/sub-MONSTERA11_space-T1w_desc-brain_intersect_mask.nii.gz -expr "c * min(200, a/b*100)*step(a)*step(b)" -prefix /projects/kuhl_lab/wanjiag/MONSTERA/derivatives/preprocess/sub-MONSTERA11/sub-MONSTERA11_task-02_space-T1w_desc-preproc_bold_trim6TRs_centered-masked.nii.gz
220505-20:48:05,181 nipype.interface INFO:
	 stderr 2022-05-05T20:48:05.181329:++ 3dcalc: AFNI version=AFNI_18.2.04 (Jul  6 2018) [64-bit]
220505-20:48:05,181 nipype.interface INFO:
	 stderr 2022-05-05T20:48:05.181329:++ Authored by: A cast of thousands
220505-20:48:05,195 nipype.interface INFO:
	 stderr 2022-05-05T20:48:05.195779:** AFNI converts NIFTI_datatype=64 (FLOAT64) in file /projects/kuhl_lab/wanjiag/MONSTERA/derivatives/preprocess/sub-MONSTERA11/sub-MONSTERA11_task-02_space-T1w_desc-preproc_bold_trim6TRs.nii.gz to FLOAT32
220505-20:48:05,195 nipype.interface INFO:
	 stderr 2022-05-05T20:48:05.195779:     Warnings of this type will be muted for this session.
220505-20:48:05,195 nipype.interface INFO:
	 stderr 2022-05-05T20:48:05.195779:     Set AFNI_NIFTI_TYPE_WARN to YES to see them all, NO to see none.
220505-20:49:14,425 nipype.interface INFO:
	 stderr 2022-05-05T20:49:14.425420:++ Output dataset /projects/kuhl_lab/wanjiag/MONSTERA/derivatives/preprocess/sub-MONSTERA11/sub-MONSTERA11_task-02_space-T1w_desc-preproc_bold_trim6TRs_centered-masked.nii.gz
Centering data...output to /projects/kuhl_lab/wanjiag/MONSTERA/derivatives/preprocess/sub-MONSTERA11/sub-MONSTERA11_task-02_space-T1w_desc-preproc_bold_trim6TRs_centered-masked.nii.gz
triming data...
(86, 113, 84, 458)    (86, 113, 84, 452)
(1.702, 1.702, 1.7, 1.0)
[[  1.70200002   0.           0.         -72.30449677]
 [  0.           1.70200002   0.         -86.32050323]
 [  0.           0.           1.70000005 -65.36239624]
 [  0.           0.           0.           1.        ]]
triming data...output to /projects/kuhl_lab/wanjiag/MONSTERA/derivatives/preprocess/sub-MONSTERA11/sub-MONSTERA11_task-03_space-T1w_desc-preproc_bold_trim6TRs.nii.gz
calculating mean......
3dTstat -mean -prefix /projects/kuhl_lab/wanjiag/MONSTERA/derivatives/preprocess/sub-MONSTERA11/sub-MONSTERA11_task-03_space-T1w_desc-preproc_bold_trim6TRs_mean-img.nii.gz /projects/kuhl_lab/wanjiag/MONSTERA/derivatives/preprocess/sub-MONSTERA11/sub-MONSTERA11_task-03_space-T1w_desc-preproc_bold_trim6TRs.nii.gz
220505-20:50:19,562 nipype.interface INFO:
	 stderr 2022-05-05T20:50:19.562122:++ 3dTstat: AFNI version=AFNI_18.2.04 (Jul  6 2018) [64-bit]
220505-20:50:19,562 nipype.interface INFO:
	 stderr 2022-05-05T20:50:19.562122:++ Authored by: KR Hammett & RW Cox
220505-20:50:19,568 nipype.interface INFO:
	 stderr 2022-05-05T20:50:19.568779:** AFNI converts NIFTI_datatype=64 (FLOAT64) in file /projects/kuhl_lab/wanjiag/MONSTERA/derivatives/preprocess/sub-MONSTERA11/sub-MONSTERA11_task-03_space-T1w_desc-preproc_bold_trim6TRs.nii.gz to FLOAT32
220505-20:50:19,568 nipype.interface INFO:
	 stderr 2022-05-05T20:50:19.568779:     Warnings of this type will be muted for this session.
220505-20:50:19,568 nipype.interface INFO:
	 stderr 2022-05-05T20:50:19.568779:     Set AFNI_NIFTI_TYPE_WARN to YES to see them all, NO to see none.
220505-20:50:34,128 nipype.interface INFO:
	 stderr 2022-05-05T20:50:34.128812:++ Output dataset /projects/kuhl_lab/wanjiag/MONSTERA/derivatives/preprocess/sub-MONSTERA11/sub-MONSTERA11_task-03_space-T1w_desc-preproc_bold_trim6TRs_mean-img.nii.gz
calculating mean...output to /projects/kuhl_lab/wanjiag/MONSTERA/derivatives/preprocess/sub-MONSTERA11/sub-MONSTERA11_task-03_space-T1w_desc-preproc_bold_trim6TRs_mean-img.nii.gz
Centering data ......
3dcalc -a /projects/kuhl_lab/wanjiag/MONSTERA/derivatives/preprocess/sub-MONSTERA11/sub-MONSTERA11_task-03_space-T1w_desc-preproc_bold_trim6TRs.nii.gz -b /projects/kuhl_lab/wanjiag/MONSTERA/derivatives/preprocess/sub-MONSTERA11/sub-MONSTERA11_task-03_space-T1w_desc-preproc_bold_trim6TRs_mean-img.nii.gz -c /projects/kuhl_lab/wanjiag/MONSTERA/derivatives/preprocess/sub-MONSTERA11/sub-MONSTERA11_space-T1w_desc-brain_intersect_mask.nii.gz -expr "c * min(200, a/b*100)*step(a)*step(b)" -prefix /projects/kuhl_lab/wanjiag/MONSTERA/derivatives/preprocess/sub-MONSTERA11/sub-MONSTERA11_task-03_space-T1w_desc-preproc_bold_trim6TRs_centered-masked.nii.gz
220505-20:50:34,228 nipype.interface INFO:
	 stderr 2022-05-05T20:50:34.228470:++ 3dcalc: AFNI version=AFNI_18.2.04 (Jul  6 2018) [64-bit]
220505-20:50:34,228 nipype.interface INFO:
	 stderr 2022-05-05T20:50:34.228470:++ Authored by: A cast of thousands
220505-20:50:34,267 nipype.interface INFO:
	 stderr 2022-05-05T20:50:34.267779:** AFNI converts NIFTI_datatype=64 (FLOAT64) in file /projects/kuhl_lab/wanjiag/MONSTERA/derivatives/preprocess/sub-MONSTERA11/sub-MONSTERA11_task-03_space-T1w_desc-preproc_bold_trim6TRs.nii.gz to FLOAT32
220505-20:50:34,267 nipype.interface INFO:
	 stderr 2022-05-05T20:50:34.267779:     Warnings of this type will be muted for this session.
220505-20:50:34,267 nipype.interface INFO:
	 stderr 2022-05-05T20:50:34.267779:     Set AFNI_NIFTI_TYPE_WARN to YES to see them all, NO to see none.
220505-20:51:43,698 nipype.interface INFO:
	 stderr 2022-05-05T20:51:43.698775:++ Output dataset /projects/kuhl_lab/wanjiag/MONSTERA/derivatives/preprocess/sub-MONSTERA11/sub-MONSTERA11_task-03_space-T1w_desc-preproc_bold_trim6TRs_centered-masked.nii.gz
Centering data...output to /projects/kuhl_lab/wanjiag/MONSTERA/derivatives/preprocess/sub-MONSTERA11/sub-MONSTERA11_task-03_space-T1w_desc-preproc_bold_trim6TRs_centered-masked.nii.gz
triming data...
(86, 113, 84, 458)    (86, 113, 84, 452)
(1.702, 1.702, 1.7, 1.0)
[[  1.70200002   0.           0.         -72.30449677]
 [  0.           1.70200002   0.         -86.32050323]
 [  0.           0.           1.70000005 -65.36239624]
 [  0.           0.           0.           1.        ]]
triming data...output to /projects/kuhl_lab/wanjiag/MONSTERA/derivatives/preprocess/sub-MONSTERA11/sub-MONSTERA11_task-04_space-T1w_desc-preproc_bold_trim6TRs.nii.gz
calculating mean......
3dTstat -mean -prefix /projects/kuhl_lab/wanjiag/MONSTERA/derivatives/preprocess/sub-MONSTERA11/sub-MONSTERA11_task-04_space-T1w_desc-preproc_bold_trim6TRs_mean-img.nii.gz /projects/kuhl_lab/wanjiag/MONSTERA/derivatives/preprocess/sub-MONSTERA11/sub-MONSTERA11_task-04_space-T1w_desc-preproc_bold_trim6TRs.nii.gz
220505-20:52:47,946 nipype.interface INFO:
	 stderr 2022-05-05T20:52:47.946552:++ 3dTstat: AFNI version=AFNI_18.2.04 (Jul  6 2018) [64-bit]
220505-20:52:47,946 nipype.interface INFO:
	 stderr 2022-05-05T20:52:47.946552:++ Authored by: KR Hammett & RW Cox
220505-20:52:47,953 nipype.interface INFO:
	 stderr 2022-05-05T20:52:47.953769:** AFNI converts NIFTI_datatype=64 (FLOAT64) in file /projects/kuhl_lab/wanjiag/MONSTERA/derivatives/preprocess/sub-MONSTERA11/sub-MONSTERA11_task-04_space-T1w_desc-preproc_bold_trim6TRs.nii.gz to FLOAT32
220505-20:52:47,953 nipype.interface INFO:
	 stderr 2022-05-05T20:52:47.953769:     Warnings of this type will be muted for this session.
220505-20:52:47,953 nipype.interface INFO:
	 stderr 2022-05-05T20:52:47.953769:     Set AFNI_NIFTI_TYPE_WARN to YES to see them all, NO to see none.
220505-20:53:02,335 nipype.interface INFO:
	 stderr 2022-05-05T20:53:02.335766:++ Output dataset /projects/kuhl_lab/wanjiag/MONSTERA/derivatives/preprocess/sub-MONSTERA11/sub-MONSTERA11_task-04_space-T1w_desc-preproc_bold_trim6TRs_mean-img.nii.gz
calculating mean...output to /projects/kuhl_lab/wanjiag/MONSTERA/derivatives/preprocess/sub-MONSTERA11/sub-MONSTERA11_task-04_space-T1w_desc-preproc_bold_trim6TRs_mean-img.nii.gz
Centering data ......
3dcalc -a /projects/kuhl_lab/wanjiag/MONSTERA/derivatives/preprocess/sub-MONSTERA11/sub-MONSTERA11_task-04_space-T1w_desc-preproc_bold_trim6TRs.nii.gz -b /projects/kuhl_lab/wanjiag/MONSTERA/derivatives/preprocess/sub-MONSTERA11/sub-MONSTERA11_task-04_space-T1w_desc-preproc_bold_trim6TRs_mean-img.nii.gz -c /projects/kuhl_lab/wanjiag/MONSTERA/derivatives/preprocess/sub-MONSTERA11/sub-MONSTERA11_space-T1w_desc-brain_intersect_mask.nii.gz -expr "c * min(200, a/b*100)*step(a)*step(b)" -prefix /projects/kuhl_lab/wanjiag/MONSTERA/derivatives/preprocess/sub-MONSTERA11/sub-MONSTERA11_task-04_space-T1w_desc-preproc_bold_trim6TRs_centered-masked.nii.gz
220505-20:53:02,443 nipype.interface INFO:
	 stderr 2022-05-05T20:53:02.443669:++ 3dcalc: AFNI version=AFNI_18.2.04 (Jul  6 2018) [64-bit]
220505-20:53:02,443 nipype.interface INFO:
	 stderr 2022-05-05T20:53:02.443669:++ Authored by: A cast of thousands
220505-20:53:02,450 nipype.interface INFO:
	 stderr 2022-05-05T20:53:02.450768:** AFNI converts NIFTI_datatype=64 (FLOAT64) in file /projects/kuhl_lab/wanjiag/MONSTERA/derivatives/preprocess/sub-MONSTERA11/sub-MONSTERA11_task-04_space-T1w_desc-preproc_bold_trim6TRs.nii.gz to FLOAT32
220505-20:53:02,450 nipype.interface INFO:
	 stderr 2022-05-05T20:53:02.450768:     Warnings of this type will be muted for this session.
220505-20:53:02,450 nipype.interface INFO:
	 stderr 2022-05-05T20:53:02.450768:     Set AFNI_NIFTI_TYPE_WARN to YES to see them all, NO to see none.
220505-20:54:11,176 nipype.interface INFO:
	 stderr 2022-05-05T20:54:11.176095:++ Output dataset /projects/kuhl_lab/wanjiag/MONSTERA/derivatives/preprocess/sub-MONSTERA11/sub-MONSTERA11_task-04_space-T1w_desc-preproc_bold_trim6TRs_centered-masked.nii.gz
Centering data...output to /projects/kuhl_lab/wanjiag/MONSTERA/derivatives/preprocess/sub-MONSTERA11/sub-MONSTERA11_task-04_space-T1w_desc-preproc_bold_trim6TRs_centered-masked.nii.gz
triming data...
(86, 113, 84, 458)    (86, 113, 84, 452)
(1.702, 1.702, 1.7, 1.0)
[[  1.70200002   0.           0.         -72.30449677]
 [  0.           1.70200002   0.         -86.32050323]
 [  0.           0.           1.70000005 -65.36239624]
 [  0.           0.           0.           1.        ]]
triming data...output to /projects/kuhl_lab/wanjiag/MONSTERA/derivatives/preprocess/sub-MONSTERA11/sub-MONSTERA11_task-05_space-T1w_desc-preproc_bold_trim6TRs.nii.gz
calculating mean......
3dTstat -mean -prefix /projects/kuhl_lab/wanjiag/MONSTERA/derivatives/preprocess/sub-MONSTERA11/sub-MONSTERA11_task-05_space-T1w_desc-preproc_bold_trim6TRs_mean-img.nii.gz /projects/kuhl_lab/wanjiag/MONSTERA/derivatives/preprocess/sub-MONSTERA11/sub-MONSTERA11_task-05_space-T1w_desc-preproc_bold_trim6TRs.nii.gz
220505-20:55:15,561 nipype.interface INFO:
	 stderr 2022-05-05T20:55:15.561808:++ 3dTstat: AFNI version=AFNI_18.2.04 (Jul  6 2018) [64-bit]
220505-20:55:15,562 nipype.interface INFO:
	 stderr 2022-05-05T20:55:15.561808:++ Authored by: KR Hammett & RW Cox
220505-20:55:15,568 nipype.interface INFO:
	 stderr 2022-05-05T20:55:15.568770:** AFNI converts NIFTI_datatype=64 (FLOAT64) in file /projects/kuhl_lab/wanjiag/MONSTERA/derivatives/preprocess/sub-MONSTERA11/sub-MONSTERA11_task-05_space-T1w_desc-preproc_bold_trim6TRs.nii.gz to FLOAT32
220505-20:55:15,568 nipype.interface INFO:
	 stderr 2022-05-05T20:55:15.568770:     Warnings of this type will be muted for this session.
220505-20:55:15,568 nipype.interface INFO:
	 stderr 2022-05-05T20:55:15.568770:     Set AFNI_NIFTI_TYPE_WARN to YES to see them all, NO to see none.
220505-20:55:29,911 nipype.interface INFO:
	 stderr 2022-05-05T20:55:29.911798:++ Output dataset /projects/kuhl_lab/wanjiag/MONSTERA/derivatives/preprocess/sub-MONSTERA11/sub-MONSTERA11_task-05_space-T1w_desc-preproc_bold_trim6TRs_mean-img.nii.gz
calculating mean...output to /projects/kuhl_lab/wanjiag/MONSTERA/derivatives/preprocess/sub-MONSTERA11/sub-MONSTERA11_task-05_space-T1w_desc-preproc_bold_trim6TRs_mean-img.nii.gz
Centering data ......
3dcalc -a /projects/kuhl_lab/wanjiag/MONSTERA/derivatives/preprocess/sub-MONSTERA11/sub-MONSTERA11_task-05_space-T1w_desc-preproc_bold_trim6TRs.nii.gz -b /projects/kuhl_lab/wanjiag/MONSTERA/derivatives/preprocess/sub-MONSTERA11/sub-MONSTERA11_task-05_space-T1w_desc-preproc_bold_trim6TRs_mean-img.nii.gz -c /projects/kuhl_lab/wanjiag/MONSTERA/derivatives/preprocess/sub-MONSTERA11/sub-MONSTERA11_space-T1w_desc-brain_intersect_mask.nii.gz -expr "c * min(200, a/b*100)*step(a)*step(b)" -prefix /projects/kuhl_lab/wanjiag/MONSTERA/derivatives/preprocess/sub-MONSTERA11/sub-MONSTERA11_task-05_space-T1w_desc-preproc_bold_trim6TRs_centered-masked.nii.gz
220505-20:55:30,10 nipype.interface INFO:
	 stderr 2022-05-05T20:55:30.010168:++ 3dcalc: AFNI version=AFNI_18.2.04 (Jul  6 2018) [64-bit]
220505-20:55:30,10 nipype.interface INFO:
	 stderr 2022-05-05T20:55:30.010168:++ Authored by: A cast of thousands
220505-20:55:30,16 nipype.interface INFO:
	 stderr 2022-05-05T20:55:30.016763:** AFNI converts NIFTI_datatype=64 (FLOAT64) in file /projects/kuhl_lab/wanjiag/MONSTERA/derivatives/preprocess/sub-MONSTERA11/sub-MONSTERA11_task-05_space-T1w_desc-preproc_bold_trim6TRs.nii.gz to FLOAT32
220505-20:55:30,16 nipype.interface INFO:
	 stderr 2022-05-05T20:55:30.016763:     Warnings of this type will be muted for this session.
220505-20:55:30,16 nipype.interface INFO:
	 stderr 2022-05-05T20:55:30.016763:     Set AFNI_NIFTI_TYPE_WARN to YES to see them all, NO to see none.
220505-20:56:38,629 nipype.interface INFO:
	 stderr 2022-05-05T20:56:38.629151:++ Output dataset /projects/kuhl_lab/wanjiag/MONSTERA/derivatives/preprocess/sub-MONSTERA11/sub-MONSTERA11_task-05_space-T1w_desc-preproc_bold_trim6TRs_centered-masked.nii.gz
Centering data...output to /projects/kuhl_lab/wanjiag/MONSTERA/derivatives/preprocess/sub-MONSTERA11/sub-MONSTERA11_task-05_space-T1w_desc-preproc_bold_trim6TRs_centered-masked.nii.gz
triming data...
(86, 113, 84, 458)    (86, 113, 84, 452)
(1.702, 1.702, 1.7, 1.0)
[[  1.70200002   0.           0.         -72.30449677]
 [  0.           1.70200002   0.         -86.32050323]
 [  0.           0.           1.70000005 -65.36239624]
 [  0.           0.           0.           1.        ]]
triming data...output to /projects/kuhl_lab/wanjiag/MONSTERA/derivatives/preprocess/sub-MONSTERA11/sub-MONSTERA11_task-06_space-T1w_desc-preproc_bold_trim6TRs.nii.gz
calculating mean......
3dTstat -mean -prefix /projects/kuhl_lab/wanjiag/MONSTERA/derivatives/preprocess/sub-MONSTERA11/sub-MONSTERA11_task-06_space-T1w_desc-preproc_bold_trim6TRs_mean-img.nii.gz /projects/kuhl_lab/wanjiag/MONSTERA/derivatives/preprocess/sub-MONSTERA11/sub-MONSTERA11_task-06_space-T1w_desc-preproc_bold_trim6TRs.nii.gz
220505-20:57:42,835 nipype.interface INFO:
	 stderr 2022-05-05T20:57:42.835629:++ 3dTstat: AFNI version=AFNI_18.2.04 (Jul  6 2018) [64-bit]
220505-20:57:42,836 nipype.interface INFO:
	 stderr 2022-05-05T20:57:42.835629:++ Authored by: KR Hammett & RW Cox
220505-20:57:42,843 nipype.interface INFO:
	 stderr 2022-05-05T20:57:42.843786:** AFNI converts NIFTI_datatype=64 (FLOAT64) in file /projects/kuhl_lab/wanjiag/MONSTERA/derivatives/preprocess/sub-MONSTERA11/sub-MONSTERA11_task-06_space-T1w_desc-preproc_bold_trim6TRs.nii.gz to FLOAT32
220505-20:57:42,843 nipype.interface INFO:
	 stderr 2022-05-05T20:57:42.843786:     Warnings of this type will be muted for this session.
220505-20:57:42,843 nipype.interface INFO:
	 stderr 2022-05-05T20:57:42.843786:     Set AFNI_NIFTI_TYPE_WARN to YES to see them all, NO to see none.
220505-20:57:57,132 nipype.interface INFO:
	 stderr 2022-05-05T20:57:57.132807:++ Output dataset /projects/kuhl_lab/wanjiag/MONSTERA/derivatives/preprocess/sub-MONSTERA11/sub-MONSTERA11_task-06_space-T1w_desc-preproc_bold_trim6TRs_mean-img.nii.gz
calculating mean...output to /projects/kuhl_lab/wanjiag/MONSTERA/derivatives/preprocess/sub-MONSTERA11/sub-MONSTERA11_task-06_space-T1w_desc-preproc_bold_trim6TRs_mean-img.nii.gz
Centering data ......
3dcalc -a /projects/kuhl_lab/wanjiag/MONSTERA/derivatives/preprocess/sub-MONSTERA11/sub-MONSTERA11_task-06_space-T1w_desc-preproc_bold_trim6TRs.nii.gz -b /projects/kuhl_lab/wanjiag/MONSTERA/derivatives/preprocess/sub-MONSTERA11/sub-MONSTERA11_task-06_space-T1w_desc-preproc_bold_trim6TRs_mean-img.nii.gz -c /projects/kuhl_lab/wanjiag/MONSTERA/derivatives/preprocess/sub-MONSTERA11/sub-MONSTERA11_space-T1w_desc-brain_intersect_mask.nii.gz -expr "c * min(200, a/b*100)*step(a)*step(b)" -prefix /projects/kuhl_lab/wanjiag/MONSTERA/derivatives/preprocess/sub-MONSTERA11/sub-MONSTERA11_task-06_space-T1w_desc-preproc_bold_trim6TRs_centered-masked.nii.gz
220505-20:57:57,242 nipype.interface INFO:
	 stderr 2022-05-05T20:57:57.242321:++ 3dcalc: AFNI version=AFNI_18.2.04 (Jul  6 2018) [64-bit]
220505-20:57:57,242 nipype.interface INFO:
	 stderr 2022-05-05T20:57:57.242321:++ Authored by: A cast of thousands
220505-20:57:57,252 nipype.interface INFO:
	 stderr 2022-05-05T20:57:57.252777:** AFNI converts NIFTI_datatype=64 (FLOAT64) in file /projects/kuhl_lab/wanjiag/MONSTERA/derivatives/preprocess/sub-MONSTERA11/sub-MONSTERA11_task-06_space-T1w_desc-preproc_bold_trim6TRs.nii.gz to FLOAT32
220505-20:57:57,252 nipype.interface INFO:
	 stderr 2022-05-05T20:57:57.252777:     Warnings of this type will be muted for this session.
220505-20:57:57,252 nipype.interface INFO:
	 stderr 2022-05-05T20:57:57.252777:     Set AFNI_NIFTI_TYPE_WARN to YES to see them all, NO to see none.
220505-20:59:05,247 nipype.interface INFO:
	 stderr 2022-05-05T20:59:05.247837:++ Output dataset /projects/kuhl_lab/wanjiag/MONSTERA/derivatives/preprocess/sub-MONSTERA11/sub-MONSTERA11_task-06_space-T1w_desc-preproc_bold_trim6TRs_centered-masked.nii.gz
Centering data...output to /projects/kuhl_lab/wanjiag/MONSTERA/derivatives/preprocess/sub-MONSTERA11/sub-MONSTERA11_task-06_space-T1w_desc-preproc_bold_trim6TRs_centered-masked.nii.gz
triming data...
(86, 113, 84, 458)    (86, 113, 84, 452)
(1.702, 1.702, 1.7, 1.0)
[[  1.70200002   0.           0.         -72.30449677]
 [  0.           1.70200002   0.         -86.32050323]
 [  0.           0.           1.70000005 -65.36239624]
 [  0.           0.           0.           1.        ]]
triming data...output to /projects/kuhl_lab/wanjiag/MONSTERA/derivatives/preprocess/sub-MONSTERA11/sub-MONSTERA11_task-07_space-T1w_desc-preproc_bold_trim6TRs.nii.gz
calculating mean......
3dTstat -mean -prefix /projects/kuhl_lab/wanjiag/MONSTERA/derivatives/preprocess/sub-MONSTERA11/sub-MONSTERA11_task-07_space-T1w_desc-preproc_bold_trim6TRs_mean-img.nii.gz /projects/kuhl_lab/wanjiag/MONSTERA/derivatives/preprocess/sub-MONSTERA11/sub-MONSTERA11_task-07_space-T1w_desc-preproc_bold_trim6TRs.nii.gz
220505-21:00:09,228 nipype.interface INFO:
	 stderr 2022-05-05T21:00:09.228859:++ 3dTstat: AFNI version=AFNI_18.2.04 (Jul  6 2018) [64-bit]
220505-21:00:09,229 nipype.interface INFO:
	 stderr 2022-05-05T21:00:09.228859:++ Authored by: KR Hammett & RW Cox
220505-21:00:09,235 nipype.interface INFO:
	 stderr 2022-05-05T21:00:09.235784:** AFNI converts NIFTI_datatype=64 (FLOAT64) in file /projects/kuhl_lab/wanjiag/MONSTERA/derivatives/preprocess/sub-MONSTERA11/sub-MONSTERA11_task-07_space-T1w_desc-preproc_bold_trim6TRs.nii.gz to FLOAT32
220505-21:00:09,235 nipype.interface INFO:
	 stderr 2022-05-05T21:00:09.235784:     Warnings of this type will be muted for this session.
220505-21:00:09,235 nipype.interface INFO:
	 stderr 2022-05-05T21:00:09.235784:     Set AFNI_NIFTI_TYPE_WARN to YES to see them all, NO to see none.
220505-21:00:23,596 nipype.interface INFO:
	 stderr 2022-05-05T21:00:23.596130:++ Output dataset /projects/kuhl_lab/wanjiag/MONSTERA/derivatives/preprocess/sub-MONSTERA11/sub-MONSTERA11_task-07_space-T1w_desc-preproc_bold_trim6TRs_mean-img.nii.gz
calculating mean...output to /projects/kuhl_lab/wanjiag/MONSTERA/derivatives/preprocess/sub-MONSTERA11/sub-MONSTERA11_task-07_space-T1w_desc-preproc_bold_trim6TRs_mean-img.nii.gz
Centering data ......
3dcalc -a /projects/kuhl_lab/wanjiag/MONSTERA/derivatives/preprocess/sub-MONSTERA11/sub-MONSTERA11_task-07_space-T1w_desc-preproc_bold_trim6TRs.nii.gz -b /projects/kuhl_lab/wanjiag/MONSTERA/derivatives/preprocess/sub-MONSTERA11/sub-MONSTERA11_task-07_space-T1w_desc-preproc_bold_trim6TRs_mean-img.nii.gz -c /projects/kuhl_lab/wanjiag/MONSTERA/derivatives/preprocess/sub-MONSTERA11/sub-MONSTERA11_space-T1w_desc-brain_intersect_mask.nii.gz -expr "c * min(200, a/b*100)*step(a)*step(b)" -prefix /projects/kuhl_lab/wanjiag/MONSTERA/derivatives/preprocess/sub-MONSTERA11/sub-MONSTERA11_task-07_space-T1w_desc-preproc_bold_trim6TRs_centered-masked.nii.gz
220505-21:00:23,696 nipype.interface INFO:
	 stderr 2022-05-05T21:00:23.696628:++ 3dcalc: AFNI version=AFNI_18.2.04 (Jul  6 2018) [64-bit]
220505-21:00:23,696 nipype.interface INFO:
	 stderr 2022-05-05T21:00:23.696628:++ Authored by: A cast of thousands
220505-21:00:23,703 nipype.interface INFO:
	 stderr 2022-05-05T21:00:23.703767:** AFNI converts NIFTI_datatype=64 (FLOAT64) in file /projects/kuhl_lab/wanjiag/MONSTERA/derivatives/preprocess/sub-MONSTERA11/sub-MONSTERA11_task-07_space-T1w_desc-preproc_bold_trim6TRs.nii.gz to FLOAT32
220505-21:00:23,703 nipype.interface INFO:
	 stderr 2022-05-05T21:00:23.703767:     Warnings of this type will be muted for this session.
220505-21:00:23,703 nipype.interface INFO:
	 stderr 2022-05-05T21:00:23.703767:     Set AFNI_NIFTI_TYPE_WARN to YES to see them all, NO to see none.
220505-21:01:32,375 nipype.interface INFO:
	 stderr 2022-05-05T21:01:32.375765:++ Output dataset /projects/kuhl_lab/wanjiag/MONSTERA/derivatives/preprocess/sub-MONSTERA11/sub-MONSTERA11_task-07_space-T1w_desc-preproc_bold_trim6TRs_centered-masked.nii.gz
Centering data...output to /projects/kuhl_lab/wanjiag/MONSTERA/derivatives/preprocess/sub-MONSTERA11/sub-MONSTERA11_task-07_space-T1w_desc-preproc_bold_trim6TRs_centered-masked.nii.gz
triming data...
(86, 113, 84, 458)    (86, 113, 84, 452)
(1.702, 1.702, 1.7, 1.0)
[[  1.70200002   0.           0.         -72.30449677]
 [  0.           1.70200002   0.         -86.32050323]
 [  0.           0.           1.70000005 -65.36239624]
 [  0.           0.           0.           1.        ]]
triming data...output to /projects/kuhl_lab/wanjiag/MONSTERA/derivatives/preprocess/sub-MONSTERA11/sub-MONSTERA11_task-08_space-T1w_desc-preproc_bold_trim6TRs.nii.gz
calculating mean......
3dTstat -mean -prefix /projects/kuhl_lab/wanjiag/MONSTERA/derivatives/preprocess/sub-MONSTERA11/sub-MONSTERA11_task-08_space-T1w_desc-preproc_bold_trim6TRs_mean-img.nii.gz /projects/kuhl_lab/wanjiag/MONSTERA/derivatives/preprocess/sub-MONSTERA11/sub-MONSTERA11_task-08_space-T1w_desc-preproc_bold_trim6TRs.nii.gz
220505-21:02:36,918 nipype.interface INFO:
	 stderr 2022-05-05T21:02:36.918603:++ 3dTstat: AFNI version=AFNI_18.2.04 (Jul  6 2018) [64-bit]
220505-21:02:36,918 nipype.interface INFO:
	 stderr 2022-05-05T21:02:36.918603:++ Authored by: KR Hammett & RW Cox
220505-21:02:36,928 nipype.interface INFO:
	 stderr 2022-05-05T21:02:36.928769:** AFNI converts NIFTI_datatype=64 (FLOAT64) in file /projects/kuhl_lab/wanjiag/MONSTERA/derivatives/preprocess/sub-MONSTERA11/sub-MONSTERA11_task-08_space-T1w_desc-preproc_bold_trim6TRs.nii.gz to FLOAT32
220505-21:02:36,928 nipype.interface INFO:
	 stderr 2022-05-05T21:02:36.928769:     Warnings of this type will be muted for this session.
220505-21:02:36,928 nipype.interface INFO:
	 stderr 2022-05-05T21:02:36.928769:     Set AFNI_NIFTI_TYPE_WARN to YES to see them all, NO to see none.
220505-21:02:51,436 nipype.interface INFO:
	 stderr 2022-05-05T21:02:51.436781:++ Output dataset /projects/kuhl_lab/wanjiag/MONSTERA/derivatives/preprocess/sub-MONSTERA11/sub-MONSTERA11_task-08_space-T1w_desc-preproc_bold_trim6TRs_mean-img.nii.gz
calculating mean...output to /projects/kuhl_lab/wanjiag/MONSTERA/derivatives/preprocess/sub-MONSTERA11/sub-MONSTERA11_task-08_space-T1w_desc-preproc_bold_trim6TRs_mean-img.nii.gz
Centering data ......
3dcalc -a /projects/kuhl_lab/wanjiag/MONSTERA/derivatives/preprocess/sub-MONSTERA11/sub-MONSTERA11_task-08_space-T1w_desc-preproc_bold_trim6TRs.nii.gz -b /projects/kuhl_lab/wanjiag/MONSTERA/derivatives/preprocess/sub-MONSTERA11/sub-MONSTERA11_task-08_space-T1w_desc-preproc_bold_trim6TRs_mean-img.nii.gz -c /projects/kuhl_lab/wanjiag/MONSTERA/derivatives/preprocess/sub-MONSTERA11/sub-MONSTERA11_space-T1w_desc-brain_intersect_mask.nii.gz -expr "c * min(200, a/b*100)*step(a)*step(b)" -prefix /projects/kuhl_lab/wanjiag/MONSTERA/derivatives/preprocess/sub-MONSTERA11/sub-MONSTERA11_task-08_space-T1w_desc-preproc_bold_trim6TRs_centered-masked.nii.gz
220505-21:02:51,547 nipype.interface INFO:
	 stderr 2022-05-05T21:02:51.547542:++ 3dcalc: AFNI version=AFNI_18.2.04 (Jul  6 2018) [64-bit]
220505-21:02:51,547 nipype.interface INFO:
	 stderr 2022-05-05T21:02:51.547542:++ Authored by: A cast of thousands
220505-21:02:51,557 nipype.interface INFO:
	 stderr 2022-05-05T21:02:51.557773:** AFNI converts NIFTI_datatype=64 (FLOAT64) in file /projects/kuhl_lab/wanjiag/MONSTERA/derivatives/preprocess/sub-MONSTERA11/sub-MONSTERA11_task-08_space-T1w_desc-preproc_bold_trim6TRs.nii.gz to FLOAT32
220505-21:02:51,557 nipype.interface INFO:
	 stderr 2022-05-05T21:02:51.557773:     Warnings of this type will be muted for this session.
220505-21:02:51,557 nipype.interface INFO:
	 stderr 2022-05-05T21:02:51.557773:     Set AFNI_NIFTI_TYPE_WARN to YES to see them all, NO to see none.
220505-21:04:00,532 nipype.interface INFO:
	 stderr 2022-05-05T21:04:00.532848:++ Output dataset /projects/kuhl_lab/wanjiag/MONSTERA/derivatives/preprocess/sub-MONSTERA11/sub-MONSTERA11_task-08_space-T1w_desc-preproc_bold_trim6TRs_centered-masked.nii.gz
Centering data...output to /projects/kuhl_lab/wanjiag/MONSTERA/derivatives/preprocess/sub-MONSTERA11/sub-MONSTERA11_task-08_space-T1w_desc-preproc_bold_trim6TRs_centered-masked.nii.gz
triming data...
(86, 113, 84, 458)    (86, 113, 84, 452)
(1.702, 1.702, 1.7, 1.0)
[[  1.70200002   0.           0.         -72.30449677]
 [  0.           1.70200002   0.         -86.32050323]
 [  0.           0.           1.70000005 -65.36239624]
 [  0.           0.           0.           1.        ]]
triming data...output to /projects/kuhl_lab/wanjiag/MONSTERA/derivatives/preprocess/sub-MONSTERA11/sub-MONSTERA11_task-09_space-T1w_desc-preproc_bold_trim6TRs.nii.gz
calculating mean......
3dTstat -mean -prefix /projects/kuhl_lab/wanjiag/MONSTERA/derivatives/preprocess/sub-MONSTERA11/sub-MONSTERA11_task-09_space-T1w_desc-preproc_bold_trim6TRs_mean-img.nii.gz /projects/kuhl_lab/wanjiag/MONSTERA/derivatives/preprocess/sub-MONSTERA11/sub-MONSTERA11_task-09_space-T1w_desc-preproc_bold_trim6TRs.nii.gz
220505-21:05:05,447 nipype.interface INFO:
	 stderr 2022-05-05T21:05:05.447882:++ 3dTstat: AFNI version=AFNI_18.2.04 (Jul  6 2018) [64-bit]
220505-21:05:05,448 nipype.interface INFO:
	 stderr 2022-05-05T21:05:05.447882:++ Authored by: KR Hammett & RW Cox
220505-21:05:05,458 nipype.interface INFO:
	 stderr 2022-05-05T21:05:05.458776:** AFNI converts NIFTI_datatype=64 (FLOAT64) in file /projects/kuhl_lab/wanjiag/MONSTERA/derivatives/preprocess/sub-MONSTERA11/sub-MONSTERA11_task-09_space-T1w_desc-preproc_bold_trim6TRs.nii.gz to FLOAT32
220505-21:05:05,458 nipype.interface INFO:
	 stderr 2022-05-05T21:05:05.458776:     Warnings of this type will be muted for this session.
220505-21:05:05,458 nipype.interface INFO:
	 stderr 2022-05-05T21:05:05.458776:     Set AFNI_NIFTI_TYPE_WARN to YES to see them all, NO to see none.
220505-21:05:19,984 nipype.interface INFO:
	 stderr 2022-05-05T21:05:19.984815:++ Output dataset /projects/kuhl_lab/wanjiag/MONSTERA/derivatives/preprocess/sub-MONSTERA11/sub-MONSTERA11_task-09_space-T1w_desc-preproc_bold_trim6TRs_mean-img.nii.gz
calculating mean...output to /projects/kuhl_lab/wanjiag/MONSTERA/derivatives/preprocess/sub-MONSTERA11/sub-MONSTERA11_task-09_space-T1w_desc-preproc_bold_trim6TRs_mean-img.nii.gz
Centering data ......
3dcalc -a /projects/kuhl_lab/wanjiag/MONSTERA/derivatives/preprocess/sub-MONSTERA11/sub-MONSTERA11_task-09_space-T1w_desc-preproc_bold_trim6TRs.nii.gz -b /projects/kuhl_lab/wanjiag/MONSTERA/derivatives/preprocess/sub-MONSTERA11/sub-MONSTERA11_task-09_space-T1w_desc-preproc_bold_trim6TRs_mean-img.nii.gz -c /projects/kuhl_lab/wanjiag/MONSTERA/derivatives/preprocess/sub-MONSTERA11/sub-MONSTERA11_space-T1w_desc-brain_intersect_mask.nii.gz -expr "c * min(200, a/b*100)*step(a)*step(b)" -prefix /projects/kuhl_lab/wanjiag/MONSTERA/derivatives/preprocess/sub-MONSTERA11/sub-MONSTERA11_task-09_space-T1w_desc-preproc_bold_trim6TRs_centered-masked.nii.gz
220505-21:05:20,84 nipype.interface INFO:
	 stderr 2022-05-05T21:05:20.084666:++ 3dcalc: AFNI version=AFNI_18.2.04 (Jul  6 2018) [64-bit]
220505-21:05:20,84 nipype.interface INFO:
	 stderr 2022-05-05T21:05:20.084666:++ Authored by: A cast of thousands
220505-21:05:20,95 nipype.interface INFO:
	 stderr 2022-05-05T21:05:20.095779:** AFNI converts NIFTI_datatype=64 (FLOAT64) in file /projects/kuhl_lab/wanjiag/MONSTERA/derivatives/preprocess/sub-MONSTERA11/sub-MONSTERA11_task-09_space-T1w_desc-preproc_bold_trim6TRs.nii.gz to FLOAT32
220505-21:05:20,95 nipype.interface INFO:
	 stderr 2022-05-05T21:05:20.095779:     Warnings of this type will be muted for this session.
220505-21:05:20,95 nipype.interface INFO:
	 stderr 2022-05-05T21:05:20.095779:     Set AFNI_NIFTI_TYPE_WARN to YES to see them all, NO to see none.
220505-21:06:29,54 nipype.interface INFO:
	 stderr 2022-05-05T21:06:29.054489:++ Output dataset /projects/kuhl_lab/wanjiag/MONSTERA/derivatives/preprocess/sub-MONSTERA11/sub-MONSTERA11_task-09_space-T1w_desc-preproc_bold_trim6TRs_centered-masked.nii.gz
Centering data...output to /projects/kuhl_lab/wanjiag/MONSTERA/derivatives/preprocess/sub-MONSTERA11/sub-MONSTERA11_task-09_space-T1w_desc-preproc_bold_trim6TRs_centered-masked.nii.gz
triming data...
(86, 113, 84, 458)    (86, 113, 84, 452)
(1.702, 1.702, 1.7, 1.0)
[[  1.70200002   0.           0.         -72.30449677]
 [  0.           1.70200002   0.         -86.32050323]
 [  0.           0.           1.70000005 -65.36239624]
 [  0.           0.           0.           1.        ]]
triming data...output to /projects/kuhl_lab/wanjiag/MONSTERA/derivatives/preprocess/sub-MONSTERA11/sub-MONSTERA11_task-10_space-T1w_desc-preproc_bold_trim6TRs.nii.gz
calculating mean......
3dTstat -mean -prefix /projects/kuhl_lab/wanjiag/MONSTERA/derivatives/preprocess/sub-MONSTERA11/sub-MONSTERA11_task-10_space-T1w_desc-preproc_bold_trim6TRs_mean-img.nii.gz /projects/kuhl_lab/wanjiag/MONSTERA/derivatives/preprocess/sub-MONSTERA11/sub-MONSTERA11_task-10_space-T1w_desc-preproc_bold_trim6TRs.nii.gz
220505-21:07:34,231 nipype.interface INFO:
	 stderr 2022-05-05T21:07:34.231373:++ 3dTstat: AFNI version=AFNI_18.2.04 (Jul  6 2018) [64-bit]
220505-21:07:34,231 nipype.interface INFO:
	 stderr 2022-05-05T21:07:34.231373:++ Authored by: KR Hammett & RW Cox
220505-21:07:34,242 nipype.interface INFO:
	 stderr 2022-05-05T21:07:34.242773:** AFNI converts NIFTI_datatype=64 (FLOAT64) in file /projects/kuhl_lab/wanjiag/MONSTERA/derivatives/preprocess/sub-MONSTERA11/sub-MONSTERA11_task-10_space-T1w_desc-preproc_bold_trim6TRs.nii.gz to FLOAT32
220505-21:07:34,242 nipype.interface INFO:
	 stderr 2022-05-05T21:07:34.242773:     Warnings of this type will be muted for this session.
220505-21:07:34,242 nipype.interface INFO:
	 stderr 2022-05-05T21:07:34.242773:     Set AFNI_NIFTI_TYPE_WARN to YES to see them all, NO to see none.
220505-21:07:48,708 nipype.interface INFO:
	 stderr 2022-05-05T21:07:48.708797:++ Output dataset /projects/kuhl_lab/wanjiag/MONSTERA/derivatives/preprocess/sub-MONSTERA11/sub-MONSTERA11_task-10_space-T1w_desc-preproc_bold_trim6TRs_mean-img.nii.gz
calculating mean...output to /projects/kuhl_lab/wanjiag/MONSTERA/derivatives/preprocess/sub-MONSTERA11/sub-MONSTERA11_task-10_space-T1w_desc-preproc_bold_trim6TRs_mean-img.nii.gz
Centering data ......
3dcalc -a /projects/kuhl_lab/wanjiag/MONSTERA/derivatives/preprocess/sub-MONSTERA11/sub-MONSTERA11_task-10_space-T1w_desc-preproc_bold_trim6TRs.nii.gz -b /projects/kuhl_lab/wanjiag/MONSTERA/derivatives/preprocess/sub-MONSTERA11/sub-MONSTERA11_task-10_space-T1w_desc-preproc_bold_trim6TRs_mean-img.nii.gz -c /projects/kuhl_lab/wanjiag/MONSTERA/derivatives/preprocess/sub-MONSTERA11/sub-MONSTERA11_space-T1w_desc-brain_intersect_mask.nii.gz -expr "c * min(200, a/b*100)*step(a)*step(b)" -prefix /projects/kuhl_lab/wanjiag/MONSTERA/derivatives/preprocess/sub-MONSTERA11/sub-MONSTERA11_task-10_space-T1w_desc-preproc_bold_trim6TRs_centered-masked.nii.gz
220505-21:07:48,818 nipype.interface INFO:
	 stderr 2022-05-05T21:07:48.818023:++ 3dcalc: AFNI version=AFNI_18.2.04 (Jul  6 2018) [64-bit]
220505-21:07:48,818 nipype.interface INFO:
	 stderr 2022-05-05T21:07:48.818023:++ Authored by: A cast of thousands
220505-21:07:48,833 nipype.interface INFO:
	 stderr 2022-05-05T21:07:48.833779:** AFNI converts NIFTI_datatype=64 (FLOAT64) in file /projects/kuhl_lab/wanjiag/MONSTERA/derivatives/preprocess/sub-MONSTERA11/sub-MONSTERA11_task-10_space-T1w_desc-preproc_bold_trim6TRs.nii.gz to FLOAT32
220505-21:07:48,833 nipype.interface INFO:
	 stderr 2022-05-05T21:07:48.833779:     Warnings of this type will be muted for this session.
220505-21:07:48,833 nipype.interface INFO:
	 stderr 2022-05-05T21:07:48.833779:     Set AFNI_NIFTI_TYPE_WARN to YES to see them all, NO to see none.
220505-21:08:57,958 nipype.interface INFO:
	 stderr 2022-05-05T21:08:57.958809:++ Output dataset /projects/kuhl_lab/wanjiag/MONSTERA/derivatives/preprocess/sub-MONSTERA11/sub-MONSTERA11_task-10_space-T1w_desc-preproc_bold_trim6TRs_centered-masked.nii.gz
Centering data...output to /projects/kuhl_lab/wanjiag/MONSTERA/derivatives/preprocess/sub-MONSTERA11/sub-MONSTERA11_task-10_space-T1w_desc-preproc_bold_trim6TRs_centered-masked.nii.gz
