['sub-MONSTERA01', 'sub-MONSTERA02', 'sub-MONSTERA03', 'sub-MONSTERA04', 'sub-MONSTERA05', 'sub-MONSTERA06', 'sub-MONSTERA07', 'sub-MONSTERA08', 'sub-MONSTERA09', 'sub-MONSTERA10', 'sub-MONSTERA11', 'sub-MONSTERA12', 'sub-MONSTERA13', 'sub-MONSTERA14']
sub-MONSTERA01
calculating mask intersection...
-------------------- Mask file existed for sub-MONSTERA01. Skipped. --------------------
-------------------- file existed for: sub-MONSTERA01 task-01. Skipped. --------------------
-------------------- file existed for: sub-MONSTERA01 task-02. Skipped. --------------------
-------------------- file existed for: sub-MONSTERA01 task-03. Skipped. --------------------
-------------------- file existed for: sub-MONSTERA01 task-04. Skipped. --------------------
-------------------- file existed for: sub-MONSTERA01 task-05. Skipped. --------------------
-------------------- file existed for: sub-MONSTERA01 task-06. Skipped. --------------------
-------------------- file existed for: sub-MONSTERA01 task-07. Skipped. --------------------
-------------------- file existed for: sub-MONSTERA01 task-08. Skipped. --------------------
-------------------- file existed for: sub-MONSTERA01 task-09. Skipped. --------------------
-------------------- file existed for: sub-MONSTERA01 task-10. Skipped. --------------------
sub-MONSTERA02
calculating mask intersection...
-------------------- Mask file existed for sub-MONSTERA02. Skipped. --------------------
-------------------- file existed for: sub-MONSTERA02 task-01. Skipped. --------------------
-------------------- file existed for: sub-MONSTERA02 task-02. Skipped. --------------------
-------------------- file existed for: sub-MONSTERA02 task-03. Skipped. --------------------
-------------------- file existed for: sub-MONSTERA02 task-04. Skipped. --------------------
-------------------- file existed for: sub-MONSTERA02 task-05. Skipped. --------------------
-------------------- file existed for: sub-MONSTERA02 task-06. Skipped. --------------------
-------------------- file existed for: sub-MONSTERA02 task-07. Skipped. --------------------
-------------------- file existed for: sub-MONSTERA02 task-08. Skipped. --------------------
-------------------- file existed for: sub-MONSTERA02 task-09. Skipped. --------------------
-------------------- file existed for: sub-MONSTERA02 task-10. Skipped. --------------------
sub-MONSTERA03
calculating mask intersection...
-------------------- Mask file existed for sub-MONSTERA03. Skipped. --------------------
-------------------- file existed for: sub-MONSTERA03 task-01. Skipped. --------------------
-------------------- file existed for: sub-MONSTERA03 task-02. Skipped. --------------------
-------------------- file existed for: sub-MONSTERA03 task-03. Skipped. --------------------
-------------------- file existed for: sub-MONSTERA03 task-04. Skipped. --------------------
-------------------- file existed for: sub-MONSTERA03 task-05. Skipped. --------------------
-------------------- file existed for: sub-MONSTERA03 task-06. Skipped. --------------------
-------------------- file existed for: sub-MONSTERA03 task-07. Skipped. --------------------
-------------------- file existed for: sub-MONSTERA03 task-08. Skipped. --------------------
-------------------- file existed for: sub-MONSTERA03 task-09. Skipped. --------------------
-------------------- file existed for: sub-MONSTERA03 task-10. Skipped. --------------------
sub-MONSTERA04
calculating mask intersection...
-------------------- Mask file existed for sub-MONSTERA04. Skipped. --------------------
-------------------- file existed for: sub-MONSTERA04 task-01. Skipped. --------------------
-------------------- file existed for: sub-MONSTERA04 task-02. Skipped. --------------------
-------------------- file existed for: sub-MONSTERA04 task-03. Skipped. --------------------
-------------------- file existed for: sub-MONSTERA04 task-04. Skipped. --------------------
-------------------- file existed for: sub-MONSTERA04 task-05. Skipped. --------------------
-------------------- file existed for: sub-MONSTERA04 task-06. Skipped. --------------------
-------------------- file existed for: sub-MONSTERA04 task-07. Skipped. --------------------
-------------------- file existed for: sub-MONSTERA04 task-08. Skipped. --------------------
-------------------- file existed for: sub-MONSTERA04 task-09. Skipped. --------------------
-------------------- file existed for: sub-MONSTERA04 task-10. Skipped. --------------------
sub-MONSTERA05
calculating mask intersection...
-------------------- Mask file existed for sub-MONSTERA05. Skipped. --------------------
-------------------- file existed for: sub-MONSTERA05 task-01. Skipped. --------------------
-------------------- file existed for: sub-MONSTERA05 task-02. Skipped. --------------------
-------------------- file existed for: sub-MONSTERA05 task-03. Skipped. --------------------
-------------------- file existed for: sub-MONSTERA05 task-04. Skipped. --------------------
-------------------- file existed for: sub-MONSTERA05 task-05. Skipped. --------------------
-------------------- file existed for: sub-MONSTERA05 task-06. Skipped. --------------------
-------------------- file existed for: sub-MONSTERA05 task-07. Skipped. --------------------
-------------------- file existed for: sub-MONSTERA05 task-08. Skipped. --------------------
-------------------- file existed for: sub-MONSTERA05 task-09. Skipped. --------------------
-------------------- file existed for: sub-MONSTERA05 task-10. Skipped. --------------------
sub-MONSTERA06
calculating mask intersection...
-------------------- Mask file existed for sub-MONSTERA06. Skipped. --------------------
-------------------- file existed for: sub-MONSTERA06 task-01. Skipped. --------------------
-------------------- file existed for: sub-MONSTERA06 task-02. Skipped. --------------------
-------------------- file existed for: sub-MONSTERA06 task-03. Skipped. --------------------
-------------------- file existed for: sub-MONSTERA06 task-04. Skipped. --------------------
-------------------- file existed for: sub-MONSTERA06 task-05. Skipped. --------------------
-------------------- file existed for: sub-MONSTERA06 task-06. Skipped. --------------------
-------------------- file existed for: sub-MONSTERA06 task-07. Skipped. --------------------
-------------------- file existed for: sub-MONSTERA06 task-08. Skipped. --------------------
-------------------- file existed for: sub-MONSTERA06 task-09. Skipped. --------------------
-------------------- file existed for: sub-MONSTERA06 task-10. Skipped. --------------------
sub-MONSTERA07
calculating mask intersection...
-------------------- Mask file existed for sub-MONSTERA07. Skipped. --------------------
-------------------- file existed for: sub-MONSTERA07 task-01. Skipped. --------------------
-------------------- file existed for: sub-MONSTERA07 task-02. Skipped. --------------------
-------------------- file existed for: sub-MONSTERA07 task-03. Skipped. --------------------
-------------------- file existed for: sub-MONSTERA07 task-04. Skipped. --------------------
-------------------- file existed for: sub-MONSTERA07 task-05. Skipped. --------------------
-------------------- file existed for: sub-MONSTERA07 task-06. Skipped. --------------------
-------------------- file existed for: sub-MONSTERA07 task-07. Skipped. --------------------
-------------------- file existed for: sub-MONSTERA07 task-08. Skipped. --------------------
-------------------- file existed for: sub-MONSTERA07 task-09. Skipped. --------------------
-------------------- file existed for: sub-MONSTERA07 task-10. Skipped. --------------------
sub-MONSTERA08
calculating mask intersection...
-------------------- Mask file existed for sub-MONSTERA08. Skipped. --------------------
-------------------- file existed for: sub-MONSTERA08 task-01. Skipped. --------------------
-------------------- file existed for: sub-MONSTERA08 task-02. Skipped. --------------------
-------------------- file existed for: sub-MONSTERA08 task-03. Skipped. --------------------
-------------------- file existed for: sub-MONSTERA08 task-04. Skipped. --------------------
-------------------- file existed for: sub-MONSTERA08 task-05. Skipped. --------------------
-------------------- file existed for: sub-MONSTERA08 task-06. Skipped. --------------------
-------------------- file existed for: sub-MONSTERA08 task-07. Skipped. --------------------
-------------------- file existed for: sub-MONSTERA08 task-08. Skipped. --------------------
-------------------- file existed for: sub-MONSTERA08 task-09. Skipped. --------------------
-------------------- file existed for: sub-MONSTERA08 task-10. Skipped. --------------------
sub-MONSTERA09
calculating mask intersection...
-------------------- Mask file existed for sub-MONSTERA09. Skipped. --------------------
-------------------- file existed for: sub-MONSTERA09 task-01. Skipped. --------------------
-------------------- file existed for: sub-MONSTERA09 task-02. Skipped. --------------------
-------------------- file existed for: sub-MONSTERA09 task-03. Skipped. --------------------
-------------------- file existed for: sub-MONSTERA09 task-04. Skipped. --------------------
-------------------- file existed for: sub-MONSTERA09 task-05. Skipped. --------------------
-------------------- file existed for: sub-MONSTERA09 task-06. Skipped. --------------------
-------------------- file existed for: sub-MONSTERA09 task-07. Skipped. --------------------
-------------------- file existed for: sub-MONSTERA09 task-08. Skipped. --------------------
-------------------- file existed for: sub-MONSTERA09 task-09. Skipped. --------------------
-------------------- file existed for: sub-MONSTERA09 task-10. Skipped. --------------------
sub-MONSTERA10
calculating mask intersection...
-------------------- Mask file existed for sub-MONSTERA10. Skipped. --------------------
-------------------- file existed for: sub-MONSTERA10 task-01. Skipped. --------------------
-------------------- file existed for: sub-MONSTERA10 task-02. Skipped. --------------------
-------------------- file existed for: sub-MONSTERA10 task-03. Skipped. --------------------
-------------------- file existed for: sub-MONSTERA10 task-04. Skipped. --------------------
-------------------- file existed for: sub-MONSTERA10 task-05. Skipped. --------------------
-------------------- file existed for: sub-MONSTERA10 task-06. Skipped. --------------------
-------------------- file existed for: sub-MONSTERA10 task-07. Skipped. --------------------
-------------------- file existed for: sub-MONSTERA10 task-08. Skipped. --------------------
-------------------- file existed for: sub-MONSTERA10 task-09. Skipped. --------------------
-------------------- file existed for: sub-MONSTERA10 task-10. Skipped. --------------------
sub-MONSTERA11
calculating mask intersection...
-------------------- Mask file existed for sub-MONSTERA11. Skipped. --------------------
-------------------- file existed for: sub-MONSTERA11 task-01. Skipped. --------------------
-------------------- file existed for: sub-MONSTERA11 task-02. Skipped. --------------------
-------------------- file existed for: sub-MONSTERA11 task-03. Skipped. --------------------
-------------------- file existed for: sub-MONSTERA11 task-04. Skipped. --------------------
-------------------- file existed for: sub-MONSTERA11 task-05. Skipped. --------------------
-------------------- file existed for: sub-MONSTERA11 task-06. Skipped. --------------------
-------------------- file existed for: sub-MONSTERA11 task-07. Skipped. --------------------
-------------------- file existed for: sub-MONSTERA11 task-08. Skipped. --------------------
-------------------- file existed for: sub-MONSTERA11 task-09. Skipped. --------------------
-------------------- file existed for: sub-MONSTERA11 task-10. Skipped. --------------------
sub-MONSTERA12
calculating mask intersection...
-------------------- Mask file existed for sub-MONSTERA12. Skipped. --------------------
-------------------- file existed for: sub-MONSTERA12 task-01. Skipped. --------------------
-------------------- file existed for: sub-MONSTERA12 task-02. Skipped. --------------------
-------------------- file existed for: sub-MONSTERA12 task-03. Skipped. --------------------
-------------------- file existed for: sub-MONSTERA12 task-04. Skipped. --------------------
-------------------- file existed for: sub-MONSTERA12 task-05. Skipped. --------------------
-------------------- file existed for: sub-MONSTERA12 task-06. Skipped. --------------------
-------------------- file existed for: sub-MONSTERA12 task-07. Skipped. --------------------
-------------------- file existed for: sub-MONSTERA12 task-08. Skipped. --------------------
-------------------- file existed for: sub-MONSTERA12 task-09. Skipped. --------------------
-------------------- file existed for: sub-MONSTERA12 task-10. Skipped. --------------------
sub-MONSTERA13
calculating mask intersection...
-------------------- Mask file existed for sub-MONSTERA13. Skipped. --------------------
-------------------- file existed for: sub-MONSTERA13 task-01. Skipped. --------------------
-------------------- file existed for: sub-MONSTERA13 task-02. Skipped. --------------------
-------------------- file existed for: sub-MONSTERA13 task-03. Skipped. --------------------
-------------------- file existed for: sub-MONSTERA13 task-04. Skipped. --------------------
-------------------- file existed for: sub-MONSTERA13 task-05. Skipped. --------------------
-------------------- file existed for: sub-MONSTERA13 task-06. Skipped. --------------------
-------------------- file existed for: sub-MONSTERA13 task-07. Skipped. --------------------
-------------------- file existed for: sub-MONSTERA13 task-08. Skipped. --------------------
-------------------- file existed for: sub-MONSTERA13 task-09. Skipped. --------------------
-------------------- file existed for: sub-MONSTERA13 task-10. Skipped. --------------------
sub-MONSTERA14
calculating mask intersection...
['/projects/kuhl_lab/wanjiag/MONSTERA/derivatives/fmriprep/sub-MONSTERA14/func/sub-MONSTERA14_task-01_space-T1w_desc-brain_mask.nii.gz', '/projects/kuhl_lab/wanjiag/MONSTERA/derivatives/fmriprep/sub-MONSTERA14/func/sub-MONSTERA14_task-02_space-T1w_desc-brain_mask.nii.gz', '/projects/kuhl_lab/wanjiag/MONSTERA/derivatives/fmriprep/sub-MONSTERA14/func/sub-MONSTERA14_task-03_space-T1w_desc-brain_mask.nii.gz', '/projects/kuhl_lab/wanjiag/MONSTERA/derivatives/fmriprep/sub-MONSTERA14/func/sub-MONSTERA14_task-04_space-T1w_desc-brain_mask.nii.gz', '/projects/kuhl_lab/wanjiag/MONSTERA/derivatives/fmriprep/sub-MONSTERA14/func/sub-MONSTERA14_task-05_space-T1w_desc-brain_mask.nii.gz', '/projects/kuhl_lab/wanjiag/MONSTERA/derivatives/fmriprep/sub-MONSTERA14/func/sub-MONSTERA14_task-06_space-T1w_desc-brain_mask.nii.gz', '/projects/kuhl_lab/wanjiag/MONSTERA/derivatives/fmriprep/sub-MONSTERA14/func/sub-MONSTERA14_task-07_space-T1w_desc-brain_mask.nii.gz', '/projects/kuhl_lab/wanjiag/MONSTERA/derivatives/fmriprep/sub-MONSTERA14/func/sub-MONSTERA14_task-08_space-T1w_desc-brain_mask.nii.gz', '/projects/kuhl_lab/wanjiag/MONSTERA/derivatives/fmriprep/sub-MONSTERA14/func/sub-MONSTERA14_task-09_space-T1w_desc-brain_mask.nii.gz', '/projects/kuhl_lab/wanjiag/MONSTERA/derivatives/fmriprep/sub-MONSTERA14/func/sub-MONSTERA14_task-10_space-T1w_desc-brain_mask.nii.gz']
triming data...
(87, 106, 84, 458)    (87, 106, 84, 452)
(1.702, 1.702, 1.7, 1.0)
[[  1.70200002   0.           0.         -74.28760529]
 [  0.           1.70200002   0.         -85.14563751]
 [  0.           0.           1.70000005 -72.22180939]
 [  0.           0.           0.           1.        ]]
triming data...output to /projects/kuhl_lab/wanjiag/MONSTERA/derivatives/preprocess/sub-MONSTERA14/sub-MONSTERA14_task-01_space-T1w_desc-preproc_bold_trim6TRs.nii.gz
calculating mean......
220613-12:06:08,431 nipype.utils WARNING:
	 A newer version (1.8.1) of nipy/nipype is available. You are using 1.7.1
3dTstat -mean -prefix /projects/kuhl_lab/wanjiag/MONSTERA/derivatives/preprocess/sub-MONSTERA14/sub-MONSTERA14_task-01_space-T1w_desc-preproc_bold_trim6TRs_mean-img.nii.gz /projects/kuhl_lab/wanjiag/MONSTERA/derivatives/preprocess/sub-MONSTERA14/sub-MONSTERA14_task-01_space-T1w_desc-preproc_bold_trim6TRs.nii.gz
220613-12:06:08,561 nipype.interface INFO:
	 stderr 2022-06-13T12:06:08.561359:++ 3dTstat: AFNI version=AFNI_18.2.04 (Jul  6 2018) [64-bit]
220613-12:06:08,571 nipype.interface INFO:
	 stderr 2022-06-13T12:06:08.561359:++ Authored by: KR Hammett & RW Cox
220613-12:06:08,571 nipype.interface INFO:
	 stderr 2022-06-13T12:06:08.571948:** AFNI converts NIFTI_datatype=64 (FLOAT64) in file /projects/kuhl_lab/wanjiag/MONSTERA/derivatives/preprocess/sub-MONSTERA14/sub-MONSTERA14_task-01_space-T1w_desc-preproc_bold_trim6TRs.nii.gz to FLOAT32
220613-12:06:08,571 nipype.interface INFO:
	 stderr 2022-06-13T12:06:08.571948:     Warnings of this type will be muted for this session.
220613-12:06:08,572 nipype.interface INFO:
	 stderr 2022-06-13T12:06:08.571948:     Set AFNI_NIFTI_TYPE_WARN to YES to see them all, NO to see none.
220613-12:06:22,672 nipype.interface INFO:
	 stderr 2022-06-13T12:06:22.672779:++ Output dataset /projects/kuhl_lab/wanjiag/MONSTERA/derivatives/preprocess/sub-MONSTERA14/sub-MONSTERA14_task-01_space-T1w_desc-preproc_bold_trim6TRs_mean-img.nii.gz
calculating mean...output to /projects/kuhl_lab/wanjiag/MONSTERA/derivatives/preprocess/sub-MONSTERA14/sub-MONSTERA14_task-01_space-T1w_desc-preproc_bold_trim6TRs_mean-img.nii.gz
Centering data ......
3dcalc -a /projects/kuhl_lab/wanjiag/MONSTERA/derivatives/preprocess/sub-MONSTERA14/sub-MONSTERA14_task-01_space-T1w_desc-preproc_bold_trim6TRs.nii.gz -b /projects/kuhl_lab/wanjiag/MONSTERA/derivatives/preprocess/sub-MONSTERA14/sub-MONSTERA14_task-01_space-T1w_desc-preproc_bold_trim6TRs_mean-img.nii.gz -c /projects/kuhl_lab/wanjiag/MONSTERA/derivatives/preprocess/sub-MONSTERA14/sub-MONSTERA14_space-T1w_desc-brain_intersect_mask.nii.gz -expr "c * min(200, a/b*100)*step(a)*step(b)" -prefix /projects/kuhl_lab/wanjiag/MONSTERA/derivatives/preprocess/sub-MONSTERA14/sub-MONSTERA14_task-01_space-T1w_desc-preproc_bold_trim6TRs_centered-masked.nii.gz
220613-12:06:22,831 nipype.interface INFO:
	 stderr 2022-06-13T12:06:22.831713:++ 3dcalc: AFNI version=AFNI_18.2.04 (Jul  6 2018) [64-bit]
220613-12:06:22,831 nipype.interface INFO:
	 stderr 2022-06-13T12:06:22.831713:++ Authored by: A cast of thousands
220613-12:06:22,878 nipype.interface INFO:
	 stderr 2022-06-13T12:06:22.878780:** AFNI converts NIFTI_datatype=64 (FLOAT64) in file /projects/kuhl_lab/wanjiag/MONSTERA/derivatives/preprocess/sub-MONSTERA14/sub-MONSTERA14_task-01_space-T1w_desc-preproc_bold_trim6TRs.nii.gz to FLOAT32
220613-12:06:22,878 nipype.interface INFO:
	 stderr 2022-06-13T12:06:22.878780:     Warnings of this type will be muted for this session.
220613-12:06:22,878 nipype.interface INFO:
	 stderr 2022-06-13T12:06:22.878780:     Set AFNI_NIFTI_TYPE_WARN to YES to see them all, NO to see none.
220613-12:07:26,321 nipype.interface INFO:
	 stderr 2022-06-13T12:07:26.321028:++ Output dataset /projects/kuhl_lab/wanjiag/MONSTERA/derivatives/preprocess/sub-MONSTERA14/sub-MONSTERA14_task-01_space-T1w_desc-preproc_bold_trim6TRs_centered-masked.nii.gz
Centering data...output to /projects/kuhl_lab/wanjiag/MONSTERA/derivatives/preprocess/sub-MONSTERA14/sub-MONSTERA14_task-01_space-T1w_desc-preproc_bold_trim6TRs_centered-masked.nii.gz
triming data...
(87, 106, 84, 458)    (87, 106, 84, 452)
(1.702, 1.702, 1.7, 1.0)
[[  1.70200002   0.           0.         -74.28760529]
 [  0.           1.70200002   0.         -85.14563751]
 [  0.           0.           1.70000005 -72.22180939]
 [  0.           0.           0.           1.        ]]
triming data...output to /projects/kuhl_lab/wanjiag/MONSTERA/derivatives/preprocess/sub-MONSTERA14/sub-MONSTERA14_task-02_space-T1w_desc-preproc_bold_trim6TRs.nii.gz
calculating mean......
3dTstat -mean -prefix /projects/kuhl_lab/wanjiag/MONSTERA/derivatives/preprocess/sub-MONSTERA14/sub-MONSTERA14_task-02_space-T1w_desc-preproc_bold_trim6TRs_mean-img.nii.gz /projects/kuhl_lab/wanjiag/MONSTERA/derivatives/preprocess/sub-MONSTERA14/sub-MONSTERA14_task-02_space-T1w_desc-preproc_bold_trim6TRs.nii.gz
220613-12:08:30,167 nipype.interface INFO:
	 stderr 2022-06-13T12:08:30.167664:++ 3dTstat: AFNI version=AFNI_18.2.04 (Jul  6 2018) [64-bit]
220613-12:08:30,168 nipype.interface INFO:
	 stderr 2022-06-13T12:08:30.167664:++ Authored by: KR Hammett & RW Cox
220613-12:08:30,178 nipype.interface INFO:
	 stderr 2022-06-13T12:08:30.178778:** AFNI converts NIFTI_datatype=64 (FLOAT64) in file /projects/kuhl_lab/wanjiag/MONSTERA/derivatives/preprocess/sub-MONSTERA14/sub-MONSTERA14_task-02_space-T1w_desc-preproc_bold_trim6TRs.nii.gz to FLOAT32
220613-12:08:30,178 nipype.interface INFO:
	 stderr 2022-06-13T12:08:30.178778:     Warnings of this type will be muted for this session.
220613-12:08:30,178 nipype.interface INFO:
	 stderr 2022-06-13T12:08:30.178778:     Set AFNI_NIFTI_TYPE_WARN to YES to see them all, NO to see none.
220613-12:08:44,225 nipype.interface INFO:
	 stderr 2022-06-13T12:08:44.225624:++ Output dataset /projects/kuhl_lab/wanjiag/MONSTERA/derivatives/preprocess/sub-MONSTERA14/sub-MONSTERA14_task-02_space-T1w_desc-preproc_bold_trim6TRs_mean-img.nii.gz
calculating mean...output to /projects/kuhl_lab/wanjiag/MONSTERA/derivatives/preprocess/sub-MONSTERA14/sub-MONSTERA14_task-02_space-T1w_desc-preproc_bold_trim6TRs_mean-img.nii.gz
Centering data ......
3dcalc -a /projects/kuhl_lab/wanjiag/MONSTERA/derivatives/preprocess/sub-MONSTERA14/sub-MONSTERA14_task-02_space-T1w_desc-preproc_bold_trim6TRs.nii.gz -b /projects/kuhl_lab/wanjiag/MONSTERA/derivatives/preprocess/sub-MONSTERA14/sub-MONSTERA14_task-02_space-T1w_desc-preproc_bold_trim6TRs_mean-img.nii.gz -c /projects/kuhl_lab/wanjiag/MONSTERA/derivatives/preprocess/sub-MONSTERA14/sub-MONSTERA14_space-T1w_desc-brain_intersect_mask.nii.gz -expr "c * min(200, a/b*100)*step(a)*step(b)" -prefix /projects/kuhl_lab/wanjiag/MONSTERA/derivatives/preprocess/sub-MONSTERA14/sub-MONSTERA14_task-02_space-T1w_desc-preproc_bold_trim6TRs_centered-masked.nii.gz
220613-12:08:44,351 nipype.interface INFO:
	 stderr 2022-06-13T12:08:44.351801:++ 3dcalc: AFNI version=AFNI_18.2.04 (Jul  6 2018) [64-bit]
220613-12:08:44,352 nipype.interface INFO:
	 stderr 2022-06-13T12:08:44.351801:++ Authored by: A cast of thousands
220613-12:08:44,361 nipype.interface INFO:
	 stderr 2022-06-13T12:08:44.361769:** AFNI converts NIFTI_datatype=64 (FLOAT64) in file /projects/kuhl_lab/wanjiag/MONSTERA/derivatives/preprocess/sub-MONSTERA14/sub-MONSTERA14_task-02_space-T1w_desc-preproc_bold_trim6TRs.nii.gz to FLOAT32
220613-12:08:44,361 nipype.interface INFO:
	 stderr 2022-06-13T12:08:44.361769:     Warnings of this type will be muted for this session.
220613-12:08:44,361 nipype.interface INFO:
	 stderr 2022-06-13T12:08:44.361769:     Set AFNI_NIFTI_TYPE_WARN to YES to see them all, NO to see none.
220613-12:09:48,593 nipype.interface INFO:
	 stderr 2022-06-13T12:09:48.593685:++ Output dataset /projects/kuhl_lab/wanjiag/MONSTERA/derivatives/preprocess/sub-MONSTERA14/sub-MONSTERA14_task-02_space-T1w_desc-preproc_bold_trim6TRs_centered-masked.nii.gz
Centering data...output to /projects/kuhl_lab/wanjiag/MONSTERA/derivatives/preprocess/sub-MONSTERA14/sub-MONSTERA14_task-02_space-T1w_desc-preproc_bold_trim6TRs_centered-masked.nii.gz
triming data...
(87, 106, 84, 458)    (87, 106, 84, 452)
(1.702, 1.702, 1.7, 1.0)
[[  1.70200002   0.           0.         -74.28760529]
 [  0.           1.70200002   0.         -85.14563751]
 [  0.           0.           1.70000005 -72.22180939]
 [  0.           0.           0.           1.        ]]
triming data...output to /projects/kuhl_lab/wanjiag/MONSTERA/derivatives/preprocess/sub-MONSTERA14/sub-MONSTERA14_task-03_space-T1w_desc-preproc_bold_trim6TRs.nii.gz
calculating mean......
3dTstat -mean -prefix /projects/kuhl_lab/wanjiag/MONSTERA/derivatives/preprocess/sub-MONSTERA14/sub-MONSTERA14_task-03_space-T1w_desc-preproc_bold_trim6TRs_mean-img.nii.gz /projects/kuhl_lab/wanjiag/MONSTERA/derivatives/preprocess/sub-MONSTERA14/sub-MONSTERA14_task-03_space-T1w_desc-preproc_bold_trim6TRs.nii.gz
220613-12:10:52,319 nipype.interface INFO:
	 stderr 2022-06-13T12:10:52.319578:++ 3dTstat: AFNI version=AFNI_18.2.04 (Jul  6 2018) [64-bit]
220613-12:10:52,319 nipype.interface INFO:
	 stderr 2022-06-13T12:10:52.319578:++ Authored by: KR Hammett & RW Cox
220613-12:10:52,326 nipype.interface INFO:
	 stderr 2022-06-13T12:10:52.326786:** AFNI converts NIFTI_datatype=64 (FLOAT64) in file /projects/kuhl_lab/wanjiag/MONSTERA/derivatives/preprocess/sub-MONSTERA14/sub-MONSTERA14_task-03_space-T1w_desc-preproc_bold_trim6TRs.nii.gz to FLOAT32
220613-12:10:52,326 nipype.interface INFO:
	 stderr 2022-06-13T12:10:52.326786:     Warnings of this type will be muted for this session.
220613-12:10:52,326 nipype.interface INFO:
	 stderr 2022-06-13T12:10:52.326786:     Set AFNI_NIFTI_TYPE_WARN to YES to see them all, NO to see none.
220613-12:11:06,459 nipype.interface INFO:
	 stderr 2022-06-13T12:11:06.459383:++ Output dataset /projects/kuhl_lab/wanjiag/MONSTERA/derivatives/preprocess/sub-MONSTERA14/sub-MONSTERA14_task-03_space-T1w_desc-preproc_bold_trim6TRs_mean-img.nii.gz
calculating mean...output to /projects/kuhl_lab/wanjiag/MONSTERA/derivatives/preprocess/sub-MONSTERA14/sub-MONSTERA14_task-03_space-T1w_desc-preproc_bold_trim6TRs_mean-img.nii.gz
Centering data ......
3dcalc -a /projects/kuhl_lab/wanjiag/MONSTERA/derivatives/preprocess/sub-MONSTERA14/sub-MONSTERA14_task-03_space-T1w_desc-preproc_bold_trim6TRs.nii.gz -b /projects/kuhl_lab/wanjiag/MONSTERA/derivatives/preprocess/sub-MONSTERA14/sub-MONSTERA14_task-03_space-T1w_desc-preproc_bold_trim6TRs_mean-img.nii.gz -c /projects/kuhl_lab/wanjiag/MONSTERA/derivatives/preprocess/sub-MONSTERA14/sub-MONSTERA14_space-T1w_desc-brain_intersect_mask.nii.gz -expr "c * min(200, a/b*100)*step(a)*step(b)" -prefix /projects/kuhl_lab/wanjiag/MONSTERA/derivatives/preprocess/sub-MONSTERA14/sub-MONSTERA14_task-03_space-T1w_desc-preproc_bold_trim6TRs_centered-masked.nii.gz
220613-12:11:06,639 nipype.interface INFO:
	 stderr 2022-06-13T12:11:06.639008:++ 3dcalc: AFNI version=AFNI_18.2.04 (Jul  6 2018) [64-bit]
220613-12:11:06,639 nipype.interface INFO:
	 stderr 2022-06-13T12:11:06.639008:++ Authored by: A cast of thousands
220613-12:11:06,652 nipype.interface INFO:
	 stderr 2022-06-13T12:11:06.652778:** AFNI converts NIFTI_datatype=64 (FLOAT64) in file /projects/kuhl_lab/wanjiag/MONSTERA/derivatives/preprocess/sub-MONSTERA14/sub-MONSTERA14_task-03_space-T1w_desc-preproc_bold_trim6TRs.nii.gz to FLOAT32
220613-12:11:06,652 nipype.interface INFO:
	 stderr 2022-06-13T12:11:06.652778:     Warnings of this type will be muted for this session.
220613-12:11:06,652 nipype.interface INFO:
	 stderr 2022-06-13T12:11:06.652778:     Set AFNI_NIFTI_TYPE_WARN to YES to see them all, NO to see none.
220613-12:12:11,79 nipype.interface INFO:
	 stderr 2022-06-13T12:12:11.079722:++ Output dataset /projects/kuhl_lab/wanjiag/MONSTERA/derivatives/preprocess/sub-MONSTERA14/sub-MONSTERA14_task-03_space-T1w_desc-preproc_bold_trim6TRs_centered-masked.nii.gz
Centering data...output to /projects/kuhl_lab/wanjiag/MONSTERA/derivatives/preprocess/sub-MONSTERA14/sub-MONSTERA14_task-03_space-T1w_desc-preproc_bold_trim6TRs_centered-masked.nii.gz
triming data...
(87, 106, 84, 458)    (87, 106, 84, 452)
(1.702, 1.702, 1.7, 1.0)
[[  1.70200002   0.           0.         -74.28760529]
 [  0.           1.70200002   0.         -85.14563751]
 [  0.           0.           1.70000005 -72.22180939]
 [  0.           0.           0.           1.        ]]
triming data...output to /projects/kuhl_lab/wanjiag/MONSTERA/derivatives/preprocess/sub-MONSTERA14/sub-MONSTERA14_task-04_space-T1w_desc-preproc_bold_trim6TRs.nii.gz
calculating mean......
3dTstat -mean -prefix /projects/kuhl_lab/wanjiag/MONSTERA/derivatives/preprocess/sub-MONSTERA14/sub-MONSTERA14_task-04_space-T1w_desc-preproc_bold_trim6TRs_mean-img.nii.gz /projects/kuhl_lab/wanjiag/MONSTERA/derivatives/preprocess/sub-MONSTERA14/sub-MONSTERA14_task-04_space-T1w_desc-preproc_bold_trim6TRs.nii.gz
220613-12:13:15,372 nipype.interface INFO:
	 stderr 2022-06-13T12:13:15.372286:++ 3dTstat: AFNI version=AFNI_18.2.04 (Jul  6 2018) [64-bit]
220613-12:13:15,372 nipype.interface INFO:
	 stderr 2022-06-13T12:13:15.372286:++ Authored by: KR Hammett & RW Cox
220613-12:13:15,382 nipype.interface INFO:
	 stderr 2022-06-13T12:13:15.382777:** AFNI converts NIFTI_datatype=64 (FLOAT64) in file /projects/kuhl_lab/wanjiag/MONSTERA/derivatives/preprocess/sub-MONSTERA14/sub-MONSTERA14_task-04_space-T1w_desc-preproc_bold_trim6TRs.nii.gz to FLOAT32
220613-12:13:15,382 nipype.interface INFO:
	 stderr 2022-06-13T12:13:15.382777:     Warnings of this type will be muted for this session.
220613-12:13:15,382 nipype.interface INFO:
	 stderr 2022-06-13T12:13:15.382777:     Set AFNI_NIFTI_TYPE_WARN to YES to see them all, NO to see none.
220613-12:13:29,689 nipype.interface INFO:
	 stderr 2022-06-13T12:13:29.689832:++ Output dataset /projects/kuhl_lab/wanjiag/MONSTERA/derivatives/preprocess/sub-MONSTERA14/sub-MONSTERA14_task-04_space-T1w_desc-preproc_bold_trim6TRs_mean-img.nii.gz
calculating mean...output to /projects/kuhl_lab/wanjiag/MONSTERA/derivatives/preprocess/sub-MONSTERA14/sub-MONSTERA14_task-04_space-T1w_desc-preproc_bold_trim6TRs_mean-img.nii.gz
Centering data ......
3dcalc -a /projects/kuhl_lab/wanjiag/MONSTERA/derivatives/preprocess/sub-MONSTERA14/sub-MONSTERA14_task-04_space-T1w_desc-preproc_bold_trim6TRs.nii.gz -b /projects/kuhl_lab/wanjiag/MONSTERA/derivatives/preprocess/sub-MONSTERA14/sub-MONSTERA14_task-04_space-T1w_desc-preproc_bold_trim6TRs_mean-img.nii.gz -c /projects/kuhl_lab/wanjiag/MONSTERA/derivatives/preprocess/sub-MONSTERA14/sub-MONSTERA14_space-T1w_desc-brain_intersect_mask.nii.gz -expr "c * min(200, a/b*100)*step(a)*step(b)" -prefix /projects/kuhl_lab/wanjiag/MONSTERA/derivatives/preprocess/sub-MONSTERA14/sub-MONSTERA14_task-04_space-T1w_desc-preproc_bold_trim6TRs_centered-masked.nii.gz
220613-12:13:29,864 nipype.interface INFO:
	 stderr 2022-06-13T12:13:29.864086:++ 3dcalc: AFNI version=AFNI_18.2.04 (Jul  6 2018) [64-bit]
220613-12:13:29,864 nipype.interface INFO:
	 stderr 2022-06-13T12:13:29.864086:++ Authored by: A cast of thousands
220613-12:13:29,874 nipype.interface INFO:
	 stderr 2022-06-13T12:13:29.874789:** AFNI converts NIFTI_datatype=64 (FLOAT64) in file /projects/kuhl_lab/wanjiag/MONSTERA/derivatives/preprocess/sub-MONSTERA14/sub-MONSTERA14_task-04_space-T1w_desc-preproc_bold_trim6TRs.nii.gz to FLOAT32
220613-12:13:29,874 nipype.interface INFO:
	 stderr 2022-06-13T12:13:29.874789:     Warnings of this type will be muted for this session.
220613-12:13:29,874 nipype.interface INFO:
	 stderr 2022-06-13T12:13:29.874789:     Set AFNI_NIFTI_TYPE_WARN to YES to see them all, NO to see none.
220613-12:14:35,395 nipype.interface INFO:
	 stderr 2022-06-13T12:14:35.395226:++ Output dataset /projects/kuhl_lab/wanjiag/MONSTERA/derivatives/preprocess/sub-MONSTERA14/sub-MONSTERA14_task-04_space-T1w_desc-preproc_bold_trim6TRs_centered-masked.nii.gz
Centering data...output to /projects/kuhl_lab/wanjiag/MONSTERA/derivatives/preprocess/sub-MONSTERA14/sub-MONSTERA14_task-04_space-T1w_desc-preproc_bold_trim6TRs_centered-masked.nii.gz
triming data...
(87, 106, 84, 458)    (87, 106, 84, 452)
(1.702, 1.702, 1.7, 1.0)
[[  1.70200002   0.           0.         -74.28760529]
 [  0.           1.70200002   0.         -85.14563751]
 [  0.           0.           1.70000005 -72.22180939]
 [  0.           0.           0.           1.        ]]
triming data...output to /projects/kuhl_lab/wanjiag/MONSTERA/derivatives/preprocess/sub-MONSTERA14/sub-MONSTERA14_task-05_space-T1w_desc-preproc_bold_trim6TRs.nii.gz
calculating mean......
3dTstat -mean -prefix /projects/kuhl_lab/wanjiag/MONSTERA/derivatives/preprocess/sub-MONSTERA14/sub-MONSTERA14_task-05_space-T1w_desc-preproc_bold_trim6TRs_mean-img.nii.gz /projects/kuhl_lab/wanjiag/MONSTERA/derivatives/preprocess/sub-MONSTERA14/sub-MONSTERA14_task-05_space-T1w_desc-preproc_bold_trim6TRs.nii.gz
220613-12:15:40,366 nipype.interface INFO:
	 stderr 2022-06-13T12:15:40.366005:++ 3dTstat: AFNI version=AFNI_18.2.04 (Jul  6 2018) [64-bit]
220613-12:15:40,366 nipype.interface INFO:
	 stderr 2022-06-13T12:15:40.366005:++ Authored by: KR Hammett & RW Cox
220613-12:15:40,375 nipype.interface INFO:
	 stderr 2022-06-13T12:15:40.375771:** AFNI converts NIFTI_datatype=64 (FLOAT64) in file /projects/kuhl_lab/wanjiag/MONSTERA/derivatives/preprocess/sub-MONSTERA14/sub-MONSTERA14_task-05_space-T1w_desc-preproc_bold_trim6TRs.nii.gz to FLOAT32
220613-12:15:40,375 nipype.interface INFO:
	 stderr 2022-06-13T12:15:40.375771:     Warnings of this type will be muted for this session.
220613-12:15:40,375 nipype.interface INFO:
	 stderr 2022-06-13T12:15:40.375771:     Set AFNI_NIFTI_TYPE_WARN to YES to see them all, NO to see none.
220613-12:15:54,685 nipype.interface INFO:
	 stderr 2022-06-13T12:15:54.685422:++ Output dataset /projects/kuhl_lab/wanjiag/MONSTERA/derivatives/preprocess/sub-MONSTERA14/sub-MONSTERA14_task-05_space-T1w_desc-preproc_bold_trim6TRs_mean-img.nii.gz
calculating mean...output to /projects/kuhl_lab/wanjiag/MONSTERA/derivatives/preprocess/sub-MONSTERA14/sub-MONSTERA14_task-05_space-T1w_desc-preproc_bold_trim6TRs_mean-img.nii.gz
Centering data ......
3dcalc -a /projects/kuhl_lab/wanjiag/MONSTERA/derivatives/preprocess/sub-MONSTERA14/sub-MONSTERA14_task-05_space-T1w_desc-preproc_bold_trim6TRs.nii.gz -b /projects/kuhl_lab/wanjiag/MONSTERA/derivatives/preprocess/sub-MONSTERA14/sub-MONSTERA14_task-05_space-T1w_desc-preproc_bold_trim6TRs_mean-img.nii.gz -c /projects/kuhl_lab/wanjiag/MONSTERA/derivatives/preprocess/sub-MONSTERA14/sub-MONSTERA14_space-T1w_desc-brain_intersect_mask.nii.gz -expr "c * min(200, a/b*100)*step(a)*step(b)" -prefix /projects/kuhl_lab/wanjiag/MONSTERA/derivatives/preprocess/sub-MONSTERA14/sub-MONSTERA14_task-05_space-T1w_desc-preproc_bold_trim6TRs_centered-masked.nii.gz
220613-12:15:54,814 nipype.interface INFO:
	 stderr 2022-06-13T12:15:54.814232:++ 3dcalc: AFNI version=AFNI_18.2.04 (Jul  6 2018) [64-bit]
220613-12:15:54,814 nipype.interface INFO:
	 stderr 2022-06-13T12:15:54.814232:++ Authored by: A cast of thousands
220613-12:15:54,828 nipype.interface INFO:
	 stderr 2022-06-13T12:15:54.828799:** AFNI converts NIFTI_datatype=64 (FLOAT64) in file /projects/kuhl_lab/wanjiag/MONSTERA/derivatives/preprocess/sub-MONSTERA14/sub-MONSTERA14_task-05_space-T1w_desc-preproc_bold_trim6TRs.nii.gz to FLOAT32
220613-12:15:54,828 nipype.interface INFO:
	 stderr 2022-06-13T12:15:54.828799:     Warnings of this type will be muted for this session.
220613-12:15:54,828 nipype.interface INFO:
	 stderr 2022-06-13T12:15:54.828799:     Set AFNI_NIFTI_TYPE_WARN to YES to see them all, NO to see none.
220613-12:17:00,401 nipype.interface INFO:
	 stderr 2022-06-13T12:17:00.401947:++ Output dataset /projects/kuhl_lab/wanjiag/MONSTERA/derivatives/preprocess/sub-MONSTERA14/sub-MONSTERA14_task-05_space-T1w_desc-preproc_bold_trim6TRs_centered-masked.nii.gz
Centering data...output to /projects/kuhl_lab/wanjiag/MONSTERA/derivatives/preprocess/sub-MONSTERA14/sub-MONSTERA14_task-05_space-T1w_desc-preproc_bold_trim6TRs_centered-masked.nii.gz
triming data...
(87, 106, 84, 339)    (87, 106, 84, 333)
(1.702, 1.702, 1.7, 1.0)
[[  1.70200002   0.           0.         -74.28760529]
 [  0.           1.70200002   0.         -85.14563751]
 [  0.           0.           1.70000005 -72.22180939]
 [  0.           0.           0.           1.        ]]
triming data...output to /projects/kuhl_lab/wanjiag/MONSTERA/derivatives/preprocess/sub-MONSTERA14/sub-MONSTERA14_task-06_space-T1w_desc-preproc_bold_trim6TRs.nii.gz
calculating mean......
3dTstat -mean -prefix /projects/kuhl_lab/wanjiag/MONSTERA/derivatives/preprocess/sub-MONSTERA14/sub-MONSTERA14_task-06_space-T1w_desc-preproc_bold_trim6TRs_mean-img.nii.gz /projects/kuhl_lab/wanjiag/MONSTERA/derivatives/preprocess/sub-MONSTERA14/sub-MONSTERA14_task-06_space-T1w_desc-preproc_bold_trim6TRs.nii.gz
220613-12:17:48,440 nipype.interface INFO:
	 stderr 2022-06-13T12:17:48.440258:++ 3dTstat: AFNI version=AFNI_18.2.04 (Jul  6 2018) [64-bit]
220613-12:17:48,440 nipype.interface INFO:
	 stderr 2022-06-13T12:17:48.440258:++ Authored by: KR Hammett & RW Cox
220613-12:17:48,446 nipype.interface INFO:
	 stderr 2022-06-13T12:17:48.446785:** AFNI converts NIFTI_datatype=64 (FLOAT64) in file /projects/kuhl_lab/wanjiag/MONSTERA/derivatives/preprocess/sub-MONSTERA14/sub-MONSTERA14_task-06_space-T1w_desc-preproc_bold_trim6TRs.nii.gz to FLOAT32
220613-12:17:48,457 nipype.interface INFO:
	 stderr 2022-06-13T12:17:48.446785:     Warnings of this type will be muted for this session.
220613-12:17:48,457 nipype.interface INFO:
	 stderr 2022-06-13T12:17:48.446785:     Set AFNI_NIFTI_TYPE_WARN to YES to see them all, NO to see none.
220613-12:17:59,89 nipype.interface INFO:
	 stderr 2022-06-13T12:17:59.089838:++ Output dataset /projects/kuhl_lab/wanjiag/MONSTERA/derivatives/preprocess/sub-MONSTERA14/sub-MONSTERA14_task-06_space-T1w_desc-preproc_bold_trim6TRs_mean-img.nii.gz
calculating mean...output to /projects/kuhl_lab/wanjiag/MONSTERA/derivatives/preprocess/sub-MONSTERA14/sub-MONSTERA14_task-06_space-T1w_desc-preproc_bold_trim6TRs_mean-img.nii.gz
Centering data ......
3dcalc -a /projects/kuhl_lab/wanjiag/MONSTERA/derivatives/preprocess/sub-MONSTERA14/sub-MONSTERA14_task-06_space-T1w_desc-preproc_bold_trim6TRs.nii.gz -b /projects/kuhl_lab/wanjiag/MONSTERA/derivatives/preprocess/sub-MONSTERA14/sub-MONSTERA14_task-06_space-T1w_desc-preproc_bold_trim6TRs_mean-img.nii.gz -c /projects/kuhl_lab/wanjiag/MONSTERA/derivatives/preprocess/sub-MONSTERA14/sub-MONSTERA14_space-T1w_desc-brain_intersect_mask.nii.gz -expr "c * min(200, a/b*100)*step(a)*step(b)" -prefix /projects/kuhl_lab/wanjiag/MONSTERA/derivatives/preprocess/sub-MONSTERA14/sub-MONSTERA14_task-06_space-T1w_desc-preproc_bold_trim6TRs_centered-masked.nii.gz
220613-12:17:59,244 nipype.interface INFO:
	 stderr 2022-06-13T12:17:59.244804:++ 3dcalc: AFNI version=AFNI_18.2.04 (Jul  6 2018) [64-bit]
220613-12:17:59,245 nipype.interface INFO:
	 stderr 2022-06-13T12:17:59.244804:++ Authored by: A cast of thousands
220613-12:17:59,245 nipype.interface INFO:
	 stderr 2022-06-13T12:17:59.244804:** AFNI converts NIFTI_datatype=64 (FLOAT64) in file /projects/kuhl_lab/wanjiag/MONSTERA/derivatives/preprocess/sub-MONSTERA14/sub-MONSTERA14_task-06_space-T1w_desc-preproc_bold_trim6TRs.nii.gz to FLOAT32
220613-12:17:59,245 nipype.interface INFO:
	 stderr 2022-06-13T12:17:59.244804:     Warnings of this type will be muted for this session.
220613-12:17:59,245 nipype.interface INFO:
	 stderr 2022-06-13T12:17:59.244804:     Set AFNI_NIFTI_TYPE_WARN to YES to see them all, NO to see none.
220613-12:18:48,87 nipype.interface INFO:
	 stderr 2022-06-13T12:18:48.087308:++ Output dataset /projects/kuhl_lab/wanjiag/MONSTERA/derivatives/preprocess/sub-MONSTERA14/sub-MONSTERA14_task-06_space-T1w_desc-preproc_bold_trim6TRs_centered-masked.nii.gz
Centering data...output to /projects/kuhl_lab/wanjiag/MONSTERA/derivatives/preprocess/sub-MONSTERA14/sub-MONSTERA14_task-06_space-T1w_desc-preproc_bold_trim6TRs_centered-masked.nii.gz
triming data...
(87, 106, 84, 458)    (87, 106, 84, 452)
(1.702, 1.702, 1.7, 1.0)
[[  1.70200002   0.           0.         -74.28760529]
 [  0.           1.70200002   0.         -85.14563751]
 [  0.           0.           1.70000005 -72.22180939]
 [  0.           0.           0.           1.        ]]
triming data...output to /projects/kuhl_lab/wanjiag/MONSTERA/derivatives/preprocess/sub-MONSTERA14/sub-MONSTERA14_task-07_space-T1w_desc-preproc_bold_trim6TRs.nii.gz
calculating mean......
3dTstat -mean -prefix /projects/kuhl_lab/wanjiag/MONSTERA/derivatives/preprocess/sub-MONSTERA14/sub-MONSTERA14_task-07_space-T1w_desc-preproc_bold_trim6TRs_mean-img.nii.gz /projects/kuhl_lab/wanjiag/MONSTERA/derivatives/preprocess/sub-MONSTERA14/sub-MONSTERA14_task-07_space-T1w_desc-preproc_bold_trim6TRs.nii.gz
220613-12:19:54,99 nipype.interface INFO:
	 stderr 2022-06-13T12:19:54.099416:++ 3dTstat: AFNI version=AFNI_18.2.04 (Jul  6 2018) [64-bit]
220613-12:19:54,99 nipype.interface INFO:
	 stderr 2022-06-13T12:19:54.099416:++ Authored by: KR Hammett & RW Cox
220613-12:19:54,105 nipype.interface INFO:
	 stderr 2022-06-13T12:19:54.105780:** AFNI converts NIFTI_datatype=64 (FLOAT64) in file /projects/kuhl_lab/wanjiag/MONSTERA/derivatives/preprocess/sub-MONSTERA14/sub-MONSTERA14_task-07_space-T1w_desc-preproc_bold_trim6TRs.nii.gz to FLOAT32
220613-12:19:54,105 nipype.interface INFO:
	 stderr 2022-06-13T12:19:54.105780:     Warnings of this type will be muted for this session.
220613-12:19:54,111 nipype.interface INFO:
	 stderr 2022-06-13T12:19:54.105780:     Set AFNI_NIFTI_TYPE_WARN to YES to see them all, NO to see none.
220613-12:20:08,790 nipype.interface INFO:
	 stderr 2022-06-13T12:20:08.790186:++ Output dataset /projects/kuhl_lab/wanjiag/MONSTERA/derivatives/preprocess/sub-MONSTERA14/sub-MONSTERA14_task-07_space-T1w_desc-preproc_bold_trim6TRs_mean-img.nii.gz
calculating mean...output to /projects/kuhl_lab/wanjiag/MONSTERA/derivatives/preprocess/sub-MONSTERA14/sub-MONSTERA14_task-07_space-T1w_desc-preproc_bold_trim6TRs_mean-img.nii.gz
Centering data ......
3dcalc -a /projects/kuhl_lab/wanjiag/MONSTERA/derivatives/preprocess/sub-MONSTERA14/sub-MONSTERA14_task-07_space-T1w_desc-preproc_bold_trim6TRs.nii.gz -b /projects/kuhl_lab/wanjiag/MONSTERA/derivatives/preprocess/sub-MONSTERA14/sub-MONSTERA14_task-07_space-T1w_desc-preproc_bold_trim6TRs_mean-img.nii.gz -c /projects/kuhl_lab/wanjiag/MONSTERA/derivatives/preprocess/sub-MONSTERA14/sub-MONSTERA14_space-T1w_desc-brain_intersect_mask.nii.gz -expr "c * min(200, a/b*100)*step(a)*step(b)" -prefix /projects/kuhl_lab/wanjiag/MONSTERA/derivatives/preprocess/sub-MONSTERA14/sub-MONSTERA14_task-07_space-T1w_desc-preproc_bold_trim6TRs_centered-masked.nii.gz
220613-12:20:08,942 nipype.interface INFO:
	 stderr 2022-06-13T12:20:08.942220:++ 3dcalc: AFNI version=AFNI_18.2.04 (Jul  6 2018) [64-bit]
220613-12:20:08,942 nipype.interface INFO:
	 stderr 2022-06-13T12:20:08.942220:++ Authored by: A cast of thousands
220613-12:20:08,956 nipype.interface INFO:
	 stderr 2022-06-13T12:20:08.956781:** AFNI converts NIFTI_datatype=64 (FLOAT64) in file /projects/kuhl_lab/wanjiag/MONSTERA/derivatives/preprocess/sub-MONSTERA14/sub-MONSTERA14_task-07_space-T1w_desc-preproc_bold_trim6TRs.nii.gz to FLOAT32
220613-12:20:08,956 nipype.interface INFO:
	 stderr 2022-06-13T12:20:08.956781:     Warnings of this type will be muted for this session.
220613-12:20:08,956 nipype.interface INFO:
	 stderr 2022-06-13T12:20:08.956781:     Set AFNI_NIFTI_TYPE_WARN to YES to see them all, NO to see none.
220613-12:21:14,624 nipype.interface INFO:
	 stderr 2022-06-13T12:21:14.624791:++ Output dataset /projects/kuhl_lab/wanjiag/MONSTERA/derivatives/preprocess/sub-MONSTERA14/sub-MONSTERA14_task-07_space-T1w_desc-preproc_bold_trim6TRs_centered-masked.nii.gz
Centering data...output to /projects/kuhl_lab/wanjiag/MONSTERA/derivatives/preprocess/sub-MONSTERA14/sub-MONSTERA14_task-07_space-T1w_desc-preproc_bold_trim6TRs_centered-masked.nii.gz
triming data...
(87, 106, 84, 458)    (87, 106, 84, 452)
(1.702, 1.702, 1.7, 1.0)
[[  1.70200002   0.           0.         -74.28760529]
 [  0.           1.70200002   0.         -85.14563751]
 [  0.           0.           1.70000005 -72.22180939]
 [  0.           0.           0.           1.        ]]
triming data...output to /projects/kuhl_lab/wanjiag/MONSTERA/derivatives/preprocess/sub-MONSTERA14/sub-MONSTERA14_task-08_space-T1w_desc-preproc_bold_trim6TRs.nii.gz
calculating mean......
3dTstat -mean -prefix /projects/kuhl_lab/wanjiag/MONSTERA/derivatives/preprocess/sub-MONSTERA14/sub-MONSTERA14_task-08_space-T1w_desc-preproc_bold_trim6TRs_mean-img.nii.gz /projects/kuhl_lab/wanjiag/MONSTERA/derivatives/preprocess/sub-MONSTERA14/sub-MONSTERA14_task-08_space-T1w_desc-preproc_bold_trim6TRs.nii.gz
220613-12:22:20,906 nipype.interface INFO:
	 stderr 2022-06-13T12:22:20.906699:++ 3dTstat: AFNI version=AFNI_18.2.04 (Jul  6 2018) [64-bit]
220613-12:22:20,907 nipype.interface INFO:
	 stderr 2022-06-13T12:22:20.906699:++ Authored by: KR Hammett & RW Cox
220613-12:22:20,917 nipype.interface INFO:
	 stderr 2022-06-13T12:22:20.917777:** AFNI converts NIFTI_datatype=64 (FLOAT64) in file /projects/kuhl_lab/wanjiag/MONSTERA/derivatives/preprocess/sub-MONSTERA14/sub-MONSTERA14_task-08_space-T1w_desc-preproc_bold_trim6TRs.nii.gz to FLOAT32
220613-12:22:20,917 nipype.interface INFO:
	 stderr 2022-06-13T12:22:20.917777:     Warnings of this type will be muted for this session.
220613-12:22:20,939 nipype.interface INFO:
	 stderr 2022-06-13T12:22:20.917777:     Set AFNI_NIFTI_TYPE_WARN to YES to see them all, NO to see none.
220613-12:22:35,448 nipype.interface INFO:
	 stderr 2022-06-13T12:22:35.448729:++ Output dataset /projects/kuhl_lab/wanjiag/MONSTERA/derivatives/preprocess/sub-MONSTERA14/sub-MONSTERA14_task-08_space-T1w_desc-preproc_bold_trim6TRs_mean-img.nii.gz
calculating mean...output to /projects/kuhl_lab/wanjiag/MONSTERA/derivatives/preprocess/sub-MONSTERA14/sub-MONSTERA14_task-08_space-T1w_desc-preproc_bold_trim6TRs_mean-img.nii.gz
Centering data ......
3dcalc -a /projects/kuhl_lab/wanjiag/MONSTERA/derivatives/preprocess/sub-MONSTERA14/sub-MONSTERA14_task-08_space-T1w_desc-preproc_bold_trim6TRs.nii.gz -b /projects/kuhl_lab/wanjiag/MONSTERA/derivatives/preprocess/sub-MONSTERA14/sub-MONSTERA14_task-08_space-T1w_desc-preproc_bold_trim6TRs_mean-img.nii.gz -c /projects/kuhl_lab/wanjiag/MONSTERA/derivatives/preprocess/sub-MONSTERA14/sub-MONSTERA14_space-T1w_desc-brain_intersect_mask.nii.gz -expr "c * min(200, a/b*100)*step(a)*step(b)" -prefix /projects/kuhl_lab/wanjiag/MONSTERA/derivatives/preprocess/sub-MONSTERA14/sub-MONSTERA14_task-08_space-T1w_desc-preproc_bold_trim6TRs_centered-masked.nii.gz
220613-12:22:35,610 nipype.interface INFO:
	 stderr 2022-06-13T12:22:35.610726:++ 3dcalc: AFNI version=AFNI_18.2.04 (Jul  6 2018) [64-bit]
220613-12:22:35,610 nipype.interface INFO:
	 stderr 2022-06-13T12:22:35.610726:++ Authored by: A cast of thousands
220613-12:22:35,620 nipype.interface INFO:
	 stderr 2022-06-13T12:22:35.620782:** AFNI converts NIFTI_datatype=64 (FLOAT64) in file /projects/kuhl_lab/wanjiag/MONSTERA/derivatives/preprocess/sub-MONSTERA14/sub-MONSTERA14_task-08_space-T1w_desc-preproc_bold_trim6TRs.nii.gz to FLOAT32
220613-12:22:35,620 nipype.interface INFO:
	 stderr 2022-06-13T12:22:35.620782:     Warnings of this type will be muted for this session.
220613-12:22:35,620 nipype.interface INFO:
	 stderr 2022-06-13T12:22:35.620782:     Set AFNI_NIFTI_TYPE_WARN to YES to see them all, NO to see none.
220613-12:23:41,287 nipype.interface INFO:
	 stderr 2022-06-13T12:23:41.287014:++ Output dataset /projects/kuhl_lab/wanjiag/MONSTERA/derivatives/preprocess/sub-MONSTERA14/sub-MONSTERA14_task-08_space-T1w_desc-preproc_bold_trim6TRs_centered-masked.nii.gz
Centering data...output to /projects/kuhl_lab/wanjiag/MONSTERA/derivatives/preprocess/sub-MONSTERA14/sub-MONSTERA14_task-08_space-T1w_desc-preproc_bold_trim6TRs_centered-masked.nii.gz
triming data...
(87, 106, 84, 458)    (87, 106, 84, 452)
(1.702, 1.702, 1.7, 1.0)
[[  1.70200002   0.           0.         -74.28760529]
 [  0.           1.70200002   0.         -85.14563751]
 [  0.           0.           1.70000005 -72.22180939]
 [  0.           0.           0.           1.        ]]
triming data...output to /projects/kuhl_lab/wanjiag/MONSTERA/derivatives/preprocess/sub-MONSTERA14/sub-MONSTERA14_task-09_space-T1w_desc-preproc_bold_trim6TRs.nii.gz
calculating mean......
3dTstat -mean -prefix /projects/kuhl_lab/wanjiag/MONSTERA/derivatives/preprocess/sub-MONSTERA14/sub-MONSTERA14_task-09_space-T1w_desc-preproc_bold_trim6TRs_mean-img.nii.gz /projects/kuhl_lab/wanjiag/MONSTERA/derivatives/preprocess/sub-MONSTERA14/sub-MONSTERA14_task-09_space-T1w_desc-preproc_bold_trim6TRs.nii.gz
220613-12:24:47,466 nipype.interface INFO:
	 stderr 2022-06-13T12:24:47.466821:++ 3dTstat: AFNI version=AFNI_18.2.04 (Jul  6 2018) [64-bit]
220613-12:24:47,467 nipype.interface INFO:
	 stderr 2022-06-13T12:24:47.466821:++ Authored by: KR Hammett & RW Cox
220613-12:24:47,477 nipype.interface INFO:
	 stderr 2022-06-13T12:24:47.477794:** AFNI converts NIFTI_datatype=64 (FLOAT64) in file /projects/kuhl_lab/wanjiag/MONSTERA/derivatives/preprocess/sub-MONSTERA14/sub-MONSTERA14_task-09_space-T1w_desc-preproc_bold_trim6TRs.nii.gz to FLOAT32
220613-12:24:47,477 nipype.interface INFO:
	 stderr 2022-06-13T12:24:47.477794:     Warnings of this type will be muted for this session.
220613-12:24:47,477 nipype.interface INFO:
	 stderr 2022-06-13T12:24:47.477794:     Set AFNI_NIFTI_TYPE_WARN to YES to see them all, NO to see none.
220613-12:25:02,180 nipype.interface INFO:
	 stderr 2022-06-13T12:25:02.180623:++ Output dataset /projects/kuhl_lab/wanjiag/MONSTERA/derivatives/preprocess/sub-MONSTERA14/sub-MONSTERA14_task-09_space-T1w_desc-preproc_bold_trim6TRs_mean-img.nii.gz
calculating mean...output to /projects/kuhl_lab/wanjiag/MONSTERA/derivatives/preprocess/sub-MONSTERA14/sub-MONSTERA14_task-09_space-T1w_desc-preproc_bold_trim6TRs_mean-img.nii.gz
Centering data ......
3dcalc -a /projects/kuhl_lab/wanjiag/MONSTERA/derivatives/preprocess/sub-MONSTERA14/sub-MONSTERA14_task-09_space-T1w_desc-preproc_bold_trim6TRs.nii.gz -b /projects/kuhl_lab/wanjiag/MONSTERA/derivatives/preprocess/sub-MONSTERA14/sub-MONSTERA14_task-09_space-T1w_desc-preproc_bold_trim6TRs_mean-img.nii.gz -c /projects/kuhl_lab/wanjiag/MONSTERA/derivatives/preprocess/sub-MONSTERA14/sub-MONSTERA14_space-T1w_desc-brain_intersect_mask.nii.gz -expr "c * min(200, a/b*100)*step(a)*step(b)" -prefix /projects/kuhl_lab/wanjiag/MONSTERA/derivatives/preprocess/sub-MONSTERA14/sub-MONSTERA14_task-09_space-T1w_desc-preproc_bold_trim6TRs_centered-masked.nii.gz
220613-12:25:02,317 nipype.interface INFO:
	 stderr 2022-06-13T12:25:02.317495:++ 3dcalc: AFNI version=AFNI_18.2.04 (Jul  6 2018) [64-bit]
220613-12:25:02,317 nipype.interface INFO:
	 stderr 2022-06-13T12:25:02.317495:++ Authored by: A cast of thousands
220613-12:25:02,404 nipype.interface INFO:
	 stderr 2022-06-13T12:25:02.404780:** AFNI converts NIFTI_datatype=64 (FLOAT64) in file /projects/kuhl_lab/wanjiag/MONSTERA/derivatives/preprocess/sub-MONSTERA14/sub-MONSTERA14_task-09_space-T1w_desc-preproc_bold_trim6TRs.nii.gz to FLOAT32
220613-12:25:02,404 nipype.interface INFO:
	 stderr 2022-06-13T12:25:02.404780:     Warnings of this type will be muted for this session.
220613-12:25:02,404 nipype.interface INFO:
	 stderr 2022-06-13T12:25:02.404780:     Set AFNI_NIFTI_TYPE_WARN to YES to see them all, NO to see none.
220613-12:26:08,182 nipype.interface INFO:
	 stderr 2022-06-13T12:26:08.182364:++ Output dataset /projects/kuhl_lab/wanjiag/MONSTERA/derivatives/preprocess/sub-MONSTERA14/sub-MONSTERA14_task-09_space-T1w_desc-preproc_bold_trim6TRs_centered-masked.nii.gz
Centering data...output to /projects/kuhl_lab/wanjiag/MONSTERA/derivatives/preprocess/sub-MONSTERA14/sub-MONSTERA14_task-09_space-T1w_desc-preproc_bold_trim6TRs_centered-masked.nii.gz
triming data...
(87, 106, 84, 458)    (87, 106, 84, 452)
(1.702, 1.702, 1.7, 1.0)
[[  1.70200002   0.           0.         -74.28760529]
 [  0.           1.70200002   0.         -85.14563751]
 [  0.           0.           1.70000005 -72.22180939]
 [  0.           0.           0.           1.        ]]
triming data...output to /projects/kuhl_lab/wanjiag/MONSTERA/derivatives/preprocess/sub-MONSTERA14/sub-MONSTERA14_task-10_space-T1w_desc-preproc_bold_trim6TRs.nii.gz
calculating mean......
3dTstat -mean -prefix /projects/kuhl_lab/wanjiag/MONSTERA/derivatives/preprocess/sub-MONSTERA14/sub-MONSTERA14_task-10_space-T1w_desc-preproc_bold_trim6TRs_mean-img.nii.gz /projects/kuhl_lab/wanjiag/MONSTERA/derivatives/preprocess/sub-MONSTERA14/sub-MONSTERA14_task-10_space-T1w_desc-preproc_bold_trim6TRs.nii.gz
220613-12:27:14,691 nipype.interface INFO:
	 stderr 2022-06-13T12:27:14.691503:++ 3dTstat: AFNI version=AFNI_18.2.04 (Jul  6 2018) [64-bit]
220613-12:27:14,691 nipype.interface INFO:
	 stderr 2022-06-13T12:27:14.691503:++ Authored by: KR Hammett & RW Cox
220613-12:27:14,698 nipype.interface INFO:
	 stderr 2022-06-13T12:27:14.698780:** AFNI converts NIFTI_datatype=64 (FLOAT64) in file /projects/kuhl_lab/wanjiag/MONSTERA/derivatives/preprocess/sub-MONSTERA14/sub-MONSTERA14_task-10_space-T1w_desc-preproc_bold_trim6TRs.nii.gz to FLOAT32
220613-12:27:14,698 nipype.interface INFO:
	 stderr 2022-06-13T12:27:14.698780:     Warnings of this type will be muted for this session.
220613-12:27:14,698 nipype.interface INFO:
	 stderr 2022-06-13T12:27:14.698780:     Set AFNI_NIFTI_TYPE_WARN to YES to see them all, NO to see none.
220613-12:27:29,254 nipype.interface INFO:
	 stderr 2022-06-13T12:27:29.254908:++ Output dataset /projects/kuhl_lab/wanjiag/MONSTERA/derivatives/preprocess/sub-MONSTERA14/sub-MONSTERA14_task-10_space-T1w_desc-preproc_bold_trim6TRs_mean-img.nii.gz
calculating mean...output to /projects/kuhl_lab/wanjiag/MONSTERA/derivatives/preprocess/sub-MONSTERA14/sub-MONSTERA14_task-10_space-T1w_desc-preproc_bold_trim6TRs_mean-img.nii.gz
Centering data ......
3dcalc -a /projects/kuhl_lab/wanjiag/MONSTERA/derivatives/preprocess/sub-MONSTERA14/sub-MONSTERA14_task-10_space-T1w_desc-preproc_bold_trim6TRs.nii.gz -b /projects/kuhl_lab/wanjiag/MONSTERA/derivatives/preprocess/sub-MONSTERA14/sub-MONSTERA14_task-10_space-T1w_desc-preproc_bold_trim6TRs_mean-img.nii.gz -c /projects/kuhl_lab/wanjiag/MONSTERA/derivatives/preprocess/sub-MONSTERA14/sub-MONSTERA14_space-T1w_desc-brain_intersect_mask.nii.gz -expr "c * min(200, a/b*100)*step(a)*step(b)" -prefix /projects/kuhl_lab/wanjiag/MONSTERA/derivatives/preprocess/sub-MONSTERA14/sub-MONSTERA14_task-10_space-T1w_desc-preproc_bold_trim6TRs_centered-masked.nii.gz
220613-12:27:29,411 nipype.interface INFO:
	 stderr 2022-06-13T12:27:29.411321:++ 3dcalc: AFNI version=AFNI_18.2.04 (Jul  6 2018) [64-bit]
220613-12:27:29,411 nipype.interface INFO:
	 stderr 2022-06-13T12:27:29.411321:++ Authored by: A cast of thousands
220613-12:27:29,419 nipype.interface INFO:
	 stderr 2022-06-13T12:27:29.419773:** AFNI converts NIFTI_datatype=64 (FLOAT64) in file /projects/kuhl_lab/wanjiag/MONSTERA/derivatives/preprocess/sub-MONSTERA14/sub-MONSTERA14_task-10_space-T1w_desc-preproc_bold_trim6TRs.nii.gz to FLOAT32
220613-12:27:29,419 nipype.interface INFO:
	 stderr 2022-06-13T12:27:29.419773:     Warnings of this type will be muted for this session.
220613-12:27:29,419 nipype.interface INFO:
	 stderr 2022-06-13T12:27:29.419773:     Set AFNI_NIFTI_TYPE_WARN to YES to see them all, NO to see none.
220613-12:28:35,203 nipype.interface INFO:
	 stderr 2022-06-13T12:28:35.203351:++ Output dataset /projects/kuhl_lab/wanjiag/MONSTERA/derivatives/preprocess/sub-MONSTERA14/sub-MONSTERA14_task-10_space-T1w_desc-preproc_bold_trim6TRs_centered-masked.nii.gz
Centering data...output to /projects/kuhl_lab/wanjiag/MONSTERA/derivatives/preprocess/sub-MONSTERA14/sub-MONSTERA14_task-10_space-T1w_desc-preproc_bold_trim6TRs_centered-masked.nii.gz
