['sub-MONSTERA01', 'sub-MONSTERA02', 'sub-MONSTERA03', 'sub-MONSTERA04', 'sub-MONSTERA05', 'sub-MONSTERA06', 'sub-MONSTERA07', 'sub-MONSTERA08', 'sub-MONSTERA09', 'sub-MONSTERA10']
sub-MONSTERA01
calculating mask intersection...
-------------------- Mask file existed for sub-MONSTERA01. Skipped. --------------------
-------------------- file existed for: sub-MONSTERA01 task-01. Skipped. --------------------
-------------------- file existed for: sub-MONSTERA01 task-02. Skipped. --------------------
-------------------- file existed for: sub-MONSTERA01 task-03. Skipped. --------------------
-------------------- file existed for: sub-MONSTERA01 task-04. Skipped. --------------------
-------------------- file existed for: sub-MONSTERA01 task-05. Skipped. --------------------
-------------------- file existed for: sub-MONSTERA01 task-06. Skipped. --------------------
-------------------- file existed for: sub-MONSTERA01 task-07. Skipped. --------------------
-------------------- file existed for: sub-MONSTERA01 task-08. Skipped. --------------------
-------------------- file existed for: sub-MONSTERA01 task-09. Skipped. --------------------
-------------------- file existed for: sub-MONSTERA01 task-10. Skipped. --------------------
sub-MONSTERA02
calculating mask intersection...
-------------------- Mask file existed for sub-MONSTERA02. Skipped. --------------------
-------------------- file existed for: sub-MONSTERA02 task-01. Skipped. --------------------
-------------------- file existed for: sub-MONSTERA02 task-02. Skipped. --------------------
-------------------- file existed for: sub-MONSTERA02 task-03. Skipped. --------------------
-------------------- file existed for: sub-MONSTERA02 task-04. Skipped. --------------------
-------------------- file existed for: sub-MONSTERA02 task-05. Skipped. --------------------
-------------------- file existed for: sub-MONSTERA02 task-06. Skipped. --------------------
-------------------- file existed for: sub-MONSTERA02 task-07. Skipped. --------------------
-------------------- file existed for: sub-MONSTERA02 task-08. Skipped. --------------------
-------------------- file existed for: sub-MONSTERA02 task-09. Skipped. --------------------
-------------------- file existed for: sub-MONSTERA02 task-10. Skipped. --------------------
sub-MONSTERA03
calculating mask intersection...
-------------------- Mask file existed for sub-MONSTERA03. Skipped. --------------------
-------------------- file existed for: sub-MONSTERA03 task-01. Skipped. --------------------
-------------------- file existed for: sub-MONSTERA03 task-02. Skipped. --------------------
-------------------- file existed for: sub-MONSTERA03 task-03. Skipped. --------------------
-------------------- file existed for: sub-MONSTERA03 task-04. Skipped. --------------------
-------------------- file existed for: sub-MONSTERA03 task-05. Skipped. --------------------
-------------------- file existed for: sub-MONSTERA03 task-06. Skipped. --------------------
-------------------- file existed for: sub-MONSTERA03 task-07. Skipped. --------------------
-------------------- file existed for: sub-MONSTERA03 task-08. Skipped. --------------------
-------------------- file existed for: sub-MONSTERA03 task-09. Skipped. --------------------
-------------------- file existed for: sub-MONSTERA03 task-10. Skipped. --------------------
sub-MONSTERA04
calculating mask intersection...
-------------------- Mask file existed for sub-MONSTERA04. Skipped. --------------------
-------------------- file existed for: sub-MONSTERA04 task-01. Skipped. --------------------
-------------------- file existed for: sub-MONSTERA04 task-02. Skipped. --------------------
-------------------- file existed for: sub-MONSTERA04 task-03. Skipped. --------------------
-------------------- file existed for: sub-MONSTERA04 task-04. Skipped. --------------------
-------------------- file existed for: sub-MONSTERA04 task-05. Skipped. --------------------
-------------------- file existed for: sub-MONSTERA04 task-06. Skipped. --------------------
-------------------- file existed for: sub-MONSTERA04 task-07. Skipped. --------------------
-------------------- file existed for: sub-MONSTERA04 task-08. Skipped. --------------------
-------------------- file existed for: sub-MONSTERA04 task-09. Skipped. --------------------
-------------------- file existed for: sub-MONSTERA04 task-10. Skipped. --------------------
sub-MONSTERA05
calculating mask intersection...
-------------------- Mask file existed for sub-MONSTERA05. Skipped. --------------------
-------------------- file existed for: sub-MONSTERA05 task-01. Skipped. --------------------
-------------------- file existed for: sub-MONSTERA05 task-02. Skipped. --------------------
-------------------- file existed for: sub-MONSTERA05 task-03. Skipped. --------------------
-------------------- file existed for: sub-MONSTERA05 task-04. Skipped. --------------------
-------------------- file existed for: sub-MONSTERA05 task-05. Skipped. --------------------
-------------------- file existed for: sub-MONSTERA05 task-06. Skipped. --------------------
-------------------- file existed for: sub-MONSTERA05 task-07. Skipped. --------------------
-------------------- file existed for: sub-MONSTERA05 task-08. Skipped. --------------------
-------------------- file existed for: sub-MONSTERA05 task-09. Skipped. --------------------
-------------------- file existed for: sub-MONSTERA05 task-10. Skipped. --------------------
sub-MONSTERA06
calculating mask intersection...
-------------------- Mask file existed for sub-MONSTERA06. Skipped. --------------------
-------------------- file existed for: sub-MONSTERA06 task-01. Skipped. --------------------
-------------------- file existed for: sub-MONSTERA06 task-02. Skipped. --------------------
-------------------- file existed for: sub-MONSTERA06 task-03. Skipped. --------------------
-------------------- file existed for: sub-MONSTERA06 task-04. Skipped. --------------------
-------------------- file existed for: sub-MONSTERA06 task-05. Skipped. --------------------
-------------------- file existed for: sub-MONSTERA06 task-06. Skipped. --------------------
-------------------- file existed for: sub-MONSTERA06 task-07. Skipped. --------------------
-------------------- file existed for: sub-MONSTERA06 task-08. Skipped. --------------------
-------------------- file existed for: sub-MONSTERA06 task-09. Skipped. --------------------
-------------------- file existed for: sub-MONSTERA06 task-10. Skipped. --------------------
sub-MONSTERA07
calculating mask intersection...
-------------------- Mask file existed for sub-MONSTERA07. Skipped. --------------------
-------------------- file existed for: sub-MONSTERA07 task-01. Skipped. --------------------
-------------------- file existed for: sub-MONSTERA07 task-02. Skipped. --------------------
-------------------- file existed for: sub-MONSTERA07 task-03. Skipped. --------------------
-------------------- file existed for: sub-MONSTERA07 task-04. Skipped. --------------------
-------------------- file existed for: sub-MONSTERA07 task-05. Skipped. --------------------
-------------------- file existed for: sub-MONSTERA07 task-06. Skipped. --------------------
-------------------- file existed for: sub-MONSTERA07 task-07. Skipped. --------------------
-------------------- file existed for: sub-MONSTERA07 task-08. Skipped. --------------------
-------------------- file existed for: sub-MONSTERA07 task-09. Skipped. --------------------
-------------------- file existed for: sub-MONSTERA07 task-10. Skipped. --------------------
sub-MONSTERA08
calculating mask intersection...
-------------------- Mask file existed for sub-MONSTERA08. Skipped. --------------------
-------------------- file existed for: sub-MONSTERA08 task-01. Skipped. --------------------
-------------------- file existed for: sub-MONSTERA08 task-02. Skipped. --------------------
-------------------- file existed for: sub-MONSTERA08 task-03. Skipped. --------------------
-------------------- file existed for: sub-MONSTERA08 task-04. Skipped. --------------------
-------------------- file existed for: sub-MONSTERA08 task-05. Skipped. --------------------
-------------------- file existed for: sub-MONSTERA08 task-06. Skipped. --------------------
-------------------- file existed for: sub-MONSTERA08 task-07. Skipped. --------------------
-------------------- file existed for: sub-MONSTERA08 task-08. Skipped. --------------------
-------------------- file existed for: sub-MONSTERA08 task-09. Skipped. --------------------
-------------------- file existed for: sub-MONSTERA08 task-10. Skipped. --------------------
sub-MONSTERA09
calculating mask intersection...
-------------------- Mask file existed for sub-MONSTERA09. Skipped. --------------------
-------------------- file existed for: sub-MONSTERA09 task-01. Skipped. --------------------
-------------------- file existed for: sub-MONSTERA09 task-02. Skipped. --------------------
-------------------- file existed for: sub-MONSTERA09 task-03. Skipped. --------------------
-------------------- file existed for: sub-MONSTERA09 task-04. Skipped. --------------------
-------------------- file existed for: sub-MONSTERA09 task-05. Skipped. --------------------
-------------------- file existed for: sub-MONSTERA09 task-06. Skipped. --------------------
-------------------- file existed for: sub-MONSTERA09 task-07. Skipped. --------------------
-------------------- file existed for: sub-MONSTERA09 task-08. Skipped. --------------------
-------------------- file existed for: sub-MONSTERA09 task-09. Skipped. --------------------
-------------------- file existed for: sub-MONSTERA09 task-10. Skipped. --------------------
sub-MONSTERA10
calculating mask intersection...
['/projects/kuhl_lab/wanjiag/MONSTERA/derivatives/fmriprep/sub-MONSTERA10/func/sub-MONSTERA10_task-01_space-T1w_desc-brain_mask.nii.gz', '/projects/kuhl_lab/wanjiag/MONSTERA/derivatives/fmriprep/sub-MONSTERA10/func/sub-MONSTERA10_task-02_space-T1w_desc-brain_mask.nii.gz', '/projects/kuhl_lab/wanjiag/MONSTERA/derivatives/fmriprep/sub-MONSTERA10/func/sub-MONSTERA10_task-03_space-T1w_desc-brain_mask.nii.gz', '/projects/kuhl_lab/wanjiag/MONSTERA/derivatives/fmriprep/sub-MONSTERA10/func/sub-MONSTERA10_task-04_space-T1w_desc-brain_mask.nii.gz', '/projects/kuhl_lab/wanjiag/MONSTERA/derivatives/fmriprep/sub-MONSTERA10/func/sub-MONSTERA10_task-05_space-T1w_desc-brain_mask.nii.gz', '/projects/kuhl_lab/wanjiag/MONSTERA/derivatives/fmriprep/sub-MONSTERA10/func/sub-MONSTERA10_task-06_space-T1w_desc-brain_mask.nii.gz', '/projects/kuhl_lab/wanjiag/MONSTERA/derivatives/fmriprep/sub-MONSTERA10/func/sub-MONSTERA10_task-07_space-T1w_desc-brain_mask.nii.gz', '/projects/kuhl_lab/wanjiag/MONSTERA/derivatives/fmriprep/sub-MONSTERA10/func/sub-MONSTERA10_task-08_space-T1w_desc-brain_mask.nii.gz', '/projects/kuhl_lab/wanjiag/MONSTERA/derivatives/fmriprep/sub-MONSTERA10/func/sub-MONSTERA10_task-09_space-T1w_desc-brain_mask.nii.gz', '/projects/kuhl_lab/wanjiag/MONSTERA/derivatives/fmriprep/sub-MONSTERA10/func/sub-MONSTERA10_task-10_space-T1w_desc-brain_mask.nii.gz']
triming data...
(81, 106, 78, 458)    (81, 106, 78, 452)
(1.702, 1.702, 1.7, 1.0)
[[  1.70200002   0.           0.         -69.60913849]
 [  0.           1.70200002   0.         -86.80347443]
 [  0.           0.           1.70000005 -44.51238251]
 [  0.           0.           0.           1.        ]]
triming data...output to /projects/kuhl_lab/wanjiag/MONSTERA/derivatives/preprocess/sub-MONSTERA10/sub-MONSTERA10_task-01_space-T1w_desc-preproc_bold_trim6TRs.nii.gz
calculating mean......
3dTstat -mean -prefix /projects/kuhl_lab/wanjiag/MONSTERA/derivatives/preprocess/sub-MONSTERA10/sub-MONSTERA10_task-01_space-T1w_desc-preproc_bold_trim6TRs_mean-img.nii.gz /projects/kuhl_lab/wanjiag/MONSTERA/derivatives/preprocess/sub-MONSTERA10/sub-MONSTERA10_task-01_space-T1w_desc-preproc_bold_trim6TRs.nii.gz
220504-10:53:08,858 nipype.interface INFO:
	 stderr 2022-05-04T10:53:08.857831:++ 3dTstat: AFNI version=AFNI_18.2.04 (Jul  6 2018) [64-bit]
220504-10:53:08,868 nipype.interface INFO:
	 stderr 2022-05-04T10:53:08.857831:++ Authored by: KR Hammett & RW Cox
220504-10:53:08,868 nipype.interface INFO:
	 stderr 2022-05-04T10:53:08.868947:** AFNI converts NIFTI_datatype=64 (FLOAT64) in file /projects/kuhl_lab/wanjiag/MONSTERA/derivatives/preprocess/sub-MONSTERA10/sub-MONSTERA10_task-01_space-T1w_desc-preproc_bold_trim6TRs.nii.gz to FLOAT32
220504-10:53:08,869 nipype.interface INFO:
	 stderr 2022-05-04T10:53:08.868947:     Warnings of this type will be muted for this session.
220504-10:53:08,869 nipype.interface INFO:
	 stderr 2022-05-04T10:53:08.868947:     Set AFNI_NIFTI_TYPE_WARN to YES to see them all, NO to see none.
220504-10:53:21,24 nipype.interface INFO:
	 stderr 2022-05-04T10:53:21.024809:++ Output dataset /projects/kuhl_lab/wanjiag/MONSTERA/derivatives/preprocess/sub-MONSTERA10/sub-MONSTERA10_task-01_space-T1w_desc-preproc_bold_trim6TRs_mean-img.nii.gz
calculating mean...output to /projects/kuhl_lab/wanjiag/MONSTERA/derivatives/preprocess/sub-MONSTERA10/sub-MONSTERA10_task-01_space-T1w_desc-preproc_bold_trim6TRs_mean-img.nii.gz
Centering data ......
3dcalc -a /projects/kuhl_lab/wanjiag/MONSTERA/derivatives/preprocess/sub-MONSTERA10/sub-MONSTERA10_task-01_space-T1w_desc-preproc_bold_trim6TRs.nii.gz -b /projects/kuhl_lab/wanjiag/MONSTERA/derivatives/preprocess/sub-MONSTERA10/sub-MONSTERA10_task-01_space-T1w_desc-preproc_bold_trim6TRs_mean-img.nii.gz -c /projects/kuhl_lab/wanjiag/MONSTERA/derivatives/preprocess/sub-MONSTERA10/sub-MONSTERA10_space-T1w_desc-brain_intersect_mask.nii.gz -expr "c * min(200, a/b*100)*step(a)*step(b)" -prefix /projects/kuhl_lab/wanjiag/MONSTERA/derivatives/preprocess/sub-MONSTERA10/sub-MONSTERA10_task-01_space-T1w_desc-preproc_bold_trim6TRs_centered-masked.nii.gz
220504-10:53:21,172 nipype.interface INFO:
	 stderr 2022-05-04T10:53:21.172806:++ 3dcalc: AFNI version=AFNI_18.2.04 (Jul  6 2018) [64-bit]
220504-10:53:21,173 nipype.interface INFO:
	 stderr 2022-05-04T10:53:21.172806:++ Authored by: A cast of thousands
220504-10:53:21,173 nipype.interface INFO:
	 stderr 2022-05-04T10:53:21.172806:** AFNI converts NIFTI_datatype=64 (FLOAT64) in file /projects/kuhl_lab/wanjiag/MONSTERA/derivatives/preprocess/sub-MONSTERA10/sub-MONSTERA10_task-01_space-T1w_desc-preproc_bold_trim6TRs.nii.gz to FLOAT32
220504-10:53:21,173 nipype.interface INFO:
	 stderr 2022-05-04T10:53:21.172806:     Warnings of this type will be muted for this session.
220504-10:53:21,173 nipype.interface INFO:
	 stderr 2022-05-04T10:53:21.172806:     Set AFNI_NIFTI_TYPE_WARN to YES to see them all, NO to see none.
220504-10:54:19,864 nipype.interface INFO:
	 stderr 2022-05-04T10:54:19.864790:++ Output dataset /projects/kuhl_lab/wanjiag/MONSTERA/derivatives/preprocess/sub-MONSTERA10/sub-MONSTERA10_task-01_space-T1w_desc-preproc_bold_trim6TRs_centered-masked.nii.gz
Centering data...output to /projects/kuhl_lab/wanjiag/MONSTERA/derivatives/preprocess/sub-MONSTERA10/sub-MONSTERA10_task-01_space-T1w_desc-preproc_bold_trim6TRs_centered-masked.nii.gz
triming data...
(81, 106, 78, 458)    (81, 106, 78, 452)
(1.702, 1.702, 1.7, 1.0)
[[  1.70200002   0.           0.         -69.60913849]
 [  0.           1.70200002   0.         -86.80347443]
 [  0.           0.           1.70000005 -44.51238251]
 [  0.           0.           0.           1.        ]]
triming data...output to /projects/kuhl_lab/wanjiag/MONSTERA/derivatives/preprocess/sub-MONSTERA10/sub-MONSTERA10_task-02_space-T1w_desc-preproc_bold_trim6TRs.nii.gz
calculating mean......
3dTstat -mean -prefix /projects/kuhl_lab/wanjiag/MONSTERA/derivatives/preprocess/sub-MONSTERA10/sub-MONSTERA10_task-02_space-T1w_desc-preproc_bold_trim6TRs_mean-img.nii.gz /projects/kuhl_lab/wanjiag/MONSTERA/derivatives/preprocess/sub-MONSTERA10/sub-MONSTERA10_task-02_space-T1w_desc-preproc_bold_trim6TRs.nii.gz
220504-10:55:14,727 nipype.interface INFO:
	 stderr 2022-05-04T10:55:14.727548:++ 3dTstat: AFNI version=AFNI_18.2.04 (Jul  6 2018) [64-bit]
220504-10:55:14,727 nipype.interface INFO:
	 stderr 2022-05-04T10:55:14.727548:++ Authored by: KR Hammett & RW Cox
220504-10:55:14,738 nipype.interface INFO:
	 stderr 2022-05-04T10:55:14.738777:** AFNI converts NIFTI_datatype=64 (FLOAT64) in file /projects/kuhl_lab/wanjiag/MONSTERA/derivatives/preprocess/sub-MONSTERA10/sub-MONSTERA10_task-02_space-T1w_desc-preproc_bold_trim6TRs.nii.gz to FLOAT32
220504-10:55:14,741 nipype.interface INFO:
	 stderr 2022-05-04T10:55:14.738777:     Warnings of this type will be muted for this session.
220504-10:55:14,741 nipype.interface INFO:
	 stderr 2022-05-04T10:55:14.738777:     Set AFNI_NIFTI_TYPE_WARN to YES to see them all, NO to see none.
220504-10:55:26,901 nipype.interface INFO:
	 stderr 2022-05-04T10:55:26.901791:++ Output dataset /projects/kuhl_lab/wanjiag/MONSTERA/derivatives/preprocess/sub-MONSTERA10/sub-MONSTERA10_task-02_space-T1w_desc-preproc_bold_trim6TRs_mean-img.nii.gz
calculating mean...output to /projects/kuhl_lab/wanjiag/MONSTERA/derivatives/preprocess/sub-MONSTERA10/sub-MONSTERA10_task-02_space-T1w_desc-preproc_bold_trim6TRs_mean-img.nii.gz
Centering data ......
3dcalc -a /projects/kuhl_lab/wanjiag/MONSTERA/derivatives/preprocess/sub-MONSTERA10/sub-MONSTERA10_task-02_space-T1w_desc-preproc_bold_trim6TRs.nii.gz -b /projects/kuhl_lab/wanjiag/MONSTERA/derivatives/preprocess/sub-MONSTERA10/sub-MONSTERA10_task-02_space-T1w_desc-preproc_bold_trim6TRs_mean-img.nii.gz -c /projects/kuhl_lab/wanjiag/MONSTERA/derivatives/preprocess/sub-MONSTERA10/sub-MONSTERA10_space-T1w_desc-brain_intersect_mask.nii.gz -expr "c * min(200, a/b*100)*step(a)*step(b)" -prefix /projects/kuhl_lab/wanjiag/MONSTERA/derivatives/preprocess/sub-MONSTERA10/sub-MONSTERA10_task-02_space-T1w_desc-preproc_bold_trim6TRs_centered-masked.nii.gz
220504-10:55:27,12 nipype.interface INFO:
	 stderr 2022-05-04T10:55:27.012795:++ 3dcalc: AFNI version=AFNI_18.2.04 (Jul  6 2018) [64-bit]
220504-10:55:27,13 nipype.interface INFO:
	 stderr 2022-05-04T10:55:27.012795:++ Authored by: A cast of thousands
220504-10:55:27,13 nipype.interface INFO:
	 stderr 2022-05-04T10:55:27.012795:** AFNI converts NIFTI_datatype=64 (FLOAT64) in file /projects/kuhl_lab/wanjiag/MONSTERA/derivatives/preprocess/sub-MONSTERA10/sub-MONSTERA10_task-02_space-T1w_desc-preproc_bold_trim6TRs.nii.gz to FLOAT32
220504-10:55:27,13 nipype.interface INFO:
	 stderr 2022-05-04T10:55:27.012795:     Warnings of this type will be muted for this session.
220504-10:55:27,13 nipype.interface INFO:
	 stderr 2022-05-04T10:55:27.012795:     Set AFNI_NIFTI_TYPE_WARN to YES to see them all, NO to see none.
220504-10:56:25,120 nipype.interface INFO:
	 stderr 2022-05-04T10:56:25.120396:++ Output dataset /projects/kuhl_lab/wanjiag/MONSTERA/derivatives/preprocess/sub-MONSTERA10/sub-MONSTERA10_task-02_space-T1w_desc-preproc_bold_trim6TRs_centered-masked.nii.gz
Centering data...output to /projects/kuhl_lab/wanjiag/MONSTERA/derivatives/preprocess/sub-MONSTERA10/sub-MONSTERA10_task-02_space-T1w_desc-preproc_bold_trim6TRs_centered-masked.nii.gz
triming data...
(81, 106, 78, 458)    (81, 106, 78, 452)
(1.702, 1.702, 1.7, 1.0)
[[  1.70200002   0.           0.         -69.60913849]
 [  0.           1.70200002   0.         -86.80347443]
 [  0.           0.           1.70000005 -44.51238251]
 [  0.           0.           0.           1.        ]]
triming data...output to /projects/kuhl_lab/wanjiag/MONSTERA/derivatives/preprocess/sub-MONSTERA10/sub-MONSTERA10_task-03_space-T1w_desc-preproc_bold_trim6TRs.nii.gz
calculating mean......
3dTstat -mean -prefix /projects/kuhl_lab/wanjiag/MONSTERA/derivatives/preprocess/sub-MONSTERA10/sub-MONSTERA10_task-03_space-T1w_desc-preproc_bold_trim6TRs_mean-img.nii.gz /projects/kuhl_lab/wanjiag/MONSTERA/derivatives/preprocess/sub-MONSTERA10/sub-MONSTERA10_task-03_space-T1w_desc-preproc_bold_trim6TRs.nii.gz
220504-10:57:19,687 nipype.interface INFO:
	 stderr 2022-05-04T10:57:19.687653:++ 3dTstat: AFNI version=AFNI_18.2.04 (Jul  6 2018) [64-bit]
220504-10:57:19,687 nipype.interface INFO:
	 stderr 2022-05-04T10:57:19.687653:++ Authored by: KR Hammett & RW Cox
220504-10:57:19,698 nipype.interface INFO:
	 stderr 2022-05-04T10:57:19.698794:** AFNI converts NIFTI_datatype=64 (FLOAT64) in file /projects/kuhl_lab/wanjiag/MONSTERA/derivatives/preprocess/sub-MONSTERA10/sub-MONSTERA10_task-03_space-T1w_desc-preproc_bold_trim6TRs.nii.gz to FLOAT32
220504-10:57:19,698 nipype.interface INFO:
	 stderr 2022-05-04T10:57:19.698794:     Warnings of this type will be muted for this session.
220504-10:57:19,698 nipype.interface INFO:
	 stderr 2022-05-04T10:57:19.698794:     Set AFNI_NIFTI_TYPE_WARN to YES to see them all, NO to see none.
220504-10:57:31,847 nipype.interface INFO:
	 stderr 2022-05-04T10:57:31.847780:++ Output dataset /projects/kuhl_lab/wanjiag/MONSTERA/derivatives/preprocess/sub-MONSTERA10/sub-MONSTERA10_task-03_space-T1w_desc-preproc_bold_trim6TRs_mean-img.nii.gz
calculating mean...output to /projects/kuhl_lab/wanjiag/MONSTERA/derivatives/preprocess/sub-MONSTERA10/sub-MONSTERA10_task-03_space-T1w_desc-preproc_bold_trim6TRs_mean-img.nii.gz
Centering data ......
3dcalc -a /projects/kuhl_lab/wanjiag/MONSTERA/derivatives/preprocess/sub-MONSTERA10/sub-MONSTERA10_task-03_space-T1w_desc-preproc_bold_trim6TRs.nii.gz -b /projects/kuhl_lab/wanjiag/MONSTERA/derivatives/preprocess/sub-MONSTERA10/sub-MONSTERA10_task-03_space-T1w_desc-preproc_bold_trim6TRs_mean-img.nii.gz -c /projects/kuhl_lab/wanjiag/MONSTERA/derivatives/preprocess/sub-MONSTERA10/sub-MONSTERA10_space-T1w_desc-brain_intersect_mask.nii.gz -expr "c * min(200, a/b*100)*step(a)*step(b)" -prefix /projects/kuhl_lab/wanjiag/MONSTERA/derivatives/preprocess/sub-MONSTERA10/sub-MONSTERA10_task-03_space-T1w_desc-preproc_bold_trim6TRs_centered-masked.nii.gz
220504-10:57:31,963 nipype.interface INFO:
	 stderr 2022-05-04T10:57:31.963810:++ 3dcalc: AFNI version=AFNI_18.2.04 (Jul  6 2018) [64-bit]
220504-10:57:31,964 nipype.interface INFO:
	 stderr 2022-05-04T10:57:31.963810:++ Authored by: A cast of thousands
220504-10:57:31,964 nipype.interface INFO:
	 stderr 2022-05-04T10:57:31.963810:** AFNI converts NIFTI_datatype=64 (FLOAT64) in file /projects/kuhl_lab/wanjiag/MONSTERA/derivatives/preprocess/sub-MONSTERA10/sub-MONSTERA10_task-03_space-T1w_desc-preproc_bold_trim6TRs.nii.gz to FLOAT32
220504-10:57:31,964 nipype.interface INFO:
	 stderr 2022-05-04T10:57:31.963810:     Warnings of this type will be muted for this session.
220504-10:57:31,964 nipype.interface INFO:
	 stderr 2022-05-04T10:57:31.963810:     Set AFNI_NIFTI_TYPE_WARN to YES to see them all, NO to see none.
220504-10:58:30,435 nipype.interface INFO:
	 stderr 2022-05-04T10:58:30.435034:++ Output dataset /projects/kuhl_lab/wanjiag/MONSTERA/derivatives/preprocess/sub-MONSTERA10/sub-MONSTERA10_task-03_space-T1w_desc-preproc_bold_trim6TRs_centered-masked.nii.gz
Centering data...output to /projects/kuhl_lab/wanjiag/MONSTERA/derivatives/preprocess/sub-MONSTERA10/sub-MONSTERA10_task-03_space-T1w_desc-preproc_bold_trim6TRs_centered-masked.nii.gz
triming data...
(81, 106, 78, 458)    (81, 106, 78, 452)
(1.702, 1.702, 1.7, 1.0)
[[  1.70200002   0.           0.         -69.60913849]
 [  0.           1.70200002   0.         -86.80347443]
 [  0.           0.           1.70000005 -44.51238251]
 [  0.           0.           0.           1.        ]]
triming data...output to /projects/kuhl_lab/wanjiag/MONSTERA/derivatives/preprocess/sub-MONSTERA10/sub-MONSTERA10_task-04_space-T1w_desc-preproc_bold_trim6TRs.nii.gz
calculating mean......
3dTstat -mean -prefix /projects/kuhl_lab/wanjiag/MONSTERA/derivatives/preprocess/sub-MONSTERA10/sub-MONSTERA10_task-04_space-T1w_desc-preproc_bold_trim6TRs_mean-img.nii.gz /projects/kuhl_lab/wanjiag/MONSTERA/derivatives/preprocess/sub-MONSTERA10/sub-MONSTERA10_task-04_space-T1w_desc-preproc_bold_trim6TRs.nii.gz
220504-10:59:25,74 nipype.interface INFO:
	 stderr 2022-05-04T10:59:25.074691:++ 3dTstat: AFNI version=AFNI_18.2.04 (Jul  6 2018) [64-bit]
220504-10:59:25,75 nipype.interface INFO:
	 stderr 2022-05-04T10:59:25.074691:++ Authored by: KR Hammett & RW Cox
220504-10:59:25,81 nipype.interface INFO:
	 stderr 2022-05-04T10:59:25.081772:** AFNI converts NIFTI_datatype=64 (FLOAT64) in file /projects/kuhl_lab/wanjiag/MONSTERA/derivatives/preprocess/sub-MONSTERA10/sub-MONSTERA10_task-04_space-T1w_desc-preproc_bold_trim6TRs.nii.gz to FLOAT32
220504-10:59:25,81 nipype.interface INFO:
	 stderr 2022-05-04T10:59:25.081772:     Warnings of this type will be muted for this session.
220504-10:59:25,81 nipype.interface INFO:
	 stderr 2022-05-04T10:59:25.081772:     Set AFNI_NIFTI_TYPE_WARN to YES to see them all, NO to see none.
220504-10:59:37,213 nipype.interface INFO:
	 stderr 2022-05-04T10:59:37.213785:++ Output dataset /projects/kuhl_lab/wanjiag/MONSTERA/derivatives/preprocess/sub-MONSTERA10/sub-MONSTERA10_task-04_space-T1w_desc-preproc_bold_trim6TRs_mean-img.nii.gz
calculating mean...output to /projects/kuhl_lab/wanjiag/MONSTERA/derivatives/preprocess/sub-MONSTERA10/sub-MONSTERA10_task-04_space-T1w_desc-preproc_bold_trim6TRs_mean-img.nii.gz
Centering data ......
3dcalc -a /projects/kuhl_lab/wanjiag/MONSTERA/derivatives/preprocess/sub-MONSTERA10/sub-MONSTERA10_task-04_space-T1w_desc-preproc_bold_trim6TRs.nii.gz -b /projects/kuhl_lab/wanjiag/MONSTERA/derivatives/preprocess/sub-MONSTERA10/sub-MONSTERA10_task-04_space-T1w_desc-preproc_bold_trim6TRs_mean-img.nii.gz -c /projects/kuhl_lab/wanjiag/MONSTERA/derivatives/preprocess/sub-MONSTERA10/sub-MONSTERA10_space-T1w_desc-brain_intersect_mask.nii.gz -expr "c * min(200, a/b*100)*step(a)*step(b)" -prefix /projects/kuhl_lab/wanjiag/MONSTERA/derivatives/preprocess/sub-MONSTERA10/sub-MONSTERA10_task-04_space-T1w_desc-preproc_bold_trim6TRs_centered-masked.nii.gz
220504-10:59:37,321 nipype.interface INFO:
	 stderr 2022-05-04T10:59:37.321099:++ 3dcalc: AFNI version=AFNI_18.2.04 (Jul  6 2018) [64-bit]
220504-10:59:37,321 nipype.interface INFO:
	 stderr 2022-05-04T10:59:37.321099:++ Authored by: A cast of thousands
220504-10:59:37,351 nipype.interface INFO:
	 stderr 2022-05-04T10:59:37.351779:** AFNI converts NIFTI_datatype=64 (FLOAT64) in file /projects/kuhl_lab/wanjiag/MONSTERA/derivatives/preprocess/sub-MONSTERA10/sub-MONSTERA10_task-04_space-T1w_desc-preproc_bold_trim6TRs.nii.gz to FLOAT32
220504-10:59:37,351 nipype.interface INFO:
	 stderr 2022-05-04T10:59:37.351779:     Warnings of this type will be muted for this session.
220504-10:59:37,351 nipype.interface INFO:
	 stderr 2022-05-04T10:59:37.351779:     Set AFNI_NIFTI_TYPE_WARN to YES to see them all, NO to see none.
220504-11:00:35,651 nipype.interface INFO:
	 stderr 2022-05-04T11:00:35.651050:++ Output dataset /projects/kuhl_lab/wanjiag/MONSTERA/derivatives/preprocess/sub-MONSTERA10/sub-MONSTERA10_task-04_space-T1w_desc-preproc_bold_trim6TRs_centered-masked.nii.gz
Centering data...output to /projects/kuhl_lab/wanjiag/MONSTERA/derivatives/preprocess/sub-MONSTERA10/sub-MONSTERA10_task-04_space-T1w_desc-preproc_bold_trim6TRs_centered-masked.nii.gz
triming data...
(81, 106, 78, 458)    (81, 106, 78, 452)
(1.702, 1.702, 1.7, 1.0)
[[  1.70200002   0.           0.         -69.60913849]
 [  0.           1.70200002   0.         -86.80347443]
 [  0.           0.           1.70000005 -44.51238251]
 [  0.           0.           0.           1.        ]]
triming data...output to /projects/kuhl_lab/wanjiag/MONSTERA/derivatives/preprocess/sub-MONSTERA10/sub-MONSTERA10_task-05_space-T1w_desc-preproc_bold_trim6TRs.nii.gz
calculating mean......
3dTstat -mean -prefix /projects/kuhl_lab/wanjiag/MONSTERA/derivatives/preprocess/sub-MONSTERA10/sub-MONSTERA10_task-05_space-T1w_desc-preproc_bold_trim6TRs_mean-img.nii.gz /projects/kuhl_lab/wanjiag/MONSTERA/derivatives/preprocess/sub-MONSTERA10/sub-MONSTERA10_task-05_space-T1w_desc-preproc_bold_trim6TRs.nii.gz
220504-11:01:30,528 nipype.interface INFO:
	 stderr 2022-05-04T11:01:30.528474:++ 3dTstat: AFNI version=AFNI_18.2.04 (Jul  6 2018) [64-bit]
220504-11:01:30,528 nipype.interface INFO:
	 stderr 2022-05-04T11:01:30.528474:++ Authored by: KR Hammett & RW Cox
220504-11:01:30,539 nipype.interface INFO:
	 stderr 2022-05-04T11:01:30.539784:** AFNI converts NIFTI_datatype=64 (FLOAT64) in file /projects/kuhl_lab/wanjiag/MONSTERA/derivatives/preprocess/sub-MONSTERA10/sub-MONSTERA10_task-05_space-T1w_desc-preproc_bold_trim6TRs.nii.gz to FLOAT32
220504-11:01:30,539 nipype.interface INFO:
	 stderr 2022-05-04T11:01:30.539784:     Warnings of this type will be muted for this session.
220504-11:01:30,539 nipype.interface INFO:
	 stderr 2022-05-04T11:01:30.539784:     Set AFNI_NIFTI_TYPE_WARN to YES to see them all, NO to see none.
220504-11:01:42,607 nipype.interface INFO:
	 stderr 2022-05-04T11:01:42.607792:++ Output dataset /projects/kuhl_lab/wanjiag/MONSTERA/derivatives/preprocess/sub-MONSTERA10/sub-MONSTERA10_task-05_space-T1w_desc-preproc_bold_trim6TRs_mean-img.nii.gz
calculating mean...output to /projects/kuhl_lab/wanjiag/MONSTERA/derivatives/preprocess/sub-MONSTERA10/sub-MONSTERA10_task-05_space-T1w_desc-preproc_bold_trim6TRs_mean-img.nii.gz
Centering data ......
3dcalc -a /projects/kuhl_lab/wanjiag/MONSTERA/derivatives/preprocess/sub-MONSTERA10/sub-MONSTERA10_task-05_space-T1w_desc-preproc_bold_trim6TRs.nii.gz -b /projects/kuhl_lab/wanjiag/MONSTERA/derivatives/preprocess/sub-MONSTERA10/sub-MONSTERA10_task-05_space-T1w_desc-preproc_bold_trim6TRs_mean-img.nii.gz -c /projects/kuhl_lab/wanjiag/MONSTERA/derivatives/preprocess/sub-MONSTERA10/sub-MONSTERA10_space-T1w_desc-brain_intersect_mask.nii.gz -expr "c * min(200, a/b*100)*step(a)*step(b)" -prefix /projects/kuhl_lab/wanjiag/MONSTERA/derivatives/preprocess/sub-MONSTERA10/sub-MONSTERA10_task-05_space-T1w_desc-preproc_bold_trim6TRs_centered-masked.nii.gz
220504-11:01:42,704 nipype.interface INFO:
	 stderr 2022-05-04T11:01:42.704926:++ 3dcalc: AFNI version=AFNI_18.2.04 (Jul  6 2018) [64-bit]
220504-11:01:42,705 nipype.interface INFO:
	 stderr 2022-05-04T11:01:42.704926:++ Authored by: A cast of thousands
220504-11:01:42,715 nipype.interface INFO:
	 stderr 2022-05-04T11:01:42.715777:** AFNI converts NIFTI_datatype=64 (FLOAT64) in file /projects/kuhl_lab/wanjiag/MONSTERA/derivatives/preprocess/sub-MONSTERA10/sub-MONSTERA10_task-05_space-T1w_desc-preproc_bold_trim6TRs.nii.gz to FLOAT32
220504-11:01:42,715 nipype.interface INFO:
	 stderr 2022-05-04T11:01:42.715777:     Warnings of this type will be muted for this session.
220504-11:01:42,715 nipype.interface INFO:
	 stderr 2022-05-04T11:01:42.715777:     Set AFNI_NIFTI_TYPE_WARN to YES to see them all, NO to see none.
220504-11:02:40,988 nipype.interface INFO:
	 stderr 2022-05-04T11:02:40.987994:++ Output dataset /projects/kuhl_lab/wanjiag/MONSTERA/derivatives/preprocess/sub-MONSTERA10/sub-MONSTERA10_task-05_space-T1w_desc-preproc_bold_trim6TRs_centered-masked.nii.gz
Centering data...output to /projects/kuhl_lab/wanjiag/MONSTERA/derivatives/preprocess/sub-MONSTERA10/sub-MONSTERA10_task-05_space-T1w_desc-preproc_bold_trim6TRs_centered-masked.nii.gz
triming data...
(81, 106, 78, 458)    (81, 106, 78, 452)
(1.702, 1.702, 1.7, 1.0)
[[  1.70200002   0.           0.         -69.60913849]
 [  0.           1.70200002   0.         -86.80347443]
 [  0.           0.           1.70000005 -44.51238251]
 [  0.           0.           0.           1.        ]]
triming data...output to /projects/kuhl_lab/wanjiag/MONSTERA/derivatives/preprocess/sub-MONSTERA10/sub-MONSTERA10_task-06_space-T1w_desc-preproc_bold_trim6TRs.nii.gz
calculating mean......
3dTstat -mean -prefix /projects/kuhl_lab/wanjiag/MONSTERA/derivatives/preprocess/sub-MONSTERA10/sub-MONSTERA10_task-06_space-T1w_desc-preproc_bold_trim6TRs_mean-img.nii.gz /projects/kuhl_lab/wanjiag/MONSTERA/derivatives/preprocess/sub-MONSTERA10/sub-MONSTERA10_task-06_space-T1w_desc-preproc_bold_trim6TRs.nii.gz
220504-11:03:35,914 nipype.interface INFO:
	 stderr 2022-05-04T11:03:35.914830:++ 3dTstat: AFNI version=AFNI_18.2.04 (Jul  6 2018) [64-bit]
220504-11:03:35,915 nipype.interface INFO:
	 stderr 2022-05-04T11:03:35.914830:++ Authored by: KR Hammett & RW Cox
220504-11:03:35,925 nipype.interface INFO:
	 stderr 2022-05-04T11:03:35.925778:** AFNI converts NIFTI_datatype=64 (FLOAT64) in file /projects/kuhl_lab/wanjiag/MONSTERA/derivatives/preprocess/sub-MONSTERA10/sub-MONSTERA10_task-06_space-T1w_desc-preproc_bold_trim6TRs.nii.gz to FLOAT32
220504-11:03:35,925 nipype.interface INFO:
	 stderr 2022-05-04T11:03:35.925778:     Warnings of this type will be muted for this session.
220504-11:03:35,925 nipype.interface INFO:
	 stderr 2022-05-04T11:03:35.925778:     Set AFNI_NIFTI_TYPE_WARN to YES to see them all, NO to see none.
220504-11:03:48,34 nipype.interface INFO:
	 stderr 2022-05-04T11:03:48.034782:++ Output dataset /projects/kuhl_lab/wanjiag/MONSTERA/derivatives/preprocess/sub-MONSTERA10/sub-MONSTERA10_task-06_space-T1w_desc-preproc_bold_trim6TRs_mean-img.nii.gz
calculating mean...output to /projects/kuhl_lab/wanjiag/MONSTERA/derivatives/preprocess/sub-MONSTERA10/sub-MONSTERA10_task-06_space-T1w_desc-preproc_bold_trim6TRs_mean-img.nii.gz
Centering data ......
3dcalc -a /projects/kuhl_lab/wanjiag/MONSTERA/derivatives/preprocess/sub-MONSTERA10/sub-MONSTERA10_task-06_space-T1w_desc-preproc_bold_trim6TRs.nii.gz -b /projects/kuhl_lab/wanjiag/MONSTERA/derivatives/preprocess/sub-MONSTERA10/sub-MONSTERA10_task-06_space-T1w_desc-preproc_bold_trim6TRs_mean-img.nii.gz -c /projects/kuhl_lab/wanjiag/MONSTERA/derivatives/preprocess/sub-MONSTERA10/sub-MONSTERA10_space-T1w_desc-brain_intersect_mask.nii.gz -expr "c * min(200, a/b*100)*step(a)*step(b)" -prefix /projects/kuhl_lab/wanjiag/MONSTERA/derivatives/preprocess/sub-MONSTERA10/sub-MONSTERA10_task-06_space-T1w_desc-preproc_bold_trim6TRs_centered-masked.nii.gz
220504-11:03:48,149 nipype.interface INFO:
	 stderr 2022-05-04T11:03:48.149789:++ 3dcalc: AFNI version=AFNI_18.2.04 (Jul  6 2018) [64-bit]
220504-11:03:48,150 nipype.interface INFO:
	 stderr 2022-05-04T11:03:48.149789:++ Authored by: A cast of thousands
220504-11:03:48,150 nipype.interface INFO:
	 stderr 2022-05-04T11:03:48.149789:** AFNI converts NIFTI_datatype=64 (FLOAT64) in file /projects/kuhl_lab/wanjiag/MONSTERA/derivatives/preprocess/sub-MONSTERA10/sub-MONSTERA10_task-06_space-T1w_desc-preproc_bold_trim6TRs.nii.gz to FLOAT32
220504-11:03:48,150 nipype.interface INFO:
	 stderr 2022-05-04T11:03:48.149789:     Warnings of this type will be muted for this session.
220504-11:03:48,150 nipype.interface INFO:
	 stderr 2022-05-04T11:03:48.149789:     Set AFNI_NIFTI_TYPE_WARN to YES to see them all, NO to see none.
220504-11:04:47,455 nipype.interface INFO:
	 stderr 2022-05-04T11:04:47.455906:++ Output dataset /projects/kuhl_lab/wanjiag/MONSTERA/derivatives/preprocess/sub-MONSTERA10/sub-MONSTERA10_task-06_space-T1w_desc-preproc_bold_trim6TRs_centered-masked.nii.gz
Centering data...output to /projects/kuhl_lab/wanjiag/MONSTERA/derivatives/preprocess/sub-MONSTERA10/sub-MONSTERA10_task-06_space-T1w_desc-preproc_bold_trim6TRs_centered-masked.nii.gz
triming data...
(81, 106, 78, 458)    (81, 106, 78, 452)
(1.702, 1.702, 1.7, 1.0)
[[  1.70200002   0.           0.         -69.60913849]
 [  0.           1.70200002   0.         -86.80347443]
 [  0.           0.           1.70000005 -44.51238251]
 [  0.           0.           0.           1.        ]]
triming data...output to /projects/kuhl_lab/wanjiag/MONSTERA/derivatives/preprocess/sub-MONSTERA10/sub-MONSTERA10_task-07_space-T1w_desc-preproc_bold_trim6TRs.nii.gz
calculating mean......
3dTstat -mean -prefix /projects/kuhl_lab/wanjiag/MONSTERA/derivatives/preprocess/sub-MONSTERA10/sub-MONSTERA10_task-07_space-T1w_desc-preproc_bold_trim6TRs_mean-img.nii.gz /projects/kuhl_lab/wanjiag/MONSTERA/derivatives/preprocess/sub-MONSTERA10/sub-MONSTERA10_task-07_space-T1w_desc-preproc_bold_trim6TRs.nii.gz
220504-11:05:42,348 nipype.interface INFO:
	 stderr 2022-05-04T11:05:42.348355:++ 3dTstat: AFNI version=AFNI_18.2.04 (Jul  6 2018) [64-bit]
220504-11:05:42,348 nipype.interface INFO:
	 stderr 2022-05-04T11:05:42.348355:++ Authored by: KR Hammett & RW Cox
220504-11:05:42,358 nipype.interface INFO:
	 stderr 2022-05-04T11:05:42.358777:** AFNI converts NIFTI_datatype=64 (FLOAT64) in file /projects/kuhl_lab/wanjiag/MONSTERA/derivatives/preprocess/sub-MONSTERA10/sub-MONSTERA10_task-07_space-T1w_desc-preproc_bold_trim6TRs.nii.gz to FLOAT32
220504-11:05:42,358 nipype.interface INFO:
	 stderr 2022-05-04T11:05:42.358777:     Warnings of this type will be muted for this session.
220504-11:05:42,358 nipype.interface INFO:
	 stderr 2022-05-04T11:05:42.358777:     Set AFNI_NIFTI_TYPE_WARN to YES to see them all, NO to see none.
220504-11:05:54,451 nipype.interface INFO:
	 stderr 2022-05-04T11:05:54.451794:++ Output dataset /projects/kuhl_lab/wanjiag/MONSTERA/derivatives/preprocess/sub-MONSTERA10/sub-MONSTERA10_task-07_space-T1w_desc-preproc_bold_trim6TRs_mean-img.nii.gz
calculating mean...output to /projects/kuhl_lab/wanjiag/MONSTERA/derivatives/preprocess/sub-MONSTERA10/sub-MONSTERA10_task-07_space-T1w_desc-preproc_bold_trim6TRs_mean-img.nii.gz
Centering data ......
3dcalc -a /projects/kuhl_lab/wanjiag/MONSTERA/derivatives/preprocess/sub-MONSTERA10/sub-MONSTERA10_task-07_space-T1w_desc-preproc_bold_trim6TRs.nii.gz -b /projects/kuhl_lab/wanjiag/MONSTERA/derivatives/preprocess/sub-MONSTERA10/sub-MONSTERA10_task-07_space-T1w_desc-preproc_bold_trim6TRs_mean-img.nii.gz -c /projects/kuhl_lab/wanjiag/MONSTERA/derivatives/preprocess/sub-MONSTERA10/sub-MONSTERA10_space-T1w_desc-brain_intersect_mask.nii.gz -expr "c * min(200, a/b*100)*step(a)*step(b)" -prefix /projects/kuhl_lab/wanjiag/MONSTERA/derivatives/preprocess/sub-MONSTERA10/sub-MONSTERA10_task-07_space-T1w_desc-preproc_bold_trim6TRs_centered-masked.nii.gz
220504-11:05:54,556 nipype.interface INFO:
	 stderr 2022-05-04T11:05:54.556792:++ 3dcalc: AFNI version=AFNI_18.2.04 (Jul  6 2018) [64-bit]
220504-11:05:54,557 nipype.interface INFO:
	 stderr 2022-05-04T11:05:54.556792:++ Authored by: A cast of thousands
220504-11:05:54,557 nipype.interface INFO:
	 stderr 2022-05-04T11:05:54.556792:** AFNI converts NIFTI_datatype=64 (FLOAT64) in file /projects/kuhl_lab/wanjiag/MONSTERA/derivatives/preprocess/sub-MONSTERA10/sub-MONSTERA10_task-07_space-T1w_desc-preproc_bold_trim6TRs.nii.gz to FLOAT32
220504-11:05:54,557 nipype.interface INFO:
	 stderr 2022-05-04T11:05:54.556792:     Warnings of this type will be muted for this session.
220504-11:05:54,557 nipype.interface INFO:
	 stderr 2022-05-04T11:05:54.556792:     Set AFNI_NIFTI_TYPE_WARN to YES to see them all, NO to see none.
220504-11:06:53,383 nipype.interface INFO:
	 stderr 2022-05-04T11:06:53.383290:++ Output dataset /projects/kuhl_lab/wanjiag/MONSTERA/derivatives/preprocess/sub-MONSTERA10/sub-MONSTERA10_task-07_space-T1w_desc-preproc_bold_trim6TRs_centered-masked.nii.gz
Centering data...output to /projects/kuhl_lab/wanjiag/MONSTERA/derivatives/preprocess/sub-MONSTERA10/sub-MONSTERA10_task-07_space-T1w_desc-preproc_bold_trim6TRs_centered-masked.nii.gz
triming data...
(81, 106, 78, 458)    (81, 106, 78, 452)
(1.702, 1.702, 1.7, 1.0)
[[  1.70200002   0.           0.         -69.60913849]
 [  0.           1.70200002   0.         -86.80347443]
 [  0.           0.           1.70000005 -44.51238251]
 [  0.           0.           0.           1.        ]]
triming data...output to /projects/kuhl_lab/wanjiag/MONSTERA/derivatives/preprocess/sub-MONSTERA10/sub-MONSTERA10_task-08_space-T1w_desc-preproc_bold_trim6TRs.nii.gz
calculating mean......
3dTstat -mean -prefix /projects/kuhl_lab/wanjiag/MONSTERA/derivatives/preprocess/sub-MONSTERA10/sub-MONSTERA10_task-08_space-T1w_desc-preproc_bold_trim6TRs_mean-img.nii.gz /projects/kuhl_lab/wanjiag/MONSTERA/derivatives/preprocess/sub-MONSTERA10/sub-MONSTERA10_task-08_space-T1w_desc-preproc_bold_trim6TRs.nii.gz
220504-11:07:48,425 nipype.interface INFO:
	 stderr 2022-05-04T11:07:48.425569:++ 3dTstat: AFNI version=AFNI_18.2.04 (Jul  6 2018) [64-bit]
220504-11:07:48,425 nipype.interface INFO:
	 stderr 2022-05-04T11:07:48.425569:++ Authored by: KR Hammett & RW Cox
220504-11:07:48,436 nipype.interface INFO:
	 stderr 2022-05-04T11:07:48.436780:** AFNI converts NIFTI_datatype=64 (FLOAT64) in file /projects/kuhl_lab/wanjiag/MONSTERA/derivatives/preprocess/sub-MONSTERA10/sub-MONSTERA10_task-08_space-T1w_desc-preproc_bold_trim6TRs.nii.gz to FLOAT32
220504-11:07:48,436 nipype.interface INFO:
	 stderr 2022-05-04T11:07:48.436780:     Warnings of this type will be muted for this session.
220504-11:07:48,436 nipype.interface INFO:
	 stderr 2022-05-04T11:07:48.436780:     Set AFNI_NIFTI_TYPE_WARN to YES to see them all, NO to see none.
220504-11:08:00,596 nipype.interface INFO:
	 stderr 2022-05-04T11:08:00.596808:++ Output dataset /projects/kuhl_lab/wanjiag/MONSTERA/derivatives/preprocess/sub-MONSTERA10/sub-MONSTERA10_task-08_space-T1w_desc-preproc_bold_trim6TRs_mean-img.nii.gz
calculating mean...output to /projects/kuhl_lab/wanjiag/MONSTERA/derivatives/preprocess/sub-MONSTERA10/sub-MONSTERA10_task-08_space-T1w_desc-preproc_bold_trim6TRs_mean-img.nii.gz
Centering data ......
3dcalc -a /projects/kuhl_lab/wanjiag/MONSTERA/derivatives/preprocess/sub-MONSTERA10/sub-MONSTERA10_task-08_space-T1w_desc-preproc_bold_trim6TRs.nii.gz -b /projects/kuhl_lab/wanjiag/MONSTERA/derivatives/preprocess/sub-MONSTERA10/sub-MONSTERA10_task-08_space-T1w_desc-preproc_bold_trim6TRs_mean-img.nii.gz -c /projects/kuhl_lab/wanjiag/MONSTERA/derivatives/preprocess/sub-MONSTERA10/sub-MONSTERA10_space-T1w_desc-brain_intersect_mask.nii.gz -expr "c * min(200, a/b*100)*step(a)*step(b)" -prefix /projects/kuhl_lab/wanjiag/MONSTERA/derivatives/preprocess/sub-MONSTERA10/sub-MONSTERA10_task-08_space-T1w_desc-preproc_bold_trim6TRs_centered-masked.nii.gz
220504-11:08:00,703 nipype.interface INFO:
	 stderr 2022-05-04T11:08:00.703308:++ 3dcalc: AFNI version=AFNI_18.2.04 (Jul  6 2018) [64-bit]
220504-11:08:00,703 nipype.interface INFO:
	 stderr 2022-05-04T11:08:00.703308:++ Authored by: A cast of thousands
220504-11:08:00,713 nipype.interface INFO:
	 stderr 2022-05-04T11:08:00.713776:** AFNI converts NIFTI_datatype=64 (FLOAT64) in file /projects/kuhl_lab/wanjiag/MONSTERA/derivatives/preprocess/sub-MONSTERA10/sub-MONSTERA10_task-08_space-T1w_desc-preproc_bold_trim6TRs.nii.gz to FLOAT32
220504-11:08:00,713 nipype.interface INFO:
	 stderr 2022-05-04T11:08:00.713776:     Warnings of this type will be muted for this session.
220504-11:08:00,713 nipype.interface INFO:
	 stderr 2022-05-04T11:08:00.713776:     Set AFNI_NIFTI_TYPE_WARN to YES to see them all, NO to see none.
220504-11:08:59,143 nipype.interface INFO:
	 stderr 2022-05-04T11:08:59.142958:++ Output dataset /projects/kuhl_lab/wanjiag/MONSTERA/derivatives/preprocess/sub-MONSTERA10/sub-MONSTERA10_task-08_space-T1w_desc-preproc_bold_trim6TRs_centered-masked.nii.gz
Centering data...output to /projects/kuhl_lab/wanjiag/MONSTERA/derivatives/preprocess/sub-MONSTERA10/sub-MONSTERA10_task-08_space-T1w_desc-preproc_bold_trim6TRs_centered-masked.nii.gz
triming data...
(81, 106, 78, 458)    (81, 106, 78, 452)
(1.702, 1.702, 1.7, 1.0)
[[  1.70200002   0.           0.         -69.60913849]
 [  0.           1.70200002   0.         -86.80347443]
 [  0.           0.           1.70000005 -44.51238251]
 [  0.           0.           0.           1.        ]]
triming data...output to /projects/kuhl_lab/wanjiag/MONSTERA/derivatives/preprocess/sub-MONSTERA10/sub-MONSTERA10_task-09_space-T1w_desc-preproc_bold_trim6TRs.nii.gz
calculating mean......
3dTstat -mean -prefix /projects/kuhl_lab/wanjiag/MONSTERA/derivatives/preprocess/sub-MONSTERA10/sub-MONSTERA10_task-09_space-T1w_desc-preproc_bold_trim6TRs_mean-img.nii.gz /projects/kuhl_lab/wanjiag/MONSTERA/derivatives/preprocess/sub-MONSTERA10/sub-MONSTERA10_task-09_space-T1w_desc-preproc_bold_trim6TRs.nii.gz
220504-11:09:53,589 nipype.interface INFO:
	 stderr 2022-05-04T11:09:53.589137:++ 3dTstat: AFNI version=AFNI_18.2.04 (Jul  6 2018) [64-bit]
220504-11:09:53,589 nipype.interface INFO:
	 stderr 2022-05-04T11:09:53.589137:++ Authored by: KR Hammett & RW Cox
220504-11:09:53,598 nipype.interface INFO:
	 stderr 2022-05-04T11:09:53.598799:** AFNI converts NIFTI_datatype=64 (FLOAT64) in file /projects/kuhl_lab/wanjiag/MONSTERA/derivatives/preprocess/sub-MONSTERA10/sub-MONSTERA10_task-09_space-T1w_desc-preproc_bold_trim6TRs.nii.gz to FLOAT32
220504-11:09:53,598 nipype.interface INFO:
	 stderr 2022-05-04T11:09:53.598799:     Warnings of this type will be muted for this session.
220504-11:09:53,598 nipype.interface INFO:
	 stderr 2022-05-04T11:09:53.598799:     Set AFNI_NIFTI_TYPE_WARN to YES to see them all, NO to see none.
220504-11:10:05,786 nipype.interface INFO:
	 stderr 2022-05-04T11:10:05.786093:++ Output dataset /projects/kuhl_lab/wanjiag/MONSTERA/derivatives/preprocess/sub-MONSTERA10/sub-MONSTERA10_task-09_space-T1w_desc-preproc_bold_trim6TRs_mean-img.nii.gz
calculating mean...output to /projects/kuhl_lab/wanjiag/MONSTERA/derivatives/preprocess/sub-MONSTERA10/sub-MONSTERA10_task-09_space-T1w_desc-preproc_bold_trim6TRs_mean-img.nii.gz
Centering data ......
3dcalc -a /projects/kuhl_lab/wanjiag/MONSTERA/derivatives/preprocess/sub-MONSTERA10/sub-MONSTERA10_task-09_space-T1w_desc-preproc_bold_trim6TRs.nii.gz -b /projects/kuhl_lab/wanjiag/MONSTERA/derivatives/preprocess/sub-MONSTERA10/sub-MONSTERA10_task-09_space-T1w_desc-preproc_bold_trim6TRs_mean-img.nii.gz -c /projects/kuhl_lab/wanjiag/MONSTERA/derivatives/preprocess/sub-MONSTERA10/sub-MONSTERA10_space-T1w_desc-brain_intersect_mask.nii.gz -expr "c * min(200, a/b*100)*step(a)*step(b)" -prefix /projects/kuhl_lab/wanjiag/MONSTERA/derivatives/preprocess/sub-MONSTERA10/sub-MONSTERA10_task-09_space-T1w_desc-preproc_bold_trim6TRs_centered-masked.nii.gz
220504-11:10:05,883 nipype.interface INFO:
	 stderr 2022-05-04T11:10:05.883444:++ 3dcalc: AFNI version=AFNI_18.2.04 (Jul  6 2018) [64-bit]
220504-11:10:05,883 nipype.interface INFO:
	 stderr 2022-05-04T11:10:05.883444:++ Authored by: A cast of thousands
220504-11:10:05,894 nipype.interface INFO:
	 stderr 2022-05-04T11:10:05.894778:** AFNI converts NIFTI_datatype=64 (FLOAT64) in file /projects/kuhl_lab/wanjiag/MONSTERA/derivatives/preprocess/sub-MONSTERA10/sub-MONSTERA10_task-09_space-T1w_desc-preproc_bold_trim6TRs.nii.gz to FLOAT32
220504-11:10:05,894 nipype.interface INFO:
	 stderr 2022-05-04T11:10:05.894778:     Warnings of this type will be muted for this session.
220504-11:10:05,894 nipype.interface INFO:
	 stderr 2022-05-04T11:10:05.894778:     Set AFNI_NIFTI_TYPE_WARN to YES to see them all, NO to see none.
220504-11:11:04,360 nipype.interface INFO:
	 stderr 2022-05-04T11:11:04.360115:++ Output dataset /projects/kuhl_lab/wanjiag/MONSTERA/derivatives/preprocess/sub-MONSTERA10/sub-MONSTERA10_task-09_space-T1w_desc-preproc_bold_trim6TRs_centered-masked.nii.gz
Centering data...output to /projects/kuhl_lab/wanjiag/MONSTERA/derivatives/preprocess/sub-MONSTERA10/sub-MONSTERA10_task-09_space-T1w_desc-preproc_bold_trim6TRs_centered-masked.nii.gz
triming data...
(81, 106, 78, 458)    (81, 106, 78, 452)
(1.702, 1.702, 1.7, 1.0)
[[  1.70200002   0.           0.         -69.60913849]
 [  0.           1.70200002   0.         -86.80347443]
 [  0.           0.           1.70000005 -44.51238251]
 [  0.           0.           0.           1.        ]]
triming data...output to /projects/kuhl_lab/wanjiag/MONSTERA/derivatives/preprocess/sub-MONSTERA10/sub-MONSTERA10_task-10_space-T1w_desc-preproc_bold_trim6TRs.nii.gz
calculating mean......
3dTstat -mean -prefix /projects/kuhl_lab/wanjiag/MONSTERA/derivatives/preprocess/sub-MONSTERA10/sub-MONSTERA10_task-10_space-T1w_desc-preproc_bold_trim6TRs_mean-img.nii.gz /projects/kuhl_lab/wanjiag/MONSTERA/derivatives/preprocess/sub-MONSTERA10/sub-MONSTERA10_task-10_space-T1w_desc-preproc_bold_trim6TRs.nii.gz
220504-11:11:59,262 nipype.interface INFO:
	 stderr 2022-05-04T11:11:59.262247:++ 3dTstat: AFNI version=AFNI_18.2.04 (Jul  6 2018) [64-bit]
220504-11:11:59,262 nipype.interface INFO:
	 stderr 2022-05-04T11:11:59.262247:++ Authored by: KR Hammett & RW Cox
220504-11:11:59,272 nipype.interface INFO:
	 stderr 2022-05-04T11:11:59.272779:** AFNI converts NIFTI_datatype=64 (FLOAT64) in file /projects/kuhl_lab/wanjiag/MONSTERA/derivatives/preprocess/sub-MONSTERA10/sub-MONSTERA10_task-10_space-T1w_desc-preproc_bold_trim6TRs.nii.gz to FLOAT32
220504-11:11:59,272 nipype.interface INFO:
	 stderr 2022-05-04T11:11:59.272779:     Warnings of this type will be muted for this session.
220504-11:11:59,272 nipype.interface INFO:
	 stderr 2022-05-04T11:11:59.272779:     Set AFNI_NIFTI_TYPE_WARN to YES to see them all, NO to see none.
220504-11:12:11,372 nipype.interface INFO:
	 stderr 2022-05-04T11:12:11.372812:++ Output dataset /projects/kuhl_lab/wanjiag/MONSTERA/derivatives/preprocess/sub-MONSTERA10/sub-MONSTERA10_task-10_space-T1w_desc-preproc_bold_trim6TRs_mean-img.nii.gz
calculating mean...output to /projects/kuhl_lab/wanjiag/MONSTERA/derivatives/preprocess/sub-MONSTERA10/sub-MONSTERA10_task-10_space-T1w_desc-preproc_bold_trim6TRs_mean-img.nii.gz
Centering data ......
3dcalc -a /projects/kuhl_lab/wanjiag/MONSTERA/derivatives/preprocess/sub-MONSTERA10/sub-MONSTERA10_task-10_space-T1w_desc-preproc_bold_trim6TRs.nii.gz -b /projects/kuhl_lab/wanjiag/MONSTERA/derivatives/preprocess/sub-MONSTERA10/sub-MONSTERA10_task-10_space-T1w_desc-preproc_bold_trim6TRs_mean-img.nii.gz -c /projects/kuhl_lab/wanjiag/MONSTERA/derivatives/preprocess/sub-MONSTERA10/sub-MONSTERA10_space-T1w_desc-brain_intersect_mask.nii.gz -expr "c * min(200, a/b*100)*step(a)*step(b)" -prefix /projects/kuhl_lab/wanjiag/MONSTERA/derivatives/preprocess/sub-MONSTERA10/sub-MONSTERA10_task-10_space-T1w_desc-preproc_bold_trim6TRs_centered-masked.nii.gz
220504-11:12:11,489 nipype.interface INFO:
	 stderr 2022-05-04T11:12:11.489806:++ 3dcalc: AFNI version=AFNI_18.2.04 (Jul  6 2018) [64-bit]
220504-11:12:11,490 nipype.interface INFO:
	 stderr 2022-05-04T11:12:11.489806:++ Authored by: A cast of thousands
220504-11:12:11,490 nipype.interface INFO:
	 stderr 2022-05-04T11:12:11.489806:** AFNI converts NIFTI_datatype=64 (FLOAT64) in file /projects/kuhl_lab/wanjiag/MONSTERA/derivatives/preprocess/sub-MONSTERA10/sub-MONSTERA10_task-10_space-T1w_desc-preproc_bold_trim6TRs.nii.gz to FLOAT32
220504-11:12:11,490 nipype.interface INFO:
	 stderr 2022-05-04T11:12:11.489806:     Warnings of this type will be muted for this session.
220504-11:12:11,490 nipype.interface INFO:
	 stderr 2022-05-04T11:12:11.489806:     Set AFNI_NIFTI_TYPE_WARN to YES to see them all, NO to see none.
220504-11:13:09,766 nipype.interface INFO:
	 stderr 2022-05-04T11:13:09.766120:++ Output dataset /projects/kuhl_lab/wanjiag/MONSTERA/derivatives/preprocess/sub-MONSTERA10/sub-MONSTERA10_task-10_space-T1w_desc-preproc_bold_trim6TRs_centered-masked.nii.gz
Centering data...output to /projects/kuhl_lab/wanjiag/MONSTERA/derivatives/preprocess/sub-MONSTERA10/sub-MONSTERA10_task-10_space-T1w_desc-preproc_bold_trim6TRs_centered-masked.nii.gz
