['sub-MONSTERA01', 'sub-MONSTERA02', 'sub-MONSTERA03', 'sub-MONSTERA04', 'sub-MONSTERA05', 'sub-MONSTERA06', 'sub-MONSTERA07', 'sub-MONSTERA08', 'sub-MONSTERA09', 'sub-MONSTERA10', 'sub-MONSTERA11', 'sub-MONSTERA12', 'sub-MONSTERA13', 'sub-MONSTERA14', 'sub-MONSTERA15']
sub-MONSTERA01
calculating mask intersection...
-------------------- Mask file existed for sub-MONSTERA01. Skipped. --------------------
-------------------- file existed for: sub-MONSTERA01 task-01. Skipped. --------------------
-------------------- file existed for: sub-MONSTERA01 task-02. Skipped. --------------------
-------------------- file existed for: sub-MONSTERA01 task-03. Skipped. --------------------
-------------------- file existed for: sub-MONSTERA01 task-04. Skipped. --------------------
-------------------- file existed for: sub-MONSTERA01 task-05. Skipped. --------------------
-------------------- file existed for: sub-MONSTERA01 task-06. Skipped. --------------------
-------------------- file existed for: sub-MONSTERA01 task-07. Skipped. --------------------
-------------------- file existed for: sub-MONSTERA01 task-08. Skipped. --------------------
-------------------- file existed for: sub-MONSTERA01 task-09. Skipped. --------------------
-------------------- file existed for: sub-MONSTERA01 task-10. Skipped. --------------------
sub-MONSTERA02
calculating mask intersection...
-------------------- Mask file existed for sub-MONSTERA02. Skipped. --------------------
-------------------- file existed for: sub-MONSTERA02 task-01. Skipped. --------------------
-------------------- file existed for: sub-MONSTERA02 task-02. Skipped. --------------------
-------------------- file existed for: sub-MONSTERA02 task-03. Skipped. --------------------
-------------------- file existed for: sub-MONSTERA02 task-04. Skipped. --------------------
-------------------- file existed for: sub-MONSTERA02 task-05. Skipped. --------------------
-------------------- file existed for: sub-MONSTERA02 task-06. Skipped. --------------------
-------------------- file existed for: sub-MONSTERA02 task-07. Skipped. --------------------
-------------------- file existed for: sub-MONSTERA02 task-08. Skipped. --------------------
-------------------- file existed for: sub-MONSTERA02 task-09. Skipped. --------------------
-------------------- file existed for: sub-MONSTERA02 task-10. Skipped. --------------------
sub-MONSTERA03
calculating mask intersection...
-------------------- Mask file existed for sub-MONSTERA03. Skipped. --------------------
-------------------- file existed for: sub-MONSTERA03 task-01. Skipped. --------------------
-------------------- file existed for: sub-MONSTERA03 task-02. Skipped. --------------------
-------------------- file existed for: sub-MONSTERA03 task-03. Skipped. --------------------
-------------------- file existed for: sub-MONSTERA03 task-04. Skipped. --------------------
-------------------- file existed for: sub-MONSTERA03 task-05. Skipped. --------------------
-------------------- file existed for: sub-MONSTERA03 task-06. Skipped. --------------------
-------------------- file existed for: sub-MONSTERA03 task-07. Skipped. --------------------
-------------------- file existed for: sub-MONSTERA03 task-08. Skipped. --------------------
-------------------- file existed for: sub-MONSTERA03 task-09. Skipped. --------------------
-------------------- file existed for: sub-MONSTERA03 task-10. Skipped. --------------------
sub-MONSTERA04
calculating mask intersection...
-------------------- Mask file existed for sub-MONSTERA04. Skipped. --------------------
-------------------- file existed for: sub-MONSTERA04 task-01. Skipped. --------------------
-------------------- file existed for: sub-MONSTERA04 task-02. Skipped. --------------------
-------------------- file existed for: sub-MONSTERA04 task-03. Skipped. --------------------
-------------------- file existed for: sub-MONSTERA04 task-04. Skipped. --------------------
-------------------- file existed for: sub-MONSTERA04 task-05. Skipped. --------------------
-------------------- file existed for: sub-MONSTERA04 task-06. Skipped. --------------------
-------------------- file existed for: sub-MONSTERA04 task-07. Skipped. --------------------
-------------------- file existed for: sub-MONSTERA04 task-08. Skipped. --------------------
-------------------- file existed for: sub-MONSTERA04 task-09. Skipped. --------------------
-------------------- file existed for: sub-MONSTERA04 task-10. Skipped. --------------------
sub-MONSTERA05
calculating mask intersection...
-------------------- Mask file existed for sub-MONSTERA05. Skipped. --------------------
-------------------- file existed for: sub-MONSTERA05 task-01. Skipped. --------------------
-------------------- file existed for: sub-MONSTERA05 task-02. Skipped. --------------------
-------------------- file existed for: sub-MONSTERA05 task-03. Skipped. --------------------
-------------------- file existed for: sub-MONSTERA05 task-04. Skipped. --------------------
-------------------- file existed for: sub-MONSTERA05 task-05. Skipped. --------------------
-------------------- file existed for: sub-MONSTERA05 task-06. Skipped. --------------------
-------------------- file existed for: sub-MONSTERA05 task-07. Skipped. --------------------
-------------------- file existed for: sub-MONSTERA05 task-08. Skipped. --------------------
-------------------- file existed for: sub-MONSTERA05 task-09. Skipped. --------------------
-------------------- file existed for: sub-MONSTERA05 task-10. Skipped. --------------------
sub-MONSTERA06
calculating mask intersection...
-------------------- Mask file existed for sub-MONSTERA06. Skipped. --------------------
-------------------- file existed for: sub-MONSTERA06 task-01. Skipped. --------------------
-------------------- file existed for: sub-MONSTERA06 task-02. Skipped. --------------------
-------------------- file existed for: sub-MONSTERA06 task-03. Skipped. --------------------
-------------------- file existed for: sub-MONSTERA06 task-04. Skipped. --------------------
-------------------- file existed for: sub-MONSTERA06 task-05. Skipped. --------------------
-------------------- file existed for: sub-MONSTERA06 task-06. Skipped. --------------------
-------------------- file existed for: sub-MONSTERA06 task-07. Skipped. --------------------
-------------------- file existed for: sub-MONSTERA06 task-08. Skipped. --------------------
-------------------- file existed for: sub-MONSTERA06 task-09. Skipped. --------------------
-------------------- file existed for: sub-MONSTERA06 task-10. Skipped. --------------------
sub-MONSTERA07
calculating mask intersection...
-------------------- Mask file existed for sub-MONSTERA07. Skipped. --------------------
-------------------- file existed for: sub-MONSTERA07 task-01. Skipped. --------------------
-------------------- file existed for: sub-MONSTERA07 task-02. Skipped. --------------------
-------------------- file existed for: sub-MONSTERA07 task-03. Skipped. --------------------
-------------------- file existed for: sub-MONSTERA07 task-04. Skipped. --------------------
-------------------- file existed for: sub-MONSTERA07 task-05. Skipped. --------------------
-------------------- file existed for: sub-MONSTERA07 task-06. Skipped. --------------------
-------------------- file existed for: sub-MONSTERA07 task-07. Skipped. --------------------
-------------------- file existed for: sub-MONSTERA07 task-08. Skipped. --------------------
-------------------- file existed for: sub-MONSTERA07 task-09. Skipped. --------------------
-------------------- file existed for: sub-MONSTERA07 task-10. Skipped. --------------------
sub-MONSTERA08
calculating mask intersection...
-------------------- Mask file existed for sub-MONSTERA08. Skipped. --------------------
-------------------- file existed for: sub-MONSTERA08 task-01. Skipped. --------------------
-------------------- file existed for: sub-MONSTERA08 task-02. Skipped. --------------------
-------------------- file existed for: sub-MONSTERA08 task-03. Skipped. --------------------
-------------------- file existed for: sub-MONSTERA08 task-04. Skipped. --------------------
-------------------- file existed for: sub-MONSTERA08 task-05. Skipped. --------------------
-------------------- file existed for: sub-MONSTERA08 task-06. Skipped. --------------------
-------------------- file existed for: sub-MONSTERA08 task-07. Skipped. --------------------
-------------------- file existed for: sub-MONSTERA08 task-08. Skipped. --------------------
-------------------- file existed for: sub-MONSTERA08 task-09. Skipped. --------------------
-------------------- file existed for: sub-MONSTERA08 task-10. Skipped. --------------------
sub-MONSTERA09
calculating mask intersection...
-------------------- Mask file existed for sub-MONSTERA09. Skipped. --------------------
-------------------- file existed for: sub-MONSTERA09 task-01. Skipped. --------------------
-------------------- file existed for: sub-MONSTERA09 task-02. Skipped. --------------------
-------------------- file existed for: sub-MONSTERA09 task-03. Skipped. --------------------
-------------------- file existed for: sub-MONSTERA09 task-04. Skipped. --------------------
-------------------- file existed for: sub-MONSTERA09 task-05. Skipped. --------------------
-------------------- file existed for: sub-MONSTERA09 task-06. Skipped. --------------------
-------------------- file existed for: sub-MONSTERA09 task-07. Skipped. --------------------
-------------------- file existed for: sub-MONSTERA09 task-08. Skipped. --------------------
-------------------- file existed for: sub-MONSTERA09 task-09. Skipped. --------------------
-------------------- file existed for: sub-MONSTERA09 task-10. Skipped. --------------------
sub-MONSTERA10
calculating mask intersection...
-------------------- Mask file existed for sub-MONSTERA10. Skipped. --------------------
-------------------- file existed for: sub-MONSTERA10 task-01. Skipped. --------------------
-------------------- file existed for: sub-MONSTERA10 task-02. Skipped. --------------------
-------------------- file existed for: sub-MONSTERA10 task-03. Skipped. --------------------
-------------------- file existed for: sub-MONSTERA10 task-04. Skipped. --------------------
-------------------- file existed for: sub-MONSTERA10 task-05. Skipped. --------------------
-------------------- file existed for: sub-MONSTERA10 task-06. Skipped. --------------------
-------------------- file existed for: sub-MONSTERA10 task-07. Skipped. --------------------
-------------------- file existed for: sub-MONSTERA10 task-08. Skipped. --------------------
-------------------- file existed for: sub-MONSTERA10 task-09. Skipped. --------------------
-------------------- file existed for: sub-MONSTERA10 task-10. Skipped. --------------------
sub-MONSTERA11
calculating mask intersection...
-------------------- Mask file existed for sub-MONSTERA11. Skipped. --------------------
-------------------- file existed for: sub-MONSTERA11 task-01. Skipped. --------------------
-------------------- file existed for: sub-MONSTERA11 task-02. Skipped. --------------------
-------------------- file existed for: sub-MONSTERA11 task-03. Skipped. --------------------
-------------------- file existed for: sub-MONSTERA11 task-04. Skipped. --------------------
-------------------- file existed for: sub-MONSTERA11 task-05. Skipped. --------------------
-------------------- file existed for: sub-MONSTERA11 task-06. Skipped. --------------------
-------------------- file existed for: sub-MONSTERA11 task-07. Skipped. --------------------
-------------------- file existed for: sub-MONSTERA11 task-08. Skipped. --------------------
-------------------- file existed for: sub-MONSTERA11 task-09. Skipped. --------------------
-------------------- file existed for: sub-MONSTERA11 task-10. Skipped. --------------------
sub-MONSTERA12
calculating mask intersection...
-------------------- Mask file existed for sub-MONSTERA12. Skipped. --------------------
-------------------- file existed for: sub-MONSTERA12 task-01. Skipped. --------------------
-------------------- file existed for: sub-MONSTERA12 task-02. Skipped. --------------------
-------------------- file existed for: sub-MONSTERA12 task-03. Skipped. --------------------
-------------------- file existed for: sub-MONSTERA12 task-04. Skipped. --------------------
-------------------- file existed for: sub-MONSTERA12 task-05. Skipped. --------------------
-------------------- file existed for: sub-MONSTERA12 task-06. Skipped. --------------------
-------------------- file existed for: sub-MONSTERA12 task-07. Skipped. --------------------
-------------------- file existed for: sub-MONSTERA12 task-08. Skipped. --------------------
-------------------- file existed for: sub-MONSTERA12 task-09. Skipped. --------------------
-------------------- file existed for: sub-MONSTERA12 task-10. Skipped. --------------------
sub-MONSTERA13
calculating mask intersection...
-------------------- Mask file existed for sub-MONSTERA13. Skipped. --------------------
-------------------- file existed for: sub-MONSTERA13 task-01. Skipped. --------------------
-------------------- file existed for: sub-MONSTERA13 task-02. Skipped. --------------------
-------------------- file existed for: sub-MONSTERA13 task-03. Skipped. --------------------
-------------------- file existed for: sub-MONSTERA13 task-04. Skipped. --------------------
-------------------- file existed for: sub-MONSTERA13 task-05. Skipped. --------------------
-------------------- file existed for: sub-MONSTERA13 task-06. Skipped. --------------------
-------------------- file existed for: sub-MONSTERA13 task-07. Skipped. --------------------
-------------------- file existed for: sub-MONSTERA13 task-08. Skipped. --------------------
-------------------- file existed for: sub-MONSTERA13 task-09. Skipped. --------------------
-------------------- file existed for: sub-MONSTERA13 task-10. Skipped. --------------------
sub-MONSTERA14
calculating mask intersection...
-------------------- Mask file existed for sub-MONSTERA14. Skipped. --------------------
-------------------- file existed for: sub-MONSTERA14 task-01. Skipped. --------------------
-------------------- file existed for: sub-MONSTERA14 task-02. Skipped. --------------------
-------------------- file existed for: sub-MONSTERA14 task-03. Skipped. --------------------
-------------------- file existed for: sub-MONSTERA14 task-04. Skipped. --------------------
-------------------- file existed for: sub-MONSTERA14 task-05. Skipped. --------------------
-------------------- file existed for: sub-MONSTERA14 task-06. Skipped. --------------------
-------------------- file existed for: sub-MONSTERA14 task-07. Skipped. --------------------
-------------------- file existed for: sub-MONSTERA14 task-08. Skipped. --------------------
-------------------- file existed for: sub-MONSTERA14 task-09. Skipped. --------------------
-------------------- file existed for: sub-MONSTERA14 task-10. Skipped. --------------------
sub-MONSTERA15
calculating mask intersection...
['/projects/kuhl_lab/wanjiag/MONSTERA/derivatives/fmriprep/sub-MONSTERA15/func/sub-MONSTERA15_task-01_space-T1w_desc-brain_mask.nii.gz', '/projects/kuhl_lab/wanjiag/MONSTERA/derivatives/fmriprep/sub-MONSTERA15/func/sub-MONSTERA15_task-02_space-T1w_desc-brain_mask.nii.gz', '/projects/kuhl_lab/wanjiag/MONSTERA/derivatives/fmriprep/sub-MONSTERA15/func/sub-MONSTERA15_task-03_space-T1w_desc-brain_mask.nii.gz', '/projects/kuhl_lab/wanjiag/MONSTERA/derivatives/fmriprep/sub-MONSTERA15/func/sub-MONSTERA15_task-04_space-T1w_desc-brain_mask.nii.gz', '/projects/kuhl_lab/wanjiag/MONSTERA/derivatives/fmriprep/sub-MONSTERA15/func/sub-MONSTERA15_task-05_space-T1w_desc-brain_mask.nii.gz', '/projects/kuhl_lab/wanjiag/MONSTERA/derivatives/fmriprep/sub-MONSTERA15/func/sub-MONSTERA15_task-06_space-T1w_desc-brain_mask.nii.gz', '/projects/kuhl_lab/wanjiag/MONSTERA/derivatives/fmriprep/sub-MONSTERA15/func/sub-MONSTERA15_task-07_space-T1w_desc-brain_mask.nii.gz', '/projects/kuhl_lab/wanjiag/MONSTERA/derivatives/fmriprep/sub-MONSTERA15/func/sub-MONSTERA15_task-08_space-T1w_desc-brain_mask.nii.gz', '/projects/kuhl_lab/wanjiag/MONSTERA/derivatives/fmriprep/sub-MONSTERA15/func/sub-MONSTERA15_task-09_space-T1w_desc-brain_mask.nii.gz', '/projects/kuhl_lab/wanjiag/MONSTERA/derivatives/fmriprep/sub-MONSTERA15/func/sub-MONSTERA15_task-10_space-T1w_desc-brain_mask.nii.gz']
triming data...
(87, 112, 89, 458)    (87, 112, 89, 452)
(1.702, 1.702, 1.7, 1.0)
[[  1.70200002   0.           0.         -73.6481781 ]
 [  0.           1.70200002   0.         -85.81598663]
 [  0.           0.           1.70000005 -60.54845428]
 [  0.           0.           0.           1.        ]]
triming data...output to /projects/kuhl_lab/wanjiag/MONSTERA/derivatives/preprocess/sub-MONSTERA15/sub-MONSTERA15_task-01_space-T1w_desc-preproc_bold_trim6TRs.nii.gz
calculating mean......
220623-15:38:47,681 nipype.utils WARNING:
	 A newer version (1.8.1) of nipy/nipype is available. You are using 1.7.1
3dTstat -mean -prefix /projects/kuhl_lab/wanjiag/MONSTERA/derivatives/preprocess/sub-MONSTERA15/sub-MONSTERA15_task-01_space-T1w_desc-preproc_bold_trim6TRs_mean-img.nii.gz /projects/kuhl_lab/wanjiag/MONSTERA/derivatives/preprocess/sub-MONSTERA15/sub-MONSTERA15_task-01_space-T1w_desc-preproc_bold_trim6TRs.nii.gz
220623-15:38:47,845 nipype.interface INFO:
	 stderr 2022-06-23T15:38:47.845184:++ 3dTstat: AFNI version=AFNI_18.2.04 (Jul  6 2018) [64-bit]
220623-15:38:47,845 nipype.interface INFO:
	 stderr 2022-06-23T15:38:47.845184:++ Authored by: KR Hammett & RW Cox
220623-15:38:47,856 nipype.interface INFO:
	 stderr 2022-06-23T15:38:47.856481:** AFNI converts NIFTI_datatype=64 (FLOAT64) in file /projects/kuhl_lab/wanjiag/MONSTERA/derivatives/preprocess/sub-MONSTERA15/sub-MONSTERA15_task-01_space-T1w_desc-preproc_bold_trim6TRs.nii.gz to FLOAT32
220623-15:38:47,856 nipype.interface INFO:
	 stderr 2022-06-23T15:38:47.856481:     Warnings of this type will be muted for this session.
220623-15:38:47,856 nipype.interface INFO:
	 stderr 2022-06-23T15:38:47.856481:     Set AFNI_NIFTI_TYPE_WARN to YES to see them all, NO to see none.
220623-15:39:02,617 nipype.interface INFO:
	 stderr 2022-06-23T15:39:02.617485:++ Output dataset /projects/kuhl_lab/wanjiag/MONSTERA/derivatives/preprocess/sub-MONSTERA15/sub-MONSTERA15_task-01_space-T1w_desc-preproc_bold_trim6TRs_mean-img.nii.gz
calculating mean...output to /projects/kuhl_lab/wanjiag/MONSTERA/derivatives/preprocess/sub-MONSTERA15/sub-MONSTERA15_task-01_space-T1w_desc-preproc_bold_trim6TRs_mean-img.nii.gz
Centering data ......
3dcalc -a /projects/kuhl_lab/wanjiag/MONSTERA/derivatives/preprocess/sub-MONSTERA15/sub-MONSTERA15_task-01_space-T1w_desc-preproc_bold_trim6TRs.nii.gz -b /projects/kuhl_lab/wanjiag/MONSTERA/derivatives/preprocess/sub-MONSTERA15/sub-MONSTERA15_task-01_space-T1w_desc-preproc_bold_trim6TRs_mean-img.nii.gz -c /projects/kuhl_lab/wanjiag/MONSTERA/derivatives/preprocess/sub-MONSTERA15/sub-MONSTERA15_space-T1w_desc-brain_intersect_mask.nii.gz -expr "c * min(200, a/b*100)*step(a)*step(b)" -prefix /projects/kuhl_lab/wanjiag/MONSTERA/derivatives/preprocess/sub-MONSTERA15/sub-MONSTERA15_task-01_space-T1w_desc-preproc_bold_trim6TRs_centered-masked.nii.gz
220623-15:39:02,773 nipype.interface INFO:
	 stderr 2022-06-23T15:39:02.773495:++ 3dcalc: AFNI version=AFNI_18.2.04 (Jul  6 2018) [64-bit]
220623-15:39:02,773 nipype.interface INFO:
	 stderr 2022-06-23T15:39:02.773495:++ Authored by: A cast of thousands
220623-15:39:02,773 nipype.interface INFO:
	 stderr 2022-06-23T15:39:02.773495:** AFNI converts NIFTI_datatype=64 (FLOAT64) in file /projects/kuhl_lab/wanjiag/MONSTERA/derivatives/preprocess/sub-MONSTERA15/sub-MONSTERA15_task-01_space-T1w_desc-preproc_bold_trim6TRs.nii.gz to FLOAT32
220623-15:39:02,773 nipype.interface INFO:
	 stderr 2022-06-23T15:39:02.773495:     Warnings of this type will be muted for this session.
220623-15:39:02,773 nipype.interface INFO:
	 stderr 2022-06-23T15:39:02.773495:     Set AFNI_NIFTI_TYPE_WARN to YES to see them all, NO to see none.
220623-15:40:12,536 nipype.interface INFO:
	 stderr 2022-06-23T15:40:12.536506:++ Output dataset /projects/kuhl_lab/wanjiag/MONSTERA/derivatives/preprocess/sub-MONSTERA15/sub-MONSTERA15_task-01_space-T1w_desc-preproc_bold_trim6TRs_centered-masked.nii.gz
Centering data...output to /projects/kuhl_lab/wanjiag/MONSTERA/derivatives/preprocess/sub-MONSTERA15/sub-MONSTERA15_task-01_space-T1w_desc-preproc_bold_trim6TRs_centered-masked.nii.gz
triming data...
(87, 112, 89, 458)    (87, 112, 89, 452)
(1.702, 1.702, 1.7, 1.0)
[[  1.70200002   0.           0.         -73.6481781 ]
 [  0.           1.70200002   0.         -85.81598663]
 [  0.           0.           1.70000005 -60.54845428]
 [  0.           0.           0.           1.        ]]
triming data...output to /projects/kuhl_lab/wanjiag/MONSTERA/derivatives/preprocess/sub-MONSTERA15/sub-MONSTERA15_task-02_space-T1w_desc-preproc_bold_trim6TRs.nii.gz
calculating mean......
3dTstat -mean -prefix /projects/kuhl_lab/wanjiag/MONSTERA/derivatives/preprocess/sub-MONSTERA15/sub-MONSTERA15_task-02_space-T1w_desc-preproc_bold_trim6TRs_mean-img.nii.gz /projects/kuhl_lab/wanjiag/MONSTERA/derivatives/preprocess/sub-MONSTERA15/sub-MONSTERA15_task-02_space-T1w_desc-preproc_bold_trim6TRs.nii.gz
220623-15:41:16,769 nipype.interface INFO:
	 stderr 2022-06-23T15:41:16.769583:++ 3dTstat: AFNI version=AFNI_18.2.04 (Jul  6 2018) [64-bit]
220623-15:41:16,769 nipype.interface INFO:
	 stderr 2022-06-23T15:41:16.769583:++ Authored by: KR Hammett & RW Cox
220623-15:41:16,774 nipype.interface INFO:
	 stderr 2022-06-23T15:41:16.774476:** AFNI converts NIFTI_datatype=64 (FLOAT64) in file /projects/kuhl_lab/wanjiag/MONSTERA/derivatives/preprocess/sub-MONSTERA15/sub-MONSTERA15_task-02_space-T1w_desc-preproc_bold_trim6TRs.nii.gz to FLOAT32
220623-15:41:16,774 nipype.interface INFO:
	 stderr 2022-06-23T15:41:16.774476:     Warnings of this type will be muted for this session.
220623-15:41:16,774 nipype.interface INFO:
	 stderr 2022-06-23T15:41:16.774476:     Set AFNI_NIFTI_TYPE_WARN to YES to see them all, NO to see none.
220623-15:41:31,396 nipype.interface INFO:
	 stderr 2022-06-23T15:41:31.396507:++ Output dataset /projects/kuhl_lab/wanjiag/MONSTERA/derivatives/preprocess/sub-MONSTERA15/sub-MONSTERA15_task-02_space-T1w_desc-preproc_bold_trim6TRs_mean-img.nii.gz
calculating mean...output to /projects/kuhl_lab/wanjiag/MONSTERA/derivatives/preprocess/sub-MONSTERA15/sub-MONSTERA15_task-02_space-T1w_desc-preproc_bold_trim6TRs_mean-img.nii.gz
Centering data ......
3dcalc -a /projects/kuhl_lab/wanjiag/MONSTERA/derivatives/preprocess/sub-MONSTERA15/sub-MONSTERA15_task-02_space-T1w_desc-preproc_bold_trim6TRs.nii.gz -b /projects/kuhl_lab/wanjiag/MONSTERA/derivatives/preprocess/sub-MONSTERA15/sub-MONSTERA15_task-02_space-T1w_desc-preproc_bold_trim6TRs_mean-img.nii.gz -c /projects/kuhl_lab/wanjiag/MONSTERA/derivatives/preprocess/sub-MONSTERA15/sub-MONSTERA15_space-T1w_desc-brain_intersect_mask.nii.gz -expr "c * min(200, a/b*100)*step(a)*step(b)" -prefix /projects/kuhl_lab/wanjiag/MONSTERA/derivatives/preprocess/sub-MONSTERA15/sub-MONSTERA15_task-02_space-T1w_desc-preproc_bold_trim6TRs_centered-masked.nii.gz
220623-15:41:31,500 nipype.interface INFO:
	 stderr 2022-06-23T15:41:31.500633:++ 3dcalc: AFNI version=AFNI_18.2.04 (Jul  6 2018) [64-bit]
220623-15:41:31,500 nipype.interface INFO:
	 stderr 2022-06-23T15:41:31.500633:++ Authored by: A cast of thousands
220623-15:41:31,511 nipype.interface INFO:
	 stderr 2022-06-23T15:41:31.511478:** AFNI converts NIFTI_datatype=64 (FLOAT64) in file /projects/kuhl_lab/wanjiag/MONSTERA/derivatives/preprocess/sub-MONSTERA15/sub-MONSTERA15_task-02_space-T1w_desc-preproc_bold_trim6TRs.nii.gz to FLOAT32
220623-15:41:31,511 nipype.interface INFO:
	 stderr 2022-06-23T15:41:31.511478:     Warnings of this type will be muted for this session.
220623-15:41:31,511 nipype.interface INFO:
	 stderr 2022-06-23T15:41:31.511478:     Set AFNI_NIFTI_TYPE_WARN to YES to see them all, NO to see none.
220623-15:42:41,708 nipype.interface INFO:
	 stderr 2022-06-23T15:42:41.708500:++ Output dataset /projects/kuhl_lab/wanjiag/MONSTERA/derivatives/preprocess/sub-MONSTERA15/sub-MONSTERA15_task-02_space-T1w_desc-preproc_bold_trim6TRs_centered-masked.nii.gz
Centering data...output to /projects/kuhl_lab/wanjiag/MONSTERA/derivatives/preprocess/sub-MONSTERA15/sub-MONSTERA15_task-02_space-T1w_desc-preproc_bold_trim6TRs_centered-masked.nii.gz
triming data...
(87, 112, 89, 458)    (87, 112, 89, 452)
(1.702, 1.702, 1.7, 1.0)
[[  1.70200002   0.           0.         -73.6481781 ]
 [  0.           1.70200002   0.         -85.81598663]
 [  0.           0.           1.70000005 -60.54845428]
 [  0.           0.           0.           1.        ]]
triming data...output to /projects/kuhl_lab/wanjiag/MONSTERA/derivatives/preprocess/sub-MONSTERA15/sub-MONSTERA15_task-03_space-T1w_desc-preproc_bold_trim6TRs.nii.gz
calculating mean......
3dTstat -mean -prefix /projects/kuhl_lab/wanjiag/MONSTERA/derivatives/preprocess/sub-MONSTERA15/sub-MONSTERA15_task-03_space-T1w_desc-preproc_bold_trim6TRs_mean-img.nii.gz /projects/kuhl_lab/wanjiag/MONSTERA/derivatives/preprocess/sub-MONSTERA15/sub-MONSTERA15_task-03_space-T1w_desc-preproc_bold_trim6TRs.nii.gz
220623-15:43:46,30 nipype.interface INFO:
	 stderr 2022-06-23T15:43:46.030159:++ 3dTstat: AFNI version=AFNI_18.2.04 (Jul  6 2018) [64-bit]
220623-15:43:46,40 nipype.interface INFO:
	 stderr 2022-06-23T15:43:46.030159:++ Authored by: KR Hammett & RW Cox
220623-15:43:46,40 nipype.interface INFO:
	 stderr 2022-06-23T15:43:46.040641:** AFNI converts NIFTI_datatype=64 (FLOAT64) in file /projects/kuhl_lab/wanjiag/MONSTERA/derivatives/preprocess/sub-MONSTERA15/sub-MONSTERA15_task-03_space-T1w_desc-preproc_bold_trim6TRs.nii.gz to FLOAT32
220623-15:43:46,40 nipype.interface INFO:
	 stderr 2022-06-23T15:43:46.040641:     Warnings of this type will be muted for this session.
220623-15:43:46,40 nipype.interface INFO:
	 stderr 2022-06-23T15:43:46.040641:     Set AFNI_NIFTI_TYPE_WARN to YES to see them all, NO to see none.
220623-15:44:00,871 nipype.interface INFO:
	 stderr 2022-06-23T15:44:00.871466:++ Output dataset /projects/kuhl_lab/wanjiag/MONSTERA/derivatives/preprocess/sub-MONSTERA15/sub-MONSTERA15_task-03_space-T1w_desc-preproc_bold_trim6TRs_mean-img.nii.gz
calculating mean...output to /projects/kuhl_lab/wanjiag/MONSTERA/derivatives/preprocess/sub-MONSTERA15/sub-MONSTERA15_task-03_space-T1w_desc-preproc_bold_trim6TRs_mean-img.nii.gz
Centering data ......
3dcalc -a /projects/kuhl_lab/wanjiag/MONSTERA/derivatives/preprocess/sub-MONSTERA15/sub-MONSTERA15_task-03_space-T1w_desc-preproc_bold_trim6TRs.nii.gz -b /projects/kuhl_lab/wanjiag/MONSTERA/derivatives/preprocess/sub-MONSTERA15/sub-MONSTERA15_task-03_space-T1w_desc-preproc_bold_trim6TRs_mean-img.nii.gz -c /projects/kuhl_lab/wanjiag/MONSTERA/derivatives/preprocess/sub-MONSTERA15/sub-MONSTERA15_space-T1w_desc-brain_intersect_mask.nii.gz -expr "c * min(200, a/b*100)*step(a)*step(b)" -prefix /projects/kuhl_lab/wanjiag/MONSTERA/derivatives/preprocess/sub-MONSTERA15/sub-MONSTERA15_task-03_space-T1w_desc-preproc_bold_trim6TRs_centered-masked.nii.gz
220623-15:44:01,2 nipype.interface INFO:
	 stderr 2022-06-23T15:44:01.002496:++ 3dcalc: AFNI version=AFNI_18.2.04 (Jul  6 2018) [64-bit]
220623-15:44:01,2 nipype.interface INFO:
	 stderr 2022-06-23T15:44:01.002496:++ Authored by: A cast of thousands
220623-15:44:01,2 nipype.interface INFO:
	 stderr 2022-06-23T15:44:01.002496:** AFNI converts NIFTI_datatype=64 (FLOAT64) in file /projects/kuhl_lab/wanjiag/MONSTERA/derivatives/preprocess/sub-MONSTERA15/sub-MONSTERA15_task-03_space-T1w_desc-preproc_bold_trim6TRs.nii.gz to FLOAT32
220623-15:44:01,2 nipype.interface INFO:
	 stderr 2022-06-23T15:44:01.002496:     Warnings of this type will be muted for this session.
220623-15:44:01,2 nipype.interface INFO:
	 stderr 2022-06-23T15:44:01.002496:     Set AFNI_NIFTI_TYPE_WARN to YES to see them all, NO to see none.
220623-15:45:10,893 nipype.interface INFO:
	 stderr 2022-06-23T15:45:10.893470:++ Output dataset /projects/kuhl_lab/wanjiag/MONSTERA/derivatives/preprocess/sub-MONSTERA15/sub-MONSTERA15_task-03_space-T1w_desc-preproc_bold_trim6TRs_centered-masked.nii.gz
Centering data...output to /projects/kuhl_lab/wanjiag/MONSTERA/derivatives/preprocess/sub-MONSTERA15/sub-MONSTERA15_task-03_space-T1w_desc-preproc_bold_trim6TRs_centered-masked.nii.gz
triming data...
(87, 112, 89, 458)    (87, 112, 89, 452)
(1.702, 1.702, 1.7, 1.0)
[[  1.70200002   0.           0.         -73.6481781 ]
 [  0.           1.70200002   0.         -85.81598663]
 [  0.           0.           1.70000005 -60.54845428]
 [  0.           0.           0.           1.        ]]
triming data...output to /projects/kuhl_lab/wanjiag/MONSTERA/derivatives/preprocess/sub-MONSTERA15/sub-MONSTERA15_task-04_space-T1w_desc-preproc_bold_trim6TRs.nii.gz
calculating mean......
3dTstat -mean -prefix /projects/kuhl_lab/wanjiag/MONSTERA/derivatives/preprocess/sub-MONSTERA15/sub-MONSTERA15_task-04_space-T1w_desc-preproc_bold_trim6TRs_mean-img.nii.gz /projects/kuhl_lab/wanjiag/MONSTERA/derivatives/preprocess/sub-MONSTERA15/sub-MONSTERA15_task-04_space-T1w_desc-preproc_bold_trim6TRs.nii.gz
220623-15:46:15,242 nipype.interface INFO:
	 stderr 2022-06-23T15:46:15.242814:++ 3dTstat: AFNI version=AFNI_18.2.04 (Jul  6 2018) [64-bit]
220623-15:46:15,243 nipype.interface INFO:
	 stderr 2022-06-23T15:46:15.242814:++ Authored by: KR Hammett & RW Cox
220623-15:46:15,247 nipype.interface INFO:
	 stderr 2022-06-23T15:46:15.247462:** AFNI converts NIFTI_datatype=64 (FLOAT64) in file /projects/kuhl_lab/wanjiag/MONSTERA/derivatives/preprocess/sub-MONSTERA15/sub-MONSTERA15_task-04_space-T1w_desc-preproc_bold_trim6TRs.nii.gz to FLOAT32
220623-15:46:15,247 nipype.interface INFO:
	 stderr 2022-06-23T15:46:15.247462:     Warnings of this type will be muted for this session.
220623-15:46:15,247 nipype.interface INFO:
	 stderr 2022-06-23T15:46:15.247462:     Set AFNI_NIFTI_TYPE_WARN to YES to see them all, NO to see none.
220623-15:46:29,934 nipype.interface INFO:
	 stderr 2022-06-23T15:46:29.934504:++ Output dataset /projects/kuhl_lab/wanjiag/MONSTERA/derivatives/preprocess/sub-MONSTERA15/sub-MONSTERA15_task-04_space-T1w_desc-preproc_bold_trim6TRs_mean-img.nii.gz
calculating mean...output to /projects/kuhl_lab/wanjiag/MONSTERA/derivatives/preprocess/sub-MONSTERA15/sub-MONSTERA15_task-04_space-T1w_desc-preproc_bold_trim6TRs_mean-img.nii.gz
Centering data ......
3dcalc -a /projects/kuhl_lab/wanjiag/MONSTERA/derivatives/preprocess/sub-MONSTERA15/sub-MONSTERA15_task-04_space-T1w_desc-preproc_bold_trim6TRs.nii.gz -b /projects/kuhl_lab/wanjiag/MONSTERA/derivatives/preprocess/sub-MONSTERA15/sub-MONSTERA15_task-04_space-T1w_desc-preproc_bold_trim6TRs_mean-img.nii.gz -c /projects/kuhl_lab/wanjiag/MONSTERA/derivatives/preprocess/sub-MONSTERA15/sub-MONSTERA15_space-T1w_desc-brain_intersect_mask.nii.gz -expr "c * min(200, a/b*100)*step(a)*step(b)" -prefix /projects/kuhl_lab/wanjiag/MONSTERA/derivatives/preprocess/sub-MONSTERA15/sub-MONSTERA15_task-04_space-T1w_desc-preproc_bold_trim6TRs_centered-masked.nii.gz
220623-15:46:30,43 nipype.interface INFO:
	 stderr 2022-06-23T15:46:30.043476:++ 3dcalc: AFNI version=AFNI_18.2.04 (Jul  6 2018) [64-bit]
220623-15:46:30,43 nipype.interface INFO:
	 stderr 2022-06-23T15:46:30.043476:++ Authored by: A cast of thousands
220623-15:46:30,43 nipype.interface INFO:
	 stderr 2022-06-23T15:46:30.043476:** AFNI converts NIFTI_datatype=64 (FLOAT64) in file /projects/kuhl_lab/wanjiag/MONSTERA/derivatives/preprocess/sub-MONSTERA15/sub-MONSTERA15_task-04_space-T1w_desc-preproc_bold_trim6TRs.nii.gz to FLOAT32
220623-15:46:30,43 nipype.interface INFO:
	 stderr 2022-06-23T15:46:30.043476:     Warnings of this type will be muted for this session.
220623-15:46:30,43 nipype.interface INFO:
	 stderr 2022-06-23T15:46:30.043476:     Set AFNI_NIFTI_TYPE_WARN to YES to see them all, NO to see none.
220623-15:47:40,139 nipype.interface INFO:
	 stderr 2022-06-23T15:47:40.139492:++ Output dataset /projects/kuhl_lab/wanjiag/MONSTERA/derivatives/preprocess/sub-MONSTERA15/sub-MONSTERA15_task-04_space-T1w_desc-preproc_bold_trim6TRs_centered-masked.nii.gz
Centering data...output to /projects/kuhl_lab/wanjiag/MONSTERA/derivatives/preprocess/sub-MONSTERA15/sub-MONSTERA15_task-04_space-T1w_desc-preproc_bold_trim6TRs_centered-masked.nii.gz
triming data...
(87, 112, 89, 458)    (87, 112, 89, 452)
(1.702, 1.702, 1.7, 1.0)
[[  1.70200002   0.           0.         -73.6481781 ]
 [  0.           1.70200002   0.         -85.81598663]
 [  0.           0.           1.70000005 -60.54845428]
 [  0.           0.           0.           1.        ]]
triming data...output to /projects/kuhl_lab/wanjiag/MONSTERA/derivatives/preprocess/sub-MONSTERA15/sub-MONSTERA15_task-05_space-T1w_desc-preproc_bold_trim6TRs.nii.gz
calculating mean......
3dTstat -mean -prefix /projects/kuhl_lab/wanjiag/MONSTERA/derivatives/preprocess/sub-MONSTERA15/sub-MONSTERA15_task-05_space-T1w_desc-preproc_bold_trim6TRs_mean-img.nii.gz /projects/kuhl_lab/wanjiag/MONSTERA/derivatives/preprocess/sub-MONSTERA15/sub-MONSTERA15_task-05_space-T1w_desc-preproc_bold_trim6TRs.nii.gz
220623-15:48:44,361 nipype.interface INFO:
	 stderr 2022-06-23T15:48:44.361729:++ 3dTstat: AFNI version=AFNI_18.2.04 (Jul  6 2018) [64-bit]
220623-15:48:44,361 nipype.interface INFO:
	 stderr 2022-06-23T15:48:44.361729:++ Authored by: KR Hammett & RW Cox
220623-15:48:44,372 nipype.interface INFO:
	 stderr 2022-06-23T15:48:44.372477:** AFNI converts NIFTI_datatype=64 (FLOAT64) in file /projects/kuhl_lab/wanjiag/MONSTERA/derivatives/preprocess/sub-MONSTERA15/sub-MONSTERA15_task-05_space-T1w_desc-preproc_bold_trim6TRs.nii.gz to FLOAT32
220623-15:48:44,372 nipype.interface INFO:
	 stderr 2022-06-23T15:48:44.372477:     Warnings of this type will be muted for this session.
220623-15:48:44,372 nipype.interface INFO:
	 stderr 2022-06-23T15:48:44.372477:     Set AFNI_NIFTI_TYPE_WARN to YES to see them all, NO to see none.
220623-15:48:58,999 nipype.interface INFO:
	 stderr 2022-06-23T15:48:58.999481:++ Output dataset /projects/kuhl_lab/wanjiag/MONSTERA/derivatives/preprocess/sub-MONSTERA15/sub-MONSTERA15_task-05_space-T1w_desc-preproc_bold_trim6TRs_mean-img.nii.gz
calculating mean...output to /projects/kuhl_lab/wanjiag/MONSTERA/derivatives/preprocess/sub-MONSTERA15/sub-MONSTERA15_task-05_space-T1w_desc-preproc_bold_trim6TRs_mean-img.nii.gz
Centering data ......
3dcalc -a /projects/kuhl_lab/wanjiag/MONSTERA/derivatives/preprocess/sub-MONSTERA15/sub-MONSTERA15_task-05_space-T1w_desc-preproc_bold_trim6TRs.nii.gz -b /projects/kuhl_lab/wanjiag/MONSTERA/derivatives/preprocess/sub-MONSTERA15/sub-MONSTERA15_task-05_space-T1w_desc-preproc_bold_trim6TRs_mean-img.nii.gz -c /projects/kuhl_lab/wanjiag/MONSTERA/derivatives/preprocess/sub-MONSTERA15/sub-MONSTERA15_space-T1w_desc-brain_intersect_mask.nii.gz -expr "c * min(200, a/b*100)*step(a)*step(b)" -prefix /projects/kuhl_lab/wanjiag/MONSTERA/derivatives/preprocess/sub-MONSTERA15/sub-MONSTERA15_task-05_space-T1w_desc-preproc_bold_trim6TRs_centered-masked.nii.gz
220623-15:48:59,96 nipype.interface INFO:
	 stderr 2022-06-23T15:48:59.096474:++ 3dcalc: AFNI version=AFNI_18.2.04 (Jul  6 2018) [64-bit]
220623-15:48:59,96 nipype.interface INFO:
	 stderr 2022-06-23T15:48:59.096474:++ Authored by: A cast of thousands
220623-15:48:59,96 nipype.interface INFO:
	 stderr 2022-06-23T15:48:59.096474:** AFNI converts NIFTI_datatype=64 (FLOAT64) in file /projects/kuhl_lab/wanjiag/MONSTERA/derivatives/preprocess/sub-MONSTERA15/sub-MONSTERA15_task-05_space-T1w_desc-preproc_bold_trim6TRs.nii.gz to FLOAT32
220623-15:48:59,96 nipype.interface INFO:
	 stderr 2022-06-23T15:48:59.096474:     Warnings of this type will be muted for this session.
220623-15:48:59,96 nipype.interface INFO:
	 stderr 2022-06-23T15:48:59.096474:     Set AFNI_NIFTI_TYPE_WARN to YES to see them all, NO to see none.
220623-15:50:09,429 nipype.interface INFO:
	 stderr 2022-06-23T15:50:09.429486:++ Output dataset /projects/kuhl_lab/wanjiag/MONSTERA/derivatives/preprocess/sub-MONSTERA15/sub-MONSTERA15_task-05_space-T1w_desc-preproc_bold_trim6TRs_centered-masked.nii.gz
Centering data...output to /projects/kuhl_lab/wanjiag/MONSTERA/derivatives/preprocess/sub-MONSTERA15/sub-MONSTERA15_task-05_space-T1w_desc-preproc_bold_trim6TRs_centered-masked.nii.gz
triming data...
(87, 112, 89, 458)    (87, 112, 89, 452)
(1.702, 1.702, 1.7, 1.0)
[[  1.70200002   0.           0.         -73.6481781 ]
 [  0.           1.70200002   0.         -85.81598663]
 [  0.           0.           1.70000005 -60.54845428]
 [  0.           0.           0.           1.        ]]
triming data...output to /projects/kuhl_lab/wanjiag/MONSTERA/derivatives/preprocess/sub-MONSTERA15/sub-MONSTERA15_task-06_space-T1w_desc-preproc_bold_trim6TRs.nii.gz
calculating mean......
3dTstat -mean -prefix /projects/kuhl_lab/wanjiag/MONSTERA/derivatives/preprocess/sub-MONSTERA15/sub-MONSTERA15_task-06_space-T1w_desc-preproc_bold_trim6TRs_mean-img.nii.gz /projects/kuhl_lab/wanjiag/MONSTERA/derivatives/preprocess/sub-MONSTERA15/sub-MONSTERA15_task-06_space-T1w_desc-preproc_bold_trim6TRs.nii.gz
220623-15:51:14,101 nipype.interface INFO:
	 stderr 2022-06-23T15:51:14.101646:++ 3dTstat: AFNI version=AFNI_18.2.04 (Jul  6 2018) [64-bit]
220623-15:51:14,101 nipype.interface INFO:
	 stderr 2022-06-23T15:51:14.101646:++ Authored by: KR Hammett & RW Cox
220623-15:51:14,107 nipype.interface INFO:
	 stderr 2022-06-23T15:51:14.107468:** AFNI converts NIFTI_datatype=64 (FLOAT64) in file /projects/kuhl_lab/wanjiag/MONSTERA/derivatives/preprocess/sub-MONSTERA15/sub-MONSTERA15_task-06_space-T1w_desc-preproc_bold_trim6TRs.nii.gz to FLOAT32
220623-15:51:14,107 nipype.interface INFO:
	 stderr 2022-06-23T15:51:14.107468:     Warnings of this type will be muted for this session.
220623-15:51:14,107 nipype.interface INFO:
	 stderr 2022-06-23T15:51:14.107468:     Set AFNI_NIFTI_TYPE_WARN to YES to see them all, NO to see none.
220623-15:51:28,773 nipype.interface INFO:
	 stderr 2022-06-23T15:51:28.773509:++ Output dataset /projects/kuhl_lab/wanjiag/MONSTERA/derivatives/preprocess/sub-MONSTERA15/sub-MONSTERA15_task-06_space-T1w_desc-preproc_bold_trim6TRs_mean-img.nii.gz
calculating mean...output to /projects/kuhl_lab/wanjiag/MONSTERA/derivatives/preprocess/sub-MONSTERA15/sub-MONSTERA15_task-06_space-T1w_desc-preproc_bold_trim6TRs_mean-img.nii.gz
Centering data ......
3dcalc -a /projects/kuhl_lab/wanjiag/MONSTERA/derivatives/preprocess/sub-MONSTERA15/sub-MONSTERA15_task-06_space-T1w_desc-preproc_bold_trim6TRs.nii.gz -b /projects/kuhl_lab/wanjiag/MONSTERA/derivatives/preprocess/sub-MONSTERA15/sub-MONSTERA15_task-06_space-T1w_desc-preproc_bold_trim6TRs_mean-img.nii.gz -c /projects/kuhl_lab/wanjiag/MONSTERA/derivatives/preprocess/sub-MONSTERA15/sub-MONSTERA15_space-T1w_desc-brain_intersect_mask.nii.gz -expr "c * min(200, a/b*100)*step(a)*step(b)" -prefix /projects/kuhl_lab/wanjiag/MONSTERA/derivatives/preprocess/sub-MONSTERA15/sub-MONSTERA15_task-06_space-T1w_desc-preproc_bold_trim6TRs_centered-masked.nii.gz
220623-15:51:28,878 nipype.interface INFO:
	 stderr 2022-06-23T15:51:28.878110:++ 3dcalc: AFNI version=AFNI_18.2.04 (Jul  6 2018) [64-bit]
220623-15:51:28,878 nipype.interface INFO:
	 stderr 2022-06-23T15:51:28.878110:++ Authored by: A cast of thousands
220623-15:51:28,932 nipype.interface INFO:
	 stderr 2022-06-23T15:51:28.932484:** AFNI converts NIFTI_datatype=64 (FLOAT64) in file /projects/kuhl_lab/wanjiag/MONSTERA/derivatives/preprocess/sub-MONSTERA15/sub-MONSTERA15_task-06_space-T1w_desc-preproc_bold_trim6TRs.nii.gz to FLOAT32
220623-15:51:28,932 nipype.interface INFO:
	 stderr 2022-06-23T15:51:28.932484:     Warnings of this type will be muted for this session.
220623-15:51:28,932 nipype.interface INFO:
	 stderr 2022-06-23T15:51:28.932484:     Set AFNI_NIFTI_TYPE_WARN to YES to see them all, NO to see none.
220623-15:52:38,631 nipype.interface INFO:
	 stderr 2022-06-23T15:52:38.631468:++ Output dataset /projects/kuhl_lab/wanjiag/MONSTERA/derivatives/preprocess/sub-MONSTERA15/sub-MONSTERA15_task-06_space-T1w_desc-preproc_bold_trim6TRs_centered-masked.nii.gz
Centering data...output to /projects/kuhl_lab/wanjiag/MONSTERA/derivatives/preprocess/sub-MONSTERA15/sub-MONSTERA15_task-06_space-T1w_desc-preproc_bold_trim6TRs_centered-masked.nii.gz
triming data...
(87, 112, 89, 458)    (87, 112, 89, 452)
(1.702, 1.702, 1.7, 1.0)
[[  1.70200002   0.           0.         -73.6481781 ]
 [  0.           1.70200002   0.         -85.81598663]
 [  0.           0.           1.70000005 -60.54845428]
 [  0.           0.           0.           1.        ]]
triming data...output to /projects/kuhl_lab/wanjiag/MONSTERA/derivatives/preprocess/sub-MONSTERA15/sub-MONSTERA15_task-07_space-T1w_desc-preproc_bold_trim6TRs.nii.gz
calculating mean......
3dTstat -mean -prefix /projects/kuhl_lab/wanjiag/MONSTERA/derivatives/preprocess/sub-MONSTERA15/sub-MONSTERA15_task-07_space-T1w_desc-preproc_bold_trim6TRs_mean-img.nii.gz /projects/kuhl_lab/wanjiag/MONSTERA/derivatives/preprocess/sub-MONSTERA15/sub-MONSTERA15_task-07_space-T1w_desc-preproc_bold_trim6TRs.nii.gz
220623-15:53:43,233 nipype.interface INFO:
	 stderr 2022-06-23T15:53:43.233616:++ 3dTstat: AFNI version=AFNI_18.2.04 (Jul  6 2018) [64-bit]
220623-15:53:43,233 nipype.interface INFO:
	 stderr 2022-06-23T15:53:43.233616:++ Authored by: KR Hammett & RW Cox
220623-15:53:43,238 nipype.interface INFO:
	 stderr 2022-06-23T15:53:43.238579:** AFNI converts NIFTI_datatype=64 (FLOAT64) in file /projects/kuhl_lab/wanjiag/MONSTERA/derivatives/preprocess/sub-MONSTERA15/sub-MONSTERA15_task-07_space-T1w_desc-preproc_bold_trim6TRs.nii.gz to FLOAT32
220623-15:53:43,238 nipype.interface INFO:
	 stderr 2022-06-23T15:53:43.238579:     Warnings of this type will be muted for this session.
220623-15:53:43,238 nipype.interface INFO:
	 stderr 2022-06-23T15:53:43.238579:     Set AFNI_NIFTI_TYPE_WARN to YES to see them all, NO to see none.
220623-15:53:58,45 nipype.interface INFO:
	 stderr 2022-06-23T15:53:58.045475:++ Output dataset /projects/kuhl_lab/wanjiag/MONSTERA/derivatives/preprocess/sub-MONSTERA15/sub-MONSTERA15_task-07_space-T1w_desc-preproc_bold_trim6TRs_mean-img.nii.gz
calculating mean...output to /projects/kuhl_lab/wanjiag/MONSTERA/derivatives/preprocess/sub-MONSTERA15/sub-MONSTERA15_task-07_space-T1w_desc-preproc_bold_trim6TRs_mean-img.nii.gz
Centering data ......
3dcalc -a /projects/kuhl_lab/wanjiag/MONSTERA/derivatives/preprocess/sub-MONSTERA15/sub-MONSTERA15_task-07_space-T1w_desc-preproc_bold_trim6TRs.nii.gz -b /projects/kuhl_lab/wanjiag/MONSTERA/derivatives/preprocess/sub-MONSTERA15/sub-MONSTERA15_task-07_space-T1w_desc-preproc_bold_trim6TRs_mean-img.nii.gz -c /projects/kuhl_lab/wanjiag/MONSTERA/derivatives/preprocess/sub-MONSTERA15/sub-MONSTERA15_space-T1w_desc-brain_intersect_mask.nii.gz -expr "c * min(200, a/b*100)*step(a)*step(b)" -prefix /projects/kuhl_lab/wanjiag/MONSTERA/derivatives/preprocess/sub-MONSTERA15/sub-MONSTERA15_task-07_space-T1w_desc-preproc_bold_trim6TRs_centered-masked.nii.gz
220623-15:53:58,147 nipype.interface INFO:
	 stderr 2022-06-23T15:53:58.147510:++ 3dcalc: AFNI version=AFNI_18.2.04 (Jul  6 2018) [64-bit]
220623-15:53:58,147 nipype.interface INFO:
	 stderr 2022-06-23T15:53:58.147510:++ Authored by: A cast of thousands
220623-15:53:58,147 nipype.interface INFO:
	 stderr 2022-06-23T15:53:58.147510:** AFNI converts NIFTI_datatype=64 (FLOAT64) in file /projects/kuhl_lab/wanjiag/MONSTERA/derivatives/preprocess/sub-MONSTERA15/sub-MONSTERA15_task-07_space-T1w_desc-preproc_bold_trim6TRs.nii.gz to FLOAT32
220623-15:53:58,147 nipype.interface INFO:
	 stderr 2022-06-23T15:53:58.147510:     Warnings of this type will be muted for this session.
220623-15:53:58,147 nipype.interface INFO:
	 stderr 2022-06-23T15:53:58.147510:     Set AFNI_NIFTI_TYPE_WARN to YES to see them all, NO to see none.
220623-15:55:08,280 nipype.interface INFO:
	 stderr 2022-06-23T15:55:08.280516:++ Output dataset /projects/kuhl_lab/wanjiag/MONSTERA/derivatives/preprocess/sub-MONSTERA15/sub-MONSTERA15_task-07_space-T1w_desc-preproc_bold_trim6TRs_centered-masked.nii.gz
Centering data...output to /projects/kuhl_lab/wanjiag/MONSTERA/derivatives/preprocess/sub-MONSTERA15/sub-MONSTERA15_task-07_space-T1w_desc-preproc_bold_trim6TRs_centered-masked.nii.gz
triming data...
(87, 112, 89, 458)    (87, 112, 89, 452)
(1.702, 1.702, 1.7, 1.0)
[[  1.70200002   0.           0.         -73.6481781 ]
 [  0.           1.70200002   0.         -85.81598663]
 [  0.           0.           1.70000005 -60.54845428]
 [  0.           0.           0.           1.        ]]
triming data...output to /projects/kuhl_lab/wanjiag/MONSTERA/derivatives/preprocess/sub-MONSTERA15/sub-MONSTERA15_task-08_space-T1w_desc-preproc_bold_trim6TRs.nii.gz
calculating mean......
3dTstat -mean -prefix /projects/kuhl_lab/wanjiag/MONSTERA/derivatives/preprocess/sub-MONSTERA15/sub-MONSTERA15_task-08_space-T1w_desc-preproc_bold_trim6TRs_mean-img.nii.gz /projects/kuhl_lab/wanjiag/MONSTERA/derivatives/preprocess/sub-MONSTERA15/sub-MONSTERA15_task-08_space-T1w_desc-preproc_bold_trim6TRs.nii.gz
220623-15:56:12,901 nipype.interface INFO:
	 stderr 2022-06-23T15:56:12.901587:++ 3dTstat: AFNI version=AFNI_18.2.04 (Jul  6 2018) [64-bit]
220623-15:56:12,901 nipype.interface INFO:
	 stderr 2022-06-23T15:56:12.901587:++ Authored by: KR Hammett & RW Cox
220623-15:56:12,908 nipype.interface INFO:
	 stderr 2022-06-23T15:56:12.908470:** AFNI converts NIFTI_datatype=64 (FLOAT64) in file /projects/kuhl_lab/wanjiag/MONSTERA/derivatives/preprocess/sub-MONSTERA15/sub-MONSTERA15_task-08_space-T1w_desc-preproc_bold_trim6TRs.nii.gz to FLOAT32
220623-15:56:12,908 nipype.interface INFO:
	 stderr 2022-06-23T15:56:12.908470:     Warnings of this type will be muted for this session.
220623-15:56:12,908 nipype.interface INFO:
	 stderr 2022-06-23T15:56:12.908470:     Set AFNI_NIFTI_TYPE_WARN to YES to see them all, NO to see none.
220623-15:56:27,619 nipype.interface INFO:
	 stderr 2022-06-23T15:56:27.619864:++ Output dataset /projects/kuhl_lab/wanjiag/MONSTERA/derivatives/preprocess/sub-MONSTERA15/sub-MONSTERA15_task-08_space-T1w_desc-preproc_bold_trim6TRs_mean-img.nii.gz
calculating mean...output to /projects/kuhl_lab/wanjiag/MONSTERA/derivatives/preprocess/sub-MONSTERA15/sub-MONSTERA15_task-08_space-T1w_desc-preproc_bold_trim6TRs_mean-img.nii.gz
Centering data ......
3dcalc -a /projects/kuhl_lab/wanjiag/MONSTERA/derivatives/preprocess/sub-MONSTERA15/sub-MONSTERA15_task-08_space-T1w_desc-preproc_bold_trim6TRs.nii.gz -b /projects/kuhl_lab/wanjiag/MONSTERA/derivatives/preprocess/sub-MONSTERA15/sub-MONSTERA15_task-08_space-T1w_desc-preproc_bold_trim6TRs_mean-img.nii.gz -c /projects/kuhl_lab/wanjiag/MONSTERA/derivatives/preprocess/sub-MONSTERA15/sub-MONSTERA15_space-T1w_desc-brain_intersect_mask.nii.gz -expr "c * min(200, a/b*100)*step(a)*step(b)" -prefix /projects/kuhl_lab/wanjiag/MONSTERA/derivatives/preprocess/sub-MONSTERA15/sub-MONSTERA15_task-08_space-T1w_desc-preproc_bold_trim6TRs_centered-masked.nii.gz
220623-15:56:27,731 nipype.interface INFO:
	 stderr 2022-06-23T15:56:27.731511:++ 3dcalc: AFNI version=AFNI_18.2.04 (Jul  6 2018) [64-bit]
220623-15:56:27,731 nipype.interface INFO:
	 stderr 2022-06-23T15:56:27.731511:++ Authored by: A cast of thousands
220623-15:56:27,731 nipype.interface INFO:
	 stderr 2022-06-23T15:56:27.731511:** AFNI converts NIFTI_datatype=64 (FLOAT64) in file /projects/kuhl_lab/wanjiag/MONSTERA/derivatives/preprocess/sub-MONSTERA15/sub-MONSTERA15_task-08_space-T1w_desc-preproc_bold_trim6TRs.nii.gz to FLOAT32
220623-15:56:27,731 nipype.interface INFO:
	 stderr 2022-06-23T15:56:27.731511:     Warnings of this type will be muted for this session.
220623-15:56:27,731 nipype.interface INFO:
	 stderr 2022-06-23T15:56:27.731511:     Set AFNI_NIFTI_TYPE_WARN to YES to see them all, NO to see none.
220623-15:57:37,611 nipype.interface INFO:
	 stderr 2022-06-23T15:57:37.611126:++ Output dataset /projects/kuhl_lab/wanjiag/MONSTERA/derivatives/preprocess/sub-MONSTERA15/sub-MONSTERA15_task-08_space-T1w_desc-preproc_bold_trim6TRs_centered-masked.nii.gz
Centering data...output to /projects/kuhl_lab/wanjiag/MONSTERA/derivatives/preprocess/sub-MONSTERA15/sub-MONSTERA15_task-08_space-T1w_desc-preproc_bold_trim6TRs_centered-masked.nii.gz
triming data...
(87, 112, 89, 458)    (87, 112, 89, 452)
(1.702, 1.702, 1.7, 1.0)
[[  1.70200002   0.           0.         -73.6481781 ]
 [  0.           1.70200002   0.         -85.81598663]
 [  0.           0.           1.70000005 -60.54845428]
 [  0.           0.           0.           1.        ]]
triming data...output to /projects/kuhl_lab/wanjiag/MONSTERA/derivatives/preprocess/sub-MONSTERA15/sub-MONSTERA15_task-09_space-T1w_desc-preproc_bold_trim6TRs.nii.gz
calculating mean......
3dTstat -mean -prefix /projects/kuhl_lab/wanjiag/MONSTERA/derivatives/preprocess/sub-MONSTERA15/sub-MONSTERA15_task-09_space-T1w_desc-preproc_bold_trim6TRs_mean-img.nii.gz /projects/kuhl_lab/wanjiag/MONSTERA/derivatives/preprocess/sub-MONSTERA15/sub-MONSTERA15_task-09_space-T1w_desc-preproc_bold_trim6TRs.nii.gz
220623-15:58:42,443 nipype.interface INFO:
	 stderr 2022-06-23T15:58:42.443540:++ 3dTstat: AFNI version=AFNI_18.2.04 (Jul  6 2018) [64-bit]
220623-15:58:42,443 nipype.interface INFO:
	 stderr 2022-06-23T15:58:42.443540:++ Authored by: KR Hammett & RW Cox
220623-15:58:42,448 nipype.interface INFO:
	 stderr 2022-06-23T15:58:42.448487:** AFNI converts NIFTI_datatype=64 (FLOAT64) in file /projects/kuhl_lab/wanjiag/MONSTERA/derivatives/preprocess/sub-MONSTERA15/sub-MONSTERA15_task-09_space-T1w_desc-preproc_bold_trim6TRs.nii.gz to FLOAT32
220623-15:58:42,448 nipype.interface INFO:
	 stderr 2022-06-23T15:58:42.448487:     Warnings of this type will be muted for this session.
220623-15:58:42,448 nipype.interface INFO:
	 stderr 2022-06-23T15:58:42.448487:     Set AFNI_NIFTI_TYPE_WARN to YES to see them all, NO to see none.
220623-15:58:57,262 nipype.interface INFO:
	 stderr 2022-06-23T15:58:57.262882:++ Output dataset /projects/kuhl_lab/wanjiag/MONSTERA/derivatives/preprocess/sub-MONSTERA15/sub-MONSTERA15_task-09_space-T1w_desc-preproc_bold_trim6TRs_mean-img.nii.gz
calculating mean...output to /projects/kuhl_lab/wanjiag/MONSTERA/derivatives/preprocess/sub-MONSTERA15/sub-MONSTERA15_task-09_space-T1w_desc-preproc_bold_trim6TRs_mean-img.nii.gz
Centering data ......
3dcalc -a /projects/kuhl_lab/wanjiag/MONSTERA/derivatives/preprocess/sub-MONSTERA15/sub-MONSTERA15_task-09_space-T1w_desc-preproc_bold_trim6TRs.nii.gz -b /projects/kuhl_lab/wanjiag/MONSTERA/derivatives/preprocess/sub-MONSTERA15/sub-MONSTERA15_task-09_space-T1w_desc-preproc_bold_trim6TRs_mean-img.nii.gz -c /projects/kuhl_lab/wanjiag/MONSTERA/derivatives/preprocess/sub-MONSTERA15/sub-MONSTERA15_space-T1w_desc-brain_intersect_mask.nii.gz -expr "c * min(200, a/b*100)*step(a)*step(b)" -prefix /projects/kuhl_lab/wanjiag/MONSTERA/derivatives/preprocess/sub-MONSTERA15/sub-MONSTERA15_task-09_space-T1w_desc-preproc_bold_trim6TRs_centered-masked.nii.gz
220623-15:58:57,361 nipype.interface INFO:
	 stderr 2022-06-23T15:58:57.361490:++ 3dcalc: AFNI version=AFNI_18.2.04 (Jul  6 2018) [64-bit]
220623-15:58:57,361 nipype.interface INFO:
	 stderr 2022-06-23T15:58:57.361490:++ Authored by: A cast of thousands
220623-15:58:57,361 nipype.interface INFO:
	 stderr 2022-06-23T15:58:57.361490:** AFNI converts NIFTI_datatype=64 (FLOAT64) in file /projects/kuhl_lab/wanjiag/MONSTERA/derivatives/preprocess/sub-MONSTERA15/sub-MONSTERA15_task-09_space-T1w_desc-preproc_bold_trim6TRs.nii.gz to FLOAT32
220623-15:58:57,361 nipype.interface INFO:
	 stderr 2022-06-23T15:58:57.361490:     Warnings of this type will be muted for this session.
220623-15:58:57,361 nipype.interface INFO:
	 stderr 2022-06-23T15:58:57.361490:     Set AFNI_NIFTI_TYPE_WARN to YES to see them all, NO to see none.
220623-16:00:08,333 nipype.interface INFO:
	 stderr 2022-06-23T16:00:08.333500:++ Output dataset /projects/kuhl_lab/wanjiag/MONSTERA/derivatives/preprocess/sub-MONSTERA15/sub-MONSTERA15_task-09_space-T1w_desc-preproc_bold_trim6TRs_centered-masked.nii.gz
Centering data...output to /projects/kuhl_lab/wanjiag/MONSTERA/derivatives/preprocess/sub-MONSTERA15/sub-MONSTERA15_task-09_space-T1w_desc-preproc_bold_trim6TRs_centered-masked.nii.gz
triming data...
(87, 112, 89, 458)    (87, 112, 89, 452)
(1.702, 1.702, 1.7, 1.0)
[[  1.70200002   0.           0.         -73.6481781 ]
 [  0.           1.70200002   0.         -85.81598663]
 [  0.           0.           1.70000005 -60.54845428]
 [  0.           0.           0.           1.        ]]
triming data...output to /projects/kuhl_lab/wanjiag/MONSTERA/derivatives/preprocess/sub-MONSTERA15/sub-MONSTERA15_task-10_space-T1w_desc-preproc_bold_trim6TRs.nii.gz
calculating mean......
3dTstat -mean -prefix /projects/kuhl_lab/wanjiag/MONSTERA/derivatives/preprocess/sub-MONSTERA15/sub-MONSTERA15_task-10_space-T1w_desc-preproc_bold_trim6TRs_mean-img.nii.gz /projects/kuhl_lab/wanjiag/MONSTERA/derivatives/preprocess/sub-MONSTERA15/sub-MONSTERA15_task-10_space-T1w_desc-preproc_bold_trim6TRs.nii.gz
220623-16:01:13,209 nipype.interface INFO:
	 stderr 2022-06-23T16:01:13.209681:++ 3dTstat: AFNI version=AFNI_18.2.04 (Jul  6 2018) [64-bit]
220623-16:01:13,209 nipype.interface INFO:
	 stderr 2022-06-23T16:01:13.209681:++ Authored by: KR Hammett & RW Cox
220623-16:01:13,215 nipype.interface INFO:
	 stderr 2022-06-23T16:01:13.215474:** AFNI converts NIFTI_datatype=64 (FLOAT64) in file /projects/kuhl_lab/wanjiag/MONSTERA/derivatives/preprocess/sub-MONSTERA15/sub-MONSTERA15_task-10_space-T1w_desc-preproc_bold_trim6TRs.nii.gz to FLOAT32
220623-16:01:13,215 nipype.interface INFO:
	 stderr 2022-06-23T16:01:13.215474:     Warnings of this type will be muted for this session.
220623-16:01:13,215 nipype.interface INFO:
	 stderr 2022-06-23T16:01:13.215474:     Set AFNI_NIFTI_TYPE_WARN to YES to see them all, NO to see none.
220623-16:01:27,933 nipype.interface INFO:
	 stderr 2022-06-23T16:01:27.933463:++ Output dataset /projects/kuhl_lab/wanjiag/MONSTERA/derivatives/preprocess/sub-MONSTERA15/sub-MONSTERA15_task-10_space-T1w_desc-preproc_bold_trim6TRs_mean-img.nii.gz
calculating mean...output to /projects/kuhl_lab/wanjiag/MONSTERA/derivatives/preprocess/sub-MONSTERA15/sub-MONSTERA15_task-10_space-T1w_desc-preproc_bold_trim6TRs_mean-img.nii.gz
Centering data ......
3dcalc -a /projects/kuhl_lab/wanjiag/MONSTERA/derivatives/preprocess/sub-MONSTERA15/sub-MONSTERA15_task-10_space-T1w_desc-preproc_bold_trim6TRs.nii.gz -b /projects/kuhl_lab/wanjiag/MONSTERA/derivatives/preprocess/sub-MONSTERA15/sub-MONSTERA15_task-10_space-T1w_desc-preproc_bold_trim6TRs_mean-img.nii.gz -c /projects/kuhl_lab/wanjiag/MONSTERA/derivatives/preprocess/sub-MONSTERA15/sub-MONSTERA15_space-T1w_desc-brain_intersect_mask.nii.gz -expr "c * min(200, a/b*100)*step(a)*step(b)" -prefix /projects/kuhl_lab/wanjiag/MONSTERA/derivatives/preprocess/sub-MONSTERA15/sub-MONSTERA15_task-10_space-T1w_desc-preproc_bold_trim6TRs_centered-masked.nii.gz
220623-16:01:28,46 nipype.interface INFO:
	 stderr 2022-06-23T16:01:28.046508:++ 3dcalc: AFNI version=AFNI_18.2.04 (Jul  6 2018) [64-bit]
220623-16:01:28,46 nipype.interface INFO:
	 stderr 2022-06-23T16:01:28.046508:++ Authored by: A cast of thousands
220623-16:01:28,46 nipype.interface INFO:
	 stderr 2022-06-23T16:01:28.046508:** AFNI converts NIFTI_datatype=64 (FLOAT64) in file /projects/kuhl_lab/wanjiag/MONSTERA/derivatives/preprocess/sub-MONSTERA15/sub-MONSTERA15_task-10_space-T1w_desc-preproc_bold_trim6TRs.nii.gz to FLOAT32
220623-16:01:28,46 nipype.interface INFO:
	 stderr 2022-06-23T16:01:28.046508:     Warnings of this type will be muted for this session.
220623-16:01:28,46 nipype.interface INFO:
	 stderr 2022-06-23T16:01:28.046508:     Set AFNI_NIFTI_TYPE_WARN to YES to see them all, NO to see none.
220623-16:02:38,50 nipype.interface INFO:
	 stderr 2022-06-23T16:02:38.050184:++ Output dataset /projects/kuhl_lab/wanjiag/MONSTERA/derivatives/preprocess/sub-MONSTERA15/sub-MONSTERA15_task-10_space-T1w_desc-preproc_bold_trim6TRs_centered-masked.nii.gz
Centering data...output to /projects/kuhl_lab/wanjiag/MONSTERA/derivatives/preprocess/sub-MONSTERA15/sub-MONSTERA15_task-10_space-T1w_desc-preproc_bold_trim6TRs_centered-masked.nii.gz
