sub-MONSTERA01
calculating mask intersection...
['/projects/kuhl_lab/wanjiag/MONSTERA/derivatives/fmriprep/sub-MONSTERA01/func/sub-MONSTERA01_task-01_space-T1w_desc-brain_mask.nii.gz', '/projects/kuhl_lab/wanjiag/MONSTERA/derivatives/fmriprep/sub-MONSTERA01/func/sub-MONSTERA01_task-02_space-T1w_desc-brain_mask.nii.gz', '/projects/kuhl_lab/wanjiag/MONSTERA/derivatives/fmriprep/sub-MONSTERA01/func/sub-MONSTERA01_task-03_space-T1w_desc-brain_mask.nii.gz', '/projects/kuhl_lab/wanjiag/MONSTERA/derivatives/fmriprep/sub-MONSTERA01/func/sub-MONSTERA01_task-04_space-T1w_desc-brain_mask.nii.gz', '/projects/kuhl_lab/wanjiag/MONSTERA/derivatives/fmriprep/sub-MONSTERA01/func/sub-MONSTERA01_task-05_space-T1w_desc-brain_mask.nii.gz', '/projects/kuhl_lab/wanjiag/MONSTERA/derivatives/fmriprep/sub-MONSTERA01/func/sub-MONSTERA01_task-06_space-T1w_desc-brain_mask.nii.gz', '/projects/kuhl_lab/wanjiag/MONSTERA/derivatives/fmriprep/sub-MONSTERA01/func/sub-MONSTERA01_task-07_space-T1w_desc-brain_mask.nii.gz', '/projects/kuhl_lab/wanjiag/MONSTERA/derivatives/fmriprep/sub-MONSTERA01/func/sub-MONSTERA01_task-08_space-T1w_desc-brain_mask.nii.gz', '/projects/kuhl_lab/wanjiag/MONSTERA/derivatives/fmriprep/sub-MONSTERA01/func/sub-MONSTERA01_task-09_space-T1w_desc-brain_mask.nii.gz', '/projects/kuhl_lab/wanjiag/MONSTERA/derivatives/fmriprep/sub-MONSTERA01/func/sub-MONSTERA01_task-10_space-T1w_desc-brain_mask.nii.gz']
-------------------- file existed for: sub-MONSTERA01 task-01. Skipped. --------------------
-------------------- file existed for: sub-MONSTERA01 task-02. Skipped. --------------------
-------------------- file existed for: sub-MONSTERA01 task-03. Skipped. --------------------
-------------------- file existed for: sub-MONSTERA01 task-04. Skipped. --------------------
-------------------- file existed for: sub-MONSTERA01 task-05. Skipped. --------------------
-------------------- file existed for: sub-MONSTERA01 task-06. Skipped. --------------------
-------------------- file existed for: sub-MONSTERA01 task-07. Skipped. --------------------
-------------------- file existed for: sub-MONSTERA01 task-08. Skipped. --------------------
-------------------- file existed for: sub-MONSTERA01 task-09. Skipped. --------------------
-------------------- file existed for: sub-MONSTERA01 task-10. Skipped. --------------------
sub-MONSTERA02
calculating mask intersection...
['/projects/kuhl_lab/wanjiag/MONSTERA/derivatives/fmriprep/sub-MONSTERA02/func/sub-MONSTERA02_task-01_space-T1w_desc-brain_mask.nii.gz', '/projects/kuhl_lab/wanjiag/MONSTERA/derivatives/fmriprep/sub-MONSTERA02/func/sub-MONSTERA02_task-02_space-T1w_desc-brain_mask.nii.gz', '/projects/kuhl_lab/wanjiag/MONSTERA/derivatives/fmriprep/sub-MONSTERA02/func/sub-MONSTERA02_task-03_space-T1w_desc-brain_mask.nii.gz', '/projects/kuhl_lab/wanjiag/MONSTERA/derivatives/fmriprep/sub-MONSTERA02/func/sub-MONSTERA02_task-04_space-T1w_desc-brain_mask.nii.gz', '/projects/kuhl_lab/wanjiag/MONSTERA/derivatives/fmriprep/sub-MONSTERA02/func/sub-MONSTERA02_task-05_space-T1w_desc-brain_mask.nii.gz', '/projects/kuhl_lab/wanjiag/MONSTERA/derivatives/fmriprep/sub-MONSTERA02/func/sub-MONSTERA02_task-06_space-T1w_desc-brain_mask.nii.gz', '/projects/kuhl_lab/wanjiag/MONSTERA/derivatives/fmriprep/sub-MONSTERA02/func/sub-MONSTERA02_task-07_space-T1w_desc-brain_mask.nii.gz', '/projects/kuhl_lab/wanjiag/MONSTERA/derivatives/fmriprep/sub-MONSTERA02/func/sub-MONSTERA02_task-08_space-T1w_desc-brain_mask.nii.gz', '/projects/kuhl_lab/wanjiag/MONSTERA/derivatives/fmriprep/sub-MONSTERA02/func/sub-MONSTERA02_task-09_space-T1w_desc-brain_mask.nii.gz', '/projects/kuhl_lab/wanjiag/MONSTERA/derivatives/fmriprep/sub-MONSTERA02/func/sub-MONSTERA02_task-10_space-T1w_desc-brain_mask.nii.gz']
-------------------- file existed for: sub-MONSTERA02 task-01. Skipped. --------------------
-------------------- file existed for: sub-MONSTERA02 task-02. Skipped. --------------------
-------------------- file existed for: sub-MONSTERA02 task-03. Skipped. --------------------
-------------------- file existed for: sub-MONSTERA02 task-04. Skipped. --------------------
-------------------- file existed for: sub-MONSTERA02 task-05. Skipped. --------------------
-------------------- file existed for: sub-MONSTERA02 task-06. Skipped. --------------------
-------------------- file existed for: sub-MONSTERA02 task-07. Skipped. --------------------
-------------------- file existed for: sub-MONSTERA02 task-08. Skipped. --------------------
-------------------- file existed for: sub-MONSTERA02 task-09. Skipped. --------------------
-------------------- file existed for: sub-MONSTERA02 task-10. Skipped. --------------------
sub-MONSTERA03
calculating mask intersection...
['/projects/kuhl_lab/wanjiag/MONSTERA/derivatives/fmriprep/sub-MONSTERA03/func/sub-MONSTERA03_task-01_space-T1w_desc-brain_mask.nii.gz', '/projects/kuhl_lab/wanjiag/MONSTERA/derivatives/fmriprep/sub-MONSTERA03/func/sub-MONSTERA03_task-02_space-T1w_desc-brain_mask.nii.gz', '/projects/kuhl_lab/wanjiag/MONSTERA/derivatives/fmriprep/sub-MONSTERA03/func/sub-MONSTERA03_task-03_space-T1w_desc-brain_mask.nii.gz', '/projects/kuhl_lab/wanjiag/MONSTERA/derivatives/fmriprep/sub-MONSTERA03/func/sub-MONSTERA03_task-04_space-T1w_desc-brain_mask.nii.gz', '/projects/kuhl_lab/wanjiag/MONSTERA/derivatives/fmriprep/sub-MONSTERA03/func/sub-MONSTERA03_task-05_space-T1w_desc-brain_mask.nii.gz', '/projects/kuhl_lab/wanjiag/MONSTERA/derivatives/fmriprep/sub-MONSTERA03/func/sub-MONSTERA03_task-06_space-T1w_desc-brain_mask.nii.gz', '/projects/kuhl_lab/wanjiag/MONSTERA/derivatives/fmriprep/sub-MONSTERA03/func/sub-MONSTERA03_task-07_space-T1w_desc-brain_mask.nii.gz', '/projects/kuhl_lab/wanjiag/MONSTERA/derivatives/fmriprep/sub-MONSTERA03/func/sub-MONSTERA03_task-08_space-T1w_desc-brain_mask.nii.gz', '/projects/kuhl_lab/wanjiag/MONSTERA/derivatives/fmriprep/sub-MONSTERA03/func/sub-MONSTERA03_task-09_space-T1w_desc-brain_mask.nii.gz', '/projects/kuhl_lab/wanjiag/MONSTERA/derivatives/fmriprep/sub-MONSTERA03/func/sub-MONSTERA03_task-10_space-T1w_desc-brain_mask.nii.gz']
-------------------- file existed for: sub-MONSTERA03 task-01. Skipped. --------------------
-------------------- file existed for: sub-MONSTERA03 task-02. Skipped. --------------------
-------------------- file existed for: sub-MONSTERA03 task-03. Skipped. --------------------
-------------------- file existed for: sub-MONSTERA03 task-04. Skipped. --------------------
-------------------- file existed for: sub-MONSTERA03 task-05. Skipped. --------------------
-------------------- file existed for: sub-MONSTERA03 task-06. Skipped. --------------------
-------------------- file existed for: sub-MONSTERA03 task-07. Skipped. --------------------
-------------------- file existed for: sub-MONSTERA03 task-08. Skipped. --------------------
-------------------- file existed for: sub-MONSTERA03 task-09. Skipped. --------------------
-------------------- file existed for: sub-MONSTERA03 task-10. Skipped. --------------------
sub-MONSTERA04
calculating mask intersection...
['/projects/kuhl_lab/wanjiag/MONSTERA/derivatives/fmriprep/sub-MONSTERA04/func/sub-MONSTERA04_task-01_space-T1w_desc-brain_mask.nii.gz', '/projects/kuhl_lab/wanjiag/MONSTERA/derivatives/fmriprep/sub-MONSTERA04/func/sub-MONSTERA04_task-02_space-T1w_desc-brain_mask.nii.gz', '/projects/kuhl_lab/wanjiag/MONSTERA/derivatives/fmriprep/sub-MONSTERA04/func/sub-MONSTERA04_task-03_space-T1w_desc-brain_mask.nii.gz', '/projects/kuhl_lab/wanjiag/MONSTERA/derivatives/fmriprep/sub-MONSTERA04/func/sub-MONSTERA04_task-04_space-T1w_desc-brain_mask.nii.gz', '/projects/kuhl_lab/wanjiag/MONSTERA/derivatives/fmriprep/sub-MONSTERA04/func/sub-MONSTERA04_task-05_space-T1w_desc-brain_mask.nii.gz', '/projects/kuhl_lab/wanjiag/MONSTERA/derivatives/fmriprep/sub-MONSTERA04/func/sub-MONSTERA04_task-06_space-T1w_desc-brain_mask.nii.gz', '/projects/kuhl_lab/wanjiag/MONSTERA/derivatives/fmriprep/sub-MONSTERA04/func/sub-MONSTERA04_task-07_space-T1w_desc-brain_mask.nii.gz', '/projects/kuhl_lab/wanjiag/MONSTERA/derivatives/fmriprep/sub-MONSTERA04/func/sub-MONSTERA04_task-08_space-T1w_desc-brain_mask.nii.gz', '/projects/kuhl_lab/wanjiag/MONSTERA/derivatives/fmriprep/sub-MONSTERA04/func/sub-MONSTERA04_task-09_space-T1w_desc-brain_mask.nii.gz', '/projects/kuhl_lab/wanjiag/MONSTERA/derivatives/fmriprep/sub-MONSTERA04/func/sub-MONSTERA04_task-10_space-T1w_desc-brain_mask.nii.gz']
-------------------- file existed for: sub-MONSTERA04 task-01. Skipped. --------------------
-------------------- file existed for: sub-MONSTERA04 task-02. Skipped. --------------------
-------------------- file existed for: sub-MONSTERA04 task-03. Skipped. --------------------
-------------------- file existed for: sub-MONSTERA04 task-04. Skipped. --------------------
-------------------- file existed for: sub-MONSTERA04 task-05. Skipped. --------------------
-------------------- file existed for: sub-MONSTERA04 task-06. Skipped. --------------------
-------------------- file existed for: sub-MONSTERA04 task-07. Skipped. --------------------
-------------------- file existed for: sub-MONSTERA04 task-08. Skipped. --------------------
-------------------- file existed for: sub-MONSTERA04 task-09. Skipped. --------------------
-------------------- file existed for: sub-MONSTERA04 task-10. Skipped. --------------------
sub-MONSTERA05
calculating mask intersection...
['/projects/kuhl_lab/wanjiag/MONSTERA/derivatives/fmriprep/sub-MONSTERA05/func/sub-MONSTERA05_task-01_space-T1w_desc-brain_mask.nii.gz', '/projects/kuhl_lab/wanjiag/MONSTERA/derivatives/fmriprep/sub-MONSTERA05/func/sub-MONSTERA05_task-02_space-T1w_desc-brain_mask.nii.gz', '/projects/kuhl_lab/wanjiag/MONSTERA/derivatives/fmriprep/sub-MONSTERA05/func/sub-MONSTERA05_task-03_space-T1w_desc-brain_mask.nii.gz', '/projects/kuhl_lab/wanjiag/MONSTERA/derivatives/fmriprep/sub-MONSTERA05/func/sub-MONSTERA05_task-04_space-T1w_desc-brain_mask.nii.gz', '/projects/kuhl_lab/wanjiag/MONSTERA/derivatives/fmriprep/sub-MONSTERA05/func/sub-MONSTERA05_task-05_space-T1w_desc-brain_mask.nii.gz', '/projects/kuhl_lab/wanjiag/MONSTERA/derivatives/fmriprep/sub-MONSTERA05/func/sub-MONSTERA05_task-06_space-T1w_desc-brain_mask.nii.gz', '/projects/kuhl_lab/wanjiag/MONSTERA/derivatives/fmriprep/sub-MONSTERA05/func/sub-MONSTERA05_task-07_space-T1w_desc-brain_mask.nii.gz', '/projects/kuhl_lab/wanjiag/MONSTERA/derivatives/fmriprep/sub-MONSTERA05/func/sub-MONSTERA05_task-08_space-T1w_desc-brain_mask.nii.gz', '/projects/kuhl_lab/wanjiag/MONSTERA/derivatives/fmriprep/sub-MONSTERA05/func/sub-MONSTERA05_task-09_space-T1w_desc-brain_mask.nii.gz', '/projects/kuhl_lab/wanjiag/MONSTERA/derivatives/fmriprep/sub-MONSTERA05/func/sub-MONSTERA05_task-10_space-T1w_desc-brain_mask.nii.gz']
-------------------- file existed for: sub-MONSTERA05 task-01. Skipped. --------------------
-------------------- file existed for: sub-MONSTERA05 task-02. Skipped. --------------------
-------------------- file existed for: sub-MONSTERA05 task-03. Skipped. --------------------
-------------------- file existed for: sub-MONSTERA05 task-04. Skipped. --------------------
-------------------- file existed for: sub-MONSTERA05 task-05. Skipped. --------------------
-------------------- file existed for: sub-MONSTERA05 task-06. Skipped. --------------------
-------------------- file existed for: sub-MONSTERA05 task-07. Skipped. --------------------
-------------------- file existed for: sub-MONSTERA05 task-08. Skipped. --------------------
-------------------- file existed for: sub-MONSTERA05 task-09. Skipped. --------------------
-------------------- file existed for: sub-MONSTERA05 task-10. Skipped. --------------------
sub-MONSTERA06
calculating mask intersection...
['/projects/kuhl_lab/wanjiag/MONSTERA/derivatives/fmriprep/sub-MONSTERA06/func/sub-MONSTERA06_task-01_space-T1w_desc-brain_mask.nii.gz', '/projects/kuhl_lab/wanjiag/MONSTERA/derivatives/fmriprep/sub-MONSTERA06/func/sub-MONSTERA06_task-02_space-T1w_desc-brain_mask.nii.gz', '/projects/kuhl_lab/wanjiag/MONSTERA/derivatives/fmriprep/sub-MONSTERA06/func/sub-MONSTERA06_task-03_space-T1w_desc-brain_mask.nii.gz', '/projects/kuhl_lab/wanjiag/MONSTERA/derivatives/fmriprep/sub-MONSTERA06/func/sub-MONSTERA06_task-04_space-T1w_desc-brain_mask.nii.gz', '/projects/kuhl_lab/wanjiag/MONSTERA/derivatives/fmriprep/sub-MONSTERA06/func/sub-MONSTERA06_task-05_space-T1w_desc-brain_mask.nii.gz', '/projects/kuhl_lab/wanjiag/MONSTERA/derivatives/fmriprep/sub-MONSTERA06/func/sub-MONSTERA06_task-06_space-T1w_desc-brain_mask.nii.gz', '/projects/kuhl_lab/wanjiag/MONSTERA/derivatives/fmriprep/sub-MONSTERA06/func/sub-MONSTERA06_task-07_space-T1w_desc-brain_mask.nii.gz', '/projects/kuhl_lab/wanjiag/MONSTERA/derivatives/fmriprep/sub-MONSTERA06/func/sub-MONSTERA06_task-08_space-T1w_desc-brain_mask.nii.gz', '/projects/kuhl_lab/wanjiag/MONSTERA/derivatives/fmriprep/sub-MONSTERA06/func/sub-MONSTERA06_task-09_space-T1w_desc-brain_mask.nii.gz', '/projects/kuhl_lab/wanjiag/MONSTERA/derivatives/fmriprep/sub-MONSTERA06/func/sub-MONSTERA06_task-10_space-T1w_desc-brain_mask.nii.gz']
-------------------- file existed for: sub-MONSTERA06 task-01. Skipped. --------------------
-------------------- file existed for: sub-MONSTERA06 task-02. Skipped. --------------------
-------------------- file existed for: sub-MONSTERA06 task-03. Skipped. --------------------
-------------------- file existed for: sub-MONSTERA06 task-04. Skipped. --------------------
-------------------- file existed for: sub-MONSTERA06 task-05. Skipped. --------------------
-------------------- file existed for: sub-MONSTERA06 task-06. Skipped. --------------------
-------------------- file existed for: sub-MONSTERA06 task-07. Skipped. --------------------
-------------------- file existed for: sub-MONSTERA06 task-08. Skipped. --------------------
-------------------- file existed for: sub-MONSTERA06 task-09. Skipped. --------------------
-------------------- file existed for: sub-MONSTERA06 task-10. Skipped. --------------------
sub-MONSTERA07
calculating mask intersection...
['/projects/kuhl_lab/wanjiag/MONSTERA/derivatives/fmriprep/sub-MONSTERA07/func/sub-MONSTERA07_task-01_space-T1w_desc-brain_mask.nii.gz', '/projects/kuhl_lab/wanjiag/MONSTERA/derivatives/fmriprep/sub-MONSTERA07/func/sub-MONSTERA07_task-02_space-T1w_desc-brain_mask.nii.gz', '/projects/kuhl_lab/wanjiag/MONSTERA/derivatives/fmriprep/sub-MONSTERA07/func/sub-MONSTERA07_task-03_space-T1w_desc-brain_mask.nii.gz', '/projects/kuhl_lab/wanjiag/MONSTERA/derivatives/fmriprep/sub-MONSTERA07/func/sub-MONSTERA07_task-04_space-T1w_desc-brain_mask.nii.gz', '/projects/kuhl_lab/wanjiag/MONSTERA/derivatives/fmriprep/sub-MONSTERA07/func/sub-MONSTERA07_task-05_space-T1w_desc-brain_mask.nii.gz', '/projects/kuhl_lab/wanjiag/MONSTERA/derivatives/fmriprep/sub-MONSTERA07/func/sub-MONSTERA07_task-06_space-T1w_desc-brain_mask.nii.gz', '/projects/kuhl_lab/wanjiag/MONSTERA/derivatives/fmriprep/sub-MONSTERA07/func/sub-MONSTERA07_task-07_space-T1w_desc-brain_mask.nii.gz', '/projects/kuhl_lab/wanjiag/MONSTERA/derivatives/fmriprep/sub-MONSTERA07/func/sub-MONSTERA07_task-08_space-T1w_desc-brain_mask.nii.gz', '/projects/kuhl_lab/wanjiag/MONSTERA/derivatives/fmriprep/sub-MONSTERA07/func/sub-MONSTERA07_task-09_space-T1w_desc-brain_mask.nii.gz', '/projects/kuhl_lab/wanjiag/MONSTERA/derivatives/fmriprep/sub-MONSTERA07/func/sub-MONSTERA07_task-10_space-T1w_desc-brain_mask.nii.gz']
-------------------- file existed for: sub-MONSTERA07 task-01. Skipped. --------------------
-------------------- file existed for: sub-MONSTERA07 task-02. Skipped. --------------------
-------------------- file existed for: sub-MONSTERA07 task-03. Skipped. --------------------
-------------------- file existed for: sub-MONSTERA07 task-04. Skipped. --------------------
-------------------- file existed for: sub-MONSTERA07 task-05. Skipped. --------------------
-------------------- file existed for: sub-MONSTERA07 task-06. Skipped. --------------------
-------------------- file existed for: sub-MONSTERA07 task-07. Skipped. --------------------
-------------------- file existed for: sub-MONSTERA07 task-08. Skipped. --------------------
-------------------- file existed for: sub-MONSTERA07 task-09. Skipped. --------------------
triming data...
(86, 105, 80, 458)    (86, 105, 80, 452)
(1.702, 1.702, 1.7, 1.0)
[[  1.70200002   0.           0.         -72.86464691]
 [  0.           1.70200002   0.         -80.64543152]
 [  0.           0.           1.70000005 -51.20407104]
 [  0.           0.           0.           1.        ]]
triming data...output to /projects/kuhl_lab/wanjiag/MONSTERA/derivatives/preprocess/sub-MONSTERA07/sub-MONSTERA07_task-10_space-T1w_desc-preproc_bold_trim6TRs.nii.gz
calculating mean......
3dTstat -mean -prefix /projects/kuhl_lab/wanjiag/MONSTERA/derivatives/preprocess/sub-MONSTERA07/sub-MONSTERA07_task-10_space-T1w_desc-preproc_bold_trim6TRs_mean-img.nii.gz /projects/kuhl_lab/wanjiag/MONSTERA/derivatives/preprocess/sub-MONSTERA07/sub-MONSTERA07_task-10_space-T1w_desc-preproc_bold_trim6TRs.nii.gz
220427-14:40:19,857 nipype.interface INFO:
	 stderr 2022-04-27T14:40:19.857752:++ 3dTstat: AFNI version=AFNI_18.2.04 (Jul  6 2018) [64-bit]
220427-14:40:19,879 nipype.interface INFO:
	 stderr 2022-04-27T14:40:19.857752:++ Authored by: KR Hammett & RW Cox
220427-14:40:19,879 nipype.interface INFO:
	 stderr 2022-04-27T14:40:19.879919:** AFNI converts NIFTI_datatype=64 (FLOAT64) in file /projects/kuhl_lab/wanjiag/MONSTERA/derivatives/preprocess/sub-MONSTERA07/sub-MONSTERA07_task-10_space-T1w_desc-preproc_bold_trim6TRs.nii.gz to FLOAT32
220427-14:40:19,879 nipype.interface INFO:
	 stderr 2022-04-27T14:40:19.879919:     Warnings of this type will be muted for this session.
220427-14:40:19,879 nipype.interface INFO:
	 stderr 2022-04-27T14:40:19.879919:     Set AFNI_NIFTI_TYPE_WARN to YES to see them all, NO to see none.
220427-14:40:34,315 nipype.interface INFO:
	 stderr 2022-04-27T14:40:34.315488:++ Output dataset /projects/kuhl_lab/wanjiag/MONSTERA/derivatives/preprocess/sub-MONSTERA07/sub-MONSTERA07_task-10_space-T1w_desc-preproc_bold_trim6TRs_mean-img.nii.gz
calculating mean...output to /projects/kuhl_lab/wanjiag/MONSTERA/derivatives/preprocess/sub-MONSTERA07/sub-MONSTERA07_task-10_space-T1w_desc-preproc_bold_trim6TRs_mean-img.nii.gz
Centering data ......
3dcalc -a /projects/kuhl_lab/wanjiag/MONSTERA/derivatives/preprocess/sub-MONSTERA07/sub-MONSTERA07_task-10_space-T1w_desc-preproc_bold_trim6TRs.nii.gz -b /projects/kuhl_lab/wanjiag/MONSTERA/derivatives/preprocess/sub-MONSTERA07/sub-MONSTERA07_task-10_space-T1w_desc-preproc_bold_trim6TRs_mean-img.nii.gz -c /projects/kuhl_lab/wanjiag/MONSTERA/derivatives/preprocess/sub-MONSTERA07/sub-MONSTERA07_space-T1w_desc-brain_intersect_mask.nii.gz -expr "c * min(200, a/b*100)*step(a)*step(b)" -prefix /projects/kuhl_lab/wanjiag/MONSTERA/derivatives/preprocess/sub-MONSTERA07/sub-MONSTERA07_task-10_space-T1w_desc-preproc_bold_trim6TRs_centered-masked.nii.gz
220427-14:40:34,451 nipype.interface INFO:
	 stderr 2022-04-27T14:40:34.451196:++ 3dcalc: AFNI version=AFNI_18.2.04 (Jul  6 2018) [64-bit]
220427-14:40:34,451 nipype.interface INFO:
	 stderr 2022-04-27T14:40:34.451196:++ Authored by: A cast of thousands
220427-14:40:34,465 nipype.interface INFO:
	 stderr 2022-04-27T14:40:34.465780:** AFNI converts NIFTI_datatype=64 (FLOAT64) in file /projects/kuhl_lab/wanjiag/MONSTERA/derivatives/preprocess/sub-MONSTERA07/sub-MONSTERA07_task-10_space-T1w_desc-preproc_bold_trim6TRs.nii.gz to FLOAT32
220427-14:40:34,465 nipype.interface INFO:
	 stderr 2022-04-27T14:40:34.465780:     Warnings of this type will be muted for this session.
220427-14:40:34,465 nipype.interface INFO:
	 stderr 2022-04-27T14:40:34.465780:     Set AFNI_NIFTI_TYPE_WARN to YES to see them all, NO to see none.
220427-14:41:38,382 nipype.interface INFO:
	 stderr 2022-04-27T14:41:38.382894:++ Output dataset /projects/kuhl_lab/wanjiag/MONSTERA/derivatives/preprocess/sub-MONSTERA07/sub-MONSTERA07_task-10_space-T1w_desc-preproc_bold_trim6TRs_centered-masked.nii.gz
Centering data...output to /projects/kuhl_lab/wanjiag/MONSTERA/derivatives/preprocess/sub-MONSTERA07/sub-MONSTERA07_task-10_space-T1w_desc-preproc_bold_trim6TRs_centered-masked.nii.gz
