['sub-MONSTERA01', 'sub-MONSTERA02', 'sub-MONSTERA03', 'sub-MONSTERA04', 'sub-MONSTERA05', 'sub-MONSTERA06', 'sub-MONSTERA07', 'sub-MONSTERA08', 'sub-MONSTERA09', 'sub-MONSTERA10']
--------------------sub-MONSTERA01-------------------
/projects/kuhl_lab/wanjiag/MONSTERA/derivatives/rois/sub-MONSTERA01
/home/wanjiag/projects/MONSTERA/derivatives/fmriprep/sourcedata/freesurfer/sub-MONSTERA01/mri/aparc.a2009s+aseg.mgz
/projects/kuhl_lab/wanjiag/MONSTERA/derivatives/rois/sub-MONSTERA01/aparc.a2009s+aseg.nii.gz
/projects/kuhl_lab/wanjiag/MONSTERA/derivatives/fmriprep/sub-MONSTERA01/anat/sub-MONSTERA01_run-5_desc-aparcaseg_dseg.nii.gz
/projects/kuhl_lab/wanjiag/MONSTERA/derivatives/rois/sub-MONSTERA01/run-5_desc-aparcaseg_dseg.nii.gz
calculating mean......
3dTstat -mean -prefix /projects/kuhl_lab/wanjiag/MONSTERA/derivatives/rois/sub-MONSTERA01/sub-MONSTERA01_task-01_desc-preproc_bold_trim6_denoise_z-scored_mean.nii.gz /projects/kuhl_lab/wanjiag/MONSTERA/derivatives/preprocess/sub-MONSTERA01/sub-MONSTERA01_task-01_desc-preproc_bold_trim6_denoise_z-scored.nii.gz
220504-13:54:13,880 nipype.interface INFO:
	 stderr 2022-05-04T13:54:13.880281:++ 3dTstat: AFNI version=AFNI_18.2.04 (Jul  6 2018) [64-bit]
220504-13:54:13,880 nipype.interface INFO:
	 stderr 2022-05-04T13:54:13.880281:++ Authored by: KR Hammett & RW Cox
220504-13:54:13,886 nipype.interface INFO:
	 stderr 2022-05-04T13:54:13.886773:** AFNI converts NIFTI_datatype=64 (FLOAT64) in file /projects/kuhl_lab/wanjiag/MONSTERA/derivatives/preprocess/sub-MONSTERA01/sub-MONSTERA01_task-01_desc-preproc_bold_trim6_denoise_z-scored.nii.gz to FLOAT32
220504-13:54:13,886 nipype.interface INFO:
	 stderr 2022-05-04T13:54:13.886773:     Warnings of this type will be muted for this session.
220504-13:54:13,886 nipype.interface INFO:
	 stderr 2022-05-04T13:54:13.886773:     Set AFNI_NIFTI_TYPE_WARN to YES to see them all, NO to see none.
220504-13:54:25,518 nipype.interface INFO:
	 stderr 2022-05-04T13:54:25.518787:++ Output dataset /projects/kuhl_lab/wanjiag/MONSTERA/derivatives/rois/sub-MONSTERA01/sub-MONSTERA01_task-01_desc-preproc_bold_trim6_denoise_z-scored_mean.nii.gz
calculating mean...output to /projects/kuhl_lab/wanjiag/MONSTERA/derivatives/rois/sub-MONSTERA01/sub-MONSTERA01_task-01_desc-preproc_bold_trim6_denoise_z-scored_mean.nii.gz
calculating mean......
3dTstat -mean -prefix /projects/kuhl_lab/wanjiag/MONSTERA/derivatives/rois/sub-MONSTERA01/sub-MONSTERA01_task-02_desc-preproc_bold_trim6_denoise_z-scored_mean.nii.gz /projects/kuhl_lab/wanjiag/MONSTERA/derivatives/preprocess/sub-MONSTERA01/sub-MONSTERA01_task-02_desc-preproc_bold_trim6_denoise_z-scored.nii.gz
220504-13:54:25,610 nipype.interface INFO:
	 stderr 2022-05-04T13:54:25.610370:++ 3dTstat: AFNI version=AFNI_18.2.04 (Jul  6 2018) [64-bit]
220504-13:54:25,610 nipype.interface INFO:
	 stderr 2022-05-04T13:54:25.610370:++ Authored by: KR Hammett & RW Cox
220504-13:54:25,640 nipype.interface INFO:
	 stderr 2022-05-04T13:54:25.640640:** AFNI converts NIFTI_datatype=64 (FLOAT64) in file /projects/kuhl_lab/wanjiag/MONSTERA/derivatives/preprocess/sub-MONSTERA01/sub-MONSTERA01_task-02_desc-preproc_bold_trim6_denoise_z-scored.nii.gz to FLOAT32
220504-13:54:25,640 nipype.interface INFO:
	 stderr 2022-05-04T13:54:25.640640:     Warnings of this type will be muted for this session.
220504-13:54:25,640 nipype.interface INFO:
	 stderr 2022-05-04T13:54:25.640640:     Set AFNI_NIFTI_TYPE_WARN to YES to see them all, NO to see none.
220504-13:54:37,134 nipype.interface INFO:
	 stderr 2022-05-04T13:54:37.134898:++ Output dataset /projects/kuhl_lab/wanjiag/MONSTERA/derivatives/rois/sub-MONSTERA01/sub-MONSTERA01_task-02_desc-preproc_bold_trim6_denoise_z-scored_mean.nii.gz
calculating mean...output to /projects/kuhl_lab/wanjiag/MONSTERA/derivatives/rois/sub-MONSTERA01/sub-MONSTERA01_task-02_desc-preproc_bold_trim6_denoise_z-scored_mean.nii.gz
calculating mean......
3dTstat -mean -prefix /projects/kuhl_lab/wanjiag/MONSTERA/derivatives/rois/sub-MONSTERA01/sub-MONSTERA01_task-03_desc-preproc_bold_trim6_denoise_z-scored_mean.nii.gz /projects/kuhl_lab/wanjiag/MONSTERA/derivatives/preprocess/sub-MONSTERA01/sub-MONSTERA01_task-03_desc-preproc_bold_trim6_denoise_z-scored.nii.gz
220504-13:54:37,226 nipype.interface INFO:
	 stderr 2022-05-04T13:54:37.226347:++ 3dTstat: AFNI version=AFNI_18.2.04 (Jul  6 2018) [64-bit]
220504-13:54:37,227 nipype.interface INFO:
	 stderr 2022-05-04T13:54:37.226347:++ Authored by: KR Hammett & RW Cox
220504-13:54:37,250 nipype.interface INFO:
	 stderr 2022-05-04T13:54:37.249983:** AFNI converts NIFTI_datatype=64 (FLOAT64) in file /projects/kuhl_lab/wanjiag/MONSTERA/derivatives/preprocess/sub-MONSTERA01/sub-MONSTERA01_task-03_desc-preproc_bold_trim6_denoise_z-scored.nii.gz to FLOAT32
220504-13:54:37,250 nipype.interface INFO:
	 stderr 2022-05-04T13:54:37.249983:     Warnings of this type will be muted for this session.
220504-13:54:37,250 nipype.interface INFO:
	 stderr 2022-05-04T13:54:37.249983:     Set AFNI_NIFTI_TYPE_WARN to YES to see them all, NO to see none.
220504-13:54:48,640 nipype.interface INFO:
	 stderr 2022-05-04T13:54:48.640185:++ Output dataset /projects/kuhl_lab/wanjiag/MONSTERA/derivatives/rois/sub-MONSTERA01/sub-MONSTERA01_task-03_desc-preproc_bold_trim6_denoise_z-scored_mean.nii.gz
calculating mean...output to /projects/kuhl_lab/wanjiag/MONSTERA/derivatives/rois/sub-MONSTERA01/sub-MONSTERA01_task-03_desc-preproc_bold_trim6_denoise_z-scored_mean.nii.gz
calculating mean......
3dTstat -mean -prefix /projects/kuhl_lab/wanjiag/MONSTERA/derivatives/rois/sub-MONSTERA01/sub-MONSTERA01_task-04_desc-preproc_bold_trim6_denoise_z-scored_mean.nii.gz /projects/kuhl_lab/wanjiag/MONSTERA/derivatives/preprocess/sub-MONSTERA01/sub-MONSTERA01_task-04_desc-preproc_bold_trim6_denoise_z-scored.nii.gz
220504-13:54:48,733 nipype.interface INFO:
	 stderr 2022-05-04T13:54:48.733314:++ 3dTstat: AFNI version=AFNI_18.2.04 (Jul  6 2018) [64-bit]
220504-13:54:48,733 nipype.interface INFO:
	 stderr 2022-05-04T13:54:48.733314:++ Authored by: KR Hammett & RW Cox
220504-13:54:48,766 nipype.interface INFO:
	 stderr 2022-05-04T13:54:48.766139:** AFNI converts NIFTI_datatype=64 (FLOAT64) in file /projects/kuhl_lab/wanjiag/MONSTERA/derivatives/preprocess/sub-MONSTERA01/sub-MONSTERA01_task-04_desc-preproc_bold_trim6_denoise_z-scored.nii.gz to FLOAT32
220504-13:54:48,766 nipype.interface INFO:
	 stderr 2022-05-04T13:54:48.766139:     Warnings of this type will be muted for this session.
220504-13:54:48,766 nipype.interface INFO:
	 stderr 2022-05-04T13:54:48.766139:     Set AFNI_NIFTI_TYPE_WARN to YES to see them all, NO to see none.
220504-13:55:00,156 nipype.interface INFO:
	 stderr 2022-05-04T13:55:00.156783:++ Output dataset /projects/kuhl_lab/wanjiag/MONSTERA/derivatives/rois/sub-MONSTERA01/sub-MONSTERA01_task-04_desc-preproc_bold_trim6_denoise_z-scored_mean.nii.gz
calculating mean...output to /projects/kuhl_lab/wanjiag/MONSTERA/derivatives/rois/sub-MONSTERA01/sub-MONSTERA01_task-04_desc-preproc_bold_trim6_denoise_z-scored_mean.nii.gz
calculating mean......
3dTstat -mean -prefix /projects/kuhl_lab/wanjiag/MONSTERA/derivatives/rois/sub-MONSTERA01/sub-MONSTERA01_task-05_desc-preproc_bold_trim6_denoise_z-scored_mean.nii.gz /projects/kuhl_lab/wanjiag/MONSTERA/derivatives/preprocess/sub-MONSTERA01/sub-MONSTERA01_task-05_desc-preproc_bold_trim6_denoise_z-scored.nii.gz
220504-13:55:00,248 nipype.interface INFO:
	 stderr 2022-05-04T13:55:00.248625:++ 3dTstat: AFNI version=AFNI_18.2.04 (Jul  6 2018) [64-bit]
220504-13:55:00,248 nipype.interface INFO:
	 stderr 2022-05-04T13:55:00.248625:++ Authored by: KR Hammett & RW Cox
220504-13:55:00,254 nipype.interface INFO:
	 stderr 2022-05-04T13:55:00.254874:** AFNI converts NIFTI_datatype=64 (FLOAT64) in file /projects/kuhl_lab/wanjiag/MONSTERA/derivatives/preprocess/sub-MONSTERA01/sub-MONSTERA01_task-05_desc-preproc_bold_trim6_denoise_z-scored.nii.gz to FLOAT32
220504-13:55:00,254 nipype.interface INFO:
	 stderr 2022-05-04T13:55:00.254874:     Warnings of this type will be muted for this session.
220504-13:55:00,255 nipype.interface INFO:
	 stderr 2022-05-04T13:55:00.254874:     Set AFNI_NIFTI_TYPE_WARN to YES to see them all, NO to see none.
220504-13:55:11,608 nipype.interface INFO:
	 stderr 2022-05-04T13:55:11.608253:++ Output dataset /projects/kuhl_lab/wanjiag/MONSTERA/derivatives/rois/sub-MONSTERA01/sub-MONSTERA01_task-05_desc-preproc_bold_trim6_denoise_z-scored_mean.nii.gz
calculating mean...output to /projects/kuhl_lab/wanjiag/MONSTERA/derivatives/rois/sub-MONSTERA01/sub-MONSTERA01_task-05_desc-preproc_bold_trim6_denoise_z-scored_mean.nii.gz
calculating mean......
3dTstat -mean -prefix /projects/kuhl_lab/wanjiag/MONSTERA/derivatives/rois/sub-MONSTERA01/sub-MONSTERA01_task-06_desc-preproc_bold_trim6_denoise_z-scored_mean.nii.gz /projects/kuhl_lab/wanjiag/MONSTERA/derivatives/preprocess/sub-MONSTERA01/sub-MONSTERA01_task-06_desc-preproc_bold_trim6_denoise_z-scored.nii.gz
220504-13:55:11,699 nipype.interface INFO:
	 stderr 2022-05-04T13:55:11.699841:++ 3dTstat: AFNI version=AFNI_18.2.04 (Jul  6 2018) [64-bit]
220504-13:55:11,700 nipype.interface INFO:
	 stderr 2022-05-04T13:55:11.699841:++ Authored by: KR Hammett & RW Cox
220504-13:55:11,706 nipype.interface INFO:
	 stderr 2022-05-04T13:55:11.706350:** AFNI converts NIFTI_datatype=64 (FLOAT64) in file /projects/kuhl_lab/wanjiag/MONSTERA/derivatives/preprocess/sub-MONSTERA01/sub-MONSTERA01_task-06_desc-preproc_bold_trim6_denoise_z-scored.nii.gz to FLOAT32
220504-13:55:11,706 nipype.interface INFO:
	 stderr 2022-05-04T13:55:11.706350:     Warnings of this type will be muted for this session.
220504-13:55:11,706 nipype.interface INFO:
	 stderr 2022-05-04T13:55:11.706350:     Set AFNI_NIFTI_TYPE_WARN to YES to see them all, NO to see none.
220504-13:55:22,961 nipype.interface INFO:
	 stderr 2022-05-04T13:55:22.961798:++ Output dataset /projects/kuhl_lab/wanjiag/MONSTERA/derivatives/rois/sub-MONSTERA01/sub-MONSTERA01_task-06_desc-preproc_bold_trim6_denoise_z-scored_mean.nii.gz
calculating mean...output to /projects/kuhl_lab/wanjiag/MONSTERA/derivatives/rois/sub-MONSTERA01/sub-MONSTERA01_task-06_desc-preproc_bold_trim6_denoise_z-scored_mean.nii.gz
calculating mean......
3dTstat -mean -prefix /projects/kuhl_lab/wanjiag/MONSTERA/derivatives/rois/sub-MONSTERA01/sub-MONSTERA01_task-07_desc-preproc_bold_trim6_denoise_z-scored_mean.nii.gz /projects/kuhl_lab/wanjiag/MONSTERA/derivatives/preprocess/sub-MONSTERA01/sub-MONSTERA01_task-07_desc-preproc_bold_trim6_denoise_z-scored.nii.gz
220504-13:55:23,73 nipype.interface INFO:
	 stderr 2022-05-04T13:55:23.073564:++ 3dTstat: AFNI version=AFNI_18.2.04 (Jul  6 2018) [64-bit]
220504-13:55:23,73 nipype.interface INFO:
	 stderr 2022-05-04T13:55:23.073564:++ Authored by: KR Hammett & RW Cox
220504-13:55:23,79 nipype.interface INFO:
	 stderr 2022-05-04T13:55:23.079266:** AFNI converts NIFTI_datatype=64 (FLOAT64) in file /projects/kuhl_lab/wanjiag/MONSTERA/derivatives/preprocess/sub-MONSTERA01/sub-MONSTERA01_task-07_desc-preproc_bold_trim6_denoise_z-scored.nii.gz to FLOAT32
220504-13:55:23,79 nipype.interface INFO:
	 stderr 2022-05-04T13:55:23.079266:     Warnings of this type will be muted for this session.
220504-13:55:23,79 nipype.interface INFO:
	 stderr 2022-05-04T13:55:23.079266:     Set AFNI_NIFTI_TYPE_WARN to YES to see them all, NO to see none.
220504-13:55:34,408 nipype.interface INFO:
	 stderr 2022-05-04T13:55:34.408178:++ Output dataset /projects/kuhl_lab/wanjiag/MONSTERA/derivatives/rois/sub-MONSTERA01/sub-MONSTERA01_task-07_desc-preproc_bold_trim6_denoise_z-scored_mean.nii.gz
calculating mean...output to /projects/kuhl_lab/wanjiag/MONSTERA/derivatives/rois/sub-MONSTERA01/sub-MONSTERA01_task-07_desc-preproc_bold_trim6_denoise_z-scored_mean.nii.gz
calculating mean......
3dTstat -mean -prefix /projects/kuhl_lab/wanjiag/MONSTERA/derivatives/rois/sub-MONSTERA01/sub-MONSTERA01_task-08_desc-preproc_bold_trim6_denoise_z-scored_mean.nii.gz /projects/kuhl_lab/wanjiag/MONSTERA/derivatives/preprocess/sub-MONSTERA01/sub-MONSTERA01_task-08_desc-preproc_bold_trim6_denoise_z-scored.nii.gz
220504-13:55:34,499 nipype.interface INFO:
	 stderr 2022-05-04T13:55:34.499345:++ 3dTstat: AFNI version=AFNI_18.2.04 (Jul  6 2018) [64-bit]
220504-13:55:34,499 nipype.interface INFO:
	 stderr 2022-05-04T13:55:34.499345:++ Authored by: KR Hammett & RW Cox
220504-13:55:34,506 nipype.interface INFO:
	 stderr 2022-05-04T13:55:34.506188:** AFNI converts NIFTI_datatype=64 (FLOAT64) in file /projects/kuhl_lab/wanjiag/MONSTERA/derivatives/preprocess/sub-MONSTERA01/sub-MONSTERA01_task-08_desc-preproc_bold_trim6_denoise_z-scored.nii.gz to FLOAT32
220504-13:55:34,506 nipype.interface INFO:
	 stderr 2022-05-04T13:55:34.506188:     Warnings of this type will be muted for this session.
220504-13:55:34,506 nipype.interface INFO:
	 stderr 2022-05-04T13:55:34.506188:     Set AFNI_NIFTI_TYPE_WARN to YES to see them all, NO to see none.
220504-13:55:45,969 nipype.interface INFO:
	 stderr 2022-05-04T13:55:45.969787:++ Output dataset /projects/kuhl_lab/wanjiag/MONSTERA/derivatives/rois/sub-MONSTERA01/sub-MONSTERA01_task-08_desc-preproc_bold_trim6_denoise_z-scored_mean.nii.gz
calculating mean...output to /projects/kuhl_lab/wanjiag/MONSTERA/derivatives/rois/sub-MONSTERA01/sub-MONSTERA01_task-08_desc-preproc_bold_trim6_denoise_z-scored_mean.nii.gz
calculating mean......
3dTstat -mean -prefix /projects/kuhl_lab/wanjiag/MONSTERA/derivatives/rois/sub-MONSTERA01/sub-MONSTERA01_task-09_desc-preproc_bold_trim6_denoise_z-scored_mean.nii.gz /projects/kuhl_lab/wanjiag/MONSTERA/derivatives/preprocess/sub-MONSTERA01/sub-MONSTERA01_task-09_desc-preproc_bold_trim6_denoise_z-scored.nii.gz
220504-13:55:46,61 nipype.interface INFO:
	 stderr 2022-05-04T13:55:46.061805:++ 3dTstat: AFNI version=AFNI_18.2.04 (Jul  6 2018) [64-bit]
220504-13:55:46,62 nipype.interface INFO:
	 stderr 2022-05-04T13:55:46.061805:++ Authored by: KR Hammett & RW Cox
220504-13:55:46,67 nipype.interface INFO:
	 stderr 2022-05-04T13:55:46.067857:** AFNI converts NIFTI_datatype=64 (FLOAT64) in file /projects/kuhl_lab/wanjiag/MONSTERA/derivatives/preprocess/sub-MONSTERA01/sub-MONSTERA01_task-09_desc-preproc_bold_trim6_denoise_z-scored.nii.gz to FLOAT32
220504-13:55:46,67 nipype.interface INFO:
	 stderr 2022-05-04T13:55:46.067857:     Warnings of this type will be muted for this session.
220504-13:55:46,67 nipype.interface INFO:
	 stderr 2022-05-04T13:55:46.067857:     Set AFNI_NIFTI_TYPE_WARN to YES to see them all, NO to see none.
220504-13:55:57,499 nipype.interface INFO:
	 stderr 2022-05-04T13:55:57.499067:++ Output dataset /projects/kuhl_lab/wanjiag/MONSTERA/derivatives/rois/sub-MONSTERA01/sub-MONSTERA01_task-09_desc-preproc_bold_trim6_denoise_z-scored_mean.nii.gz
calculating mean...output to /projects/kuhl_lab/wanjiag/MONSTERA/derivatives/rois/sub-MONSTERA01/sub-MONSTERA01_task-09_desc-preproc_bold_trim6_denoise_z-scored_mean.nii.gz
calculating mean......
3dTstat -mean -prefix /projects/kuhl_lab/wanjiag/MONSTERA/derivatives/rois/sub-MONSTERA01/sub-MONSTERA01_task-10_desc-preproc_bold_trim6_denoise_z-scored_mean.nii.gz /projects/kuhl_lab/wanjiag/MONSTERA/derivatives/preprocess/sub-MONSTERA01/sub-MONSTERA01_task-10_desc-preproc_bold_trim6_denoise_z-scored.nii.gz
220504-13:55:57,590 nipype.interface INFO:
	 stderr 2022-05-04T13:55:57.590800:++ 3dTstat: AFNI version=AFNI_18.2.04 (Jul  6 2018) [64-bit]
220504-13:55:57,590 nipype.interface INFO:
	 stderr 2022-05-04T13:55:57.590800:++ Authored by: KR Hammett & RW Cox
220504-13:55:57,598 nipype.interface INFO:
	 stderr 2022-05-04T13:55:57.598267:** AFNI converts NIFTI_datatype=64 (FLOAT64) in file /projects/kuhl_lab/wanjiag/MONSTERA/derivatives/preprocess/sub-MONSTERA01/sub-MONSTERA01_task-10_desc-preproc_bold_trim6_denoise_z-scored.nii.gz to FLOAT32
220504-13:55:57,598 nipype.interface INFO:
	 stderr 2022-05-04T13:55:57.598267:     Warnings of this type will be muted for this session.
220504-13:55:57,598 nipype.interface INFO:
	 stderr 2022-05-04T13:55:57.598267:     Set AFNI_NIFTI_TYPE_WARN to YES to see them all, NO to see none.
220504-13:56:08,968 nipype.interface INFO:
	 stderr 2022-05-04T13:56:08.968422:++ Output dataset /projects/kuhl_lab/wanjiag/MONSTERA/derivatives/rois/sub-MONSTERA01/sub-MONSTERA01_task-10_desc-preproc_bold_trim6_denoise_z-scored_mean.nii.gz
calculating mean...output to /projects/kuhl_lab/wanjiag/MONSTERA/derivatives/rois/sub-MONSTERA01/sub-MONSTERA01_task-10_desc-preproc_bold_trim6_denoise_z-scored_mean.nii.gz
fslmaths /projects/kuhl_lab/wanjiag/MONSTERA/derivatives/rois/sub-MONSTERA01/sub-MONSTERA01_task-01_desc-preproc_bold_trim6_denoise_z-scored_mean.nii.gz -add /projects/kuhl_lab/wanjiag/MONSTERA/derivatives/rois/sub-MONSTERA01/sub-MONSTERA01_task-02_desc-preproc_bold_trim6_denoise_z-scored_mean.nii.gz -add /projects/kuhl_lab/wanjiag/MONSTERA/derivatives/rois/sub-MONSTERA01/sub-MONSTERA01_task-03_desc-preproc_bold_trim6_denoise_z-scored_mean.nii.gz -add /projects/kuhl_lab/wanjiag/MONSTERA/derivatives/rois/sub-MONSTERA01/sub-MONSTERA01_task-04_desc-preproc_bold_trim6_denoise_z-scored_mean.nii.gz -add /projects/kuhl_lab/wanjiag/MONSTERA/derivatives/rois/sub-MONSTERA01/sub-MONSTERA01_task-05_desc-preproc_bold_trim6_denoise_z-scored_mean.nii.gz -add /projects/kuhl_lab/wanjiag/MONSTERA/derivatives/rois/sub-MONSTERA01/sub-MONSTERA01_task-06_desc-preproc_bold_trim6_denoise_z-scored_mean.nii.gz -add /projects/kuhl_lab/wanjiag/MONSTERA/derivatives/rois/sub-MONSTERA01/sub-MONSTERA01_task-07_desc-preproc_bold_trim6_denoise_z-scored_mean.nii.gz -add /projects/kuhl_lab/wanjiag/MONSTERA/derivatives/rois/sub-MONSTERA01/sub-MONSTERA01_task-08_desc-preproc_bold_trim6_denoise_z-scored_mean.nii.gz -add /projects/kuhl_lab/wanjiag/MONSTERA/derivatives/rois/sub-MONSTERA01/sub-MONSTERA01_task-09_desc-preproc_bold_trim6_denoise_z-scored_mean.nii.gz -add /projects/kuhl_lab/wanjiag/MONSTERA/derivatives/rois/sub-MONSTERA01/sub-MONSTERA01_task-10_desc-preproc_bold_trim6_denoise_z-scored_mean.nii.gz -div 10 /projects/kuhl_lab/wanjiag/MONSTERA/derivatives/rois/sub-MONSTERA01/avg_all_fmriprerp_func.nii.gz
--------------------Angular Gyrus-------------------
fslmaths /projects/kuhl_lab/wanjiag/MONSTERA/derivatives/rois/sub-MONSTERA01/aparc.a2009s+aseg.nii.gz -thr 11125 -uthr 11125 /projects/kuhl_lab/wanjiag/MONSTERA/derivatives/rois/sub-MONSTERA01/ctx_lh_G_pariet_inf-Angular.nii.gz
fslmaths /projects/kuhl_lab/wanjiag/MONSTERA/derivatives/rois/sub-MONSTERA01/aparc.a2009s+aseg.nii.gz -thr 12125 -uthr 12125 /projects/kuhl_lab/wanjiag/MONSTERA/derivatives/rois/sub-MONSTERA01/ctx_rh_G_pariet_inf-Angular.nii.gz
fslmaths /projects/kuhl_lab/wanjiag/MONSTERA/derivatives/rois/sub-MONSTERA01/ctx_lh_G_pariet_inf-Angular.nii.gz -add /projects/kuhl_lab/wanjiag/MONSTERA/derivatives/rois/sub-MONSTERA01/ctx_rh_G_pariet_inf-Angular.nii.gz -bin /projects/kuhl_lab/wanjiag/MONSTERA/derivatives/rois/sub-MONSTERA01/angular_gyrus.nii.gz
flirt -in /projects/kuhl_lab/wanjiag/MONSTERA/derivatives/rois/sub-MONSTERA01/angular_gyrus.nii.gz -ref /projects/kuhl_lab/wanjiag/MONSTERA/derivatives/rois/sub-MONSTERA01/avg_all_fmriprerp_func.nii.gz -out /projects/kuhl_lab/wanjiag/MONSTERA/derivatives/rois/sub-MONSTERA01/angular_gyrus_2_epi.nii.gz -omat /projects/kuhl_lab/wanjiag/MONSTERA/derivatives/rois/sub-MONSTERA01/angular_gyrus_2_epi.mat -applyxfm -usesqform
fslmaths /projects/kuhl_lab/wanjiag/MONSTERA/derivatives/rois/sub-MONSTERA01/angular_gyrus_2_epi.nii.gz -thr 0.5000000000 -bin /projects/kuhl_lab/wanjiag/MONSTERA/derivatives/rois/sub-MONSTERA01/angular_gyrus_2_epi_thre_0.5.nii.gz
--------------------Whole Hippocampus-------------------
fslmaths /projects/kuhl_lab/wanjiag/MONSTERA/derivatives/rois/sub-MONSTERA01/run-5_desc-aparcaseg_dseg.nii.gz -thr 17 -uthr 17 /projects/kuhl_lab/wanjiag/MONSTERA/derivatives/rois/sub-MONSTERA01/Left-Hippocampus.nii.gz
fslmaths /projects/kuhl_lab/wanjiag/MONSTERA/derivatives/rois/sub-MONSTERA01/run-5_desc-aparcaseg_dseg.nii.gz -thr 53 -uthr 53 /projects/kuhl_lab/wanjiag/MONSTERA/derivatives/rois/sub-MONSTERA01/Right-Hippocampus.nii.gz
fslmaths /projects/kuhl_lab/wanjiag/MONSTERA/derivatives/rois/sub-MONSTERA01/Left-Hippocampus.nii.gz -add /projects/kuhl_lab/wanjiag/MONSTERA/derivatives/rois/sub-MONSTERA01/Right-Hippocampus.nii.gz -bin /projects/kuhl_lab/wanjiag/MONSTERA/derivatives/rois/sub-MONSTERA01/hippocampus.nii.gz
flirt -in /projects/kuhl_lab/wanjiag/MONSTERA/derivatives/rois/sub-MONSTERA01/hippocampus.nii.gz -ref /projects/kuhl_lab/wanjiag/MONSTERA/derivatives/rois/sub-MONSTERA01/avg_all_fmriprerp_func.nii.gz -out /projects/kuhl_lab/wanjiag/MONSTERA/derivatives/rois/sub-MONSTERA01/hippocampus_2_epi.nii.gz -omat /projects/kuhl_lab/wanjiag/MONSTERA/derivatives/rois/sub-MONSTERA01/hippocampus_2_epi.mat -applyxfm -usesqform
fslmaths /projects/kuhl_lab/wanjiag/MONSTERA/derivatives/rois/sub-MONSTERA01/hippocampus_2_epi.nii.gz -thr 0.5000000000 -bin /projects/kuhl_lab/wanjiag/MONSTERA/derivatives/rois/sub-MONSTERA01/hippocampus_2_epi_thre_0.5.nii.gz
--------------------PPA-------------------
/home/wanjiag/projects/MONSTERA/derivatives/rois/mni/ppa/ppa.nii.gz 
 /projects/kuhl_lab/wanjiag/MONSTERA/derivatives/rois/sub-MONSTERA01/avg_all_fmriprerp_func.nii.gz 
 /projects/kuhl_lab/wanjiag/MONSTERA/derivatives/fmriprep/sub-MONSTERA01/anat/sub-MONSTERA01_run-5_from-MNI152NLin2009cAsym_to-T1w_mode-image_xfm.h5 
 /projects/kuhl_lab/wanjiag/MONSTERA/derivatives/rois/sub-MONSTERA01
antsApplyTransforms --default-value 0 --dimensionality 3 --float 0 --input /home/wanjiag/projects/MONSTERA/derivatives/rois/mni/ppa/ppa.nii.gz --interpolation Linear --output /projects/kuhl_lab/wanjiag/MONSTERA/derivatives/rois/sub-MONSTERA01/ppa_mni_2_epi.nii.gz --reference-image /projects/kuhl_lab/wanjiag/MONSTERA/derivatives/rois/sub-MONSTERA01/avg_all_fmriprerp_func.nii.gz --transform /projects/kuhl_lab/wanjiag/MONSTERA/derivatives/fmriprep/sub-MONSTERA01/anat/sub-MONSTERA01_run-5_from-MNI152NLin2009cAsym_to-T1w_mode-image_xfm.h5
fslmaths /projects/kuhl_lab/wanjiag/MONSTERA/derivatives/rois/sub-MONSTERA01/ppa_mni_2_epi.nii.gz -thr 0.5000000000 -bin /projects/kuhl_lab/wanjiag/MONSTERA/derivatives/rois/sub-MONSTERA01/ppa_mni_2_epi_thr_0.5.nii.gz
--------------------EVC-------------------
/home/wanjiag/projects/MONSTERA/derivatives/rois/mni/visual_cortex/subj_vol_all 
 /projects/kuhl_lab/wanjiag/MONSTERA/derivatives/rois/sub-MONSTERA01/avg_all_fmriprerp_func.nii.gz 
 /projects/kuhl_lab/wanjiag/MONSTERA/derivatives/fmriprep/sub-MONSTERA01/anat/sub-MONSTERA01_run-5_from-MNI152NLin2009cAsym_to-T1w_mode-image_xfm.h5 
 /projects/kuhl_lab/wanjiag/MONSTERA/derivatives/rois/sub-MONSTERA01
antsApplyTransforms --default-value 0 --dimensionality 3 --float 0 --input /home/wanjiag/projects/MONSTERA/derivatives/rois/mni/visual_cortex/subj_vol_all/perc_VTPM_vol_roi1_lh.nii.gz --interpolation Linear --output /projects/kuhl_lab/wanjiag/MONSTERA/derivatives/rois/sub-MONSTERA01/perc_VTPM_vol_roi1_lh_2_epi.nii.gz --reference-image /projects/kuhl_lab/wanjiag/MONSTERA/derivatives/rois/sub-MONSTERA01/avg_all_fmriprerp_func.nii.gz --transform /projects/kuhl_lab/wanjiag/MONSTERA/derivatives/fmriprep/sub-MONSTERA01/anat/sub-MONSTERA01_run-5_from-MNI152NLin2009cAsym_to-T1w_mode-image_xfm.h5
fslmaths /projects/kuhl_lab/wanjiag/MONSTERA/derivatives/rois/sub-MONSTERA01/perc_VTPM_vol_roi1_lh_2_epi.nii.gz -thr 50.0000000000 -bin /projects/kuhl_lab/wanjiag/MONSTERA/derivatives/rois/sub-MONSTERA01/perc_VTPM_vol_roi1_lh_2_epi_thr_50.nii.gz
antsApplyTransforms --default-value 0 --dimensionality 3 --float 0 --input /home/wanjiag/projects/MONSTERA/derivatives/rois/mni/visual_cortex/subj_vol_all/perc_VTPM_vol_roi1_rh.nii.gz --interpolation Linear --output /projects/kuhl_lab/wanjiag/MONSTERA/derivatives/rois/sub-MONSTERA01/perc_VTPM_vol_roi1_rh_2_epi.nii.gz --reference-image /projects/kuhl_lab/wanjiag/MONSTERA/derivatives/rois/sub-MONSTERA01/avg_all_fmriprerp_func.nii.gz --transform /projects/kuhl_lab/wanjiag/MONSTERA/derivatives/fmriprep/sub-MONSTERA01/anat/sub-MONSTERA01_run-5_from-MNI152NLin2009cAsym_to-T1w_mode-image_xfm.h5
fslmaths /projects/kuhl_lab/wanjiag/MONSTERA/derivatives/rois/sub-MONSTERA01/perc_VTPM_vol_roi1_rh_2_epi.nii.gz -thr 50.0000000000 -bin /projects/kuhl_lab/wanjiag/MONSTERA/derivatives/rois/sub-MONSTERA01/perc_VTPM_vol_roi1_rh_2_epi_thr_50.nii.gz
antsApplyTransforms --default-value 0 --dimensionality 3 --float 0 --input /home/wanjiag/projects/MONSTERA/derivatives/rois/mni/visual_cortex/subj_vol_all/perc_VTPM_vol_roi2_lh.nii.gz --interpolation Linear --output /projects/kuhl_lab/wanjiag/MONSTERA/derivatives/rois/sub-MONSTERA01/perc_VTPM_vol_roi2_lh_2_epi.nii.gz --reference-image /projects/kuhl_lab/wanjiag/MONSTERA/derivatives/rois/sub-MONSTERA01/avg_all_fmriprerp_func.nii.gz --transform /projects/kuhl_lab/wanjiag/MONSTERA/derivatives/fmriprep/sub-MONSTERA01/anat/sub-MONSTERA01_run-5_from-MNI152NLin2009cAsym_to-T1w_mode-image_xfm.h5
fslmaths /projects/kuhl_lab/wanjiag/MONSTERA/derivatives/rois/sub-MONSTERA01/perc_VTPM_vol_roi2_lh_2_epi.nii.gz -thr 50.0000000000 -bin /projects/kuhl_lab/wanjiag/MONSTERA/derivatives/rois/sub-MONSTERA01/perc_VTPM_vol_roi2_lh_2_epi_thr_50.nii.gz
antsApplyTransforms --default-value 0 --dimensionality 3 --float 0 --input /home/wanjiag/projects/MONSTERA/derivatives/rois/mni/visual_cortex/subj_vol_all/perc_VTPM_vol_roi2_rh.nii.gz --interpolation Linear --output /projects/kuhl_lab/wanjiag/MONSTERA/derivatives/rois/sub-MONSTERA01/perc_VTPM_vol_roi2_rh_2_epi.nii.gz --reference-image /projects/kuhl_lab/wanjiag/MONSTERA/derivatives/rois/sub-MONSTERA01/avg_all_fmriprerp_func.nii.gz --transform /projects/kuhl_lab/wanjiag/MONSTERA/derivatives/fmriprep/sub-MONSTERA01/anat/sub-MONSTERA01_run-5_from-MNI152NLin2009cAsym_to-T1w_mode-image_xfm.h5
fslmaths /projects/kuhl_lab/wanjiag/MONSTERA/derivatives/rois/sub-MONSTERA01/perc_VTPM_vol_roi2_rh_2_epi.nii.gz -thr 50.0000000000 -bin /projects/kuhl_lab/wanjiag/MONSTERA/derivatives/rois/sub-MONSTERA01/perc_VTPM_vol_roi2_rh_2_epi_thr_50.nii.gz
fslmaths /projects/kuhl_lab/wanjiag/MONSTERA/derivatives/rois/sub-MONSTERA01/perc_VTPM_vol_roi1_lh_2_epi_thr_50.nii.gz -add /projects/kuhl_lab/wanjiag/MONSTERA/derivatives/rois/sub-MONSTERA01/perc_VTPM_vol_roi1_rh_2_epi_thr_50.nii.gz -add /projects/kuhl_lab/wanjiag/MONSTERA/derivatives/rois/sub-MONSTERA01/perc_VTPM_vol_roi2_lh_2_epi_thr_50.nii.gz -add /projects/kuhl_lab/wanjiag/MONSTERA/derivatives/rois/sub-MONSTERA01/perc_VTPM_vol_roi2_rh_2_epi_thr_50.nii.gz -bin /projects/kuhl_lab/wanjiag/MONSTERA/derivatives/rois/sub-MONSTERA01/evc_2_epi_thr_0.5.nii.gz
flirt -in /home/wanjiag/projects/MONSTERA/derivatives/rois/ASHS/sub-MONSTERA06/tse.nii.gz -ref /home/wanjiag/projects/MONSTERA/derivatives/fmriprep/sub-MONSTERA06/anat/sub-MONSTERA06_run-5_desc-preproc_T1w.nii.gz -out /home/wanjiag/projects/MONSTERA/derivatives/rois/sub-MONSTERA06/ashs/T2_to_T1.nii.gz -omat /home/wanjiag/projects/MONSTERA/derivatives/rois/sub-MONSTERA06/ashs/T2_to_T1.mat -cost mutualinfo -dof 6
---------------------Whole hippocampus: sub-MONSTERA06----------------------
fslmaths /home/wanjiag/projects/MONSTERA/derivatives/rois/ASHS/sub-MONSTERA06/final/sub-MONSTERA06_left_lfseg_corr_nogray.nii.gz -thr 1 -uthr 1 -bin /home/wanjiag/projects/MONSTERA/derivatives/rois/sub-MONSTERA06/ashs/whole/left-ca1_T2w-space.nii.gz
fslmaths /home/wanjiag/projects/MONSTERA/derivatives/rois/ASHS/sub-MONSTERA06/final/sub-MONSTERA06_right_lfseg_corr_nogray.nii.gz -thr 1 -uthr 1 -bin /home/wanjiag/projects/MONSTERA/derivatives/rois/sub-MONSTERA06/ashs/whole/right-ca1_T2w-space.nii.gz
fslmaths /home/wanjiag/projects/MONSTERA/derivatives/rois/sub-MONSTERA06/ashs/whole/left-ca1_T2w-space.nii.gz -add /home/wanjiag/projects/MONSTERA/derivatives/rois/sub-MONSTERA06/ashs/whole/right-ca1_T2w-space.nii.gz /home/wanjiag/projects/MONSTERA/derivatives/rois/sub-MONSTERA06/ashs/whole/ca1_T2w-space.nii.gz
flirt -in /home/wanjiag/projects/MONSTERA/derivatives/rois/sub-MONSTERA06/ashs/whole/ca1_T2w-space.nii.gz -ref /home/wanjiag/projects/MONSTERA/derivatives/fmriprep/sub-MONSTERA06/anat/sub-MONSTERA06_run-5_desc-preproc_T1w.nii.gz -out /home/wanjiag/projects/MONSTERA/derivatives/rois/sub-MONSTERA06/ashs/whole/ca1_T2w-to-T1-space.nii.gz -omat /home/wanjiag/projects/MONSTERA/derivatives/rois/sub-MONSTERA06/ashs/whole/ca1_T2w-to-T1-space.mat -applyxfm -init /home/wanjiag/projects/MONSTERA/derivatives/rois/sub-MONSTERA06/ashs/T2_to_T1.mat
