--------------------sub-MONSTERA22-------------------
/projects/kuhl_lab/wanjiag/MONSTERA/derivatives/rois/sub-MONSTERA22
/projects/kuhl_lab/wanjiag/MONSTERA/derivatives/fmriprep/sourcedata/freesurfer/sub-MONSTERA22/mri/aparc.a2009s+aseg.mgz
/projects/kuhl_lab/wanjiag/MONSTERA/derivatives/rois/sub-MONSTERA22/aparc.a2009s+aseg.nii.gz
/projects/kuhl_lab/wanjiag/MONSTERA/derivatives/fmriprep/sub-MONSTERA22/anat/sub-MONSTERA22_run-5_desc-aparcaseg_dseg.nii.gz
/projects/kuhl_lab/wanjiag/MONSTERA/derivatives/rois/sub-MONSTERA22/run-5_desc-aparcaseg_dseg.nii.gz
calculating mean......
221019-09:14:24,604 nipype.utils WARNING:
	 A newer version (1.8.4) of nipy/nipype is available. You are using 1.7.1
3dTstat -mean -prefix /projects/kuhl_lab/wanjiag/MONSTERA/derivatives/rois/sub-MONSTERA22/sub-MONSTERA22_task-01_desc-preproc_bold_trim6_denoise_z-scored_mean.nii.gz /projects/kuhl_lab/wanjiag/MONSTERA/derivatives/preprocess/sub-MONSTERA22/sub-MONSTERA22_task-01_desc-preproc_bold_trim6_denoise_z-scored.nii.gz
221019-09:14:24,822 nipype.interface INFO:
	 stderr 2022-10-19T09:14:24.822862:++ 3dTstat: AFNI version=AFNI_18.2.04 (Jul  6 2018) [64-bit]
221019-09:14:24,823 nipype.interface INFO:
	 stderr 2022-10-19T09:14:24.822862:++ Authored by: KR Hammett & RW Cox
221019-09:14:24,833 nipype.interface INFO:
	 stderr 2022-10-19T09:14:24.833342:** AFNI converts NIFTI_datatype=64 (FLOAT64) in file /projects/kuhl_lab/wanjiag/MONSTERA/derivatives/preprocess/sub-MONSTERA22/sub-MONSTERA22_task-01_desc-preproc_bold_trim6_denoise_z-scored.nii.gz to FLOAT32
221019-09:14:24,833 nipype.interface INFO:
	 stderr 2022-10-19T09:14:24.833342:     Warnings of this type will be muted for this session.
221019-09:14:24,833 nipype.interface INFO:
	 stderr 2022-10-19T09:14:24.833342:     Set AFNI_NIFTI_TYPE_WARN to YES to see them all, NO to see none.
221019-09:14:34,559 nipype.interface INFO:
	 stderr 2022-10-19T09:14:34.559013:++ Output dataset /projects/kuhl_lab/wanjiag/MONSTERA/derivatives/rois/sub-MONSTERA22/sub-MONSTERA22_task-01_desc-preproc_bold_trim6_denoise_z-scored_mean.nii.gz
calculating mean...output to /projects/kuhl_lab/wanjiag/MONSTERA/derivatives/rois/sub-MONSTERA22/sub-MONSTERA22_task-01_desc-preproc_bold_trim6_denoise_z-scored_mean.nii.gz
calculating mean......
3dTstat -mean -prefix /projects/kuhl_lab/wanjiag/MONSTERA/derivatives/rois/sub-MONSTERA22/sub-MONSTERA22_task-02_desc-preproc_bold_trim6_denoise_z-scored_mean.nii.gz /projects/kuhl_lab/wanjiag/MONSTERA/derivatives/preprocess/sub-MONSTERA22/sub-MONSTERA22_task-02_desc-preproc_bold_trim6_denoise_z-scored.nii.gz
221019-09:14:34,651 nipype.interface INFO:
	 stderr 2022-10-19T09:14:34.651561:++ 3dTstat: AFNI version=AFNI_18.2.04 (Jul  6 2018) [64-bit]
221019-09:14:34,651 nipype.interface INFO:
	 stderr 2022-10-19T09:14:34.651561:++ Authored by: KR Hammett & RW Cox
221019-09:14:34,729 nipype.interface INFO:
	 stderr 2022-10-19T09:14:34.729343:** AFNI converts NIFTI_datatype=64 (FLOAT64) in file /projects/kuhl_lab/wanjiag/MONSTERA/derivatives/preprocess/sub-MONSTERA22/sub-MONSTERA22_task-02_desc-preproc_bold_trim6_denoise_z-scored.nii.gz to FLOAT32
221019-09:14:34,729 nipype.interface INFO:
	 stderr 2022-10-19T09:14:34.729343:     Warnings of this type will be muted for this session.
221019-09:14:34,729 nipype.interface INFO:
	 stderr 2022-10-19T09:14:34.729343:     Set AFNI_NIFTI_TYPE_WARN to YES to see them all, NO to see none.
221019-09:14:44,517 nipype.interface INFO:
	 stderr 2022-10-19T09:14:44.517773:++ Output dataset /projects/kuhl_lab/wanjiag/MONSTERA/derivatives/rois/sub-MONSTERA22/sub-MONSTERA22_task-02_desc-preproc_bold_trim6_denoise_z-scored_mean.nii.gz
calculating mean...output to /projects/kuhl_lab/wanjiag/MONSTERA/derivatives/rois/sub-MONSTERA22/sub-MONSTERA22_task-02_desc-preproc_bold_trim6_denoise_z-scored_mean.nii.gz
calculating mean......
3dTstat -mean -prefix /projects/kuhl_lab/wanjiag/MONSTERA/derivatives/rois/sub-MONSTERA22/sub-MONSTERA22_task-03_desc-preproc_bold_trim6_denoise_z-scored_mean.nii.gz /projects/kuhl_lab/wanjiag/MONSTERA/derivatives/preprocess/sub-MONSTERA22/sub-MONSTERA22_task-03_desc-preproc_bold_trim6_denoise_z-scored.nii.gz
221019-09:14:44,651 nipype.interface INFO:
	 stderr 2022-10-19T09:14:44.650996:++ 3dTstat: AFNI version=AFNI_18.2.04 (Jul  6 2018) [64-bit]
221019-09:14:44,661 nipype.interface INFO:
	 stderr 2022-10-19T09:14:44.650996:++ Authored by: KR Hammett & RW Cox
221019-09:14:44,661 nipype.interface INFO:
	 stderr 2022-10-19T09:14:44.661503:** AFNI converts NIFTI_datatype=64 (FLOAT64) in file /projects/kuhl_lab/wanjiag/MONSTERA/derivatives/preprocess/sub-MONSTERA22/sub-MONSTERA22_task-03_desc-preproc_bold_trim6_denoise_z-scored.nii.gz to FLOAT32
221019-09:14:44,661 nipype.interface INFO:
	 stderr 2022-10-19T09:14:44.661503:     Warnings of this type will be muted for this session.
221019-09:14:44,661 nipype.interface INFO:
	 stderr 2022-10-19T09:14:44.661503:     Set AFNI_NIFTI_TYPE_WARN to YES to see them all, NO to see none.
221019-09:14:54,564 nipype.interface INFO:
	 stderr 2022-10-19T09:14:54.564950:++ Output dataset /projects/kuhl_lab/wanjiag/MONSTERA/derivatives/rois/sub-MONSTERA22/sub-MONSTERA22_task-03_desc-preproc_bold_trim6_denoise_z-scored_mean.nii.gz
calculating mean...output to /projects/kuhl_lab/wanjiag/MONSTERA/derivatives/rois/sub-MONSTERA22/sub-MONSTERA22_task-03_desc-preproc_bold_trim6_denoise_z-scored_mean.nii.gz
calculating mean......
3dTstat -mean -prefix /projects/kuhl_lab/wanjiag/MONSTERA/derivatives/rois/sub-MONSTERA22/sub-MONSTERA22_task-04_desc-preproc_bold_trim6_denoise_z-scored_mean.nii.gz /projects/kuhl_lab/wanjiag/MONSTERA/derivatives/preprocess/sub-MONSTERA22/sub-MONSTERA22_task-04_desc-preproc_bold_trim6_denoise_z-scored.nii.gz
221019-09:14:54,656 nipype.interface INFO:
	 stderr 2022-10-19T09:14:54.656248:++ 3dTstat: AFNI version=AFNI_18.2.04 (Jul  6 2018) [64-bit]
221019-09:14:54,656 nipype.interface INFO:
	 stderr 2022-10-19T09:14:54.656248:++ Authored by: KR Hammett & RW Cox
221019-09:14:54,667 nipype.interface INFO:
	 stderr 2022-10-19T09:14:54.667341:** AFNI converts NIFTI_datatype=64 (FLOAT64) in file /projects/kuhl_lab/wanjiag/MONSTERA/derivatives/preprocess/sub-MONSTERA22/sub-MONSTERA22_task-04_desc-preproc_bold_trim6_denoise_z-scored.nii.gz to FLOAT32
221019-09:14:54,667 nipype.interface INFO:
	 stderr 2022-10-19T09:14:54.667341:     Warnings of this type will be muted for this session.
221019-09:14:54,667 nipype.interface INFO:
	 stderr 2022-10-19T09:14:54.667341:     Set AFNI_NIFTI_TYPE_WARN to YES to see them all, NO to see none.
221019-09:15:04,362 nipype.interface INFO:
	 stderr 2022-10-19T09:15:04.362738:++ Output dataset /projects/kuhl_lab/wanjiag/MONSTERA/derivatives/rois/sub-MONSTERA22/sub-MONSTERA22_task-04_desc-preproc_bold_trim6_denoise_z-scored_mean.nii.gz
calculating mean...output to /projects/kuhl_lab/wanjiag/MONSTERA/derivatives/rois/sub-MONSTERA22/sub-MONSTERA22_task-04_desc-preproc_bold_trim6_denoise_z-scored_mean.nii.gz
calculating mean......
3dTstat -mean -prefix /projects/kuhl_lab/wanjiag/MONSTERA/derivatives/rois/sub-MONSTERA22/sub-MONSTERA22_task-05_desc-preproc_bold_trim6_denoise_z-scored_mean.nii.gz /projects/kuhl_lab/wanjiag/MONSTERA/derivatives/preprocess/sub-MONSTERA22/sub-MONSTERA22_task-05_desc-preproc_bold_trim6_denoise_z-scored.nii.gz
221019-09:15:04,453 nipype.interface INFO:
	 stderr 2022-10-19T09:15:04.453507:++ 3dTstat: AFNI version=AFNI_18.2.04 (Jul  6 2018) [64-bit]
221019-09:15:04,453 nipype.interface INFO:
	 stderr 2022-10-19T09:15:04.453507:++ Authored by: KR Hammett & RW Cox
221019-09:15:04,497 nipype.interface INFO:
	 stderr 2022-10-19T09:15:04.497347:** AFNI converts NIFTI_datatype=64 (FLOAT64) in file /projects/kuhl_lab/wanjiag/MONSTERA/derivatives/preprocess/sub-MONSTERA22/sub-MONSTERA22_task-05_desc-preproc_bold_trim6_denoise_z-scored.nii.gz to FLOAT32
221019-09:15:04,497 nipype.interface INFO:
	 stderr 2022-10-19T09:15:04.497347:     Warnings of this type will be muted for this session.
221019-09:15:04,497 nipype.interface INFO:
	 stderr 2022-10-19T09:15:04.497347:     Set AFNI_NIFTI_TYPE_WARN to YES to see them all, NO to see none.
221019-09:15:14,180 nipype.interface INFO:
	 stderr 2022-10-19T09:15:14.180404:++ Output dataset /projects/kuhl_lab/wanjiag/MONSTERA/derivatives/rois/sub-MONSTERA22/sub-MONSTERA22_task-05_desc-preproc_bold_trim6_denoise_z-scored_mean.nii.gz
calculating mean...output to /projects/kuhl_lab/wanjiag/MONSTERA/derivatives/rois/sub-MONSTERA22/sub-MONSTERA22_task-05_desc-preproc_bold_trim6_denoise_z-scored_mean.nii.gz
calculating mean......
3dTstat -mean -prefix /projects/kuhl_lab/wanjiag/MONSTERA/derivatives/rois/sub-MONSTERA22/sub-MONSTERA22_task-06_desc-preproc_bold_trim6_denoise_z-scored_mean.nii.gz /projects/kuhl_lab/wanjiag/MONSTERA/derivatives/preprocess/sub-MONSTERA22/sub-MONSTERA22_task-06_desc-preproc_bold_trim6_denoise_z-scored.nii.gz
221019-09:15:14,271 nipype.interface INFO:
	 stderr 2022-10-19T09:15:14.271045:++ 3dTstat: AFNI version=AFNI_18.2.04 (Jul  6 2018) [64-bit]
221019-09:15:14,271 nipype.interface INFO:
	 stderr 2022-10-19T09:15:14.271045:++ Authored by: KR Hammett & RW Cox
221019-09:15:14,341 nipype.interface INFO:
	 stderr 2022-10-19T09:15:14.341346:** AFNI converts NIFTI_datatype=64 (FLOAT64) in file /projects/kuhl_lab/wanjiag/MONSTERA/derivatives/preprocess/sub-MONSTERA22/sub-MONSTERA22_task-06_desc-preproc_bold_trim6_denoise_z-scored.nii.gz to FLOAT32
221019-09:15:14,341 nipype.interface INFO:
	 stderr 2022-10-19T09:15:14.341346:     Warnings of this type will be muted for this session.
221019-09:15:14,341 nipype.interface INFO:
	 stderr 2022-10-19T09:15:14.341346:     Set AFNI_NIFTI_TYPE_WARN to YES to see them all, NO to see none.
221019-09:15:24,288 nipype.interface INFO:
	 stderr 2022-10-19T09:15:24.288543:++ Output dataset /projects/kuhl_lab/wanjiag/MONSTERA/derivatives/rois/sub-MONSTERA22/sub-MONSTERA22_task-06_desc-preproc_bold_trim6_denoise_z-scored_mean.nii.gz
calculating mean...output to /projects/kuhl_lab/wanjiag/MONSTERA/derivatives/rois/sub-MONSTERA22/sub-MONSTERA22_task-06_desc-preproc_bold_trim6_denoise_z-scored_mean.nii.gz
calculating mean......
3dTstat -mean -prefix /projects/kuhl_lab/wanjiag/MONSTERA/derivatives/rois/sub-MONSTERA22/sub-MONSTERA22_task-07_desc-preproc_bold_trim6_denoise_z-scored_mean.nii.gz /projects/kuhl_lab/wanjiag/MONSTERA/derivatives/preprocess/sub-MONSTERA22/sub-MONSTERA22_task-07_desc-preproc_bold_trim6_denoise_z-scored.nii.gz
221019-09:15:24,379 nipype.interface INFO:
	 stderr 2022-10-19T09:15:24.379494:++ 3dTstat: AFNI version=AFNI_18.2.04 (Jul  6 2018) [64-bit]
221019-09:15:24,379 nipype.interface INFO:
	 stderr 2022-10-19T09:15:24.379494:++ Authored by: KR Hammett & RW Cox
221019-09:15:24,390 nipype.interface INFO:
	 stderr 2022-10-19T09:15:24.390349:** AFNI converts NIFTI_datatype=64 (FLOAT64) in file /projects/kuhl_lab/wanjiag/MONSTERA/derivatives/preprocess/sub-MONSTERA22/sub-MONSTERA22_task-07_desc-preproc_bold_trim6_denoise_z-scored.nii.gz to FLOAT32
221019-09:15:24,390 nipype.interface INFO:
	 stderr 2022-10-19T09:15:24.390349:     Warnings of this type will be muted for this session.
221019-09:15:24,390 nipype.interface INFO:
	 stderr 2022-10-19T09:15:24.390349:     Set AFNI_NIFTI_TYPE_WARN to YES to see them all, NO to see none.
221019-09:15:34,288 nipype.interface INFO:
	 stderr 2022-10-19T09:15:34.288779:++ Output dataset /projects/kuhl_lab/wanjiag/MONSTERA/derivatives/rois/sub-MONSTERA22/sub-MONSTERA22_task-07_desc-preproc_bold_trim6_denoise_z-scored_mean.nii.gz
calculating mean...output to /projects/kuhl_lab/wanjiag/MONSTERA/derivatives/rois/sub-MONSTERA22/sub-MONSTERA22_task-07_desc-preproc_bold_trim6_denoise_z-scored_mean.nii.gz
calculating mean......
3dTstat -mean -prefix /projects/kuhl_lab/wanjiag/MONSTERA/derivatives/rois/sub-MONSTERA22/sub-MONSTERA22_task-08_desc-preproc_bold_trim6_denoise_z-scored_mean.nii.gz /projects/kuhl_lab/wanjiag/MONSTERA/derivatives/preprocess/sub-MONSTERA22/sub-MONSTERA22_task-08_desc-preproc_bold_trim6_denoise_z-scored.nii.gz
221019-09:15:34,406 nipype.interface INFO:
	 stderr 2022-10-19T09:15:34.406453:++ 3dTstat: AFNI version=AFNI_18.2.04 (Jul  6 2018) [64-bit]
221019-09:15:34,406 nipype.interface INFO:
	 stderr 2022-10-19T09:15:34.406453:++ Authored by: KR Hammett & RW Cox
221019-09:15:34,454 nipype.interface INFO:
	 stderr 2022-10-19T09:15:34.454333:** AFNI converts NIFTI_datatype=64 (FLOAT64) in file /projects/kuhl_lab/wanjiag/MONSTERA/derivatives/preprocess/sub-MONSTERA22/sub-MONSTERA22_task-08_desc-preproc_bold_trim6_denoise_z-scored.nii.gz to FLOAT32
221019-09:15:34,454 nipype.interface INFO:
	 stderr 2022-10-19T09:15:34.454333:     Warnings of this type will be muted for this session.
221019-09:15:34,454 nipype.interface INFO:
	 stderr 2022-10-19T09:15:34.454333:     Set AFNI_NIFTI_TYPE_WARN to YES to see them all, NO to see none.
221019-09:15:44,239 nipype.interface INFO:
	 stderr 2022-10-19T09:15:44.239025:++ Output dataset /projects/kuhl_lab/wanjiag/MONSTERA/derivatives/rois/sub-MONSTERA22/sub-MONSTERA22_task-08_desc-preproc_bold_trim6_denoise_z-scored_mean.nii.gz
calculating mean...output to /projects/kuhl_lab/wanjiag/MONSTERA/derivatives/rois/sub-MONSTERA22/sub-MONSTERA22_task-08_desc-preproc_bold_trim6_denoise_z-scored_mean.nii.gz
calculating mean......
3dTstat -mean -prefix /projects/kuhl_lab/wanjiag/MONSTERA/derivatives/rois/sub-MONSTERA22/sub-MONSTERA22_task-09_desc-preproc_bold_trim6_denoise_z-scored_mean.nii.gz /projects/kuhl_lab/wanjiag/MONSTERA/derivatives/preprocess/sub-MONSTERA22/sub-MONSTERA22_task-09_desc-preproc_bold_trim6_denoise_z-scored.nii.gz
221019-09:15:44,329 nipype.interface INFO:
	 stderr 2022-10-19T09:15:44.329457:++ 3dTstat: AFNI version=AFNI_18.2.04 (Jul  6 2018) [64-bit]
221019-09:15:44,329 nipype.interface INFO:
	 stderr 2022-10-19T09:15:44.329457:++ Authored by: KR Hammett & RW Cox
221019-09:15:44,336 nipype.interface INFO:
	 stderr 2022-10-19T09:15:44.336343:** AFNI converts NIFTI_datatype=64 (FLOAT64) in file /projects/kuhl_lab/wanjiag/MONSTERA/derivatives/preprocess/sub-MONSTERA22/sub-MONSTERA22_task-09_desc-preproc_bold_trim6_denoise_z-scored.nii.gz to FLOAT32
221019-09:15:44,336 nipype.interface INFO:
	 stderr 2022-10-19T09:15:44.336343:     Warnings of this type will be muted for this session.
221019-09:15:44,336 nipype.interface INFO:
	 stderr 2022-10-19T09:15:44.336343:     Set AFNI_NIFTI_TYPE_WARN to YES to see them all, NO to see none.
221019-09:15:54,106 nipype.interface INFO:
	 stderr 2022-10-19T09:15:54.106172:++ Output dataset /projects/kuhl_lab/wanjiag/MONSTERA/derivatives/rois/sub-MONSTERA22/sub-MONSTERA22_task-09_desc-preproc_bold_trim6_denoise_z-scored_mean.nii.gz
calculating mean...output to /projects/kuhl_lab/wanjiag/MONSTERA/derivatives/rois/sub-MONSTERA22/sub-MONSTERA22_task-09_desc-preproc_bold_trim6_denoise_z-scored_mean.nii.gz
calculating mean......
3dTstat -mean -prefix /projects/kuhl_lab/wanjiag/MONSTERA/derivatives/rois/sub-MONSTERA22/sub-MONSTERA22_task-10_desc-preproc_bold_trim6_denoise_z-scored_mean.nii.gz /projects/kuhl_lab/wanjiag/MONSTERA/derivatives/preprocess/sub-MONSTERA22/sub-MONSTERA22_task-10_desc-preproc_bold_trim6_denoise_z-scored.nii.gz
221019-09:15:54,198 nipype.interface INFO:
	 stderr 2022-10-19T09:15:54.198170:++ 3dTstat: AFNI version=AFNI_18.2.04 (Jul  6 2018) [64-bit]
221019-09:15:54,198 nipype.interface INFO:
	 stderr 2022-10-19T09:15:54.198170:++ Authored by: KR Hammett & RW Cox
221019-09:15:54,244 nipype.interface INFO:
	 stderr 2022-10-19T09:15:54.244362:** AFNI converts NIFTI_datatype=64 (FLOAT64) in file /projects/kuhl_lab/wanjiag/MONSTERA/derivatives/preprocess/sub-MONSTERA22/sub-MONSTERA22_task-10_desc-preproc_bold_trim6_denoise_z-scored.nii.gz to FLOAT32
221019-09:15:54,244 nipype.interface INFO:
	 stderr 2022-10-19T09:15:54.244362:     Warnings of this type will be muted for this session.
221019-09:15:54,244 nipype.interface INFO:
	 stderr 2022-10-19T09:15:54.244362:     Set AFNI_NIFTI_TYPE_WARN to YES to see them all, NO to see none.
221019-09:16:03,948 nipype.interface INFO:
	 stderr 2022-10-19T09:16:03.948910:++ Output dataset /projects/kuhl_lab/wanjiag/MONSTERA/derivatives/rois/sub-MONSTERA22/sub-MONSTERA22_task-10_desc-preproc_bold_trim6_denoise_z-scored_mean.nii.gz
calculating mean...output to /projects/kuhl_lab/wanjiag/MONSTERA/derivatives/rois/sub-MONSTERA22/sub-MONSTERA22_task-10_desc-preproc_bold_trim6_denoise_z-scored_mean.nii.gz
fslmaths /projects/kuhl_lab/wanjiag/MONSTERA/derivatives/rois/sub-MONSTERA22/sub-MONSTERA22_task-01_desc-preproc_bold_trim6_denoise_z-scored_mean.nii.gz -add /projects/kuhl_lab/wanjiag/MONSTERA/derivatives/rois/sub-MONSTERA22/sub-MONSTERA22_task-02_desc-preproc_bold_trim6_denoise_z-scored_mean.nii.gz -add /projects/kuhl_lab/wanjiag/MONSTERA/derivatives/rois/sub-MONSTERA22/sub-MONSTERA22_task-03_desc-preproc_bold_trim6_denoise_z-scored_mean.nii.gz -add /projects/kuhl_lab/wanjiag/MONSTERA/derivatives/rois/sub-MONSTERA22/sub-MONSTERA22_task-04_desc-preproc_bold_trim6_denoise_z-scored_mean.nii.gz -add /projects/kuhl_lab/wanjiag/MONSTERA/derivatives/rois/sub-MONSTERA22/sub-MONSTERA22_task-05_desc-preproc_bold_trim6_denoise_z-scored_mean.nii.gz -add /projects/kuhl_lab/wanjiag/MONSTERA/derivatives/rois/sub-MONSTERA22/sub-MONSTERA22_task-06_desc-preproc_bold_trim6_denoise_z-scored_mean.nii.gz -add /projects/kuhl_lab/wanjiag/MONSTERA/derivatives/rois/sub-MONSTERA22/sub-MONSTERA22_task-07_desc-preproc_bold_trim6_denoise_z-scored_mean.nii.gz -add /projects/kuhl_lab/wanjiag/MONSTERA/derivatives/rois/sub-MONSTERA22/sub-MONSTERA22_task-08_desc-preproc_bold_trim6_denoise_z-scored_mean.nii.gz -add /projects/kuhl_lab/wanjiag/MONSTERA/derivatives/rois/sub-MONSTERA22/sub-MONSTERA22_task-09_desc-preproc_bold_trim6_denoise_z-scored_mean.nii.gz -add /projects/kuhl_lab/wanjiag/MONSTERA/derivatives/rois/sub-MONSTERA22/sub-MONSTERA22_task-10_desc-preproc_bold_trim6_denoise_z-scored_mean.nii.gz -div 10 /projects/kuhl_lab/wanjiag/MONSTERA/derivatives/rois/sub-MONSTERA22/avg_all_fmriprerp_func.nii.gz
--------------------Angular Gyrus-------------------
fslmaths /projects/kuhl_lab/wanjiag/MONSTERA/derivatives/rois/sub-MONSTERA22/aparc.a2009s+aseg.nii.gz -thr 11125 -uthr 11125 /projects/kuhl_lab/wanjiag/MONSTERA/derivatives/rois/sub-MONSTERA22/ctx_lh_G_pariet_inf-Angular.nii.gz
fslmaths /projects/kuhl_lab/wanjiag/MONSTERA/derivatives/rois/sub-MONSTERA22/aparc.a2009s+aseg.nii.gz -thr 12125 -uthr 12125 /projects/kuhl_lab/wanjiag/MONSTERA/derivatives/rois/sub-MONSTERA22/ctx_rh_G_pariet_inf-Angular.nii.gz
fslmaths /projects/kuhl_lab/wanjiag/MONSTERA/derivatives/rois/sub-MONSTERA22/ctx_lh_G_pariet_inf-Angular.nii.gz -add /projects/kuhl_lab/wanjiag/MONSTERA/derivatives/rois/sub-MONSTERA22/ctx_rh_G_pariet_inf-Angular.nii.gz -bin /projects/kuhl_lab/wanjiag/MONSTERA/derivatives/rois/sub-MONSTERA22/angular_gyrus.nii.gz
flirt -in /projects/kuhl_lab/wanjiag/MONSTERA/derivatives/rois/sub-MONSTERA22/angular_gyrus.nii.gz -ref /projects/kuhl_lab/wanjiag/MONSTERA/derivatives/rois/sub-MONSTERA22/avg_all_fmriprerp_func.nii.gz -out /projects/kuhl_lab/wanjiag/MONSTERA/derivatives/rois/sub-MONSTERA22/angular_gyrus_2_epi.nii.gz -omat /projects/kuhl_lab/wanjiag/MONSTERA/derivatives/rois/sub-MONSTERA22/angular_gyrus_2_epi.mat -applyxfm -usesqform
fslmaths /projects/kuhl_lab/wanjiag/MONSTERA/derivatives/rois/sub-MONSTERA22/angular_gyrus_2_epi.nii.gz -thr 0.5000000000 -bin /projects/kuhl_lab/wanjiag/MONSTERA/derivatives/rois/sub-MONSTERA22/angular_gyrus_2_epi_thre_0.5.nii.gz
--------------------Whole Hippocampus-------------------
fslmaths /projects/kuhl_lab/wanjiag/MONSTERA/derivatives/rois/sub-MONSTERA22/run-5_desc-aparcaseg_dseg.nii.gz -thr 17 -uthr 17 /projects/kuhl_lab/wanjiag/MONSTERA/derivatives/rois/sub-MONSTERA22/Left-Hippocampus.nii.gz
fslmaths /projects/kuhl_lab/wanjiag/MONSTERA/derivatives/rois/sub-MONSTERA22/run-5_desc-aparcaseg_dseg.nii.gz -thr 53 -uthr 53 /projects/kuhl_lab/wanjiag/MONSTERA/derivatives/rois/sub-MONSTERA22/Right-Hippocampus.nii.gz
fslmaths /projects/kuhl_lab/wanjiag/MONSTERA/derivatives/rois/sub-MONSTERA22/Left-Hippocampus.nii.gz -add /projects/kuhl_lab/wanjiag/MONSTERA/derivatives/rois/sub-MONSTERA22/Right-Hippocampus.nii.gz -bin /projects/kuhl_lab/wanjiag/MONSTERA/derivatives/rois/sub-MONSTERA22/hippocampus.nii.gz
flirt -in /projects/kuhl_lab/wanjiag/MONSTERA/derivatives/rois/sub-MONSTERA22/hippocampus.nii.gz -ref /projects/kuhl_lab/wanjiag/MONSTERA/derivatives/rois/sub-MONSTERA22/avg_all_fmriprerp_func.nii.gz -out /projects/kuhl_lab/wanjiag/MONSTERA/derivatives/rois/sub-MONSTERA22/hippocampus_2_epi.nii.gz -omat /projects/kuhl_lab/wanjiag/MONSTERA/derivatives/rois/sub-MONSTERA22/hippocampus_2_epi.mat -applyxfm -usesqform
fslmaths /projects/kuhl_lab/wanjiag/MONSTERA/derivatives/rois/sub-MONSTERA22/hippocampus_2_epi.nii.gz -thr 0.5000000000 -bin /projects/kuhl_lab/wanjiag/MONSTERA/derivatives/rois/sub-MONSTERA22/hippocampus_2_epi_thre_0.5.nii.gz
--------------------PPA-------------------
/home/wanjiag/projects/MONSTERA/derivatives/rois/mni/ppa/ppa.nii.gz 
 /projects/kuhl_lab/wanjiag/MONSTERA/derivatives/rois/sub-MONSTERA22/avg_all_fmriprerp_func.nii.gz 
 /projects/kuhl_lab/wanjiag/MONSTERA/derivatives/fmriprep/sub-MONSTERA22/anat/sub-MONSTERA22_run-5_from-MNI152NLin2009cAsym_to-T1w_mode-image_xfm.h5 
 /projects/kuhl_lab/wanjiag/MONSTERA/derivatives/rois/sub-MONSTERA22
antsApplyTransforms --default-value 0 --dimensionality 3 --float 0 --input /home/wanjiag/projects/MONSTERA/derivatives/rois/mni/ppa/ppa.nii.gz --interpolation Linear --output /projects/kuhl_lab/wanjiag/MONSTERA/derivatives/rois/sub-MONSTERA22/ppa_mni_2_epi.nii.gz --reference-image /projects/kuhl_lab/wanjiag/MONSTERA/derivatives/rois/sub-MONSTERA22/avg_all_fmriprerp_func.nii.gz --transform /projects/kuhl_lab/wanjiag/MONSTERA/derivatives/fmriprep/sub-MONSTERA22/anat/sub-MONSTERA22_run-5_from-MNI152NLin2009cAsym_to-T1w_mode-image_xfm.h5
fslmaths /projects/kuhl_lab/wanjiag/MONSTERA/derivatives/rois/sub-MONSTERA22/ppa_mni_2_epi.nii.gz -thr 0.5000000000 -bin /projects/kuhl_lab/wanjiag/MONSTERA/derivatives/rois/sub-MONSTERA22/ppa_mni_2_epi_thr_0.5.nii.gz
--------------------EVC-------------------
/home/wanjiag/projects/MONSTERA/derivatives/rois/mni/visual_cortex/subj_vol_all 
 /projects/kuhl_lab/wanjiag/MONSTERA/derivatives/rois/sub-MONSTERA22/avg_all_fmriprerp_func.nii.gz 
 /projects/kuhl_lab/wanjiag/MONSTERA/derivatives/fmriprep/sub-MONSTERA22/anat/sub-MONSTERA22_run-5_from-MNI152NLin2009cAsym_to-T1w_mode-image_xfm.h5 
 /projects/kuhl_lab/wanjiag/MONSTERA/derivatives/rois/sub-MONSTERA22
antsApplyTransforms --default-value 0 --dimensionality 3 --float 0 --input /home/wanjiag/projects/MONSTERA/derivatives/rois/mni/visual_cortex/subj_vol_all/perc_VTPM_vol_roi1_lh.nii.gz --interpolation Linear --output /projects/kuhl_lab/wanjiag/MONSTERA/derivatives/rois/sub-MONSTERA22/perc_VTPM_vol_roi1_lh_2_epi.nii.gz --reference-image /projects/kuhl_lab/wanjiag/MONSTERA/derivatives/rois/sub-MONSTERA22/avg_all_fmriprerp_func.nii.gz --transform /projects/kuhl_lab/wanjiag/MONSTERA/derivatives/fmriprep/sub-MONSTERA22/anat/sub-MONSTERA22_run-5_from-MNI152NLin2009cAsym_to-T1w_mode-image_xfm.h5
fslmaths /projects/kuhl_lab/wanjiag/MONSTERA/derivatives/rois/sub-MONSTERA22/perc_VTPM_vol_roi1_lh_2_epi.nii.gz -thr 50.0000000000 -bin /projects/kuhl_lab/wanjiag/MONSTERA/derivatives/rois/sub-MONSTERA22/perc_VTPM_vol_roi1_lh_2_epi_thr_50.nii.gz
antsApplyTransforms --default-value 0 --dimensionality 3 --float 0 --input /home/wanjiag/projects/MONSTERA/derivatives/rois/mni/visual_cortex/subj_vol_all/perc_VTPM_vol_roi1_rh.nii.gz --interpolation Linear --output /projects/kuhl_lab/wanjiag/MONSTERA/derivatives/rois/sub-MONSTERA22/perc_VTPM_vol_roi1_rh_2_epi.nii.gz --reference-image /projects/kuhl_lab/wanjiag/MONSTERA/derivatives/rois/sub-MONSTERA22/avg_all_fmriprerp_func.nii.gz --transform /projects/kuhl_lab/wanjiag/MONSTERA/derivatives/fmriprep/sub-MONSTERA22/anat/sub-MONSTERA22_run-5_from-MNI152NLin2009cAsym_to-T1w_mode-image_xfm.h5
fslmaths /projects/kuhl_lab/wanjiag/MONSTERA/derivatives/rois/sub-MONSTERA22/perc_VTPM_vol_roi1_rh_2_epi.nii.gz -thr 50.0000000000 -bin /projects/kuhl_lab/wanjiag/MONSTERA/derivatives/rois/sub-MONSTERA22/perc_VTPM_vol_roi1_rh_2_epi_thr_50.nii.gz
antsApplyTransforms --default-value 0 --dimensionality 3 --float 0 --input /home/wanjiag/projects/MONSTERA/derivatives/rois/mni/visual_cortex/subj_vol_all/perc_VTPM_vol_roi2_lh.nii.gz --interpolation Linear --output /projects/kuhl_lab/wanjiag/MONSTERA/derivatives/rois/sub-MONSTERA22/perc_VTPM_vol_roi2_lh_2_epi.nii.gz --reference-image /projects/kuhl_lab/wanjiag/MONSTERA/derivatives/rois/sub-MONSTERA22/avg_all_fmriprerp_func.nii.gz --transform /projects/kuhl_lab/wanjiag/MONSTERA/derivatives/fmriprep/sub-MONSTERA22/anat/sub-MONSTERA22_run-5_from-MNI152NLin2009cAsym_to-T1w_mode-image_xfm.h5
fslmaths /projects/kuhl_lab/wanjiag/MONSTERA/derivatives/rois/sub-MONSTERA22/perc_VTPM_vol_roi2_lh_2_epi.nii.gz -thr 50.0000000000 -bin /projects/kuhl_lab/wanjiag/MONSTERA/derivatives/rois/sub-MONSTERA22/perc_VTPM_vol_roi2_lh_2_epi_thr_50.nii.gz
antsApplyTransforms --default-value 0 --dimensionality 3 --float 0 --input /home/wanjiag/projects/MONSTERA/derivatives/rois/mni/visual_cortex/subj_vol_all/perc_VTPM_vol_roi2_rh.nii.gz --interpolation Linear --output /projects/kuhl_lab/wanjiag/MONSTERA/derivatives/rois/sub-MONSTERA22/perc_VTPM_vol_roi2_rh_2_epi.nii.gz --reference-image /projects/kuhl_lab/wanjiag/MONSTERA/derivatives/rois/sub-MONSTERA22/avg_all_fmriprerp_func.nii.gz --transform /projects/kuhl_lab/wanjiag/MONSTERA/derivatives/fmriprep/sub-MONSTERA22/anat/sub-MONSTERA22_run-5_from-MNI152NLin2009cAsym_to-T1w_mode-image_xfm.h5
fslmaths /projects/kuhl_lab/wanjiag/MONSTERA/derivatives/rois/sub-MONSTERA22/perc_VTPM_vol_roi2_rh_2_epi.nii.gz -thr 50.0000000000 -bin /projects/kuhl_lab/wanjiag/MONSTERA/derivatives/rois/sub-MONSTERA22/perc_VTPM_vol_roi2_rh_2_epi_thr_50.nii.gz
fslmaths /projects/kuhl_lab/wanjiag/MONSTERA/derivatives/rois/sub-MONSTERA22/perc_VTPM_vol_roi1_lh_2_epi_thr_50.nii.gz -add /projects/kuhl_lab/wanjiag/MONSTERA/derivatives/rois/sub-MONSTERA22/perc_VTPM_vol_roi1_rh_2_epi_thr_50.nii.gz -add /projects/kuhl_lab/wanjiag/MONSTERA/derivatives/rois/sub-MONSTERA22/perc_VTPM_vol_roi2_lh_2_epi_thr_50.nii.gz -add /projects/kuhl_lab/wanjiag/MONSTERA/derivatives/rois/sub-MONSTERA22/perc_VTPM_vol_roi2_rh_2_epi_thr_50.nii.gz -bin /projects/kuhl_lab/wanjiag/MONSTERA/derivatives/rois/sub-MONSTERA22/evc_2_epi_thr_0.5.nii.gz
--------------------sub-MONSTERA23-------------------
/projects/kuhl_lab/wanjiag/MONSTERA/derivatives/rois/sub-MONSTERA23
/projects/kuhl_lab/wanjiag/MONSTERA/derivatives/fmriprep/sourcedata/freesurfer/sub-MONSTERA23/mri/aparc.a2009s+aseg.mgz
/projects/kuhl_lab/wanjiag/MONSTERA/derivatives/rois/sub-MONSTERA23/aparc.a2009s+aseg.nii.gz
/projects/kuhl_lab/wanjiag/MONSTERA/derivatives/fmriprep/sub-MONSTERA23/anat/sub-MONSTERA23_run-5_desc-aparcaseg_dseg.nii.gz
/projects/kuhl_lab/wanjiag/MONSTERA/derivatives/rois/sub-MONSTERA23/run-5_desc-aparcaseg_dseg.nii.gz
calculating mean......
3dTstat -mean -prefix /projects/kuhl_lab/wanjiag/MONSTERA/derivatives/rois/sub-MONSTERA23/sub-MONSTERA23_task-01_desc-preproc_bold_trim6_denoise_z-scored_mean.nii.gz /projects/kuhl_lab/wanjiag/MONSTERA/derivatives/preprocess/sub-MONSTERA23/sub-MONSTERA23_task-01_desc-preproc_bold_trim6_denoise_z-scored.nii.gz
221019-09:16:23,469 nipype.interface INFO:
	 stderr 2022-10-19T09:16:23.469610:++ 3dTstat: AFNI version=AFNI_18.2.04 (Jul  6 2018) [64-bit]
221019-09:16:23,469 nipype.interface INFO:
	 stderr 2022-10-19T09:16:23.469610:++ Authored by: KR Hammett & RW Cox
221019-09:16:23,476 nipype.interface INFO:
	 stderr 2022-10-19T09:16:23.476339:** AFNI converts NIFTI_datatype=64 (FLOAT64) in file /projects/kuhl_lab/wanjiag/MONSTERA/derivatives/preprocess/sub-MONSTERA23/sub-MONSTERA23_task-01_desc-preproc_bold_trim6_denoise_z-scored.nii.gz to FLOAT32
221019-09:16:23,476 nipype.interface INFO:
	 stderr 2022-10-19T09:16:23.476339:     Warnings of this type will be muted for this session.
221019-09:16:23,476 nipype.interface INFO:
	 stderr 2022-10-19T09:16:23.476339:     Set AFNI_NIFTI_TYPE_WARN to YES to see them all, NO to see none.
221019-09:16:32,765 nipype.interface INFO:
	 stderr 2022-10-19T09:16:32.765079:++ Output dataset /projects/kuhl_lab/wanjiag/MONSTERA/derivatives/rois/sub-MONSTERA23/sub-MONSTERA23_task-01_desc-preproc_bold_trim6_denoise_z-scored_mean.nii.gz
calculating mean...output to /projects/kuhl_lab/wanjiag/MONSTERA/derivatives/rois/sub-MONSTERA23/sub-MONSTERA23_task-01_desc-preproc_bold_trim6_denoise_z-scored_mean.nii.gz
calculating mean......
3dTstat -mean -prefix /projects/kuhl_lab/wanjiag/MONSTERA/derivatives/rois/sub-MONSTERA23/sub-MONSTERA23_task-02_desc-preproc_bold_trim6_denoise_z-scored_mean.nii.gz /projects/kuhl_lab/wanjiag/MONSTERA/derivatives/preprocess/sub-MONSTERA23/sub-MONSTERA23_task-02_desc-preproc_bold_trim6_denoise_z-scored.nii.gz
221019-09:16:32,856 nipype.interface INFO:
	 stderr 2022-10-19T09:16:32.856859:++ 3dTstat: AFNI version=AFNI_18.2.04 (Jul  6 2018) [64-bit]
221019-09:16:32,857 nipype.interface INFO:
	 stderr 2022-10-19T09:16:32.856859:++ Authored by: KR Hammett & RW Cox
221019-09:16:32,904 nipype.interface INFO:
	 stderr 2022-10-19T09:16:32.904344:** AFNI converts NIFTI_datatype=64 (FLOAT64) in file /projects/kuhl_lab/wanjiag/MONSTERA/derivatives/preprocess/sub-MONSTERA23/sub-MONSTERA23_task-02_desc-preproc_bold_trim6_denoise_z-scored.nii.gz to FLOAT32
221019-09:16:32,904 nipype.interface INFO:
	 stderr 2022-10-19T09:16:32.904344:     Warnings of this type will be muted for this session.
221019-09:16:32,904 nipype.interface INFO:
	 stderr 2022-10-19T09:16:32.904344:     Set AFNI_NIFTI_TYPE_WARN to YES to see them all, NO to see none.
221019-09:16:42,221 nipype.interface INFO:
	 stderr 2022-10-19T09:16:42.221371:++ Output dataset /projects/kuhl_lab/wanjiag/MONSTERA/derivatives/rois/sub-MONSTERA23/sub-MONSTERA23_task-02_desc-preproc_bold_trim6_denoise_z-scored_mean.nii.gz
calculating mean...output to /projects/kuhl_lab/wanjiag/MONSTERA/derivatives/rois/sub-MONSTERA23/sub-MONSTERA23_task-02_desc-preproc_bold_trim6_denoise_z-scored_mean.nii.gz
calculating mean......
3dTstat -mean -prefix /projects/kuhl_lab/wanjiag/MONSTERA/derivatives/rois/sub-MONSTERA23/sub-MONSTERA23_task-03_desc-preproc_bold_trim6_denoise_z-scored_mean.nii.gz /projects/kuhl_lab/wanjiag/MONSTERA/derivatives/preprocess/sub-MONSTERA23/sub-MONSTERA23_task-03_desc-preproc_bold_trim6_denoise_z-scored.nii.gz
221019-09:16:42,316 nipype.interface INFO:
	 stderr 2022-10-19T09:16:42.316179:++ 3dTstat: AFNI version=AFNI_18.2.04 (Jul  6 2018) [64-bit]
221019-09:16:42,316 nipype.interface INFO:
	 stderr 2022-10-19T09:16:42.316179:++ Authored by: KR Hammett & RW Cox
221019-09:16:42,323 nipype.interface INFO:
	 stderr 2022-10-19T09:16:42.323340:** AFNI converts NIFTI_datatype=64 (FLOAT64) in file /projects/kuhl_lab/wanjiag/MONSTERA/derivatives/preprocess/sub-MONSTERA23/sub-MONSTERA23_task-03_desc-preproc_bold_trim6_denoise_z-scored.nii.gz to FLOAT32
221019-09:16:42,323 nipype.interface INFO:
	 stderr 2022-10-19T09:16:42.323340:     Warnings of this type will be muted for this session.
221019-09:16:42,323 nipype.interface INFO:
	 stderr 2022-10-19T09:16:42.323340:     Set AFNI_NIFTI_TYPE_WARN to YES to see them all, NO to see none.
221019-09:16:51,413 nipype.interface INFO:
	 stderr 2022-10-19T09:16:51.413023:++ Output dataset /projects/kuhl_lab/wanjiag/MONSTERA/derivatives/rois/sub-MONSTERA23/sub-MONSTERA23_task-03_desc-preproc_bold_trim6_denoise_z-scored_mean.nii.gz
calculating mean...output to /projects/kuhl_lab/wanjiag/MONSTERA/derivatives/rois/sub-MONSTERA23/sub-MONSTERA23_task-03_desc-preproc_bold_trim6_denoise_z-scored_mean.nii.gz
calculating mean......
3dTstat -mean -prefix /projects/kuhl_lab/wanjiag/MONSTERA/derivatives/rois/sub-MONSTERA23/sub-MONSTERA23_task-04_desc-preproc_bold_trim6_denoise_z-scored_mean.nii.gz /projects/kuhl_lab/wanjiag/MONSTERA/derivatives/preprocess/sub-MONSTERA23/sub-MONSTERA23_task-04_desc-preproc_bold_trim6_denoise_z-scored.nii.gz
221019-09:16:51,503 nipype.interface INFO:
	 stderr 2022-10-19T09:16:51.502992:++ 3dTstat: AFNI version=AFNI_18.2.04 (Jul  6 2018) [64-bit]
221019-09:16:51,503 nipype.interface INFO:
	 stderr 2022-10-19T09:16:51.502992:++ Authored by: KR Hammett & RW Cox
221019-09:16:51,509 nipype.interface INFO:
	 stderr 2022-10-19T09:16:51.509339:** AFNI converts NIFTI_datatype=64 (FLOAT64) in file /projects/kuhl_lab/wanjiag/MONSTERA/derivatives/preprocess/sub-MONSTERA23/sub-MONSTERA23_task-04_desc-preproc_bold_trim6_denoise_z-scored.nii.gz to FLOAT32
221019-09:16:51,509 nipype.interface INFO:
	 stderr 2022-10-19T09:16:51.509339:     Warnings of this type will be muted for this session.
221019-09:16:51,509 nipype.interface INFO:
	 stderr 2022-10-19T09:16:51.509339:     Set AFNI_NIFTI_TYPE_WARN to YES to see them all, NO to see none.
221019-09:17:00,915 nipype.interface INFO:
	 stderr 2022-10-19T09:17:00.915613:++ Output dataset /projects/kuhl_lab/wanjiag/MONSTERA/derivatives/rois/sub-MONSTERA23/sub-MONSTERA23_task-04_desc-preproc_bold_trim6_denoise_z-scored_mean.nii.gz
calculating mean...output to /projects/kuhl_lab/wanjiag/MONSTERA/derivatives/rois/sub-MONSTERA23/sub-MONSTERA23_task-04_desc-preproc_bold_trim6_denoise_z-scored_mean.nii.gz
calculating mean......
3dTstat -mean -prefix /projects/kuhl_lab/wanjiag/MONSTERA/derivatives/rois/sub-MONSTERA23/sub-MONSTERA23_task-05_desc-preproc_bold_trim6_denoise_z-scored_mean.nii.gz /projects/kuhl_lab/wanjiag/MONSTERA/derivatives/preprocess/sub-MONSTERA23/sub-MONSTERA23_task-05_desc-preproc_bold_trim6_denoise_z-scored.nii.gz
221019-09:17:01,6 nipype.interface INFO:
	 stderr 2022-10-19T09:17:01.006604:++ 3dTstat: AFNI version=AFNI_18.2.04 (Jul  6 2018) [64-bit]
221019-09:17:01,6 nipype.interface INFO:
	 stderr 2022-10-19T09:17:01.006604:++ Authored by: KR Hammett & RW Cox
221019-09:17:01,13 nipype.interface INFO:
	 stderr 2022-10-19T09:17:01.013342:** AFNI converts NIFTI_datatype=64 (FLOAT64) in file /projects/kuhl_lab/wanjiag/MONSTERA/derivatives/preprocess/sub-MONSTERA23/sub-MONSTERA23_task-05_desc-preproc_bold_trim6_denoise_z-scored.nii.gz to FLOAT32
221019-09:17:01,13 nipype.interface INFO:
	 stderr 2022-10-19T09:17:01.013342:     Warnings of this type will be muted for this session.
221019-09:17:01,13 nipype.interface INFO:
	 stderr 2022-10-19T09:17:01.013342:     Set AFNI_NIFTI_TYPE_WARN to YES to see them all, NO to see none.
221019-09:17:10,147 nipype.interface INFO:
	 stderr 2022-10-19T09:17:10.147372:++ Output dataset /projects/kuhl_lab/wanjiag/MONSTERA/derivatives/rois/sub-MONSTERA23/sub-MONSTERA23_task-05_desc-preproc_bold_trim6_denoise_z-scored_mean.nii.gz
calculating mean...output to /projects/kuhl_lab/wanjiag/MONSTERA/derivatives/rois/sub-MONSTERA23/sub-MONSTERA23_task-05_desc-preproc_bold_trim6_denoise_z-scored_mean.nii.gz
calculating mean......
3dTstat -mean -prefix /projects/kuhl_lab/wanjiag/MONSTERA/derivatives/rois/sub-MONSTERA23/sub-MONSTERA23_task-06_desc-preproc_bold_trim6_denoise_z-scored_mean.nii.gz /projects/kuhl_lab/wanjiag/MONSTERA/derivatives/preprocess/sub-MONSTERA23/sub-MONSTERA23_task-06_desc-preproc_bold_trim6_denoise_z-scored.nii.gz
221019-09:17:10,237 nipype.interface INFO:
	 stderr 2022-10-19T09:17:10.237490:++ 3dTstat: AFNI version=AFNI_18.2.04 (Jul  6 2018) [64-bit]
221019-09:17:10,237 nipype.interface INFO:
	 stderr 2022-10-19T09:17:10.237490:++ Authored by: KR Hammett & RW Cox
221019-09:17:10,276 nipype.interface INFO:
	 stderr 2022-10-19T09:17:10.276345:** AFNI converts NIFTI_datatype=64 (FLOAT64) in file /projects/kuhl_lab/wanjiag/MONSTERA/derivatives/preprocess/sub-MONSTERA23/sub-MONSTERA23_task-06_desc-preproc_bold_trim6_denoise_z-scored.nii.gz to FLOAT32
221019-09:17:10,276 nipype.interface INFO:
	 stderr 2022-10-19T09:17:10.276345:     Warnings of this type will be muted for this session.
221019-09:17:10,276 nipype.interface INFO:
	 stderr 2022-10-19T09:17:10.276345:     Set AFNI_NIFTI_TYPE_WARN to YES to see them all, NO to see none.
221019-09:17:19,339 nipype.interface INFO:
	 stderr 2022-10-19T09:17:19.339002:++ Output dataset /projects/kuhl_lab/wanjiag/MONSTERA/derivatives/rois/sub-MONSTERA23/sub-MONSTERA23_task-06_desc-preproc_bold_trim6_denoise_z-scored_mean.nii.gz
calculating mean...output to /projects/kuhl_lab/wanjiag/MONSTERA/derivatives/rois/sub-MONSTERA23/sub-MONSTERA23_task-06_desc-preproc_bold_trim6_denoise_z-scored_mean.nii.gz
calculating mean......
3dTstat -mean -prefix /projects/kuhl_lab/wanjiag/MONSTERA/derivatives/rois/sub-MONSTERA23/sub-MONSTERA23_task-07_desc-preproc_bold_trim6_denoise_z-scored_mean.nii.gz /projects/kuhl_lab/wanjiag/MONSTERA/derivatives/preprocess/sub-MONSTERA23/sub-MONSTERA23_task-07_desc-preproc_bold_trim6_denoise_z-scored.nii.gz
221019-09:17:19,429 nipype.interface INFO:
	 stderr 2022-10-19T09:17:19.429061:++ 3dTstat: AFNI version=AFNI_18.2.04 (Jul  6 2018) [64-bit]
221019-09:17:19,429 nipype.interface INFO:
	 stderr 2022-10-19T09:17:19.429061:++ Authored by: KR Hammett & RW Cox
221019-09:17:19,483 nipype.interface INFO:
	 stderr 2022-10-19T09:17:19.483344:** AFNI converts NIFTI_datatype=64 (FLOAT64) in file /projects/kuhl_lab/wanjiag/MONSTERA/derivatives/preprocess/sub-MONSTERA23/sub-MONSTERA23_task-07_desc-preproc_bold_trim6_denoise_z-scored.nii.gz to FLOAT32
221019-09:17:19,483 nipype.interface INFO:
	 stderr 2022-10-19T09:17:19.483344:     Warnings of this type will be muted for this session.
221019-09:17:19,483 nipype.interface INFO:
	 stderr 2022-10-19T09:17:19.483344:     Set AFNI_NIFTI_TYPE_WARN to YES to see them all, NO to see none.
221019-09:17:28,484 nipype.interface INFO:
	 stderr 2022-10-19T09:17:28.483971:++ Output dataset /projects/kuhl_lab/wanjiag/MONSTERA/derivatives/rois/sub-MONSTERA23/sub-MONSTERA23_task-07_desc-preproc_bold_trim6_denoise_z-scored_mean.nii.gz
calculating mean...output to /projects/kuhl_lab/wanjiag/MONSTERA/derivatives/rois/sub-MONSTERA23/sub-MONSTERA23_task-07_desc-preproc_bold_trim6_denoise_z-scored_mean.nii.gz
calculating mean......
3dTstat -mean -prefix /projects/kuhl_lab/wanjiag/MONSTERA/derivatives/rois/sub-MONSTERA23/sub-MONSTERA23_task-08_desc-preproc_bold_trim6_denoise_z-scored_mean.nii.gz /projects/kuhl_lab/wanjiag/MONSTERA/derivatives/preprocess/sub-MONSTERA23/sub-MONSTERA23_task-08_desc-preproc_bold_trim6_denoise_z-scored.nii.gz
221019-09:17:28,574 nipype.interface INFO:
	 stderr 2022-10-19T09:17:28.574067:++ 3dTstat: AFNI version=AFNI_18.2.04 (Jul  6 2018) [64-bit]
221019-09:17:28,574 nipype.interface INFO:
	 stderr 2022-10-19T09:17:28.574067:++ Authored by: KR Hammett & RW Cox
221019-09:17:28,581 nipype.interface INFO:
	 stderr 2022-10-19T09:17:28.581343:** AFNI converts NIFTI_datatype=64 (FLOAT64) in file /projects/kuhl_lab/wanjiag/MONSTERA/derivatives/preprocess/sub-MONSTERA23/sub-MONSTERA23_task-08_desc-preproc_bold_trim6_denoise_z-scored.nii.gz to FLOAT32
221019-09:17:28,581 nipype.interface INFO:
	 stderr 2022-10-19T09:17:28.581343:     Warnings of this type will be muted for this session.
221019-09:17:28,581 nipype.interface INFO:
	 stderr 2022-10-19T09:17:28.581343:     Set AFNI_NIFTI_TYPE_WARN to YES to see them all, NO to see none.
221019-09:17:37,733 nipype.interface INFO:
	 stderr 2022-10-19T09:17:37.733001:++ Output dataset /projects/kuhl_lab/wanjiag/MONSTERA/derivatives/rois/sub-MONSTERA23/sub-MONSTERA23_task-08_desc-preproc_bold_trim6_denoise_z-scored_mean.nii.gz
calculating mean...output to /projects/kuhl_lab/wanjiag/MONSTERA/derivatives/rois/sub-MONSTERA23/sub-MONSTERA23_task-08_desc-preproc_bold_trim6_denoise_z-scored_mean.nii.gz
calculating mean......
3dTstat -mean -prefix /projects/kuhl_lab/wanjiag/MONSTERA/derivatives/rois/sub-MONSTERA23/sub-MONSTERA23_task-09_desc-preproc_bold_trim6_denoise_z-scored_mean.nii.gz /projects/kuhl_lab/wanjiag/MONSTERA/derivatives/preprocess/sub-MONSTERA23/sub-MONSTERA23_task-09_desc-preproc_bold_trim6_denoise_z-scored.nii.gz
221019-09:17:37,823 nipype.interface INFO:
	 stderr 2022-10-19T09:17:37.823818:++ 3dTstat: AFNI version=AFNI_18.2.04 (Jul  6 2018) [64-bit]
221019-09:17:37,824 nipype.interface INFO:
	 stderr 2022-10-19T09:17:37.823818:++ Authored by: KR Hammett & RW Cox
221019-09:17:37,900 nipype.interface INFO:
	 stderr 2022-10-19T09:17:37.900347:** AFNI converts NIFTI_datatype=64 (FLOAT64) in file /projects/kuhl_lab/wanjiag/MONSTERA/derivatives/preprocess/sub-MONSTERA23/sub-MONSTERA23_task-09_desc-preproc_bold_trim6_denoise_z-scored.nii.gz to FLOAT32
221019-09:17:37,900 nipype.interface INFO:
	 stderr 2022-10-19T09:17:37.900347:     Warnings of this type will be muted for this session.
221019-09:17:37,900 nipype.interface INFO:
	 stderr 2022-10-19T09:17:37.900347:     Set AFNI_NIFTI_TYPE_WARN to YES to see them all, NO to see none.
221019-09:17:47,72 nipype.interface INFO:
	 stderr 2022-10-19T09:17:47.072060:++ Output dataset /projects/kuhl_lab/wanjiag/MONSTERA/derivatives/rois/sub-MONSTERA23/sub-MONSTERA23_task-09_desc-preproc_bold_trim6_denoise_z-scored_mean.nii.gz
calculating mean...output to /projects/kuhl_lab/wanjiag/MONSTERA/derivatives/rois/sub-MONSTERA23/sub-MONSTERA23_task-09_desc-preproc_bold_trim6_denoise_z-scored_mean.nii.gz
calculating mean......
3dTstat -mean -prefix /projects/kuhl_lab/wanjiag/MONSTERA/derivatives/rois/sub-MONSTERA23/sub-MONSTERA23_task-10_desc-preproc_bold_trim6_denoise_z-scored_mean.nii.gz /projects/kuhl_lab/wanjiag/MONSTERA/derivatives/preprocess/sub-MONSTERA23/sub-MONSTERA23_task-10_desc-preproc_bold_trim6_denoise_z-scored.nii.gz
221019-09:17:47,163 nipype.interface INFO:
	 stderr 2022-10-19T09:17:47.163286:++ 3dTstat: AFNI version=AFNI_18.2.04 (Jul  6 2018) [64-bit]
221019-09:17:47,163 nipype.interface INFO:
	 stderr 2022-10-19T09:17:47.163286:++ Authored by: KR Hammett & RW Cox
221019-09:17:47,372 nipype.interface INFO:
	 stderr 2022-10-19T09:17:47.372347:** AFNI converts NIFTI_datatype=64 (FLOAT64) in file /projects/kuhl_lab/wanjiag/MONSTERA/derivatives/preprocess/sub-MONSTERA23/sub-MONSTERA23_task-10_desc-preproc_bold_trim6_denoise_z-scored.nii.gz to FLOAT32
221019-09:17:47,372 nipype.interface INFO:
	 stderr 2022-10-19T09:17:47.372347:     Warnings of this type will be muted for this session.
221019-09:17:47,372 nipype.interface INFO:
	 stderr 2022-10-19T09:17:47.372347:     Set AFNI_NIFTI_TYPE_WARN to YES to see them all, NO to see none.
221019-09:17:56,523 nipype.interface INFO:
	 stderr 2022-10-19T09:17:56.523046:++ Output dataset /projects/kuhl_lab/wanjiag/MONSTERA/derivatives/rois/sub-MONSTERA23/sub-MONSTERA23_task-10_desc-preproc_bold_trim6_denoise_z-scored_mean.nii.gz
calculating mean...output to /projects/kuhl_lab/wanjiag/MONSTERA/derivatives/rois/sub-MONSTERA23/sub-MONSTERA23_task-10_desc-preproc_bold_trim6_denoise_z-scored_mean.nii.gz
fslmaths /projects/kuhl_lab/wanjiag/MONSTERA/derivatives/rois/sub-MONSTERA23/sub-MONSTERA23_task-01_desc-preproc_bold_trim6_denoise_z-scored_mean.nii.gz -add /projects/kuhl_lab/wanjiag/MONSTERA/derivatives/rois/sub-MONSTERA23/sub-MONSTERA23_task-02_desc-preproc_bold_trim6_denoise_z-scored_mean.nii.gz -add /projects/kuhl_lab/wanjiag/MONSTERA/derivatives/rois/sub-MONSTERA23/sub-MONSTERA23_task-03_desc-preproc_bold_trim6_denoise_z-scored_mean.nii.gz -add /projects/kuhl_lab/wanjiag/MONSTERA/derivatives/rois/sub-MONSTERA23/sub-MONSTERA23_task-04_desc-preproc_bold_trim6_denoise_z-scored_mean.nii.gz -add /projects/kuhl_lab/wanjiag/MONSTERA/derivatives/rois/sub-MONSTERA23/sub-MONSTERA23_task-05_desc-preproc_bold_trim6_denoise_z-scored_mean.nii.gz -add /projects/kuhl_lab/wanjiag/MONSTERA/derivatives/rois/sub-MONSTERA23/sub-MONSTERA23_task-06_desc-preproc_bold_trim6_denoise_z-scored_mean.nii.gz -add /projects/kuhl_lab/wanjiag/MONSTERA/derivatives/rois/sub-MONSTERA23/sub-MONSTERA23_task-07_desc-preproc_bold_trim6_denoise_z-scored_mean.nii.gz -add /projects/kuhl_lab/wanjiag/MONSTERA/derivatives/rois/sub-MONSTERA23/sub-MONSTERA23_task-08_desc-preproc_bold_trim6_denoise_z-scored_mean.nii.gz -add /projects/kuhl_lab/wanjiag/MONSTERA/derivatives/rois/sub-MONSTERA23/sub-MONSTERA23_task-09_desc-preproc_bold_trim6_denoise_z-scored_mean.nii.gz -add /projects/kuhl_lab/wanjiag/MONSTERA/derivatives/rois/sub-MONSTERA23/sub-MONSTERA23_task-10_desc-preproc_bold_trim6_denoise_z-scored_mean.nii.gz -div 10 /projects/kuhl_lab/wanjiag/MONSTERA/derivatives/rois/sub-MONSTERA23/avg_all_fmriprerp_func.nii.gz
--------------------Angular Gyrus-------------------
fslmaths /projects/kuhl_lab/wanjiag/MONSTERA/derivatives/rois/sub-MONSTERA23/aparc.a2009s+aseg.nii.gz -thr 11125 -uthr 11125 /projects/kuhl_lab/wanjiag/MONSTERA/derivatives/rois/sub-MONSTERA23/ctx_lh_G_pariet_inf-Angular.nii.gz
fslmaths /projects/kuhl_lab/wanjiag/MONSTERA/derivatives/rois/sub-MONSTERA23/aparc.a2009s+aseg.nii.gz -thr 12125 -uthr 12125 /projects/kuhl_lab/wanjiag/MONSTERA/derivatives/rois/sub-MONSTERA23/ctx_rh_G_pariet_inf-Angular.nii.gz
fslmaths /projects/kuhl_lab/wanjiag/MONSTERA/derivatives/rois/sub-MONSTERA23/ctx_lh_G_pariet_inf-Angular.nii.gz -add /projects/kuhl_lab/wanjiag/MONSTERA/derivatives/rois/sub-MONSTERA23/ctx_rh_G_pariet_inf-Angular.nii.gz -bin /projects/kuhl_lab/wanjiag/MONSTERA/derivatives/rois/sub-MONSTERA23/angular_gyrus.nii.gz
flirt -in /projects/kuhl_lab/wanjiag/MONSTERA/derivatives/rois/sub-MONSTERA23/angular_gyrus.nii.gz -ref /projects/kuhl_lab/wanjiag/MONSTERA/derivatives/rois/sub-MONSTERA23/avg_all_fmriprerp_func.nii.gz -out /projects/kuhl_lab/wanjiag/MONSTERA/derivatives/rois/sub-MONSTERA23/angular_gyrus_2_epi.nii.gz -omat /projects/kuhl_lab/wanjiag/MONSTERA/derivatives/rois/sub-MONSTERA23/angular_gyrus_2_epi.mat -applyxfm -usesqform
fslmaths /projects/kuhl_lab/wanjiag/MONSTERA/derivatives/rois/sub-MONSTERA23/angular_gyrus_2_epi.nii.gz -thr 0.5000000000 -bin /projects/kuhl_lab/wanjiag/MONSTERA/derivatives/rois/sub-MONSTERA23/angular_gyrus_2_epi_thre_0.5.nii.gz
--------------------Whole Hippocampus-------------------
fslmaths /projects/kuhl_lab/wanjiag/MONSTERA/derivatives/rois/sub-MONSTERA23/run-5_desc-aparcaseg_dseg.nii.gz -thr 17 -uthr 17 /projects/kuhl_lab/wanjiag/MONSTERA/derivatives/rois/sub-MONSTERA23/Left-Hippocampus.nii.gz
fslmaths /projects/kuhl_lab/wanjiag/MONSTERA/derivatives/rois/sub-MONSTERA23/run-5_desc-aparcaseg_dseg.nii.gz -thr 53 -uthr 53 /projects/kuhl_lab/wanjiag/MONSTERA/derivatives/rois/sub-MONSTERA23/Right-Hippocampus.nii.gz
fslmaths /projects/kuhl_lab/wanjiag/MONSTERA/derivatives/rois/sub-MONSTERA23/Left-Hippocampus.nii.gz -add /projects/kuhl_lab/wanjiag/MONSTERA/derivatives/rois/sub-MONSTERA23/Right-Hippocampus.nii.gz -bin /projects/kuhl_lab/wanjiag/MONSTERA/derivatives/rois/sub-MONSTERA23/hippocampus.nii.gz
flirt -in /projects/kuhl_lab/wanjiag/MONSTERA/derivatives/rois/sub-MONSTERA23/hippocampus.nii.gz -ref /projects/kuhl_lab/wanjiag/MONSTERA/derivatives/rois/sub-MONSTERA23/avg_all_fmriprerp_func.nii.gz -out /projects/kuhl_lab/wanjiag/MONSTERA/derivatives/rois/sub-MONSTERA23/hippocampus_2_epi.nii.gz -omat /projects/kuhl_lab/wanjiag/MONSTERA/derivatives/rois/sub-MONSTERA23/hippocampus_2_epi.mat -applyxfm -usesqform
fslmaths /projects/kuhl_lab/wanjiag/MONSTERA/derivatives/rois/sub-MONSTERA23/hippocampus_2_epi.nii.gz -thr 0.5000000000 -bin /projects/kuhl_lab/wanjiag/MONSTERA/derivatives/rois/sub-MONSTERA23/hippocampus_2_epi_thre_0.5.nii.gz
--------------------PPA-------------------
/home/wanjiag/projects/MONSTERA/derivatives/rois/mni/ppa/ppa.nii.gz 
 /projects/kuhl_lab/wanjiag/MONSTERA/derivatives/rois/sub-MONSTERA23/avg_all_fmriprerp_func.nii.gz 
 /projects/kuhl_lab/wanjiag/MONSTERA/derivatives/fmriprep/sub-MONSTERA23/anat/sub-MONSTERA23_run-5_from-MNI152NLin2009cAsym_to-T1w_mode-image_xfm.h5 
 /projects/kuhl_lab/wanjiag/MONSTERA/derivatives/rois/sub-MONSTERA23
antsApplyTransforms --default-value 0 --dimensionality 3 --float 0 --input /home/wanjiag/projects/MONSTERA/derivatives/rois/mni/ppa/ppa.nii.gz --interpolation Linear --output /projects/kuhl_lab/wanjiag/MONSTERA/derivatives/rois/sub-MONSTERA23/ppa_mni_2_epi.nii.gz --reference-image /projects/kuhl_lab/wanjiag/MONSTERA/derivatives/rois/sub-MONSTERA23/avg_all_fmriprerp_func.nii.gz --transform /projects/kuhl_lab/wanjiag/MONSTERA/derivatives/fmriprep/sub-MONSTERA23/anat/sub-MONSTERA23_run-5_from-MNI152NLin2009cAsym_to-T1w_mode-image_xfm.h5
fslmaths /projects/kuhl_lab/wanjiag/MONSTERA/derivatives/rois/sub-MONSTERA23/ppa_mni_2_epi.nii.gz -thr 0.5000000000 -bin /projects/kuhl_lab/wanjiag/MONSTERA/derivatives/rois/sub-MONSTERA23/ppa_mni_2_epi_thr_0.5.nii.gz
--------------------EVC-------------------
/home/wanjiag/projects/MONSTERA/derivatives/rois/mni/visual_cortex/subj_vol_all 
 /projects/kuhl_lab/wanjiag/MONSTERA/derivatives/rois/sub-MONSTERA23/avg_all_fmriprerp_func.nii.gz 
 /projects/kuhl_lab/wanjiag/MONSTERA/derivatives/fmriprep/sub-MONSTERA23/anat/sub-MONSTERA23_run-5_from-MNI152NLin2009cAsym_to-T1w_mode-image_xfm.h5 
 /projects/kuhl_lab/wanjiag/MONSTERA/derivatives/rois/sub-MONSTERA23
antsApplyTransforms --default-value 0 --dimensionality 3 --float 0 --input /home/wanjiag/projects/MONSTERA/derivatives/rois/mni/visual_cortex/subj_vol_all/perc_VTPM_vol_roi1_lh.nii.gz --interpolation Linear --output /projects/kuhl_lab/wanjiag/MONSTERA/derivatives/rois/sub-MONSTERA23/perc_VTPM_vol_roi1_lh_2_epi.nii.gz --reference-image /projects/kuhl_lab/wanjiag/MONSTERA/derivatives/rois/sub-MONSTERA23/avg_all_fmriprerp_func.nii.gz --transform /projects/kuhl_lab/wanjiag/MONSTERA/derivatives/fmriprep/sub-MONSTERA23/anat/sub-MONSTERA23_run-5_from-MNI152NLin2009cAsym_to-T1w_mode-image_xfm.h5
fslmaths /projects/kuhl_lab/wanjiag/MONSTERA/derivatives/rois/sub-MONSTERA23/perc_VTPM_vol_roi1_lh_2_epi.nii.gz -thr 50.0000000000 -bin /projects/kuhl_lab/wanjiag/MONSTERA/derivatives/rois/sub-MONSTERA23/perc_VTPM_vol_roi1_lh_2_epi_thr_50.nii.gz
antsApplyTransforms --default-value 0 --dimensionality 3 --float 0 --input /home/wanjiag/projects/MONSTERA/derivatives/rois/mni/visual_cortex/subj_vol_all/perc_VTPM_vol_roi1_rh.nii.gz --interpolation Linear --output /projects/kuhl_lab/wanjiag/MONSTERA/derivatives/rois/sub-MONSTERA23/perc_VTPM_vol_roi1_rh_2_epi.nii.gz --reference-image /projects/kuhl_lab/wanjiag/MONSTERA/derivatives/rois/sub-MONSTERA23/avg_all_fmriprerp_func.nii.gz --transform /projects/kuhl_lab/wanjiag/MONSTERA/derivatives/fmriprep/sub-MONSTERA23/anat/sub-MONSTERA23_run-5_from-MNI152NLin2009cAsym_to-T1w_mode-image_xfm.h5
fslmaths /projects/kuhl_lab/wanjiag/MONSTERA/derivatives/rois/sub-MONSTERA23/perc_VTPM_vol_roi1_rh_2_epi.nii.gz -thr 50.0000000000 -bin /projects/kuhl_lab/wanjiag/MONSTERA/derivatives/rois/sub-MONSTERA23/perc_VTPM_vol_roi1_rh_2_epi_thr_50.nii.gz
antsApplyTransforms --default-value 0 --dimensionality 3 --float 0 --input /home/wanjiag/projects/MONSTERA/derivatives/rois/mni/visual_cortex/subj_vol_all/perc_VTPM_vol_roi2_lh.nii.gz --interpolation Linear --output /projects/kuhl_lab/wanjiag/MONSTERA/derivatives/rois/sub-MONSTERA23/perc_VTPM_vol_roi2_lh_2_epi.nii.gz --reference-image /projects/kuhl_lab/wanjiag/MONSTERA/derivatives/rois/sub-MONSTERA23/avg_all_fmriprerp_func.nii.gz --transform /projects/kuhl_lab/wanjiag/MONSTERA/derivatives/fmriprep/sub-MONSTERA23/anat/sub-MONSTERA23_run-5_from-MNI152NLin2009cAsym_to-T1w_mode-image_xfm.h5
fslmaths /projects/kuhl_lab/wanjiag/MONSTERA/derivatives/rois/sub-MONSTERA23/perc_VTPM_vol_roi2_lh_2_epi.nii.gz -thr 50.0000000000 -bin /projects/kuhl_lab/wanjiag/MONSTERA/derivatives/rois/sub-MONSTERA23/perc_VTPM_vol_roi2_lh_2_epi_thr_50.nii.gz
antsApplyTransforms --default-value 0 --dimensionality 3 --float 0 --input /home/wanjiag/projects/MONSTERA/derivatives/rois/mni/visual_cortex/subj_vol_all/perc_VTPM_vol_roi2_rh.nii.gz --interpolation Linear --output /projects/kuhl_lab/wanjiag/MONSTERA/derivatives/rois/sub-MONSTERA23/perc_VTPM_vol_roi2_rh_2_epi.nii.gz --reference-image /projects/kuhl_lab/wanjiag/MONSTERA/derivatives/rois/sub-MONSTERA23/avg_all_fmriprerp_func.nii.gz --transform /projects/kuhl_lab/wanjiag/MONSTERA/derivatives/fmriprep/sub-MONSTERA23/anat/sub-MONSTERA23_run-5_from-MNI152NLin2009cAsym_to-T1w_mode-image_xfm.h5
fslmaths /projects/kuhl_lab/wanjiag/MONSTERA/derivatives/rois/sub-MONSTERA23/perc_VTPM_vol_roi2_rh_2_epi.nii.gz -thr 50.0000000000 -bin /projects/kuhl_lab/wanjiag/MONSTERA/derivatives/rois/sub-MONSTERA23/perc_VTPM_vol_roi2_rh_2_epi_thr_50.nii.gz
fslmaths /projects/kuhl_lab/wanjiag/MONSTERA/derivatives/rois/sub-MONSTERA23/perc_VTPM_vol_roi1_lh_2_epi_thr_50.nii.gz -add /projects/kuhl_lab/wanjiag/MONSTERA/derivatives/rois/sub-MONSTERA23/perc_VTPM_vol_roi1_rh_2_epi_thr_50.nii.gz -add /projects/kuhl_lab/wanjiag/MONSTERA/derivatives/rois/sub-MONSTERA23/perc_VTPM_vol_roi2_lh_2_epi_thr_50.nii.gz -add /projects/kuhl_lab/wanjiag/MONSTERA/derivatives/rois/sub-MONSTERA23/perc_VTPM_vol_roi2_rh_2_epi_thr_50.nii.gz -bin /projects/kuhl_lab/wanjiag/MONSTERA/derivatives/rois/sub-MONSTERA23/evc_2_epi_thr_0.5.nii.gz
221019-09:18:24,786 nipype.utils WARNING:
	 A newer version (1.8.4) of nipy/nipype is available. You are using 1.7.1
flirt -in /home/wanjiag/projects/MONSTERA/derivatives/rois/ASHS/sub-MONSTERA22/tse.nii.gz -ref /home/wanjiag/projects/MONSTERA/derivatives/fmriprep/sub-MONSTERA22/anat/sub-MONSTERA22_run-5_desc-preproc_T1w.nii.gz -out /home/wanjiag/projects/MONSTERA/derivatives/rois/sub-MONSTERA22/ashs/T2_to_T1.nii.gz -omat /home/wanjiag/projects/MONSTERA/derivatives/rois/sub-MONSTERA22/ashs/T2_to_T1.mat -cost mutualinfo -dof 6
---------------------Whole hippocampus: sub-MONSTERA22----------------------
fslmaths /home/wanjiag/projects/MONSTERA/derivatives/rois/ASHS/sub-MONSTERA22/final/sub-MONSTERA22_left_lfseg_corr_nogray.nii.gz -thr 1 -uthr 1 -bin /home/wanjiag/projects/MONSTERA/derivatives/rois/sub-MONSTERA22/ashs/whole/left-ca1_T2w-space.nii.gz
fslmaths /home/wanjiag/projects/MONSTERA/derivatives/rois/ASHS/sub-MONSTERA22/final/sub-MONSTERA22_right_lfseg_corr_nogray.nii.gz -thr 1 -uthr 1 -bin /home/wanjiag/projects/MONSTERA/derivatives/rois/sub-MONSTERA22/ashs/whole/right-ca1_T2w-space.nii.gz
fslmaths /home/wanjiag/projects/MONSTERA/derivatives/rois/sub-MONSTERA22/ashs/whole/left-ca1_T2w-space.nii.gz -add /home/wanjiag/projects/MONSTERA/derivatives/rois/sub-MONSTERA22/ashs/whole/right-ca1_T2w-space.nii.gz /home/wanjiag/projects/MONSTERA/derivatives/rois/sub-MONSTERA22/ashs/whole/ca1_T2w-space.nii.gz
flirt -in /home/wanjiag/projects/MONSTERA/derivatives/rois/sub-MONSTERA22/ashs/whole/ca1_T2w-space.nii.gz -ref /home/wanjiag/projects/MONSTERA/derivatives/fmriprep/sub-MONSTERA22/anat/sub-MONSTERA22_run-5_desc-preproc_T1w.nii.gz -out /home/wanjiag/projects/MONSTERA/derivatives/rois/sub-MONSTERA22/ashs/whole/ca1_T2w-to-T1-space.nii.gz -omat /home/wanjiag/projects/MONSTERA/derivatives/rois/sub-MONSTERA22/ashs/whole/ca1_T2w-to-T1-space.mat -applyxfm -init /home/wanjiag/projects/MONSTERA/derivatives/rois/sub-MONSTERA22/ashs/T2_to_T1.mat
flirt -in /home/wanjiag/projects/MONSTERA/derivatives/rois/sub-MONSTERA22/ashs/whole/ca1_T2w-to-T1-space.nii.gz -ref /home/wanjiag/projects/MONSTERA/derivatives/rois/sub-MONSTERA22/avg_all_fmriprerp_func.nii.gz -out /home/wanjiag/projects/MONSTERA/derivatives/rois/sub-MONSTERA22/ashs/whole/ca1_epi-space.nii.gz -omat /home/wanjiag/projects/MONSTERA/derivatives/rois/sub-MONSTERA22/ashs/whole/ca1_epi-space.mat -applyxfm -usesqform
fslmaths /home/wanjiag/projects/MONSTERA/derivatives/rois/sub-MONSTERA22/ashs/whole/ca1_epi-space.nii.gz -thr 0.5000000000 -bin /home/wanjiag/projects/MONSTERA/derivatives/rois/sub-MONSTERA22/ashs/whole/ca1_epi-space_thre_0.5.nii.gz
fslmaths /home/wanjiag/projects/MONSTERA/derivatives/rois/ASHS/sub-MONSTERA22/final/sub-MONSTERA22_left_lfseg_corr_nogray.nii.gz -thr 2 -uthr 4 -bin /home/wanjiag/projects/MONSTERA/derivatives/rois/sub-MONSTERA22/ashs/whole/left-ca23dg_T2w-space.nii.gz
fslmaths /home/wanjiag/projects/MONSTERA/derivatives/rois/ASHS/sub-MONSTERA22/final/sub-MONSTERA22_right_lfseg_corr_nogray.nii.gz -thr 2 -uthr 4 -bin /home/wanjiag/projects/MONSTERA/derivatives/rois/sub-MONSTERA22/ashs/whole/right-ca23dg_T2w-space.nii.gz
fslmaths /home/wanjiag/projects/MONSTERA/derivatives/rois/sub-MONSTERA22/ashs/whole/left-ca23dg_T2w-space.nii.gz -add /home/wanjiag/projects/MONSTERA/derivatives/rois/sub-MONSTERA22/ashs/whole/right-ca23dg_T2w-space.nii.gz /home/wanjiag/projects/MONSTERA/derivatives/rois/sub-MONSTERA22/ashs/whole/ca23dg_T2w-space.nii.gz
flirt -in /home/wanjiag/projects/MONSTERA/derivatives/rois/sub-MONSTERA22/ashs/whole/ca23dg_T2w-space.nii.gz -ref /home/wanjiag/projects/MONSTERA/derivatives/fmriprep/sub-MONSTERA22/anat/sub-MONSTERA22_run-5_desc-preproc_T1w.nii.gz -out /home/wanjiag/projects/MONSTERA/derivatives/rois/sub-MONSTERA22/ashs/whole/ca23dg_T2w-to-T1-space.nii.gz -omat /home/wanjiag/projects/MONSTERA/derivatives/rois/sub-MONSTERA22/ashs/whole/ca23dg_T2w-to-T1-space.mat -applyxfm -init /home/wanjiag/projects/MONSTERA/derivatives/rois/sub-MONSTERA22/ashs/T2_to_T1.mat
flirt -in /home/wanjiag/projects/MONSTERA/derivatives/rois/sub-MONSTERA22/ashs/whole/ca23dg_T2w-to-T1-space.nii.gz -ref /home/wanjiag/projects/MONSTERA/derivatives/rois/sub-MONSTERA22/avg_all_fmriprerp_func.nii.gz -out /home/wanjiag/projects/MONSTERA/derivatives/rois/sub-MONSTERA22/ashs/whole/ca23dg_epi-space.nii.gz -omat /home/wanjiag/projects/MONSTERA/derivatives/rois/sub-MONSTERA22/ashs/whole/ca23dg_epi-space.mat -applyxfm -usesqform
fslmaths /home/wanjiag/projects/MONSTERA/derivatives/rois/sub-MONSTERA22/ashs/whole/ca23dg_epi-space.nii.gz -thr 0.5000000000 -bin /home/wanjiag/projects/MONSTERA/derivatives/rois/sub-MONSTERA22/ashs/whole/ca23dg_epi-space_thre_0.5.nii.gz
---------------------Hippocampus body: sub-MONSTERA22----------------------
fslroi /home/wanjiag/projects/MONSTERA/derivatives/rois/ASHS/sub-MONSTERA22/final/sub-MONSTERA22_left_lfseg_corr_nogray.nii.gz /home/wanjiag/projects/MONSTERA/derivatives/rois/sub-MONSTERA22/ashs/body/sub-MONSTERA22_left_body_nogray.nii.gz 0 -1 0 -1 31 10
fslroi /home/wanjiag/projects/MONSTERA/derivatives/rois/ASHS/empty_t2.nii.gz /home/wanjiag/projects/MONSTERA/derivatives/rois/sub-MONSTERA22/ashs/body/front_empty.nii.gz 0 -1 0 -1 0 30
fslroi /home/wanjiag/projects/MONSTERA/derivatives/rois/ASHS/empty_t2.nii.gz /home/wanjiag/projects/MONSTERA/derivatives/rois/sub-MONSTERA22/ashs/body/end_empty.nii.gz 0 -1 0 -1 0 25
fslroi /home/wanjiag/projects/MONSTERA/derivatives/rois/ASHS/sub-MONSTERA22/final/sub-MONSTERA22_right_lfseg_corr_nogray.nii.gz /home/wanjiag/projects/MONSTERA/derivatives/rois/sub-MONSTERA22/ashs/body/sub-MONSTERA22_right_body_nogray.nii.gz 0 -1 0 -1 30 11
fslroi /home/wanjiag/projects/MONSTERA/derivatives/rois/ASHS/empty_t2.nii.gz /home/wanjiag/projects/MONSTERA/derivatives/rois/sub-MONSTERA22/ashs/body/front_empty.nii.gz 0 -1 0 -1 0 29
fslroi /home/wanjiag/projects/MONSTERA/derivatives/rois/ASHS/empty_t2.nii.gz /home/wanjiag/projects/MONSTERA/derivatives/rois/sub-MONSTERA22/ashs/body/end_empty.nii.gz 0 -1 0 -1 0 25
fslmaths /home/wanjiag/projects/MONSTERA/derivatives/rois/sub-MONSTERA22/ashs/body/sub-MONSTERA22_left_body_nogray.nii.gz -thr 1 -uthr 1 -bin /home/wanjiag/projects/MONSTERA/derivatives/rois/sub-MONSTERA22/ashs/body/left-ca1-body_T2w-space.nii.gz
fslmaths /home/wanjiag/projects/MONSTERA/derivatives/rois/sub-MONSTERA22/ashs/body/sub-MONSTERA22_right_body_nogray.nii.gz -thr 1 -uthr 1 -bin /home/wanjiag/projects/MONSTERA/derivatives/rois/sub-MONSTERA22/ashs/body/right-ca1-body_T2w-space.nii.gz
fslmaths /home/wanjiag/projects/MONSTERA/derivatives/rois/sub-MONSTERA22/ashs/body/left-ca1-body_T2w-space.nii.gz -add /home/wanjiag/projects/MONSTERA/derivatives/rois/sub-MONSTERA22/ashs/body/right-ca1-body_T2w-space.nii.gz /home/wanjiag/projects/MONSTERA/derivatives/rois/sub-MONSTERA22/ashs/body/ca1-body_T2w-space.nii.gz
flirt -in /home/wanjiag/projects/MONSTERA/derivatives/rois/sub-MONSTERA22/ashs/body/ca1-body_T2w-space.nii.gz -ref /home/wanjiag/projects/MONSTERA/derivatives/fmriprep/sub-MONSTERA22/anat/sub-MONSTERA22_run-5_desc-preproc_T1w.nii.gz -out /home/wanjiag/projects/MONSTERA/derivatives/rois/sub-MONSTERA22/ashs/body/ca1-body_T2w-to-T1-space.nii.gz -omat /home/wanjiag/projects/MONSTERA/derivatives/rois/sub-MONSTERA22/ashs/body/ca1-body_T2w-to-T1-space.mat -applyxfm -init /home/wanjiag/projects/MONSTERA/derivatives/rois/sub-MONSTERA22/ashs/T2_to_T1.mat
flirt -in /home/wanjiag/projects/MONSTERA/derivatives/rois/sub-MONSTERA22/ashs/body/ca1-body_T2w-to-T1-space.nii.gz -ref /home/wanjiag/projects/MONSTERA/derivatives/rois/sub-MONSTERA22/avg_all_fmriprerp_func.nii.gz -out /home/wanjiag/projects/MONSTERA/derivatives/rois/sub-MONSTERA22/ashs/body/ca1-body_epi-space.nii.gz -omat /home/wanjiag/projects/MONSTERA/derivatives/rois/sub-MONSTERA22/ashs/body/ca1-body_epi-space.mat -applyxfm -usesqform
fslmaths /home/wanjiag/projects/MONSTERA/derivatives/rois/sub-MONSTERA22/ashs/body/ca1-body_epi-space.nii.gz -thr 0.5000000000 -bin /home/wanjiag/projects/MONSTERA/derivatives/rois/sub-MONSTERA22/ashs/body/ca1-body_epi-space_thre_0.5.nii.gz
fslmaths /home/wanjiag/projects/MONSTERA/derivatives/rois/sub-MONSTERA22/ashs/body/sub-MONSTERA22_left_body_nogray.nii.gz -thr 2 -uthr 4 -bin /home/wanjiag/projects/MONSTERA/derivatives/rois/sub-MONSTERA22/ashs/body/left-ca23dg-body_T2w-space.nii.gz
fslmaths /home/wanjiag/projects/MONSTERA/derivatives/rois/sub-MONSTERA22/ashs/body/sub-MONSTERA22_right_body_nogray.nii.gz -thr 2 -uthr 4 -bin /home/wanjiag/projects/MONSTERA/derivatives/rois/sub-MONSTERA22/ashs/body/right-ca23dg-body_T2w-space.nii.gz
fslmaths /home/wanjiag/projects/MONSTERA/derivatives/rois/sub-MONSTERA22/ashs/body/left-ca23dg-body_T2w-space.nii.gz -add /home/wanjiag/projects/MONSTERA/derivatives/rois/sub-MONSTERA22/ashs/body/right-ca23dg-body_T2w-space.nii.gz /home/wanjiag/projects/MONSTERA/derivatives/rois/sub-MONSTERA22/ashs/body/ca23dg-body_T2w-space.nii.gz
flirt -in /home/wanjiag/projects/MONSTERA/derivatives/rois/sub-MONSTERA22/ashs/body/ca23dg-body_T2w-space.nii.gz -ref /home/wanjiag/projects/MONSTERA/derivatives/fmriprep/sub-MONSTERA22/anat/sub-MONSTERA22_run-5_desc-preproc_T1w.nii.gz -out /home/wanjiag/projects/MONSTERA/derivatives/rois/sub-MONSTERA22/ashs/body/ca23dg-body_T2w-to-T1-space.nii.gz -omat /home/wanjiag/projects/MONSTERA/derivatives/rois/sub-MONSTERA22/ashs/body/ca23dg-body_T2w-to-T1-space.mat -applyxfm -init /home/wanjiag/projects/MONSTERA/derivatives/rois/sub-MONSTERA22/ashs/T2_to_T1.mat
flirt -in /home/wanjiag/projects/MONSTERA/derivatives/rois/sub-MONSTERA22/ashs/body/ca23dg-body_T2w-to-T1-space.nii.gz -ref /home/wanjiag/projects/MONSTERA/derivatives/rois/sub-MONSTERA22/avg_all_fmriprerp_func.nii.gz -out /home/wanjiag/projects/MONSTERA/derivatives/rois/sub-MONSTERA22/ashs/body/ca23dg-body_epi-space.nii.gz -omat /home/wanjiag/projects/MONSTERA/derivatives/rois/sub-MONSTERA22/ashs/body/ca23dg-body_epi-space.mat -applyxfm -usesqform
fslmaths /home/wanjiag/projects/MONSTERA/derivatives/rois/sub-MONSTERA22/ashs/body/ca23dg-body_epi-space.nii.gz -thr 0.5000000000 -bin /home/wanjiag/projects/MONSTERA/derivatives/rois/sub-MONSTERA22/ashs/body/ca23dg-body_epi-space_thre_0.5.nii.gz
flirt -in /home/wanjiag/projects/MONSTERA/derivatives/rois/ASHS/sub-MONSTERA23/tse.nii.gz -ref /home/wanjiag/projects/MONSTERA/derivatives/fmriprep/sub-MONSTERA23/anat/sub-MONSTERA23_run-5_desc-preproc_T1w.nii.gz -out /home/wanjiag/projects/MONSTERA/derivatives/rois/sub-MONSTERA23/ashs/T2_to_T1.nii.gz -omat /home/wanjiag/projects/MONSTERA/derivatives/rois/sub-MONSTERA23/ashs/T2_to_T1.mat -cost mutualinfo -dof 6
---------------------Whole hippocampus: sub-MONSTERA23----------------------
fslmaths /home/wanjiag/projects/MONSTERA/derivatives/rois/ASHS/sub-MONSTERA23/final/sub-MONSTERA23_left_lfseg_corr_nogray.nii.gz -thr 1 -uthr 1 -bin /home/wanjiag/projects/MONSTERA/derivatives/rois/sub-MONSTERA23/ashs/whole/left-ca1_T2w-space.nii.gz
fslmaths /home/wanjiag/projects/MONSTERA/derivatives/rois/ASHS/sub-MONSTERA23/final/sub-MONSTERA23_right_lfseg_corr_nogray.nii.gz -thr 1 -uthr 1 -bin /home/wanjiag/projects/MONSTERA/derivatives/rois/sub-MONSTERA23/ashs/whole/right-ca1_T2w-space.nii.gz
fslmaths /home/wanjiag/projects/MONSTERA/derivatives/rois/sub-MONSTERA23/ashs/whole/left-ca1_T2w-space.nii.gz -add /home/wanjiag/projects/MONSTERA/derivatives/rois/sub-MONSTERA23/ashs/whole/right-ca1_T2w-space.nii.gz /home/wanjiag/projects/MONSTERA/derivatives/rois/sub-MONSTERA23/ashs/whole/ca1_T2w-space.nii.gz
flirt -in /home/wanjiag/projects/MONSTERA/derivatives/rois/sub-MONSTERA23/ashs/whole/ca1_T2w-space.nii.gz -ref /home/wanjiag/projects/MONSTERA/derivatives/fmriprep/sub-MONSTERA23/anat/sub-MONSTERA23_run-5_desc-preproc_T1w.nii.gz -out /home/wanjiag/projects/MONSTERA/derivatives/rois/sub-MONSTERA23/ashs/whole/ca1_T2w-to-T1-space.nii.gz -omat /home/wanjiag/projects/MONSTERA/derivatives/rois/sub-MONSTERA23/ashs/whole/ca1_T2w-to-T1-space.mat -applyxfm -init /home/wanjiag/projects/MONSTERA/derivatives/rois/sub-MONSTERA23/ashs/T2_to_T1.mat
flirt -in /home/wanjiag/projects/MONSTERA/derivatives/rois/sub-MONSTERA23/ashs/whole/ca1_T2w-to-T1-space.nii.gz -ref /home/wanjiag/projects/MONSTERA/derivatives/rois/sub-MONSTERA23/avg_all_fmriprerp_func.nii.gz -out /home/wanjiag/projects/MONSTERA/derivatives/rois/sub-MONSTERA23/ashs/whole/ca1_epi-space.nii.gz -omat /home/wanjiag/projects/MONSTERA/derivatives/rois/sub-MONSTERA23/ashs/whole/ca1_epi-space.mat -applyxfm -usesqform
fslmaths /home/wanjiag/projects/MONSTERA/derivatives/rois/sub-MONSTERA23/ashs/whole/ca1_epi-space.nii.gz -thr 0.5000000000 -bin /home/wanjiag/projects/MONSTERA/derivatives/rois/sub-MONSTERA23/ashs/whole/ca1_epi-space_thre_0.5.nii.gz
fslmaths /home/wanjiag/projects/MONSTERA/derivatives/rois/ASHS/sub-MONSTERA23/final/sub-MONSTERA23_left_lfseg_corr_nogray.nii.gz -thr 2 -uthr 4 -bin /home/wanjiag/projects/MONSTERA/derivatives/rois/sub-MONSTERA23/ashs/whole/left-ca23dg_T2w-space.nii.gz
fslmaths /home/wanjiag/projects/MONSTERA/derivatives/rois/ASHS/sub-MONSTERA23/final/sub-MONSTERA23_right_lfseg_corr_nogray.nii.gz -thr 2 -uthr 4 -bin /home/wanjiag/projects/MONSTERA/derivatives/rois/sub-MONSTERA23/ashs/whole/right-ca23dg_T2w-space.nii.gz
fslmaths /home/wanjiag/projects/MONSTERA/derivatives/rois/sub-MONSTERA23/ashs/whole/left-ca23dg_T2w-space.nii.gz -add /home/wanjiag/projects/MONSTERA/derivatives/rois/sub-MONSTERA23/ashs/whole/right-ca23dg_T2w-space.nii.gz /home/wanjiag/projects/MONSTERA/derivatives/rois/sub-MONSTERA23/ashs/whole/ca23dg_T2w-space.nii.gz
flirt -in /home/wanjiag/projects/MONSTERA/derivatives/rois/sub-MONSTERA23/ashs/whole/ca23dg_T2w-space.nii.gz -ref /home/wanjiag/projects/MONSTERA/derivatives/fmriprep/sub-MONSTERA23/anat/sub-MONSTERA23_run-5_desc-preproc_T1w.nii.gz -out /home/wanjiag/projects/MONSTERA/derivatives/rois/sub-MONSTERA23/ashs/whole/ca23dg_T2w-to-T1-space.nii.gz -omat /home/wanjiag/projects/MONSTERA/derivatives/rois/sub-MONSTERA23/ashs/whole/ca23dg_T2w-to-T1-space.mat -applyxfm -init /home/wanjiag/projects/MONSTERA/derivatives/rois/sub-MONSTERA23/ashs/T2_to_T1.mat
flirt -in /home/wanjiag/projects/MONSTERA/derivatives/rois/sub-MONSTERA23/ashs/whole/ca23dg_T2w-to-T1-space.nii.gz -ref /home/wanjiag/projects/MONSTERA/derivatives/rois/sub-MONSTERA23/avg_all_fmriprerp_func.nii.gz -out /home/wanjiag/projects/MONSTERA/derivatives/rois/sub-MONSTERA23/ashs/whole/ca23dg_epi-space.nii.gz -omat /home/wanjiag/projects/MONSTERA/derivatives/rois/sub-MONSTERA23/ashs/whole/ca23dg_epi-space.mat -applyxfm -usesqform
fslmaths /home/wanjiag/projects/MONSTERA/derivatives/rois/sub-MONSTERA23/ashs/whole/ca23dg_epi-space.nii.gz -thr 0.5000000000 -bin /home/wanjiag/projects/MONSTERA/derivatives/rois/sub-MONSTERA23/ashs/whole/ca23dg_epi-space_thre_0.5.nii.gz
---------------------Hippocampus body: sub-MONSTERA23----------------------
fslroi /home/wanjiag/projects/MONSTERA/derivatives/rois/ASHS/sub-MONSTERA23/final/sub-MONSTERA23_left_lfseg_corr_nogray.nii.gz /home/wanjiag/projects/MONSTERA/derivatives/rois/sub-MONSTERA23/ashs/body/sub-MONSTERA23_left_body_nogray.nii.gz 0 -1 0 -1 31 10
fslroi /home/wanjiag/projects/MONSTERA/derivatives/rois/ASHS/empty_t2.nii.gz /home/wanjiag/projects/MONSTERA/derivatives/rois/sub-MONSTERA23/ashs/body/front_empty.nii.gz 0 -1 0 -1 0 30
fslroi /home/wanjiag/projects/MONSTERA/derivatives/rois/ASHS/empty_t2.nii.gz /home/wanjiag/projects/MONSTERA/derivatives/rois/sub-MONSTERA23/ashs/body/end_empty.nii.gz 0 -1 0 -1 0 25
fslroi /home/wanjiag/projects/MONSTERA/derivatives/rois/ASHS/sub-MONSTERA23/final/sub-MONSTERA23_right_lfseg_corr_nogray.nii.gz /home/wanjiag/projects/MONSTERA/derivatives/rois/sub-MONSTERA23/ashs/body/sub-MONSTERA23_right_body_nogray.nii.gz 0 -1 0 -1 32 9
fslroi /home/wanjiag/projects/MONSTERA/derivatives/rois/ASHS/empty_t2.nii.gz /home/wanjiag/projects/MONSTERA/derivatives/rois/sub-MONSTERA23/ashs/body/front_empty.nii.gz 0 -1 0 -1 0 31
fslroi /home/wanjiag/projects/MONSTERA/derivatives/rois/ASHS/empty_t2.nii.gz /home/wanjiag/projects/MONSTERA/derivatives/rois/sub-MONSTERA23/ashs/body/end_empty.nii.gz 0 -1 0 -1 0 25
fslmaths /home/wanjiag/projects/MONSTERA/derivatives/rois/sub-MONSTERA23/ashs/body/sub-MONSTERA23_left_body_nogray.nii.gz -thr 1 -uthr 1 -bin /home/wanjiag/projects/MONSTERA/derivatives/rois/sub-MONSTERA23/ashs/body/left-ca1-body_T2w-space.nii.gz
fslmaths /home/wanjiag/projects/MONSTERA/derivatives/rois/sub-MONSTERA23/ashs/body/sub-MONSTERA23_right_body_nogray.nii.gz -thr 1 -uthr 1 -bin /home/wanjiag/projects/MONSTERA/derivatives/rois/sub-MONSTERA23/ashs/body/right-ca1-body_T2w-space.nii.gz
fslmaths /home/wanjiag/projects/MONSTERA/derivatives/rois/sub-MONSTERA23/ashs/body/left-ca1-body_T2w-space.nii.gz -add /home/wanjiag/projects/MONSTERA/derivatives/rois/sub-MONSTERA23/ashs/body/right-ca1-body_T2w-space.nii.gz /home/wanjiag/projects/MONSTERA/derivatives/rois/sub-MONSTERA23/ashs/body/ca1-body_T2w-space.nii.gz
flirt -in /home/wanjiag/projects/MONSTERA/derivatives/rois/sub-MONSTERA23/ashs/body/ca1-body_T2w-space.nii.gz -ref /home/wanjiag/projects/MONSTERA/derivatives/fmriprep/sub-MONSTERA23/anat/sub-MONSTERA23_run-5_desc-preproc_T1w.nii.gz -out /home/wanjiag/projects/MONSTERA/derivatives/rois/sub-MONSTERA23/ashs/body/ca1-body_T2w-to-T1-space.nii.gz -omat /home/wanjiag/projects/MONSTERA/derivatives/rois/sub-MONSTERA23/ashs/body/ca1-body_T2w-to-T1-space.mat -applyxfm -init /home/wanjiag/projects/MONSTERA/derivatives/rois/sub-MONSTERA23/ashs/T2_to_T1.mat
flirt -in /home/wanjiag/projects/MONSTERA/derivatives/rois/sub-MONSTERA23/ashs/body/ca1-body_T2w-to-T1-space.nii.gz -ref /home/wanjiag/projects/MONSTERA/derivatives/rois/sub-MONSTERA23/avg_all_fmriprerp_func.nii.gz -out /home/wanjiag/projects/MONSTERA/derivatives/rois/sub-MONSTERA23/ashs/body/ca1-body_epi-space.nii.gz -omat /home/wanjiag/projects/MONSTERA/derivatives/rois/sub-MONSTERA23/ashs/body/ca1-body_epi-space.mat -applyxfm -usesqform
fslmaths /home/wanjiag/projects/MONSTERA/derivatives/rois/sub-MONSTERA23/ashs/body/ca1-body_epi-space.nii.gz -thr 0.5000000000 -bin /home/wanjiag/projects/MONSTERA/derivatives/rois/sub-MONSTERA23/ashs/body/ca1-body_epi-space_thre_0.5.nii.gz
fslmaths /home/wanjiag/projects/MONSTERA/derivatives/rois/sub-MONSTERA23/ashs/body/sub-MONSTERA23_left_body_nogray.nii.gz -thr 2 -uthr 4 -bin /home/wanjiag/projects/MONSTERA/derivatives/rois/sub-MONSTERA23/ashs/body/left-ca23dg-body_T2w-space.nii.gz
fslmaths /home/wanjiag/projects/MONSTERA/derivatives/rois/sub-MONSTERA23/ashs/body/sub-MONSTERA23_right_body_nogray.nii.gz -thr 2 -uthr 4 -bin /home/wanjiag/projects/MONSTERA/derivatives/rois/sub-MONSTERA23/ashs/body/right-ca23dg-body_T2w-space.nii.gz
fslmaths /home/wanjiag/projects/MONSTERA/derivatives/rois/sub-MONSTERA23/ashs/body/left-ca23dg-body_T2w-space.nii.gz -add /home/wanjiag/projects/MONSTERA/derivatives/rois/sub-MONSTERA23/ashs/body/right-ca23dg-body_T2w-space.nii.gz /home/wanjiag/projects/MONSTERA/derivatives/rois/sub-MONSTERA23/ashs/body/ca23dg-body_T2w-space.nii.gz
flirt -in /home/wanjiag/projects/MONSTERA/derivatives/rois/sub-MONSTERA23/ashs/body/ca23dg-body_T2w-space.nii.gz -ref /home/wanjiag/projects/MONSTERA/derivatives/fmriprep/sub-MONSTERA23/anat/sub-MONSTERA23_run-5_desc-preproc_T1w.nii.gz -out /home/wanjiag/projects/MONSTERA/derivatives/rois/sub-MONSTERA23/ashs/body/ca23dg-body_T2w-to-T1-space.nii.gz -omat /home/wanjiag/projects/MONSTERA/derivatives/rois/sub-MONSTERA23/ashs/body/ca23dg-body_T2w-to-T1-space.mat -applyxfm -init /home/wanjiag/projects/MONSTERA/derivatives/rois/sub-MONSTERA23/ashs/T2_to_T1.mat
flirt -in /home/wanjiag/projects/MONSTERA/derivatives/rois/sub-MONSTERA23/ashs/body/ca23dg-body_T2w-to-T1-space.nii.gz -ref /home/wanjiag/projects/MONSTERA/derivatives/rois/sub-MONSTERA23/avg_all_fmriprerp_func.nii.gz -out /home/wanjiag/projects/MONSTERA/derivatives/rois/sub-MONSTERA23/ashs/body/ca23dg-body_epi-space.nii.gz -omat /home/wanjiag/projects/MONSTERA/derivatives/rois/sub-MONSTERA23/ashs/body/ca23dg-body_epi-space.mat -applyxfm -usesqform
fslmaths /home/wanjiag/projects/MONSTERA/derivatives/rois/sub-MONSTERA23/ashs/body/ca23dg-body_epi-space.nii.gz -thr 0.5000000000 -bin /home/wanjiag/projects/MONSTERA/derivatives/rois/sub-MONSTERA23/ashs/body/ca23dg-body_epi-space_thre_0.5.nii.gz
