--------------------sub-MONSTERA06-------------------
/projects/kuhl_lab/wanjiag/MONSTERA/derivatives/rois/sub-MONSTERA06
/projects/kuhl_lab/wanjiag/MONSTERA/derivatives/fmriprep/sourcedata/freesurfer/sub-MONSTERA06/mri/aparc.a2009s+aseg.mgz
/projects/kuhl_lab/wanjiag/MONSTERA/derivatives/rois/sub-MONSTERA06/aparc.a2009s+aseg.nii.gz
/projects/kuhl_lab/wanjiag/MONSTERA/derivatives/fmriprep/sub-MONSTERA06/anat/sub-MONSTERA06_run-5_desc-aparcaseg_dseg.nii.gz
/projects/kuhl_lab/wanjiag/MONSTERA/derivatives/rois/sub-MONSTERA06/run-5_desc-aparcaseg_dseg.nii.gz
calculating mean......
3dTstat -mean -prefix /projects/kuhl_lab/wanjiag/MONSTERA/derivatives/rois/sub-MONSTERA06/sub-MONSTERA06_task-01_desc-preproc_bold_trim6_denoise_z-scored_mean.nii.gz /projects/kuhl_lab/wanjiag/MONSTERA/derivatives/preprocess/sub-MONSTERA06/sub-MONSTERA06_task-01_desc-preproc_bold_trim6_denoise_z-scored.nii.gz
220505-15:54:26,42 nipype.interface INFO:
	 stderr 2022-05-05T15:54:26.042012:++ 3dTstat: AFNI version=AFNI_18.2.04 (Jul  6 2018) [64-bit]
220505-15:54:26,42 nipype.interface INFO:
	 stderr 2022-05-05T15:54:26.042012:++ Authored by: KR Hammett & RW Cox
220505-15:54:26,105 nipype.interface INFO:
	 stderr 2022-05-05T15:54:26.105782:** AFNI converts NIFTI_datatype=64 (FLOAT64) in file /projects/kuhl_lab/wanjiag/MONSTERA/derivatives/preprocess/sub-MONSTERA06/sub-MONSTERA06_task-01_desc-preproc_bold_trim6_denoise_z-scored.nii.gz to FLOAT32
220505-15:54:26,105 nipype.interface INFO:
	 stderr 2022-05-05T15:54:26.105782:     Warnings of this type will be muted for this session.
220505-15:54:26,105 nipype.interface INFO:
	 stderr 2022-05-05T15:54:26.105782:     Set AFNI_NIFTI_TYPE_WARN to YES to see them all, NO to see none.
220505-15:54:35,530 nipype.interface INFO:
	 stderr 2022-05-05T15:54:35.530793:++ Output dataset /projects/kuhl_lab/wanjiag/MONSTERA/derivatives/rois/sub-MONSTERA06/sub-MONSTERA06_task-01_desc-preproc_bold_trim6_denoise_z-scored_mean.nii.gz
calculating mean...output to /projects/kuhl_lab/wanjiag/MONSTERA/derivatives/rois/sub-MONSTERA06/sub-MONSTERA06_task-01_desc-preproc_bold_trim6_denoise_z-scored_mean.nii.gz
calculating mean......
3dTstat -mean -prefix /projects/kuhl_lab/wanjiag/MONSTERA/derivatives/rois/sub-MONSTERA06/sub-MONSTERA06_task-02_desc-preproc_bold_trim6_denoise_z-scored_mean.nii.gz /projects/kuhl_lab/wanjiag/MONSTERA/derivatives/preprocess/sub-MONSTERA06/sub-MONSTERA06_task-02_desc-preproc_bold_trim6_denoise_z-scored.nii.gz
220505-15:54:35,621 nipype.interface INFO:
	 stderr 2022-05-05T15:54:35.621681:++ 3dTstat: AFNI version=AFNI_18.2.04 (Jul  6 2018) [64-bit]
220505-15:54:35,621 nipype.interface INFO:
	 stderr 2022-05-05T15:54:35.621681:++ Authored by: KR Hammett & RW Cox
220505-15:54:35,699 nipype.interface INFO:
	 stderr 2022-05-05T15:54:35.699779:** AFNI converts NIFTI_datatype=64 (FLOAT64) in file /projects/kuhl_lab/wanjiag/MONSTERA/derivatives/preprocess/sub-MONSTERA06/sub-MONSTERA06_task-02_desc-preproc_bold_trim6_denoise_z-scored.nii.gz to FLOAT32
220505-15:54:35,699 nipype.interface INFO:
	 stderr 2022-05-05T15:54:35.699779:     Warnings of this type will be muted for this session.
220505-15:54:35,699 nipype.interface INFO:
	 stderr 2022-05-05T15:54:35.699779:     Set AFNI_NIFTI_TYPE_WARN to YES to see them all, NO to see none.
220505-15:54:45,73 nipype.interface INFO:
	 stderr 2022-05-05T15:54:45.073832:++ Output dataset /projects/kuhl_lab/wanjiag/MONSTERA/derivatives/rois/sub-MONSTERA06/sub-MONSTERA06_task-02_desc-preproc_bold_trim6_denoise_z-scored_mean.nii.gz
calculating mean...output to /projects/kuhl_lab/wanjiag/MONSTERA/derivatives/rois/sub-MONSTERA06/sub-MONSTERA06_task-02_desc-preproc_bold_trim6_denoise_z-scored_mean.nii.gz
calculating mean......
3dTstat -mean -prefix /projects/kuhl_lab/wanjiag/MONSTERA/derivatives/rois/sub-MONSTERA06/sub-MONSTERA06_task-03_desc-preproc_bold_trim6_denoise_z-scored_mean.nii.gz /projects/kuhl_lab/wanjiag/MONSTERA/derivatives/preprocess/sub-MONSTERA06/sub-MONSTERA06_task-03_desc-preproc_bold_trim6_denoise_z-scored.nii.gz
220505-15:54:45,165 nipype.interface INFO:
	 stderr 2022-05-05T15:54:45.165760:++ 3dTstat: AFNI version=AFNI_18.2.04 (Jul  6 2018) [64-bit]
220505-15:54:45,166 nipype.interface INFO:
	 stderr 2022-05-05T15:54:45.165760:++ Authored by: KR Hammett & RW Cox
220505-15:54:45,224 nipype.interface INFO:
	 stderr 2022-05-05T15:54:45.224783:** AFNI converts NIFTI_datatype=64 (FLOAT64) in file /projects/kuhl_lab/wanjiag/MONSTERA/derivatives/preprocess/sub-MONSTERA06/sub-MONSTERA06_task-03_desc-preproc_bold_trim6_denoise_z-scored.nii.gz to FLOAT32
220505-15:54:45,224 nipype.interface INFO:
	 stderr 2022-05-05T15:54:45.224783:     Warnings of this type will be muted for this session.
220505-15:54:45,224 nipype.interface INFO:
	 stderr 2022-05-05T15:54:45.224783:     Set AFNI_NIFTI_TYPE_WARN to YES to see them all, NO to see none.
220505-15:54:54,612 nipype.interface INFO:
	 stderr 2022-05-05T15:54:54.612816:++ Output dataset /projects/kuhl_lab/wanjiag/MONSTERA/derivatives/rois/sub-MONSTERA06/sub-MONSTERA06_task-03_desc-preproc_bold_trim6_denoise_z-scored_mean.nii.gz
calculating mean...output to /projects/kuhl_lab/wanjiag/MONSTERA/derivatives/rois/sub-MONSTERA06/sub-MONSTERA06_task-03_desc-preproc_bold_trim6_denoise_z-scored_mean.nii.gz
calculating mean......
3dTstat -mean -prefix /projects/kuhl_lab/wanjiag/MONSTERA/derivatives/rois/sub-MONSTERA06/sub-MONSTERA06_task-04_desc-preproc_bold_trim6_denoise_z-scored_mean.nii.gz /projects/kuhl_lab/wanjiag/MONSTERA/derivatives/preprocess/sub-MONSTERA06/sub-MONSTERA06_task-04_desc-preproc_bold_trim6_denoise_z-scored.nii.gz
220505-15:54:54,699 nipype.interface INFO:
	 stderr 2022-05-05T15:54:54.699850:++ 3dTstat: AFNI version=AFNI_18.2.04 (Jul  6 2018) [64-bit]
220505-15:54:54,700 nipype.interface INFO:
	 stderr 2022-05-05T15:54:54.699850:++ Authored by: KR Hammett & RW Cox
220505-15:54:54,800 nipype.interface INFO:
	 stderr 2022-05-05T15:54:54.800777:** AFNI converts NIFTI_datatype=64 (FLOAT64) in file /projects/kuhl_lab/wanjiag/MONSTERA/derivatives/preprocess/sub-MONSTERA06/sub-MONSTERA06_task-04_desc-preproc_bold_trim6_denoise_z-scored.nii.gz to FLOAT32
220505-15:54:54,800 nipype.interface INFO:
	 stderr 2022-05-05T15:54:54.800777:     Warnings of this type will be muted for this session.
220505-15:54:54,800 nipype.interface INFO:
	 stderr 2022-05-05T15:54:54.800777:     Set AFNI_NIFTI_TYPE_WARN to YES to see them all, NO to see none.
220505-15:55:04,127 nipype.interface INFO:
	 stderr 2022-05-05T15:55:04.127782:++ Output dataset /projects/kuhl_lab/wanjiag/MONSTERA/derivatives/rois/sub-MONSTERA06/sub-MONSTERA06_task-04_desc-preproc_bold_trim6_denoise_z-scored_mean.nii.gz
calculating mean...output to /projects/kuhl_lab/wanjiag/MONSTERA/derivatives/rois/sub-MONSTERA06/sub-MONSTERA06_task-04_desc-preproc_bold_trim6_denoise_z-scored_mean.nii.gz
calculating mean......
3dTstat -mean -prefix /projects/kuhl_lab/wanjiag/MONSTERA/derivatives/rois/sub-MONSTERA06/sub-MONSTERA06_task-05_desc-preproc_bold_trim6_denoise_z-scored_mean.nii.gz /projects/kuhl_lab/wanjiag/MONSTERA/derivatives/preprocess/sub-MONSTERA06/sub-MONSTERA06_task-05_desc-preproc_bold_trim6_denoise_z-scored.nii.gz
220505-15:55:04,216 nipype.interface INFO:
	 stderr 2022-05-05T15:55:04.216055:++ 3dTstat: AFNI version=AFNI_18.2.04 (Jul  6 2018) [64-bit]
220505-15:55:04,216 nipype.interface INFO:
	 stderr 2022-05-05T15:55:04.216055:++ Authored by: KR Hammett & RW Cox
220505-15:55:04,269 nipype.interface INFO:
	 stderr 2022-05-05T15:55:04.269794:** AFNI converts NIFTI_datatype=64 (FLOAT64) in file /projects/kuhl_lab/wanjiag/MONSTERA/derivatives/preprocess/sub-MONSTERA06/sub-MONSTERA06_task-05_desc-preproc_bold_trim6_denoise_z-scored.nii.gz to FLOAT32
220505-15:55:04,269 nipype.interface INFO:
	 stderr 2022-05-05T15:55:04.269794:     Warnings of this type will be muted for this session.
220505-15:55:04,269 nipype.interface INFO:
	 stderr 2022-05-05T15:55:04.269794:     Set AFNI_NIFTI_TYPE_WARN to YES to see them all, NO to see none.
220505-15:55:13,604 nipype.interface INFO:
	 stderr 2022-05-05T15:55:13.604792:++ Output dataset /projects/kuhl_lab/wanjiag/MONSTERA/derivatives/rois/sub-MONSTERA06/sub-MONSTERA06_task-05_desc-preproc_bold_trim6_denoise_z-scored_mean.nii.gz
calculating mean...output to /projects/kuhl_lab/wanjiag/MONSTERA/derivatives/rois/sub-MONSTERA06/sub-MONSTERA06_task-05_desc-preproc_bold_trim6_denoise_z-scored_mean.nii.gz
calculating mean......
3dTstat -mean -prefix /projects/kuhl_lab/wanjiag/MONSTERA/derivatives/rois/sub-MONSTERA06/sub-MONSTERA06_task-06_desc-preproc_bold_trim6_denoise_z-scored_mean.nii.gz /projects/kuhl_lab/wanjiag/MONSTERA/derivatives/preprocess/sub-MONSTERA06/sub-MONSTERA06_task-06_desc-preproc_bold_trim6_denoise_z-scored.nii.gz
220505-15:55:13,692 nipype.interface INFO:
	 stderr 2022-05-05T15:55:13.692830:++ 3dTstat: AFNI version=AFNI_18.2.04 (Jul  6 2018) [64-bit]
220505-15:55:13,693 nipype.interface INFO:
	 stderr 2022-05-05T15:55:13.692830:++ Authored by: KR Hammett & RW Cox
220505-15:55:13,761 nipype.interface INFO:
	 stderr 2022-05-05T15:55:13.761778:** AFNI converts NIFTI_datatype=64 (FLOAT64) in file /projects/kuhl_lab/wanjiag/MONSTERA/derivatives/preprocess/sub-MONSTERA06/sub-MONSTERA06_task-06_desc-preproc_bold_trim6_denoise_z-scored.nii.gz to FLOAT32
220505-15:55:13,761 nipype.interface INFO:
	 stderr 2022-05-05T15:55:13.761778:     Warnings of this type will be muted for this session.
220505-15:55:13,761 nipype.interface INFO:
	 stderr 2022-05-05T15:55:13.761778:     Set AFNI_NIFTI_TYPE_WARN to YES to see them all, NO to see none.
220505-15:55:23,197 nipype.interface INFO:
	 stderr 2022-05-05T15:55:23.197779:++ Output dataset /projects/kuhl_lab/wanjiag/MONSTERA/derivatives/rois/sub-MONSTERA06/sub-MONSTERA06_task-06_desc-preproc_bold_trim6_denoise_z-scored_mean.nii.gz
calculating mean...output to /projects/kuhl_lab/wanjiag/MONSTERA/derivatives/rois/sub-MONSTERA06/sub-MONSTERA06_task-06_desc-preproc_bold_trim6_denoise_z-scored_mean.nii.gz
calculating mean......
3dTstat -mean -prefix /projects/kuhl_lab/wanjiag/MONSTERA/derivatives/rois/sub-MONSTERA06/sub-MONSTERA06_task-07_desc-preproc_bold_trim6_denoise_z-scored_mean.nii.gz /projects/kuhl_lab/wanjiag/MONSTERA/derivatives/preprocess/sub-MONSTERA06/sub-MONSTERA06_task-07_desc-preproc_bold_trim6_denoise_z-scored.nii.gz
220505-15:55:23,288 nipype.interface INFO:
	 stderr 2022-05-05T15:55:23.288787:++ 3dTstat: AFNI version=AFNI_18.2.04 (Jul  6 2018) [64-bit]
220505-15:55:23,289 nipype.interface INFO:
	 stderr 2022-05-05T15:55:23.288787:++ Authored by: KR Hammett & RW Cox
220505-15:55:23,346 nipype.interface INFO:
	 stderr 2022-05-05T15:55:23.346779:** AFNI converts NIFTI_datatype=64 (FLOAT64) in file /projects/kuhl_lab/wanjiag/MONSTERA/derivatives/preprocess/sub-MONSTERA06/sub-MONSTERA06_task-07_desc-preproc_bold_trim6_denoise_z-scored.nii.gz to FLOAT32
220505-15:55:23,346 nipype.interface INFO:
	 stderr 2022-05-05T15:55:23.346779:     Warnings of this type will be muted for this session.
220505-15:55:23,346 nipype.interface INFO:
	 stderr 2022-05-05T15:55:23.346779:     Set AFNI_NIFTI_TYPE_WARN to YES to see them all, NO to see none.
220505-15:55:32,836 nipype.interface INFO:
	 stderr 2022-05-05T15:55:32.836779:++ Output dataset /projects/kuhl_lab/wanjiag/MONSTERA/derivatives/rois/sub-MONSTERA06/sub-MONSTERA06_task-07_desc-preproc_bold_trim6_denoise_z-scored_mean.nii.gz
calculating mean...output to /projects/kuhl_lab/wanjiag/MONSTERA/derivatives/rois/sub-MONSTERA06/sub-MONSTERA06_task-07_desc-preproc_bold_trim6_denoise_z-scored_mean.nii.gz
calculating mean......
3dTstat -mean -prefix /projects/kuhl_lab/wanjiag/MONSTERA/derivatives/rois/sub-MONSTERA06/sub-MONSTERA06_task-08_desc-preproc_bold_trim6_denoise_z-scored_mean.nii.gz /projects/kuhl_lab/wanjiag/MONSTERA/derivatives/preprocess/sub-MONSTERA06/sub-MONSTERA06_task-08_desc-preproc_bold_trim6_denoise_z-scored.nii.gz
220505-15:55:32,928 nipype.interface INFO:
	 stderr 2022-05-05T15:55:32.928878:++ 3dTstat: AFNI version=AFNI_18.2.04 (Jul  6 2018) [64-bit]
220505-15:55:32,929 nipype.interface INFO:
	 stderr 2022-05-05T15:55:32.928878:++ Authored by: KR Hammett & RW Cox
220505-15:55:32,995 nipype.interface INFO:
	 stderr 2022-05-05T15:55:32.995782:** AFNI converts NIFTI_datatype=64 (FLOAT64) in file /projects/kuhl_lab/wanjiag/MONSTERA/derivatives/preprocess/sub-MONSTERA06/sub-MONSTERA06_task-08_desc-preproc_bold_trim6_denoise_z-scored.nii.gz to FLOAT32
220505-15:55:32,995 nipype.interface INFO:
	 stderr 2022-05-05T15:55:32.995782:     Warnings of this type will be muted for this session.
220505-15:55:32,995 nipype.interface INFO:
	 stderr 2022-05-05T15:55:32.995782:     Set AFNI_NIFTI_TYPE_WARN to YES to see them all, NO to see none.
220505-15:55:42,473 nipype.interface INFO:
	 stderr 2022-05-05T15:55:42.473793:++ Output dataset /projects/kuhl_lab/wanjiag/MONSTERA/derivatives/rois/sub-MONSTERA06/sub-MONSTERA06_task-08_desc-preproc_bold_trim6_denoise_z-scored_mean.nii.gz
calculating mean...output to /projects/kuhl_lab/wanjiag/MONSTERA/derivatives/rois/sub-MONSTERA06/sub-MONSTERA06_task-08_desc-preproc_bold_trim6_denoise_z-scored_mean.nii.gz
calculating mean......
3dTstat -mean -prefix /projects/kuhl_lab/wanjiag/MONSTERA/derivatives/rois/sub-MONSTERA06/sub-MONSTERA06_task-09_desc-preproc_bold_trim6_denoise_z-scored_mean.nii.gz /projects/kuhl_lab/wanjiag/MONSTERA/derivatives/preprocess/sub-MONSTERA06/sub-MONSTERA06_task-09_desc-preproc_bold_trim6_denoise_z-scored.nii.gz
220505-15:55:42,567 nipype.interface INFO:
	 stderr 2022-05-05T15:55:42.567836:++ 3dTstat: AFNI version=AFNI_18.2.04 (Jul  6 2018) [64-bit]
220505-15:55:42,568 nipype.interface INFO:
	 stderr 2022-05-05T15:55:42.567836:++ Authored by: KR Hammett & RW Cox
220505-15:55:42,614 nipype.interface INFO:
	 stderr 2022-05-05T15:55:42.614777:** AFNI converts NIFTI_datatype=64 (FLOAT64) in file /projects/kuhl_lab/wanjiag/MONSTERA/derivatives/preprocess/sub-MONSTERA06/sub-MONSTERA06_task-09_desc-preproc_bold_trim6_denoise_z-scored.nii.gz to FLOAT32
220505-15:55:42,614 nipype.interface INFO:
	 stderr 2022-05-05T15:55:42.614777:     Warnings of this type will be muted for this session.
220505-15:55:42,614 nipype.interface INFO:
	 stderr 2022-05-05T15:55:42.614777:     Set AFNI_NIFTI_TYPE_WARN to YES to see them all, NO to see none.
220505-15:55:52,75 nipype.interface INFO:
	 stderr 2022-05-05T15:55:52.075808:++ Output dataset /projects/kuhl_lab/wanjiag/MONSTERA/derivatives/rois/sub-MONSTERA06/sub-MONSTERA06_task-09_desc-preproc_bold_trim6_denoise_z-scored_mean.nii.gz
calculating mean...output to /projects/kuhl_lab/wanjiag/MONSTERA/derivatives/rois/sub-MONSTERA06/sub-MONSTERA06_task-09_desc-preproc_bold_trim6_denoise_z-scored_mean.nii.gz
calculating mean......
3dTstat -mean -prefix /projects/kuhl_lab/wanjiag/MONSTERA/derivatives/rois/sub-MONSTERA06/sub-MONSTERA06_task-10_desc-preproc_bold_trim6_denoise_z-scored_mean.nii.gz /projects/kuhl_lab/wanjiag/MONSTERA/derivatives/preprocess/sub-MONSTERA06/sub-MONSTERA06_task-10_desc-preproc_bold_trim6_denoise_z-scored.nii.gz
220505-15:55:52,168 nipype.interface INFO:
	 stderr 2022-05-05T15:55:52.168390:++ 3dTstat: AFNI version=AFNI_18.2.04 (Jul  6 2018) [64-bit]
220505-15:55:52,168 nipype.interface INFO:
	 stderr 2022-05-05T15:55:52.168390:++ Authored by: KR Hammett & RW Cox
220505-15:55:52,211 nipype.interface INFO:
	 stderr 2022-05-05T15:55:52.211780:** AFNI converts NIFTI_datatype=64 (FLOAT64) in file /projects/kuhl_lab/wanjiag/MONSTERA/derivatives/preprocess/sub-MONSTERA06/sub-MONSTERA06_task-10_desc-preproc_bold_trim6_denoise_z-scored.nii.gz to FLOAT32
220505-15:55:52,211 nipype.interface INFO:
	 stderr 2022-05-05T15:55:52.211780:     Warnings of this type will be muted for this session.
220505-15:55:52,211 nipype.interface INFO:
	 stderr 2022-05-05T15:55:52.211780:     Set AFNI_NIFTI_TYPE_WARN to YES to see them all, NO to see none.
220505-15:56:01,583 nipype.interface INFO:
	 stderr 2022-05-05T15:56:01.583242:++ Output dataset /projects/kuhl_lab/wanjiag/MONSTERA/derivatives/rois/sub-MONSTERA06/sub-MONSTERA06_task-10_desc-preproc_bold_trim6_denoise_z-scored_mean.nii.gz
calculating mean...output to /projects/kuhl_lab/wanjiag/MONSTERA/derivatives/rois/sub-MONSTERA06/sub-MONSTERA06_task-10_desc-preproc_bold_trim6_denoise_z-scored_mean.nii.gz
fslmaths /projects/kuhl_lab/wanjiag/MONSTERA/derivatives/rois/sub-MONSTERA06/sub-MONSTERA06_task-01_desc-preproc_bold_trim6_denoise_z-scored_mean.nii.gz -add /projects/kuhl_lab/wanjiag/MONSTERA/derivatives/rois/sub-MONSTERA06/sub-MONSTERA06_task-02_desc-preproc_bold_trim6_denoise_z-scored_mean.nii.gz -add /projects/kuhl_lab/wanjiag/MONSTERA/derivatives/rois/sub-MONSTERA06/sub-MONSTERA06_task-03_desc-preproc_bold_trim6_denoise_z-scored_mean.nii.gz -add /projects/kuhl_lab/wanjiag/MONSTERA/derivatives/rois/sub-MONSTERA06/sub-MONSTERA06_task-04_desc-preproc_bold_trim6_denoise_z-scored_mean.nii.gz -add /projects/kuhl_lab/wanjiag/MONSTERA/derivatives/rois/sub-MONSTERA06/sub-MONSTERA06_task-05_desc-preproc_bold_trim6_denoise_z-scored_mean.nii.gz -add /projects/kuhl_lab/wanjiag/MONSTERA/derivatives/rois/sub-MONSTERA06/sub-MONSTERA06_task-06_desc-preproc_bold_trim6_denoise_z-scored_mean.nii.gz -add /projects/kuhl_lab/wanjiag/MONSTERA/derivatives/rois/sub-MONSTERA06/sub-MONSTERA06_task-07_desc-preproc_bold_trim6_denoise_z-scored_mean.nii.gz -add /projects/kuhl_lab/wanjiag/MONSTERA/derivatives/rois/sub-MONSTERA06/sub-MONSTERA06_task-08_desc-preproc_bold_trim6_denoise_z-scored_mean.nii.gz -add /projects/kuhl_lab/wanjiag/MONSTERA/derivatives/rois/sub-MONSTERA06/sub-MONSTERA06_task-09_desc-preproc_bold_trim6_denoise_z-scored_mean.nii.gz -add /projects/kuhl_lab/wanjiag/MONSTERA/derivatives/rois/sub-MONSTERA06/sub-MONSTERA06_task-10_desc-preproc_bold_trim6_denoise_z-scored_mean.nii.gz -div 10 /projects/kuhl_lab/wanjiag/MONSTERA/derivatives/rois/sub-MONSTERA06/avg_all_fmriprerp_func.nii.gz
--------------------Angular Gyrus-------------------
fslmaths /projects/kuhl_lab/wanjiag/MONSTERA/derivatives/rois/sub-MONSTERA06/aparc.a2009s+aseg.nii.gz -thr 11125 -uthr 11125 /projects/kuhl_lab/wanjiag/MONSTERA/derivatives/rois/sub-MONSTERA06/ctx_lh_G_pariet_inf-Angular.nii.gz
fslmaths /projects/kuhl_lab/wanjiag/MONSTERA/derivatives/rois/sub-MONSTERA06/aparc.a2009s+aseg.nii.gz -thr 12125 -uthr 12125 /projects/kuhl_lab/wanjiag/MONSTERA/derivatives/rois/sub-MONSTERA06/ctx_rh_G_pariet_inf-Angular.nii.gz
fslmaths /projects/kuhl_lab/wanjiag/MONSTERA/derivatives/rois/sub-MONSTERA06/ctx_lh_G_pariet_inf-Angular.nii.gz -add /projects/kuhl_lab/wanjiag/MONSTERA/derivatives/rois/sub-MONSTERA06/ctx_rh_G_pariet_inf-Angular.nii.gz -bin /projects/kuhl_lab/wanjiag/MONSTERA/derivatives/rois/sub-MONSTERA06/angular_gyrus.nii.gz
flirt -in /projects/kuhl_lab/wanjiag/MONSTERA/derivatives/rois/sub-MONSTERA06/angular_gyrus.nii.gz -ref /projects/kuhl_lab/wanjiag/MONSTERA/derivatives/rois/sub-MONSTERA06/avg_all_fmriprerp_func.nii.gz -out /projects/kuhl_lab/wanjiag/MONSTERA/derivatives/rois/sub-MONSTERA06/angular_gyrus_2_epi.nii.gz -omat /projects/kuhl_lab/wanjiag/MONSTERA/derivatives/rois/sub-MONSTERA06/angular_gyrus_2_epi.mat -applyxfm -usesqform
fslmaths /projects/kuhl_lab/wanjiag/MONSTERA/derivatives/rois/sub-MONSTERA06/angular_gyrus_2_epi.nii.gz -thr 0.5000000000 -bin /projects/kuhl_lab/wanjiag/MONSTERA/derivatives/rois/sub-MONSTERA06/angular_gyrus_2_epi_thre_0.5.nii.gz
--------------------Whole Hippocampus-------------------
fslmaths /projects/kuhl_lab/wanjiag/MONSTERA/derivatives/rois/sub-MONSTERA06/run-5_desc-aparcaseg_dseg.nii.gz -thr 17 -uthr 17 /projects/kuhl_lab/wanjiag/MONSTERA/derivatives/rois/sub-MONSTERA06/Left-Hippocampus.nii.gz
fslmaths /projects/kuhl_lab/wanjiag/MONSTERA/derivatives/rois/sub-MONSTERA06/run-5_desc-aparcaseg_dseg.nii.gz -thr 53 -uthr 53 /projects/kuhl_lab/wanjiag/MONSTERA/derivatives/rois/sub-MONSTERA06/Right-Hippocampus.nii.gz
fslmaths /projects/kuhl_lab/wanjiag/MONSTERA/derivatives/rois/sub-MONSTERA06/Left-Hippocampus.nii.gz -add /projects/kuhl_lab/wanjiag/MONSTERA/derivatives/rois/sub-MONSTERA06/Right-Hippocampus.nii.gz -bin /projects/kuhl_lab/wanjiag/MONSTERA/derivatives/rois/sub-MONSTERA06/hippocampus.nii.gz
flirt -in /projects/kuhl_lab/wanjiag/MONSTERA/derivatives/rois/sub-MONSTERA06/hippocampus.nii.gz -ref /projects/kuhl_lab/wanjiag/MONSTERA/derivatives/rois/sub-MONSTERA06/avg_all_fmriprerp_func.nii.gz -out /projects/kuhl_lab/wanjiag/MONSTERA/derivatives/rois/sub-MONSTERA06/hippocampus_2_epi.nii.gz -omat /projects/kuhl_lab/wanjiag/MONSTERA/derivatives/rois/sub-MONSTERA06/hippocampus_2_epi.mat -applyxfm -usesqform
fslmaths /projects/kuhl_lab/wanjiag/MONSTERA/derivatives/rois/sub-MONSTERA06/hippocampus_2_epi.nii.gz -thr 0.5000000000 -bin /projects/kuhl_lab/wanjiag/MONSTERA/derivatives/rois/sub-MONSTERA06/hippocampus_2_epi_thre_0.5.nii.gz
--------------------PPA-------------------
/home/wanjiag/projects/MONSTERA/derivatives/rois/mni/ppa/ppa.nii.gz 
 /projects/kuhl_lab/wanjiag/MONSTERA/derivatives/rois/sub-MONSTERA06/avg_all_fmriprerp_func.nii.gz 
 /projects/kuhl_lab/wanjiag/MONSTERA/derivatives/fmriprep/sub-MONSTERA06/anat/sub-MONSTERA06_run-5_from-MNI152NLin2009cAsym_to-T1w_mode-image_xfm.h5 
 /projects/kuhl_lab/wanjiag/MONSTERA/derivatives/rois/sub-MONSTERA06
antsApplyTransforms --default-value 0 --dimensionality 3 --float 0 --input /home/wanjiag/projects/MONSTERA/derivatives/rois/mni/ppa/ppa.nii.gz --interpolation Linear --output /projects/kuhl_lab/wanjiag/MONSTERA/derivatives/rois/sub-MONSTERA06/ppa_mni_2_epi.nii.gz --reference-image /projects/kuhl_lab/wanjiag/MONSTERA/derivatives/rois/sub-MONSTERA06/avg_all_fmriprerp_func.nii.gz --transform /projects/kuhl_lab/wanjiag/MONSTERA/derivatives/fmriprep/sub-MONSTERA06/anat/sub-MONSTERA06_run-5_from-MNI152NLin2009cAsym_to-T1w_mode-image_xfm.h5
fslmaths /projects/kuhl_lab/wanjiag/MONSTERA/derivatives/rois/sub-MONSTERA06/ppa_mni_2_epi.nii.gz -thr 0.5000000000 -bin /projects/kuhl_lab/wanjiag/MONSTERA/derivatives/rois/sub-MONSTERA06/ppa_mni_2_epi_thr_0.5.nii.gz
--------------------EVC-------------------
/home/wanjiag/projects/MONSTERA/derivatives/rois/mni/visual_cortex/subj_vol_all 
 /projects/kuhl_lab/wanjiag/MONSTERA/derivatives/rois/sub-MONSTERA06/avg_all_fmriprerp_func.nii.gz 
 /projects/kuhl_lab/wanjiag/MONSTERA/derivatives/fmriprep/sub-MONSTERA06/anat/sub-MONSTERA06_run-5_from-MNI152NLin2009cAsym_to-T1w_mode-image_xfm.h5 
 /projects/kuhl_lab/wanjiag/MONSTERA/derivatives/rois/sub-MONSTERA06
antsApplyTransforms --default-value 0 --dimensionality 3 --float 0 --input /home/wanjiag/projects/MONSTERA/derivatives/rois/mni/visual_cortex/subj_vol_all/perc_VTPM_vol_roi1_lh.nii.gz --interpolation Linear --output /projects/kuhl_lab/wanjiag/MONSTERA/derivatives/rois/sub-MONSTERA06/perc_VTPM_vol_roi1_lh_2_epi.nii.gz --reference-image /projects/kuhl_lab/wanjiag/MONSTERA/derivatives/rois/sub-MONSTERA06/avg_all_fmriprerp_func.nii.gz --transform /projects/kuhl_lab/wanjiag/MONSTERA/derivatives/fmriprep/sub-MONSTERA06/anat/sub-MONSTERA06_run-5_from-MNI152NLin2009cAsym_to-T1w_mode-image_xfm.h5
fslmaths /projects/kuhl_lab/wanjiag/MONSTERA/derivatives/rois/sub-MONSTERA06/perc_VTPM_vol_roi1_lh_2_epi.nii.gz -thr 50.0000000000 -bin /projects/kuhl_lab/wanjiag/MONSTERA/derivatives/rois/sub-MONSTERA06/perc_VTPM_vol_roi1_lh_2_epi_thr_50.nii.gz
antsApplyTransforms --default-value 0 --dimensionality 3 --float 0 --input /home/wanjiag/projects/MONSTERA/derivatives/rois/mni/visual_cortex/subj_vol_all/perc_VTPM_vol_roi1_rh.nii.gz --interpolation Linear --output /projects/kuhl_lab/wanjiag/MONSTERA/derivatives/rois/sub-MONSTERA06/perc_VTPM_vol_roi1_rh_2_epi.nii.gz --reference-image /projects/kuhl_lab/wanjiag/MONSTERA/derivatives/rois/sub-MONSTERA06/avg_all_fmriprerp_func.nii.gz --transform /projects/kuhl_lab/wanjiag/MONSTERA/derivatives/fmriprep/sub-MONSTERA06/anat/sub-MONSTERA06_run-5_from-MNI152NLin2009cAsym_to-T1w_mode-image_xfm.h5
fslmaths /projects/kuhl_lab/wanjiag/MONSTERA/derivatives/rois/sub-MONSTERA06/perc_VTPM_vol_roi1_rh_2_epi.nii.gz -thr 50.0000000000 -bin /projects/kuhl_lab/wanjiag/MONSTERA/derivatives/rois/sub-MONSTERA06/perc_VTPM_vol_roi1_rh_2_epi_thr_50.nii.gz
antsApplyTransforms --default-value 0 --dimensionality 3 --float 0 --input /home/wanjiag/projects/MONSTERA/derivatives/rois/mni/visual_cortex/subj_vol_all/perc_VTPM_vol_roi2_lh.nii.gz --interpolation Linear --output /projects/kuhl_lab/wanjiag/MONSTERA/derivatives/rois/sub-MONSTERA06/perc_VTPM_vol_roi2_lh_2_epi.nii.gz --reference-image /projects/kuhl_lab/wanjiag/MONSTERA/derivatives/rois/sub-MONSTERA06/avg_all_fmriprerp_func.nii.gz --transform /projects/kuhl_lab/wanjiag/MONSTERA/derivatives/fmriprep/sub-MONSTERA06/anat/sub-MONSTERA06_run-5_from-MNI152NLin2009cAsym_to-T1w_mode-image_xfm.h5
fslmaths /projects/kuhl_lab/wanjiag/MONSTERA/derivatives/rois/sub-MONSTERA06/perc_VTPM_vol_roi2_lh_2_epi.nii.gz -thr 50.0000000000 -bin /projects/kuhl_lab/wanjiag/MONSTERA/derivatives/rois/sub-MONSTERA06/perc_VTPM_vol_roi2_lh_2_epi_thr_50.nii.gz
antsApplyTransforms --default-value 0 --dimensionality 3 --float 0 --input /home/wanjiag/projects/MONSTERA/derivatives/rois/mni/visual_cortex/subj_vol_all/perc_VTPM_vol_roi2_rh.nii.gz --interpolation Linear --output /projects/kuhl_lab/wanjiag/MONSTERA/derivatives/rois/sub-MONSTERA06/perc_VTPM_vol_roi2_rh_2_epi.nii.gz --reference-image /projects/kuhl_lab/wanjiag/MONSTERA/derivatives/rois/sub-MONSTERA06/avg_all_fmriprerp_func.nii.gz --transform /projects/kuhl_lab/wanjiag/MONSTERA/derivatives/fmriprep/sub-MONSTERA06/anat/sub-MONSTERA06_run-5_from-MNI152NLin2009cAsym_to-T1w_mode-image_xfm.h5
fslmaths /projects/kuhl_lab/wanjiag/MONSTERA/derivatives/rois/sub-MONSTERA06/perc_VTPM_vol_roi2_rh_2_epi.nii.gz -thr 50.0000000000 -bin /projects/kuhl_lab/wanjiag/MONSTERA/derivatives/rois/sub-MONSTERA06/perc_VTPM_vol_roi2_rh_2_epi_thr_50.nii.gz
fslmaths /projects/kuhl_lab/wanjiag/MONSTERA/derivatives/rois/sub-MONSTERA06/perc_VTPM_vol_roi1_lh_2_epi_thr_50.nii.gz -add /projects/kuhl_lab/wanjiag/MONSTERA/derivatives/rois/sub-MONSTERA06/perc_VTPM_vol_roi1_rh_2_epi_thr_50.nii.gz -add /projects/kuhl_lab/wanjiag/MONSTERA/derivatives/rois/sub-MONSTERA06/perc_VTPM_vol_roi2_lh_2_epi_thr_50.nii.gz -add /projects/kuhl_lab/wanjiag/MONSTERA/derivatives/rois/sub-MONSTERA06/perc_VTPM_vol_roi2_rh_2_epi_thr_50.nii.gz -bin /projects/kuhl_lab/wanjiag/MONSTERA/derivatives/rois/sub-MONSTERA06/evc_2_epi_thr_0.5.nii.gz
flirt -in /home/wanjiag/projects/MONSTERA/derivatives/rois/ASHS/sub-MONSTERA06/tse.nii.gz -ref /home/wanjiag/projects/MONSTERA/derivatives/fmriprep/sub-MONSTERA06/anat/sub-MONSTERA06_run-5_desc-preproc_T1w.nii.gz -out /home/wanjiag/projects/MONSTERA/derivatives/rois/sub-MONSTERA06/ashs/T2_to_T1.nii.gz -omat /home/wanjiag/projects/MONSTERA/derivatives/rois/sub-MONSTERA06/ashs/T2_to_T1.mat -cost mutualinfo -dof 6
---------------------Whole hippocampus: sub-MONSTERA06----------------------
fslmaths /home/wanjiag/projects/MONSTERA/derivatives/rois/ASHS/sub-MONSTERA06/final/sub-MONSTERA06_left_lfseg_corr_nogray.nii.gz -thr 1 -uthr 1 -bin /home/wanjiag/projects/MONSTERA/derivatives/rois/sub-MONSTERA06/ashs/whole/left-ca1_T2w-space.nii.gz
fslmaths /home/wanjiag/projects/MONSTERA/derivatives/rois/ASHS/sub-MONSTERA06/final/sub-MONSTERA06_right_lfseg_corr_nogray.nii.gz -thr 1 -uthr 1 -bin /home/wanjiag/projects/MONSTERA/derivatives/rois/sub-MONSTERA06/ashs/whole/right-ca1_T2w-space.nii.gz
fslmaths /home/wanjiag/projects/MONSTERA/derivatives/rois/sub-MONSTERA06/ashs/whole/left-ca1_T2w-space.nii.gz -add /home/wanjiag/projects/MONSTERA/derivatives/rois/sub-MONSTERA06/ashs/whole/right-ca1_T2w-space.nii.gz /home/wanjiag/projects/MONSTERA/derivatives/rois/sub-MONSTERA06/ashs/whole/ca1_T2w-space.nii.gz
flirt -in /home/wanjiag/projects/MONSTERA/derivatives/rois/sub-MONSTERA06/ashs/whole/ca1_T2w-space.nii.gz -ref /home/wanjiag/projects/MONSTERA/derivatives/fmriprep/sub-MONSTERA06/anat/sub-MONSTERA06_run-5_desc-preproc_T1w.nii.gz -out /home/wanjiag/projects/MONSTERA/derivatives/rois/sub-MONSTERA06/ashs/whole/ca1_T2w-to-T1-space.nii.gz -omat /home/wanjiag/projects/MONSTERA/derivatives/rois/sub-MONSTERA06/ashs/whole/ca1_T2w-to-T1-space.mat -applyxfm -init /home/wanjiag/projects/MONSTERA/derivatives/rois/sub-MONSTERA06/ashs/T2_to_T1.mat
flirt -in /home/wanjiag/projects/MONSTERA/derivatives/rois/sub-MONSTERA06/ashs/whole/ca1_T2w-to-T1-space.nii.gz -ref /home/wanjiag/projects/MONSTERA/derivatives/rois/sub-MONSTERA06/avg_all_fmriprerp_func.nii.gz -out /home/wanjiag/projects/MONSTERA/derivatives/rois/sub-MONSTERA06/ashs/whole/ca1_epi-space.nii.gz -omat /home/wanjiag/projects/MONSTERA/derivatives/rois/sub-MONSTERA06/ashs/whole/ca1_epi-space.mat -applyxfm -usesqform
fslmaths /home/wanjiag/projects/MONSTERA/derivatives/rois/sub-MONSTERA06/ashs/whole/ca1_epi-space.nii.gz -thr 0.5000000000 -bin /home/wanjiag/projects/MONSTERA/derivatives/rois/sub-MONSTERA06/ashs/whole/ca1_epi-space_thre_0.5.nii.gz
fslmaths /home/wanjiag/projects/MONSTERA/derivatives/rois/ASHS/sub-MONSTERA06/final/sub-MONSTERA06_left_lfseg_corr_nogray.nii.gz -thr 2 -uthr 4 -bin /home/wanjiag/projects/MONSTERA/derivatives/rois/sub-MONSTERA06/ashs/whole/left-ca23dg_T2w-space.nii.gz
fslmaths /home/wanjiag/projects/MONSTERA/derivatives/rois/ASHS/sub-MONSTERA06/final/sub-MONSTERA06_right_lfseg_corr_nogray.nii.gz -thr 2 -uthr 4 -bin /home/wanjiag/projects/MONSTERA/derivatives/rois/sub-MONSTERA06/ashs/whole/right-ca23dg_T2w-space.nii.gz
fslmaths /home/wanjiag/projects/MONSTERA/derivatives/rois/sub-MONSTERA06/ashs/whole/left-ca23dg_T2w-space.nii.gz -add /home/wanjiag/projects/MONSTERA/derivatives/rois/sub-MONSTERA06/ashs/whole/right-ca23dg_T2w-space.nii.gz /home/wanjiag/projects/MONSTERA/derivatives/rois/sub-MONSTERA06/ashs/whole/ca23dg_T2w-space.nii.gz
flirt -in /home/wanjiag/projects/MONSTERA/derivatives/rois/sub-MONSTERA06/ashs/whole/ca23dg_T2w-space.nii.gz -ref /home/wanjiag/projects/MONSTERA/derivatives/fmriprep/sub-MONSTERA06/anat/sub-MONSTERA06_run-5_desc-preproc_T1w.nii.gz -out /home/wanjiag/projects/MONSTERA/derivatives/rois/sub-MONSTERA06/ashs/whole/ca23dg_T2w-to-T1-space.nii.gz -omat /home/wanjiag/projects/MONSTERA/derivatives/rois/sub-MONSTERA06/ashs/whole/ca23dg_T2w-to-T1-space.mat -applyxfm -init /home/wanjiag/projects/MONSTERA/derivatives/rois/sub-MONSTERA06/ashs/T2_to_T1.mat
flirt -in /home/wanjiag/projects/MONSTERA/derivatives/rois/sub-MONSTERA06/ashs/whole/ca23dg_T2w-to-T1-space.nii.gz -ref /home/wanjiag/projects/MONSTERA/derivatives/rois/sub-MONSTERA06/avg_all_fmriprerp_func.nii.gz -out /home/wanjiag/projects/MONSTERA/derivatives/rois/sub-MONSTERA06/ashs/whole/ca23dg_epi-space.nii.gz -omat /home/wanjiag/projects/MONSTERA/derivatives/rois/sub-MONSTERA06/ashs/whole/ca23dg_epi-space.mat -applyxfm -usesqform
fslmaths /home/wanjiag/projects/MONSTERA/derivatives/rois/sub-MONSTERA06/ashs/whole/ca23dg_epi-space.nii.gz -thr 0.5000000000 -bin /home/wanjiag/projects/MONSTERA/derivatives/rois/sub-MONSTERA06/ashs/whole/ca23dg_epi-space_thre_0.5.nii.gz
---------------------Hippocampus body: sub-MONSTERA06----------------------
fslroi /home/wanjiag/projects/MONSTERA/derivatives/rois/ASHS/sub-MONSTERA06/final/sub-MONSTERA06_left_lfseg_corr_nogray.nii.gz /home/wanjiag/projects/MONSTERA/derivatives/rois/sub-MONSTERA06/ashs/body/sub-MONSTERA06_left_body_nogray.nii.gz 0 -1 0 -1 34 8
fslroi /home/wanjiag/projects/MONSTERA/derivatives/rois/ASHS/empty_t2.nii.gz /home/wanjiag/projects/MONSTERA/derivatives/rois/sub-MONSTERA06/ashs/body/front_empty.nii.gz 0 -1 0 -1 0 33
fslroi /home/wanjiag/projects/MONSTERA/derivatives/rois/ASHS/empty_t2.nii.gz /home/wanjiag/projects/MONSTERA/derivatives/rois/sub-MONSTERA06/ashs/body/end_empty.nii.gz 0 -1 0 -1 0 24
fslroi /home/wanjiag/projects/MONSTERA/derivatives/rois/ASHS/sub-MONSTERA06/final/sub-MONSTERA06_right_lfseg_corr_nogray.nii.gz /home/wanjiag/projects/MONSTERA/derivatives/rois/sub-MONSTERA06/ashs/body/sub-MONSTERA06_right_body_nogray.nii.gz 0 -1 0 -1 31 11
fslroi /home/wanjiag/projects/MONSTERA/derivatives/rois/ASHS/empty_t2.nii.gz /home/wanjiag/projects/MONSTERA/derivatives/rois/sub-MONSTERA06/ashs/body/front_empty.nii.gz 0 -1 0 -1 0 30
fslroi /home/wanjiag/projects/MONSTERA/derivatives/rois/ASHS/empty_t2.nii.gz /home/wanjiag/projects/MONSTERA/derivatives/rois/sub-MONSTERA06/ashs/body/end_empty.nii.gz 0 -1 0 -1 0 24
fslmaths /home/wanjiag/projects/MONSTERA/derivatives/rois/sub-MONSTERA06/ashs/body/sub-MONSTERA06_left_body_nogray.nii.gz -thr 1 -uthr 1 -bin /home/wanjiag/projects/MONSTERA/derivatives/rois/sub-MONSTERA06/ashs/body/left-ca1-body_T2w-space.nii.gz
fslmaths /home/wanjiag/projects/MONSTERA/derivatives/rois/sub-MONSTERA06/ashs/body/sub-MONSTERA06_right_body_nogray.nii.gz -thr 1 -uthr 1 -bin /home/wanjiag/projects/MONSTERA/derivatives/rois/sub-MONSTERA06/ashs/body/right-ca1-body_T2w-space.nii.gz
fslmaths /home/wanjiag/projects/MONSTERA/derivatives/rois/sub-MONSTERA06/ashs/body/left-ca1-body_T2w-space.nii.gz -add /home/wanjiag/projects/MONSTERA/derivatives/rois/sub-MONSTERA06/ashs/body/right-ca1-body_T2w-space.nii.gz /home/wanjiag/projects/MONSTERA/derivatives/rois/sub-MONSTERA06/ashs/body/ca1-body_T2w-space.nii.gz
flirt -in /home/wanjiag/projects/MONSTERA/derivatives/rois/sub-MONSTERA06/ashs/body/ca1-body_T2w-space.nii.gz -ref /home/wanjiag/projects/MONSTERA/derivatives/fmriprep/sub-MONSTERA06/anat/sub-MONSTERA06_run-5_desc-preproc_T1w.nii.gz -out /home/wanjiag/projects/MONSTERA/derivatives/rois/sub-MONSTERA06/ashs/body/ca1-body_T2w-to-T1-space.nii.gz -omat /home/wanjiag/projects/MONSTERA/derivatives/rois/sub-MONSTERA06/ashs/body/ca1-body_T2w-to-T1-space.mat -applyxfm -init /home/wanjiag/projects/MONSTERA/derivatives/rois/sub-MONSTERA06/ashs/T2_to_T1.mat
flirt -in /home/wanjiag/projects/MONSTERA/derivatives/rois/sub-MONSTERA06/ashs/body/ca1-body_T2w-to-T1-space.nii.gz -ref /home/wanjiag/projects/MONSTERA/derivatives/rois/sub-MONSTERA06/avg_all_fmriprerp_func.nii.gz -out /home/wanjiag/projects/MONSTERA/derivatives/rois/sub-MONSTERA06/ashs/body/ca1-body_epi-space.nii.gz -omat /home/wanjiag/projects/MONSTERA/derivatives/rois/sub-MONSTERA06/ashs/body/ca1-body_epi-space.mat -applyxfm -usesqform
fslmaths /home/wanjiag/projects/MONSTERA/derivatives/rois/sub-MONSTERA06/ashs/body/ca1-body_epi-space.nii.gz -thr 0.5000000000 -bin /home/wanjiag/projects/MONSTERA/derivatives/rois/sub-MONSTERA06/ashs/body/ca1-body_epi-space_thre_0.5.nii.gz
fslmaths /home/wanjiag/projects/MONSTERA/derivatives/rois/sub-MONSTERA06/ashs/body/sub-MONSTERA06_left_body_nogray.nii.gz -thr 2 -uthr 4 -bin /home/wanjiag/projects/MONSTERA/derivatives/rois/sub-MONSTERA06/ashs/body/left-ca23dg-body_T2w-space.nii.gz
fslmaths /home/wanjiag/projects/MONSTERA/derivatives/rois/sub-MONSTERA06/ashs/body/sub-MONSTERA06_right_body_nogray.nii.gz -thr 2 -uthr 4 -bin /home/wanjiag/projects/MONSTERA/derivatives/rois/sub-MONSTERA06/ashs/body/right-ca23dg-body_T2w-space.nii.gz
fslmaths /home/wanjiag/projects/MONSTERA/derivatives/rois/sub-MONSTERA06/ashs/body/left-ca23dg-body_T2w-space.nii.gz -add /home/wanjiag/projects/MONSTERA/derivatives/rois/sub-MONSTERA06/ashs/body/right-ca23dg-body_T2w-space.nii.gz /home/wanjiag/projects/MONSTERA/derivatives/rois/sub-MONSTERA06/ashs/body/ca23dg-body_T2w-space.nii.gz
flirt -in /home/wanjiag/projects/MONSTERA/derivatives/rois/sub-MONSTERA06/ashs/body/ca23dg-body_T2w-space.nii.gz -ref /home/wanjiag/projects/MONSTERA/derivatives/fmriprep/sub-MONSTERA06/anat/sub-MONSTERA06_run-5_desc-preproc_T1w.nii.gz -out /home/wanjiag/projects/MONSTERA/derivatives/rois/sub-MONSTERA06/ashs/body/ca23dg-body_T2w-to-T1-space.nii.gz -omat /home/wanjiag/projects/MONSTERA/derivatives/rois/sub-MONSTERA06/ashs/body/ca23dg-body_T2w-to-T1-space.mat -applyxfm -init /home/wanjiag/projects/MONSTERA/derivatives/rois/sub-MONSTERA06/ashs/T2_to_T1.mat
flirt -in /home/wanjiag/projects/MONSTERA/derivatives/rois/sub-MONSTERA06/ashs/body/ca23dg-body_T2w-to-T1-space.nii.gz -ref /home/wanjiag/projects/MONSTERA/derivatives/rois/sub-MONSTERA06/avg_all_fmriprerp_func.nii.gz -out /home/wanjiag/projects/MONSTERA/derivatives/rois/sub-MONSTERA06/ashs/body/ca23dg-body_epi-space.nii.gz -omat /home/wanjiag/projects/MONSTERA/derivatives/rois/sub-MONSTERA06/ashs/body/ca23dg-body_epi-space.mat -applyxfm -usesqform
fslmaths /home/wanjiag/projects/MONSTERA/derivatives/rois/sub-MONSTERA06/ashs/body/ca23dg-body_epi-space.nii.gz -thr 0.5000000000 -bin /home/wanjiag/projects/MONSTERA/derivatives/rois/sub-MONSTERA06/ashs/body/ca23dg-body_epi-space_thre_0.5.nii.gz
