--------------------sub-MONSTERA12-------------------
/projects/kuhl_lab/wanjiag/MONSTERA/derivatives/rois/sub-MONSTERA12
/projects/kuhl_lab/wanjiag/MONSTERA/derivatives/fmriprep/sourcedata/freesurfer/sub-MONSTERA12/mri/aparc.a2009s+aseg.mgz
/projects/kuhl_lab/wanjiag/MONSTERA/derivatives/rois/sub-MONSTERA12/aparc.a2009s+aseg.nii.gz
/projects/kuhl_lab/wanjiag/MONSTERA/derivatives/fmriprep/sub-MONSTERA12/anat/sub-MONSTERA12_run-5_desc-aparcaseg_dseg.nii.gz
/projects/kuhl_lab/wanjiag/MONSTERA/derivatives/rois/sub-MONSTERA12/run-5_desc-aparcaseg_dseg.nii.gz
--------------------Angular Gyrus-------------------
fslmaths /projects/kuhl_lab/wanjiag/MONSTERA/derivatives/rois/sub-MONSTERA12/aparc.a2009s+aseg.nii.gz -thr 11125 -uthr 11125 /projects/kuhl_lab/wanjiag/MONSTERA/derivatives/rois/sub-MONSTERA12/ctx_lh_G_pariet_inf-Angular.nii.gz
fslmaths /projects/kuhl_lab/wanjiag/MONSTERA/derivatives/rois/sub-MONSTERA12/aparc.a2009s+aseg.nii.gz -thr 12125 -uthr 12125 /projects/kuhl_lab/wanjiag/MONSTERA/derivatives/rois/sub-MONSTERA12/ctx_rh_G_pariet_inf-Angular.nii.gz
fslmaths /projects/kuhl_lab/wanjiag/MONSTERA/derivatives/rois/sub-MONSTERA12/ctx_lh_G_pariet_inf-Angular.nii.gz -add /projects/kuhl_lab/wanjiag/MONSTERA/derivatives/rois/sub-MONSTERA12/ctx_rh_G_pariet_inf-Angular.nii.gz -bin /projects/kuhl_lab/wanjiag/MONSTERA/derivatives/rois/sub-MONSTERA12/angular_gyrus.nii.gz
flirt -in /projects/kuhl_lab/wanjiag/MONSTERA/derivatives/rois/sub-MONSTERA12/angular_gyrus.nii.gz -ref /projects/kuhl_lab/wanjiag/MONSTERA/derivatives/rois/sub-MONSTERA12/avg_all_fmriprerp_func.nii.gz -out /projects/kuhl_lab/wanjiag/MONSTERA/derivatives/rois/sub-MONSTERA12/angular_gyrus_2_epi.nii.gz -omat /projects/kuhl_lab/wanjiag/MONSTERA/derivatives/rois/sub-MONSTERA12/angular_gyrus_2_epi.mat -applyxfm -usesqform
fslmaths /projects/kuhl_lab/wanjiag/MONSTERA/derivatives/rois/sub-MONSTERA12/angular_gyrus_2_epi.nii.gz -thr 0.5000000000 -bin /projects/kuhl_lab/wanjiag/MONSTERA/derivatives/rois/sub-MONSTERA12/angular_gyrus_2_epi_thre_0.5.nii.gz
--------------------Whole Hippocampus-------------------
fslmaths /projects/kuhl_lab/wanjiag/MONSTERA/derivatives/rois/sub-MONSTERA12/run-5_desc-aparcaseg_dseg.nii.gz -thr 17 -uthr 17 /projects/kuhl_lab/wanjiag/MONSTERA/derivatives/rois/sub-MONSTERA12/Left-Hippocampus.nii.gz
fslmaths /projects/kuhl_lab/wanjiag/MONSTERA/derivatives/rois/sub-MONSTERA12/run-5_desc-aparcaseg_dseg.nii.gz -thr 53 -uthr 53 /projects/kuhl_lab/wanjiag/MONSTERA/derivatives/rois/sub-MONSTERA12/Right-Hippocampus.nii.gz
fslmaths /projects/kuhl_lab/wanjiag/MONSTERA/derivatives/rois/sub-MONSTERA12/Left-Hippocampus.nii.gz -add /projects/kuhl_lab/wanjiag/MONSTERA/derivatives/rois/sub-MONSTERA12/Right-Hippocampus.nii.gz -bin /projects/kuhl_lab/wanjiag/MONSTERA/derivatives/rois/sub-MONSTERA12/hippocampus.nii.gz
flirt -in /projects/kuhl_lab/wanjiag/MONSTERA/derivatives/rois/sub-MONSTERA12/hippocampus.nii.gz -ref /projects/kuhl_lab/wanjiag/MONSTERA/derivatives/rois/sub-MONSTERA12/avg_all_fmriprerp_func.nii.gz -out /projects/kuhl_lab/wanjiag/MONSTERA/derivatives/rois/sub-MONSTERA12/hippocampus_2_epi.nii.gz -omat /projects/kuhl_lab/wanjiag/MONSTERA/derivatives/rois/sub-MONSTERA12/hippocampus_2_epi.mat -applyxfm -usesqform
fslmaths /projects/kuhl_lab/wanjiag/MONSTERA/derivatives/rois/sub-MONSTERA12/hippocampus_2_epi.nii.gz -thr 0.5000000000 -bin /projects/kuhl_lab/wanjiag/MONSTERA/derivatives/rois/sub-MONSTERA12/hippocampus_2_epi_thre_0.5.nii.gz
--------------------PPA-------------------
/home/wanjiag/projects/MONSTERA/derivatives/rois/mni/ppa/ppa.nii.gz 
 /projects/kuhl_lab/wanjiag/MONSTERA/derivatives/rois/sub-MONSTERA12/avg_all_fmriprerp_func.nii.gz 
 /projects/kuhl_lab/wanjiag/MONSTERA/derivatives/fmriprep/sub-MONSTERA12/anat/sub-MONSTERA12_run-5_from-MNI152NLin2009cAsym_to-T1w_mode-image_xfm.h5 
 /projects/kuhl_lab/wanjiag/MONSTERA/derivatives/rois/sub-MONSTERA12
antsApplyTransforms --default-value 0 --dimensionality 3 --float 0 --input /home/wanjiag/projects/MONSTERA/derivatives/rois/mni/ppa/ppa.nii.gz --interpolation Linear --output /projects/kuhl_lab/wanjiag/MONSTERA/derivatives/rois/sub-MONSTERA12/ppa_mni_2_epi.nii.gz --reference-image /projects/kuhl_lab/wanjiag/MONSTERA/derivatives/rois/sub-MONSTERA12/avg_all_fmriprerp_func.nii.gz --transform /projects/kuhl_lab/wanjiag/MONSTERA/derivatives/fmriprep/sub-MONSTERA12/anat/sub-MONSTERA12_run-5_from-MNI152NLin2009cAsym_to-T1w_mode-image_xfm.h5
fslmaths /projects/kuhl_lab/wanjiag/MONSTERA/derivatives/rois/sub-MONSTERA12/ppa_mni_2_epi.nii.gz -thr 0.5000000000 -bin /projects/kuhl_lab/wanjiag/MONSTERA/derivatives/rois/sub-MONSTERA12/ppa_mni_2_epi_thr_0.5.nii.gz
--------------------EVC-------------------
/home/wanjiag/projects/MONSTERA/derivatives/rois/mni/visual_cortex/subj_vol_all 
 /projects/kuhl_lab/wanjiag/MONSTERA/derivatives/rois/sub-MONSTERA12/avg_all_fmriprerp_func.nii.gz 
 /projects/kuhl_lab/wanjiag/MONSTERA/derivatives/fmriprep/sub-MONSTERA12/anat/sub-MONSTERA12_run-5_from-MNI152NLin2009cAsym_to-T1w_mode-image_xfm.h5 
 /projects/kuhl_lab/wanjiag/MONSTERA/derivatives/rois/sub-MONSTERA12
antsApplyTransforms --default-value 0 --dimensionality 3 --float 0 --input /home/wanjiag/projects/MONSTERA/derivatives/rois/mni/visual_cortex/subj_vol_all/perc_VTPM_vol_roi1_lh.nii.gz --interpolation Linear --output /projects/kuhl_lab/wanjiag/MONSTERA/derivatives/rois/sub-MONSTERA12/perc_VTPM_vol_roi1_lh_2_epi.nii.gz --reference-image /projects/kuhl_lab/wanjiag/MONSTERA/derivatives/rois/sub-MONSTERA12/avg_all_fmriprerp_func.nii.gz --transform /projects/kuhl_lab/wanjiag/MONSTERA/derivatives/fmriprep/sub-MONSTERA12/anat/sub-MONSTERA12_run-5_from-MNI152NLin2009cAsym_to-T1w_mode-image_xfm.h5
fslmaths /projects/kuhl_lab/wanjiag/MONSTERA/derivatives/rois/sub-MONSTERA12/perc_VTPM_vol_roi1_lh_2_epi.nii.gz -thr 50.0000000000 -bin /projects/kuhl_lab/wanjiag/MONSTERA/derivatives/rois/sub-MONSTERA12/perc_VTPM_vol_roi1_lh_2_epi_thr_50.nii.gz
antsApplyTransforms --default-value 0 --dimensionality 3 --float 0 --input /home/wanjiag/projects/MONSTERA/derivatives/rois/mni/visual_cortex/subj_vol_all/perc_VTPM_vol_roi1_rh.nii.gz --interpolation Linear --output /projects/kuhl_lab/wanjiag/MONSTERA/derivatives/rois/sub-MONSTERA12/perc_VTPM_vol_roi1_rh_2_epi.nii.gz --reference-image /projects/kuhl_lab/wanjiag/MONSTERA/derivatives/rois/sub-MONSTERA12/avg_all_fmriprerp_func.nii.gz --transform /projects/kuhl_lab/wanjiag/MONSTERA/derivatives/fmriprep/sub-MONSTERA12/anat/sub-MONSTERA12_run-5_from-MNI152NLin2009cAsym_to-T1w_mode-image_xfm.h5
fslmaths /projects/kuhl_lab/wanjiag/MONSTERA/derivatives/rois/sub-MONSTERA12/perc_VTPM_vol_roi1_rh_2_epi.nii.gz -thr 50.0000000000 -bin /projects/kuhl_lab/wanjiag/MONSTERA/derivatives/rois/sub-MONSTERA12/perc_VTPM_vol_roi1_rh_2_epi_thr_50.nii.gz
antsApplyTransforms --default-value 0 --dimensionality 3 --float 0 --input /home/wanjiag/projects/MONSTERA/derivatives/rois/mni/visual_cortex/subj_vol_all/perc_VTPM_vol_roi2_lh.nii.gz --interpolation Linear --output /projects/kuhl_lab/wanjiag/MONSTERA/derivatives/rois/sub-MONSTERA12/perc_VTPM_vol_roi2_lh_2_epi.nii.gz --reference-image /projects/kuhl_lab/wanjiag/MONSTERA/derivatives/rois/sub-MONSTERA12/avg_all_fmriprerp_func.nii.gz --transform /projects/kuhl_lab/wanjiag/MONSTERA/derivatives/fmriprep/sub-MONSTERA12/anat/sub-MONSTERA12_run-5_from-MNI152NLin2009cAsym_to-T1w_mode-image_xfm.h5
fslmaths /projects/kuhl_lab/wanjiag/MONSTERA/derivatives/rois/sub-MONSTERA12/perc_VTPM_vol_roi2_lh_2_epi.nii.gz -thr 50.0000000000 -bin /projects/kuhl_lab/wanjiag/MONSTERA/derivatives/rois/sub-MONSTERA12/perc_VTPM_vol_roi2_lh_2_epi_thr_50.nii.gz
antsApplyTransforms --default-value 0 --dimensionality 3 --float 0 --input /home/wanjiag/projects/MONSTERA/derivatives/rois/mni/visual_cortex/subj_vol_all/perc_VTPM_vol_roi2_rh.nii.gz --interpolation Linear --output /projects/kuhl_lab/wanjiag/MONSTERA/derivatives/rois/sub-MONSTERA12/perc_VTPM_vol_roi2_rh_2_epi.nii.gz --reference-image /projects/kuhl_lab/wanjiag/MONSTERA/derivatives/rois/sub-MONSTERA12/avg_all_fmriprerp_func.nii.gz --transform /projects/kuhl_lab/wanjiag/MONSTERA/derivatives/fmriprep/sub-MONSTERA12/anat/sub-MONSTERA12_run-5_from-MNI152NLin2009cAsym_to-T1w_mode-image_xfm.h5
fslmaths /projects/kuhl_lab/wanjiag/MONSTERA/derivatives/rois/sub-MONSTERA12/perc_VTPM_vol_roi2_rh_2_epi.nii.gz -thr 50.0000000000 -bin /projects/kuhl_lab/wanjiag/MONSTERA/derivatives/rois/sub-MONSTERA12/perc_VTPM_vol_roi2_rh_2_epi_thr_50.nii.gz
fslmaths /projects/kuhl_lab/wanjiag/MONSTERA/derivatives/rois/sub-MONSTERA12/perc_VTPM_vol_roi1_lh_2_epi_thr_50.nii.gz -add /projects/kuhl_lab/wanjiag/MONSTERA/derivatives/rois/sub-MONSTERA12/perc_VTPM_vol_roi1_rh_2_epi_thr_50.nii.gz -add /projects/kuhl_lab/wanjiag/MONSTERA/derivatives/rois/sub-MONSTERA12/perc_VTPM_vol_roi2_lh_2_epi_thr_50.nii.gz -add /projects/kuhl_lab/wanjiag/MONSTERA/derivatives/rois/sub-MONSTERA12/perc_VTPM_vol_roi2_rh_2_epi_thr_50.nii.gz -bin /projects/kuhl_lab/wanjiag/MONSTERA/derivatives/rois/sub-MONSTERA12/evc_2_epi_thr_0.5.nii.gz
--------------------sub-MONSTERA13-------------------
/projects/kuhl_lab/wanjiag/MONSTERA/derivatives/rois/sub-MONSTERA13
/projects/kuhl_lab/wanjiag/MONSTERA/derivatives/fmriprep/sourcedata/freesurfer/sub-MONSTERA13/mri/aparc.a2009s+aseg.mgz
/projects/kuhl_lab/wanjiag/MONSTERA/derivatives/rois/sub-MONSTERA13/aparc.a2009s+aseg.nii.gz
/projects/kuhl_lab/wanjiag/MONSTERA/derivatives/fmriprep/sub-MONSTERA13/anat/sub-MONSTERA13_run-5_desc-aparcaseg_dseg.nii.gz
/projects/kuhl_lab/wanjiag/MONSTERA/derivatives/rois/sub-MONSTERA13/run-5_desc-aparcaseg_dseg.nii.gz
--------------------Angular Gyrus-------------------
fslmaths /projects/kuhl_lab/wanjiag/MONSTERA/derivatives/rois/sub-MONSTERA13/aparc.a2009s+aseg.nii.gz -thr 11125 -uthr 11125 /projects/kuhl_lab/wanjiag/MONSTERA/derivatives/rois/sub-MONSTERA13/ctx_lh_G_pariet_inf-Angular.nii.gz
fslmaths /projects/kuhl_lab/wanjiag/MONSTERA/derivatives/rois/sub-MONSTERA13/aparc.a2009s+aseg.nii.gz -thr 12125 -uthr 12125 /projects/kuhl_lab/wanjiag/MONSTERA/derivatives/rois/sub-MONSTERA13/ctx_rh_G_pariet_inf-Angular.nii.gz
fslmaths /projects/kuhl_lab/wanjiag/MONSTERA/derivatives/rois/sub-MONSTERA13/ctx_lh_G_pariet_inf-Angular.nii.gz -add /projects/kuhl_lab/wanjiag/MONSTERA/derivatives/rois/sub-MONSTERA13/ctx_rh_G_pariet_inf-Angular.nii.gz -bin /projects/kuhl_lab/wanjiag/MONSTERA/derivatives/rois/sub-MONSTERA13/angular_gyrus.nii.gz
flirt -in /projects/kuhl_lab/wanjiag/MONSTERA/derivatives/rois/sub-MONSTERA13/angular_gyrus.nii.gz -ref /projects/kuhl_lab/wanjiag/MONSTERA/derivatives/rois/sub-MONSTERA13/avg_all_fmriprerp_func.nii.gz -out /projects/kuhl_lab/wanjiag/MONSTERA/derivatives/rois/sub-MONSTERA13/angular_gyrus_2_epi.nii.gz -omat /projects/kuhl_lab/wanjiag/MONSTERA/derivatives/rois/sub-MONSTERA13/angular_gyrus_2_epi.mat -applyxfm -usesqform
fslmaths /projects/kuhl_lab/wanjiag/MONSTERA/derivatives/rois/sub-MONSTERA13/angular_gyrus_2_epi.nii.gz -thr 0.5000000000 -bin /projects/kuhl_lab/wanjiag/MONSTERA/derivatives/rois/sub-MONSTERA13/angular_gyrus_2_epi_thre_0.5.nii.gz
--------------------Whole Hippocampus-------------------
fslmaths /projects/kuhl_lab/wanjiag/MONSTERA/derivatives/rois/sub-MONSTERA13/run-5_desc-aparcaseg_dseg.nii.gz -thr 17 -uthr 17 /projects/kuhl_lab/wanjiag/MONSTERA/derivatives/rois/sub-MONSTERA13/Left-Hippocampus.nii.gz
fslmaths /projects/kuhl_lab/wanjiag/MONSTERA/derivatives/rois/sub-MONSTERA13/run-5_desc-aparcaseg_dseg.nii.gz -thr 53 -uthr 53 /projects/kuhl_lab/wanjiag/MONSTERA/derivatives/rois/sub-MONSTERA13/Right-Hippocampus.nii.gz
fslmaths /projects/kuhl_lab/wanjiag/MONSTERA/derivatives/rois/sub-MONSTERA13/Left-Hippocampus.nii.gz -add /projects/kuhl_lab/wanjiag/MONSTERA/derivatives/rois/sub-MONSTERA13/Right-Hippocampus.nii.gz -bin /projects/kuhl_lab/wanjiag/MONSTERA/derivatives/rois/sub-MONSTERA13/hippocampus.nii.gz
flirt -in /projects/kuhl_lab/wanjiag/MONSTERA/derivatives/rois/sub-MONSTERA13/hippocampus.nii.gz -ref /projects/kuhl_lab/wanjiag/MONSTERA/derivatives/rois/sub-MONSTERA13/avg_all_fmriprerp_func.nii.gz -out /projects/kuhl_lab/wanjiag/MONSTERA/derivatives/rois/sub-MONSTERA13/hippocampus_2_epi.nii.gz -omat /projects/kuhl_lab/wanjiag/MONSTERA/derivatives/rois/sub-MONSTERA13/hippocampus_2_epi.mat -applyxfm -usesqform
fslmaths /projects/kuhl_lab/wanjiag/MONSTERA/derivatives/rois/sub-MONSTERA13/hippocampus_2_epi.nii.gz -thr 0.5000000000 -bin /projects/kuhl_lab/wanjiag/MONSTERA/derivatives/rois/sub-MONSTERA13/hippocampus_2_epi_thre_0.5.nii.gz
--------------------PPA-------------------
/home/wanjiag/projects/MONSTERA/derivatives/rois/mni/ppa/ppa.nii.gz 
 /projects/kuhl_lab/wanjiag/MONSTERA/derivatives/rois/sub-MONSTERA13/avg_all_fmriprerp_func.nii.gz 
 /projects/kuhl_lab/wanjiag/MONSTERA/derivatives/fmriprep/sub-MONSTERA13/anat/sub-MONSTERA13_run-5_from-MNI152NLin2009cAsym_to-T1w_mode-image_xfm.h5 
 /projects/kuhl_lab/wanjiag/MONSTERA/derivatives/rois/sub-MONSTERA13
antsApplyTransforms --default-value 0 --dimensionality 3 --float 0 --input /home/wanjiag/projects/MONSTERA/derivatives/rois/mni/ppa/ppa.nii.gz --interpolation Linear --output /projects/kuhl_lab/wanjiag/MONSTERA/derivatives/rois/sub-MONSTERA13/ppa_mni_2_epi.nii.gz --reference-image /projects/kuhl_lab/wanjiag/MONSTERA/derivatives/rois/sub-MONSTERA13/avg_all_fmriprerp_func.nii.gz --transform /projects/kuhl_lab/wanjiag/MONSTERA/derivatives/fmriprep/sub-MONSTERA13/anat/sub-MONSTERA13_run-5_from-MNI152NLin2009cAsym_to-T1w_mode-image_xfm.h5
fslmaths /projects/kuhl_lab/wanjiag/MONSTERA/derivatives/rois/sub-MONSTERA13/ppa_mni_2_epi.nii.gz -thr 0.5000000000 -bin /projects/kuhl_lab/wanjiag/MONSTERA/derivatives/rois/sub-MONSTERA13/ppa_mni_2_epi_thr_0.5.nii.gz
--------------------EVC-------------------
/home/wanjiag/projects/MONSTERA/derivatives/rois/mni/visual_cortex/subj_vol_all 
 /projects/kuhl_lab/wanjiag/MONSTERA/derivatives/rois/sub-MONSTERA13/avg_all_fmriprerp_func.nii.gz 
 /projects/kuhl_lab/wanjiag/MONSTERA/derivatives/fmriprep/sub-MONSTERA13/anat/sub-MONSTERA13_run-5_from-MNI152NLin2009cAsym_to-T1w_mode-image_xfm.h5 
 /projects/kuhl_lab/wanjiag/MONSTERA/derivatives/rois/sub-MONSTERA13
antsApplyTransforms --default-value 0 --dimensionality 3 --float 0 --input /home/wanjiag/projects/MONSTERA/derivatives/rois/mni/visual_cortex/subj_vol_all/perc_VTPM_vol_roi1_lh.nii.gz --interpolation Linear --output /projects/kuhl_lab/wanjiag/MONSTERA/derivatives/rois/sub-MONSTERA13/perc_VTPM_vol_roi1_lh_2_epi.nii.gz --reference-image /projects/kuhl_lab/wanjiag/MONSTERA/derivatives/rois/sub-MONSTERA13/avg_all_fmriprerp_func.nii.gz --transform /projects/kuhl_lab/wanjiag/MONSTERA/derivatives/fmriprep/sub-MONSTERA13/anat/sub-MONSTERA13_run-5_from-MNI152NLin2009cAsym_to-T1w_mode-image_xfm.h5
fslmaths /projects/kuhl_lab/wanjiag/MONSTERA/derivatives/rois/sub-MONSTERA13/perc_VTPM_vol_roi1_lh_2_epi.nii.gz -thr 50.0000000000 -bin /projects/kuhl_lab/wanjiag/MONSTERA/derivatives/rois/sub-MONSTERA13/perc_VTPM_vol_roi1_lh_2_epi_thr_50.nii.gz
antsApplyTransforms --default-value 0 --dimensionality 3 --float 0 --input /home/wanjiag/projects/MONSTERA/derivatives/rois/mni/visual_cortex/subj_vol_all/perc_VTPM_vol_roi1_rh.nii.gz --interpolation Linear --output /projects/kuhl_lab/wanjiag/MONSTERA/derivatives/rois/sub-MONSTERA13/perc_VTPM_vol_roi1_rh_2_epi.nii.gz --reference-image /projects/kuhl_lab/wanjiag/MONSTERA/derivatives/rois/sub-MONSTERA13/avg_all_fmriprerp_func.nii.gz --transform /projects/kuhl_lab/wanjiag/MONSTERA/derivatives/fmriprep/sub-MONSTERA13/anat/sub-MONSTERA13_run-5_from-MNI152NLin2009cAsym_to-T1w_mode-image_xfm.h5
fslmaths /projects/kuhl_lab/wanjiag/MONSTERA/derivatives/rois/sub-MONSTERA13/perc_VTPM_vol_roi1_rh_2_epi.nii.gz -thr 50.0000000000 -bin /projects/kuhl_lab/wanjiag/MONSTERA/derivatives/rois/sub-MONSTERA13/perc_VTPM_vol_roi1_rh_2_epi_thr_50.nii.gz
antsApplyTransforms --default-value 0 --dimensionality 3 --float 0 --input /home/wanjiag/projects/MONSTERA/derivatives/rois/mni/visual_cortex/subj_vol_all/perc_VTPM_vol_roi2_lh.nii.gz --interpolation Linear --output /projects/kuhl_lab/wanjiag/MONSTERA/derivatives/rois/sub-MONSTERA13/perc_VTPM_vol_roi2_lh_2_epi.nii.gz --reference-image /projects/kuhl_lab/wanjiag/MONSTERA/derivatives/rois/sub-MONSTERA13/avg_all_fmriprerp_func.nii.gz --transform /projects/kuhl_lab/wanjiag/MONSTERA/derivatives/fmriprep/sub-MONSTERA13/anat/sub-MONSTERA13_run-5_from-MNI152NLin2009cAsym_to-T1w_mode-image_xfm.h5
fslmaths /projects/kuhl_lab/wanjiag/MONSTERA/derivatives/rois/sub-MONSTERA13/perc_VTPM_vol_roi2_lh_2_epi.nii.gz -thr 50.0000000000 -bin /projects/kuhl_lab/wanjiag/MONSTERA/derivatives/rois/sub-MONSTERA13/perc_VTPM_vol_roi2_lh_2_epi_thr_50.nii.gz
antsApplyTransforms --default-value 0 --dimensionality 3 --float 0 --input /home/wanjiag/projects/MONSTERA/derivatives/rois/mni/visual_cortex/subj_vol_all/perc_VTPM_vol_roi2_rh.nii.gz --interpolation Linear --output /projects/kuhl_lab/wanjiag/MONSTERA/derivatives/rois/sub-MONSTERA13/perc_VTPM_vol_roi2_rh_2_epi.nii.gz --reference-image /projects/kuhl_lab/wanjiag/MONSTERA/derivatives/rois/sub-MONSTERA13/avg_all_fmriprerp_func.nii.gz --transform /projects/kuhl_lab/wanjiag/MONSTERA/derivatives/fmriprep/sub-MONSTERA13/anat/sub-MONSTERA13_run-5_from-MNI152NLin2009cAsym_to-T1w_mode-image_xfm.h5
fslmaths /projects/kuhl_lab/wanjiag/MONSTERA/derivatives/rois/sub-MONSTERA13/perc_VTPM_vol_roi2_rh_2_epi.nii.gz -thr 50.0000000000 -bin /projects/kuhl_lab/wanjiag/MONSTERA/derivatives/rois/sub-MONSTERA13/perc_VTPM_vol_roi2_rh_2_epi_thr_50.nii.gz
fslmaths /projects/kuhl_lab/wanjiag/MONSTERA/derivatives/rois/sub-MONSTERA13/perc_VTPM_vol_roi1_lh_2_epi_thr_50.nii.gz -add /projects/kuhl_lab/wanjiag/MONSTERA/derivatives/rois/sub-MONSTERA13/perc_VTPM_vol_roi1_rh_2_epi_thr_50.nii.gz -add /projects/kuhl_lab/wanjiag/MONSTERA/derivatives/rois/sub-MONSTERA13/perc_VTPM_vol_roi2_lh_2_epi_thr_50.nii.gz -add /projects/kuhl_lab/wanjiag/MONSTERA/derivatives/rois/sub-MONSTERA13/perc_VTPM_vol_roi2_rh_2_epi_thr_50.nii.gz -bin /projects/kuhl_lab/wanjiag/MONSTERA/derivatives/rois/sub-MONSTERA13/evc_2_epi_thr_0.5.nii.gz
