--------------------sub-MONSTERA38-------------------
/projects/kuhl_lab/wanjiag/MONSTERA/derivatives/rois/sub-MONSTERA38
/projects/kuhl_lab/wanjiag/MONSTERA/derivatives/fmriprep/sourcedata/freesurfer/sub-MONSTERA38/mri/aparc.a2009s+aseg.mgz
/projects/kuhl_lab/wanjiag/MONSTERA/derivatives/rois/sub-MONSTERA38/aparc.a2009s+aseg.nii.gz
/projects/kuhl_lab/wanjiag/MONSTERA/derivatives/fmriprep/sub-MONSTERA38/anat/sub-MONSTERA38_run-5_desc-aparcaseg_dseg.nii.gz
/projects/kuhl_lab/wanjiag/MONSTERA/derivatives/rois/sub-MONSTERA38/run-5_desc-aparcaseg_dseg.nii.gz
calculating mean......
230124-11:16:52,831 nipype.utils WARNING:
	 A newer version (1.8.4) of nipy/nipype is available. You are using 1.7.1
3dTstat -mean -prefix /projects/kuhl_lab/wanjiag/MONSTERA/derivatives/rois/sub-MONSTERA38/sub-MONSTERA38_task-01_desc-preproc_bold_trim6_denoise_z-scored_mean.nii.gz /projects/kuhl_lab/wanjiag/MONSTERA/derivatives/preprocess/sub-MONSTERA38/sub-MONSTERA38_task-01_desc-preproc_bold_trim6_denoise_z-scored.nii.gz
230124-11:16:52,930 nipype.interface INFO:
	 stderr 2023-01-24T11:16:52.930169:++ 3dTstat: AFNI version=AFNI_18.2.04 (Jul  6 2018) [64-bit]
230124-11:16:52,930 nipype.interface INFO:
	 stderr 2023-01-24T11:16:52.930169:++ Authored by: KR Hammett & RW Cox
230124-11:16:52,940 nipype.interface INFO:
	 stderr 2023-01-24T11:16:52.940718:** AFNI converts NIFTI_datatype=64 (FLOAT64) in file /projects/kuhl_lab/wanjiag/MONSTERA/derivatives/preprocess/sub-MONSTERA38/sub-MONSTERA38_task-01_desc-preproc_bold_trim6_denoise_z-scored.nii.gz to FLOAT32
230124-11:16:52,940 nipype.interface INFO:
	 stderr 2023-01-24T11:16:52.940718:     Warnings of this type will be muted for this session.
230124-11:16:52,940 nipype.interface INFO:
	 stderr 2023-01-24T11:16:52.940718:     Set AFNI_NIFTI_TYPE_WARN to YES to see them all, NO to see none.
230124-11:17:03,402 nipype.interface INFO:
	 stderr 2023-01-24T11:17:03.402759:++ Output dataset /projects/kuhl_lab/wanjiag/MONSTERA/derivatives/rois/sub-MONSTERA38/sub-MONSTERA38_task-01_desc-preproc_bold_trim6_denoise_z-scored_mean.nii.gz
calculating mean...output to /projects/kuhl_lab/wanjiag/MONSTERA/derivatives/rois/sub-MONSTERA38/sub-MONSTERA38_task-01_desc-preproc_bold_trim6_denoise_z-scored_mean.nii.gz
calculating mean......
3dTstat -mean -prefix /projects/kuhl_lab/wanjiag/MONSTERA/derivatives/rois/sub-MONSTERA38/sub-MONSTERA38_task-02_desc-preproc_bold_trim6_denoise_z-scored_mean.nii.gz /projects/kuhl_lab/wanjiag/MONSTERA/derivatives/preprocess/sub-MONSTERA38/sub-MONSTERA38_task-02_desc-preproc_bold_trim6_denoise_z-scored.nii.gz
230124-11:17:03,492 nipype.interface INFO:
	 stderr 2023-01-24T11:17:03.491961:++ 3dTstat: AFNI version=AFNI_18.2.04 (Jul  6 2018) [64-bit]
230124-11:17:03,492 nipype.interface INFO:
	 stderr 2023-01-24T11:17:03.491961:++ Authored by: KR Hammett & RW Cox
230124-11:17:03,498 nipype.interface INFO:
	 stderr 2023-01-24T11:17:03.498715:** AFNI converts NIFTI_datatype=64 (FLOAT64) in file /projects/kuhl_lab/wanjiag/MONSTERA/derivatives/preprocess/sub-MONSTERA38/sub-MONSTERA38_task-02_desc-preproc_bold_trim6_denoise_z-scored.nii.gz to FLOAT32
230124-11:17:03,498 nipype.interface INFO:
	 stderr 2023-01-24T11:17:03.498715:     Warnings of this type will be muted for this session.
230124-11:17:03,498 nipype.interface INFO:
	 stderr 2023-01-24T11:17:03.498715:     Set AFNI_NIFTI_TYPE_WARN to YES to see them all, NO to see none.
230124-11:17:13,894 nipype.interface INFO:
	 stderr 2023-01-24T11:17:13.894791:++ Output dataset /projects/kuhl_lab/wanjiag/MONSTERA/derivatives/rois/sub-MONSTERA38/sub-MONSTERA38_task-02_desc-preproc_bold_trim6_denoise_z-scored_mean.nii.gz
calculating mean...output to /projects/kuhl_lab/wanjiag/MONSTERA/derivatives/rois/sub-MONSTERA38/sub-MONSTERA38_task-02_desc-preproc_bold_trim6_denoise_z-scored_mean.nii.gz
calculating mean......
3dTstat -mean -prefix /projects/kuhl_lab/wanjiag/MONSTERA/derivatives/rois/sub-MONSTERA38/sub-MONSTERA38_task-03_desc-preproc_bold_trim6_denoise_z-scored_mean.nii.gz /projects/kuhl_lab/wanjiag/MONSTERA/derivatives/preprocess/sub-MONSTERA38/sub-MONSTERA38_task-03_desc-preproc_bold_trim6_denoise_z-scored.nii.gz
230124-11:17:13,987 nipype.interface INFO:
	 stderr 2023-01-24T11:17:13.987712:++ 3dTstat: AFNI version=AFNI_18.2.04 (Jul  6 2018) [64-bit]
230124-11:17:13,988 nipype.interface INFO:
	 stderr 2023-01-24T11:17:13.987712:++ Authored by: KR Hammett & RW Cox
230124-11:17:14,52 nipype.interface INFO:
	 stderr 2023-01-24T11:17:14.052722:** AFNI converts NIFTI_datatype=64 (FLOAT64) in file /projects/kuhl_lab/wanjiag/MONSTERA/derivatives/preprocess/sub-MONSTERA38/sub-MONSTERA38_task-03_desc-preproc_bold_trim6_denoise_z-scored.nii.gz to FLOAT32
230124-11:17:14,52 nipype.interface INFO:
	 stderr 2023-01-24T11:17:14.052722:     Warnings of this type will be muted for this session.
230124-11:17:14,52 nipype.interface INFO:
	 stderr 2023-01-24T11:17:14.052722:     Set AFNI_NIFTI_TYPE_WARN to YES to see them all, NO to see none.
230124-11:17:24,515 nipype.interface INFO:
	 stderr 2023-01-24T11:17:24.515709:++ Output dataset /projects/kuhl_lab/wanjiag/MONSTERA/derivatives/rois/sub-MONSTERA38/sub-MONSTERA38_task-03_desc-preproc_bold_trim6_denoise_z-scored_mean.nii.gz
calculating mean...output to /projects/kuhl_lab/wanjiag/MONSTERA/derivatives/rois/sub-MONSTERA38/sub-MONSTERA38_task-03_desc-preproc_bold_trim6_denoise_z-scored_mean.nii.gz
calculating mean......
3dTstat -mean -prefix /projects/kuhl_lab/wanjiag/MONSTERA/derivatives/rois/sub-MONSTERA38/sub-MONSTERA38_task-04_desc-preproc_bold_trim6_denoise_z-scored_mean.nii.gz /projects/kuhl_lab/wanjiag/MONSTERA/derivatives/preprocess/sub-MONSTERA38/sub-MONSTERA38_task-04_desc-preproc_bold_trim6_denoise_z-scored.nii.gz
230124-11:17:24,606 nipype.interface INFO:
	 stderr 2023-01-24T11:17:24.606424:++ 3dTstat: AFNI version=AFNI_18.2.04 (Jul  6 2018) [64-bit]
230124-11:17:24,606 nipype.interface INFO:
	 stderr 2023-01-24T11:17:24.606424:++ Authored by: KR Hammett & RW Cox
230124-11:17:24,613 nipype.interface INFO:
	 stderr 2023-01-24T11:17:24.613718:** AFNI converts NIFTI_datatype=64 (FLOAT64) in file /projects/kuhl_lab/wanjiag/MONSTERA/derivatives/preprocess/sub-MONSTERA38/sub-MONSTERA38_task-04_desc-preproc_bold_trim6_denoise_z-scored.nii.gz to FLOAT32
230124-11:17:24,613 nipype.interface INFO:
	 stderr 2023-01-24T11:17:24.613718:     Warnings of this type will be muted for this session.
230124-11:17:24,613 nipype.interface INFO:
	 stderr 2023-01-24T11:17:24.613718:     Set AFNI_NIFTI_TYPE_WARN to YES to see them all, NO to see none.
230124-11:17:35,90 nipype.interface INFO:
	 stderr 2023-01-24T11:17:35.090817:++ Output dataset /projects/kuhl_lab/wanjiag/MONSTERA/derivatives/rois/sub-MONSTERA38/sub-MONSTERA38_task-04_desc-preproc_bold_trim6_denoise_z-scored_mean.nii.gz
calculating mean...output to /projects/kuhl_lab/wanjiag/MONSTERA/derivatives/rois/sub-MONSTERA38/sub-MONSTERA38_task-04_desc-preproc_bold_trim6_denoise_z-scored_mean.nii.gz
calculating mean......
3dTstat -mean -prefix /projects/kuhl_lab/wanjiag/MONSTERA/derivatives/rois/sub-MONSTERA38/sub-MONSTERA38_task-05_desc-preproc_bold_trim6_denoise_z-scored_mean.nii.gz /projects/kuhl_lab/wanjiag/MONSTERA/derivatives/preprocess/sub-MONSTERA38/sub-MONSTERA38_task-05_desc-preproc_bold_trim6_denoise_z-scored.nii.gz
230124-11:17:35,182 nipype.interface INFO:
	 stderr 2023-01-24T11:17:35.182816:++ 3dTstat: AFNI version=AFNI_18.2.04 (Jul  6 2018) [64-bit]
230124-11:17:35,183 nipype.interface INFO:
	 stderr 2023-01-24T11:17:35.182816:++ Authored by: KR Hammett & RW Cox
230124-11:17:35,189 nipype.interface INFO:
	 stderr 2023-01-24T11:17:35.189713:** AFNI converts NIFTI_datatype=64 (FLOAT64) in file /projects/kuhl_lab/wanjiag/MONSTERA/derivatives/preprocess/sub-MONSTERA38/sub-MONSTERA38_task-05_desc-preproc_bold_trim6_denoise_z-scored.nii.gz to FLOAT32
230124-11:17:35,189 nipype.interface INFO:
	 stderr 2023-01-24T11:17:35.189713:     Warnings of this type will be muted for this session.
230124-11:17:35,189 nipype.interface INFO:
	 stderr 2023-01-24T11:17:35.189713:     Set AFNI_NIFTI_TYPE_WARN to YES to see them all, NO to see none.
230124-11:17:45,664 nipype.interface INFO:
	 stderr 2023-01-24T11:17:45.664835:++ Output dataset /projects/kuhl_lab/wanjiag/MONSTERA/derivatives/rois/sub-MONSTERA38/sub-MONSTERA38_task-05_desc-preproc_bold_trim6_denoise_z-scored_mean.nii.gz
calculating mean...output to /projects/kuhl_lab/wanjiag/MONSTERA/derivatives/rois/sub-MONSTERA38/sub-MONSTERA38_task-05_desc-preproc_bold_trim6_denoise_z-scored_mean.nii.gz
calculating mean......
3dTstat -mean -prefix /projects/kuhl_lab/wanjiag/MONSTERA/derivatives/rois/sub-MONSTERA38/sub-MONSTERA38_task-06_desc-preproc_bold_trim6_denoise_z-scored_mean.nii.gz /projects/kuhl_lab/wanjiag/MONSTERA/derivatives/preprocess/sub-MONSTERA38/sub-MONSTERA38_task-06_desc-preproc_bold_trim6_denoise_z-scored.nii.gz
230124-11:17:45,758 nipype.interface INFO:
	 stderr 2023-01-24T11:17:45.758352:++ 3dTstat: AFNI version=AFNI_18.2.04 (Jul  6 2018) [64-bit]
230124-11:17:45,758 nipype.interface INFO:
	 stderr 2023-01-24T11:17:45.758352:++ Authored by: KR Hammett & RW Cox
230124-11:17:45,818 nipype.interface INFO:
	 stderr 2023-01-24T11:17:45.818722:** AFNI converts NIFTI_datatype=64 (FLOAT64) in file /projects/kuhl_lab/wanjiag/MONSTERA/derivatives/preprocess/sub-MONSTERA38/sub-MONSTERA38_task-06_desc-preproc_bold_trim6_denoise_z-scored.nii.gz to FLOAT32
230124-11:17:45,818 nipype.interface INFO:
	 stderr 2023-01-24T11:17:45.818722:     Warnings of this type will be muted for this session.
230124-11:17:45,818 nipype.interface INFO:
	 stderr 2023-01-24T11:17:45.818722:     Set AFNI_NIFTI_TYPE_WARN to YES to see them all, NO to see none.
230124-11:17:56,174 nipype.interface INFO:
	 stderr 2023-01-24T11:17:56.174730:++ Output dataset /projects/kuhl_lab/wanjiag/MONSTERA/derivatives/rois/sub-MONSTERA38/sub-MONSTERA38_task-06_desc-preproc_bold_trim6_denoise_z-scored_mean.nii.gz
calculating mean...output to /projects/kuhl_lab/wanjiag/MONSTERA/derivatives/rois/sub-MONSTERA38/sub-MONSTERA38_task-06_desc-preproc_bold_trim6_denoise_z-scored_mean.nii.gz
calculating mean......
3dTstat -mean -prefix /projects/kuhl_lab/wanjiag/MONSTERA/derivatives/rois/sub-MONSTERA38/sub-MONSTERA38_task-07_desc-preproc_bold_trim6_denoise_z-scored_mean.nii.gz /projects/kuhl_lab/wanjiag/MONSTERA/derivatives/preprocess/sub-MONSTERA38/sub-MONSTERA38_task-07_desc-preproc_bold_trim6_denoise_z-scored.nii.gz
230124-11:17:56,264 nipype.interface INFO:
	 stderr 2023-01-24T11:17:56.264542:++ 3dTstat: AFNI version=AFNI_18.2.04 (Jul  6 2018) [64-bit]
230124-11:17:56,264 nipype.interface INFO:
	 stderr 2023-01-24T11:17:56.264542:++ Authored by: KR Hammett & RW Cox
230124-11:17:56,271 nipype.interface INFO:
	 stderr 2023-01-24T11:17:56.271717:** AFNI converts NIFTI_datatype=64 (FLOAT64) in file /projects/kuhl_lab/wanjiag/MONSTERA/derivatives/preprocess/sub-MONSTERA38/sub-MONSTERA38_task-07_desc-preproc_bold_trim6_denoise_z-scored.nii.gz to FLOAT32
230124-11:17:56,271 nipype.interface INFO:
	 stderr 2023-01-24T11:17:56.271717:     Warnings of this type will be muted for this session.
230124-11:17:56,271 nipype.interface INFO:
	 stderr 2023-01-24T11:17:56.271717:     Set AFNI_NIFTI_TYPE_WARN to YES to see them all, NO to see none.
230124-11:18:06,702 nipype.interface INFO:
	 stderr 2023-01-24T11:18:06.702882:++ Output dataset /projects/kuhl_lab/wanjiag/MONSTERA/derivatives/rois/sub-MONSTERA38/sub-MONSTERA38_task-07_desc-preproc_bold_trim6_denoise_z-scored_mean.nii.gz
calculating mean...output to /projects/kuhl_lab/wanjiag/MONSTERA/derivatives/rois/sub-MONSTERA38/sub-MONSTERA38_task-07_desc-preproc_bold_trim6_denoise_z-scored_mean.nii.gz
calculating mean......
3dTstat -mean -prefix /projects/kuhl_lab/wanjiag/MONSTERA/derivatives/rois/sub-MONSTERA38/sub-MONSTERA38_task-08_desc-preproc_bold_trim6_denoise_z-scored_mean.nii.gz /projects/kuhl_lab/wanjiag/MONSTERA/derivatives/preprocess/sub-MONSTERA38/sub-MONSTERA38_task-08_desc-preproc_bold_trim6_denoise_z-scored.nii.gz
230124-11:18:06,794 nipype.interface INFO:
	 stderr 2023-01-24T11:18:06.794365:++ 3dTstat: AFNI version=AFNI_18.2.04 (Jul  6 2018) [64-bit]
230124-11:18:06,794 nipype.interface INFO:
	 stderr 2023-01-24T11:18:06.794365:++ Authored by: KR Hammett & RW Cox
230124-11:18:06,835 nipype.interface INFO:
	 stderr 2023-01-24T11:18:06.835722:** AFNI converts NIFTI_datatype=64 (FLOAT64) in file /projects/kuhl_lab/wanjiag/MONSTERA/derivatives/preprocess/sub-MONSTERA38/sub-MONSTERA38_task-08_desc-preproc_bold_trim6_denoise_z-scored.nii.gz to FLOAT32
230124-11:18:06,835 nipype.interface INFO:
	 stderr 2023-01-24T11:18:06.835722:     Warnings of this type will be muted for this session.
230124-11:18:06,835 nipype.interface INFO:
	 stderr 2023-01-24T11:18:06.835722:     Set AFNI_NIFTI_TYPE_WARN to YES to see them all, NO to see none.
230124-11:18:17,204 nipype.interface INFO:
	 stderr 2023-01-24T11:18:17.204745:++ Output dataset /projects/kuhl_lab/wanjiag/MONSTERA/derivatives/rois/sub-MONSTERA38/sub-MONSTERA38_task-08_desc-preproc_bold_trim6_denoise_z-scored_mean.nii.gz
calculating mean...output to /projects/kuhl_lab/wanjiag/MONSTERA/derivatives/rois/sub-MONSTERA38/sub-MONSTERA38_task-08_desc-preproc_bold_trim6_denoise_z-scored_mean.nii.gz
calculating mean......
3dTstat -mean -prefix /projects/kuhl_lab/wanjiag/MONSTERA/derivatives/rois/sub-MONSTERA38/sub-MONSTERA38_task-09_desc-preproc_bold_trim6_denoise_z-scored_mean.nii.gz /projects/kuhl_lab/wanjiag/MONSTERA/derivatives/preprocess/sub-MONSTERA38/sub-MONSTERA38_task-09_desc-preproc_bold_trim6_denoise_z-scored.nii.gz
230124-11:18:17,296 nipype.interface INFO:
	 stderr 2023-01-24T11:18:17.296265:++ 3dTstat: AFNI version=AFNI_18.2.04 (Jul  6 2018) [64-bit]
230124-11:18:17,296 nipype.interface INFO:
	 stderr 2023-01-24T11:18:17.296265:++ Authored by: KR Hammett & RW Cox
230124-11:18:17,336 nipype.interface INFO:
	 stderr 2023-01-24T11:18:17.336722:** AFNI converts NIFTI_datatype=64 (FLOAT64) in file /projects/kuhl_lab/wanjiag/MONSTERA/derivatives/preprocess/sub-MONSTERA38/sub-MONSTERA38_task-09_desc-preproc_bold_trim6_denoise_z-scored.nii.gz to FLOAT32
230124-11:18:17,336 nipype.interface INFO:
	 stderr 2023-01-24T11:18:17.336722:     Warnings of this type will be muted for this session.
230124-11:18:17,336 nipype.interface INFO:
	 stderr 2023-01-24T11:18:17.336722:     Set AFNI_NIFTI_TYPE_WARN to YES to see them all, NO to see none.
230124-11:18:27,755 nipype.interface INFO:
	 stderr 2023-01-24T11:18:27.755903:++ Output dataset /projects/kuhl_lab/wanjiag/MONSTERA/derivatives/rois/sub-MONSTERA38/sub-MONSTERA38_task-09_desc-preproc_bold_trim6_denoise_z-scored_mean.nii.gz
calculating mean...output to /projects/kuhl_lab/wanjiag/MONSTERA/derivatives/rois/sub-MONSTERA38/sub-MONSTERA38_task-09_desc-preproc_bold_trim6_denoise_z-scored_mean.nii.gz
calculating mean......
3dTstat -mean -prefix /projects/kuhl_lab/wanjiag/MONSTERA/derivatives/rois/sub-MONSTERA38/sub-MONSTERA38_task-10_desc-preproc_bold_trim6_denoise_z-scored_mean.nii.gz /projects/kuhl_lab/wanjiag/MONSTERA/derivatives/preprocess/sub-MONSTERA38/sub-MONSTERA38_task-10_desc-preproc_bold_trim6_denoise_z-scored.nii.gz
230124-11:18:27,846 nipype.interface INFO:
	 stderr 2023-01-24T11:18:27.846427:++ 3dTstat: AFNI version=AFNI_18.2.04 (Jul  6 2018) [64-bit]
230124-11:18:27,846 nipype.interface INFO:
	 stderr 2023-01-24T11:18:27.846427:++ Authored by: KR Hammett & RW Cox
230124-11:18:27,885 nipype.interface INFO:
	 stderr 2023-01-24T11:18:27.885722:** AFNI converts NIFTI_datatype=64 (FLOAT64) in file /projects/kuhl_lab/wanjiag/MONSTERA/derivatives/preprocess/sub-MONSTERA38/sub-MONSTERA38_task-10_desc-preproc_bold_trim6_denoise_z-scored.nii.gz to FLOAT32
230124-11:18:27,885 nipype.interface INFO:
	 stderr 2023-01-24T11:18:27.885722:     Warnings of this type will be muted for this session.
230124-11:18:27,885 nipype.interface INFO:
	 stderr 2023-01-24T11:18:27.885722:     Set AFNI_NIFTI_TYPE_WARN to YES to see them all, NO to see none.
230124-11:18:38,275 nipype.interface INFO:
	 stderr 2023-01-24T11:18:38.275723:++ Output dataset /projects/kuhl_lab/wanjiag/MONSTERA/derivatives/rois/sub-MONSTERA38/sub-MONSTERA38_task-10_desc-preproc_bold_trim6_denoise_z-scored_mean.nii.gz
calculating mean...output to /projects/kuhl_lab/wanjiag/MONSTERA/derivatives/rois/sub-MONSTERA38/sub-MONSTERA38_task-10_desc-preproc_bold_trim6_denoise_z-scored_mean.nii.gz
fslmaths /projects/kuhl_lab/wanjiag/MONSTERA/derivatives/rois/sub-MONSTERA38/sub-MONSTERA38_task-01_desc-preproc_bold_trim6_denoise_z-scored_mean.nii.gz -add /projects/kuhl_lab/wanjiag/MONSTERA/derivatives/rois/sub-MONSTERA38/sub-MONSTERA38_task-02_desc-preproc_bold_trim6_denoise_z-scored_mean.nii.gz -add /projects/kuhl_lab/wanjiag/MONSTERA/derivatives/rois/sub-MONSTERA38/sub-MONSTERA38_task-03_desc-preproc_bold_trim6_denoise_z-scored_mean.nii.gz -add /projects/kuhl_lab/wanjiag/MONSTERA/derivatives/rois/sub-MONSTERA38/sub-MONSTERA38_task-04_desc-preproc_bold_trim6_denoise_z-scored_mean.nii.gz -add /projects/kuhl_lab/wanjiag/MONSTERA/derivatives/rois/sub-MONSTERA38/sub-MONSTERA38_task-05_desc-preproc_bold_trim6_denoise_z-scored_mean.nii.gz -add /projects/kuhl_lab/wanjiag/MONSTERA/derivatives/rois/sub-MONSTERA38/sub-MONSTERA38_task-06_desc-preproc_bold_trim6_denoise_z-scored_mean.nii.gz -add /projects/kuhl_lab/wanjiag/MONSTERA/derivatives/rois/sub-MONSTERA38/sub-MONSTERA38_task-07_desc-preproc_bold_trim6_denoise_z-scored_mean.nii.gz -add /projects/kuhl_lab/wanjiag/MONSTERA/derivatives/rois/sub-MONSTERA38/sub-MONSTERA38_task-08_desc-preproc_bold_trim6_denoise_z-scored_mean.nii.gz -add /projects/kuhl_lab/wanjiag/MONSTERA/derivatives/rois/sub-MONSTERA38/sub-MONSTERA38_task-09_desc-preproc_bold_trim6_denoise_z-scored_mean.nii.gz -add /projects/kuhl_lab/wanjiag/MONSTERA/derivatives/rois/sub-MONSTERA38/sub-MONSTERA38_task-10_desc-preproc_bold_trim6_denoise_z-scored_mean.nii.gz -div 10 /projects/kuhl_lab/wanjiag/MONSTERA/derivatives/rois/sub-MONSTERA38/avg_all_fmriprerp_func.nii.gz
--------------------Angular Gyrus-------------------
fslmaths /projects/kuhl_lab/wanjiag/MONSTERA/derivatives/rois/sub-MONSTERA38/aparc.a2009s+aseg.nii.gz -thr 11125 -uthr 11125 /projects/kuhl_lab/wanjiag/MONSTERA/derivatives/rois/sub-MONSTERA38/ctx_lh_G_pariet_inf-Angular.nii.gz
fslmaths /projects/kuhl_lab/wanjiag/MONSTERA/derivatives/rois/sub-MONSTERA38/aparc.a2009s+aseg.nii.gz -thr 12125 -uthr 12125 /projects/kuhl_lab/wanjiag/MONSTERA/derivatives/rois/sub-MONSTERA38/ctx_rh_G_pariet_inf-Angular.nii.gz
fslmaths /projects/kuhl_lab/wanjiag/MONSTERA/derivatives/rois/sub-MONSTERA38/ctx_lh_G_pariet_inf-Angular.nii.gz -add /projects/kuhl_lab/wanjiag/MONSTERA/derivatives/rois/sub-MONSTERA38/ctx_rh_G_pariet_inf-Angular.nii.gz -bin /projects/kuhl_lab/wanjiag/MONSTERA/derivatives/rois/sub-MONSTERA38/angular_gyrus.nii.gz
flirt -in /projects/kuhl_lab/wanjiag/MONSTERA/derivatives/rois/sub-MONSTERA38/angular_gyrus.nii.gz -ref /projects/kuhl_lab/wanjiag/MONSTERA/derivatives/rois/sub-MONSTERA38/avg_all_fmriprerp_func.nii.gz -out /projects/kuhl_lab/wanjiag/MONSTERA/derivatives/rois/sub-MONSTERA38/angular_gyrus_2_epi.nii.gz -omat /projects/kuhl_lab/wanjiag/MONSTERA/derivatives/rois/sub-MONSTERA38/angular_gyrus_2_epi.mat -applyxfm -usesqform
fslmaths /projects/kuhl_lab/wanjiag/MONSTERA/derivatives/rois/sub-MONSTERA38/angular_gyrus_2_epi.nii.gz -thr 0.5000000000 -bin /projects/kuhl_lab/wanjiag/MONSTERA/derivatives/rois/sub-MONSTERA38/angular_gyrus_2_epi_thre_0.5.nii.gz
--------------------Whole Hippocampus-------------------
fslmaths /projects/kuhl_lab/wanjiag/MONSTERA/derivatives/rois/sub-MONSTERA38/run-5_desc-aparcaseg_dseg.nii.gz -thr 17 -uthr 17 /projects/kuhl_lab/wanjiag/MONSTERA/derivatives/rois/sub-MONSTERA38/Left-Hippocampus.nii.gz
fslmaths /projects/kuhl_lab/wanjiag/MONSTERA/derivatives/rois/sub-MONSTERA38/run-5_desc-aparcaseg_dseg.nii.gz -thr 53 -uthr 53 /projects/kuhl_lab/wanjiag/MONSTERA/derivatives/rois/sub-MONSTERA38/Right-Hippocampus.nii.gz
fslmaths /projects/kuhl_lab/wanjiag/MONSTERA/derivatives/rois/sub-MONSTERA38/Left-Hippocampus.nii.gz -add /projects/kuhl_lab/wanjiag/MONSTERA/derivatives/rois/sub-MONSTERA38/Right-Hippocampus.nii.gz -bin /projects/kuhl_lab/wanjiag/MONSTERA/derivatives/rois/sub-MONSTERA38/hippocampus.nii.gz
flirt -in /projects/kuhl_lab/wanjiag/MONSTERA/derivatives/rois/sub-MONSTERA38/hippocampus.nii.gz -ref /projects/kuhl_lab/wanjiag/MONSTERA/derivatives/rois/sub-MONSTERA38/avg_all_fmriprerp_func.nii.gz -out /projects/kuhl_lab/wanjiag/MONSTERA/derivatives/rois/sub-MONSTERA38/hippocampus_2_epi.nii.gz -omat /projects/kuhl_lab/wanjiag/MONSTERA/derivatives/rois/sub-MONSTERA38/hippocampus_2_epi.mat -applyxfm -usesqform
fslmaths /projects/kuhl_lab/wanjiag/MONSTERA/derivatives/rois/sub-MONSTERA38/hippocampus_2_epi.nii.gz -thr 0.5000000000 -bin /projects/kuhl_lab/wanjiag/MONSTERA/derivatives/rois/sub-MONSTERA38/hippocampus_2_epi_thre_0.5.nii.gz
--------------------PPA-------------------
/home/wanjiag/projects/MONSTERA/derivatives/rois/mni/ppa/ppa.nii.gz 
 /projects/kuhl_lab/wanjiag/MONSTERA/derivatives/rois/sub-MONSTERA38/avg_all_fmriprerp_func.nii.gz 
 /projects/kuhl_lab/wanjiag/MONSTERA/derivatives/fmriprep/sub-MONSTERA38/anat/sub-MONSTERA38_run-5_from-MNI152NLin2009cAsym_to-T1w_mode-image_xfm.h5 
 /projects/kuhl_lab/wanjiag/MONSTERA/derivatives/rois/sub-MONSTERA38
antsApplyTransforms --default-value 0 --dimensionality 3 --float 0 --input /home/wanjiag/projects/MONSTERA/derivatives/rois/mni/ppa/ppa.nii.gz --interpolation Linear --output /projects/kuhl_lab/wanjiag/MONSTERA/derivatives/rois/sub-MONSTERA38/ppa_mni_2_epi.nii.gz --reference-image /projects/kuhl_lab/wanjiag/MONSTERA/derivatives/rois/sub-MONSTERA38/avg_all_fmriprerp_func.nii.gz --transform /projects/kuhl_lab/wanjiag/MONSTERA/derivatives/fmriprep/sub-MONSTERA38/anat/sub-MONSTERA38_run-5_from-MNI152NLin2009cAsym_to-T1w_mode-image_xfm.h5
fslmaths /projects/kuhl_lab/wanjiag/MONSTERA/derivatives/rois/sub-MONSTERA38/ppa_mni_2_epi.nii.gz -thr 0.5000000000 -bin /projects/kuhl_lab/wanjiag/MONSTERA/derivatives/rois/sub-MONSTERA38/ppa_mni_2_epi_thr_0.5.nii.gz
--------------------EVC-------------------
/home/wanjiag/projects/MONSTERA/derivatives/rois/mni/visual_cortex/subj_vol_all 
 /projects/kuhl_lab/wanjiag/MONSTERA/derivatives/rois/sub-MONSTERA38/avg_all_fmriprerp_func.nii.gz 
 /projects/kuhl_lab/wanjiag/MONSTERA/derivatives/fmriprep/sub-MONSTERA38/anat/sub-MONSTERA38_run-5_from-MNI152NLin2009cAsym_to-T1w_mode-image_xfm.h5 
 /projects/kuhl_lab/wanjiag/MONSTERA/derivatives/rois/sub-MONSTERA38
antsApplyTransforms --default-value 0 --dimensionality 3 --float 0 --input /home/wanjiag/projects/MONSTERA/derivatives/rois/mni/visual_cortex/subj_vol_all/perc_VTPM_vol_roi1_lh.nii.gz --interpolation Linear --output /projects/kuhl_lab/wanjiag/MONSTERA/derivatives/rois/sub-MONSTERA38/perc_VTPM_vol_roi1_lh_2_epi.nii.gz --reference-image /projects/kuhl_lab/wanjiag/MONSTERA/derivatives/rois/sub-MONSTERA38/avg_all_fmriprerp_func.nii.gz --transform /projects/kuhl_lab/wanjiag/MONSTERA/derivatives/fmriprep/sub-MONSTERA38/anat/sub-MONSTERA38_run-5_from-MNI152NLin2009cAsym_to-T1w_mode-image_xfm.h5
fslmaths /projects/kuhl_lab/wanjiag/MONSTERA/derivatives/rois/sub-MONSTERA38/perc_VTPM_vol_roi1_lh_2_epi.nii.gz -thr 50.0000000000 -bin /projects/kuhl_lab/wanjiag/MONSTERA/derivatives/rois/sub-MONSTERA38/perc_VTPM_vol_roi1_lh_2_epi_thr_50.nii.gz
antsApplyTransforms --default-value 0 --dimensionality 3 --float 0 --input /home/wanjiag/projects/MONSTERA/derivatives/rois/mni/visual_cortex/subj_vol_all/perc_VTPM_vol_roi1_rh.nii.gz --interpolation Linear --output /projects/kuhl_lab/wanjiag/MONSTERA/derivatives/rois/sub-MONSTERA38/perc_VTPM_vol_roi1_rh_2_epi.nii.gz --reference-image /projects/kuhl_lab/wanjiag/MONSTERA/derivatives/rois/sub-MONSTERA38/avg_all_fmriprerp_func.nii.gz --transform /projects/kuhl_lab/wanjiag/MONSTERA/derivatives/fmriprep/sub-MONSTERA38/anat/sub-MONSTERA38_run-5_from-MNI152NLin2009cAsym_to-T1w_mode-image_xfm.h5
fslmaths /projects/kuhl_lab/wanjiag/MONSTERA/derivatives/rois/sub-MONSTERA38/perc_VTPM_vol_roi1_rh_2_epi.nii.gz -thr 50.0000000000 -bin /projects/kuhl_lab/wanjiag/MONSTERA/derivatives/rois/sub-MONSTERA38/perc_VTPM_vol_roi1_rh_2_epi_thr_50.nii.gz
antsApplyTransforms --default-value 0 --dimensionality 3 --float 0 --input /home/wanjiag/projects/MONSTERA/derivatives/rois/mni/visual_cortex/subj_vol_all/perc_VTPM_vol_roi2_lh.nii.gz --interpolation Linear --output /projects/kuhl_lab/wanjiag/MONSTERA/derivatives/rois/sub-MONSTERA38/perc_VTPM_vol_roi2_lh_2_epi.nii.gz --reference-image /projects/kuhl_lab/wanjiag/MONSTERA/derivatives/rois/sub-MONSTERA38/avg_all_fmriprerp_func.nii.gz --transform /projects/kuhl_lab/wanjiag/MONSTERA/derivatives/fmriprep/sub-MONSTERA38/anat/sub-MONSTERA38_run-5_from-MNI152NLin2009cAsym_to-T1w_mode-image_xfm.h5
fslmaths /projects/kuhl_lab/wanjiag/MONSTERA/derivatives/rois/sub-MONSTERA38/perc_VTPM_vol_roi2_lh_2_epi.nii.gz -thr 50.0000000000 -bin /projects/kuhl_lab/wanjiag/MONSTERA/derivatives/rois/sub-MONSTERA38/perc_VTPM_vol_roi2_lh_2_epi_thr_50.nii.gz
antsApplyTransforms --default-value 0 --dimensionality 3 --float 0 --input /home/wanjiag/projects/MONSTERA/derivatives/rois/mni/visual_cortex/subj_vol_all/perc_VTPM_vol_roi2_rh.nii.gz --interpolation Linear --output /projects/kuhl_lab/wanjiag/MONSTERA/derivatives/rois/sub-MONSTERA38/perc_VTPM_vol_roi2_rh_2_epi.nii.gz --reference-image /projects/kuhl_lab/wanjiag/MONSTERA/derivatives/rois/sub-MONSTERA38/avg_all_fmriprerp_func.nii.gz --transform /projects/kuhl_lab/wanjiag/MONSTERA/derivatives/fmriprep/sub-MONSTERA38/anat/sub-MONSTERA38_run-5_from-MNI152NLin2009cAsym_to-T1w_mode-image_xfm.h5
fslmaths /projects/kuhl_lab/wanjiag/MONSTERA/derivatives/rois/sub-MONSTERA38/perc_VTPM_vol_roi2_rh_2_epi.nii.gz -thr 50.0000000000 -bin /projects/kuhl_lab/wanjiag/MONSTERA/derivatives/rois/sub-MONSTERA38/perc_VTPM_vol_roi2_rh_2_epi_thr_50.nii.gz
fslmaths /projects/kuhl_lab/wanjiag/MONSTERA/derivatives/rois/sub-MONSTERA38/perc_VTPM_vol_roi1_lh_2_epi_thr_50.nii.gz -add /projects/kuhl_lab/wanjiag/MONSTERA/derivatives/rois/sub-MONSTERA38/perc_VTPM_vol_roi1_rh_2_epi_thr_50.nii.gz -add /projects/kuhl_lab/wanjiag/MONSTERA/derivatives/rois/sub-MONSTERA38/perc_VTPM_vol_roi2_lh_2_epi_thr_50.nii.gz -add /projects/kuhl_lab/wanjiag/MONSTERA/derivatives/rois/sub-MONSTERA38/perc_VTPM_vol_roi2_rh_2_epi_thr_50.nii.gz -bin /projects/kuhl_lab/wanjiag/MONSTERA/derivatives/rois/sub-MONSTERA38/evc_2_epi_thr_0.5.nii.gz
230124-11:18:57,368 nipype.utils WARNING:
	 A newer version (1.8.4) of nipy/nipype is available. You are using 1.7.1
flirt -in /home/wanjiag/projects/MONSTERA/derivatives/rois/ASHS/sub-MONSTERA38/tse.nii.gz -ref /home/wanjiag/projects/MONSTERA/derivatives/fmriprep/sub-MONSTERA38/anat/sub-MONSTERA38_run-5_desc-preproc_T1w.nii.gz -out /home/wanjiag/projects/MONSTERA/derivatives/rois/sub-MONSTERA38/ashs/T2_to_T1.nii.gz -omat /home/wanjiag/projects/MONSTERA/derivatives/rois/sub-MONSTERA38/ashs/T2_to_T1.mat -cost mutualinfo -dof 6
---------------------Whole hippocampus: sub-MONSTERA38----------------------
fslmaths /home/wanjiag/projects/MONSTERA/derivatives/rois/ASHS/sub-MONSTERA38/final/sub-MONSTERA38_left_lfseg_corr_nogray.nii.gz -thr 1 -uthr 1 -bin /home/wanjiag/projects/MONSTERA/derivatives/rois/sub-MONSTERA38/ashs/whole/left-ca1_T2w-space.nii.gz
fslmaths /home/wanjiag/projects/MONSTERA/derivatives/rois/ASHS/sub-MONSTERA38/final/sub-MONSTERA38_right_lfseg_corr_nogray.nii.gz -thr 1 -uthr 1 -bin /home/wanjiag/projects/MONSTERA/derivatives/rois/sub-MONSTERA38/ashs/whole/right-ca1_T2w-space.nii.gz
fslmaths /home/wanjiag/projects/MONSTERA/derivatives/rois/sub-MONSTERA38/ashs/whole/left-ca1_T2w-space.nii.gz -add /home/wanjiag/projects/MONSTERA/derivatives/rois/sub-MONSTERA38/ashs/whole/right-ca1_T2w-space.nii.gz /home/wanjiag/projects/MONSTERA/derivatives/rois/sub-MONSTERA38/ashs/whole/ca1_T2w-space.nii.gz
flirt -in /home/wanjiag/projects/MONSTERA/derivatives/rois/sub-MONSTERA38/ashs/whole/ca1_T2w-space.nii.gz -ref /home/wanjiag/projects/MONSTERA/derivatives/fmriprep/sub-MONSTERA38/anat/sub-MONSTERA38_run-5_desc-preproc_T1w.nii.gz -out /home/wanjiag/projects/MONSTERA/derivatives/rois/sub-MONSTERA38/ashs/whole/ca1_T2w-to-T1-space.nii.gz -omat /home/wanjiag/projects/MONSTERA/derivatives/rois/sub-MONSTERA38/ashs/whole/ca1_T2w-to-T1-space.mat -applyxfm -init /home/wanjiag/projects/MONSTERA/derivatives/rois/sub-MONSTERA38/ashs/T2_to_T1.mat
flirt -in /home/wanjiag/projects/MONSTERA/derivatives/rois/sub-MONSTERA38/ashs/whole/ca1_T2w-to-T1-space.nii.gz -ref /home/wanjiag/projects/MONSTERA/derivatives/rois/sub-MONSTERA38/avg_all_fmriprerp_func.nii.gz -out /home/wanjiag/projects/MONSTERA/derivatives/rois/sub-MONSTERA38/ashs/whole/ca1_epi-space.nii.gz -omat /home/wanjiag/projects/MONSTERA/derivatives/rois/sub-MONSTERA38/ashs/whole/ca1_epi-space.mat -applyxfm -usesqform
fslmaths /home/wanjiag/projects/MONSTERA/derivatives/rois/sub-MONSTERA38/ashs/whole/ca1_epi-space.nii.gz -thr 0.5000000000 -bin /home/wanjiag/projects/MONSTERA/derivatives/rois/sub-MONSTERA38/ashs/whole/ca1_epi-space_thre_0.5.nii.gz
fslmaths /home/wanjiag/projects/MONSTERA/derivatives/rois/ASHS/sub-MONSTERA38/final/sub-MONSTERA38_left_lfseg_corr_nogray.nii.gz -thr 2 -uthr 4 -bin /home/wanjiag/projects/MONSTERA/derivatives/rois/sub-MONSTERA38/ashs/whole/left-ca23dg_T2w-space.nii.gz
fslmaths /home/wanjiag/projects/MONSTERA/derivatives/rois/ASHS/sub-MONSTERA38/final/sub-MONSTERA38_right_lfseg_corr_nogray.nii.gz -thr 2 -uthr 4 -bin /home/wanjiag/projects/MONSTERA/derivatives/rois/sub-MONSTERA38/ashs/whole/right-ca23dg_T2w-space.nii.gz
fslmaths /home/wanjiag/projects/MONSTERA/derivatives/rois/sub-MONSTERA38/ashs/whole/left-ca23dg_T2w-space.nii.gz -add /home/wanjiag/projects/MONSTERA/derivatives/rois/sub-MONSTERA38/ashs/whole/right-ca23dg_T2w-space.nii.gz /home/wanjiag/projects/MONSTERA/derivatives/rois/sub-MONSTERA38/ashs/whole/ca23dg_T2w-space.nii.gz
flirt -in /home/wanjiag/projects/MONSTERA/derivatives/rois/sub-MONSTERA38/ashs/whole/ca23dg_T2w-space.nii.gz -ref /home/wanjiag/projects/MONSTERA/derivatives/fmriprep/sub-MONSTERA38/anat/sub-MONSTERA38_run-5_desc-preproc_T1w.nii.gz -out /home/wanjiag/projects/MONSTERA/derivatives/rois/sub-MONSTERA38/ashs/whole/ca23dg_T2w-to-T1-space.nii.gz -omat /home/wanjiag/projects/MONSTERA/derivatives/rois/sub-MONSTERA38/ashs/whole/ca23dg_T2w-to-T1-space.mat -applyxfm -init /home/wanjiag/projects/MONSTERA/derivatives/rois/sub-MONSTERA38/ashs/T2_to_T1.mat
flirt -in /home/wanjiag/projects/MONSTERA/derivatives/rois/sub-MONSTERA38/ashs/whole/ca23dg_T2w-to-T1-space.nii.gz -ref /home/wanjiag/projects/MONSTERA/derivatives/rois/sub-MONSTERA38/avg_all_fmriprerp_func.nii.gz -out /home/wanjiag/projects/MONSTERA/derivatives/rois/sub-MONSTERA38/ashs/whole/ca23dg_epi-space.nii.gz -omat /home/wanjiag/projects/MONSTERA/derivatives/rois/sub-MONSTERA38/ashs/whole/ca23dg_epi-space.mat -applyxfm -usesqform
fslmaths /home/wanjiag/projects/MONSTERA/derivatives/rois/sub-MONSTERA38/ashs/whole/ca23dg_epi-space.nii.gz -thr 0.5000000000 -bin /home/wanjiag/projects/MONSTERA/derivatives/rois/sub-MONSTERA38/ashs/whole/ca23dg_epi-space_thre_0.5.nii.gz
---------------------Hippocampus body: sub-MONSTERA38----------------------
fslroi /home/wanjiag/projects/MONSTERA/derivatives/rois/ASHS/sub-MONSTERA38/final/sub-MONSTERA38_left_lfseg_corr_nogray.nii.gz /home/wanjiag/projects/MONSTERA/derivatives/rois/sub-MONSTERA38/ashs/body/sub-MONSTERA38_left_body_nogray.nii.gz 0 -1 0 -1 32 12
fslroi /home/wanjiag/projects/MONSTERA/derivatives/rois/ASHS/empty_t2.nii.gz /home/wanjiag/projects/MONSTERA/derivatives/rois/sub-MONSTERA38/ashs/body/front_empty.nii.gz 0 -1 0 -1 0 31
fslroi /home/wanjiag/projects/MONSTERA/derivatives/rois/ASHS/empty_t2.nii.gz /home/wanjiag/projects/MONSTERA/derivatives/rois/sub-MONSTERA38/ashs/body/end_empty.nii.gz 0 -1 0 -1 0 22
fslroi /home/wanjiag/projects/MONSTERA/derivatives/rois/ASHS/sub-MONSTERA38/final/sub-MONSTERA38_right_lfseg_corr_nogray.nii.gz /home/wanjiag/projects/MONSTERA/derivatives/rois/sub-MONSTERA38/ashs/body/sub-MONSTERA38_right_body_nogray.nii.gz 0 -1 0 -1 32 12
fslroi /home/wanjiag/projects/MONSTERA/derivatives/rois/ASHS/empty_t2.nii.gz /home/wanjiag/projects/MONSTERA/derivatives/rois/sub-MONSTERA38/ashs/body/front_empty.nii.gz 0 -1 0 -1 0 31
fslroi /home/wanjiag/projects/MONSTERA/derivatives/rois/ASHS/empty_t2.nii.gz /home/wanjiag/projects/MONSTERA/derivatives/rois/sub-MONSTERA38/ashs/body/end_empty.nii.gz 0 -1 0 -1 0 22
fslmaths /home/wanjiag/projects/MONSTERA/derivatives/rois/sub-MONSTERA38/ashs/body/sub-MONSTERA38_left_body_nogray.nii.gz -thr 1 -uthr 1 -bin /home/wanjiag/projects/MONSTERA/derivatives/rois/sub-MONSTERA38/ashs/body/left-ca1-body_T2w-space.nii.gz
fslmaths /home/wanjiag/projects/MONSTERA/derivatives/rois/sub-MONSTERA38/ashs/body/sub-MONSTERA38_right_body_nogray.nii.gz -thr 1 -uthr 1 -bin /home/wanjiag/projects/MONSTERA/derivatives/rois/sub-MONSTERA38/ashs/body/right-ca1-body_T2w-space.nii.gz
fslmaths /home/wanjiag/projects/MONSTERA/derivatives/rois/sub-MONSTERA38/ashs/body/left-ca1-body_T2w-space.nii.gz -add /home/wanjiag/projects/MONSTERA/derivatives/rois/sub-MONSTERA38/ashs/body/right-ca1-body_T2w-space.nii.gz /home/wanjiag/projects/MONSTERA/derivatives/rois/sub-MONSTERA38/ashs/body/ca1-body_T2w-space.nii.gz
flirt -in /home/wanjiag/projects/MONSTERA/derivatives/rois/sub-MONSTERA38/ashs/body/ca1-body_T2w-space.nii.gz -ref /home/wanjiag/projects/MONSTERA/derivatives/fmriprep/sub-MONSTERA38/anat/sub-MONSTERA38_run-5_desc-preproc_T1w.nii.gz -out /home/wanjiag/projects/MONSTERA/derivatives/rois/sub-MONSTERA38/ashs/body/ca1-body_T2w-to-T1-space.nii.gz -omat /home/wanjiag/projects/MONSTERA/derivatives/rois/sub-MONSTERA38/ashs/body/ca1-body_T2w-to-T1-space.mat -applyxfm -init /home/wanjiag/projects/MONSTERA/derivatives/rois/sub-MONSTERA38/ashs/T2_to_T1.mat
flirt -in /home/wanjiag/projects/MONSTERA/derivatives/rois/sub-MONSTERA38/ashs/body/ca1-body_T2w-to-T1-space.nii.gz -ref /home/wanjiag/projects/MONSTERA/derivatives/rois/sub-MONSTERA38/avg_all_fmriprerp_func.nii.gz -out /home/wanjiag/projects/MONSTERA/derivatives/rois/sub-MONSTERA38/ashs/body/ca1-body_epi-space.nii.gz -omat /home/wanjiag/projects/MONSTERA/derivatives/rois/sub-MONSTERA38/ashs/body/ca1-body_epi-space.mat -applyxfm -usesqform
fslmaths /home/wanjiag/projects/MONSTERA/derivatives/rois/sub-MONSTERA38/ashs/body/ca1-body_epi-space.nii.gz -thr 0.5000000000 -bin /home/wanjiag/projects/MONSTERA/derivatives/rois/sub-MONSTERA38/ashs/body/ca1-body_epi-space_thre_0.5.nii.gz
fslmaths /home/wanjiag/projects/MONSTERA/derivatives/rois/sub-MONSTERA38/ashs/body/sub-MONSTERA38_left_body_nogray.nii.gz -thr 2 -uthr 4 -bin /home/wanjiag/projects/MONSTERA/derivatives/rois/sub-MONSTERA38/ashs/body/left-ca23dg-body_T2w-space.nii.gz
fslmaths /home/wanjiag/projects/MONSTERA/derivatives/rois/sub-MONSTERA38/ashs/body/sub-MONSTERA38_right_body_nogray.nii.gz -thr 2 -uthr 4 -bin /home/wanjiag/projects/MONSTERA/derivatives/rois/sub-MONSTERA38/ashs/body/right-ca23dg-body_T2w-space.nii.gz
fslmaths /home/wanjiag/projects/MONSTERA/derivatives/rois/sub-MONSTERA38/ashs/body/left-ca23dg-body_T2w-space.nii.gz -add /home/wanjiag/projects/MONSTERA/derivatives/rois/sub-MONSTERA38/ashs/body/right-ca23dg-body_T2w-space.nii.gz /home/wanjiag/projects/MONSTERA/derivatives/rois/sub-MONSTERA38/ashs/body/ca23dg-body_T2w-space.nii.gz
flirt -in /home/wanjiag/projects/MONSTERA/derivatives/rois/sub-MONSTERA38/ashs/body/ca23dg-body_T2w-space.nii.gz -ref /home/wanjiag/projects/MONSTERA/derivatives/fmriprep/sub-MONSTERA38/anat/sub-MONSTERA38_run-5_desc-preproc_T1w.nii.gz -out /home/wanjiag/projects/MONSTERA/derivatives/rois/sub-MONSTERA38/ashs/body/ca23dg-body_T2w-to-T1-space.nii.gz -omat /home/wanjiag/projects/MONSTERA/derivatives/rois/sub-MONSTERA38/ashs/body/ca23dg-body_T2w-to-T1-space.mat -applyxfm -init /home/wanjiag/projects/MONSTERA/derivatives/rois/sub-MONSTERA38/ashs/T2_to_T1.mat
flirt -in /home/wanjiag/projects/MONSTERA/derivatives/rois/sub-MONSTERA38/ashs/body/ca23dg-body_T2w-to-T1-space.nii.gz -ref /home/wanjiag/projects/MONSTERA/derivatives/rois/sub-MONSTERA38/avg_all_fmriprerp_func.nii.gz -out /home/wanjiag/projects/MONSTERA/derivatives/rois/sub-MONSTERA38/ashs/body/ca23dg-body_epi-space.nii.gz -omat /home/wanjiag/projects/MONSTERA/derivatives/rois/sub-MONSTERA38/ashs/body/ca23dg-body_epi-space.mat -applyxfm -usesqform
fslmaths /home/wanjiag/projects/MONSTERA/derivatives/rois/sub-MONSTERA38/ashs/body/ca23dg-body_epi-space.nii.gz -thr 0.5000000000 -bin /home/wanjiag/projects/MONSTERA/derivatives/rois/sub-MONSTERA38/ashs/body/ca23dg-body_epi-space_thre_0.5.nii.gz
