--------------------sub-MONSTERA15-------------------
/projects/kuhl_lab/wanjiag/MONSTERA/derivatives/rois/sub-MONSTERA15
/projects/kuhl_lab/wanjiag/MONSTERA/derivatives/fmriprep/sourcedata/freesurfer/sub-MONSTERA15/mri/aparc.a2009s+aseg.mgz
/projects/kuhl_lab/wanjiag/MONSTERA/derivatives/rois/sub-MONSTERA15/aparc.a2009s+aseg.nii.gz
/projects/kuhl_lab/wanjiag/MONSTERA/derivatives/fmriprep/sub-MONSTERA15/anat/sub-MONSTERA15_run-5_desc-aparcaseg_dseg.nii.gz
/projects/kuhl_lab/wanjiag/MONSTERA/derivatives/rois/sub-MONSTERA15/run-5_desc-aparcaseg_dseg.nii.gz
calculating mean......
220914-17:25:15,697 nipype.utils WARNING:
	 A newer version (1.8.4) of nipy/nipype is available. You are using 1.7.1
3dTstat -mean -prefix /projects/kuhl_lab/wanjiag/MONSTERA/derivatives/rois/sub-MONSTERA15/sub-MONSTERA15_task-01_desc-preproc_bold_trim6_denoise_z-scored_mean.nii.gz /projects/kuhl_lab/wanjiag/MONSTERA/derivatives/preprocess/sub-MONSTERA15/sub-MONSTERA15_task-01_desc-preproc_bold_trim6_denoise_z-scored.nii.gz
220914-17:25:15,812 nipype.interface INFO:
	 stderr 2022-09-14T17:25:15.812498:++ 3dTstat: AFNI version=AFNI_18.2.04 (Jul  6 2018) [64-bit]
220914-17:25:15,812 nipype.interface INFO:
	 stderr 2022-09-14T17:25:15.812498:++ Authored by: KR Hammett & RW Cox
220914-17:25:15,851 nipype.interface INFO:
	 stderr 2022-09-14T17:25:15.851345:** AFNI converts NIFTI_datatype=64 (FLOAT64) in file /projects/kuhl_lab/wanjiag/MONSTERA/derivatives/preprocess/sub-MONSTERA15/sub-MONSTERA15_task-01_desc-preproc_bold_trim6_denoise_z-scored.nii.gz to FLOAT32
220914-17:25:15,851 nipype.interface INFO:
	 stderr 2022-09-14T17:25:15.851345:     Warnings of this type will be muted for this session.
220914-17:25:15,851 nipype.interface INFO:
	 stderr 2022-09-14T17:25:15.851345:     Set AFNI_NIFTI_TYPE_WARN to YES to see them all, NO to see none.
220914-17:25:27,94 nipype.interface INFO:
	 stderr 2022-09-14T17:25:27.094912:++ Output dataset /projects/kuhl_lab/wanjiag/MONSTERA/derivatives/rois/sub-MONSTERA15/sub-MONSTERA15_task-01_desc-preproc_bold_trim6_denoise_z-scored_mean.nii.gz
calculating mean...output to /projects/kuhl_lab/wanjiag/MONSTERA/derivatives/rois/sub-MONSTERA15/sub-MONSTERA15_task-01_desc-preproc_bold_trim6_denoise_z-scored_mean.nii.gz
calculating mean......
3dTstat -mean -prefix /projects/kuhl_lab/wanjiag/MONSTERA/derivatives/rois/sub-MONSTERA15/sub-MONSTERA15_task-02_desc-preproc_bold_trim6_denoise_z-scored_mean.nii.gz /projects/kuhl_lab/wanjiag/MONSTERA/derivatives/preprocess/sub-MONSTERA15/sub-MONSTERA15_task-02_desc-preproc_bold_trim6_denoise_z-scored.nii.gz
220914-17:25:27,174 nipype.interface INFO:
	 stderr 2022-09-14T17:25:27.174801:++ 3dTstat: AFNI version=AFNI_18.2.04 (Jul  6 2018) [64-bit]
220914-17:25:27,175 nipype.interface INFO:
	 stderr 2022-09-14T17:25:27.174801:++ Authored by: KR Hammett & RW Cox
220914-17:25:27,208 nipype.interface INFO:
	 stderr 2022-09-14T17:25:27.208346:** AFNI converts NIFTI_datatype=64 (FLOAT64) in file /projects/kuhl_lab/wanjiag/MONSTERA/derivatives/preprocess/sub-MONSTERA15/sub-MONSTERA15_task-02_desc-preproc_bold_trim6_denoise_z-scored.nii.gz to FLOAT32
220914-17:25:27,208 nipype.interface INFO:
	 stderr 2022-09-14T17:25:27.208346:     Warnings of this type will be muted for this session.
220914-17:25:27,208 nipype.interface INFO:
	 stderr 2022-09-14T17:25:27.208346:     Set AFNI_NIFTI_TYPE_WARN to YES to see them all, NO to see none.
220914-17:25:38,419 nipype.interface INFO:
	 stderr 2022-09-14T17:25:38.419144:++ Output dataset /projects/kuhl_lab/wanjiag/MONSTERA/derivatives/rois/sub-MONSTERA15/sub-MONSTERA15_task-02_desc-preproc_bold_trim6_denoise_z-scored_mean.nii.gz
calculating mean...output to /projects/kuhl_lab/wanjiag/MONSTERA/derivatives/rois/sub-MONSTERA15/sub-MONSTERA15_task-02_desc-preproc_bold_trim6_denoise_z-scored_mean.nii.gz
calculating mean......
3dTstat -mean -prefix /projects/kuhl_lab/wanjiag/MONSTERA/derivatives/rois/sub-MONSTERA15/sub-MONSTERA15_task-03_desc-preproc_bold_trim6_denoise_z-scored_mean.nii.gz /projects/kuhl_lab/wanjiag/MONSTERA/derivatives/preprocess/sub-MONSTERA15/sub-MONSTERA15_task-03_desc-preproc_bold_trim6_denoise_z-scored.nii.gz
220914-17:25:38,497 nipype.interface INFO:
	 stderr 2022-09-14T17:25:38.497249:++ 3dTstat: AFNI version=AFNI_18.2.04 (Jul  6 2018) [64-bit]
220914-17:25:38,498 nipype.interface INFO:
	 stderr 2022-09-14T17:25:38.497249:++ Authored by: KR Hammett & RW Cox
220914-17:25:38,532 nipype.interface INFO:
	 stderr 2022-09-14T17:25:38.532343:** AFNI converts NIFTI_datatype=64 (FLOAT64) in file /projects/kuhl_lab/wanjiag/MONSTERA/derivatives/preprocess/sub-MONSTERA15/sub-MONSTERA15_task-03_desc-preproc_bold_trim6_denoise_z-scored.nii.gz to FLOAT32
220914-17:25:38,532 nipype.interface INFO:
	 stderr 2022-09-14T17:25:38.532343:     Warnings of this type will be muted for this session.
220914-17:25:38,532 nipype.interface INFO:
	 stderr 2022-09-14T17:25:38.532343:     Set AFNI_NIFTI_TYPE_WARN to YES to see them all, NO to see none.
220914-17:25:49,745 nipype.interface INFO:
	 stderr 2022-09-14T17:25:49.745210:++ Output dataset /projects/kuhl_lab/wanjiag/MONSTERA/derivatives/rois/sub-MONSTERA15/sub-MONSTERA15_task-03_desc-preproc_bold_trim6_denoise_z-scored_mean.nii.gz
calculating mean...output to /projects/kuhl_lab/wanjiag/MONSTERA/derivatives/rois/sub-MONSTERA15/sub-MONSTERA15_task-03_desc-preproc_bold_trim6_denoise_z-scored_mean.nii.gz
calculating mean......
3dTstat -mean -prefix /projects/kuhl_lab/wanjiag/MONSTERA/derivatives/rois/sub-MONSTERA15/sub-MONSTERA15_task-04_desc-preproc_bold_trim6_denoise_z-scored_mean.nii.gz /projects/kuhl_lab/wanjiag/MONSTERA/derivatives/preprocess/sub-MONSTERA15/sub-MONSTERA15_task-04_desc-preproc_bold_trim6_denoise_z-scored.nii.gz
220914-17:25:49,822 nipype.interface INFO:
	 stderr 2022-09-14T17:25:49.822357:++ 3dTstat: AFNI version=AFNI_18.2.04 (Jul  6 2018) [64-bit]
220914-17:25:49,822 nipype.interface INFO:
	 stderr 2022-09-14T17:25:49.822357:++ Authored by: KR Hammett & RW Cox
220914-17:25:49,861 nipype.interface INFO:
	 stderr 2022-09-14T17:25:49.861344:** AFNI converts NIFTI_datatype=64 (FLOAT64) in file /projects/kuhl_lab/wanjiag/MONSTERA/derivatives/preprocess/sub-MONSTERA15/sub-MONSTERA15_task-04_desc-preproc_bold_trim6_denoise_z-scored.nii.gz to FLOAT32
220914-17:25:49,861 nipype.interface INFO:
	 stderr 2022-09-14T17:25:49.861344:     Warnings of this type will be muted for this session.
220914-17:25:49,861 nipype.interface INFO:
	 stderr 2022-09-14T17:25:49.861344:     Set AFNI_NIFTI_TYPE_WARN to YES to see them all, NO to see none.
220914-17:26:01,73 nipype.interface INFO:
	 stderr 2022-09-14T17:26:01.073425:++ Output dataset /projects/kuhl_lab/wanjiag/MONSTERA/derivatives/rois/sub-MONSTERA15/sub-MONSTERA15_task-04_desc-preproc_bold_trim6_denoise_z-scored_mean.nii.gz
calculating mean...output to /projects/kuhl_lab/wanjiag/MONSTERA/derivatives/rois/sub-MONSTERA15/sub-MONSTERA15_task-04_desc-preproc_bold_trim6_denoise_z-scored_mean.nii.gz
calculating mean......
3dTstat -mean -prefix /projects/kuhl_lab/wanjiag/MONSTERA/derivatives/rois/sub-MONSTERA15/sub-MONSTERA15_task-05_desc-preproc_bold_trim6_denoise_z-scored_mean.nii.gz /projects/kuhl_lab/wanjiag/MONSTERA/derivatives/preprocess/sub-MONSTERA15/sub-MONSTERA15_task-05_desc-preproc_bold_trim6_denoise_z-scored.nii.gz
220914-17:26:01,151 nipype.interface INFO:
	 stderr 2022-09-14T17:26:01.151487:++ 3dTstat: AFNI version=AFNI_18.2.04 (Jul  6 2018) [64-bit]
220914-17:26:01,151 nipype.interface INFO:
	 stderr 2022-09-14T17:26:01.151487:++ Authored by: KR Hammett & RW Cox
220914-17:26:01,190 nipype.interface INFO:
	 stderr 2022-09-14T17:26:01.190341:** AFNI converts NIFTI_datatype=64 (FLOAT64) in file /projects/kuhl_lab/wanjiag/MONSTERA/derivatives/preprocess/sub-MONSTERA15/sub-MONSTERA15_task-05_desc-preproc_bold_trim6_denoise_z-scored.nii.gz to FLOAT32
220914-17:26:01,190 nipype.interface INFO:
	 stderr 2022-09-14T17:26:01.190341:     Warnings of this type will be muted for this session.
220914-17:26:01,190 nipype.interface INFO:
	 stderr 2022-09-14T17:26:01.190341:     Set AFNI_NIFTI_TYPE_WARN to YES to see them all, NO to see none.
220914-17:26:12,462 nipype.interface INFO:
	 stderr 2022-09-14T17:26:12.462333:++ Output dataset /projects/kuhl_lab/wanjiag/MONSTERA/derivatives/rois/sub-MONSTERA15/sub-MONSTERA15_task-05_desc-preproc_bold_trim6_denoise_z-scored_mean.nii.gz
calculating mean...output to /projects/kuhl_lab/wanjiag/MONSTERA/derivatives/rois/sub-MONSTERA15/sub-MONSTERA15_task-05_desc-preproc_bold_trim6_denoise_z-scored_mean.nii.gz
calculating mean......
3dTstat -mean -prefix /projects/kuhl_lab/wanjiag/MONSTERA/derivatives/rois/sub-MONSTERA15/sub-MONSTERA15_task-06_desc-preproc_bold_trim6_denoise_z-scored_mean.nii.gz /projects/kuhl_lab/wanjiag/MONSTERA/derivatives/preprocess/sub-MONSTERA15/sub-MONSTERA15_task-06_desc-preproc_bold_trim6_denoise_z-scored.nii.gz
220914-17:26:12,542 nipype.interface INFO:
	 stderr 2022-09-14T17:26:12.542291:++ 3dTstat: AFNI version=AFNI_18.2.04 (Jul  6 2018) [64-bit]
220914-17:26:12,542 nipype.interface INFO:
	 stderr 2022-09-14T17:26:12.542291:++ Authored by: KR Hammett & RW Cox
220914-17:26:12,585 nipype.interface INFO:
	 stderr 2022-09-14T17:26:12.585344:** AFNI converts NIFTI_datatype=64 (FLOAT64) in file /projects/kuhl_lab/wanjiag/MONSTERA/derivatives/preprocess/sub-MONSTERA15/sub-MONSTERA15_task-06_desc-preproc_bold_trim6_denoise_z-scored.nii.gz to FLOAT32
220914-17:26:12,585 nipype.interface INFO:
	 stderr 2022-09-14T17:26:12.585344:     Warnings of this type will be muted for this session.
220914-17:26:12,585 nipype.interface INFO:
	 stderr 2022-09-14T17:26:12.585344:     Set AFNI_NIFTI_TYPE_WARN to YES to see them all, NO to see none.
220914-17:26:23,926 nipype.interface INFO:
	 stderr 2022-09-14T17:26:23.926351:++ Output dataset /projects/kuhl_lab/wanjiag/MONSTERA/derivatives/rois/sub-MONSTERA15/sub-MONSTERA15_task-06_desc-preproc_bold_trim6_denoise_z-scored_mean.nii.gz
calculating mean...output to /projects/kuhl_lab/wanjiag/MONSTERA/derivatives/rois/sub-MONSTERA15/sub-MONSTERA15_task-06_desc-preproc_bold_trim6_denoise_z-scored_mean.nii.gz
calculating mean......
3dTstat -mean -prefix /projects/kuhl_lab/wanjiag/MONSTERA/derivatives/rois/sub-MONSTERA15/sub-MONSTERA15_task-07_desc-preproc_bold_trim6_denoise_z-scored_mean.nii.gz /projects/kuhl_lab/wanjiag/MONSTERA/derivatives/preprocess/sub-MONSTERA15/sub-MONSTERA15_task-07_desc-preproc_bold_trim6_denoise_z-scored.nii.gz
220914-17:26:24,10 nipype.interface INFO:
	 stderr 2022-09-14T17:26:24.010702:++ 3dTstat: AFNI version=AFNI_18.2.04 (Jul  6 2018) [64-bit]
220914-17:26:24,10 nipype.interface INFO:
	 stderr 2022-09-14T17:26:24.010702:++ Authored by: KR Hammett & RW Cox
220914-17:26:24,55 nipype.interface INFO:
	 stderr 2022-09-14T17:26:24.055342:** AFNI converts NIFTI_datatype=64 (FLOAT64) in file /projects/kuhl_lab/wanjiag/MONSTERA/derivatives/preprocess/sub-MONSTERA15/sub-MONSTERA15_task-07_desc-preproc_bold_trim6_denoise_z-scored.nii.gz to FLOAT32
220914-17:26:24,55 nipype.interface INFO:
	 stderr 2022-09-14T17:26:24.055342:     Warnings of this type will be muted for this session.
220914-17:26:24,55 nipype.interface INFO:
	 stderr 2022-09-14T17:26:24.055342:     Set AFNI_NIFTI_TYPE_WARN to YES to see them all, NO to see none.
220914-17:26:35,362 nipype.interface INFO:
	 stderr 2022-09-14T17:26:35.362450:++ Output dataset /projects/kuhl_lab/wanjiag/MONSTERA/derivatives/rois/sub-MONSTERA15/sub-MONSTERA15_task-07_desc-preproc_bold_trim6_denoise_z-scored_mean.nii.gz
calculating mean...output to /projects/kuhl_lab/wanjiag/MONSTERA/derivatives/rois/sub-MONSTERA15/sub-MONSTERA15_task-07_desc-preproc_bold_trim6_denoise_z-scored_mean.nii.gz
calculating mean......
3dTstat -mean -prefix /projects/kuhl_lab/wanjiag/MONSTERA/derivatives/rois/sub-MONSTERA15/sub-MONSTERA15_task-08_desc-preproc_bold_trim6_denoise_z-scored_mean.nii.gz /projects/kuhl_lab/wanjiag/MONSTERA/derivatives/preprocess/sub-MONSTERA15/sub-MONSTERA15_task-08_desc-preproc_bold_trim6_denoise_z-scored.nii.gz
220914-17:26:35,441 nipype.interface INFO:
	 stderr 2022-09-14T17:26:35.441078:++ 3dTstat: AFNI version=AFNI_18.2.04 (Jul  6 2018) [64-bit]
220914-17:26:35,441 nipype.interface INFO:
	 stderr 2022-09-14T17:26:35.441078:++ Authored by: KR Hammett & RW Cox
220914-17:26:35,479 nipype.interface INFO:
	 stderr 2022-09-14T17:26:35.479342:** AFNI converts NIFTI_datatype=64 (FLOAT64) in file /projects/kuhl_lab/wanjiag/MONSTERA/derivatives/preprocess/sub-MONSTERA15/sub-MONSTERA15_task-08_desc-preproc_bold_trim6_denoise_z-scored.nii.gz to FLOAT32
220914-17:26:35,479 nipype.interface INFO:
	 stderr 2022-09-14T17:26:35.479342:     Warnings of this type will be muted for this session.
220914-17:26:35,479 nipype.interface INFO:
	 stderr 2022-09-14T17:26:35.479342:     Set AFNI_NIFTI_TYPE_WARN to YES to see them all, NO to see none.
220914-17:26:46,765 nipype.interface INFO:
	 stderr 2022-09-14T17:26:46.765333:++ Output dataset /projects/kuhl_lab/wanjiag/MONSTERA/derivatives/rois/sub-MONSTERA15/sub-MONSTERA15_task-08_desc-preproc_bold_trim6_denoise_z-scored_mean.nii.gz
calculating mean...output to /projects/kuhl_lab/wanjiag/MONSTERA/derivatives/rois/sub-MONSTERA15/sub-MONSTERA15_task-08_desc-preproc_bold_trim6_denoise_z-scored_mean.nii.gz
calculating mean......
3dTstat -mean -prefix /projects/kuhl_lab/wanjiag/MONSTERA/derivatives/rois/sub-MONSTERA15/sub-MONSTERA15_task-09_desc-preproc_bold_trim6_denoise_z-scored_mean.nii.gz /projects/kuhl_lab/wanjiag/MONSTERA/derivatives/preprocess/sub-MONSTERA15/sub-MONSTERA15_task-09_desc-preproc_bold_trim6_denoise_z-scored.nii.gz
220914-17:26:46,844 nipype.interface INFO:
	 stderr 2022-09-14T17:26:46.844246:++ 3dTstat: AFNI version=AFNI_18.2.04 (Jul  6 2018) [64-bit]
220914-17:26:46,844 nipype.interface INFO:
	 stderr 2022-09-14T17:26:46.844246:++ Authored by: KR Hammett & RW Cox
220914-17:26:46,879 nipype.interface INFO:
	 stderr 2022-09-14T17:26:46.879341:** AFNI converts NIFTI_datatype=64 (FLOAT64) in file /projects/kuhl_lab/wanjiag/MONSTERA/derivatives/preprocess/sub-MONSTERA15/sub-MONSTERA15_task-09_desc-preproc_bold_trim6_denoise_z-scored.nii.gz to FLOAT32
220914-17:26:46,879 nipype.interface INFO:
	 stderr 2022-09-14T17:26:46.879341:     Warnings of this type will be muted for this session.
220914-17:26:46,879 nipype.interface INFO:
	 stderr 2022-09-14T17:26:46.879341:     Set AFNI_NIFTI_TYPE_WARN to YES to see them all, NO to see none.
220914-17:26:58,190 nipype.interface INFO:
	 stderr 2022-09-14T17:26:58.190345:++ Output dataset /projects/kuhl_lab/wanjiag/MONSTERA/derivatives/rois/sub-MONSTERA15/sub-MONSTERA15_task-09_desc-preproc_bold_trim6_denoise_z-scored_mean.nii.gz
calculating mean...output to /projects/kuhl_lab/wanjiag/MONSTERA/derivatives/rois/sub-MONSTERA15/sub-MONSTERA15_task-09_desc-preproc_bold_trim6_denoise_z-scored_mean.nii.gz
calculating mean......
3dTstat -mean -prefix /projects/kuhl_lab/wanjiag/MONSTERA/derivatives/rois/sub-MONSTERA15/sub-MONSTERA15_task-10_desc-preproc_bold_trim6_denoise_z-scored_mean.nii.gz /projects/kuhl_lab/wanjiag/MONSTERA/derivatives/preprocess/sub-MONSTERA15/sub-MONSTERA15_task-10_desc-preproc_bold_trim6_denoise_z-scored.nii.gz
220914-17:26:58,271 nipype.interface INFO:
	 stderr 2022-09-14T17:26:58.271727:++ 3dTstat: AFNI version=AFNI_18.2.04 (Jul  6 2018) [64-bit]
220914-17:26:58,271 nipype.interface INFO:
	 stderr 2022-09-14T17:26:58.271727:++ Authored by: KR Hammett & RW Cox
220914-17:26:58,308 nipype.interface INFO:
	 stderr 2022-09-14T17:26:58.308342:** AFNI converts NIFTI_datatype=64 (FLOAT64) in file /projects/kuhl_lab/wanjiag/MONSTERA/derivatives/preprocess/sub-MONSTERA15/sub-MONSTERA15_task-10_desc-preproc_bold_trim6_denoise_z-scored.nii.gz to FLOAT32
220914-17:26:58,308 nipype.interface INFO:
	 stderr 2022-09-14T17:26:58.308342:     Warnings of this type will be muted for this session.
220914-17:26:58,308 nipype.interface INFO:
	 stderr 2022-09-14T17:26:58.308342:     Set AFNI_NIFTI_TYPE_WARN to YES to see them all, NO to see none.
220914-17:27:09,605 nipype.interface INFO:
	 stderr 2022-09-14T17:27:09.605553:++ Output dataset /projects/kuhl_lab/wanjiag/MONSTERA/derivatives/rois/sub-MONSTERA15/sub-MONSTERA15_task-10_desc-preproc_bold_trim6_denoise_z-scored_mean.nii.gz
calculating mean...output to /projects/kuhl_lab/wanjiag/MONSTERA/derivatives/rois/sub-MONSTERA15/sub-MONSTERA15_task-10_desc-preproc_bold_trim6_denoise_z-scored_mean.nii.gz
fslmaths /projects/kuhl_lab/wanjiag/MONSTERA/derivatives/rois/sub-MONSTERA15/sub-MONSTERA15_task-01_desc-preproc_bold_trim6_denoise_z-scored_mean.nii.gz -add /projects/kuhl_lab/wanjiag/MONSTERA/derivatives/rois/sub-MONSTERA15/sub-MONSTERA15_task-02_desc-preproc_bold_trim6_denoise_z-scored_mean.nii.gz -add /projects/kuhl_lab/wanjiag/MONSTERA/derivatives/rois/sub-MONSTERA15/sub-MONSTERA15_task-03_desc-preproc_bold_trim6_denoise_z-scored_mean.nii.gz -add /projects/kuhl_lab/wanjiag/MONSTERA/derivatives/rois/sub-MONSTERA15/sub-MONSTERA15_task-04_desc-preproc_bold_trim6_denoise_z-scored_mean.nii.gz -add /projects/kuhl_lab/wanjiag/MONSTERA/derivatives/rois/sub-MONSTERA15/sub-MONSTERA15_task-05_desc-preproc_bold_trim6_denoise_z-scored_mean.nii.gz -add /projects/kuhl_lab/wanjiag/MONSTERA/derivatives/rois/sub-MONSTERA15/sub-MONSTERA15_task-06_desc-preproc_bold_trim6_denoise_z-scored_mean.nii.gz -add /projects/kuhl_lab/wanjiag/MONSTERA/derivatives/rois/sub-MONSTERA15/sub-MONSTERA15_task-07_desc-preproc_bold_trim6_denoise_z-scored_mean.nii.gz -add /projects/kuhl_lab/wanjiag/MONSTERA/derivatives/rois/sub-MONSTERA15/sub-MONSTERA15_task-08_desc-preproc_bold_trim6_denoise_z-scored_mean.nii.gz -add /projects/kuhl_lab/wanjiag/MONSTERA/derivatives/rois/sub-MONSTERA15/sub-MONSTERA15_task-09_desc-preproc_bold_trim6_denoise_z-scored_mean.nii.gz -add /projects/kuhl_lab/wanjiag/MONSTERA/derivatives/rois/sub-MONSTERA15/sub-MONSTERA15_task-10_desc-preproc_bold_trim6_denoise_z-scored_mean.nii.gz -div 10 /projects/kuhl_lab/wanjiag/MONSTERA/derivatives/rois/sub-MONSTERA15/avg_all_fmriprerp_func.nii.gz
--------------------Angular Gyrus-------------------
fslmaths /projects/kuhl_lab/wanjiag/MONSTERA/derivatives/rois/sub-MONSTERA15/aparc.a2009s+aseg.nii.gz -thr 11125 -uthr 11125 /projects/kuhl_lab/wanjiag/MONSTERA/derivatives/rois/sub-MONSTERA15/ctx_lh_G_pariet_inf-Angular.nii.gz
fslmaths /projects/kuhl_lab/wanjiag/MONSTERA/derivatives/rois/sub-MONSTERA15/aparc.a2009s+aseg.nii.gz -thr 12125 -uthr 12125 /projects/kuhl_lab/wanjiag/MONSTERA/derivatives/rois/sub-MONSTERA15/ctx_rh_G_pariet_inf-Angular.nii.gz
fslmaths /projects/kuhl_lab/wanjiag/MONSTERA/derivatives/rois/sub-MONSTERA15/ctx_lh_G_pariet_inf-Angular.nii.gz -add /projects/kuhl_lab/wanjiag/MONSTERA/derivatives/rois/sub-MONSTERA15/ctx_rh_G_pariet_inf-Angular.nii.gz -bin /projects/kuhl_lab/wanjiag/MONSTERA/derivatives/rois/sub-MONSTERA15/angular_gyrus.nii.gz
flirt -in /projects/kuhl_lab/wanjiag/MONSTERA/derivatives/rois/sub-MONSTERA15/angular_gyrus.nii.gz -ref /projects/kuhl_lab/wanjiag/MONSTERA/derivatives/rois/sub-MONSTERA15/avg_all_fmriprerp_func.nii.gz -out /projects/kuhl_lab/wanjiag/MONSTERA/derivatives/rois/sub-MONSTERA15/angular_gyrus_2_epi.nii.gz -omat /projects/kuhl_lab/wanjiag/MONSTERA/derivatives/rois/sub-MONSTERA15/angular_gyrus_2_epi.mat -applyxfm -usesqform
fslmaths /projects/kuhl_lab/wanjiag/MONSTERA/derivatives/rois/sub-MONSTERA15/angular_gyrus_2_epi.nii.gz -thr 0.5000000000 -bin /projects/kuhl_lab/wanjiag/MONSTERA/derivatives/rois/sub-MONSTERA15/angular_gyrus_2_epi_thre_0.5.nii.gz
--------------------Whole Hippocampus-------------------
fslmaths /projects/kuhl_lab/wanjiag/MONSTERA/derivatives/rois/sub-MONSTERA15/run-5_desc-aparcaseg_dseg.nii.gz -thr 17 -uthr 17 /projects/kuhl_lab/wanjiag/MONSTERA/derivatives/rois/sub-MONSTERA15/Left-Hippocampus.nii.gz
fslmaths /projects/kuhl_lab/wanjiag/MONSTERA/derivatives/rois/sub-MONSTERA15/run-5_desc-aparcaseg_dseg.nii.gz -thr 53 -uthr 53 /projects/kuhl_lab/wanjiag/MONSTERA/derivatives/rois/sub-MONSTERA15/Right-Hippocampus.nii.gz
fslmaths /projects/kuhl_lab/wanjiag/MONSTERA/derivatives/rois/sub-MONSTERA15/Left-Hippocampus.nii.gz -add /projects/kuhl_lab/wanjiag/MONSTERA/derivatives/rois/sub-MONSTERA15/Right-Hippocampus.nii.gz -bin /projects/kuhl_lab/wanjiag/MONSTERA/derivatives/rois/sub-MONSTERA15/hippocampus.nii.gz
flirt -in /projects/kuhl_lab/wanjiag/MONSTERA/derivatives/rois/sub-MONSTERA15/hippocampus.nii.gz -ref /projects/kuhl_lab/wanjiag/MONSTERA/derivatives/rois/sub-MONSTERA15/avg_all_fmriprerp_func.nii.gz -out /projects/kuhl_lab/wanjiag/MONSTERA/derivatives/rois/sub-MONSTERA15/hippocampus_2_epi.nii.gz -omat /projects/kuhl_lab/wanjiag/MONSTERA/derivatives/rois/sub-MONSTERA15/hippocampus_2_epi.mat -applyxfm -usesqform
fslmaths /projects/kuhl_lab/wanjiag/MONSTERA/derivatives/rois/sub-MONSTERA15/hippocampus_2_epi.nii.gz -thr 0.5000000000 -bin /projects/kuhl_lab/wanjiag/MONSTERA/derivatives/rois/sub-MONSTERA15/hippocampus_2_epi_thre_0.5.nii.gz
--------------------PPA-------------------
/home/wanjiag/projects/MONSTERA/derivatives/rois/mni/ppa/ppa.nii.gz 
 /projects/kuhl_lab/wanjiag/MONSTERA/derivatives/rois/sub-MONSTERA15/avg_all_fmriprerp_func.nii.gz 
 /projects/kuhl_lab/wanjiag/MONSTERA/derivatives/fmriprep/sub-MONSTERA15/anat/sub-MONSTERA15_run-5_from-MNI152NLin2009cAsym_to-T1w_mode-image_xfm.h5 
 /projects/kuhl_lab/wanjiag/MONSTERA/derivatives/rois/sub-MONSTERA15
antsApplyTransforms --default-value 0 --dimensionality 3 --float 0 --input /home/wanjiag/projects/MONSTERA/derivatives/rois/mni/ppa/ppa.nii.gz --interpolation Linear --output /projects/kuhl_lab/wanjiag/MONSTERA/derivatives/rois/sub-MONSTERA15/ppa_mni_2_epi.nii.gz --reference-image /projects/kuhl_lab/wanjiag/MONSTERA/derivatives/rois/sub-MONSTERA15/avg_all_fmriprerp_func.nii.gz --transform /projects/kuhl_lab/wanjiag/MONSTERA/derivatives/fmriprep/sub-MONSTERA15/anat/sub-MONSTERA15_run-5_from-MNI152NLin2009cAsym_to-T1w_mode-image_xfm.h5
fslmaths /projects/kuhl_lab/wanjiag/MONSTERA/derivatives/rois/sub-MONSTERA15/ppa_mni_2_epi.nii.gz -thr 0.5000000000 -bin /projects/kuhl_lab/wanjiag/MONSTERA/derivatives/rois/sub-MONSTERA15/ppa_mni_2_epi_thr_0.5.nii.gz
--------------------EVC-------------------
/home/wanjiag/projects/MONSTERA/derivatives/rois/mni/visual_cortex/subj_vol_all 
 /projects/kuhl_lab/wanjiag/MONSTERA/derivatives/rois/sub-MONSTERA15/avg_all_fmriprerp_func.nii.gz 
 /projects/kuhl_lab/wanjiag/MONSTERA/derivatives/fmriprep/sub-MONSTERA15/anat/sub-MONSTERA15_run-5_from-MNI152NLin2009cAsym_to-T1w_mode-image_xfm.h5 
 /projects/kuhl_lab/wanjiag/MONSTERA/derivatives/rois/sub-MONSTERA15
antsApplyTransforms --default-value 0 --dimensionality 3 --float 0 --input /home/wanjiag/projects/MONSTERA/derivatives/rois/mni/visual_cortex/subj_vol_all/perc_VTPM_vol_roi1_lh.nii.gz --interpolation Linear --output /projects/kuhl_lab/wanjiag/MONSTERA/derivatives/rois/sub-MONSTERA15/perc_VTPM_vol_roi1_lh_2_epi.nii.gz --reference-image /projects/kuhl_lab/wanjiag/MONSTERA/derivatives/rois/sub-MONSTERA15/avg_all_fmriprerp_func.nii.gz --transform /projects/kuhl_lab/wanjiag/MONSTERA/derivatives/fmriprep/sub-MONSTERA15/anat/sub-MONSTERA15_run-5_from-MNI152NLin2009cAsym_to-T1w_mode-image_xfm.h5
fslmaths /projects/kuhl_lab/wanjiag/MONSTERA/derivatives/rois/sub-MONSTERA15/perc_VTPM_vol_roi1_lh_2_epi.nii.gz -thr 50.0000000000 -bin /projects/kuhl_lab/wanjiag/MONSTERA/derivatives/rois/sub-MONSTERA15/perc_VTPM_vol_roi1_lh_2_epi_thr_50.nii.gz
antsApplyTransforms --default-value 0 --dimensionality 3 --float 0 --input /home/wanjiag/projects/MONSTERA/derivatives/rois/mni/visual_cortex/subj_vol_all/perc_VTPM_vol_roi1_rh.nii.gz --interpolation Linear --output /projects/kuhl_lab/wanjiag/MONSTERA/derivatives/rois/sub-MONSTERA15/perc_VTPM_vol_roi1_rh_2_epi.nii.gz --reference-image /projects/kuhl_lab/wanjiag/MONSTERA/derivatives/rois/sub-MONSTERA15/avg_all_fmriprerp_func.nii.gz --transform /projects/kuhl_lab/wanjiag/MONSTERA/derivatives/fmriprep/sub-MONSTERA15/anat/sub-MONSTERA15_run-5_from-MNI152NLin2009cAsym_to-T1w_mode-image_xfm.h5
fslmaths /projects/kuhl_lab/wanjiag/MONSTERA/derivatives/rois/sub-MONSTERA15/perc_VTPM_vol_roi1_rh_2_epi.nii.gz -thr 50.0000000000 -bin /projects/kuhl_lab/wanjiag/MONSTERA/derivatives/rois/sub-MONSTERA15/perc_VTPM_vol_roi1_rh_2_epi_thr_50.nii.gz
antsApplyTransforms --default-value 0 --dimensionality 3 --float 0 --input /home/wanjiag/projects/MONSTERA/derivatives/rois/mni/visual_cortex/subj_vol_all/perc_VTPM_vol_roi2_lh.nii.gz --interpolation Linear --output /projects/kuhl_lab/wanjiag/MONSTERA/derivatives/rois/sub-MONSTERA15/perc_VTPM_vol_roi2_lh_2_epi.nii.gz --reference-image /projects/kuhl_lab/wanjiag/MONSTERA/derivatives/rois/sub-MONSTERA15/avg_all_fmriprerp_func.nii.gz --transform /projects/kuhl_lab/wanjiag/MONSTERA/derivatives/fmriprep/sub-MONSTERA15/anat/sub-MONSTERA15_run-5_from-MNI152NLin2009cAsym_to-T1w_mode-image_xfm.h5
fslmaths /projects/kuhl_lab/wanjiag/MONSTERA/derivatives/rois/sub-MONSTERA15/perc_VTPM_vol_roi2_lh_2_epi.nii.gz -thr 50.0000000000 -bin /projects/kuhl_lab/wanjiag/MONSTERA/derivatives/rois/sub-MONSTERA15/perc_VTPM_vol_roi2_lh_2_epi_thr_50.nii.gz
antsApplyTransforms --default-value 0 --dimensionality 3 --float 0 --input /home/wanjiag/projects/MONSTERA/derivatives/rois/mni/visual_cortex/subj_vol_all/perc_VTPM_vol_roi2_rh.nii.gz --interpolation Linear --output /projects/kuhl_lab/wanjiag/MONSTERA/derivatives/rois/sub-MONSTERA15/perc_VTPM_vol_roi2_rh_2_epi.nii.gz --reference-image /projects/kuhl_lab/wanjiag/MONSTERA/derivatives/rois/sub-MONSTERA15/avg_all_fmriprerp_func.nii.gz --transform /projects/kuhl_lab/wanjiag/MONSTERA/derivatives/fmriprep/sub-MONSTERA15/anat/sub-MONSTERA15_run-5_from-MNI152NLin2009cAsym_to-T1w_mode-image_xfm.h5
fslmaths /projects/kuhl_lab/wanjiag/MONSTERA/derivatives/rois/sub-MONSTERA15/perc_VTPM_vol_roi2_rh_2_epi.nii.gz -thr 50.0000000000 -bin /projects/kuhl_lab/wanjiag/MONSTERA/derivatives/rois/sub-MONSTERA15/perc_VTPM_vol_roi2_rh_2_epi_thr_50.nii.gz
fslmaths /projects/kuhl_lab/wanjiag/MONSTERA/derivatives/rois/sub-MONSTERA15/perc_VTPM_vol_roi1_lh_2_epi_thr_50.nii.gz -add /projects/kuhl_lab/wanjiag/MONSTERA/derivatives/rois/sub-MONSTERA15/perc_VTPM_vol_roi1_rh_2_epi_thr_50.nii.gz -add /projects/kuhl_lab/wanjiag/MONSTERA/derivatives/rois/sub-MONSTERA15/perc_VTPM_vol_roi2_lh_2_epi_thr_50.nii.gz -add /projects/kuhl_lab/wanjiag/MONSTERA/derivatives/rois/sub-MONSTERA15/perc_VTPM_vol_roi2_rh_2_epi_thr_50.nii.gz -bin /projects/kuhl_lab/wanjiag/MONSTERA/derivatives/rois/sub-MONSTERA15/evc_2_epi_thr_0.5.nii.gz
220914-17:27:28,873 nipype.utils WARNING:
	 A newer version (1.8.4) of nipy/nipype is available. You are using 1.7.1
