--------------------sub-MONSTERA27-------------------
/projects/kuhl_lab/wanjiag/MONSTERA/derivatives/rois/sub-MONSTERA27
/projects/kuhl_lab/wanjiag/MONSTERA/derivatives/fmriprep/sourcedata/freesurfer/sub-MONSTERA27/mri/aparc.a2009s+aseg.mgz
/projects/kuhl_lab/wanjiag/MONSTERA/derivatives/rois/sub-MONSTERA27/aparc.a2009s+aseg.nii.gz
/projects/kuhl_lab/wanjiag/MONSTERA/derivatives/fmriprep/sub-MONSTERA27/anat/sub-MONSTERA27_run-5_desc-aparcaseg_dseg.nii.gz
/projects/kuhl_lab/wanjiag/MONSTERA/derivatives/rois/sub-MONSTERA27/run-5_desc-aparcaseg_dseg.nii.gz
calculating mean......
221027-10:49:46,366 nipype.utils WARNING:
	 A newer version (1.8.4) of nipy/nipype is available. You are using 1.7.1
3dTstat -mean -prefix /projects/kuhl_lab/wanjiag/MONSTERA/derivatives/rois/sub-MONSTERA27/sub-MONSTERA27_task-01_desc-preproc_bold_trim6_denoise_z-scored_mean.nii.gz /projects/kuhl_lab/wanjiag/MONSTERA/derivatives/preprocess/sub-MONSTERA27/sub-MONSTERA27_task-01_desc-preproc_bold_trim6_denoise_z-scored.nii.gz
221027-10:49:46,502 nipype.interface INFO:
	 stderr 2022-10-27T10:49:46.502692:++ 3dTstat: AFNI version=AFNI_18.2.04 (Jul  6 2018) [64-bit]
221027-10:49:46,503 nipype.interface INFO:
	 stderr 2022-10-27T10:49:46.502692:++ Authored by: KR Hammett & RW Cox
221027-10:49:46,579 nipype.interface INFO:
	 stderr 2022-10-27T10:49:46.579784:** AFNI converts NIFTI_datatype=64 (FLOAT64) in file /projects/kuhl_lab/wanjiag/MONSTERA/derivatives/preprocess/sub-MONSTERA27/sub-MONSTERA27_task-01_desc-preproc_bold_trim6_denoise_z-scored.nii.gz to FLOAT32
221027-10:49:46,580 nipype.interface INFO:
	 stderr 2022-10-27T10:49:46.579784:     Warnings of this type will be muted for this session.
221027-10:49:46,580 nipype.interface INFO:
	 stderr 2022-10-27T10:49:46.579784:     Set AFNI_NIFTI_TYPE_WARN to YES to see them all, NO to see none.
221027-10:50:00,285 nipype.interface INFO:
	 stderr 2022-10-27T10:50:00.285085:++ Output dataset /projects/kuhl_lab/wanjiag/MONSTERA/derivatives/rois/sub-MONSTERA27/sub-MONSTERA27_task-01_desc-preproc_bold_trim6_denoise_z-scored_mean.nii.gz
calculating mean...output to /projects/kuhl_lab/wanjiag/MONSTERA/derivatives/rois/sub-MONSTERA27/sub-MONSTERA27_task-01_desc-preproc_bold_trim6_denoise_z-scored_mean.nii.gz
calculating mean......
3dTstat -mean -prefix /projects/kuhl_lab/wanjiag/MONSTERA/derivatives/rois/sub-MONSTERA27/sub-MONSTERA27_task-02_desc-preproc_bold_trim6_denoise_z-scored_mean.nii.gz /projects/kuhl_lab/wanjiag/MONSTERA/derivatives/preprocess/sub-MONSTERA27/sub-MONSTERA27_task-02_desc-preproc_bold_trim6_denoise_z-scored.nii.gz
221027-10:50:00,445 nipype.interface INFO:
	 stderr 2022-10-27T10:50:00.445264:++ 3dTstat: AFNI version=AFNI_18.2.04 (Jul  6 2018) [64-bit]
221027-10:50:00,445 nipype.interface INFO:
	 stderr 2022-10-27T10:50:00.445264:++ Authored by: KR Hammett & RW Cox
221027-10:50:00,489 nipype.interface INFO:
	 stderr 2022-10-27T10:50:00.489698:** AFNI converts NIFTI_datatype=64 (FLOAT64) in file /projects/kuhl_lab/wanjiag/MONSTERA/derivatives/preprocess/sub-MONSTERA27/sub-MONSTERA27_task-02_desc-preproc_bold_trim6_denoise_z-scored.nii.gz to FLOAT32
221027-10:50:00,490 nipype.interface INFO:
	 stderr 2022-10-27T10:50:00.489698:     Warnings of this type will be muted for this session.
221027-10:50:00,490 nipype.interface INFO:
	 stderr 2022-10-27T10:50:00.489698:     Set AFNI_NIFTI_TYPE_WARN to YES to see them all, NO to see none.
221027-10:50:14,863 nipype.interface INFO:
	 stderr 2022-10-27T10:50:14.863669:++ Output dataset /projects/kuhl_lab/wanjiag/MONSTERA/derivatives/rois/sub-MONSTERA27/sub-MONSTERA27_task-02_desc-preproc_bold_trim6_denoise_z-scored_mean.nii.gz
calculating mean...output to /projects/kuhl_lab/wanjiag/MONSTERA/derivatives/rois/sub-MONSTERA27/sub-MONSTERA27_task-02_desc-preproc_bold_trim6_denoise_z-scored_mean.nii.gz
calculating mean......
3dTstat -mean -prefix /projects/kuhl_lab/wanjiag/MONSTERA/derivatives/rois/sub-MONSTERA27/sub-MONSTERA27_task-03_desc-preproc_bold_trim6_denoise_z-scored_mean.nii.gz /projects/kuhl_lab/wanjiag/MONSTERA/derivatives/preprocess/sub-MONSTERA27/sub-MONSTERA27_task-03_desc-preproc_bold_trim6_denoise_z-scored.nii.gz
221027-10:50:14,989 nipype.interface INFO:
	 stderr 2022-10-27T10:50:14.989443:++ 3dTstat: AFNI version=AFNI_18.2.04 (Jul  6 2018) [64-bit]
221027-10:50:14,993 nipype.interface INFO:
	 stderr 2022-10-27T10:50:14.989443:++ Authored by: KR Hammett & RW Cox
221027-10:50:15,46 nipype.interface INFO:
	 stderr 2022-10-27T10:50:15.046625:** AFNI converts NIFTI_datatype=64 (FLOAT64) in file /projects/kuhl_lab/wanjiag/MONSTERA/derivatives/preprocess/sub-MONSTERA27/sub-MONSTERA27_task-03_desc-preproc_bold_trim6_denoise_z-scored.nii.gz to FLOAT32
221027-10:50:15,46 nipype.interface INFO:
	 stderr 2022-10-27T10:50:15.046625:     Warnings of this type will be muted for this session.
221027-10:50:15,47 nipype.interface INFO:
	 stderr 2022-10-27T10:50:15.046625:     Set AFNI_NIFTI_TYPE_WARN to YES to see them all, NO to see none.
221027-10:50:29,560 nipype.interface INFO:
	 stderr 2022-10-27T10:50:29.560578:++ Output dataset /projects/kuhl_lab/wanjiag/MONSTERA/derivatives/rois/sub-MONSTERA27/sub-MONSTERA27_task-03_desc-preproc_bold_trim6_denoise_z-scored_mean.nii.gz
calculating mean...output to /projects/kuhl_lab/wanjiag/MONSTERA/derivatives/rois/sub-MONSTERA27/sub-MONSTERA27_task-03_desc-preproc_bold_trim6_denoise_z-scored_mean.nii.gz
calculating mean......
3dTstat -mean -prefix /projects/kuhl_lab/wanjiag/MONSTERA/derivatives/rois/sub-MONSTERA27/sub-MONSTERA27_task-04_desc-preproc_bold_trim6_denoise_z-scored_mean.nii.gz /projects/kuhl_lab/wanjiag/MONSTERA/derivatives/preprocess/sub-MONSTERA27/sub-MONSTERA27_task-04_desc-preproc_bold_trim6_denoise_z-scored.nii.gz
221027-10:50:29,667 nipype.interface INFO:
	 stderr 2022-10-27T10:50:29.667021:++ 3dTstat: AFNI version=AFNI_18.2.04 (Jul  6 2018) [64-bit]
221027-10:50:29,667 nipype.interface INFO:
	 stderr 2022-10-27T10:50:29.667021:++ Authored by: KR Hammett & RW Cox
221027-10:50:29,705 nipype.interface INFO:
	 stderr 2022-10-27T10:50:29.705582:** AFNI converts NIFTI_datatype=64 (FLOAT64) in file /projects/kuhl_lab/wanjiag/MONSTERA/derivatives/preprocess/sub-MONSTERA27/sub-MONSTERA27_task-04_desc-preproc_bold_trim6_denoise_z-scored.nii.gz to FLOAT32
221027-10:50:29,705 nipype.interface INFO:
	 stderr 2022-10-27T10:50:29.705582:     Warnings of this type will be muted for this session.
221027-10:50:29,705 nipype.interface INFO:
	 stderr 2022-10-27T10:50:29.705582:     Set AFNI_NIFTI_TYPE_WARN to YES to see them all, NO to see none.
221027-10:50:42,609 nipype.interface INFO:
	 stderr 2022-10-27T10:50:42.609860:++ Output dataset /projects/kuhl_lab/wanjiag/MONSTERA/derivatives/rois/sub-MONSTERA27/sub-MONSTERA27_task-04_desc-preproc_bold_trim6_denoise_z-scored_mean.nii.gz
calculating mean...output to /projects/kuhl_lab/wanjiag/MONSTERA/derivatives/rois/sub-MONSTERA27/sub-MONSTERA27_task-04_desc-preproc_bold_trim6_denoise_z-scored_mean.nii.gz
calculating mean......
3dTstat -mean -prefix /projects/kuhl_lab/wanjiag/MONSTERA/derivatives/rois/sub-MONSTERA27/sub-MONSTERA27_task-05_desc-preproc_bold_trim6_denoise_z-scored_mean.nii.gz /projects/kuhl_lab/wanjiag/MONSTERA/derivatives/preprocess/sub-MONSTERA27/sub-MONSTERA27_task-05_desc-preproc_bold_trim6_denoise_z-scored.nii.gz
221027-10:50:42,785 nipype.interface INFO:
	 stderr 2022-10-27T10:50:42.785394:++ 3dTstat: AFNI version=AFNI_18.2.04 (Jul  6 2018) [64-bit]
221027-10:50:42,786 nipype.interface INFO:
	 stderr 2022-10-27T10:50:42.785394:++ Authored by: KR Hammett & RW Cox
221027-10:50:43,109 nipype.interface INFO:
	 stderr 2022-10-27T10:50:43.109635:** AFNI converts NIFTI_datatype=64 (FLOAT64) in file /projects/kuhl_lab/wanjiag/MONSTERA/derivatives/preprocess/sub-MONSTERA27/sub-MONSTERA27_task-05_desc-preproc_bold_trim6_denoise_z-scored.nii.gz to FLOAT32
221027-10:50:43,109 nipype.interface INFO:
	 stderr 2022-10-27T10:50:43.109635:     Warnings of this type will be muted for this session.
221027-10:50:43,109 nipype.interface INFO:
	 stderr 2022-10-27T10:50:43.109635:     Set AFNI_NIFTI_TYPE_WARN to YES to see them all, NO to see none.
221027-10:50:57,403 nipype.interface INFO:
	 stderr 2022-10-27T10:50:57.403522:++ Output dataset /projects/kuhl_lab/wanjiag/MONSTERA/derivatives/rois/sub-MONSTERA27/sub-MONSTERA27_task-05_desc-preproc_bold_trim6_denoise_z-scored_mean.nii.gz
calculating mean...output to /projects/kuhl_lab/wanjiag/MONSTERA/derivatives/rois/sub-MONSTERA27/sub-MONSTERA27_task-05_desc-preproc_bold_trim6_denoise_z-scored_mean.nii.gz
calculating mean......
3dTstat -mean -prefix /projects/kuhl_lab/wanjiag/MONSTERA/derivatives/rois/sub-MONSTERA27/sub-MONSTERA27_task-06_desc-preproc_bold_trim6_denoise_z-scored_mean.nii.gz /projects/kuhl_lab/wanjiag/MONSTERA/derivatives/preprocess/sub-MONSTERA27/sub-MONSTERA27_task-06_desc-preproc_bold_trim6_denoise_z-scored.nii.gz
221027-10:50:57,671 nipype.interface INFO:
	 stderr 2022-10-27T10:50:57.671247:++ 3dTstat: AFNI version=AFNI_18.2.04 (Jul  6 2018) [64-bit]
221027-10:50:57,671 nipype.interface INFO:
	 stderr 2022-10-27T10:50:57.671247:++ Authored by: KR Hammett & RW Cox
221027-10:50:57,708 nipype.interface INFO:
	 stderr 2022-10-27T10:50:57.708634:** AFNI converts NIFTI_datatype=64 (FLOAT64) in file /projects/kuhl_lab/wanjiag/MONSTERA/derivatives/preprocess/sub-MONSTERA27/sub-MONSTERA27_task-06_desc-preproc_bold_trim6_denoise_z-scored.nii.gz to FLOAT32
221027-10:50:57,708 nipype.interface INFO:
	 stderr 2022-10-27T10:50:57.708634:     Warnings of this type will be muted for this session.
221027-10:50:57,708 nipype.interface INFO:
	 stderr 2022-10-27T10:50:57.708634:     Set AFNI_NIFTI_TYPE_WARN to YES to see them all, NO to see none.
221027-10:51:12,93 nipype.interface INFO:
	 stderr 2022-10-27T10:51:12.093427:++ Output dataset /projects/kuhl_lab/wanjiag/MONSTERA/derivatives/rois/sub-MONSTERA27/sub-MONSTERA27_task-06_desc-preproc_bold_trim6_denoise_z-scored_mean.nii.gz
calculating mean...output to /projects/kuhl_lab/wanjiag/MONSTERA/derivatives/rois/sub-MONSTERA27/sub-MONSTERA27_task-06_desc-preproc_bold_trim6_denoise_z-scored_mean.nii.gz
calculating mean......
3dTstat -mean -prefix /projects/kuhl_lab/wanjiag/MONSTERA/derivatives/rois/sub-MONSTERA27/sub-MONSTERA27_task-07_desc-preproc_bold_trim6_denoise_z-scored_mean.nii.gz /projects/kuhl_lab/wanjiag/MONSTERA/derivatives/preprocess/sub-MONSTERA27/sub-MONSTERA27_task-07_desc-preproc_bold_trim6_denoise_z-scored.nii.gz
221027-10:51:12,308 nipype.interface INFO:
	 stderr 2022-10-27T10:51:12.308598:++ 3dTstat: AFNI version=AFNI_18.2.04 (Jul  6 2018) [64-bit]
221027-10:51:12,309 nipype.interface INFO:
	 stderr 2022-10-27T10:51:12.308598:++ Authored by: KR Hammett & RW Cox
221027-10:51:12,350 nipype.interface INFO:
	 stderr 2022-10-27T10:51:12.350664:** AFNI converts NIFTI_datatype=64 (FLOAT64) in file /projects/kuhl_lab/wanjiag/MONSTERA/derivatives/preprocess/sub-MONSTERA27/sub-MONSTERA27_task-07_desc-preproc_bold_trim6_denoise_z-scored.nii.gz to FLOAT32
221027-10:51:12,351 nipype.interface INFO:
	 stderr 2022-10-27T10:51:12.350664:     Warnings of this type will be muted for this session.
221027-10:51:12,351 nipype.interface INFO:
	 stderr 2022-10-27T10:51:12.350664:     Set AFNI_NIFTI_TYPE_WARN to YES to see them all, NO to see none.
221027-10:51:26,636 nipype.interface INFO:
	 stderr 2022-10-27T10:51:26.636813:++ Output dataset /projects/kuhl_lab/wanjiag/MONSTERA/derivatives/rois/sub-MONSTERA27/sub-MONSTERA27_task-07_desc-preproc_bold_trim6_denoise_z-scored_mean.nii.gz
calculating mean...output to /projects/kuhl_lab/wanjiag/MONSTERA/derivatives/rois/sub-MONSTERA27/sub-MONSTERA27_task-07_desc-preproc_bold_trim6_denoise_z-scored_mean.nii.gz
calculating mean......
3dTstat -mean -prefix /projects/kuhl_lab/wanjiag/MONSTERA/derivatives/rois/sub-MONSTERA27/sub-MONSTERA27_task-08_desc-preproc_bold_trim6_denoise_z-scored_mean.nii.gz /projects/kuhl_lab/wanjiag/MONSTERA/derivatives/preprocess/sub-MONSTERA27/sub-MONSTERA27_task-08_desc-preproc_bold_trim6_denoise_z-scored.nii.gz
221027-10:51:26,814 nipype.interface INFO:
	 stderr 2022-10-27T10:51:26.814367:++ 3dTstat: AFNI version=AFNI_18.2.04 (Jul  6 2018) [64-bit]
221027-10:51:26,814 nipype.interface INFO:
	 stderr 2022-10-27T10:51:26.814367:++ Authored by: KR Hammett & RW Cox
221027-10:51:26,825 nipype.interface INFO:
	 stderr 2022-10-27T10:51:26.825688:** AFNI converts NIFTI_datatype=64 (FLOAT64) in file /projects/kuhl_lab/wanjiag/MONSTERA/derivatives/preprocess/sub-MONSTERA27/sub-MONSTERA27_task-08_desc-preproc_bold_trim6_denoise_z-scored.nii.gz to FLOAT32
221027-10:51:26,826 nipype.interface INFO:
	 stderr 2022-10-27T10:51:26.825688:     Warnings of this type will be muted for this session.
221027-10:51:26,826 nipype.interface INFO:
	 stderr 2022-10-27T10:51:26.825688:     Set AFNI_NIFTI_TYPE_WARN to YES to see them all, NO to see none.
221027-10:51:39,790 nipype.interface INFO:
	 stderr 2022-10-27T10:51:39.790612:++ Output dataset /projects/kuhl_lab/wanjiag/MONSTERA/derivatives/rois/sub-MONSTERA27/sub-MONSTERA27_task-08_desc-preproc_bold_trim6_denoise_z-scored_mean.nii.gz
calculating mean...output to /projects/kuhl_lab/wanjiag/MONSTERA/derivatives/rois/sub-MONSTERA27/sub-MONSTERA27_task-08_desc-preproc_bold_trim6_denoise_z-scored_mean.nii.gz
calculating mean......
3dTstat -mean -prefix /projects/kuhl_lab/wanjiag/MONSTERA/derivatives/rois/sub-MONSTERA27/sub-MONSTERA27_task-09_desc-preproc_bold_trim6_denoise_z-scored_mean.nii.gz /projects/kuhl_lab/wanjiag/MONSTERA/derivatives/preprocess/sub-MONSTERA27/sub-MONSTERA27_task-09_desc-preproc_bold_trim6_denoise_z-scored.nii.gz
221027-10:51:39,901 nipype.interface INFO:
	 stderr 2022-10-27T10:51:39.901177:++ 3dTstat: AFNI version=AFNI_18.2.04 (Jul  6 2018) [64-bit]
221027-10:51:39,901 nipype.interface INFO:
	 stderr 2022-10-27T10:51:39.901177:++ Authored by: KR Hammett & RW Cox
221027-10:51:39,911 nipype.interface INFO:
	 stderr 2022-10-27T10:51:39.911580:** AFNI converts NIFTI_datatype=64 (FLOAT64) in file /projects/kuhl_lab/wanjiag/MONSTERA/derivatives/preprocess/sub-MONSTERA27/sub-MONSTERA27_task-09_desc-preproc_bold_trim6_denoise_z-scored.nii.gz to FLOAT32
221027-10:51:39,911 nipype.interface INFO:
	 stderr 2022-10-27T10:51:39.911580:     Warnings of this type will be muted for this session.
221027-10:51:39,911 nipype.interface INFO:
	 stderr 2022-10-27T10:51:39.911580:     Set AFNI_NIFTI_TYPE_WARN to YES to see them all, NO to see none.
221027-10:51:54,923 nipype.interface INFO:
	 stderr 2022-10-27T10:51:54.923681:++ Output dataset /projects/kuhl_lab/wanjiag/MONSTERA/derivatives/rois/sub-MONSTERA27/sub-MONSTERA27_task-09_desc-preproc_bold_trim6_denoise_z-scored_mean.nii.gz
calculating mean...output to /projects/kuhl_lab/wanjiag/MONSTERA/derivatives/rois/sub-MONSTERA27/sub-MONSTERA27_task-09_desc-preproc_bold_trim6_denoise_z-scored_mean.nii.gz
calculating mean......
3dTstat -mean -prefix /projects/kuhl_lab/wanjiag/MONSTERA/derivatives/rois/sub-MONSTERA27/sub-MONSTERA27_task-10_desc-preproc_bold_trim6_denoise_z-scored_mean.nii.gz /projects/kuhl_lab/wanjiag/MONSTERA/derivatives/preprocess/sub-MONSTERA27/sub-MONSTERA27_task-10_desc-preproc_bold_trim6_denoise_z-scored.nii.gz
221027-10:51:55,108 nipype.interface INFO:
	 stderr 2022-10-27T10:51:55.108109:++ 3dTstat: AFNI version=AFNI_18.2.04 (Jul  6 2018) [64-bit]
221027-10:51:55,108 nipype.interface INFO:
	 stderr 2022-10-27T10:51:55.108109:++ Authored by: KR Hammett & RW Cox
221027-10:51:55,183 nipype.interface INFO:
	 stderr 2022-10-27T10:51:55.183612:** AFNI converts NIFTI_datatype=64 (FLOAT64) in file /projects/kuhl_lab/wanjiag/MONSTERA/derivatives/preprocess/sub-MONSTERA27/sub-MONSTERA27_task-10_desc-preproc_bold_trim6_denoise_z-scored.nii.gz to FLOAT32
221027-10:51:55,183 nipype.interface INFO:
	 stderr 2022-10-27T10:51:55.183612:     Warnings of this type will be muted for this session.
221027-10:51:55,183 nipype.interface INFO:
	 stderr 2022-10-27T10:51:55.183612:     Set AFNI_NIFTI_TYPE_WARN to YES to see them all, NO to see none.
221027-10:52:08,627 nipype.interface INFO:
	 stderr 2022-10-27T10:52:08.627179:++ Output dataset /projects/kuhl_lab/wanjiag/MONSTERA/derivatives/rois/sub-MONSTERA27/sub-MONSTERA27_task-10_desc-preproc_bold_trim6_denoise_z-scored_mean.nii.gz
calculating mean...output to /projects/kuhl_lab/wanjiag/MONSTERA/derivatives/rois/sub-MONSTERA27/sub-MONSTERA27_task-10_desc-preproc_bold_trim6_denoise_z-scored_mean.nii.gz
fslmaths /projects/kuhl_lab/wanjiag/MONSTERA/derivatives/rois/sub-MONSTERA27/sub-MONSTERA27_task-01_desc-preproc_bold_trim6_denoise_z-scored_mean.nii.gz -add /projects/kuhl_lab/wanjiag/MONSTERA/derivatives/rois/sub-MONSTERA27/sub-MONSTERA27_task-02_desc-preproc_bold_trim6_denoise_z-scored_mean.nii.gz -add /projects/kuhl_lab/wanjiag/MONSTERA/derivatives/rois/sub-MONSTERA27/sub-MONSTERA27_task-03_desc-preproc_bold_trim6_denoise_z-scored_mean.nii.gz -add /projects/kuhl_lab/wanjiag/MONSTERA/derivatives/rois/sub-MONSTERA27/sub-MONSTERA27_task-04_desc-preproc_bold_trim6_denoise_z-scored_mean.nii.gz -add /projects/kuhl_lab/wanjiag/MONSTERA/derivatives/rois/sub-MONSTERA27/sub-MONSTERA27_task-05_desc-preproc_bold_trim6_denoise_z-scored_mean.nii.gz -add /projects/kuhl_lab/wanjiag/MONSTERA/derivatives/rois/sub-MONSTERA27/sub-MONSTERA27_task-06_desc-preproc_bold_trim6_denoise_z-scored_mean.nii.gz -add /projects/kuhl_lab/wanjiag/MONSTERA/derivatives/rois/sub-MONSTERA27/sub-MONSTERA27_task-07_desc-preproc_bold_trim6_denoise_z-scored_mean.nii.gz -add /projects/kuhl_lab/wanjiag/MONSTERA/derivatives/rois/sub-MONSTERA27/sub-MONSTERA27_task-08_desc-preproc_bold_trim6_denoise_z-scored_mean.nii.gz -add /projects/kuhl_lab/wanjiag/MONSTERA/derivatives/rois/sub-MONSTERA27/sub-MONSTERA27_task-09_desc-preproc_bold_trim6_denoise_z-scored_mean.nii.gz -add /projects/kuhl_lab/wanjiag/MONSTERA/derivatives/rois/sub-MONSTERA27/sub-MONSTERA27_task-10_desc-preproc_bold_trim6_denoise_z-scored_mean.nii.gz -div 10 /projects/kuhl_lab/wanjiag/MONSTERA/derivatives/rois/sub-MONSTERA27/avg_all_fmriprerp_func.nii.gz
--------------------Angular Gyrus-------------------
fslmaths /projects/kuhl_lab/wanjiag/MONSTERA/derivatives/rois/sub-MONSTERA27/aparc.a2009s+aseg.nii.gz -thr 11125 -uthr 11125 /projects/kuhl_lab/wanjiag/MONSTERA/derivatives/rois/sub-MONSTERA27/ctx_lh_G_pariet_inf-Angular.nii.gz
fslmaths /projects/kuhl_lab/wanjiag/MONSTERA/derivatives/rois/sub-MONSTERA27/aparc.a2009s+aseg.nii.gz -thr 12125 -uthr 12125 /projects/kuhl_lab/wanjiag/MONSTERA/derivatives/rois/sub-MONSTERA27/ctx_rh_G_pariet_inf-Angular.nii.gz
fslmaths /projects/kuhl_lab/wanjiag/MONSTERA/derivatives/rois/sub-MONSTERA27/ctx_lh_G_pariet_inf-Angular.nii.gz -add /projects/kuhl_lab/wanjiag/MONSTERA/derivatives/rois/sub-MONSTERA27/ctx_rh_G_pariet_inf-Angular.nii.gz -bin /projects/kuhl_lab/wanjiag/MONSTERA/derivatives/rois/sub-MONSTERA27/angular_gyrus.nii.gz
flirt -in /projects/kuhl_lab/wanjiag/MONSTERA/derivatives/rois/sub-MONSTERA27/angular_gyrus.nii.gz -ref /projects/kuhl_lab/wanjiag/MONSTERA/derivatives/rois/sub-MONSTERA27/avg_all_fmriprerp_func.nii.gz -out /projects/kuhl_lab/wanjiag/MONSTERA/derivatives/rois/sub-MONSTERA27/angular_gyrus_2_epi.nii.gz -omat /projects/kuhl_lab/wanjiag/MONSTERA/derivatives/rois/sub-MONSTERA27/angular_gyrus_2_epi.mat -applyxfm -usesqform
fslmaths /projects/kuhl_lab/wanjiag/MONSTERA/derivatives/rois/sub-MONSTERA27/angular_gyrus_2_epi.nii.gz -thr 0.5000000000 -bin /projects/kuhl_lab/wanjiag/MONSTERA/derivatives/rois/sub-MONSTERA27/angular_gyrus_2_epi_thre_0.5.nii.gz
--------------------Whole Hippocampus-------------------
fslmaths /projects/kuhl_lab/wanjiag/MONSTERA/derivatives/rois/sub-MONSTERA27/run-5_desc-aparcaseg_dseg.nii.gz -thr 17 -uthr 17 /projects/kuhl_lab/wanjiag/MONSTERA/derivatives/rois/sub-MONSTERA27/Left-Hippocampus.nii.gz
fslmaths /projects/kuhl_lab/wanjiag/MONSTERA/derivatives/rois/sub-MONSTERA27/run-5_desc-aparcaseg_dseg.nii.gz -thr 53 -uthr 53 /projects/kuhl_lab/wanjiag/MONSTERA/derivatives/rois/sub-MONSTERA27/Right-Hippocampus.nii.gz
fslmaths /projects/kuhl_lab/wanjiag/MONSTERA/derivatives/rois/sub-MONSTERA27/Left-Hippocampus.nii.gz -add /projects/kuhl_lab/wanjiag/MONSTERA/derivatives/rois/sub-MONSTERA27/Right-Hippocampus.nii.gz -bin /projects/kuhl_lab/wanjiag/MONSTERA/derivatives/rois/sub-MONSTERA27/hippocampus.nii.gz
flirt -in /projects/kuhl_lab/wanjiag/MONSTERA/derivatives/rois/sub-MONSTERA27/hippocampus.nii.gz -ref /projects/kuhl_lab/wanjiag/MONSTERA/derivatives/rois/sub-MONSTERA27/avg_all_fmriprerp_func.nii.gz -out /projects/kuhl_lab/wanjiag/MONSTERA/derivatives/rois/sub-MONSTERA27/hippocampus_2_epi.nii.gz -omat /projects/kuhl_lab/wanjiag/MONSTERA/derivatives/rois/sub-MONSTERA27/hippocampus_2_epi.mat -applyxfm -usesqform
fslmaths /projects/kuhl_lab/wanjiag/MONSTERA/derivatives/rois/sub-MONSTERA27/hippocampus_2_epi.nii.gz -thr 0.5000000000 -bin /projects/kuhl_lab/wanjiag/MONSTERA/derivatives/rois/sub-MONSTERA27/hippocampus_2_epi_thre_0.5.nii.gz
--------------------PPA-------------------
/home/wanjiag/projects/MONSTERA/derivatives/rois/mni/ppa/ppa.nii.gz 
 /projects/kuhl_lab/wanjiag/MONSTERA/derivatives/rois/sub-MONSTERA27/avg_all_fmriprerp_func.nii.gz 
 /projects/kuhl_lab/wanjiag/MONSTERA/derivatives/fmriprep/sub-MONSTERA27/anat/sub-MONSTERA27_run-5_from-MNI152NLin2009cAsym_to-T1w_mode-image_xfm.h5 
 /projects/kuhl_lab/wanjiag/MONSTERA/derivatives/rois/sub-MONSTERA27
antsApplyTransforms --default-value 0 --dimensionality 3 --float 0 --input /home/wanjiag/projects/MONSTERA/derivatives/rois/mni/ppa/ppa.nii.gz --interpolation Linear --output /projects/kuhl_lab/wanjiag/MONSTERA/derivatives/rois/sub-MONSTERA27/ppa_mni_2_epi.nii.gz --reference-image /projects/kuhl_lab/wanjiag/MONSTERA/derivatives/rois/sub-MONSTERA27/avg_all_fmriprerp_func.nii.gz --transform /projects/kuhl_lab/wanjiag/MONSTERA/derivatives/fmriprep/sub-MONSTERA27/anat/sub-MONSTERA27_run-5_from-MNI152NLin2009cAsym_to-T1w_mode-image_xfm.h5
fslmaths /projects/kuhl_lab/wanjiag/MONSTERA/derivatives/rois/sub-MONSTERA27/ppa_mni_2_epi.nii.gz -thr 0.5000000000 -bin /projects/kuhl_lab/wanjiag/MONSTERA/derivatives/rois/sub-MONSTERA27/ppa_mni_2_epi_thr_0.5.nii.gz
--------------------EVC-------------------
/home/wanjiag/projects/MONSTERA/derivatives/rois/mni/visual_cortex/subj_vol_all 
 /projects/kuhl_lab/wanjiag/MONSTERA/derivatives/rois/sub-MONSTERA27/avg_all_fmriprerp_func.nii.gz 
 /projects/kuhl_lab/wanjiag/MONSTERA/derivatives/fmriprep/sub-MONSTERA27/anat/sub-MONSTERA27_run-5_from-MNI152NLin2009cAsym_to-T1w_mode-image_xfm.h5 
 /projects/kuhl_lab/wanjiag/MONSTERA/derivatives/rois/sub-MONSTERA27
antsApplyTransforms --default-value 0 --dimensionality 3 --float 0 --input /home/wanjiag/projects/MONSTERA/derivatives/rois/mni/visual_cortex/subj_vol_all/perc_VTPM_vol_roi1_lh.nii.gz --interpolation Linear --output /projects/kuhl_lab/wanjiag/MONSTERA/derivatives/rois/sub-MONSTERA27/perc_VTPM_vol_roi1_lh_2_epi.nii.gz --reference-image /projects/kuhl_lab/wanjiag/MONSTERA/derivatives/rois/sub-MONSTERA27/avg_all_fmriprerp_func.nii.gz --transform /projects/kuhl_lab/wanjiag/MONSTERA/derivatives/fmriprep/sub-MONSTERA27/anat/sub-MONSTERA27_run-5_from-MNI152NLin2009cAsym_to-T1w_mode-image_xfm.h5
fslmaths /projects/kuhl_lab/wanjiag/MONSTERA/derivatives/rois/sub-MONSTERA27/perc_VTPM_vol_roi1_lh_2_epi.nii.gz -thr 50.0000000000 -bin /projects/kuhl_lab/wanjiag/MONSTERA/derivatives/rois/sub-MONSTERA27/perc_VTPM_vol_roi1_lh_2_epi_thr_50.nii.gz
antsApplyTransforms --default-value 0 --dimensionality 3 --float 0 --input /home/wanjiag/projects/MONSTERA/derivatives/rois/mni/visual_cortex/subj_vol_all/perc_VTPM_vol_roi1_rh.nii.gz --interpolation Linear --output /projects/kuhl_lab/wanjiag/MONSTERA/derivatives/rois/sub-MONSTERA27/perc_VTPM_vol_roi1_rh_2_epi.nii.gz --reference-image /projects/kuhl_lab/wanjiag/MONSTERA/derivatives/rois/sub-MONSTERA27/avg_all_fmriprerp_func.nii.gz --transform /projects/kuhl_lab/wanjiag/MONSTERA/derivatives/fmriprep/sub-MONSTERA27/anat/sub-MONSTERA27_run-5_from-MNI152NLin2009cAsym_to-T1w_mode-image_xfm.h5
fslmaths /projects/kuhl_lab/wanjiag/MONSTERA/derivatives/rois/sub-MONSTERA27/perc_VTPM_vol_roi1_rh_2_epi.nii.gz -thr 50.0000000000 -bin /projects/kuhl_lab/wanjiag/MONSTERA/derivatives/rois/sub-MONSTERA27/perc_VTPM_vol_roi1_rh_2_epi_thr_50.nii.gz
antsApplyTransforms --default-value 0 --dimensionality 3 --float 0 --input /home/wanjiag/projects/MONSTERA/derivatives/rois/mni/visual_cortex/subj_vol_all/perc_VTPM_vol_roi2_lh.nii.gz --interpolation Linear --output /projects/kuhl_lab/wanjiag/MONSTERA/derivatives/rois/sub-MONSTERA27/perc_VTPM_vol_roi2_lh_2_epi.nii.gz --reference-image /projects/kuhl_lab/wanjiag/MONSTERA/derivatives/rois/sub-MONSTERA27/avg_all_fmriprerp_func.nii.gz --transform /projects/kuhl_lab/wanjiag/MONSTERA/derivatives/fmriprep/sub-MONSTERA27/anat/sub-MONSTERA27_run-5_from-MNI152NLin2009cAsym_to-T1w_mode-image_xfm.h5
fslmaths /projects/kuhl_lab/wanjiag/MONSTERA/derivatives/rois/sub-MONSTERA27/perc_VTPM_vol_roi2_lh_2_epi.nii.gz -thr 50.0000000000 -bin /projects/kuhl_lab/wanjiag/MONSTERA/derivatives/rois/sub-MONSTERA27/perc_VTPM_vol_roi2_lh_2_epi_thr_50.nii.gz
antsApplyTransforms --default-value 0 --dimensionality 3 --float 0 --input /home/wanjiag/projects/MONSTERA/derivatives/rois/mni/visual_cortex/subj_vol_all/perc_VTPM_vol_roi2_rh.nii.gz --interpolation Linear --output /projects/kuhl_lab/wanjiag/MONSTERA/derivatives/rois/sub-MONSTERA27/perc_VTPM_vol_roi2_rh_2_epi.nii.gz --reference-image /projects/kuhl_lab/wanjiag/MONSTERA/derivatives/rois/sub-MONSTERA27/avg_all_fmriprerp_func.nii.gz --transform /projects/kuhl_lab/wanjiag/MONSTERA/derivatives/fmriprep/sub-MONSTERA27/anat/sub-MONSTERA27_run-5_from-MNI152NLin2009cAsym_to-T1w_mode-image_xfm.h5
fslmaths /projects/kuhl_lab/wanjiag/MONSTERA/derivatives/rois/sub-MONSTERA27/perc_VTPM_vol_roi2_rh_2_epi.nii.gz -thr 50.0000000000 -bin /projects/kuhl_lab/wanjiag/MONSTERA/derivatives/rois/sub-MONSTERA27/perc_VTPM_vol_roi2_rh_2_epi_thr_50.nii.gz
fslmaths /projects/kuhl_lab/wanjiag/MONSTERA/derivatives/rois/sub-MONSTERA27/perc_VTPM_vol_roi1_lh_2_epi_thr_50.nii.gz -add /projects/kuhl_lab/wanjiag/MONSTERA/derivatives/rois/sub-MONSTERA27/perc_VTPM_vol_roi1_rh_2_epi_thr_50.nii.gz -add /projects/kuhl_lab/wanjiag/MONSTERA/derivatives/rois/sub-MONSTERA27/perc_VTPM_vol_roi2_lh_2_epi_thr_50.nii.gz -add /projects/kuhl_lab/wanjiag/MONSTERA/derivatives/rois/sub-MONSTERA27/perc_VTPM_vol_roi2_rh_2_epi_thr_50.nii.gz -bin /projects/kuhl_lab/wanjiag/MONSTERA/derivatives/rois/sub-MONSTERA27/evc_2_epi_thr_0.5.nii.gz
--------------------sub-MONSTERA28-------------------
/projects/kuhl_lab/wanjiag/MONSTERA/derivatives/rois/sub-MONSTERA28
/projects/kuhl_lab/wanjiag/MONSTERA/derivatives/fmriprep/sourcedata/freesurfer/sub-MONSTERA28/mri/aparc.a2009s+aseg.mgz
/projects/kuhl_lab/wanjiag/MONSTERA/derivatives/rois/sub-MONSTERA28/aparc.a2009s+aseg.nii.gz
/projects/kuhl_lab/wanjiag/MONSTERA/derivatives/fmriprep/sub-MONSTERA28/anat/sub-MONSTERA28_run-5_desc-aparcaseg_dseg.nii.gz
/projects/kuhl_lab/wanjiag/MONSTERA/derivatives/rois/sub-MONSTERA28/run-5_desc-aparcaseg_dseg.nii.gz
calculating mean......
3dTstat -mean -prefix /projects/kuhl_lab/wanjiag/MONSTERA/derivatives/rois/sub-MONSTERA28/sub-MONSTERA28_task-01_desc-preproc_bold_trim6_denoise_z-scored_mean.nii.gz /projects/kuhl_lab/wanjiag/MONSTERA/derivatives/preprocess/sub-MONSTERA28/sub-MONSTERA28_task-01_desc-preproc_bold_trim6_denoise_z-scored.nii.gz
221027-10:52:36,820 nipype.interface INFO:
	 stderr 2022-10-27T10:52:36.820513:++ 3dTstat: AFNI version=AFNI_18.2.04 (Jul  6 2018) [64-bit]
221027-10:52:36,820 nipype.interface INFO:
	 stderr 2022-10-27T10:52:36.820513:++ Authored by: KR Hammett & RW Cox
221027-10:52:36,866 nipype.interface INFO:
	 stderr 2022-10-27T10:52:36.866581:** AFNI converts NIFTI_datatype=64 (FLOAT64) in file /projects/kuhl_lab/wanjiag/MONSTERA/derivatives/preprocess/sub-MONSTERA28/sub-MONSTERA28_task-01_desc-preproc_bold_trim6_denoise_z-scored.nii.gz to FLOAT32
221027-10:52:36,866 nipype.interface INFO:
	 stderr 2022-10-27T10:52:36.866581:     Warnings of this type will be muted for this session.
221027-10:52:36,866 nipype.interface INFO:
	 stderr 2022-10-27T10:52:36.866581:     Set AFNI_NIFTI_TYPE_WARN to YES to see them all, NO to see none.
221027-10:52:52,466 nipype.interface INFO:
	 stderr 2022-10-27T10:52:52.466880:++ Output dataset /projects/kuhl_lab/wanjiag/MONSTERA/derivatives/rois/sub-MONSTERA28/sub-MONSTERA28_task-01_desc-preproc_bold_trim6_denoise_z-scored_mean.nii.gz
calculating mean...output to /projects/kuhl_lab/wanjiag/MONSTERA/derivatives/rois/sub-MONSTERA28/sub-MONSTERA28_task-01_desc-preproc_bold_trim6_denoise_z-scored_mean.nii.gz
calculating mean......
3dTstat -mean -prefix /projects/kuhl_lab/wanjiag/MONSTERA/derivatives/rois/sub-MONSTERA28/sub-MONSTERA28_task-02_desc-preproc_bold_trim6_denoise_z-scored_mean.nii.gz /projects/kuhl_lab/wanjiag/MONSTERA/derivatives/preprocess/sub-MONSTERA28/sub-MONSTERA28_task-02_desc-preproc_bold_trim6_denoise_z-scored.nii.gz
221027-10:52:52,573 nipype.interface INFO:
	 stderr 2022-10-27T10:52:52.572961:++ 3dTstat: AFNI version=AFNI_18.2.04 (Jul  6 2018) [64-bit]
221027-10:52:52,573 nipype.interface INFO:
	 stderr 2022-10-27T10:52:52.572961:++ Authored by: KR Hammett & RW Cox
221027-10:52:52,617 nipype.interface INFO:
	 stderr 2022-10-27T10:52:52.617578:** AFNI converts NIFTI_datatype=64 (FLOAT64) in file /projects/kuhl_lab/wanjiag/MONSTERA/derivatives/preprocess/sub-MONSTERA28/sub-MONSTERA28_task-02_desc-preproc_bold_trim6_denoise_z-scored.nii.gz to FLOAT32
221027-10:52:52,617 nipype.interface INFO:
	 stderr 2022-10-27T10:52:52.617578:     Warnings of this type will be muted for this session.
221027-10:52:52,617 nipype.interface INFO:
	 stderr 2022-10-27T10:52:52.617578:     Set AFNI_NIFTI_TYPE_WARN to YES to see them all, NO to see none.
221027-10:53:08,130 nipype.interface INFO:
	 stderr 2022-10-27T10:53:08.130044:++ Output dataset /projects/kuhl_lab/wanjiag/MONSTERA/derivatives/rois/sub-MONSTERA28/sub-MONSTERA28_task-02_desc-preproc_bold_trim6_denoise_z-scored_mean.nii.gz
calculating mean...output to /projects/kuhl_lab/wanjiag/MONSTERA/derivatives/rois/sub-MONSTERA28/sub-MONSTERA28_task-02_desc-preproc_bold_trim6_denoise_z-scored_mean.nii.gz
calculating mean......
3dTstat -mean -prefix /projects/kuhl_lab/wanjiag/MONSTERA/derivatives/rois/sub-MONSTERA28/sub-MONSTERA28_task-03_desc-preproc_bold_trim6_denoise_z-scored_mean.nii.gz /projects/kuhl_lab/wanjiag/MONSTERA/derivatives/preprocess/sub-MONSTERA28/sub-MONSTERA28_task-03_desc-preproc_bold_trim6_denoise_z-scored.nii.gz
221027-10:53:08,322 nipype.interface INFO:
	 stderr 2022-10-27T10:53:08.322671:++ 3dTstat: AFNI version=AFNI_18.2.04 (Jul  6 2018) [64-bit]
221027-10:53:08,323 nipype.interface INFO:
	 stderr 2022-10-27T10:53:08.322671:++ Authored by: KR Hammett & RW Cox
221027-10:53:08,361 nipype.interface INFO:
	 stderr 2022-10-27T10:53:08.361652:** AFNI converts NIFTI_datatype=64 (FLOAT64) in file /projects/kuhl_lab/wanjiag/MONSTERA/derivatives/preprocess/sub-MONSTERA28/sub-MONSTERA28_task-03_desc-preproc_bold_trim6_denoise_z-scored.nii.gz to FLOAT32
221027-10:53:08,361 nipype.interface INFO:
	 stderr 2022-10-27T10:53:08.361652:     Warnings of this type will be muted for this session.
221027-10:53:08,361 nipype.interface INFO:
	 stderr 2022-10-27T10:53:08.361652:     Set AFNI_NIFTI_TYPE_WARN to YES to see them all, NO to see none.
221027-10:53:24,253 nipype.interface INFO:
	 stderr 2022-10-27T10:53:24.253778:++ Output dataset /projects/kuhl_lab/wanjiag/MONSTERA/derivatives/rois/sub-MONSTERA28/sub-MONSTERA28_task-03_desc-preproc_bold_trim6_denoise_z-scored_mean.nii.gz
calculating mean...output to /projects/kuhl_lab/wanjiag/MONSTERA/derivatives/rois/sub-MONSTERA28/sub-MONSTERA28_task-03_desc-preproc_bold_trim6_denoise_z-scored_mean.nii.gz
calculating mean......
3dTstat -mean -prefix /projects/kuhl_lab/wanjiag/MONSTERA/derivatives/rois/sub-MONSTERA28/sub-MONSTERA28_task-04_desc-preproc_bold_trim6_denoise_z-scored_mean.nii.gz /projects/kuhl_lab/wanjiag/MONSTERA/derivatives/preprocess/sub-MONSTERA28/sub-MONSTERA28_task-04_desc-preproc_bold_trim6_denoise_z-scored.nii.gz
221027-10:53:24,452 nipype.interface INFO:
	 stderr 2022-10-27T10:53:24.452423:++ 3dTstat: AFNI version=AFNI_18.2.04 (Jul  6 2018) [64-bit]
221027-10:53:24,453 nipype.interface INFO:
	 stderr 2022-10-27T10:53:24.452423:++ Authored by: KR Hammett & RW Cox
221027-10:53:24,496 nipype.interface INFO:
	 stderr 2022-10-27T10:53:24.496673:** AFNI converts NIFTI_datatype=64 (FLOAT64) in file /projects/kuhl_lab/wanjiag/MONSTERA/derivatives/preprocess/sub-MONSTERA28/sub-MONSTERA28_task-04_desc-preproc_bold_trim6_denoise_z-scored.nii.gz to FLOAT32
221027-10:53:24,497 nipype.interface INFO:
	 stderr 2022-10-27T10:53:24.496673:     Warnings of this type will be muted for this session.
221027-10:53:24,497 nipype.interface INFO:
	 stderr 2022-10-27T10:53:24.496673:     Set AFNI_NIFTI_TYPE_WARN to YES to see them all, NO to see none.
221027-10:53:40,393 nipype.interface INFO:
	 stderr 2022-10-27T10:53:40.393694:++ Output dataset /projects/kuhl_lab/wanjiag/MONSTERA/derivatives/rois/sub-MONSTERA28/sub-MONSTERA28_task-04_desc-preproc_bold_trim6_denoise_z-scored_mean.nii.gz
calculating mean...output to /projects/kuhl_lab/wanjiag/MONSTERA/derivatives/rois/sub-MONSTERA28/sub-MONSTERA28_task-04_desc-preproc_bold_trim6_denoise_z-scored_mean.nii.gz
calculating mean......
3dTstat -mean -prefix /projects/kuhl_lab/wanjiag/MONSTERA/derivatives/rois/sub-MONSTERA28/sub-MONSTERA28_task-05_desc-preproc_bold_trim6_denoise_z-scored_mean.nii.gz /projects/kuhl_lab/wanjiag/MONSTERA/derivatives/preprocess/sub-MONSTERA28/sub-MONSTERA28_task-05_desc-preproc_bold_trim6_denoise_z-scored.nii.gz
221027-10:53:40,617 nipype.interface INFO:
	 stderr 2022-10-27T10:53:40.617182:++ 3dTstat: AFNI version=AFNI_18.2.04 (Jul  6 2018) [64-bit]
221027-10:53:40,617 nipype.interface INFO:
	 stderr 2022-10-27T10:53:40.617182:++ Authored by: KR Hammett & RW Cox
221027-10:53:40,662 nipype.interface INFO:
	 stderr 2022-10-27T10:53:40.662651:** AFNI converts NIFTI_datatype=64 (FLOAT64) in file /projects/kuhl_lab/wanjiag/MONSTERA/derivatives/preprocess/sub-MONSTERA28/sub-MONSTERA28_task-05_desc-preproc_bold_trim6_denoise_z-scored.nii.gz to FLOAT32
221027-10:53:40,663 nipype.interface INFO:
	 stderr 2022-10-27T10:53:40.662651:     Warnings of this type will be muted for this session.
221027-10:53:40,663 nipype.interface INFO:
	 stderr 2022-10-27T10:53:40.662651:     Set AFNI_NIFTI_TYPE_WARN to YES to see them all, NO to see none.
221027-10:53:55,827 nipype.interface INFO:
	 stderr 2022-10-27T10:53:55.827097:++ Output dataset /projects/kuhl_lab/wanjiag/MONSTERA/derivatives/rois/sub-MONSTERA28/sub-MONSTERA28_task-05_desc-preproc_bold_trim6_denoise_z-scored_mean.nii.gz
calculating mean...output to /projects/kuhl_lab/wanjiag/MONSTERA/derivatives/rois/sub-MONSTERA28/sub-MONSTERA28_task-05_desc-preproc_bold_trim6_denoise_z-scored_mean.nii.gz
calculating mean......
3dTstat -mean -prefix /projects/kuhl_lab/wanjiag/MONSTERA/derivatives/rois/sub-MONSTERA28/sub-MONSTERA28_task-06_desc-preproc_bold_trim6_denoise_z-scored_mean.nii.gz /projects/kuhl_lab/wanjiag/MONSTERA/derivatives/preprocess/sub-MONSTERA28/sub-MONSTERA28_task-06_desc-preproc_bold_trim6_denoise_z-scored.nii.gz
221027-10:53:55,933 nipype.interface INFO:
	 stderr 2022-10-27T10:53:55.933508:++ 3dTstat: AFNI version=AFNI_18.2.04 (Jul  6 2018) [64-bit]
221027-10:53:55,933 nipype.interface INFO:
	 stderr 2022-10-27T10:53:55.933508:++ Authored by: KR Hammett & RW Cox
221027-10:53:55,989 nipype.interface INFO:
	 stderr 2022-10-27T10:53:55.989583:** AFNI converts NIFTI_datatype=64 (FLOAT64) in file /projects/kuhl_lab/wanjiag/MONSTERA/derivatives/preprocess/sub-MONSTERA28/sub-MONSTERA28_task-06_desc-preproc_bold_trim6_denoise_z-scored.nii.gz to FLOAT32
221027-10:53:55,989 nipype.interface INFO:
	 stderr 2022-10-27T10:53:55.989583:     Warnings of this type will be muted for this session.
221027-10:53:55,989 nipype.interface INFO:
	 stderr 2022-10-27T10:53:55.989583:     Set AFNI_NIFTI_TYPE_WARN to YES to see them all, NO to see none.
221027-10:54:11,852 nipype.interface INFO:
	 stderr 2022-10-27T10:54:11.852666:++ Output dataset /projects/kuhl_lab/wanjiag/MONSTERA/derivatives/rois/sub-MONSTERA28/sub-MONSTERA28_task-06_desc-preproc_bold_trim6_denoise_z-scored_mean.nii.gz
calculating mean...output to /projects/kuhl_lab/wanjiag/MONSTERA/derivatives/rois/sub-MONSTERA28/sub-MONSTERA28_task-06_desc-preproc_bold_trim6_denoise_z-scored_mean.nii.gz
calculating mean......
3dTstat -mean -prefix /projects/kuhl_lab/wanjiag/MONSTERA/derivatives/rois/sub-MONSTERA28/sub-MONSTERA28_task-07_desc-preproc_bold_trim6_denoise_z-scored_mean.nii.gz /projects/kuhl_lab/wanjiag/MONSTERA/derivatives/preprocess/sub-MONSTERA28/sub-MONSTERA28_task-07_desc-preproc_bold_trim6_denoise_z-scored.nii.gz
221027-10:54:12,94 nipype.interface INFO:
	 stderr 2022-10-27T10:54:12.094594:++ 3dTstat: AFNI version=AFNI_18.2.04 (Jul  6 2018) [64-bit]
221027-10:54:12,95 nipype.interface INFO:
	 stderr 2022-10-27T10:54:12.094594:++ Authored by: KR Hammett & RW Cox
221027-10:54:12,175 nipype.interface INFO:
	 stderr 2022-10-27T10:54:12.175620:** AFNI converts NIFTI_datatype=64 (FLOAT64) in file /projects/kuhl_lab/wanjiag/MONSTERA/derivatives/preprocess/sub-MONSTERA28/sub-MONSTERA28_task-07_desc-preproc_bold_trim6_denoise_z-scored.nii.gz to FLOAT32
221027-10:54:12,175 nipype.interface INFO:
	 stderr 2022-10-27T10:54:12.175620:     Warnings of this type will be muted for this session.
221027-10:54:12,175 nipype.interface INFO:
	 stderr 2022-10-27T10:54:12.175620:     Set AFNI_NIFTI_TYPE_WARN to YES to see them all, NO to see none.
221027-10:54:27,415 nipype.interface INFO:
	 stderr 2022-10-27T10:54:27.415026:++ Output dataset /projects/kuhl_lab/wanjiag/MONSTERA/derivatives/rois/sub-MONSTERA28/sub-MONSTERA28_task-07_desc-preproc_bold_trim6_denoise_z-scored_mean.nii.gz
calculating mean...output to /projects/kuhl_lab/wanjiag/MONSTERA/derivatives/rois/sub-MONSTERA28/sub-MONSTERA28_task-07_desc-preproc_bold_trim6_denoise_z-scored_mean.nii.gz
calculating mean......
3dTstat -mean -prefix /projects/kuhl_lab/wanjiag/MONSTERA/derivatives/rois/sub-MONSTERA28/sub-MONSTERA28_task-08_desc-preproc_bold_trim6_denoise_z-scored_mean.nii.gz /projects/kuhl_lab/wanjiag/MONSTERA/derivatives/preprocess/sub-MONSTERA28/sub-MONSTERA28_task-08_desc-preproc_bold_trim6_denoise_z-scored.nii.gz
221027-10:54:27,598 nipype.interface INFO:
	 stderr 2022-10-27T10:54:27.598681:++ 3dTstat: AFNI version=AFNI_18.2.04 (Jul  6 2018) [64-bit]
221027-10:54:27,599 nipype.interface INFO:
	 stderr 2022-10-27T10:54:27.598681:++ Authored by: KR Hammett & RW Cox
221027-10:54:27,656 nipype.interface INFO:
	 stderr 2022-10-27T10:54:27.656620:** AFNI converts NIFTI_datatype=64 (FLOAT64) in file /projects/kuhl_lab/wanjiag/MONSTERA/derivatives/preprocess/sub-MONSTERA28/sub-MONSTERA28_task-08_desc-preproc_bold_trim6_denoise_z-scored.nii.gz to FLOAT32
221027-10:54:27,656 nipype.interface INFO:
	 stderr 2022-10-27T10:54:27.656620:     Warnings of this type will be muted for this session.
221027-10:54:27,656 nipype.interface INFO:
	 stderr 2022-10-27T10:54:27.656620:     Set AFNI_NIFTI_TYPE_WARN to YES to see them all, NO to see none.
221027-10:54:43,93 nipype.interface INFO:
	 stderr 2022-10-27T10:54:43.093825:++ Output dataset /projects/kuhl_lab/wanjiag/MONSTERA/derivatives/rois/sub-MONSTERA28/sub-MONSTERA28_task-08_desc-preproc_bold_trim6_denoise_z-scored_mean.nii.gz
calculating mean...output to /projects/kuhl_lab/wanjiag/MONSTERA/derivatives/rois/sub-MONSTERA28/sub-MONSTERA28_task-08_desc-preproc_bold_trim6_denoise_z-scored_mean.nii.gz
calculating mean......
3dTstat -mean -prefix /projects/kuhl_lab/wanjiag/MONSTERA/derivatives/rois/sub-MONSTERA28/sub-MONSTERA28_task-09_desc-preproc_bold_trim6_denoise_z-scored_mean.nii.gz /projects/kuhl_lab/wanjiag/MONSTERA/derivatives/preprocess/sub-MONSTERA28/sub-MONSTERA28_task-09_desc-preproc_bold_trim6_denoise_z-scored.nii.gz
221027-10:54:43,256 nipype.interface INFO:
	 stderr 2022-10-27T10:54:43.256043:++ 3dTstat: AFNI version=AFNI_18.2.04 (Jul  6 2018) [64-bit]
221027-10:54:43,256 nipype.interface INFO:
	 stderr 2022-10-27T10:54:43.256043:++ Authored by: KR Hammett & RW Cox
221027-10:54:43,334 nipype.interface INFO:
	 stderr 2022-10-27T10:54:43.334687:** AFNI converts NIFTI_datatype=64 (FLOAT64) in file /projects/kuhl_lab/wanjiag/MONSTERA/derivatives/preprocess/sub-MONSTERA28/sub-MONSTERA28_task-09_desc-preproc_bold_trim6_denoise_z-scored.nii.gz to FLOAT32
221027-10:54:43,335 nipype.interface INFO:
	 stderr 2022-10-27T10:54:43.334687:     Warnings of this type will be muted for this session.
221027-10:54:43,335 nipype.interface INFO:
	 stderr 2022-10-27T10:54:43.334687:     Set AFNI_NIFTI_TYPE_WARN to YES to see them all, NO to see none.
221027-10:54:58,153 nipype.interface INFO:
	 stderr 2022-10-27T10:54:58.153659:++ Output dataset /projects/kuhl_lab/wanjiag/MONSTERA/derivatives/rois/sub-MONSTERA28/sub-MONSTERA28_task-09_desc-preproc_bold_trim6_denoise_z-scored_mean.nii.gz
calculating mean...output to /projects/kuhl_lab/wanjiag/MONSTERA/derivatives/rois/sub-MONSTERA28/sub-MONSTERA28_task-09_desc-preproc_bold_trim6_denoise_z-scored_mean.nii.gz
calculating mean......
3dTstat -mean -prefix /projects/kuhl_lab/wanjiag/MONSTERA/derivatives/rois/sub-MONSTERA28/sub-MONSTERA28_task-10_desc-preproc_bold_trim6_denoise_z-scored_mean.nii.gz /projects/kuhl_lab/wanjiag/MONSTERA/derivatives/preprocess/sub-MONSTERA28/sub-MONSTERA28_task-10_desc-preproc_bold_trim6_denoise_z-scored.nii.gz
221027-10:54:58,259 nipype.interface INFO:
	 stderr 2022-10-27T10:54:58.258954:++ 3dTstat: AFNI version=AFNI_18.2.04 (Jul  6 2018) [64-bit]
221027-10:54:58,259 nipype.interface INFO:
	 stderr 2022-10-27T10:54:58.258954:++ Authored by: KR Hammett & RW Cox
221027-10:54:58,299 nipype.interface INFO:
	 stderr 2022-10-27T10:54:58.299580:** AFNI converts NIFTI_datatype=64 (FLOAT64) in file /projects/kuhl_lab/wanjiag/MONSTERA/derivatives/preprocess/sub-MONSTERA28/sub-MONSTERA28_task-10_desc-preproc_bold_trim6_denoise_z-scored.nii.gz to FLOAT32
221027-10:54:58,299 nipype.interface INFO:
	 stderr 2022-10-27T10:54:58.299580:     Warnings of this type will be muted for this session.
221027-10:54:58,299 nipype.interface INFO:
	 stderr 2022-10-27T10:54:58.299580:     Set AFNI_NIFTI_TYPE_WARN to YES to see them all, NO to see none.
221027-10:55:14,42 nipype.interface INFO:
	 stderr 2022-10-27T10:55:14.042691:++ Output dataset /projects/kuhl_lab/wanjiag/MONSTERA/derivatives/rois/sub-MONSTERA28/sub-MONSTERA28_task-10_desc-preproc_bold_trim6_denoise_z-scored_mean.nii.gz
calculating mean...output to /projects/kuhl_lab/wanjiag/MONSTERA/derivatives/rois/sub-MONSTERA28/sub-MONSTERA28_task-10_desc-preproc_bold_trim6_denoise_z-scored_mean.nii.gz
fslmaths /projects/kuhl_lab/wanjiag/MONSTERA/derivatives/rois/sub-MONSTERA28/sub-MONSTERA28_task-01_desc-preproc_bold_trim6_denoise_z-scored_mean.nii.gz -add /projects/kuhl_lab/wanjiag/MONSTERA/derivatives/rois/sub-MONSTERA28/sub-MONSTERA28_task-02_desc-preproc_bold_trim6_denoise_z-scored_mean.nii.gz -add /projects/kuhl_lab/wanjiag/MONSTERA/derivatives/rois/sub-MONSTERA28/sub-MONSTERA28_task-03_desc-preproc_bold_trim6_denoise_z-scored_mean.nii.gz -add /projects/kuhl_lab/wanjiag/MONSTERA/derivatives/rois/sub-MONSTERA28/sub-MONSTERA28_task-04_desc-preproc_bold_trim6_denoise_z-scored_mean.nii.gz -add /projects/kuhl_lab/wanjiag/MONSTERA/derivatives/rois/sub-MONSTERA28/sub-MONSTERA28_task-05_desc-preproc_bold_trim6_denoise_z-scored_mean.nii.gz -add /projects/kuhl_lab/wanjiag/MONSTERA/derivatives/rois/sub-MONSTERA28/sub-MONSTERA28_task-06_desc-preproc_bold_trim6_denoise_z-scored_mean.nii.gz -add /projects/kuhl_lab/wanjiag/MONSTERA/derivatives/rois/sub-MONSTERA28/sub-MONSTERA28_task-07_desc-preproc_bold_trim6_denoise_z-scored_mean.nii.gz -add /projects/kuhl_lab/wanjiag/MONSTERA/derivatives/rois/sub-MONSTERA28/sub-MONSTERA28_task-08_desc-preproc_bold_trim6_denoise_z-scored_mean.nii.gz -add /projects/kuhl_lab/wanjiag/MONSTERA/derivatives/rois/sub-MONSTERA28/sub-MONSTERA28_task-09_desc-preproc_bold_trim6_denoise_z-scored_mean.nii.gz -add /projects/kuhl_lab/wanjiag/MONSTERA/derivatives/rois/sub-MONSTERA28/sub-MONSTERA28_task-10_desc-preproc_bold_trim6_denoise_z-scored_mean.nii.gz -div 10 /projects/kuhl_lab/wanjiag/MONSTERA/derivatives/rois/sub-MONSTERA28/avg_all_fmriprerp_func.nii.gz
--------------------Angular Gyrus-------------------
fslmaths /projects/kuhl_lab/wanjiag/MONSTERA/derivatives/rois/sub-MONSTERA28/aparc.a2009s+aseg.nii.gz -thr 11125 -uthr 11125 /projects/kuhl_lab/wanjiag/MONSTERA/derivatives/rois/sub-MONSTERA28/ctx_lh_G_pariet_inf-Angular.nii.gz
fslmaths /projects/kuhl_lab/wanjiag/MONSTERA/derivatives/rois/sub-MONSTERA28/aparc.a2009s+aseg.nii.gz -thr 12125 -uthr 12125 /projects/kuhl_lab/wanjiag/MONSTERA/derivatives/rois/sub-MONSTERA28/ctx_rh_G_pariet_inf-Angular.nii.gz
fslmaths /projects/kuhl_lab/wanjiag/MONSTERA/derivatives/rois/sub-MONSTERA28/ctx_lh_G_pariet_inf-Angular.nii.gz -add /projects/kuhl_lab/wanjiag/MONSTERA/derivatives/rois/sub-MONSTERA28/ctx_rh_G_pariet_inf-Angular.nii.gz -bin /projects/kuhl_lab/wanjiag/MONSTERA/derivatives/rois/sub-MONSTERA28/angular_gyrus.nii.gz
flirt -in /projects/kuhl_lab/wanjiag/MONSTERA/derivatives/rois/sub-MONSTERA28/angular_gyrus.nii.gz -ref /projects/kuhl_lab/wanjiag/MONSTERA/derivatives/rois/sub-MONSTERA28/avg_all_fmriprerp_func.nii.gz -out /projects/kuhl_lab/wanjiag/MONSTERA/derivatives/rois/sub-MONSTERA28/angular_gyrus_2_epi.nii.gz -omat /projects/kuhl_lab/wanjiag/MONSTERA/derivatives/rois/sub-MONSTERA28/angular_gyrus_2_epi.mat -applyxfm -usesqform
fslmaths /projects/kuhl_lab/wanjiag/MONSTERA/derivatives/rois/sub-MONSTERA28/angular_gyrus_2_epi.nii.gz -thr 0.5000000000 -bin /projects/kuhl_lab/wanjiag/MONSTERA/derivatives/rois/sub-MONSTERA28/angular_gyrus_2_epi_thre_0.5.nii.gz
--------------------Whole Hippocampus-------------------
fslmaths /projects/kuhl_lab/wanjiag/MONSTERA/derivatives/rois/sub-MONSTERA28/run-5_desc-aparcaseg_dseg.nii.gz -thr 17 -uthr 17 /projects/kuhl_lab/wanjiag/MONSTERA/derivatives/rois/sub-MONSTERA28/Left-Hippocampus.nii.gz
fslmaths /projects/kuhl_lab/wanjiag/MONSTERA/derivatives/rois/sub-MONSTERA28/run-5_desc-aparcaseg_dseg.nii.gz -thr 53 -uthr 53 /projects/kuhl_lab/wanjiag/MONSTERA/derivatives/rois/sub-MONSTERA28/Right-Hippocampus.nii.gz
fslmaths /projects/kuhl_lab/wanjiag/MONSTERA/derivatives/rois/sub-MONSTERA28/Left-Hippocampus.nii.gz -add /projects/kuhl_lab/wanjiag/MONSTERA/derivatives/rois/sub-MONSTERA28/Right-Hippocampus.nii.gz -bin /projects/kuhl_lab/wanjiag/MONSTERA/derivatives/rois/sub-MONSTERA28/hippocampus.nii.gz
flirt -in /projects/kuhl_lab/wanjiag/MONSTERA/derivatives/rois/sub-MONSTERA28/hippocampus.nii.gz -ref /projects/kuhl_lab/wanjiag/MONSTERA/derivatives/rois/sub-MONSTERA28/avg_all_fmriprerp_func.nii.gz -out /projects/kuhl_lab/wanjiag/MONSTERA/derivatives/rois/sub-MONSTERA28/hippocampus_2_epi.nii.gz -omat /projects/kuhl_lab/wanjiag/MONSTERA/derivatives/rois/sub-MONSTERA28/hippocampus_2_epi.mat -applyxfm -usesqform
fslmaths /projects/kuhl_lab/wanjiag/MONSTERA/derivatives/rois/sub-MONSTERA28/hippocampus_2_epi.nii.gz -thr 0.5000000000 -bin /projects/kuhl_lab/wanjiag/MONSTERA/derivatives/rois/sub-MONSTERA28/hippocampus_2_epi_thre_0.5.nii.gz
--------------------PPA-------------------
/home/wanjiag/projects/MONSTERA/derivatives/rois/mni/ppa/ppa.nii.gz 
 /projects/kuhl_lab/wanjiag/MONSTERA/derivatives/rois/sub-MONSTERA28/avg_all_fmriprerp_func.nii.gz 
 /projects/kuhl_lab/wanjiag/MONSTERA/derivatives/fmriprep/sub-MONSTERA28/anat/sub-MONSTERA28_run-5_from-MNI152NLin2009cAsym_to-T1w_mode-image_xfm.h5 
 /projects/kuhl_lab/wanjiag/MONSTERA/derivatives/rois/sub-MONSTERA28
antsApplyTransforms --default-value 0 --dimensionality 3 --float 0 --input /home/wanjiag/projects/MONSTERA/derivatives/rois/mni/ppa/ppa.nii.gz --interpolation Linear --output /projects/kuhl_lab/wanjiag/MONSTERA/derivatives/rois/sub-MONSTERA28/ppa_mni_2_epi.nii.gz --reference-image /projects/kuhl_lab/wanjiag/MONSTERA/derivatives/rois/sub-MONSTERA28/avg_all_fmriprerp_func.nii.gz --transform /projects/kuhl_lab/wanjiag/MONSTERA/derivatives/fmriprep/sub-MONSTERA28/anat/sub-MONSTERA28_run-5_from-MNI152NLin2009cAsym_to-T1w_mode-image_xfm.h5
fslmaths /projects/kuhl_lab/wanjiag/MONSTERA/derivatives/rois/sub-MONSTERA28/ppa_mni_2_epi.nii.gz -thr 0.5000000000 -bin /projects/kuhl_lab/wanjiag/MONSTERA/derivatives/rois/sub-MONSTERA28/ppa_mni_2_epi_thr_0.5.nii.gz
--------------------EVC-------------------
/home/wanjiag/projects/MONSTERA/derivatives/rois/mni/visual_cortex/subj_vol_all 
 /projects/kuhl_lab/wanjiag/MONSTERA/derivatives/rois/sub-MONSTERA28/avg_all_fmriprerp_func.nii.gz 
 /projects/kuhl_lab/wanjiag/MONSTERA/derivatives/fmriprep/sub-MONSTERA28/anat/sub-MONSTERA28_run-5_from-MNI152NLin2009cAsym_to-T1w_mode-image_xfm.h5 
 /projects/kuhl_lab/wanjiag/MONSTERA/derivatives/rois/sub-MONSTERA28
antsApplyTransforms --default-value 0 --dimensionality 3 --float 0 --input /home/wanjiag/projects/MONSTERA/derivatives/rois/mni/visual_cortex/subj_vol_all/perc_VTPM_vol_roi1_lh.nii.gz --interpolation Linear --output /projects/kuhl_lab/wanjiag/MONSTERA/derivatives/rois/sub-MONSTERA28/perc_VTPM_vol_roi1_lh_2_epi.nii.gz --reference-image /projects/kuhl_lab/wanjiag/MONSTERA/derivatives/rois/sub-MONSTERA28/avg_all_fmriprerp_func.nii.gz --transform /projects/kuhl_lab/wanjiag/MONSTERA/derivatives/fmriprep/sub-MONSTERA28/anat/sub-MONSTERA28_run-5_from-MNI152NLin2009cAsym_to-T1w_mode-image_xfm.h5
fslmaths /projects/kuhl_lab/wanjiag/MONSTERA/derivatives/rois/sub-MONSTERA28/perc_VTPM_vol_roi1_lh_2_epi.nii.gz -thr 50.0000000000 -bin /projects/kuhl_lab/wanjiag/MONSTERA/derivatives/rois/sub-MONSTERA28/perc_VTPM_vol_roi1_lh_2_epi_thr_50.nii.gz
antsApplyTransforms --default-value 0 --dimensionality 3 --float 0 --input /home/wanjiag/projects/MONSTERA/derivatives/rois/mni/visual_cortex/subj_vol_all/perc_VTPM_vol_roi1_rh.nii.gz --interpolation Linear --output /projects/kuhl_lab/wanjiag/MONSTERA/derivatives/rois/sub-MONSTERA28/perc_VTPM_vol_roi1_rh_2_epi.nii.gz --reference-image /projects/kuhl_lab/wanjiag/MONSTERA/derivatives/rois/sub-MONSTERA28/avg_all_fmriprerp_func.nii.gz --transform /projects/kuhl_lab/wanjiag/MONSTERA/derivatives/fmriprep/sub-MONSTERA28/anat/sub-MONSTERA28_run-5_from-MNI152NLin2009cAsym_to-T1w_mode-image_xfm.h5
fslmaths /projects/kuhl_lab/wanjiag/MONSTERA/derivatives/rois/sub-MONSTERA28/perc_VTPM_vol_roi1_rh_2_epi.nii.gz -thr 50.0000000000 -bin /projects/kuhl_lab/wanjiag/MONSTERA/derivatives/rois/sub-MONSTERA28/perc_VTPM_vol_roi1_rh_2_epi_thr_50.nii.gz
antsApplyTransforms --default-value 0 --dimensionality 3 --float 0 --input /home/wanjiag/projects/MONSTERA/derivatives/rois/mni/visual_cortex/subj_vol_all/perc_VTPM_vol_roi2_lh.nii.gz --interpolation Linear --output /projects/kuhl_lab/wanjiag/MONSTERA/derivatives/rois/sub-MONSTERA28/perc_VTPM_vol_roi2_lh_2_epi.nii.gz --reference-image /projects/kuhl_lab/wanjiag/MONSTERA/derivatives/rois/sub-MONSTERA28/avg_all_fmriprerp_func.nii.gz --transform /projects/kuhl_lab/wanjiag/MONSTERA/derivatives/fmriprep/sub-MONSTERA28/anat/sub-MONSTERA28_run-5_from-MNI152NLin2009cAsym_to-T1w_mode-image_xfm.h5
fslmaths /projects/kuhl_lab/wanjiag/MONSTERA/derivatives/rois/sub-MONSTERA28/perc_VTPM_vol_roi2_lh_2_epi.nii.gz -thr 50.0000000000 -bin /projects/kuhl_lab/wanjiag/MONSTERA/derivatives/rois/sub-MONSTERA28/perc_VTPM_vol_roi2_lh_2_epi_thr_50.nii.gz
antsApplyTransforms --default-value 0 --dimensionality 3 --float 0 --input /home/wanjiag/projects/MONSTERA/derivatives/rois/mni/visual_cortex/subj_vol_all/perc_VTPM_vol_roi2_rh.nii.gz --interpolation Linear --output /projects/kuhl_lab/wanjiag/MONSTERA/derivatives/rois/sub-MONSTERA28/perc_VTPM_vol_roi2_rh_2_epi.nii.gz --reference-image /projects/kuhl_lab/wanjiag/MONSTERA/derivatives/rois/sub-MONSTERA28/avg_all_fmriprerp_func.nii.gz --transform /projects/kuhl_lab/wanjiag/MONSTERA/derivatives/fmriprep/sub-MONSTERA28/anat/sub-MONSTERA28_run-5_from-MNI152NLin2009cAsym_to-T1w_mode-image_xfm.h5
fslmaths /projects/kuhl_lab/wanjiag/MONSTERA/derivatives/rois/sub-MONSTERA28/perc_VTPM_vol_roi2_rh_2_epi.nii.gz -thr 50.0000000000 -bin /projects/kuhl_lab/wanjiag/MONSTERA/derivatives/rois/sub-MONSTERA28/perc_VTPM_vol_roi2_rh_2_epi_thr_50.nii.gz
fslmaths /projects/kuhl_lab/wanjiag/MONSTERA/derivatives/rois/sub-MONSTERA28/perc_VTPM_vol_roi1_lh_2_epi_thr_50.nii.gz -add /projects/kuhl_lab/wanjiag/MONSTERA/derivatives/rois/sub-MONSTERA28/perc_VTPM_vol_roi1_rh_2_epi_thr_50.nii.gz -add /projects/kuhl_lab/wanjiag/MONSTERA/derivatives/rois/sub-MONSTERA28/perc_VTPM_vol_roi2_lh_2_epi_thr_50.nii.gz -add /projects/kuhl_lab/wanjiag/MONSTERA/derivatives/rois/sub-MONSTERA28/perc_VTPM_vol_roi2_rh_2_epi_thr_50.nii.gz -bin /projects/kuhl_lab/wanjiag/MONSTERA/derivatives/rois/sub-MONSTERA28/evc_2_epi_thr_0.5.nii.gz
221027-10:55:50,227 nipype.utils WARNING:
	 A newer version (1.8.4) of nipy/nipype is available. You are using 1.7.1
flirt -in /home/wanjiag/projects/MONSTERA/derivatives/rois/ASHS/sub-MONSTERA27/tse.nii.gz -ref /home/wanjiag/projects/MONSTERA/derivatives/fmriprep/sub-MONSTERA27/anat/sub-MONSTERA27_run-5_desc-preproc_T1w.nii.gz -out /home/wanjiag/projects/MONSTERA/derivatives/rois/sub-MONSTERA27/ashs/T2_to_T1.nii.gz -omat /home/wanjiag/projects/MONSTERA/derivatives/rois/sub-MONSTERA27/ashs/T2_to_T1.mat -cost mutualinfo -dof 6
---------------------Whole hippocampus: sub-MONSTERA27----------------------
fslmaths /home/wanjiag/projects/MONSTERA/derivatives/rois/ASHS/sub-MONSTERA27/final/sub-MONSTERA27_left_lfseg_corr_nogray.nii.gz -thr 1 -uthr 1 -bin /home/wanjiag/projects/MONSTERA/derivatives/rois/sub-MONSTERA27/ashs/whole/left-ca1_T2w-space.nii.gz
fslmaths /home/wanjiag/projects/MONSTERA/derivatives/rois/ASHS/sub-MONSTERA27/final/sub-MONSTERA27_right_lfseg_corr_nogray.nii.gz -thr 1 -uthr 1 -bin /home/wanjiag/projects/MONSTERA/derivatives/rois/sub-MONSTERA27/ashs/whole/right-ca1_T2w-space.nii.gz
fslmaths /home/wanjiag/projects/MONSTERA/derivatives/rois/sub-MONSTERA27/ashs/whole/left-ca1_T2w-space.nii.gz -add /home/wanjiag/projects/MONSTERA/derivatives/rois/sub-MONSTERA27/ashs/whole/right-ca1_T2w-space.nii.gz /home/wanjiag/projects/MONSTERA/derivatives/rois/sub-MONSTERA27/ashs/whole/ca1_T2w-space.nii.gz
flirt -in /home/wanjiag/projects/MONSTERA/derivatives/rois/sub-MONSTERA27/ashs/whole/ca1_T2w-space.nii.gz -ref /home/wanjiag/projects/MONSTERA/derivatives/fmriprep/sub-MONSTERA27/anat/sub-MONSTERA27_run-5_desc-preproc_T1w.nii.gz -out /home/wanjiag/projects/MONSTERA/derivatives/rois/sub-MONSTERA27/ashs/whole/ca1_T2w-to-T1-space.nii.gz -omat /home/wanjiag/projects/MONSTERA/derivatives/rois/sub-MONSTERA27/ashs/whole/ca1_T2w-to-T1-space.mat -applyxfm -init /home/wanjiag/projects/MONSTERA/derivatives/rois/sub-MONSTERA27/ashs/T2_to_T1.mat
flirt -in /home/wanjiag/projects/MONSTERA/derivatives/rois/sub-MONSTERA27/ashs/whole/ca1_T2w-to-T1-space.nii.gz -ref /home/wanjiag/projects/MONSTERA/derivatives/rois/sub-MONSTERA27/avg_all_fmriprerp_func.nii.gz -out /home/wanjiag/projects/MONSTERA/derivatives/rois/sub-MONSTERA27/ashs/whole/ca1_epi-space.nii.gz -omat /home/wanjiag/projects/MONSTERA/derivatives/rois/sub-MONSTERA27/ashs/whole/ca1_epi-space.mat -applyxfm -usesqform
fslmaths /home/wanjiag/projects/MONSTERA/derivatives/rois/sub-MONSTERA27/ashs/whole/ca1_epi-space.nii.gz -thr 0.5000000000 -bin /home/wanjiag/projects/MONSTERA/derivatives/rois/sub-MONSTERA27/ashs/whole/ca1_epi-space_thre_0.5.nii.gz
fslmaths /home/wanjiag/projects/MONSTERA/derivatives/rois/ASHS/sub-MONSTERA27/final/sub-MONSTERA27_left_lfseg_corr_nogray.nii.gz -thr 2 -uthr 4 -bin /home/wanjiag/projects/MONSTERA/derivatives/rois/sub-MONSTERA27/ashs/whole/left-ca23dg_T2w-space.nii.gz
fslmaths /home/wanjiag/projects/MONSTERA/derivatives/rois/ASHS/sub-MONSTERA27/final/sub-MONSTERA27_right_lfseg_corr_nogray.nii.gz -thr 2 -uthr 4 -bin /home/wanjiag/projects/MONSTERA/derivatives/rois/sub-MONSTERA27/ashs/whole/right-ca23dg_T2w-space.nii.gz
fslmaths /home/wanjiag/projects/MONSTERA/derivatives/rois/sub-MONSTERA27/ashs/whole/left-ca23dg_T2w-space.nii.gz -add /home/wanjiag/projects/MONSTERA/derivatives/rois/sub-MONSTERA27/ashs/whole/right-ca23dg_T2w-space.nii.gz /home/wanjiag/projects/MONSTERA/derivatives/rois/sub-MONSTERA27/ashs/whole/ca23dg_T2w-space.nii.gz
flirt -in /home/wanjiag/projects/MONSTERA/derivatives/rois/sub-MONSTERA27/ashs/whole/ca23dg_T2w-space.nii.gz -ref /home/wanjiag/projects/MONSTERA/derivatives/fmriprep/sub-MONSTERA27/anat/sub-MONSTERA27_run-5_desc-preproc_T1w.nii.gz -out /home/wanjiag/projects/MONSTERA/derivatives/rois/sub-MONSTERA27/ashs/whole/ca23dg_T2w-to-T1-space.nii.gz -omat /home/wanjiag/projects/MONSTERA/derivatives/rois/sub-MONSTERA27/ashs/whole/ca23dg_T2w-to-T1-space.mat -applyxfm -init /home/wanjiag/projects/MONSTERA/derivatives/rois/sub-MONSTERA27/ashs/T2_to_T1.mat
flirt -in /home/wanjiag/projects/MONSTERA/derivatives/rois/sub-MONSTERA27/ashs/whole/ca23dg_T2w-to-T1-space.nii.gz -ref /home/wanjiag/projects/MONSTERA/derivatives/rois/sub-MONSTERA27/avg_all_fmriprerp_func.nii.gz -out /home/wanjiag/projects/MONSTERA/derivatives/rois/sub-MONSTERA27/ashs/whole/ca23dg_epi-space.nii.gz -omat /home/wanjiag/projects/MONSTERA/derivatives/rois/sub-MONSTERA27/ashs/whole/ca23dg_epi-space.mat -applyxfm -usesqform
fslmaths /home/wanjiag/projects/MONSTERA/derivatives/rois/sub-MONSTERA27/ashs/whole/ca23dg_epi-space.nii.gz -thr 0.5000000000 -bin /home/wanjiag/projects/MONSTERA/derivatives/rois/sub-MONSTERA27/ashs/whole/ca23dg_epi-space_thre_0.5.nii.gz
---------------------Hippocampus body: sub-MONSTERA27----------------------
fslroi /home/wanjiag/projects/MONSTERA/derivatives/rois/ASHS/sub-MONSTERA27/final/sub-MONSTERA27_left_lfseg_corr_nogray.nii.gz /home/wanjiag/projects/MONSTERA/derivatives/rois/sub-MONSTERA27/ashs/body/sub-MONSTERA27_left_body_nogray.nii.gz 0 -1 0 -1 31 9
fslroi /home/wanjiag/projects/MONSTERA/derivatives/rois/ASHS/empty_t2.nii.gz /home/wanjiag/projects/MONSTERA/derivatives/rois/sub-MONSTERA27/ashs/body/front_empty.nii.gz 0 -1 0 -1 0 30
fslroi /home/wanjiag/projects/MONSTERA/derivatives/rois/ASHS/empty_t2.nii.gz /home/wanjiag/projects/MONSTERA/derivatives/rois/sub-MONSTERA27/ashs/body/end_empty.nii.gz 0 -1 0 -1 0 26
fslroi /home/wanjiag/projects/MONSTERA/derivatives/rois/ASHS/sub-MONSTERA27/final/sub-MONSTERA27_right_lfseg_corr_nogray.nii.gz /home/wanjiag/projects/MONSTERA/derivatives/rois/sub-MONSTERA27/ashs/body/sub-MONSTERA27_right_body_nogray.nii.gz 0 -1 0 -1 30 10
fslroi /home/wanjiag/projects/MONSTERA/derivatives/rois/ASHS/empty_t2.nii.gz /home/wanjiag/projects/MONSTERA/derivatives/rois/sub-MONSTERA27/ashs/body/front_empty.nii.gz 0 -1 0 -1 0 29
fslroi /home/wanjiag/projects/MONSTERA/derivatives/rois/ASHS/empty_t2.nii.gz /home/wanjiag/projects/MONSTERA/derivatives/rois/sub-MONSTERA27/ashs/body/end_empty.nii.gz 0 -1 0 -1 0 26
fslmaths /home/wanjiag/projects/MONSTERA/derivatives/rois/sub-MONSTERA27/ashs/body/sub-MONSTERA27_left_body_nogray.nii.gz -thr 1 -uthr 1 -bin /home/wanjiag/projects/MONSTERA/derivatives/rois/sub-MONSTERA27/ashs/body/left-ca1-body_T2w-space.nii.gz
fslmaths /home/wanjiag/projects/MONSTERA/derivatives/rois/sub-MONSTERA27/ashs/body/sub-MONSTERA27_right_body_nogray.nii.gz -thr 1 -uthr 1 -bin /home/wanjiag/projects/MONSTERA/derivatives/rois/sub-MONSTERA27/ashs/body/right-ca1-body_T2w-space.nii.gz
fslmaths /home/wanjiag/projects/MONSTERA/derivatives/rois/sub-MONSTERA27/ashs/body/left-ca1-body_T2w-space.nii.gz -add /home/wanjiag/projects/MONSTERA/derivatives/rois/sub-MONSTERA27/ashs/body/right-ca1-body_T2w-space.nii.gz /home/wanjiag/projects/MONSTERA/derivatives/rois/sub-MONSTERA27/ashs/body/ca1-body_T2w-space.nii.gz
flirt -in /home/wanjiag/projects/MONSTERA/derivatives/rois/sub-MONSTERA27/ashs/body/ca1-body_T2w-space.nii.gz -ref /home/wanjiag/projects/MONSTERA/derivatives/fmriprep/sub-MONSTERA27/anat/sub-MONSTERA27_run-5_desc-preproc_T1w.nii.gz -out /home/wanjiag/projects/MONSTERA/derivatives/rois/sub-MONSTERA27/ashs/body/ca1-body_T2w-to-T1-space.nii.gz -omat /home/wanjiag/projects/MONSTERA/derivatives/rois/sub-MONSTERA27/ashs/body/ca1-body_T2w-to-T1-space.mat -applyxfm -init /home/wanjiag/projects/MONSTERA/derivatives/rois/sub-MONSTERA27/ashs/T2_to_T1.mat
flirt -in /home/wanjiag/projects/MONSTERA/derivatives/rois/sub-MONSTERA27/ashs/body/ca1-body_T2w-to-T1-space.nii.gz -ref /home/wanjiag/projects/MONSTERA/derivatives/rois/sub-MONSTERA27/avg_all_fmriprerp_func.nii.gz -out /home/wanjiag/projects/MONSTERA/derivatives/rois/sub-MONSTERA27/ashs/body/ca1-body_epi-space.nii.gz -omat /home/wanjiag/projects/MONSTERA/derivatives/rois/sub-MONSTERA27/ashs/body/ca1-body_epi-space.mat -applyxfm -usesqform
fslmaths /home/wanjiag/projects/MONSTERA/derivatives/rois/sub-MONSTERA27/ashs/body/ca1-body_epi-space.nii.gz -thr 0.5000000000 -bin /home/wanjiag/projects/MONSTERA/derivatives/rois/sub-MONSTERA27/ashs/body/ca1-body_epi-space_thre_0.5.nii.gz
fslmaths /home/wanjiag/projects/MONSTERA/derivatives/rois/sub-MONSTERA27/ashs/body/sub-MONSTERA27_left_body_nogray.nii.gz -thr 2 -uthr 4 -bin /home/wanjiag/projects/MONSTERA/derivatives/rois/sub-MONSTERA27/ashs/body/left-ca23dg-body_T2w-space.nii.gz
fslmaths /home/wanjiag/projects/MONSTERA/derivatives/rois/sub-MONSTERA27/ashs/body/sub-MONSTERA27_right_body_nogray.nii.gz -thr 2 -uthr 4 -bin /home/wanjiag/projects/MONSTERA/derivatives/rois/sub-MONSTERA27/ashs/body/right-ca23dg-body_T2w-space.nii.gz
fslmaths /home/wanjiag/projects/MONSTERA/derivatives/rois/sub-MONSTERA27/ashs/body/left-ca23dg-body_T2w-space.nii.gz -add /home/wanjiag/projects/MONSTERA/derivatives/rois/sub-MONSTERA27/ashs/body/right-ca23dg-body_T2w-space.nii.gz /home/wanjiag/projects/MONSTERA/derivatives/rois/sub-MONSTERA27/ashs/body/ca23dg-body_T2w-space.nii.gz
flirt -in /home/wanjiag/projects/MONSTERA/derivatives/rois/sub-MONSTERA27/ashs/body/ca23dg-body_T2w-space.nii.gz -ref /home/wanjiag/projects/MONSTERA/derivatives/fmriprep/sub-MONSTERA27/anat/sub-MONSTERA27_run-5_desc-preproc_T1w.nii.gz -out /home/wanjiag/projects/MONSTERA/derivatives/rois/sub-MONSTERA27/ashs/body/ca23dg-body_T2w-to-T1-space.nii.gz -omat /home/wanjiag/projects/MONSTERA/derivatives/rois/sub-MONSTERA27/ashs/body/ca23dg-body_T2w-to-T1-space.mat -applyxfm -init /home/wanjiag/projects/MONSTERA/derivatives/rois/sub-MONSTERA27/ashs/T2_to_T1.mat
flirt -in /home/wanjiag/projects/MONSTERA/derivatives/rois/sub-MONSTERA27/ashs/body/ca23dg-body_T2w-to-T1-space.nii.gz -ref /home/wanjiag/projects/MONSTERA/derivatives/rois/sub-MONSTERA27/avg_all_fmriprerp_func.nii.gz -out /home/wanjiag/projects/MONSTERA/derivatives/rois/sub-MONSTERA27/ashs/body/ca23dg-body_epi-space.nii.gz -omat /home/wanjiag/projects/MONSTERA/derivatives/rois/sub-MONSTERA27/ashs/body/ca23dg-body_epi-space.mat -applyxfm -usesqform
fslmaths /home/wanjiag/projects/MONSTERA/derivatives/rois/sub-MONSTERA27/ashs/body/ca23dg-body_epi-space.nii.gz -thr 0.5000000000 -bin /home/wanjiag/projects/MONSTERA/derivatives/rois/sub-MONSTERA27/ashs/body/ca23dg-body_epi-space_thre_0.5.nii.gz
flirt -in /home/wanjiag/projects/MONSTERA/derivatives/rois/ASHS/sub-MONSTERA28/tse.nii.gz -ref /home/wanjiag/projects/MONSTERA/derivatives/fmriprep/sub-MONSTERA28/anat/sub-MONSTERA28_run-5_desc-preproc_T1w.nii.gz -out /home/wanjiag/projects/MONSTERA/derivatives/rois/sub-MONSTERA28/ashs/T2_to_T1.nii.gz -omat /home/wanjiag/projects/MONSTERA/derivatives/rois/sub-MONSTERA28/ashs/T2_to_T1.mat -cost mutualinfo -dof 6
---------------------Whole hippocampus: sub-MONSTERA28----------------------
fslmaths /home/wanjiag/projects/MONSTERA/derivatives/rois/ASHS/sub-MONSTERA28/final/sub-MONSTERA28_left_lfseg_corr_nogray.nii.gz -thr 1 -uthr 1 -bin /home/wanjiag/projects/MONSTERA/derivatives/rois/sub-MONSTERA28/ashs/whole/left-ca1_T2w-space.nii.gz
fslmaths /home/wanjiag/projects/MONSTERA/derivatives/rois/ASHS/sub-MONSTERA28/final/sub-MONSTERA28_right_lfseg_corr_nogray.nii.gz -thr 1 -uthr 1 -bin /home/wanjiag/projects/MONSTERA/derivatives/rois/sub-MONSTERA28/ashs/whole/right-ca1_T2w-space.nii.gz
fslmaths /home/wanjiag/projects/MONSTERA/derivatives/rois/sub-MONSTERA28/ashs/whole/left-ca1_T2w-space.nii.gz -add /home/wanjiag/projects/MONSTERA/derivatives/rois/sub-MONSTERA28/ashs/whole/right-ca1_T2w-space.nii.gz /home/wanjiag/projects/MONSTERA/derivatives/rois/sub-MONSTERA28/ashs/whole/ca1_T2w-space.nii.gz
flirt -in /home/wanjiag/projects/MONSTERA/derivatives/rois/sub-MONSTERA28/ashs/whole/ca1_T2w-space.nii.gz -ref /home/wanjiag/projects/MONSTERA/derivatives/fmriprep/sub-MONSTERA28/anat/sub-MONSTERA28_run-5_desc-preproc_T1w.nii.gz -out /home/wanjiag/projects/MONSTERA/derivatives/rois/sub-MONSTERA28/ashs/whole/ca1_T2w-to-T1-space.nii.gz -omat /home/wanjiag/projects/MONSTERA/derivatives/rois/sub-MONSTERA28/ashs/whole/ca1_T2w-to-T1-space.mat -applyxfm -init /home/wanjiag/projects/MONSTERA/derivatives/rois/sub-MONSTERA28/ashs/T2_to_T1.mat
flirt -in /home/wanjiag/projects/MONSTERA/derivatives/rois/sub-MONSTERA28/ashs/whole/ca1_T2w-to-T1-space.nii.gz -ref /home/wanjiag/projects/MONSTERA/derivatives/rois/sub-MONSTERA28/avg_all_fmriprerp_func.nii.gz -out /home/wanjiag/projects/MONSTERA/derivatives/rois/sub-MONSTERA28/ashs/whole/ca1_epi-space.nii.gz -omat /home/wanjiag/projects/MONSTERA/derivatives/rois/sub-MONSTERA28/ashs/whole/ca1_epi-space.mat -applyxfm -usesqform
fslmaths /home/wanjiag/projects/MONSTERA/derivatives/rois/sub-MONSTERA28/ashs/whole/ca1_epi-space.nii.gz -thr 0.5000000000 -bin /home/wanjiag/projects/MONSTERA/derivatives/rois/sub-MONSTERA28/ashs/whole/ca1_epi-space_thre_0.5.nii.gz
fslmaths /home/wanjiag/projects/MONSTERA/derivatives/rois/ASHS/sub-MONSTERA28/final/sub-MONSTERA28_left_lfseg_corr_nogray.nii.gz -thr 2 -uthr 4 -bin /home/wanjiag/projects/MONSTERA/derivatives/rois/sub-MONSTERA28/ashs/whole/left-ca23dg_T2w-space.nii.gz
fslmaths /home/wanjiag/projects/MONSTERA/derivatives/rois/ASHS/sub-MONSTERA28/final/sub-MONSTERA28_right_lfseg_corr_nogray.nii.gz -thr 2 -uthr 4 -bin /home/wanjiag/projects/MONSTERA/derivatives/rois/sub-MONSTERA28/ashs/whole/right-ca23dg_T2w-space.nii.gz
fslmaths /home/wanjiag/projects/MONSTERA/derivatives/rois/sub-MONSTERA28/ashs/whole/left-ca23dg_T2w-space.nii.gz -add /home/wanjiag/projects/MONSTERA/derivatives/rois/sub-MONSTERA28/ashs/whole/right-ca23dg_T2w-space.nii.gz /home/wanjiag/projects/MONSTERA/derivatives/rois/sub-MONSTERA28/ashs/whole/ca23dg_T2w-space.nii.gz
flirt -in /home/wanjiag/projects/MONSTERA/derivatives/rois/sub-MONSTERA28/ashs/whole/ca23dg_T2w-space.nii.gz -ref /home/wanjiag/projects/MONSTERA/derivatives/fmriprep/sub-MONSTERA28/anat/sub-MONSTERA28_run-5_desc-preproc_T1w.nii.gz -out /home/wanjiag/projects/MONSTERA/derivatives/rois/sub-MONSTERA28/ashs/whole/ca23dg_T2w-to-T1-space.nii.gz -omat /home/wanjiag/projects/MONSTERA/derivatives/rois/sub-MONSTERA28/ashs/whole/ca23dg_T2w-to-T1-space.mat -applyxfm -init /home/wanjiag/projects/MONSTERA/derivatives/rois/sub-MONSTERA28/ashs/T2_to_T1.mat
flirt -in /home/wanjiag/projects/MONSTERA/derivatives/rois/sub-MONSTERA28/ashs/whole/ca23dg_T2w-to-T1-space.nii.gz -ref /home/wanjiag/projects/MONSTERA/derivatives/rois/sub-MONSTERA28/avg_all_fmriprerp_func.nii.gz -out /home/wanjiag/projects/MONSTERA/derivatives/rois/sub-MONSTERA28/ashs/whole/ca23dg_epi-space.nii.gz -omat /home/wanjiag/projects/MONSTERA/derivatives/rois/sub-MONSTERA28/ashs/whole/ca23dg_epi-space.mat -applyxfm -usesqform
fslmaths /home/wanjiag/projects/MONSTERA/derivatives/rois/sub-MONSTERA28/ashs/whole/ca23dg_epi-space.nii.gz -thr 0.5000000000 -bin /home/wanjiag/projects/MONSTERA/derivatives/rois/sub-MONSTERA28/ashs/whole/ca23dg_epi-space_thre_0.5.nii.gz
---------------------Hippocampus body: sub-MONSTERA28----------------------
fslroi /home/wanjiag/projects/MONSTERA/derivatives/rois/ASHS/sub-MONSTERA28/final/sub-MONSTERA28_left_lfseg_corr_nogray.nii.gz /home/wanjiag/projects/MONSTERA/derivatives/rois/sub-MONSTERA28/ashs/body/sub-MONSTERA28_left_body_nogray.nii.gz 0 -1 0 -1 32 12
fslroi /home/wanjiag/projects/MONSTERA/derivatives/rois/ASHS/empty_t2.nii.gz /home/wanjiag/projects/MONSTERA/derivatives/rois/sub-MONSTERA28/ashs/body/front_empty.nii.gz 0 -1 0 -1 0 31
fslroi /home/wanjiag/projects/MONSTERA/derivatives/rois/ASHS/empty_t2.nii.gz /home/wanjiag/projects/MONSTERA/derivatives/rois/sub-MONSTERA28/ashs/body/end_empty.nii.gz 0 -1 0 -1 0 22
fslroi /home/wanjiag/projects/MONSTERA/derivatives/rois/ASHS/sub-MONSTERA28/final/sub-MONSTERA28_right_lfseg_corr_nogray.nii.gz /home/wanjiag/projects/MONSTERA/derivatives/rois/sub-MONSTERA28/ashs/body/sub-MONSTERA28_right_body_nogray.nii.gz 0 -1 0 -1 32 12
fslroi /home/wanjiag/projects/MONSTERA/derivatives/rois/ASHS/empty_t2.nii.gz /home/wanjiag/projects/MONSTERA/derivatives/rois/sub-MONSTERA28/ashs/body/front_empty.nii.gz 0 -1 0 -1 0 31
fslroi /home/wanjiag/projects/MONSTERA/derivatives/rois/ASHS/empty_t2.nii.gz /home/wanjiag/projects/MONSTERA/derivatives/rois/sub-MONSTERA28/ashs/body/end_empty.nii.gz 0 -1 0 -1 0 22
fslmaths /home/wanjiag/projects/MONSTERA/derivatives/rois/sub-MONSTERA28/ashs/body/sub-MONSTERA28_left_body_nogray.nii.gz -thr 1 -uthr 1 -bin /home/wanjiag/projects/MONSTERA/derivatives/rois/sub-MONSTERA28/ashs/body/left-ca1-body_T2w-space.nii.gz
fslmaths /home/wanjiag/projects/MONSTERA/derivatives/rois/sub-MONSTERA28/ashs/body/sub-MONSTERA28_right_body_nogray.nii.gz -thr 1 -uthr 1 -bin /home/wanjiag/projects/MONSTERA/derivatives/rois/sub-MONSTERA28/ashs/body/right-ca1-body_T2w-space.nii.gz
fslmaths /home/wanjiag/projects/MONSTERA/derivatives/rois/sub-MONSTERA28/ashs/body/left-ca1-body_T2w-space.nii.gz -add /home/wanjiag/projects/MONSTERA/derivatives/rois/sub-MONSTERA28/ashs/body/right-ca1-body_T2w-space.nii.gz /home/wanjiag/projects/MONSTERA/derivatives/rois/sub-MONSTERA28/ashs/body/ca1-body_T2w-space.nii.gz
flirt -in /home/wanjiag/projects/MONSTERA/derivatives/rois/sub-MONSTERA28/ashs/body/ca1-body_T2w-space.nii.gz -ref /home/wanjiag/projects/MONSTERA/derivatives/fmriprep/sub-MONSTERA28/anat/sub-MONSTERA28_run-5_desc-preproc_T1w.nii.gz -out /home/wanjiag/projects/MONSTERA/derivatives/rois/sub-MONSTERA28/ashs/body/ca1-body_T2w-to-T1-space.nii.gz -omat /home/wanjiag/projects/MONSTERA/derivatives/rois/sub-MONSTERA28/ashs/body/ca1-body_T2w-to-T1-space.mat -applyxfm -init /home/wanjiag/projects/MONSTERA/derivatives/rois/sub-MONSTERA28/ashs/T2_to_T1.mat
flirt -in /home/wanjiag/projects/MONSTERA/derivatives/rois/sub-MONSTERA28/ashs/body/ca1-body_T2w-to-T1-space.nii.gz -ref /home/wanjiag/projects/MONSTERA/derivatives/rois/sub-MONSTERA28/avg_all_fmriprerp_func.nii.gz -out /home/wanjiag/projects/MONSTERA/derivatives/rois/sub-MONSTERA28/ashs/body/ca1-body_epi-space.nii.gz -omat /home/wanjiag/projects/MONSTERA/derivatives/rois/sub-MONSTERA28/ashs/body/ca1-body_epi-space.mat -applyxfm -usesqform
fslmaths /home/wanjiag/projects/MONSTERA/derivatives/rois/sub-MONSTERA28/ashs/body/ca1-body_epi-space.nii.gz -thr 0.5000000000 -bin /home/wanjiag/projects/MONSTERA/derivatives/rois/sub-MONSTERA28/ashs/body/ca1-body_epi-space_thre_0.5.nii.gz
fslmaths /home/wanjiag/projects/MONSTERA/derivatives/rois/sub-MONSTERA28/ashs/body/sub-MONSTERA28_left_body_nogray.nii.gz -thr 2 -uthr 4 -bin /home/wanjiag/projects/MONSTERA/derivatives/rois/sub-MONSTERA28/ashs/body/left-ca23dg-body_T2w-space.nii.gz
fslmaths /home/wanjiag/projects/MONSTERA/derivatives/rois/sub-MONSTERA28/ashs/body/sub-MONSTERA28_right_body_nogray.nii.gz -thr 2 -uthr 4 -bin /home/wanjiag/projects/MONSTERA/derivatives/rois/sub-MONSTERA28/ashs/body/right-ca23dg-body_T2w-space.nii.gz
fslmaths /home/wanjiag/projects/MONSTERA/derivatives/rois/sub-MONSTERA28/ashs/body/left-ca23dg-body_T2w-space.nii.gz -add /home/wanjiag/projects/MONSTERA/derivatives/rois/sub-MONSTERA28/ashs/body/right-ca23dg-body_T2w-space.nii.gz /home/wanjiag/projects/MONSTERA/derivatives/rois/sub-MONSTERA28/ashs/body/ca23dg-body_T2w-space.nii.gz
flirt -in /home/wanjiag/projects/MONSTERA/derivatives/rois/sub-MONSTERA28/ashs/body/ca23dg-body_T2w-space.nii.gz -ref /home/wanjiag/projects/MONSTERA/derivatives/fmriprep/sub-MONSTERA28/anat/sub-MONSTERA28_run-5_desc-preproc_T1w.nii.gz -out /home/wanjiag/projects/MONSTERA/derivatives/rois/sub-MONSTERA28/ashs/body/ca23dg-body_T2w-to-T1-space.nii.gz -omat /home/wanjiag/projects/MONSTERA/derivatives/rois/sub-MONSTERA28/ashs/body/ca23dg-body_T2w-to-T1-space.mat -applyxfm -init /home/wanjiag/projects/MONSTERA/derivatives/rois/sub-MONSTERA28/ashs/T2_to_T1.mat
flirt -in /home/wanjiag/projects/MONSTERA/derivatives/rois/sub-MONSTERA28/ashs/body/ca23dg-body_T2w-to-T1-space.nii.gz -ref /home/wanjiag/projects/MONSTERA/derivatives/rois/sub-MONSTERA28/avg_all_fmriprerp_func.nii.gz -out /home/wanjiag/projects/MONSTERA/derivatives/rois/sub-MONSTERA28/ashs/body/ca23dg-body_epi-space.nii.gz -omat /home/wanjiag/projects/MONSTERA/derivatives/rois/sub-MONSTERA28/ashs/body/ca23dg-body_epi-space.mat -applyxfm -usesqform
fslmaths /home/wanjiag/projects/MONSTERA/derivatives/rois/sub-MONSTERA28/ashs/body/ca23dg-body_epi-space.nii.gz -thr 0.5000000000 -bin /home/wanjiag/projects/MONSTERA/derivatives/rois/sub-MONSTERA28/ashs/body/ca23dg-body_epi-space_thre_0.5.nii.gz
