['sub-MONSTERA01', 'sub-MONSTERA02', 'sub-MONSTERA03', 'sub-MONSTERA04', 'sub-MONSTERA05', 'sub-MONSTERA06', 'sub-MONSTERA07', 'sub-MONSTERA08', 'sub-MONSTERA09']
--------------------sub-MONSTERA01-------------------
/projects/kuhl_lab/wanjiag/MONSTERA/derivatives/rois/sub-MONSTERA01
/home/wanjiag/projects/MONSTERA/derivatives/fmriprep/sourcedata/freesurfer/sub-MONSTERA01/mri/aparc.a2009s+aseg.mgz
/projects/kuhl_lab/wanjiag/MONSTERA/derivatives/rois/sub-MONSTERA01/aparc.a2009s+aseg.nii.gz
/projects/kuhl_lab/wanjiag/MONSTERA/derivatives/fmriprep/sub-MONSTERA01/anat/sub-MONSTERA01_run-5_desc-aparcaseg_dseg.nii.gz
/projects/kuhl_lab/wanjiag/MONSTERA/derivatives/rois/sub-MONSTERA01/run-5_desc-aparcaseg_dseg.nii.gz
calculating mean......
3dTstat -mean -prefix /projects/kuhl_lab/wanjiag/MONSTERA/derivatives/rois/sub-MONSTERA01/sub-MONSTERA01_task-01_desc-preproc_bold_trim6_denoise_z-scored_mean.nii.gz /projects/kuhl_lab/wanjiag/MONSTERA/derivatives/preprocess/sub-MONSTERA01/sub-MONSTERA01_task-01_desc-preproc_bold_trim6_denoise_z-scored.nii.gz
220502-16:12:01,637 nipype.interface INFO:
	 stderr 2022-05-02T16:12:01.637169:++ 3dTstat: AFNI version=AFNI_18.2.04 (Jul  6 2018) [64-bit]
220502-16:12:01,638 nipype.interface INFO:
	 stderr 2022-05-02T16:12:01.637169:++ Authored by: KR Hammett & RW Cox
220502-16:12:01,643 nipype.interface INFO:
	 stderr 2022-05-02T16:12:01.642969:** AFNI converts NIFTI_datatype=64 (FLOAT64) in file /projects/kuhl_lab/wanjiag/MONSTERA/derivatives/preprocess/sub-MONSTERA01/sub-MONSTERA01_task-01_desc-preproc_bold_trim6_denoise_z-scored.nii.gz to FLOAT32
220502-16:12:01,643 nipype.interface INFO:
	 stderr 2022-05-02T16:12:01.642969:     Warnings of this type will be muted for this session.
220502-16:12:01,643 nipype.interface INFO:
	 stderr 2022-05-02T16:12:01.642969:     Set AFNI_NIFTI_TYPE_WARN to YES to see them all, NO to see none.
220502-16:12:13,70 nipype.interface INFO:
	 stderr 2022-05-02T16:12:13.070190:++ Output dataset /projects/kuhl_lab/wanjiag/MONSTERA/derivatives/rois/sub-MONSTERA01/sub-MONSTERA01_task-01_desc-preproc_bold_trim6_denoise_z-scored_mean.nii.gz
calculating mean...output to /projects/kuhl_lab/wanjiag/MONSTERA/derivatives/rois/sub-MONSTERA01/sub-MONSTERA01_task-01_desc-preproc_bold_trim6_denoise_z-scored_mean.nii.gz
calculating mean......
3dTstat -mean -prefix /projects/kuhl_lab/wanjiag/MONSTERA/derivatives/rois/sub-MONSTERA01/sub-MONSTERA01_task-02_desc-preproc_bold_trim6_denoise_z-scored_mean.nii.gz /projects/kuhl_lab/wanjiag/MONSTERA/derivatives/preprocess/sub-MONSTERA01/sub-MONSTERA01_task-02_desc-preproc_bold_trim6_denoise_z-scored.nii.gz
220502-16:12:13,158 nipype.interface INFO:
	 stderr 2022-05-02T16:12:13.158199:++ 3dTstat: AFNI version=AFNI_18.2.04 (Jul  6 2018) [64-bit]
220502-16:12:13,158 nipype.interface INFO:
	 stderr 2022-05-02T16:12:13.158199:++ Authored by: KR Hammett & RW Cox
220502-16:12:13,200 nipype.interface INFO:
	 stderr 2022-05-02T16:12:13.200404:** AFNI converts NIFTI_datatype=64 (FLOAT64) in file /projects/kuhl_lab/wanjiag/MONSTERA/derivatives/preprocess/sub-MONSTERA01/sub-MONSTERA01_task-02_desc-preproc_bold_trim6_denoise_z-scored.nii.gz to FLOAT32
220502-16:12:13,200 nipype.interface INFO:
	 stderr 2022-05-02T16:12:13.200404:     Warnings of this type will be muted for this session.
220502-16:12:13,200 nipype.interface INFO:
	 stderr 2022-05-02T16:12:13.200404:     Set AFNI_NIFTI_TYPE_WARN to YES to see them all, NO to see none.
220502-16:12:24,418 nipype.interface INFO:
	 stderr 2022-05-02T16:12:24.418851:++ Output dataset /projects/kuhl_lab/wanjiag/MONSTERA/derivatives/rois/sub-MONSTERA01/sub-MONSTERA01_task-02_desc-preproc_bold_trim6_denoise_z-scored_mean.nii.gz
calculating mean...output to /projects/kuhl_lab/wanjiag/MONSTERA/derivatives/rois/sub-MONSTERA01/sub-MONSTERA01_task-02_desc-preproc_bold_trim6_denoise_z-scored_mean.nii.gz
calculating mean......
3dTstat -mean -prefix /projects/kuhl_lab/wanjiag/MONSTERA/derivatives/rois/sub-MONSTERA01/sub-MONSTERA01_task-03_desc-preproc_bold_trim6_denoise_z-scored_mean.nii.gz /projects/kuhl_lab/wanjiag/MONSTERA/derivatives/preprocess/sub-MONSTERA01/sub-MONSTERA01_task-03_desc-preproc_bold_trim6_denoise_z-scored.nii.gz
220502-16:12:24,564 nipype.interface INFO:
	 stderr 2022-05-02T16:12:24.564499:++ 3dTstat: AFNI version=AFNI_18.2.04 (Jul  6 2018) [64-bit]
220502-16:12:24,565 nipype.interface INFO:
	 stderr 2022-05-02T16:12:24.564499:++ Authored by: KR Hammett & RW Cox
220502-16:12:24,624 nipype.interface INFO:
	 stderr 2022-05-02T16:12:24.624780:** AFNI converts NIFTI_datatype=64 (FLOAT64) in file /projects/kuhl_lab/wanjiag/MONSTERA/derivatives/preprocess/sub-MONSTERA01/sub-MONSTERA01_task-03_desc-preproc_bold_trim6_denoise_z-scored.nii.gz to FLOAT32
220502-16:12:24,624 nipype.interface INFO:
	 stderr 2022-05-02T16:12:24.624780:     Warnings of this type will be muted for this session.
220502-16:12:24,624 nipype.interface INFO:
	 stderr 2022-05-02T16:12:24.624780:     Set AFNI_NIFTI_TYPE_WARN to YES to see them all, NO to see none.
220502-16:12:35,877 nipype.interface INFO:
	 stderr 2022-05-02T16:12:35.877807:++ Output dataset /projects/kuhl_lab/wanjiag/MONSTERA/derivatives/rois/sub-MONSTERA01/sub-MONSTERA01_task-03_desc-preproc_bold_trim6_denoise_z-scored_mean.nii.gz
calculating mean...output to /projects/kuhl_lab/wanjiag/MONSTERA/derivatives/rois/sub-MONSTERA01/sub-MONSTERA01_task-03_desc-preproc_bold_trim6_denoise_z-scored_mean.nii.gz
calculating mean......
3dTstat -mean -prefix /projects/kuhl_lab/wanjiag/MONSTERA/derivatives/rois/sub-MONSTERA01/sub-MONSTERA01_task-04_desc-preproc_bold_trim6_denoise_z-scored_mean.nii.gz /projects/kuhl_lab/wanjiag/MONSTERA/derivatives/preprocess/sub-MONSTERA01/sub-MONSTERA01_task-04_desc-preproc_bold_trim6_denoise_z-scored.nii.gz
220502-16:12:35,969 nipype.interface INFO:
	 stderr 2022-05-02T16:12:35.969075:++ 3dTstat: AFNI version=AFNI_18.2.04 (Jul  6 2018) [64-bit]
220502-16:12:35,969 nipype.interface INFO:
	 stderr 2022-05-02T16:12:35.969075:++ Authored by: KR Hammett & RW Cox
220502-16:12:36,12 nipype.interface INFO:
	 stderr 2022-05-02T16:12:36.012780:** AFNI converts NIFTI_datatype=64 (FLOAT64) in file /projects/kuhl_lab/wanjiag/MONSTERA/derivatives/preprocess/sub-MONSTERA01/sub-MONSTERA01_task-04_desc-preproc_bold_trim6_denoise_z-scored.nii.gz to FLOAT32
220502-16:12:36,12 nipype.interface INFO:
	 stderr 2022-05-02T16:12:36.012780:     Warnings of this type will be muted for this session.
220502-16:12:36,12 nipype.interface INFO:
	 stderr 2022-05-02T16:12:36.012780:     Set AFNI_NIFTI_TYPE_WARN to YES to see them all, NO to see none.
220502-16:12:47,216 nipype.interface INFO:
	 stderr 2022-05-02T16:12:47.216769:++ Output dataset /projects/kuhl_lab/wanjiag/MONSTERA/derivatives/rois/sub-MONSTERA01/sub-MONSTERA01_task-04_desc-preproc_bold_trim6_denoise_z-scored_mean.nii.gz
calculating mean...output to /projects/kuhl_lab/wanjiag/MONSTERA/derivatives/rois/sub-MONSTERA01/sub-MONSTERA01_task-04_desc-preproc_bold_trim6_denoise_z-scored_mean.nii.gz
calculating mean......
3dTstat -mean -prefix /projects/kuhl_lab/wanjiag/MONSTERA/derivatives/rois/sub-MONSTERA01/sub-MONSTERA01_task-05_desc-preproc_bold_trim6_denoise_z-scored_mean.nii.gz /projects/kuhl_lab/wanjiag/MONSTERA/derivatives/preprocess/sub-MONSTERA01/sub-MONSTERA01_task-05_desc-preproc_bold_trim6_denoise_z-scored.nii.gz
220502-16:12:47,306 nipype.interface INFO:
	 stderr 2022-05-02T16:12:47.306509:++ 3dTstat: AFNI version=AFNI_18.2.04 (Jul  6 2018) [64-bit]
220502-16:12:47,306 nipype.interface INFO:
	 stderr 2022-05-02T16:12:47.306509:++ Authored by: KR Hammett & RW Cox
220502-16:12:47,361 nipype.interface INFO:
	 stderr 2022-05-02T16:12:47.361698:** AFNI converts NIFTI_datatype=64 (FLOAT64) in file /projects/kuhl_lab/wanjiag/MONSTERA/derivatives/preprocess/sub-MONSTERA01/sub-MONSTERA01_task-05_desc-preproc_bold_trim6_denoise_z-scored.nii.gz to FLOAT32
220502-16:12:47,361 nipype.interface INFO:
	 stderr 2022-05-02T16:12:47.361698:     Warnings of this type will be muted for this session.
220502-16:12:47,361 nipype.interface INFO:
	 stderr 2022-05-02T16:12:47.361698:     Set AFNI_NIFTI_TYPE_WARN to YES to see them all, NO to see none.
220502-16:12:58,642 nipype.interface INFO:
	 stderr 2022-05-02T16:12:58.642775:++ Output dataset /projects/kuhl_lab/wanjiag/MONSTERA/derivatives/rois/sub-MONSTERA01/sub-MONSTERA01_task-05_desc-preproc_bold_trim6_denoise_z-scored_mean.nii.gz
calculating mean...output to /projects/kuhl_lab/wanjiag/MONSTERA/derivatives/rois/sub-MONSTERA01/sub-MONSTERA01_task-05_desc-preproc_bold_trim6_denoise_z-scored_mean.nii.gz
calculating mean......
3dTstat -mean -prefix /projects/kuhl_lab/wanjiag/MONSTERA/derivatives/rois/sub-MONSTERA01/sub-MONSTERA01_task-06_desc-preproc_bold_trim6_denoise_z-scored_mean.nii.gz /projects/kuhl_lab/wanjiag/MONSTERA/derivatives/preprocess/sub-MONSTERA01/sub-MONSTERA01_task-06_desc-preproc_bold_trim6_denoise_z-scored.nii.gz
220502-16:12:58,731 nipype.interface INFO:
	 stderr 2022-05-02T16:12:58.731918:++ 3dTstat: AFNI version=AFNI_18.2.04 (Jul  6 2018) [64-bit]
220502-16:12:58,732 nipype.interface INFO:
	 stderr 2022-05-02T16:12:58.731918:++ Authored by: KR Hammett & RW Cox
220502-16:12:58,784 nipype.interface INFO:
	 stderr 2022-05-02T16:12:58.784780:** AFNI converts NIFTI_datatype=64 (FLOAT64) in file /projects/kuhl_lab/wanjiag/MONSTERA/derivatives/preprocess/sub-MONSTERA01/sub-MONSTERA01_task-06_desc-preproc_bold_trim6_denoise_z-scored.nii.gz to FLOAT32
220502-16:12:58,784 nipype.interface INFO:
	 stderr 2022-05-02T16:12:58.784780:     Warnings of this type will be muted for this session.
220502-16:12:58,784 nipype.interface INFO:
	 stderr 2022-05-02T16:12:58.784780:     Set AFNI_NIFTI_TYPE_WARN to YES to see them all, NO to see none.
220502-16:13:10,19 nipype.interface INFO:
	 stderr 2022-05-02T16:13:10.019786:++ Output dataset /projects/kuhl_lab/wanjiag/MONSTERA/derivatives/rois/sub-MONSTERA01/sub-MONSTERA01_task-06_desc-preproc_bold_trim6_denoise_z-scored_mean.nii.gz
calculating mean...output to /projects/kuhl_lab/wanjiag/MONSTERA/derivatives/rois/sub-MONSTERA01/sub-MONSTERA01_task-06_desc-preproc_bold_trim6_denoise_z-scored_mean.nii.gz
calculating mean......
3dTstat -mean -prefix /projects/kuhl_lab/wanjiag/MONSTERA/derivatives/rois/sub-MONSTERA01/sub-MONSTERA01_task-07_desc-preproc_bold_trim6_denoise_z-scored_mean.nii.gz /projects/kuhl_lab/wanjiag/MONSTERA/derivatives/preprocess/sub-MONSTERA01/sub-MONSTERA01_task-07_desc-preproc_bold_trim6_denoise_z-scored.nii.gz
220502-16:13:10,108 nipype.interface INFO:
	 stderr 2022-05-02T16:13:10.108353:++ 3dTstat: AFNI version=AFNI_18.2.04 (Jul  6 2018) [64-bit]
220502-16:13:10,108 nipype.interface INFO:
	 stderr 2022-05-02T16:13:10.108353:++ Authored by: KR Hammett & RW Cox
220502-16:13:10,158 nipype.interface INFO:
	 stderr 2022-05-02T16:13:10.158780:** AFNI converts NIFTI_datatype=64 (FLOAT64) in file /projects/kuhl_lab/wanjiag/MONSTERA/derivatives/preprocess/sub-MONSTERA01/sub-MONSTERA01_task-07_desc-preproc_bold_trim6_denoise_z-scored.nii.gz to FLOAT32
220502-16:13:10,158 nipype.interface INFO:
	 stderr 2022-05-02T16:13:10.158780:     Warnings of this type will be muted for this session.
220502-16:13:10,158 nipype.interface INFO:
	 stderr 2022-05-02T16:13:10.158780:     Set AFNI_NIFTI_TYPE_WARN to YES to see them all, NO to see none.
220502-16:13:21,397 nipype.interface INFO:
	 stderr 2022-05-02T16:13:21.397771:++ Output dataset /projects/kuhl_lab/wanjiag/MONSTERA/derivatives/rois/sub-MONSTERA01/sub-MONSTERA01_task-07_desc-preproc_bold_trim6_denoise_z-scored_mean.nii.gz
calculating mean...output to /projects/kuhl_lab/wanjiag/MONSTERA/derivatives/rois/sub-MONSTERA01/sub-MONSTERA01_task-07_desc-preproc_bold_trim6_denoise_z-scored_mean.nii.gz
calculating mean......
3dTstat -mean -prefix /projects/kuhl_lab/wanjiag/MONSTERA/derivatives/rois/sub-MONSTERA01/sub-MONSTERA01_task-08_desc-preproc_bold_trim6_denoise_z-scored_mean.nii.gz /projects/kuhl_lab/wanjiag/MONSTERA/derivatives/preprocess/sub-MONSTERA01/sub-MONSTERA01_task-08_desc-preproc_bold_trim6_denoise_z-scored.nii.gz
220502-16:13:21,486 nipype.interface INFO:
	 stderr 2022-05-02T16:13:21.485955:++ 3dTstat: AFNI version=AFNI_18.2.04 (Jul  6 2018) [64-bit]
220502-16:13:21,486 nipype.interface INFO:
	 stderr 2022-05-02T16:13:21.485955:++ Authored by: KR Hammett & RW Cox
220502-16:13:21,530 nipype.interface INFO:
	 stderr 2022-05-02T16:13:21.530782:** AFNI converts NIFTI_datatype=64 (FLOAT64) in file /projects/kuhl_lab/wanjiag/MONSTERA/derivatives/preprocess/sub-MONSTERA01/sub-MONSTERA01_task-08_desc-preproc_bold_trim6_denoise_z-scored.nii.gz to FLOAT32
220502-16:13:21,530 nipype.interface INFO:
	 stderr 2022-05-02T16:13:21.530782:     Warnings of this type will be muted for this session.
220502-16:13:21,530 nipype.interface INFO:
	 stderr 2022-05-02T16:13:21.530782:     Set AFNI_NIFTI_TYPE_WARN to YES to see them all, NO to see none.
220502-16:13:32,797 nipype.interface INFO:
	 stderr 2022-05-02T16:13:32.797791:++ Output dataset /projects/kuhl_lab/wanjiag/MONSTERA/derivatives/rois/sub-MONSTERA01/sub-MONSTERA01_task-08_desc-preproc_bold_trim6_denoise_z-scored_mean.nii.gz
calculating mean...output to /projects/kuhl_lab/wanjiag/MONSTERA/derivatives/rois/sub-MONSTERA01/sub-MONSTERA01_task-08_desc-preproc_bold_trim6_denoise_z-scored_mean.nii.gz
calculating mean......
3dTstat -mean -prefix /projects/kuhl_lab/wanjiag/MONSTERA/derivatives/rois/sub-MONSTERA01/sub-MONSTERA01_task-09_desc-preproc_bold_trim6_denoise_z-scored_mean.nii.gz /projects/kuhl_lab/wanjiag/MONSTERA/derivatives/preprocess/sub-MONSTERA01/sub-MONSTERA01_task-09_desc-preproc_bold_trim6_denoise_z-scored.nii.gz
220502-16:13:32,887 nipype.interface INFO:
	 stderr 2022-05-02T16:13:32.887887:++ 3dTstat: AFNI version=AFNI_18.2.04 (Jul  6 2018) [64-bit]
220502-16:13:32,888 nipype.interface INFO:
	 stderr 2022-05-02T16:13:32.887887:++ Authored by: KR Hammett & RW Cox
220502-16:13:32,924 nipype.interface INFO:
	 stderr 2022-05-02T16:13:32.924683:** AFNI converts NIFTI_datatype=64 (FLOAT64) in file /projects/kuhl_lab/wanjiag/MONSTERA/derivatives/preprocess/sub-MONSTERA01/sub-MONSTERA01_task-09_desc-preproc_bold_trim6_denoise_z-scored.nii.gz to FLOAT32
220502-16:13:32,924 nipype.interface INFO:
	 stderr 2022-05-02T16:13:32.924683:     Warnings of this type will be muted for this session.
220502-16:13:32,924 nipype.interface INFO:
	 stderr 2022-05-02T16:13:32.924683:     Set AFNI_NIFTI_TYPE_WARN to YES to see them all, NO to see none.
220502-16:13:44,141 nipype.interface INFO:
	 stderr 2022-05-02T16:13:44.141773:++ Output dataset /projects/kuhl_lab/wanjiag/MONSTERA/derivatives/rois/sub-MONSTERA01/sub-MONSTERA01_task-09_desc-preproc_bold_trim6_denoise_z-scored_mean.nii.gz
calculating mean...output to /projects/kuhl_lab/wanjiag/MONSTERA/derivatives/rois/sub-MONSTERA01/sub-MONSTERA01_task-09_desc-preproc_bold_trim6_denoise_z-scored_mean.nii.gz
calculating mean......
3dTstat -mean -prefix /projects/kuhl_lab/wanjiag/MONSTERA/derivatives/rois/sub-MONSTERA01/sub-MONSTERA01_task-10_desc-preproc_bold_trim6_denoise_z-scored_mean.nii.gz /projects/kuhl_lab/wanjiag/MONSTERA/derivatives/preprocess/sub-MONSTERA01/sub-MONSTERA01_task-10_desc-preproc_bold_trim6_denoise_z-scored.nii.gz
220502-16:13:44,230 nipype.interface INFO:
	 stderr 2022-05-02T16:13:44.230934:++ 3dTstat: AFNI version=AFNI_18.2.04 (Jul  6 2018) [64-bit]
220502-16:13:44,231 nipype.interface INFO:
	 stderr 2022-05-02T16:13:44.230934:++ Authored by: KR Hammett & RW Cox
220502-16:13:44,266 nipype.interface INFO:
	 stderr 2022-05-02T16:13:44.266286:** AFNI converts NIFTI_datatype=64 (FLOAT64) in file /projects/kuhl_lab/wanjiag/MONSTERA/derivatives/preprocess/sub-MONSTERA01/sub-MONSTERA01_task-10_desc-preproc_bold_trim6_denoise_z-scored.nii.gz to FLOAT32
220502-16:13:44,266 nipype.interface INFO:
	 stderr 2022-05-02T16:13:44.266286:     Warnings of this type will be muted for this session.
220502-16:13:44,266 nipype.interface INFO:
	 stderr 2022-05-02T16:13:44.266286:     Set AFNI_NIFTI_TYPE_WARN to YES to see them all, NO to see none.
220502-16:13:55,468 nipype.interface INFO:
	 stderr 2022-05-02T16:13:55.468778:++ Output dataset /projects/kuhl_lab/wanjiag/MONSTERA/derivatives/rois/sub-MONSTERA01/sub-MONSTERA01_task-10_desc-preproc_bold_trim6_denoise_z-scored_mean.nii.gz
calculating mean...output to /projects/kuhl_lab/wanjiag/MONSTERA/derivatives/rois/sub-MONSTERA01/sub-MONSTERA01_task-10_desc-preproc_bold_trim6_denoise_z-scored_mean.nii.gz
fslmaths /projects/kuhl_lab/wanjiag/MONSTERA/derivatives/rois/sub-MONSTERA01/sub-MONSTERA01_task-01_desc-preproc_bold_trim6_denoise_z-scored_mean.nii.gz -add /projects/kuhl_lab/wanjiag/MONSTERA/derivatives/rois/sub-MONSTERA01/sub-MONSTERA01_task-02_desc-preproc_bold_trim6_denoise_z-scored_mean.nii.gz -add /projects/kuhl_lab/wanjiag/MONSTERA/derivatives/rois/sub-MONSTERA01/sub-MONSTERA01_task-03_desc-preproc_bold_trim6_denoise_z-scored_mean.nii.gz -add /projects/kuhl_lab/wanjiag/MONSTERA/derivatives/rois/sub-MONSTERA01/sub-MONSTERA01_task-04_desc-preproc_bold_trim6_denoise_z-scored_mean.nii.gz -add /projects/kuhl_lab/wanjiag/MONSTERA/derivatives/rois/sub-MONSTERA01/sub-MONSTERA01_task-05_desc-preproc_bold_trim6_denoise_z-scored_mean.nii.gz -add /projects/kuhl_lab/wanjiag/MONSTERA/derivatives/rois/sub-MONSTERA01/sub-MONSTERA01_task-06_desc-preproc_bold_trim6_denoise_z-scored_mean.nii.gz -add /projects/kuhl_lab/wanjiag/MONSTERA/derivatives/rois/sub-MONSTERA01/sub-MONSTERA01_task-07_desc-preproc_bold_trim6_denoise_z-scored_mean.nii.gz -add /projects/kuhl_lab/wanjiag/MONSTERA/derivatives/rois/sub-MONSTERA01/sub-MONSTERA01_task-08_desc-preproc_bold_trim6_denoise_z-scored_mean.nii.gz -add /projects/kuhl_lab/wanjiag/MONSTERA/derivatives/rois/sub-MONSTERA01/sub-MONSTERA01_task-09_desc-preproc_bold_trim6_denoise_z-scored_mean.nii.gz -add /projects/kuhl_lab/wanjiag/MONSTERA/derivatives/rois/sub-MONSTERA01/sub-MONSTERA01_task-10_desc-preproc_bold_trim6_denoise_z-scored_mean.nii.gz -div 10 /projects/kuhl_lab/wanjiag/MONSTERA/derivatives/rois/sub-MONSTERA01/avg_all_fmriprerp_func.nii.gz
--------------------Angular Gyrus-------------------
fslmaths /projects/kuhl_lab/wanjiag/MONSTERA/derivatives/rois/sub-MONSTERA01/aparc.a2009s+aseg.nii.gz -thr 11125 -uthr 11125 /projects/kuhl_lab/wanjiag/MONSTERA/derivatives/rois/sub-MONSTERA01/ctx_lh_G_pariet_inf-Angular.nii.gz
fslmaths /projects/kuhl_lab/wanjiag/MONSTERA/derivatives/rois/sub-MONSTERA01/aparc.a2009s+aseg.nii.gz -thr 12125 -uthr 12125 /projects/kuhl_lab/wanjiag/MONSTERA/derivatives/rois/sub-MONSTERA01/ctx_rh_G_pariet_inf-Angular.nii.gz
fslmaths /projects/kuhl_lab/wanjiag/MONSTERA/derivatives/rois/sub-MONSTERA01/ctx_lh_G_pariet_inf-Angular.nii.gz -add /projects/kuhl_lab/wanjiag/MONSTERA/derivatives/rois/sub-MONSTERA01/ctx_rh_G_pariet_inf-Angular.nii.gz -bin /projects/kuhl_lab/wanjiag/MONSTERA/derivatives/rois/sub-MONSTERA01/angular_gyrus.nii.gz
flirt -in /projects/kuhl_lab/wanjiag/MONSTERA/derivatives/rois/sub-MONSTERA01/angular_gyrus.nii.gz -ref /projects/kuhl_lab/wanjiag/MONSTERA/derivatives/rois/sub-MONSTERA01/avg_all_fmriprerp_func.nii.gz -out /projects/kuhl_lab/wanjiag/MONSTERA/derivatives/rois/sub-MONSTERA01/angular_gyrus_2_epi.nii.gz -omat /projects/kuhl_lab/wanjiag/MONSTERA/derivatives/rois/sub-MONSTERA01/angular_gyrus_2_epi.mat -applyxfm -usesqform
fslmaths /projects/kuhl_lab/wanjiag/MONSTERA/derivatives/rois/sub-MONSTERA01/angular_gyrus_2_epi.nii.gz -thr 0.5000000000 -bin /projects/kuhl_lab/wanjiag/MONSTERA/derivatives/rois/sub-MONSTERA01/angular_gyrus_2_epi_thre_0.5.nii.gz
--------------------Whole Hippocampus-------------------
fslmaths /projects/kuhl_lab/wanjiag/MONSTERA/derivatives/rois/sub-MONSTERA01/run-5_desc-aparcaseg_dseg.nii.gz -thr 17 -uthr 17 /projects/kuhl_lab/wanjiag/MONSTERA/derivatives/rois/sub-MONSTERA01/Left-Hippocampus.nii.gz
fslmaths /projects/kuhl_lab/wanjiag/MONSTERA/derivatives/rois/sub-MONSTERA01/run-5_desc-aparcaseg_dseg.nii.gz -thr 53 -uthr 53 /projects/kuhl_lab/wanjiag/MONSTERA/derivatives/rois/sub-MONSTERA01/Right-Hippocampus.nii.gz
fslmaths /projects/kuhl_lab/wanjiag/MONSTERA/derivatives/rois/sub-MONSTERA01/Left-Hippocampus.nii.gz -add /projects/kuhl_lab/wanjiag/MONSTERA/derivatives/rois/sub-MONSTERA01/Right-Hippocampus.nii.gz -bin /projects/kuhl_lab/wanjiag/MONSTERA/derivatives/rois/sub-MONSTERA01/hippocampus.nii.gz
flirt -in /projects/kuhl_lab/wanjiag/MONSTERA/derivatives/rois/sub-MONSTERA01/hippocampus.nii.gz -ref /projects/kuhl_lab/wanjiag/MONSTERA/derivatives/rois/sub-MONSTERA01/avg_all_fmriprerp_func.nii.gz -out /projects/kuhl_lab/wanjiag/MONSTERA/derivatives/rois/sub-MONSTERA01/hippocampus_2_epi.nii.gz -omat /projects/kuhl_lab/wanjiag/MONSTERA/derivatives/rois/sub-MONSTERA01/hippocampus_2_epi.mat -applyxfm -usesqform
fslmaths /projects/kuhl_lab/wanjiag/MONSTERA/derivatives/rois/sub-MONSTERA01/hippocampus_2_epi.nii.gz -thr 0.5000000000 -bin /projects/kuhl_lab/wanjiag/MONSTERA/derivatives/rois/sub-MONSTERA01/hippocampus_2_epi_thre_0.5.nii.gz
--------------------PPA-------------------
/home/wanjiag/projects/MONSTERA/derivatives/rois/mni/ppa/ppa.nii.gz 
 /projects/kuhl_lab/wanjiag/MONSTERA/derivatives/rois/sub-MONSTERA01/avg_all_fmriprerp_func.nii.gz 
 /projects/kuhl_lab/wanjiag/MONSTERA/derivatives/fmriprep/sub-MONSTERA01/anat/sub-MONSTERA01_run-5_from-MNI152NLin2009cAsym_to-T1w_mode-image_xfm.h5 
 /projects/kuhl_lab/wanjiag/MONSTERA/derivatives/rois/sub-MONSTERA01
antsApplyTransforms --default-value 0 --dimensionality 3 --float 0 --input /home/wanjiag/projects/MONSTERA/derivatives/rois/mni/ppa/ppa.nii.gz --interpolation Linear --output /projects/kuhl_lab/wanjiag/MONSTERA/derivatives/rois/sub-MONSTERA01/ppa_mni_2_epi.nii.gz --reference-image /projects/kuhl_lab/wanjiag/MONSTERA/derivatives/rois/sub-MONSTERA01/avg_all_fmriprerp_func.nii.gz --transform /projects/kuhl_lab/wanjiag/MONSTERA/derivatives/fmriprep/sub-MONSTERA01/anat/sub-MONSTERA01_run-5_from-MNI152NLin2009cAsym_to-T1w_mode-image_xfm.h5
fslmaths /projects/kuhl_lab/wanjiag/MONSTERA/derivatives/rois/sub-MONSTERA01/ppa_mni_2_epi.nii.gz -thr 0.5000000000 -bin /projects/kuhl_lab/wanjiag/MONSTERA/derivatives/rois/sub-MONSTERA01/ppa_mni_2_epi_thr_0.5.nii.gz
--------------------EVC-------------------
/home/wanjiag/projects/MONSTERA/derivatives/rois/mni/visual_cortex/subj_vol_all 
 /projects/kuhl_lab/wanjiag/MONSTERA/derivatives/rois/sub-MONSTERA01/avg_all_fmriprerp_func.nii.gz 
 /projects/kuhl_lab/wanjiag/MONSTERA/derivatives/fmriprep/sub-MONSTERA01/anat/sub-MONSTERA01_run-5_from-MNI152NLin2009cAsym_to-T1w_mode-image_xfm.h5 
 /projects/kuhl_lab/wanjiag/MONSTERA/derivatives/rois/sub-MONSTERA01
antsApplyTransforms --default-value 0 --dimensionality 3 --float 0 --input /home/wanjiag/projects/MONSTERA/derivatives/rois/mni/visual_cortex/subj_vol_all/perc_VTPM_vol_roi1_lh.nii.gz --interpolation Linear --output /projects/kuhl_lab/wanjiag/MONSTERA/derivatives/rois/sub-MONSTERA01/perc_VTPM_vol_roi1_lh_2_epi.nii.gz --reference-image /projects/kuhl_lab/wanjiag/MONSTERA/derivatives/rois/sub-MONSTERA01/avg_all_fmriprerp_func.nii.gz --transform /projects/kuhl_lab/wanjiag/MONSTERA/derivatives/fmriprep/sub-MONSTERA01/anat/sub-MONSTERA01_run-5_from-MNI152NLin2009cAsym_to-T1w_mode-image_xfm.h5
fslmaths /projects/kuhl_lab/wanjiag/MONSTERA/derivatives/rois/sub-MONSTERA01/perc_VTPM_vol_roi1_lh_2_epi.nii.gz -thr 50.0000000000 -bin /projects/kuhl_lab/wanjiag/MONSTERA/derivatives/rois/sub-MONSTERA01/perc_VTPM_vol_roi1_lh_2_epi_thr_50.nii.gz
antsApplyTransforms --default-value 0 --dimensionality 3 --float 0 --input /home/wanjiag/projects/MONSTERA/derivatives/rois/mni/visual_cortex/subj_vol_all/perc_VTPM_vol_roi1_rh.nii.gz --interpolation Linear --output /projects/kuhl_lab/wanjiag/MONSTERA/derivatives/rois/sub-MONSTERA01/perc_VTPM_vol_roi1_rh_2_epi.nii.gz --reference-image /projects/kuhl_lab/wanjiag/MONSTERA/derivatives/rois/sub-MONSTERA01/avg_all_fmriprerp_func.nii.gz --transform /projects/kuhl_lab/wanjiag/MONSTERA/derivatives/fmriprep/sub-MONSTERA01/anat/sub-MONSTERA01_run-5_from-MNI152NLin2009cAsym_to-T1w_mode-image_xfm.h5
fslmaths /projects/kuhl_lab/wanjiag/MONSTERA/derivatives/rois/sub-MONSTERA01/perc_VTPM_vol_roi1_rh_2_epi.nii.gz -thr 50.0000000000 -bin /projects/kuhl_lab/wanjiag/MONSTERA/derivatives/rois/sub-MONSTERA01/perc_VTPM_vol_roi1_rh_2_epi_thr_50.nii.gz
antsApplyTransforms --default-value 0 --dimensionality 3 --float 0 --input /home/wanjiag/projects/MONSTERA/derivatives/rois/mni/visual_cortex/subj_vol_all/perc_VTPM_vol_roi2_lh.nii.gz --interpolation Linear --output /projects/kuhl_lab/wanjiag/MONSTERA/derivatives/rois/sub-MONSTERA01/perc_VTPM_vol_roi2_lh_2_epi.nii.gz --reference-image /projects/kuhl_lab/wanjiag/MONSTERA/derivatives/rois/sub-MONSTERA01/avg_all_fmriprerp_func.nii.gz --transform /projects/kuhl_lab/wanjiag/MONSTERA/derivatives/fmriprep/sub-MONSTERA01/anat/sub-MONSTERA01_run-5_from-MNI152NLin2009cAsym_to-T1w_mode-image_xfm.h5
fslmaths /projects/kuhl_lab/wanjiag/MONSTERA/derivatives/rois/sub-MONSTERA01/perc_VTPM_vol_roi2_lh_2_epi.nii.gz -thr 50.0000000000 -bin /projects/kuhl_lab/wanjiag/MONSTERA/derivatives/rois/sub-MONSTERA01/perc_VTPM_vol_roi2_lh_2_epi_thr_50.nii.gz
antsApplyTransforms --default-value 0 --dimensionality 3 --float 0 --input /home/wanjiag/projects/MONSTERA/derivatives/rois/mni/visual_cortex/subj_vol_all/perc_VTPM_vol_roi2_rh.nii.gz --interpolation Linear --output /projects/kuhl_lab/wanjiag/MONSTERA/derivatives/rois/sub-MONSTERA01/perc_VTPM_vol_roi2_rh_2_epi.nii.gz --reference-image /projects/kuhl_lab/wanjiag/MONSTERA/derivatives/rois/sub-MONSTERA01/avg_all_fmriprerp_func.nii.gz --transform /projects/kuhl_lab/wanjiag/MONSTERA/derivatives/fmriprep/sub-MONSTERA01/anat/sub-MONSTERA01_run-5_from-MNI152NLin2009cAsym_to-T1w_mode-image_xfm.h5
fslmaths /projects/kuhl_lab/wanjiag/MONSTERA/derivatives/rois/sub-MONSTERA01/perc_VTPM_vol_roi2_rh_2_epi.nii.gz -thr 50.0000000000 -bin /projects/kuhl_lab/wanjiag/MONSTERA/derivatives/rois/sub-MONSTERA01/perc_VTPM_vol_roi2_rh_2_epi_thr_50.nii.gz
fslmaths /projects/kuhl_lab/wanjiag/MONSTERA/derivatives/rois/sub-MONSTERA01/perc_VTPM_vol_roi1_lh_2_epi_thr_50.nii.gz -add /projects/kuhl_lab/wanjiag/MONSTERA/derivatives/rois/sub-MONSTERA01/perc_VTPM_vol_roi1_rh_2_epi_thr_50.nii.gz -add /projects/kuhl_lab/wanjiag/MONSTERA/derivatives/rois/sub-MONSTERA01/perc_VTPM_vol_roi2_lh_2_epi_thr_50.nii.gz -add /projects/kuhl_lab/wanjiag/MONSTERA/derivatives/rois/sub-MONSTERA01/perc_VTPM_vol_roi2_rh_2_epi_thr_50.nii.gz -bin /projects/kuhl_lab/wanjiag/MONSTERA/derivatives/rois/sub-MONSTERA01/evc_2_epi_thr_0.5.nii.gz
