angular_gyrus_2_epi_thre_0.5_masked /projects/kuhl_lab/wanjiag/MONSTERA/derivatives/rois/sub-MONSTERA40/angular_gyrus_2_epi_thre_0.5_masked.nii.gz
task-01 /projects/kuhl_lab/wanjiag/MONSTERA/derivatives/preprocess/sub-MONSTERA40/sub-MONSTERA40_task-01_desc-preproc_bold_trim6_denoise_z-scored.nii.gz
task-02 /projects/kuhl_lab/wanjiag/MONSTERA/derivatives/preprocess/sub-MONSTERA40/sub-MONSTERA40_task-02_desc-preproc_bold_trim6_denoise_z-scored.nii.gz
task-03 /projects/kuhl_lab/wanjiag/MONSTERA/derivatives/preprocess/sub-MONSTERA40/sub-MONSTERA40_task-03_desc-preproc_bold_trim6_denoise_z-scored.nii.gz
task-04 /projects/kuhl_lab/wanjiag/MONSTERA/derivatives/preprocess/sub-MONSTERA40/sub-MONSTERA40_task-04_desc-preproc_bold_trim6_denoise_z-scored.nii.gz
task-05 /projects/kuhl_lab/wanjiag/MONSTERA/derivatives/preprocess/sub-MONSTERA40/sub-MONSTERA40_task-05_desc-preproc_bold_trim6_denoise_z-scored.nii.gz
task-06 /projects/kuhl_lab/wanjiag/MONSTERA/derivatives/preprocess/sub-MONSTERA40/sub-MONSTERA40_task-06_desc-preproc_bold_trim6_denoise_z-scored.nii.gz
task-07 /projects/kuhl_lab/wanjiag/MONSTERA/derivatives/preprocess/sub-MONSTERA40/sub-MONSTERA40_task-07_desc-preproc_bold_trim6_denoise_z-scored.nii.gz
task-08 /projects/kuhl_lab/wanjiag/MONSTERA/derivatives/preprocess/sub-MONSTERA40/sub-MONSTERA40_task-08_desc-preproc_bold_trim6_denoise_z-scored.nii.gz
task-09 /projects/kuhl_lab/wanjiag/MONSTERA/derivatives/preprocess/sub-MONSTERA40/sub-MONSTERA40_task-09_desc-preproc_bold_trim6_denoise_z-scored.nii.gz
task-10 /projects/kuhl_lab/wanjiag/MONSTERA/derivatives/preprocess/sub-MONSTERA40/sub-MONSTERA40_task-10_desc-preproc_bold_trim6_denoise_z-scored.nii.gz
evc_2_epi_thre_0.5_masked /projects/kuhl_lab/wanjiag/MONSTERA/derivatives/rois/sub-MONSTERA40/evc_2_epi_thre_0.5_masked.nii.gz
task-01 /projects/kuhl_lab/wanjiag/MONSTERA/derivatives/preprocess/sub-MONSTERA40/sub-MONSTERA40_task-01_desc-preproc_bold_trim6_denoise_z-scored.nii.gz
task-02 /projects/kuhl_lab/wanjiag/MONSTERA/derivatives/preprocess/sub-MONSTERA40/sub-MONSTERA40_task-02_desc-preproc_bold_trim6_denoise_z-scored.nii.gz
task-03 /projects/kuhl_lab/wanjiag/MONSTERA/derivatives/preprocess/sub-MONSTERA40/sub-MONSTERA40_task-03_desc-preproc_bold_trim6_denoise_z-scored.nii.gz
task-04 /projects/kuhl_lab/wanjiag/MONSTERA/derivatives/preprocess/sub-MONSTERA40/sub-MONSTERA40_task-04_desc-preproc_bold_trim6_denoise_z-scored.nii.gz
task-05 /projects/kuhl_lab/wanjiag/MONSTERA/derivatives/preprocess/sub-MONSTERA40/sub-MONSTERA40_task-05_desc-preproc_bold_trim6_denoise_z-scored.nii.gz
task-06 /projects/kuhl_lab/wanjiag/MONSTERA/derivatives/preprocess/sub-MONSTERA40/sub-MONSTERA40_task-06_desc-preproc_bold_trim6_denoise_z-scored.nii.gz
task-07 /projects/kuhl_lab/wanjiag/MONSTERA/derivatives/preprocess/sub-MONSTERA40/sub-MONSTERA40_task-07_desc-preproc_bold_trim6_denoise_z-scored.nii.gz
task-08 /projects/kuhl_lab/wanjiag/MONSTERA/derivatives/preprocess/sub-MONSTERA40/sub-MONSTERA40_task-08_desc-preproc_bold_trim6_denoise_z-scored.nii.gz
task-09 /projects/kuhl_lab/wanjiag/MONSTERA/derivatives/preprocess/sub-MONSTERA40/sub-MONSTERA40_task-09_desc-preproc_bold_trim6_denoise_z-scored.nii.gz
task-10 /projects/kuhl_lab/wanjiag/MONSTERA/derivatives/preprocess/sub-MONSTERA40/sub-MONSTERA40_task-10_desc-preproc_bold_trim6_denoise_z-scored.nii.gz
hippocampus_2_epi_thre_0.5_masked /projects/kuhl_lab/wanjiag/MONSTERA/derivatives/rois/sub-MONSTERA40/hippocampus_2_epi_thre_0.5_masked.nii.gz
task-01 /projects/kuhl_lab/wanjiag/MONSTERA/derivatives/preprocess/sub-MONSTERA40/sub-MONSTERA40_task-01_desc-preproc_bold_trim6_denoise_z-scored.nii.gz
task-02 /projects/kuhl_lab/wanjiag/MONSTERA/derivatives/preprocess/sub-MONSTERA40/sub-MONSTERA40_task-02_desc-preproc_bold_trim6_denoise_z-scored.nii.gz
task-03 /projects/kuhl_lab/wanjiag/MONSTERA/derivatives/preprocess/sub-MONSTERA40/sub-MONSTERA40_task-03_desc-preproc_bold_trim6_denoise_z-scored.nii.gz
task-04 /projects/kuhl_lab/wanjiag/MONSTERA/derivatives/preprocess/sub-MONSTERA40/sub-MONSTERA40_task-04_desc-preproc_bold_trim6_denoise_z-scored.nii.gz
task-05 /projects/kuhl_lab/wanjiag/MONSTERA/derivatives/preprocess/sub-MONSTERA40/sub-MONSTERA40_task-05_desc-preproc_bold_trim6_denoise_z-scored.nii.gz
task-06 /projects/kuhl_lab/wanjiag/MONSTERA/derivatives/preprocess/sub-MONSTERA40/sub-MONSTERA40_task-06_desc-preproc_bold_trim6_denoise_z-scored.nii.gz
task-07 /projects/kuhl_lab/wanjiag/MONSTERA/derivatives/preprocess/sub-MONSTERA40/sub-MONSTERA40_task-07_desc-preproc_bold_trim6_denoise_z-scored.nii.gz
task-08 /projects/kuhl_lab/wanjiag/MONSTERA/derivatives/preprocess/sub-MONSTERA40/sub-MONSTERA40_task-08_desc-preproc_bold_trim6_denoise_z-scored.nii.gz
task-09 /projects/kuhl_lab/wanjiag/MONSTERA/derivatives/preprocess/sub-MONSTERA40/sub-MONSTERA40_task-09_desc-preproc_bold_trim6_denoise_z-scored.nii.gz
task-10 /projects/kuhl_lab/wanjiag/MONSTERA/derivatives/preprocess/sub-MONSTERA40/sub-MONSTERA40_task-10_desc-preproc_bold_trim6_denoise_z-scored.nii.gz
ppa_mni_2_epi_thre_0.5_masked /projects/kuhl_lab/wanjiag/MONSTERA/derivatives/rois/sub-MONSTERA40/ppa_mni_2_epi_thre_0.5_masked.nii.gz
task-01 /projects/kuhl_lab/wanjiag/MONSTERA/derivatives/preprocess/sub-MONSTERA40/sub-MONSTERA40_task-01_desc-preproc_bold_trim6_denoise_z-scored.nii.gz
task-02 /projects/kuhl_lab/wanjiag/MONSTERA/derivatives/preprocess/sub-MONSTERA40/sub-MONSTERA40_task-02_desc-preproc_bold_trim6_denoise_z-scored.nii.gz
task-03 /projects/kuhl_lab/wanjiag/MONSTERA/derivatives/preprocess/sub-MONSTERA40/sub-MONSTERA40_task-03_desc-preproc_bold_trim6_denoise_z-scored.nii.gz
task-04 /projects/kuhl_lab/wanjiag/MONSTERA/derivatives/preprocess/sub-MONSTERA40/sub-MONSTERA40_task-04_desc-preproc_bold_trim6_denoise_z-scored.nii.gz
task-05 /projects/kuhl_lab/wanjiag/MONSTERA/derivatives/preprocess/sub-MONSTERA40/sub-MONSTERA40_task-05_desc-preproc_bold_trim6_denoise_z-scored.nii.gz
task-06 /projects/kuhl_lab/wanjiag/MONSTERA/derivatives/preprocess/sub-MONSTERA40/sub-MONSTERA40_task-06_desc-preproc_bold_trim6_denoise_z-scored.nii.gz
task-07 /projects/kuhl_lab/wanjiag/MONSTERA/derivatives/preprocess/sub-MONSTERA40/sub-MONSTERA40_task-07_desc-preproc_bold_trim6_denoise_z-scored.nii.gz
task-08 /projects/kuhl_lab/wanjiag/MONSTERA/derivatives/preprocess/sub-MONSTERA40/sub-MONSTERA40_task-08_desc-preproc_bold_trim6_denoise_z-scored.nii.gz
task-09 /projects/kuhl_lab/wanjiag/MONSTERA/derivatives/preprocess/sub-MONSTERA40/sub-MONSTERA40_task-09_desc-preproc_bold_trim6_denoise_z-scored.nii.gz
task-10 /projects/kuhl_lab/wanjiag/MONSTERA/derivatives/preprocess/sub-MONSTERA40/sub-MONSTERA40_task-10_desc-preproc_bold_trim6_denoise_z-scored.nii.gz
ashs/body/ca1-body_thre_0.5_masked /projects/kuhl_lab/wanjiag/MONSTERA/derivatives/rois/sub-MONSTERA40/ashs/body/ca1-body_thre_0.5_masked.nii.gz
task-01 /projects/kuhl_lab/wanjiag/MONSTERA/derivatives/preprocess/sub-MONSTERA40/sub-MONSTERA40_task-01_desc-preproc_bold_trim6_denoise_z-scored.nii.gz
task-02 /projects/kuhl_lab/wanjiag/MONSTERA/derivatives/preprocess/sub-MONSTERA40/sub-MONSTERA40_task-02_desc-preproc_bold_trim6_denoise_z-scored.nii.gz
task-03 /projects/kuhl_lab/wanjiag/MONSTERA/derivatives/preprocess/sub-MONSTERA40/sub-MONSTERA40_task-03_desc-preproc_bold_trim6_denoise_z-scored.nii.gz
task-04 /projects/kuhl_lab/wanjiag/MONSTERA/derivatives/preprocess/sub-MONSTERA40/sub-MONSTERA40_task-04_desc-preproc_bold_trim6_denoise_z-scored.nii.gz
task-05 /projects/kuhl_lab/wanjiag/MONSTERA/derivatives/preprocess/sub-MONSTERA40/sub-MONSTERA40_task-05_desc-preproc_bold_trim6_denoise_z-scored.nii.gz
task-06 /projects/kuhl_lab/wanjiag/MONSTERA/derivatives/preprocess/sub-MONSTERA40/sub-MONSTERA40_task-06_desc-preproc_bold_trim6_denoise_z-scored.nii.gz
task-07 /projects/kuhl_lab/wanjiag/MONSTERA/derivatives/preprocess/sub-MONSTERA40/sub-MONSTERA40_task-07_desc-preproc_bold_trim6_denoise_z-scored.nii.gz
task-08 /projects/kuhl_lab/wanjiag/MONSTERA/derivatives/preprocess/sub-MONSTERA40/sub-MONSTERA40_task-08_desc-preproc_bold_trim6_denoise_z-scored.nii.gz
task-09 /projects/kuhl_lab/wanjiag/MONSTERA/derivatives/preprocess/sub-MONSTERA40/sub-MONSTERA40_task-09_desc-preproc_bold_trim6_denoise_z-scored.nii.gz
task-10 /projects/kuhl_lab/wanjiag/MONSTERA/derivatives/preprocess/sub-MONSTERA40/sub-MONSTERA40_task-10_desc-preproc_bold_trim6_denoise_z-scored.nii.gz
ashs/body/ca23dg-body_thre_0.5_masked /projects/kuhl_lab/wanjiag/MONSTERA/derivatives/rois/sub-MONSTERA40/ashs/body/ca23dg-body_thre_0.5_masked.nii.gz
task-01 /projects/kuhl_lab/wanjiag/MONSTERA/derivatives/preprocess/sub-MONSTERA40/sub-MONSTERA40_task-01_desc-preproc_bold_trim6_denoise_z-scored.nii.gz
task-02 /projects/kuhl_lab/wanjiag/MONSTERA/derivatives/preprocess/sub-MONSTERA40/sub-MONSTERA40_task-02_desc-preproc_bold_trim6_denoise_z-scored.nii.gz
task-03 /projects/kuhl_lab/wanjiag/MONSTERA/derivatives/preprocess/sub-MONSTERA40/sub-MONSTERA40_task-03_desc-preproc_bold_trim6_denoise_z-scored.nii.gz
task-04 /projects/kuhl_lab/wanjiag/MONSTERA/derivatives/preprocess/sub-MONSTERA40/sub-MONSTERA40_task-04_desc-preproc_bold_trim6_denoise_z-scored.nii.gz
task-05 /projects/kuhl_lab/wanjiag/MONSTERA/derivatives/preprocess/sub-MONSTERA40/sub-MONSTERA40_task-05_desc-preproc_bold_trim6_denoise_z-scored.nii.gz
task-06 /projects/kuhl_lab/wanjiag/MONSTERA/derivatives/preprocess/sub-MONSTERA40/sub-MONSTERA40_task-06_desc-preproc_bold_trim6_denoise_z-scored.nii.gz
task-07 /projects/kuhl_lab/wanjiag/MONSTERA/derivatives/preprocess/sub-MONSTERA40/sub-MONSTERA40_task-07_desc-preproc_bold_trim6_denoise_z-scored.nii.gz
task-08 /projects/kuhl_lab/wanjiag/MONSTERA/derivatives/preprocess/sub-MONSTERA40/sub-MONSTERA40_task-08_desc-preproc_bold_trim6_denoise_z-scored.nii.gz
task-09 /projects/kuhl_lab/wanjiag/MONSTERA/derivatives/preprocess/sub-MONSTERA40/sub-MONSTERA40_task-09_desc-preproc_bold_trim6_denoise_z-scored.nii.gz
task-10 /projects/kuhl_lab/wanjiag/MONSTERA/derivatives/preprocess/sub-MONSTERA40/sub-MONSTERA40_task-10_desc-preproc_bold_trim6_denoise_z-scored.nii.gz
ashs/whole/ca1_thre_0.5_masked /projects/kuhl_lab/wanjiag/MONSTERA/derivatives/rois/sub-MONSTERA40/ashs/whole/ca1_thre_0.5_masked.nii.gz
task-01 /projects/kuhl_lab/wanjiag/MONSTERA/derivatives/preprocess/sub-MONSTERA40/sub-MONSTERA40_task-01_desc-preproc_bold_trim6_denoise_z-scored.nii.gz
task-02 /projects/kuhl_lab/wanjiag/MONSTERA/derivatives/preprocess/sub-MONSTERA40/sub-MONSTERA40_task-02_desc-preproc_bold_trim6_denoise_z-scored.nii.gz
task-03 /projects/kuhl_lab/wanjiag/MONSTERA/derivatives/preprocess/sub-MONSTERA40/sub-MONSTERA40_task-03_desc-preproc_bold_trim6_denoise_z-scored.nii.gz
task-04 /projects/kuhl_lab/wanjiag/MONSTERA/derivatives/preprocess/sub-MONSTERA40/sub-MONSTERA40_task-04_desc-preproc_bold_trim6_denoise_z-scored.nii.gz
task-05 /projects/kuhl_lab/wanjiag/MONSTERA/derivatives/preprocess/sub-MONSTERA40/sub-MONSTERA40_task-05_desc-preproc_bold_trim6_denoise_z-scored.nii.gz
task-06 /projects/kuhl_lab/wanjiag/MONSTERA/derivatives/preprocess/sub-MONSTERA40/sub-MONSTERA40_task-06_desc-preproc_bold_trim6_denoise_z-scored.nii.gz
task-07 /projects/kuhl_lab/wanjiag/MONSTERA/derivatives/preprocess/sub-MONSTERA40/sub-MONSTERA40_task-07_desc-preproc_bold_trim6_denoise_z-scored.nii.gz
task-08 /projects/kuhl_lab/wanjiag/MONSTERA/derivatives/preprocess/sub-MONSTERA40/sub-MONSTERA40_task-08_desc-preproc_bold_trim6_denoise_z-scored.nii.gz
task-09 /projects/kuhl_lab/wanjiag/MONSTERA/derivatives/preprocess/sub-MONSTERA40/sub-MONSTERA40_task-09_desc-preproc_bold_trim6_denoise_z-scored.nii.gz
task-10 /projects/kuhl_lab/wanjiag/MONSTERA/derivatives/preprocess/sub-MONSTERA40/sub-MONSTERA40_task-10_desc-preproc_bold_trim6_denoise_z-scored.nii.gz
ashs/whole/ca23dg_thre_0.5_masked /projects/kuhl_lab/wanjiag/MONSTERA/derivatives/rois/sub-MONSTERA40/ashs/whole/ca23dg_thre_0.5_masked.nii.gz
task-01 /projects/kuhl_lab/wanjiag/MONSTERA/derivatives/preprocess/sub-MONSTERA40/sub-MONSTERA40_task-01_desc-preproc_bold_trim6_denoise_z-scored.nii.gz
task-02 /projects/kuhl_lab/wanjiag/MONSTERA/derivatives/preprocess/sub-MONSTERA40/sub-MONSTERA40_task-02_desc-preproc_bold_trim6_denoise_z-scored.nii.gz
task-03 /projects/kuhl_lab/wanjiag/MONSTERA/derivatives/preprocess/sub-MONSTERA40/sub-MONSTERA40_task-03_desc-preproc_bold_trim6_denoise_z-scored.nii.gz
task-04 /projects/kuhl_lab/wanjiag/MONSTERA/derivatives/preprocess/sub-MONSTERA40/sub-MONSTERA40_task-04_desc-preproc_bold_trim6_denoise_z-scored.nii.gz
task-05 /projects/kuhl_lab/wanjiag/MONSTERA/derivatives/preprocess/sub-MONSTERA40/sub-MONSTERA40_task-05_desc-preproc_bold_trim6_denoise_z-scored.nii.gz
task-06 /projects/kuhl_lab/wanjiag/MONSTERA/derivatives/preprocess/sub-MONSTERA40/sub-MONSTERA40_task-06_desc-preproc_bold_trim6_denoise_z-scored.nii.gz
task-07 /projects/kuhl_lab/wanjiag/MONSTERA/derivatives/preprocess/sub-MONSTERA40/sub-MONSTERA40_task-07_desc-preproc_bold_trim6_denoise_z-scored.nii.gz
task-08 /projects/kuhl_lab/wanjiag/MONSTERA/derivatives/preprocess/sub-MONSTERA40/sub-MONSTERA40_task-08_desc-preproc_bold_trim6_denoise_z-scored.nii.gz
task-09 /projects/kuhl_lab/wanjiag/MONSTERA/derivatives/preprocess/sub-MONSTERA40/sub-MONSTERA40_task-09_desc-preproc_bold_trim6_denoise_z-scored.nii.gz
task-10 /projects/kuhl_lab/wanjiag/MONSTERA/derivatives/preprocess/sub-MONSTERA40/sub-MONSTERA40_task-10_desc-preproc_bold_trim6_denoise_z-scored.nii.gz
angular_gyrus_2_epi_thre_0.5_masked /projects/kuhl_lab/wanjiag/MONSTERA/derivatives/rois/sub-MONSTERA41/angular_gyrus_2_epi_thre_0.5_masked.nii.gz
task-01 /projects/kuhl_lab/wanjiag/MONSTERA/derivatives/preprocess/sub-MONSTERA41/sub-MONSTERA41_task-01_desc-preproc_bold_trim6_denoise_z-scored.nii.gz
task-02 /projects/kuhl_lab/wanjiag/MONSTERA/derivatives/preprocess/sub-MONSTERA41/sub-MONSTERA41_task-02_desc-preproc_bold_trim6_denoise_z-scored.nii.gz
task-03 /projects/kuhl_lab/wanjiag/MONSTERA/derivatives/preprocess/sub-MONSTERA41/sub-MONSTERA41_task-03_desc-preproc_bold_trim6_denoise_z-scored.nii.gz
task-04 /projects/kuhl_lab/wanjiag/MONSTERA/derivatives/preprocess/sub-MONSTERA41/sub-MONSTERA41_task-04_desc-preproc_bold_trim6_denoise_z-scored.nii.gz
task-05 /projects/kuhl_lab/wanjiag/MONSTERA/derivatives/preprocess/sub-MONSTERA41/sub-MONSTERA41_task-05_desc-preproc_bold_trim6_denoise_z-scored.nii.gz
task-06 /projects/kuhl_lab/wanjiag/MONSTERA/derivatives/preprocess/sub-MONSTERA41/sub-MONSTERA41_task-06_desc-preproc_bold_trim6_denoise_z-scored.nii.gz
task-07 /projects/kuhl_lab/wanjiag/MONSTERA/derivatives/preprocess/sub-MONSTERA41/sub-MONSTERA41_task-07_desc-preproc_bold_trim6_denoise_z-scored.nii.gz
task-08 /projects/kuhl_lab/wanjiag/MONSTERA/derivatives/preprocess/sub-MONSTERA41/sub-MONSTERA41_task-08_desc-preproc_bold_trim6_denoise_z-scored.nii.gz
task-09 /projects/kuhl_lab/wanjiag/MONSTERA/derivatives/preprocess/sub-MONSTERA41/sub-MONSTERA41_task-09_desc-preproc_bold_trim6_denoise_z-scored.nii.gz
task-10 /projects/kuhl_lab/wanjiag/MONSTERA/derivatives/preprocess/sub-MONSTERA41/sub-MONSTERA41_task-10_desc-preproc_bold_trim6_denoise_z-scored.nii.gz
evc_2_epi_thre_0.5_masked /projects/kuhl_lab/wanjiag/MONSTERA/derivatives/rois/sub-MONSTERA41/evc_2_epi_thre_0.5_masked.nii.gz
task-01 /projects/kuhl_lab/wanjiag/MONSTERA/derivatives/preprocess/sub-MONSTERA41/sub-MONSTERA41_task-01_desc-preproc_bold_trim6_denoise_z-scored.nii.gz
task-02 /projects/kuhl_lab/wanjiag/MONSTERA/derivatives/preprocess/sub-MONSTERA41/sub-MONSTERA41_task-02_desc-preproc_bold_trim6_denoise_z-scored.nii.gz
task-03 /projects/kuhl_lab/wanjiag/MONSTERA/derivatives/preprocess/sub-MONSTERA41/sub-MONSTERA41_task-03_desc-preproc_bold_trim6_denoise_z-scored.nii.gz
task-04 /projects/kuhl_lab/wanjiag/MONSTERA/derivatives/preprocess/sub-MONSTERA41/sub-MONSTERA41_task-04_desc-preproc_bold_trim6_denoise_z-scored.nii.gz
task-05 /projects/kuhl_lab/wanjiag/MONSTERA/derivatives/preprocess/sub-MONSTERA41/sub-MONSTERA41_task-05_desc-preproc_bold_trim6_denoise_z-scored.nii.gz
task-06 /projects/kuhl_lab/wanjiag/MONSTERA/derivatives/preprocess/sub-MONSTERA41/sub-MONSTERA41_task-06_desc-preproc_bold_trim6_denoise_z-scored.nii.gz
task-07 /projects/kuhl_lab/wanjiag/MONSTERA/derivatives/preprocess/sub-MONSTERA41/sub-MONSTERA41_task-07_desc-preproc_bold_trim6_denoise_z-scored.nii.gz
task-08 /projects/kuhl_lab/wanjiag/MONSTERA/derivatives/preprocess/sub-MONSTERA41/sub-MONSTERA41_task-08_desc-preproc_bold_trim6_denoise_z-scored.nii.gz
task-09 /projects/kuhl_lab/wanjiag/MONSTERA/derivatives/preprocess/sub-MONSTERA41/sub-MONSTERA41_task-09_desc-preproc_bold_trim6_denoise_z-scored.nii.gz
task-10 /projects/kuhl_lab/wanjiag/MONSTERA/derivatives/preprocess/sub-MONSTERA41/sub-MONSTERA41_task-10_desc-preproc_bold_trim6_denoise_z-scored.nii.gz
hippocampus_2_epi_thre_0.5_masked /projects/kuhl_lab/wanjiag/MONSTERA/derivatives/rois/sub-MONSTERA41/hippocampus_2_epi_thre_0.5_masked.nii.gz
task-01 /projects/kuhl_lab/wanjiag/MONSTERA/derivatives/preprocess/sub-MONSTERA41/sub-MONSTERA41_task-01_desc-preproc_bold_trim6_denoise_z-scored.nii.gz
task-02 /projects/kuhl_lab/wanjiag/MONSTERA/derivatives/preprocess/sub-MONSTERA41/sub-MONSTERA41_task-02_desc-preproc_bold_trim6_denoise_z-scored.nii.gz
task-03 /projects/kuhl_lab/wanjiag/MONSTERA/derivatives/preprocess/sub-MONSTERA41/sub-MONSTERA41_task-03_desc-preproc_bold_trim6_denoise_z-scored.nii.gz
task-04 /projects/kuhl_lab/wanjiag/MONSTERA/derivatives/preprocess/sub-MONSTERA41/sub-MONSTERA41_task-04_desc-preproc_bold_trim6_denoise_z-scored.nii.gz
task-05 /projects/kuhl_lab/wanjiag/MONSTERA/derivatives/preprocess/sub-MONSTERA41/sub-MONSTERA41_task-05_desc-preproc_bold_trim6_denoise_z-scored.nii.gz
task-06 /projects/kuhl_lab/wanjiag/MONSTERA/derivatives/preprocess/sub-MONSTERA41/sub-MONSTERA41_task-06_desc-preproc_bold_trim6_denoise_z-scored.nii.gz
task-07 /projects/kuhl_lab/wanjiag/MONSTERA/derivatives/preprocess/sub-MONSTERA41/sub-MONSTERA41_task-07_desc-preproc_bold_trim6_denoise_z-scored.nii.gz
task-08 /projects/kuhl_lab/wanjiag/MONSTERA/derivatives/preprocess/sub-MONSTERA41/sub-MONSTERA41_task-08_desc-preproc_bold_trim6_denoise_z-scored.nii.gz
task-09 /projects/kuhl_lab/wanjiag/MONSTERA/derivatives/preprocess/sub-MONSTERA41/sub-MONSTERA41_task-09_desc-preproc_bold_trim6_denoise_z-scored.nii.gz
task-10 /projects/kuhl_lab/wanjiag/MONSTERA/derivatives/preprocess/sub-MONSTERA41/sub-MONSTERA41_task-10_desc-preproc_bold_trim6_denoise_z-scored.nii.gz
ppa_mni_2_epi_thre_0.5_masked /projects/kuhl_lab/wanjiag/MONSTERA/derivatives/rois/sub-MONSTERA41/ppa_mni_2_epi_thre_0.5_masked.nii.gz
task-01 /projects/kuhl_lab/wanjiag/MONSTERA/derivatives/preprocess/sub-MONSTERA41/sub-MONSTERA41_task-01_desc-preproc_bold_trim6_denoise_z-scored.nii.gz
task-02 /projects/kuhl_lab/wanjiag/MONSTERA/derivatives/preprocess/sub-MONSTERA41/sub-MONSTERA41_task-02_desc-preproc_bold_trim6_denoise_z-scored.nii.gz
task-03 /projects/kuhl_lab/wanjiag/MONSTERA/derivatives/preprocess/sub-MONSTERA41/sub-MONSTERA41_task-03_desc-preproc_bold_trim6_denoise_z-scored.nii.gz
task-04 /projects/kuhl_lab/wanjiag/MONSTERA/derivatives/preprocess/sub-MONSTERA41/sub-MONSTERA41_task-04_desc-preproc_bold_trim6_denoise_z-scored.nii.gz
task-05 /projects/kuhl_lab/wanjiag/MONSTERA/derivatives/preprocess/sub-MONSTERA41/sub-MONSTERA41_task-05_desc-preproc_bold_trim6_denoise_z-scored.nii.gz
task-06 /projects/kuhl_lab/wanjiag/MONSTERA/derivatives/preprocess/sub-MONSTERA41/sub-MONSTERA41_task-06_desc-preproc_bold_trim6_denoise_z-scored.nii.gz
task-07 /projects/kuhl_lab/wanjiag/MONSTERA/derivatives/preprocess/sub-MONSTERA41/sub-MONSTERA41_task-07_desc-preproc_bold_trim6_denoise_z-scored.nii.gz
task-08 /projects/kuhl_lab/wanjiag/MONSTERA/derivatives/preprocess/sub-MONSTERA41/sub-MONSTERA41_task-08_desc-preproc_bold_trim6_denoise_z-scored.nii.gz
task-09 /projects/kuhl_lab/wanjiag/MONSTERA/derivatives/preprocess/sub-MONSTERA41/sub-MONSTERA41_task-09_desc-preproc_bold_trim6_denoise_z-scored.nii.gz
task-10 /projects/kuhl_lab/wanjiag/MONSTERA/derivatives/preprocess/sub-MONSTERA41/sub-MONSTERA41_task-10_desc-preproc_bold_trim6_denoise_z-scored.nii.gz
ashs/body/ca1-body_thre_0.5_masked /projects/kuhl_lab/wanjiag/MONSTERA/derivatives/rois/sub-MONSTERA41/ashs/body/ca1-body_thre_0.5_masked.nii.gz
task-01 /projects/kuhl_lab/wanjiag/MONSTERA/derivatives/preprocess/sub-MONSTERA41/sub-MONSTERA41_task-01_desc-preproc_bold_trim6_denoise_z-scored.nii.gz
task-02 /projects/kuhl_lab/wanjiag/MONSTERA/derivatives/preprocess/sub-MONSTERA41/sub-MONSTERA41_task-02_desc-preproc_bold_trim6_denoise_z-scored.nii.gz
task-03 /projects/kuhl_lab/wanjiag/MONSTERA/derivatives/preprocess/sub-MONSTERA41/sub-MONSTERA41_task-03_desc-preproc_bold_trim6_denoise_z-scored.nii.gz
task-04 /projects/kuhl_lab/wanjiag/MONSTERA/derivatives/preprocess/sub-MONSTERA41/sub-MONSTERA41_task-04_desc-preproc_bold_trim6_denoise_z-scored.nii.gz
task-05 /projects/kuhl_lab/wanjiag/MONSTERA/derivatives/preprocess/sub-MONSTERA41/sub-MONSTERA41_task-05_desc-preproc_bold_trim6_denoise_z-scored.nii.gz
task-06 /projects/kuhl_lab/wanjiag/MONSTERA/derivatives/preprocess/sub-MONSTERA41/sub-MONSTERA41_task-06_desc-preproc_bold_trim6_denoise_z-scored.nii.gz
task-07 /projects/kuhl_lab/wanjiag/MONSTERA/derivatives/preprocess/sub-MONSTERA41/sub-MONSTERA41_task-07_desc-preproc_bold_trim6_denoise_z-scored.nii.gz
task-08 /projects/kuhl_lab/wanjiag/MONSTERA/derivatives/preprocess/sub-MONSTERA41/sub-MONSTERA41_task-08_desc-preproc_bold_trim6_denoise_z-scored.nii.gz
task-09 /projects/kuhl_lab/wanjiag/MONSTERA/derivatives/preprocess/sub-MONSTERA41/sub-MONSTERA41_task-09_desc-preproc_bold_trim6_denoise_z-scored.nii.gz
task-10 /projects/kuhl_lab/wanjiag/MONSTERA/derivatives/preprocess/sub-MONSTERA41/sub-MONSTERA41_task-10_desc-preproc_bold_trim6_denoise_z-scored.nii.gz
ashs/body/ca23dg-body_thre_0.5_masked /projects/kuhl_lab/wanjiag/MONSTERA/derivatives/rois/sub-MONSTERA41/ashs/body/ca23dg-body_thre_0.5_masked.nii.gz
task-01 /projects/kuhl_lab/wanjiag/MONSTERA/derivatives/preprocess/sub-MONSTERA41/sub-MONSTERA41_task-01_desc-preproc_bold_trim6_denoise_z-scored.nii.gz
task-02 /projects/kuhl_lab/wanjiag/MONSTERA/derivatives/preprocess/sub-MONSTERA41/sub-MONSTERA41_task-02_desc-preproc_bold_trim6_denoise_z-scored.nii.gz
task-03 /projects/kuhl_lab/wanjiag/MONSTERA/derivatives/preprocess/sub-MONSTERA41/sub-MONSTERA41_task-03_desc-preproc_bold_trim6_denoise_z-scored.nii.gz
task-04 /projects/kuhl_lab/wanjiag/MONSTERA/derivatives/preprocess/sub-MONSTERA41/sub-MONSTERA41_task-04_desc-preproc_bold_trim6_denoise_z-scored.nii.gz
task-05 /projects/kuhl_lab/wanjiag/MONSTERA/derivatives/preprocess/sub-MONSTERA41/sub-MONSTERA41_task-05_desc-preproc_bold_trim6_denoise_z-scored.nii.gz
task-06 /projects/kuhl_lab/wanjiag/MONSTERA/derivatives/preprocess/sub-MONSTERA41/sub-MONSTERA41_task-06_desc-preproc_bold_trim6_denoise_z-scored.nii.gz
task-07 /projects/kuhl_lab/wanjiag/MONSTERA/derivatives/preprocess/sub-MONSTERA41/sub-MONSTERA41_task-07_desc-preproc_bold_trim6_denoise_z-scored.nii.gz
task-08 /projects/kuhl_lab/wanjiag/MONSTERA/derivatives/preprocess/sub-MONSTERA41/sub-MONSTERA41_task-08_desc-preproc_bold_trim6_denoise_z-scored.nii.gz
task-09 /projects/kuhl_lab/wanjiag/MONSTERA/derivatives/preprocess/sub-MONSTERA41/sub-MONSTERA41_task-09_desc-preproc_bold_trim6_denoise_z-scored.nii.gz
task-10 /projects/kuhl_lab/wanjiag/MONSTERA/derivatives/preprocess/sub-MONSTERA41/sub-MONSTERA41_task-10_desc-preproc_bold_trim6_denoise_z-scored.nii.gz
ashs/whole/ca1_thre_0.5_masked /projects/kuhl_lab/wanjiag/MONSTERA/derivatives/rois/sub-MONSTERA41/ashs/whole/ca1_thre_0.5_masked.nii.gz
task-01 /projects/kuhl_lab/wanjiag/MONSTERA/derivatives/preprocess/sub-MONSTERA41/sub-MONSTERA41_task-01_desc-preproc_bold_trim6_denoise_z-scored.nii.gz
task-02 /projects/kuhl_lab/wanjiag/MONSTERA/derivatives/preprocess/sub-MONSTERA41/sub-MONSTERA41_task-02_desc-preproc_bold_trim6_denoise_z-scored.nii.gz
task-03 /projects/kuhl_lab/wanjiag/MONSTERA/derivatives/preprocess/sub-MONSTERA41/sub-MONSTERA41_task-03_desc-preproc_bold_trim6_denoise_z-scored.nii.gz
task-04 /projects/kuhl_lab/wanjiag/MONSTERA/derivatives/preprocess/sub-MONSTERA41/sub-MONSTERA41_task-04_desc-preproc_bold_trim6_denoise_z-scored.nii.gz
task-05 /projects/kuhl_lab/wanjiag/MONSTERA/derivatives/preprocess/sub-MONSTERA41/sub-MONSTERA41_task-05_desc-preproc_bold_trim6_denoise_z-scored.nii.gz
task-06 /projects/kuhl_lab/wanjiag/MONSTERA/derivatives/preprocess/sub-MONSTERA41/sub-MONSTERA41_task-06_desc-preproc_bold_trim6_denoise_z-scored.nii.gz
task-07 /projects/kuhl_lab/wanjiag/MONSTERA/derivatives/preprocess/sub-MONSTERA41/sub-MONSTERA41_task-07_desc-preproc_bold_trim6_denoise_z-scored.nii.gz
task-08 /projects/kuhl_lab/wanjiag/MONSTERA/derivatives/preprocess/sub-MONSTERA41/sub-MONSTERA41_task-08_desc-preproc_bold_trim6_denoise_z-scored.nii.gz
task-09 /projects/kuhl_lab/wanjiag/MONSTERA/derivatives/preprocess/sub-MONSTERA41/sub-MONSTERA41_task-09_desc-preproc_bold_trim6_denoise_z-scored.nii.gz
task-10 /projects/kuhl_lab/wanjiag/MONSTERA/derivatives/preprocess/sub-MONSTERA41/sub-MONSTERA41_task-10_desc-preproc_bold_trim6_denoise_z-scored.nii.gz
ashs/whole/ca23dg_thre_0.5_masked /projects/kuhl_lab/wanjiag/MONSTERA/derivatives/rois/sub-MONSTERA41/ashs/whole/ca23dg_thre_0.5_masked.nii.gz
task-01 /projects/kuhl_lab/wanjiag/MONSTERA/derivatives/preprocess/sub-MONSTERA41/sub-MONSTERA41_task-01_desc-preproc_bold_trim6_denoise_z-scored.nii.gz
task-02 /projects/kuhl_lab/wanjiag/MONSTERA/derivatives/preprocess/sub-MONSTERA41/sub-MONSTERA41_task-02_desc-preproc_bold_trim6_denoise_z-scored.nii.gz
task-03 /projects/kuhl_lab/wanjiag/MONSTERA/derivatives/preprocess/sub-MONSTERA41/sub-MONSTERA41_task-03_desc-preproc_bold_trim6_denoise_z-scored.nii.gz
task-04 /projects/kuhl_lab/wanjiag/MONSTERA/derivatives/preprocess/sub-MONSTERA41/sub-MONSTERA41_task-04_desc-preproc_bold_trim6_denoise_z-scored.nii.gz
task-05 /projects/kuhl_lab/wanjiag/MONSTERA/derivatives/preprocess/sub-MONSTERA41/sub-MONSTERA41_task-05_desc-preproc_bold_trim6_denoise_z-scored.nii.gz
task-06 /projects/kuhl_lab/wanjiag/MONSTERA/derivatives/preprocess/sub-MONSTERA41/sub-MONSTERA41_task-06_desc-preproc_bold_trim6_denoise_z-scored.nii.gz
task-07 /projects/kuhl_lab/wanjiag/MONSTERA/derivatives/preprocess/sub-MONSTERA41/sub-MONSTERA41_task-07_desc-preproc_bold_trim6_denoise_z-scored.nii.gz
task-08 /projects/kuhl_lab/wanjiag/MONSTERA/derivatives/preprocess/sub-MONSTERA41/sub-MONSTERA41_task-08_desc-preproc_bold_trim6_denoise_z-scored.nii.gz
task-09 /projects/kuhl_lab/wanjiag/MONSTERA/derivatives/preprocess/sub-MONSTERA41/sub-MONSTERA41_task-09_desc-preproc_bold_trim6_denoise_z-scored.nii.gz
task-10 /projects/kuhl_lab/wanjiag/MONSTERA/derivatives/preprocess/sub-MONSTERA41/sub-MONSTERA41_task-10_desc-preproc_bold_trim6_denoise_z-scored.nii.gz
angular_gyrus_2_epi_thre_0.5_masked /projects/kuhl_lab/wanjiag/MONSTERA/derivatives/rois/sub-MONSTERA42/angular_gyrus_2_epi_thre_0.5_masked.nii.gz
task-01 /projects/kuhl_lab/wanjiag/MONSTERA/derivatives/preprocess/sub-MONSTERA42/sub-MONSTERA42_task-01_desc-preproc_bold_trim6_denoise_z-scored.nii.gz
task-02 /projects/kuhl_lab/wanjiag/MONSTERA/derivatives/preprocess/sub-MONSTERA42/sub-MONSTERA42_task-02_desc-preproc_bold_trim6_denoise_z-scored.nii.gz
task-03 /projects/kuhl_lab/wanjiag/MONSTERA/derivatives/preprocess/sub-MONSTERA42/sub-MONSTERA42_task-03_desc-preproc_bold_trim6_denoise_z-scored.nii.gz
task-04 /projects/kuhl_lab/wanjiag/MONSTERA/derivatives/preprocess/sub-MONSTERA42/sub-MONSTERA42_task-04_desc-preproc_bold_trim6_denoise_z-scored.nii.gz
task-05 /projects/kuhl_lab/wanjiag/MONSTERA/derivatives/preprocess/sub-MONSTERA42/sub-MONSTERA42_task-05_desc-preproc_bold_trim6_denoise_z-scored.nii.gz
task-06 /projects/kuhl_lab/wanjiag/MONSTERA/derivatives/preprocess/sub-MONSTERA42/sub-MONSTERA42_task-06_desc-preproc_bold_trim6_denoise_z-scored.nii.gz
task-07 /projects/kuhl_lab/wanjiag/MONSTERA/derivatives/preprocess/sub-MONSTERA42/sub-MONSTERA42_task-07_desc-preproc_bold_trim6_denoise_z-scored.nii.gz
task-08 /projects/kuhl_lab/wanjiag/MONSTERA/derivatives/preprocess/sub-MONSTERA42/sub-MONSTERA42_task-08_desc-preproc_bold_trim6_denoise_z-scored.nii.gz
task-09 /projects/kuhl_lab/wanjiag/MONSTERA/derivatives/preprocess/sub-MONSTERA42/sub-MONSTERA42_task-09_desc-preproc_bold_trim6_denoise_z-scored.nii.gz
task-10 /projects/kuhl_lab/wanjiag/MONSTERA/derivatives/preprocess/sub-MONSTERA42/sub-MONSTERA42_task-10_desc-preproc_bold_trim6_denoise_z-scored.nii.gz
evc_2_epi_thre_0.5_masked /projects/kuhl_lab/wanjiag/MONSTERA/derivatives/rois/sub-MONSTERA42/evc_2_epi_thre_0.5_masked.nii.gz
task-01 /projects/kuhl_lab/wanjiag/MONSTERA/derivatives/preprocess/sub-MONSTERA42/sub-MONSTERA42_task-01_desc-preproc_bold_trim6_denoise_z-scored.nii.gz
task-02 /projects/kuhl_lab/wanjiag/MONSTERA/derivatives/preprocess/sub-MONSTERA42/sub-MONSTERA42_task-02_desc-preproc_bold_trim6_denoise_z-scored.nii.gz
task-03 /projects/kuhl_lab/wanjiag/MONSTERA/derivatives/preprocess/sub-MONSTERA42/sub-MONSTERA42_task-03_desc-preproc_bold_trim6_denoise_z-scored.nii.gz
task-04 /projects/kuhl_lab/wanjiag/MONSTERA/derivatives/preprocess/sub-MONSTERA42/sub-MONSTERA42_task-04_desc-preproc_bold_trim6_denoise_z-scored.nii.gz
task-05 /projects/kuhl_lab/wanjiag/MONSTERA/derivatives/preprocess/sub-MONSTERA42/sub-MONSTERA42_task-05_desc-preproc_bold_trim6_denoise_z-scored.nii.gz
task-06 /projects/kuhl_lab/wanjiag/MONSTERA/derivatives/preprocess/sub-MONSTERA42/sub-MONSTERA42_task-06_desc-preproc_bold_trim6_denoise_z-scored.nii.gz
task-07 /projects/kuhl_lab/wanjiag/MONSTERA/derivatives/preprocess/sub-MONSTERA42/sub-MONSTERA42_task-07_desc-preproc_bold_trim6_denoise_z-scored.nii.gz
task-08 /projects/kuhl_lab/wanjiag/MONSTERA/derivatives/preprocess/sub-MONSTERA42/sub-MONSTERA42_task-08_desc-preproc_bold_trim6_denoise_z-scored.nii.gz
task-09 /projects/kuhl_lab/wanjiag/MONSTERA/derivatives/preprocess/sub-MONSTERA42/sub-MONSTERA42_task-09_desc-preproc_bold_trim6_denoise_z-scored.nii.gz
task-10 /projects/kuhl_lab/wanjiag/MONSTERA/derivatives/preprocess/sub-MONSTERA42/sub-MONSTERA42_task-10_desc-preproc_bold_trim6_denoise_z-scored.nii.gz
hippocampus_2_epi_thre_0.5_masked /projects/kuhl_lab/wanjiag/MONSTERA/derivatives/rois/sub-MONSTERA42/hippocampus_2_epi_thre_0.5_masked.nii.gz
task-01 /projects/kuhl_lab/wanjiag/MONSTERA/derivatives/preprocess/sub-MONSTERA42/sub-MONSTERA42_task-01_desc-preproc_bold_trim6_denoise_z-scored.nii.gz
task-02 /projects/kuhl_lab/wanjiag/MONSTERA/derivatives/preprocess/sub-MONSTERA42/sub-MONSTERA42_task-02_desc-preproc_bold_trim6_denoise_z-scored.nii.gz
task-03 /projects/kuhl_lab/wanjiag/MONSTERA/derivatives/preprocess/sub-MONSTERA42/sub-MONSTERA42_task-03_desc-preproc_bold_trim6_denoise_z-scored.nii.gz
task-04 /projects/kuhl_lab/wanjiag/MONSTERA/derivatives/preprocess/sub-MONSTERA42/sub-MONSTERA42_task-04_desc-preproc_bold_trim6_denoise_z-scored.nii.gz
task-05 /projects/kuhl_lab/wanjiag/MONSTERA/derivatives/preprocess/sub-MONSTERA42/sub-MONSTERA42_task-05_desc-preproc_bold_trim6_denoise_z-scored.nii.gz
task-06 /projects/kuhl_lab/wanjiag/MONSTERA/derivatives/preprocess/sub-MONSTERA42/sub-MONSTERA42_task-06_desc-preproc_bold_trim6_denoise_z-scored.nii.gz
task-07 /projects/kuhl_lab/wanjiag/MONSTERA/derivatives/preprocess/sub-MONSTERA42/sub-MONSTERA42_task-07_desc-preproc_bold_trim6_denoise_z-scored.nii.gz
task-08 /projects/kuhl_lab/wanjiag/MONSTERA/derivatives/preprocess/sub-MONSTERA42/sub-MONSTERA42_task-08_desc-preproc_bold_trim6_denoise_z-scored.nii.gz
task-09 /projects/kuhl_lab/wanjiag/MONSTERA/derivatives/preprocess/sub-MONSTERA42/sub-MONSTERA42_task-09_desc-preproc_bold_trim6_denoise_z-scored.nii.gz
task-10 /projects/kuhl_lab/wanjiag/MONSTERA/derivatives/preprocess/sub-MONSTERA42/sub-MONSTERA42_task-10_desc-preproc_bold_trim6_denoise_z-scored.nii.gz
ppa_mni_2_epi_thre_0.5_masked /projects/kuhl_lab/wanjiag/MONSTERA/derivatives/rois/sub-MONSTERA42/ppa_mni_2_epi_thre_0.5_masked.nii.gz
task-01 /projects/kuhl_lab/wanjiag/MONSTERA/derivatives/preprocess/sub-MONSTERA42/sub-MONSTERA42_task-01_desc-preproc_bold_trim6_denoise_z-scored.nii.gz
task-02 /projects/kuhl_lab/wanjiag/MONSTERA/derivatives/preprocess/sub-MONSTERA42/sub-MONSTERA42_task-02_desc-preproc_bold_trim6_denoise_z-scored.nii.gz
task-03 /projects/kuhl_lab/wanjiag/MONSTERA/derivatives/preprocess/sub-MONSTERA42/sub-MONSTERA42_task-03_desc-preproc_bold_trim6_denoise_z-scored.nii.gz
task-04 /projects/kuhl_lab/wanjiag/MONSTERA/derivatives/preprocess/sub-MONSTERA42/sub-MONSTERA42_task-04_desc-preproc_bold_trim6_denoise_z-scored.nii.gz
task-05 /projects/kuhl_lab/wanjiag/MONSTERA/derivatives/preprocess/sub-MONSTERA42/sub-MONSTERA42_task-05_desc-preproc_bold_trim6_denoise_z-scored.nii.gz
task-06 /projects/kuhl_lab/wanjiag/MONSTERA/derivatives/preprocess/sub-MONSTERA42/sub-MONSTERA42_task-06_desc-preproc_bold_trim6_denoise_z-scored.nii.gz
task-07 /projects/kuhl_lab/wanjiag/MONSTERA/derivatives/preprocess/sub-MONSTERA42/sub-MONSTERA42_task-07_desc-preproc_bold_trim6_denoise_z-scored.nii.gz
task-08 /projects/kuhl_lab/wanjiag/MONSTERA/derivatives/preprocess/sub-MONSTERA42/sub-MONSTERA42_task-08_desc-preproc_bold_trim6_denoise_z-scored.nii.gz
task-09 /projects/kuhl_lab/wanjiag/MONSTERA/derivatives/preprocess/sub-MONSTERA42/sub-MONSTERA42_task-09_desc-preproc_bold_trim6_denoise_z-scored.nii.gz
task-10 /projects/kuhl_lab/wanjiag/MONSTERA/derivatives/preprocess/sub-MONSTERA42/sub-MONSTERA42_task-10_desc-preproc_bold_trim6_denoise_z-scored.nii.gz
ashs/body/ca1-body_thre_0.5_masked /projects/kuhl_lab/wanjiag/MONSTERA/derivatives/rois/sub-MONSTERA42/ashs/body/ca1-body_thre_0.5_masked.nii.gz
task-01 /projects/kuhl_lab/wanjiag/MONSTERA/derivatives/preprocess/sub-MONSTERA42/sub-MONSTERA42_task-01_desc-preproc_bold_trim6_denoise_z-scored.nii.gz
task-02 /projects/kuhl_lab/wanjiag/MONSTERA/derivatives/preprocess/sub-MONSTERA42/sub-MONSTERA42_task-02_desc-preproc_bold_trim6_denoise_z-scored.nii.gz
task-03 /projects/kuhl_lab/wanjiag/MONSTERA/derivatives/preprocess/sub-MONSTERA42/sub-MONSTERA42_task-03_desc-preproc_bold_trim6_denoise_z-scored.nii.gz
task-04 /projects/kuhl_lab/wanjiag/MONSTERA/derivatives/preprocess/sub-MONSTERA42/sub-MONSTERA42_task-04_desc-preproc_bold_trim6_denoise_z-scored.nii.gz
task-05 /projects/kuhl_lab/wanjiag/MONSTERA/derivatives/preprocess/sub-MONSTERA42/sub-MONSTERA42_task-05_desc-preproc_bold_trim6_denoise_z-scored.nii.gz
task-06 /projects/kuhl_lab/wanjiag/MONSTERA/derivatives/preprocess/sub-MONSTERA42/sub-MONSTERA42_task-06_desc-preproc_bold_trim6_denoise_z-scored.nii.gz
task-07 /projects/kuhl_lab/wanjiag/MONSTERA/derivatives/preprocess/sub-MONSTERA42/sub-MONSTERA42_task-07_desc-preproc_bold_trim6_denoise_z-scored.nii.gz
task-08 /projects/kuhl_lab/wanjiag/MONSTERA/derivatives/preprocess/sub-MONSTERA42/sub-MONSTERA42_task-08_desc-preproc_bold_trim6_denoise_z-scored.nii.gz
task-09 /projects/kuhl_lab/wanjiag/MONSTERA/derivatives/preprocess/sub-MONSTERA42/sub-MONSTERA42_task-09_desc-preproc_bold_trim6_denoise_z-scored.nii.gz
task-10 /projects/kuhl_lab/wanjiag/MONSTERA/derivatives/preprocess/sub-MONSTERA42/sub-MONSTERA42_task-10_desc-preproc_bold_trim6_denoise_z-scored.nii.gz
ashs/body/ca23dg-body_thre_0.5_masked /projects/kuhl_lab/wanjiag/MONSTERA/derivatives/rois/sub-MONSTERA42/ashs/body/ca23dg-body_thre_0.5_masked.nii.gz
task-01 /projects/kuhl_lab/wanjiag/MONSTERA/derivatives/preprocess/sub-MONSTERA42/sub-MONSTERA42_task-01_desc-preproc_bold_trim6_denoise_z-scored.nii.gz
task-02 /projects/kuhl_lab/wanjiag/MONSTERA/derivatives/preprocess/sub-MONSTERA42/sub-MONSTERA42_task-02_desc-preproc_bold_trim6_denoise_z-scored.nii.gz
task-03 /projects/kuhl_lab/wanjiag/MONSTERA/derivatives/preprocess/sub-MONSTERA42/sub-MONSTERA42_task-03_desc-preproc_bold_trim6_denoise_z-scored.nii.gz
task-04 /projects/kuhl_lab/wanjiag/MONSTERA/derivatives/preprocess/sub-MONSTERA42/sub-MONSTERA42_task-04_desc-preproc_bold_trim6_denoise_z-scored.nii.gz
task-05 /projects/kuhl_lab/wanjiag/MONSTERA/derivatives/preprocess/sub-MONSTERA42/sub-MONSTERA42_task-05_desc-preproc_bold_trim6_denoise_z-scored.nii.gz
task-06 /projects/kuhl_lab/wanjiag/MONSTERA/derivatives/preprocess/sub-MONSTERA42/sub-MONSTERA42_task-06_desc-preproc_bold_trim6_denoise_z-scored.nii.gz
task-07 /projects/kuhl_lab/wanjiag/MONSTERA/derivatives/preprocess/sub-MONSTERA42/sub-MONSTERA42_task-07_desc-preproc_bold_trim6_denoise_z-scored.nii.gz
task-08 /projects/kuhl_lab/wanjiag/MONSTERA/derivatives/preprocess/sub-MONSTERA42/sub-MONSTERA42_task-08_desc-preproc_bold_trim6_denoise_z-scored.nii.gz
task-09 /projects/kuhl_lab/wanjiag/MONSTERA/derivatives/preprocess/sub-MONSTERA42/sub-MONSTERA42_task-09_desc-preproc_bold_trim6_denoise_z-scored.nii.gz
task-10 /projects/kuhl_lab/wanjiag/MONSTERA/derivatives/preprocess/sub-MONSTERA42/sub-MONSTERA42_task-10_desc-preproc_bold_trim6_denoise_z-scored.nii.gz
ashs/whole/ca1_thre_0.5_masked /projects/kuhl_lab/wanjiag/MONSTERA/derivatives/rois/sub-MONSTERA42/ashs/whole/ca1_thre_0.5_masked.nii.gz
task-01 /projects/kuhl_lab/wanjiag/MONSTERA/derivatives/preprocess/sub-MONSTERA42/sub-MONSTERA42_task-01_desc-preproc_bold_trim6_denoise_z-scored.nii.gz
task-02 /projects/kuhl_lab/wanjiag/MONSTERA/derivatives/preprocess/sub-MONSTERA42/sub-MONSTERA42_task-02_desc-preproc_bold_trim6_denoise_z-scored.nii.gz
task-03 /projects/kuhl_lab/wanjiag/MONSTERA/derivatives/preprocess/sub-MONSTERA42/sub-MONSTERA42_task-03_desc-preproc_bold_trim6_denoise_z-scored.nii.gz
task-04 /projects/kuhl_lab/wanjiag/MONSTERA/derivatives/preprocess/sub-MONSTERA42/sub-MONSTERA42_task-04_desc-preproc_bold_trim6_denoise_z-scored.nii.gz
task-05 /projects/kuhl_lab/wanjiag/MONSTERA/derivatives/preprocess/sub-MONSTERA42/sub-MONSTERA42_task-05_desc-preproc_bold_trim6_denoise_z-scored.nii.gz
task-06 /projects/kuhl_lab/wanjiag/MONSTERA/derivatives/preprocess/sub-MONSTERA42/sub-MONSTERA42_task-06_desc-preproc_bold_trim6_denoise_z-scored.nii.gz
task-07 /projects/kuhl_lab/wanjiag/MONSTERA/derivatives/preprocess/sub-MONSTERA42/sub-MONSTERA42_task-07_desc-preproc_bold_trim6_denoise_z-scored.nii.gz
task-08 /projects/kuhl_lab/wanjiag/MONSTERA/derivatives/preprocess/sub-MONSTERA42/sub-MONSTERA42_task-08_desc-preproc_bold_trim6_denoise_z-scored.nii.gz
task-09 /projects/kuhl_lab/wanjiag/MONSTERA/derivatives/preprocess/sub-MONSTERA42/sub-MONSTERA42_task-09_desc-preproc_bold_trim6_denoise_z-scored.nii.gz
task-10 /projects/kuhl_lab/wanjiag/MONSTERA/derivatives/preprocess/sub-MONSTERA42/sub-MONSTERA42_task-10_desc-preproc_bold_trim6_denoise_z-scored.nii.gz
ashs/whole/ca23dg_thre_0.5_masked /projects/kuhl_lab/wanjiag/MONSTERA/derivatives/rois/sub-MONSTERA42/ashs/whole/ca23dg_thre_0.5_masked.nii.gz
task-01 /projects/kuhl_lab/wanjiag/MONSTERA/derivatives/preprocess/sub-MONSTERA42/sub-MONSTERA42_task-01_desc-preproc_bold_trim6_denoise_z-scored.nii.gz
task-02 /projects/kuhl_lab/wanjiag/MONSTERA/derivatives/preprocess/sub-MONSTERA42/sub-MONSTERA42_task-02_desc-preproc_bold_trim6_denoise_z-scored.nii.gz
task-03 /projects/kuhl_lab/wanjiag/MONSTERA/derivatives/preprocess/sub-MONSTERA42/sub-MONSTERA42_task-03_desc-preproc_bold_trim6_denoise_z-scored.nii.gz
task-04 /projects/kuhl_lab/wanjiag/MONSTERA/derivatives/preprocess/sub-MONSTERA42/sub-MONSTERA42_task-04_desc-preproc_bold_trim6_denoise_z-scored.nii.gz
task-05 /projects/kuhl_lab/wanjiag/MONSTERA/derivatives/preprocess/sub-MONSTERA42/sub-MONSTERA42_task-05_desc-preproc_bold_trim6_denoise_z-scored.nii.gz
task-06 /projects/kuhl_lab/wanjiag/MONSTERA/derivatives/preprocess/sub-MONSTERA42/sub-MONSTERA42_task-06_desc-preproc_bold_trim6_denoise_z-scored.nii.gz
task-07 /projects/kuhl_lab/wanjiag/MONSTERA/derivatives/preprocess/sub-MONSTERA42/sub-MONSTERA42_task-07_desc-preproc_bold_trim6_denoise_z-scored.nii.gz
task-08 /projects/kuhl_lab/wanjiag/MONSTERA/derivatives/preprocess/sub-MONSTERA42/sub-MONSTERA42_task-08_desc-preproc_bold_trim6_denoise_z-scored.nii.gz
task-09 /projects/kuhl_lab/wanjiag/MONSTERA/derivatives/preprocess/sub-MONSTERA42/sub-MONSTERA42_task-09_desc-preproc_bold_trim6_denoise_z-scored.nii.gz
task-10 /projects/kuhl_lab/wanjiag/MONSTERA/derivatives/preprocess/sub-MONSTERA42/sub-MONSTERA42_task-10_desc-preproc_bold_trim6_denoise_z-scored.nii.gz
angular_gyrus_2_epi_thre_0.5_masked /projects/kuhl_lab/wanjiag/MONSTERA/derivatives/rois/sub-MONSTERA43/angular_gyrus_2_epi_thre_0.5_masked.nii.gz
task-01 /projects/kuhl_lab/wanjiag/MONSTERA/derivatives/preprocess/sub-MONSTERA43/sub-MONSTERA43_task-01_desc-preproc_bold_trim6_denoise_z-scored.nii.gz
task-02 /projects/kuhl_lab/wanjiag/MONSTERA/derivatives/preprocess/sub-MONSTERA43/sub-MONSTERA43_task-02_desc-preproc_bold_trim6_denoise_z-scored.nii.gz
task-03 /projects/kuhl_lab/wanjiag/MONSTERA/derivatives/preprocess/sub-MONSTERA43/sub-MONSTERA43_task-03_desc-preproc_bold_trim6_denoise_z-scored.nii.gz
task-04 /projects/kuhl_lab/wanjiag/MONSTERA/derivatives/preprocess/sub-MONSTERA43/sub-MONSTERA43_task-04_desc-preproc_bold_trim6_denoise_z-scored.nii.gz
task-05 /projects/kuhl_lab/wanjiag/MONSTERA/derivatives/preprocess/sub-MONSTERA43/sub-MONSTERA43_task-05_desc-preproc_bold_trim6_denoise_z-scored.nii.gz
task-06 /projects/kuhl_lab/wanjiag/MONSTERA/derivatives/preprocess/sub-MONSTERA43/sub-MONSTERA43_task-06_desc-preproc_bold_trim6_denoise_z-scored.nii.gz
task-07 /projects/kuhl_lab/wanjiag/MONSTERA/derivatives/preprocess/sub-MONSTERA43/sub-MONSTERA43_task-07_desc-preproc_bold_trim6_denoise_z-scored.nii.gz
task-08 /projects/kuhl_lab/wanjiag/MONSTERA/derivatives/preprocess/sub-MONSTERA43/sub-MONSTERA43_task-08_desc-preproc_bold_trim6_denoise_z-scored.nii.gz
task-09 /projects/kuhl_lab/wanjiag/MONSTERA/derivatives/preprocess/sub-MONSTERA43/sub-MONSTERA43_task-09_desc-preproc_bold_trim6_denoise_z-scored.nii.gz
task-10 /projects/kuhl_lab/wanjiag/MONSTERA/derivatives/preprocess/sub-MONSTERA43/sub-MONSTERA43_task-10_desc-preproc_bold_trim6_denoise_z-scored.nii.gz
evc_2_epi_thre_0.5_masked /projects/kuhl_lab/wanjiag/MONSTERA/derivatives/rois/sub-MONSTERA43/evc_2_epi_thre_0.5_masked.nii.gz
task-01 /projects/kuhl_lab/wanjiag/MONSTERA/derivatives/preprocess/sub-MONSTERA43/sub-MONSTERA43_task-01_desc-preproc_bold_trim6_denoise_z-scored.nii.gz
task-02 /projects/kuhl_lab/wanjiag/MONSTERA/derivatives/preprocess/sub-MONSTERA43/sub-MONSTERA43_task-02_desc-preproc_bold_trim6_denoise_z-scored.nii.gz
task-03 /projects/kuhl_lab/wanjiag/MONSTERA/derivatives/preprocess/sub-MONSTERA43/sub-MONSTERA43_task-03_desc-preproc_bold_trim6_denoise_z-scored.nii.gz
task-04 /projects/kuhl_lab/wanjiag/MONSTERA/derivatives/preprocess/sub-MONSTERA43/sub-MONSTERA43_task-04_desc-preproc_bold_trim6_denoise_z-scored.nii.gz
task-05 /projects/kuhl_lab/wanjiag/MONSTERA/derivatives/preprocess/sub-MONSTERA43/sub-MONSTERA43_task-05_desc-preproc_bold_trim6_denoise_z-scored.nii.gz
task-06 /projects/kuhl_lab/wanjiag/MONSTERA/derivatives/preprocess/sub-MONSTERA43/sub-MONSTERA43_task-06_desc-preproc_bold_trim6_denoise_z-scored.nii.gz
task-07 /projects/kuhl_lab/wanjiag/MONSTERA/derivatives/preprocess/sub-MONSTERA43/sub-MONSTERA43_task-07_desc-preproc_bold_trim6_denoise_z-scored.nii.gz
task-08 /projects/kuhl_lab/wanjiag/MONSTERA/derivatives/preprocess/sub-MONSTERA43/sub-MONSTERA43_task-08_desc-preproc_bold_trim6_denoise_z-scored.nii.gz
task-09 /projects/kuhl_lab/wanjiag/MONSTERA/derivatives/preprocess/sub-MONSTERA43/sub-MONSTERA43_task-09_desc-preproc_bold_trim6_denoise_z-scored.nii.gz
task-10 /projects/kuhl_lab/wanjiag/MONSTERA/derivatives/preprocess/sub-MONSTERA43/sub-MONSTERA43_task-10_desc-preproc_bold_trim6_denoise_z-scored.nii.gz
hippocampus_2_epi_thre_0.5_masked /projects/kuhl_lab/wanjiag/MONSTERA/derivatives/rois/sub-MONSTERA43/hippocampus_2_epi_thre_0.5_masked.nii.gz
task-01 /projects/kuhl_lab/wanjiag/MONSTERA/derivatives/preprocess/sub-MONSTERA43/sub-MONSTERA43_task-01_desc-preproc_bold_trim6_denoise_z-scored.nii.gz
task-02 /projects/kuhl_lab/wanjiag/MONSTERA/derivatives/preprocess/sub-MONSTERA43/sub-MONSTERA43_task-02_desc-preproc_bold_trim6_denoise_z-scored.nii.gz
task-03 /projects/kuhl_lab/wanjiag/MONSTERA/derivatives/preprocess/sub-MONSTERA43/sub-MONSTERA43_task-03_desc-preproc_bold_trim6_denoise_z-scored.nii.gz
task-04 /projects/kuhl_lab/wanjiag/MONSTERA/derivatives/preprocess/sub-MONSTERA43/sub-MONSTERA43_task-04_desc-preproc_bold_trim6_denoise_z-scored.nii.gz
task-05 /projects/kuhl_lab/wanjiag/MONSTERA/derivatives/preprocess/sub-MONSTERA43/sub-MONSTERA43_task-05_desc-preproc_bold_trim6_denoise_z-scored.nii.gz
task-06 /projects/kuhl_lab/wanjiag/MONSTERA/derivatives/preprocess/sub-MONSTERA43/sub-MONSTERA43_task-06_desc-preproc_bold_trim6_denoise_z-scored.nii.gz
task-07 /projects/kuhl_lab/wanjiag/MONSTERA/derivatives/preprocess/sub-MONSTERA43/sub-MONSTERA43_task-07_desc-preproc_bold_trim6_denoise_z-scored.nii.gz
task-08 /projects/kuhl_lab/wanjiag/MONSTERA/derivatives/preprocess/sub-MONSTERA43/sub-MONSTERA43_task-08_desc-preproc_bold_trim6_denoise_z-scored.nii.gz
task-09 /projects/kuhl_lab/wanjiag/MONSTERA/derivatives/preprocess/sub-MONSTERA43/sub-MONSTERA43_task-09_desc-preproc_bold_trim6_denoise_z-scored.nii.gz
task-10 /projects/kuhl_lab/wanjiag/MONSTERA/derivatives/preprocess/sub-MONSTERA43/sub-MONSTERA43_task-10_desc-preproc_bold_trim6_denoise_z-scored.nii.gz
ppa_mni_2_epi_thre_0.5_masked /projects/kuhl_lab/wanjiag/MONSTERA/derivatives/rois/sub-MONSTERA43/ppa_mni_2_epi_thre_0.5_masked.nii.gz
task-01 /projects/kuhl_lab/wanjiag/MONSTERA/derivatives/preprocess/sub-MONSTERA43/sub-MONSTERA43_task-01_desc-preproc_bold_trim6_denoise_z-scored.nii.gz
task-02 /projects/kuhl_lab/wanjiag/MONSTERA/derivatives/preprocess/sub-MONSTERA43/sub-MONSTERA43_task-02_desc-preproc_bold_trim6_denoise_z-scored.nii.gz
task-03 /projects/kuhl_lab/wanjiag/MONSTERA/derivatives/preprocess/sub-MONSTERA43/sub-MONSTERA43_task-03_desc-preproc_bold_trim6_denoise_z-scored.nii.gz
task-04 /projects/kuhl_lab/wanjiag/MONSTERA/derivatives/preprocess/sub-MONSTERA43/sub-MONSTERA43_task-04_desc-preproc_bold_trim6_denoise_z-scored.nii.gz
task-05 /projects/kuhl_lab/wanjiag/MONSTERA/derivatives/preprocess/sub-MONSTERA43/sub-MONSTERA43_task-05_desc-preproc_bold_trim6_denoise_z-scored.nii.gz
task-06 /projects/kuhl_lab/wanjiag/MONSTERA/derivatives/preprocess/sub-MONSTERA43/sub-MONSTERA43_task-06_desc-preproc_bold_trim6_denoise_z-scored.nii.gz
task-07 /projects/kuhl_lab/wanjiag/MONSTERA/derivatives/preprocess/sub-MONSTERA43/sub-MONSTERA43_task-07_desc-preproc_bold_trim6_denoise_z-scored.nii.gz
task-08 /projects/kuhl_lab/wanjiag/MONSTERA/derivatives/preprocess/sub-MONSTERA43/sub-MONSTERA43_task-08_desc-preproc_bold_trim6_denoise_z-scored.nii.gz
task-09 /projects/kuhl_lab/wanjiag/MONSTERA/derivatives/preprocess/sub-MONSTERA43/sub-MONSTERA43_task-09_desc-preproc_bold_trim6_denoise_z-scored.nii.gz
task-10 /projects/kuhl_lab/wanjiag/MONSTERA/derivatives/preprocess/sub-MONSTERA43/sub-MONSTERA43_task-10_desc-preproc_bold_trim6_denoise_z-scored.nii.gz
ashs/body/ca1-body_thre_0.5_masked /projects/kuhl_lab/wanjiag/MONSTERA/derivatives/rois/sub-MONSTERA43/ashs/body/ca1-body_thre_0.5_masked.nii.gz
task-01 /projects/kuhl_lab/wanjiag/MONSTERA/derivatives/preprocess/sub-MONSTERA43/sub-MONSTERA43_task-01_desc-preproc_bold_trim6_denoise_z-scored.nii.gz
task-02 /projects/kuhl_lab/wanjiag/MONSTERA/derivatives/preprocess/sub-MONSTERA43/sub-MONSTERA43_task-02_desc-preproc_bold_trim6_denoise_z-scored.nii.gz
task-03 /projects/kuhl_lab/wanjiag/MONSTERA/derivatives/preprocess/sub-MONSTERA43/sub-MONSTERA43_task-03_desc-preproc_bold_trim6_denoise_z-scored.nii.gz
task-04 /projects/kuhl_lab/wanjiag/MONSTERA/derivatives/preprocess/sub-MONSTERA43/sub-MONSTERA43_task-04_desc-preproc_bold_trim6_denoise_z-scored.nii.gz
task-05 /projects/kuhl_lab/wanjiag/MONSTERA/derivatives/preprocess/sub-MONSTERA43/sub-MONSTERA43_task-05_desc-preproc_bold_trim6_denoise_z-scored.nii.gz
task-06 /projects/kuhl_lab/wanjiag/MONSTERA/derivatives/preprocess/sub-MONSTERA43/sub-MONSTERA43_task-06_desc-preproc_bold_trim6_denoise_z-scored.nii.gz
task-07 /projects/kuhl_lab/wanjiag/MONSTERA/derivatives/preprocess/sub-MONSTERA43/sub-MONSTERA43_task-07_desc-preproc_bold_trim6_denoise_z-scored.nii.gz
task-08 /projects/kuhl_lab/wanjiag/MONSTERA/derivatives/preprocess/sub-MONSTERA43/sub-MONSTERA43_task-08_desc-preproc_bold_trim6_denoise_z-scored.nii.gz
task-09 /projects/kuhl_lab/wanjiag/MONSTERA/derivatives/preprocess/sub-MONSTERA43/sub-MONSTERA43_task-09_desc-preproc_bold_trim6_denoise_z-scored.nii.gz
task-10 /projects/kuhl_lab/wanjiag/MONSTERA/derivatives/preprocess/sub-MONSTERA43/sub-MONSTERA43_task-10_desc-preproc_bold_trim6_denoise_z-scored.nii.gz
ashs/body/ca23dg-body_thre_0.5_masked /projects/kuhl_lab/wanjiag/MONSTERA/derivatives/rois/sub-MONSTERA43/ashs/body/ca23dg-body_thre_0.5_masked.nii.gz
task-01 /projects/kuhl_lab/wanjiag/MONSTERA/derivatives/preprocess/sub-MONSTERA43/sub-MONSTERA43_task-01_desc-preproc_bold_trim6_denoise_z-scored.nii.gz
task-02 /projects/kuhl_lab/wanjiag/MONSTERA/derivatives/preprocess/sub-MONSTERA43/sub-MONSTERA43_task-02_desc-preproc_bold_trim6_denoise_z-scored.nii.gz
task-03 /projects/kuhl_lab/wanjiag/MONSTERA/derivatives/preprocess/sub-MONSTERA43/sub-MONSTERA43_task-03_desc-preproc_bold_trim6_denoise_z-scored.nii.gz
task-04 /projects/kuhl_lab/wanjiag/MONSTERA/derivatives/preprocess/sub-MONSTERA43/sub-MONSTERA43_task-04_desc-preproc_bold_trim6_denoise_z-scored.nii.gz
task-05 /projects/kuhl_lab/wanjiag/MONSTERA/derivatives/preprocess/sub-MONSTERA43/sub-MONSTERA43_task-05_desc-preproc_bold_trim6_denoise_z-scored.nii.gz
task-06 /projects/kuhl_lab/wanjiag/MONSTERA/derivatives/preprocess/sub-MONSTERA43/sub-MONSTERA43_task-06_desc-preproc_bold_trim6_denoise_z-scored.nii.gz
task-07 /projects/kuhl_lab/wanjiag/MONSTERA/derivatives/preprocess/sub-MONSTERA43/sub-MONSTERA43_task-07_desc-preproc_bold_trim6_denoise_z-scored.nii.gz
task-08 /projects/kuhl_lab/wanjiag/MONSTERA/derivatives/preprocess/sub-MONSTERA43/sub-MONSTERA43_task-08_desc-preproc_bold_trim6_denoise_z-scored.nii.gz
task-09 /projects/kuhl_lab/wanjiag/MONSTERA/derivatives/preprocess/sub-MONSTERA43/sub-MONSTERA43_task-09_desc-preproc_bold_trim6_denoise_z-scored.nii.gz
task-10 /projects/kuhl_lab/wanjiag/MONSTERA/derivatives/preprocess/sub-MONSTERA43/sub-MONSTERA43_task-10_desc-preproc_bold_trim6_denoise_z-scored.nii.gz
ashs/whole/ca1_thre_0.5_masked /projects/kuhl_lab/wanjiag/MONSTERA/derivatives/rois/sub-MONSTERA43/ashs/whole/ca1_thre_0.5_masked.nii.gz
task-01 /projects/kuhl_lab/wanjiag/MONSTERA/derivatives/preprocess/sub-MONSTERA43/sub-MONSTERA43_task-01_desc-preproc_bold_trim6_denoise_z-scored.nii.gz
task-02 /projects/kuhl_lab/wanjiag/MONSTERA/derivatives/preprocess/sub-MONSTERA43/sub-MONSTERA43_task-02_desc-preproc_bold_trim6_denoise_z-scored.nii.gz
task-03 /projects/kuhl_lab/wanjiag/MONSTERA/derivatives/preprocess/sub-MONSTERA43/sub-MONSTERA43_task-03_desc-preproc_bold_trim6_denoise_z-scored.nii.gz
task-04 /projects/kuhl_lab/wanjiag/MONSTERA/derivatives/preprocess/sub-MONSTERA43/sub-MONSTERA43_task-04_desc-preproc_bold_trim6_denoise_z-scored.nii.gz
task-05 /projects/kuhl_lab/wanjiag/MONSTERA/derivatives/preprocess/sub-MONSTERA43/sub-MONSTERA43_task-05_desc-preproc_bold_trim6_denoise_z-scored.nii.gz
task-06 /projects/kuhl_lab/wanjiag/MONSTERA/derivatives/preprocess/sub-MONSTERA43/sub-MONSTERA43_task-06_desc-preproc_bold_trim6_denoise_z-scored.nii.gz
task-07 /projects/kuhl_lab/wanjiag/MONSTERA/derivatives/preprocess/sub-MONSTERA43/sub-MONSTERA43_task-07_desc-preproc_bold_trim6_denoise_z-scored.nii.gz
task-08 /projects/kuhl_lab/wanjiag/MONSTERA/derivatives/preprocess/sub-MONSTERA43/sub-MONSTERA43_task-08_desc-preproc_bold_trim6_denoise_z-scored.nii.gz
task-09 /projects/kuhl_lab/wanjiag/MONSTERA/derivatives/preprocess/sub-MONSTERA43/sub-MONSTERA43_task-09_desc-preproc_bold_trim6_denoise_z-scored.nii.gz
task-10 /projects/kuhl_lab/wanjiag/MONSTERA/derivatives/preprocess/sub-MONSTERA43/sub-MONSTERA43_task-10_desc-preproc_bold_trim6_denoise_z-scored.nii.gz
ashs/whole/ca23dg_thre_0.5_masked /projects/kuhl_lab/wanjiag/MONSTERA/derivatives/rois/sub-MONSTERA43/ashs/whole/ca23dg_thre_0.5_masked.nii.gz
task-01 /projects/kuhl_lab/wanjiag/MONSTERA/derivatives/preprocess/sub-MONSTERA43/sub-MONSTERA43_task-01_desc-preproc_bold_trim6_denoise_z-scored.nii.gz
task-02 /projects/kuhl_lab/wanjiag/MONSTERA/derivatives/preprocess/sub-MONSTERA43/sub-MONSTERA43_task-02_desc-preproc_bold_trim6_denoise_z-scored.nii.gz
task-03 /projects/kuhl_lab/wanjiag/MONSTERA/derivatives/preprocess/sub-MONSTERA43/sub-MONSTERA43_task-03_desc-preproc_bold_trim6_denoise_z-scored.nii.gz
task-04 /projects/kuhl_lab/wanjiag/MONSTERA/derivatives/preprocess/sub-MONSTERA43/sub-MONSTERA43_task-04_desc-preproc_bold_trim6_denoise_z-scored.nii.gz
task-05 /projects/kuhl_lab/wanjiag/MONSTERA/derivatives/preprocess/sub-MONSTERA43/sub-MONSTERA43_task-05_desc-preproc_bold_trim6_denoise_z-scored.nii.gz
task-06 /projects/kuhl_lab/wanjiag/MONSTERA/derivatives/preprocess/sub-MONSTERA43/sub-MONSTERA43_task-06_desc-preproc_bold_trim6_denoise_z-scored.nii.gz
task-07 /projects/kuhl_lab/wanjiag/MONSTERA/derivatives/preprocess/sub-MONSTERA43/sub-MONSTERA43_task-07_desc-preproc_bold_trim6_denoise_z-scored.nii.gz
task-08 /projects/kuhl_lab/wanjiag/MONSTERA/derivatives/preprocess/sub-MONSTERA43/sub-MONSTERA43_task-08_desc-preproc_bold_trim6_denoise_z-scored.nii.gz
task-09 /projects/kuhl_lab/wanjiag/MONSTERA/derivatives/preprocess/sub-MONSTERA43/sub-MONSTERA43_task-09_desc-preproc_bold_trim6_denoise_z-scored.nii.gz
task-10 /projects/kuhl_lab/wanjiag/MONSTERA/derivatives/preprocess/sub-MONSTERA43/sub-MONSTERA43_task-10_desc-preproc_bold_trim6_denoise_z-scored.nii.gz
