angular_gyrus_2_epi_thre_0.5_masked /projects/kuhl_lab/wanjiag/MONSTERA/derivatives/rois/sub-MONSTERA29/angular_gyrus_2_epi_thre_0.5_masked.nii.gz
task-01 /projects/kuhl_lab/wanjiag/MONSTERA/derivatives/preprocess/sub-MONSTERA29/sub-MONSTERA29_task-01_desc-preproc_bold_trim6_denoise_z-scored.nii.gz
task-03 /projects/kuhl_lab/wanjiag/MONSTERA/derivatives/preprocess/sub-MONSTERA29/sub-MONSTERA29_task-03_desc-preproc_bold_trim6_denoise_z-scored.nii.gz
task-04 /projects/kuhl_lab/wanjiag/MONSTERA/derivatives/preprocess/sub-MONSTERA29/sub-MONSTERA29_task-04_desc-preproc_bold_trim6_denoise_z-scored.nii.gz
task-05 /projects/kuhl_lab/wanjiag/MONSTERA/derivatives/preprocess/sub-MONSTERA29/sub-MONSTERA29_task-05_desc-preproc_bold_trim6_denoise_z-scored.nii.gz
task-06 /projects/kuhl_lab/wanjiag/MONSTERA/derivatives/preprocess/sub-MONSTERA29/sub-MONSTERA29_task-06_desc-preproc_bold_trim6_denoise_z-scored.nii.gz
task-07 /projects/kuhl_lab/wanjiag/MONSTERA/derivatives/preprocess/sub-MONSTERA29/sub-MONSTERA29_task-07_desc-preproc_bold_trim6_denoise_z-scored.nii.gz
task-08 /projects/kuhl_lab/wanjiag/MONSTERA/derivatives/preprocess/sub-MONSTERA29/sub-MONSTERA29_task-08_desc-preproc_bold_trim6_denoise_z-scored.nii.gz
task-09 /projects/kuhl_lab/wanjiag/MONSTERA/derivatives/preprocess/sub-MONSTERA29/sub-MONSTERA29_task-09_desc-preproc_bold_trim6_denoise_z-scored.nii.gz
task-10 /projects/kuhl_lab/wanjiag/MONSTERA/derivatives/preprocess/sub-MONSTERA29/sub-MONSTERA29_task-10_desc-preproc_bold_trim6_denoise_z-scored.nii.gz
evc_2_epi_thre_0.5_masked /projects/kuhl_lab/wanjiag/MONSTERA/derivatives/rois/sub-MONSTERA29/evc_2_epi_thre_0.5_masked.nii.gz
task-01 /projects/kuhl_lab/wanjiag/MONSTERA/derivatives/preprocess/sub-MONSTERA29/sub-MONSTERA29_task-01_desc-preproc_bold_trim6_denoise_z-scored.nii.gz
task-03 /projects/kuhl_lab/wanjiag/MONSTERA/derivatives/preprocess/sub-MONSTERA29/sub-MONSTERA29_task-03_desc-preproc_bold_trim6_denoise_z-scored.nii.gz
task-04 /projects/kuhl_lab/wanjiag/MONSTERA/derivatives/preprocess/sub-MONSTERA29/sub-MONSTERA29_task-04_desc-preproc_bold_trim6_denoise_z-scored.nii.gz
task-05 /projects/kuhl_lab/wanjiag/MONSTERA/derivatives/preprocess/sub-MONSTERA29/sub-MONSTERA29_task-05_desc-preproc_bold_trim6_denoise_z-scored.nii.gz
task-06 /projects/kuhl_lab/wanjiag/MONSTERA/derivatives/preprocess/sub-MONSTERA29/sub-MONSTERA29_task-06_desc-preproc_bold_trim6_denoise_z-scored.nii.gz
task-07 /projects/kuhl_lab/wanjiag/MONSTERA/derivatives/preprocess/sub-MONSTERA29/sub-MONSTERA29_task-07_desc-preproc_bold_trim6_denoise_z-scored.nii.gz
task-08 /projects/kuhl_lab/wanjiag/MONSTERA/derivatives/preprocess/sub-MONSTERA29/sub-MONSTERA29_task-08_desc-preproc_bold_trim6_denoise_z-scored.nii.gz
task-09 /projects/kuhl_lab/wanjiag/MONSTERA/derivatives/preprocess/sub-MONSTERA29/sub-MONSTERA29_task-09_desc-preproc_bold_trim6_denoise_z-scored.nii.gz
task-10 /projects/kuhl_lab/wanjiag/MONSTERA/derivatives/preprocess/sub-MONSTERA29/sub-MONSTERA29_task-10_desc-preproc_bold_trim6_denoise_z-scored.nii.gz
hippocampus_2_epi_thre_0.5_masked /projects/kuhl_lab/wanjiag/MONSTERA/derivatives/rois/sub-MONSTERA29/hippocampus_2_epi_thre_0.5_masked.nii.gz
task-01 /projects/kuhl_lab/wanjiag/MONSTERA/derivatives/preprocess/sub-MONSTERA29/sub-MONSTERA29_task-01_desc-preproc_bold_trim6_denoise_z-scored.nii.gz
task-03 /projects/kuhl_lab/wanjiag/MONSTERA/derivatives/preprocess/sub-MONSTERA29/sub-MONSTERA29_task-03_desc-preproc_bold_trim6_denoise_z-scored.nii.gz
task-04 /projects/kuhl_lab/wanjiag/MONSTERA/derivatives/preprocess/sub-MONSTERA29/sub-MONSTERA29_task-04_desc-preproc_bold_trim6_denoise_z-scored.nii.gz
task-05 /projects/kuhl_lab/wanjiag/MONSTERA/derivatives/preprocess/sub-MONSTERA29/sub-MONSTERA29_task-05_desc-preproc_bold_trim6_denoise_z-scored.nii.gz
task-06 /projects/kuhl_lab/wanjiag/MONSTERA/derivatives/preprocess/sub-MONSTERA29/sub-MONSTERA29_task-06_desc-preproc_bold_trim6_denoise_z-scored.nii.gz
task-07 /projects/kuhl_lab/wanjiag/MONSTERA/derivatives/preprocess/sub-MONSTERA29/sub-MONSTERA29_task-07_desc-preproc_bold_trim6_denoise_z-scored.nii.gz
task-08 /projects/kuhl_lab/wanjiag/MONSTERA/derivatives/preprocess/sub-MONSTERA29/sub-MONSTERA29_task-08_desc-preproc_bold_trim6_denoise_z-scored.nii.gz
task-09 /projects/kuhl_lab/wanjiag/MONSTERA/derivatives/preprocess/sub-MONSTERA29/sub-MONSTERA29_task-09_desc-preproc_bold_trim6_denoise_z-scored.nii.gz
task-10 /projects/kuhl_lab/wanjiag/MONSTERA/derivatives/preprocess/sub-MONSTERA29/sub-MONSTERA29_task-10_desc-preproc_bold_trim6_denoise_z-scored.nii.gz
ppa_mni_2_epi_thre_0.5_masked /projects/kuhl_lab/wanjiag/MONSTERA/derivatives/rois/sub-MONSTERA29/ppa_mni_2_epi_thre_0.5_masked.nii.gz
task-01 /projects/kuhl_lab/wanjiag/MONSTERA/derivatives/preprocess/sub-MONSTERA29/sub-MONSTERA29_task-01_desc-preproc_bold_trim6_denoise_z-scored.nii.gz
task-03 /projects/kuhl_lab/wanjiag/MONSTERA/derivatives/preprocess/sub-MONSTERA29/sub-MONSTERA29_task-03_desc-preproc_bold_trim6_denoise_z-scored.nii.gz
task-04 /projects/kuhl_lab/wanjiag/MONSTERA/derivatives/preprocess/sub-MONSTERA29/sub-MONSTERA29_task-04_desc-preproc_bold_trim6_denoise_z-scored.nii.gz
task-05 /projects/kuhl_lab/wanjiag/MONSTERA/derivatives/preprocess/sub-MONSTERA29/sub-MONSTERA29_task-05_desc-preproc_bold_trim6_denoise_z-scored.nii.gz
task-06 /projects/kuhl_lab/wanjiag/MONSTERA/derivatives/preprocess/sub-MONSTERA29/sub-MONSTERA29_task-06_desc-preproc_bold_trim6_denoise_z-scored.nii.gz
task-07 /projects/kuhl_lab/wanjiag/MONSTERA/derivatives/preprocess/sub-MONSTERA29/sub-MONSTERA29_task-07_desc-preproc_bold_trim6_denoise_z-scored.nii.gz
task-08 /projects/kuhl_lab/wanjiag/MONSTERA/derivatives/preprocess/sub-MONSTERA29/sub-MONSTERA29_task-08_desc-preproc_bold_trim6_denoise_z-scored.nii.gz
task-09 /projects/kuhl_lab/wanjiag/MONSTERA/derivatives/preprocess/sub-MONSTERA29/sub-MONSTERA29_task-09_desc-preproc_bold_trim6_denoise_z-scored.nii.gz
task-10 /projects/kuhl_lab/wanjiag/MONSTERA/derivatives/preprocess/sub-MONSTERA29/sub-MONSTERA29_task-10_desc-preproc_bold_trim6_denoise_z-scored.nii.gz
ashs/body/ca1-body_thre_0.5_masked /projects/kuhl_lab/wanjiag/MONSTERA/derivatives/rois/sub-MONSTERA29/ashs/body/ca1-body_thre_0.5_masked.nii.gz
