angular_gyrus_2_epi_thre_0.5_masked /projects/kuhl_lab/wanjiag/MONSTERA/derivatives/rois/sub-MONSTERA12/angular_gyrus_2_epi_thre_0.5_masked.nii.gz
task-01 /projects/kuhl_lab/wanjiag/MONSTERA/derivatives/preprocess/sub-MONSTERA12/sub-MONSTERA12_task-01_desc-preproc_bold_trim6_denoise_z-scored.nii.gz
task-02 /projects/kuhl_lab/wanjiag/MONSTERA/derivatives/preprocess/sub-MONSTERA12/sub-MONSTERA12_task-02_desc-preproc_bold_trim6_denoise_z-scored.nii.gz
task-03 /projects/kuhl_lab/wanjiag/MONSTERA/derivatives/preprocess/sub-MONSTERA12/sub-MONSTERA12_task-03_desc-preproc_bold_trim6_denoise_z-scored.nii.gz
task-04 /projects/kuhl_lab/wanjiag/MONSTERA/derivatives/preprocess/sub-MONSTERA12/sub-MONSTERA12_task-04_desc-preproc_bold_trim6_denoise_z-scored.nii.gz
task-05 /projects/kuhl_lab/wanjiag/MONSTERA/derivatives/preprocess/sub-MONSTERA12/sub-MONSTERA12_task-05_desc-preproc_bold_trim6_denoise_z-scored.nii.gz
task-06 /projects/kuhl_lab/wanjiag/MONSTERA/derivatives/preprocess/sub-MONSTERA12/sub-MONSTERA12_task-06_desc-preproc_bold_trim6_denoise_z-scored.nii.gz
task-07 /projects/kuhl_lab/wanjiag/MONSTERA/derivatives/preprocess/sub-MONSTERA12/sub-MONSTERA12_task-07_desc-preproc_bold_trim6_denoise_z-scored.nii.gz
task-08 /projects/kuhl_lab/wanjiag/MONSTERA/derivatives/preprocess/sub-MONSTERA12/sub-MONSTERA12_task-08_desc-preproc_bold_trim6_denoise_z-scored.nii.gz
task-09 /projects/kuhl_lab/wanjiag/MONSTERA/derivatives/preprocess/sub-MONSTERA12/sub-MONSTERA12_task-09_desc-preproc_bold_trim6_denoise_z-scored.nii.gz
task-10 /projects/kuhl_lab/wanjiag/MONSTERA/derivatives/preprocess/sub-MONSTERA12/sub-MONSTERA12_task-10_desc-preproc_bold_trim6_denoise_z-scored.nii.gz
evc_2_epi_thre_0.5_masked /projects/kuhl_lab/wanjiag/MONSTERA/derivatives/rois/sub-MONSTERA12/evc_2_epi_thre_0.5_masked.nii.gz
task-01 /projects/kuhl_lab/wanjiag/MONSTERA/derivatives/preprocess/sub-MONSTERA12/sub-MONSTERA12_task-01_desc-preproc_bold_trim6_denoise_z-scored.nii.gz
task-02 /projects/kuhl_lab/wanjiag/MONSTERA/derivatives/preprocess/sub-MONSTERA12/sub-MONSTERA12_task-02_desc-preproc_bold_trim6_denoise_z-scored.nii.gz
task-03 /projects/kuhl_lab/wanjiag/MONSTERA/derivatives/preprocess/sub-MONSTERA12/sub-MONSTERA12_task-03_desc-preproc_bold_trim6_denoise_z-scored.nii.gz
task-04 /projects/kuhl_lab/wanjiag/MONSTERA/derivatives/preprocess/sub-MONSTERA12/sub-MONSTERA12_task-04_desc-preproc_bold_trim6_denoise_z-scored.nii.gz
task-05 /projects/kuhl_lab/wanjiag/MONSTERA/derivatives/preprocess/sub-MONSTERA12/sub-MONSTERA12_task-05_desc-preproc_bold_trim6_denoise_z-scored.nii.gz
task-06 /projects/kuhl_lab/wanjiag/MONSTERA/derivatives/preprocess/sub-MONSTERA12/sub-MONSTERA12_task-06_desc-preproc_bold_trim6_denoise_z-scored.nii.gz
task-07 /projects/kuhl_lab/wanjiag/MONSTERA/derivatives/preprocess/sub-MONSTERA12/sub-MONSTERA12_task-07_desc-preproc_bold_trim6_denoise_z-scored.nii.gz
task-08 /projects/kuhl_lab/wanjiag/MONSTERA/derivatives/preprocess/sub-MONSTERA12/sub-MONSTERA12_task-08_desc-preproc_bold_trim6_denoise_z-scored.nii.gz
task-09 /projects/kuhl_lab/wanjiag/MONSTERA/derivatives/preprocess/sub-MONSTERA12/sub-MONSTERA12_task-09_desc-preproc_bold_trim6_denoise_z-scored.nii.gz
task-10 /projects/kuhl_lab/wanjiag/MONSTERA/derivatives/preprocess/sub-MONSTERA12/sub-MONSTERA12_task-10_desc-preproc_bold_trim6_denoise_z-scored.nii.gz
hippocampus_2_epi_thre_0.5_masked /projects/kuhl_lab/wanjiag/MONSTERA/derivatives/rois/sub-MONSTERA12/hippocampus_2_epi_thre_0.5_masked.nii.gz
task-01 /projects/kuhl_lab/wanjiag/MONSTERA/derivatives/preprocess/sub-MONSTERA12/sub-MONSTERA12_task-01_desc-preproc_bold_trim6_denoise_z-scored.nii.gz
task-02 /projects/kuhl_lab/wanjiag/MONSTERA/derivatives/preprocess/sub-MONSTERA12/sub-MONSTERA12_task-02_desc-preproc_bold_trim6_denoise_z-scored.nii.gz
task-03 /projects/kuhl_lab/wanjiag/MONSTERA/derivatives/preprocess/sub-MONSTERA12/sub-MONSTERA12_task-03_desc-preproc_bold_trim6_denoise_z-scored.nii.gz
task-04 /projects/kuhl_lab/wanjiag/MONSTERA/derivatives/preprocess/sub-MONSTERA12/sub-MONSTERA12_task-04_desc-preproc_bold_trim6_denoise_z-scored.nii.gz
task-05 /projects/kuhl_lab/wanjiag/MONSTERA/derivatives/preprocess/sub-MONSTERA12/sub-MONSTERA12_task-05_desc-preproc_bold_trim6_denoise_z-scored.nii.gz
task-06 /projects/kuhl_lab/wanjiag/MONSTERA/derivatives/preprocess/sub-MONSTERA12/sub-MONSTERA12_task-06_desc-preproc_bold_trim6_denoise_z-scored.nii.gz
task-07 /projects/kuhl_lab/wanjiag/MONSTERA/derivatives/preprocess/sub-MONSTERA12/sub-MONSTERA12_task-07_desc-preproc_bold_trim6_denoise_z-scored.nii.gz
task-08 /projects/kuhl_lab/wanjiag/MONSTERA/derivatives/preprocess/sub-MONSTERA12/sub-MONSTERA12_task-08_desc-preproc_bold_trim6_denoise_z-scored.nii.gz
task-09 /projects/kuhl_lab/wanjiag/MONSTERA/derivatives/preprocess/sub-MONSTERA12/sub-MONSTERA12_task-09_desc-preproc_bold_trim6_denoise_z-scored.nii.gz
task-10 /projects/kuhl_lab/wanjiag/MONSTERA/derivatives/preprocess/sub-MONSTERA12/sub-MONSTERA12_task-10_desc-preproc_bold_trim6_denoise_z-scored.nii.gz
ppa_mni_2_epi_thre_0.5_masked /projects/kuhl_lab/wanjiag/MONSTERA/derivatives/rois/sub-MONSTERA12/ppa_mni_2_epi_thre_0.5_masked.nii.gz
task-01 /projects/kuhl_lab/wanjiag/MONSTERA/derivatives/preprocess/sub-MONSTERA12/sub-MONSTERA12_task-01_desc-preproc_bold_trim6_denoise_z-scored.nii.gz
task-02 /projects/kuhl_lab/wanjiag/MONSTERA/derivatives/preprocess/sub-MONSTERA12/sub-MONSTERA12_task-02_desc-preproc_bold_trim6_denoise_z-scored.nii.gz
task-03 /projects/kuhl_lab/wanjiag/MONSTERA/derivatives/preprocess/sub-MONSTERA12/sub-MONSTERA12_task-03_desc-preproc_bold_trim6_denoise_z-scored.nii.gz
task-04 /projects/kuhl_lab/wanjiag/MONSTERA/derivatives/preprocess/sub-MONSTERA12/sub-MONSTERA12_task-04_desc-preproc_bold_trim6_denoise_z-scored.nii.gz
task-05 /projects/kuhl_lab/wanjiag/MONSTERA/derivatives/preprocess/sub-MONSTERA12/sub-MONSTERA12_task-05_desc-preproc_bold_trim6_denoise_z-scored.nii.gz
task-06 /projects/kuhl_lab/wanjiag/MONSTERA/derivatives/preprocess/sub-MONSTERA12/sub-MONSTERA12_task-06_desc-preproc_bold_trim6_denoise_z-scored.nii.gz
task-07 /projects/kuhl_lab/wanjiag/MONSTERA/derivatives/preprocess/sub-MONSTERA12/sub-MONSTERA12_task-07_desc-preproc_bold_trim6_denoise_z-scored.nii.gz
task-08 /projects/kuhl_lab/wanjiag/MONSTERA/derivatives/preprocess/sub-MONSTERA12/sub-MONSTERA12_task-08_desc-preproc_bold_trim6_denoise_z-scored.nii.gz
task-09 /projects/kuhl_lab/wanjiag/MONSTERA/derivatives/preprocess/sub-MONSTERA12/sub-MONSTERA12_task-09_desc-preproc_bold_trim6_denoise_z-scored.nii.gz
task-10 /projects/kuhl_lab/wanjiag/MONSTERA/derivatives/preprocess/sub-MONSTERA12/sub-MONSTERA12_task-10_desc-preproc_bold_trim6_denoise_z-scored.nii.gz
ashs/body/ca1-body_thre_0.5_masked /projects/kuhl_lab/wanjiag/MONSTERA/derivatives/rois/sub-MONSTERA12/ashs/body/ca1-body_thre_0.5_masked.nii.gz
task-01 /projects/kuhl_lab/wanjiag/MONSTERA/derivatives/preprocess/sub-MONSTERA12/sub-MONSTERA12_task-01_desc-preproc_bold_trim6_denoise_z-scored.nii.gz
task-02 /projects/kuhl_lab/wanjiag/MONSTERA/derivatives/preprocess/sub-MONSTERA12/sub-MONSTERA12_task-02_desc-preproc_bold_trim6_denoise_z-scored.nii.gz
task-03 /projects/kuhl_lab/wanjiag/MONSTERA/derivatives/preprocess/sub-MONSTERA12/sub-MONSTERA12_task-03_desc-preproc_bold_trim6_denoise_z-scored.nii.gz
task-04 /projects/kuhl_lab/wanjiag/MONSTERA/derivatives/preprocess/sub-MONSTERA12/sub-MONSTERA12_task-04_desc-preproc_bold_trim6_denoise_z-scored.nii.gz
task-05 /projects/kuhl_lab/wanjiag/MONSTERA/derivatives/preprocess/sub-MONSTERA12/sub-MONSTERA12_task-05_desc-preproc_bold_trim6_denoise_z-scored.nii.gz
task-06 /projects/kuhl_lab/wanjiag/MONSTERA/derivatives/preprocess/sub-MONSTERA12/sub-MONSTERA12_task-06_desc-preproc_bold_trim6_denoise_z-scored.nii.gz
task-07 /projects/kuhl_lab/wanjiag/MONSTERA/derivatives/preprocess/sub-MONSTERA12/sub-MONSTERA12_task-07_desc-preproc_bold_trim6_denoise_z-scored.nii.gz
task-08 /projects/kuhl_lab/wanjiag/MONSTERA/derivatives/preprocess/sub-MONSTERA12/sub-MONSTERA12_task-08_desc-preproc_bold_trim6_denoise_z-scored.nii.gz
task-09 /projects/kuhl_lab/wanjiag/MONSTERA/derivatives/preprocess/sub-MONSTERA12/sub-MONSTERA12_task-09_desc-preproc_bold_trim6_denoise_z-scored.nii.gz
task-10 /projects/kuhl_lab/wanjiag/MONSTERA/derivatives/preprocess/sub-MONSTERA12/sub-MONSTERA12_task-10_desc-preproc_bold_trim6_denoise_z-scored.nii.gz
ashs/body/ca23dg-body_thre_0.5_masked /projects/kuhl_lab/wanjiag/MONSTERA/derivatives/rois/sub-MONSTERA12/ashs/body/ca23dg-body_thre_0.5_masked.nii.gz
task-01 /projects/kuhl_lab/wanjiag/MONSTERA/derivatives/preprocess/sub-MONSTERA12/sub-MONSTERA12_task-01_desc-preproc_bold_trim6_denoise_z-scored.nii.gz
task-02 /projects/kuhl_lab/wanjiag/MONSTERA/derivatives/preprocess/sub-MONSTERA12/sub-MONSTERA12_task-02_desc-preproc_bold_trim6_denoise_z-scored.nii.gz
task-03 /projects/kuhl_lab/wanjiag/MONSTERA/derivatives/preprocess/sub-MONSTERA12/sub-MONSTERA12_task-03_desc-preproc_bold_trim6_denoise_z-scored.nii.gz
task-04 /projects/kuhl_lab/wanjiag/MONSTERA/derivatives/preprocess/sub-MONSTERA12/sub-MONSTERA12_task-04_desc-preproc_bold_trim6_denoise_z-scored.nii.gz
task-05 /projects/kuhl_lab/wanjiag/MONSTERA/derivatives/preprocess/sub-MONSTERA12/sub-MONSTERA12_task-05_desc-preproc_bold_trim6_denoise_z-scored.nii.gz
task-06 /projects/kuhl_lab/wanjiag/MONSTERA/derivatives/preprocess/sub-MONSTERA12/sub-MONSTERA12_task-06_desc-preproc_bold_trim6_denoise_z-scored.nii.gz
task-07 /projects/kuhl_lab/wanjiag/MONSTERA/derivatives/preprocess/sub-MONSTERA12/sub-MONSTERA12_task-07_desc-preproc_bold_trim6_denoise_z-scored.nii.gz
task-08 /projects/kuhl_lab/wanjiag/MONSTERA/derivatives/preprocess/sub-MONSTERA12/sub-MONSTERA12_task-08_desc-preproc_bold_trim6_denoise_z-scored.nii.gz
task-09 /projects/kuhl_lab/wanjiag/MONSTERA/derivatives/preprocess/sub-MONSTERA12/sub-MONSTERA12_task-09_desc-preproc_bold_trim6_denoise_z-scored.nii.gz
task-10 /projects/kuhl_lab/wanjiag/MONSTERA/derivatives/preprocess/sub-MONSTERA12/sub-MONSTERA12_task-10_desc-preproc_bold_trim6_denoise_z-scored.nii.gz
ashs/whole/ca1_thre_0.5_masked /projects/kuhl_lab/wanjiag/MONSTERA/derivatives/rois/sub-MONSTERA12/ashs/whole/ca1_thre_0.5_masked.nii.gz
task-01 /projects/kuhl_lab/wanjiag/MONSTERA/derivatives/preprocess/sub-MONSTERA12/sub-MONSTERA12_task-01_desc-preproc_bold_trim6_denoise_z-scored.nii.gz
task-02 /projects/kuhl_lab/wanjiag/MONSTERA/derivatives/preprocess/sub-MONSTERA12/sub-MONSTERA12_task-02_desc-preproc_bold_trim6_denoise_z-scored.nii.gz
task-03 /projects/kuhl_lab/wanjiag/MONSTERA/derivatives/preprocess/sub-MONSTERA12/sub-MONSTERA12_task-03_desc-preproc_bold_trim6_denoise_z-scored.nii.gz
task-04 /projects/kuhl_lab/wanjiag/MONSTERA/derivatives/preprocess/sub-MONSTERA12/sub-MONSTERA12_task-04_desc-preproc_bold_trim6_denoise_z-scored.nii.gz
task-05 /projects/kuhl_lab/wanjiag/MONSTERA/derivatives/preprocess/sub-MONSTERA12/sub-MONSTERA12_task-05_desc-preproc_bold_trim6_denoise_z-scored.nii.gz
task-06 /projects/kuhl_lab/wanjiag/MONSTERA/derivatives/preprocess/sub-MONSTERA12/sub-MONSTERA12_task-06_desc-preproc_bold_trim6_denoise_z-scored.nii.gz
task-07 /projects/kuhl_lab/wanjiag/MONSTERA/derivatives/preprocess/sub-MONSTERA12/sub-MONSTERA12_task-07_desc-preproc_bold_trim6_denoise_z-scored.nii.gz
task-08 /projects/kuhl_lab/wanjiag/MONSTERA/derivatives/preprocess/sub-MONSTERA12/sub-MONSTERA12_task-08_desc-preproc_bold_trim6_denoise_z-scored.nii.gz
task-09 /projects/kuhl_lab/wanjiag/MONSTERA/derivatives/preprocess/sub-MONSTERA12/sub-MONSTERA12_task-09_desc-preproc_bold_trim6_denoise_z-scored.nii.gz
task-10 /projects/kuhl_lab/wanjiag/MONSTERA/derivatives/preprocess/sub-MONSTERA12/sub-MONSTERA12_task-10_desc-preproc_bold_trim6_denoise_z-scored.nii.gz
ashs/whole/ca23dg_thre_0.5_masked /projects/kuhl_lab/wanjiag/MONSTERA/derivatives/rois/sub-MONSTERA12/ashs/whole/ca23dg_thre_0.5_masked.nii.gz
task-01 /projects/kuhl_lab/wanjiag/MONSTERA/derivatives/preprocess/sub-MONSTERA12/sub-MONSTERA12_task-01_desc-preproc_bold_trim6_denoise_z-scored.nii.gz
task-02 /projects/kuhl_lab/wanjiag/MONSTERA/derivatives/preprocess/sub-MONSTERA12/sub-MONSTERA12_task-02_desc-preproc_bold_trim6_denoise_z-scored.nii.gz
task-03 /projects/kuhl_lab/wanjiag/MONSTERA/derivatives/preprocess/sub-MONSTERA12/sub-MONSTERA12_task-03_desc-preproc_bold_trim6_denoise_z-scored.nii.gz
task-04 /projects/kuhl_lab/wanjiag/MONSTERA/derivatives/preprocess/sub-MONSTERA12/sub-MONSTERA12_task-04_desc-preproc_bold_trim6_denoise_z-scored.nii.gz
task-05 /projects/kuhl_lab/wanjiag/MONSTERA/derivatives/preprocess/sub-MONSTERA12/sub-MONSTERA12_task-05_desc-preproc_bold_trim6_denoise_z-scored.nii.gz
task-06 /projects/kuhl_lab/wanjiag/MONSTERA/derivatives/preprocess/sub-MONSTERA12/sub-MONSTERA12_task-06_desc-preproc_bold_trim6_denoise_z-scored.nii.gz
task-07 /projects/kuhl_lab/wanjiag/MONSTERA/derivatives/preprocess/sub-MONSTERA12/sub-MONSTERA12_task-07_desc-preproc_bold_trim6_denoise_z-scored.nii.gz
task-08 /projects/kuhl_lab/wanjiag/MONSTERA/derivatives/preprocess/sub-MONSTERA12/sub-MONSTERA12_task-08_desc-preproc_bold_trim6_denoise_z-scored.nii.gz
task-09 /projects/kuhl_lab/wanjiag/MONSTERA/derivatives/preprocess/sub-MONSTERA12/sub-MONSTERA12_task-09_desc-preproc_bold_trim6_denoise_z-scored.nii.gz
task-10 /projects/kuhl_lab/wanjiag/MONSTERA/derivatives/preprocess/sub-MONSTERA12/sub-MONSTERA12_task-10_desc-preproc_bold_trim6_denoise_z-scored.nii.gz
angular_gyrus_2_epi_thre_0.5_masked /projects/kuhl_lab/wanjiag/MONSTERA/derivatives/rois/sub-MONSTERA13/angular_gyrus_2_epi_thre_0.5_masked.nii.gz
task-01 /projects/kuhl_lab/wanjiag/MONSTERA/derivatives/preprocess/sub-MONSTERA13/sub-MONSTERA13_task-01_desc-preproc_bold_trim6_denoise_z-scored.nii.gz
task-02 /projects/kuhl_lab/wanjiag/MONSTERA/derivatives/preprocess/sub-MONSTERA13/sub-MONSTERA13_task-02_desc-preproc_bold_trim6_denoise_z-scored.nii.gz
task-03 /projects/kuhl_lab/wanjiag/MONSTERA/derivatives/preprocess/sub-MONSTERA13/sub-MONSTERA13_task-03_desc-preproc_bold_trim6_denoise_z-scored.nii.gz
task-04 /projects/kuhl_lab/wanjiag/MONSTERA/derivatives/preprocess/sub-MONSTERA13/sub-MONSTERA13_task-04_desc-preproc_bold_trim6_denoise_z-scored.nii.gz
task-05 /projects/kuhl_lab/wanjiag/MONSTERA/derivatives/preprocess/sub-MONSTERA13/sub-MONSTERA13_task-05_desc-preproc_bold_trim6_denoise_z-scored.nii.gz
task-06 /projects/kuhl_lab/wanjiag/MONSTERA/derivatives/preprocess/sub-MONSTERA13/sub-MONSTERA13_task-06_desc-preproc_bold_trim6_denoise_z-scored.nii.gz
task-07 /projects/kuhl_lab/wanjiag/MONSTERA/derivatives/preprocess/sub-MONSTERA13/sub-MONSTERA13_task-07_desc-preproc_bold_trim6_denoise_z-scored.nii.gz
task-08 /projects/kuhl_lab/wanjiag/MONSTERA/derivatives/preprocess/sub-MONSTERA13/sub-MONSTERA13_task-08_desc-preproc_bold_trim6_denoise_z-scored.nii.gz
task-09 /projects/kuhl_lab/wanjiag/MONSTERA/derivatives/preprocess/sub-MONSTERA13/sub-MONSTERA13_task-09_desc-preproc_bold_trim6_denoise_z-scored.nii.gz
task-10 /projects/kuhl_lab/wanjiag/MONSTERA/derivatives/preprocess/sub-MONSTERA13/sub-MONSTERA13_task-10_desc-preproc_bold_trim6_denoise_z-scored.nii.gz
evc_2_epi_thre_0.5_masked /projects/kuhl_lab/wanjiag/MONSTERA/derivatives/rois/sub-MONSTERA13/evc_2_epi_thre_0.5_masked.nii.gz
task-01 /projects/kuhl_lab/wanjiag/MONSTERA/derivatives/preprocess/sub-MONSTERA13/sub-MONSTERA13_task-01_desc-preproc_bold_trim6_denoise_z-scored.nii.gz
task-02 /projects/kuhl_lab/wanjiag/MONSTERA/derivatives/preprocess/sub-MONSTERA13/sub-MONSTERA13_task-02_desc-preproc_bold_trim6_denoise_z-scored.nii.gz
task-03 /projects/kuhl_lab/wanjiag/MONSTERA/derivatives/preprocess/sub-MONSTERA13/sub-MONSTERA13_task-03_desc-preproc_bold_trim6_denoise_z-scored.nii.gz
task-04 /projects/kuhl_lab/wanjiag/MONSTERA/derivatives/preprocess/sub-MONSTERA13/sub-MONSTERA13_task-04_desc-preproc_bold_trim6_denoise_z-scored.nii.gz
task-05 /projects/kuhl_lab/wanjiag/MONSTERA/derivatives/preprocess/sub-MONSTERA13/sub-MONSTERA13_task-05_desc-preproc_bold_trim6_denoise_z-scored.nii.gz
task-06 /projects/kuhl_lab/wanjiag/MONSTERA/derivatives/preprocess/sub-MONSTERA13/sub-MONSTERA13_task-06_desc-preproc_bold_trim6_denoise_z-scored.nii.gz
task-07 /projects/kuhl_lab/wanjiag/MONSTERA/derivatives/preprocess/sub-MONSTERA13/sub-MONSTERA13_task-07_desc-preproc_bold_trim6_denoise_z-scored.nii.gz
task-08 /projects/kuhl_lab/wanjiag/MONSTERA/derivatives/preprocess/sub-MONSTERA13/sub-MONSTERA13_task-08_desc-preproc_bold_trim6_denoise_z-scored.nii.gz
task-09 /projects/kuhl_lab/wanjiag/MONSTERA/derivatives/preprocess/sub-MONSTERA13/sub-MONSTERA13_task-09_desc-preproc_bold_trim6_denoise_z-scored.nii.gz
task-10 /projects/kuhl_lab/wanjiag/MONSTERA/derivatives/preprocess/sub-MONSTERA13/sub-MONSTERA13_task-10_desc-preproc_bold_trim6_denoise_z-scored.nii.gz
hippocampus_2_epi_thre_0.5_masked /projects/kuhl_lab/wanjiag/MONSTERA/derivatives/rois/sub-MONSTERA13/hippocampus_2_epi_thre_0.5_masked.nii.gz
task-01 /projects/kuhl_lab/wanjiag/MONSTERA/derivatives/preprocess/sub-MONSTERA13/sub-MONSTERA13_task-01_desc-preproc_bold_trim6_denoise_z-scored.nii.gz
task-02 /projects/kuhl_lab/wanjiag/MONSTERA/derivatives/preprocess/sub-MONSTERA13/sub-MONSTERA13_task-02_desc-preproc_bold_trim6_denoise_z-scored.nii.gz
task-03 /projects/kuhl_lab/wanjiag/MONSTERA/derivatives/preprocess/sub-MONSTERA13/sub-MONSTERA13_task-03_desc-preproc_bold_trim6_denoise_z-scored.nii.gz
task-04 /projects/kuhl_lab/wanjiag/MONSTERA/derivatives/preprocess/sub-MONSTERA13/sub-MONSTERA13_task-04_desc-preproc_bold_trim6_denoise_z-scored.nii.gz
task-05 /projects/kuhl_lab/wanjiag/MONSTERA/derivatives/preprocess/sub-MONSTERA13/sub-MONSTERA13_task-05_desc-preproc_bold_trim6_denoise_z-scored.nii.gz
task-06 /projects/kuhl_lab/wanjiag/MONSTERA/derivatives/preprocess/sub-MONSTERA13/sub-MONSTERA13_task-06_desc-preproc_bold_trim6_denoise_z-scored.nii.gz
task-07 /projects/kuhl_lab/wanjiag/MONSTERA/derivatives/preprocess/sub-MONSTERA13/sub-MONSTERA13_task-07_desc-preproc_bold_trim6_denoise_z-scored.nii.gz
task-08 /projects/kuhl_lab/wanjiag/MONSTERA/derivatives/preprocess/sub-MONSTERA13/sub-MONSTERA13_task-08_desc-preproc_bold_trim6_denoise_z-scored.nii.gz
task-09 /projects/kuhl_lab/wanjiag/MONSTERA/derivatives/preprocess/sub-MONSTERA13/sub-MONSTERA13_task-09_desc-preproc_bold_trim6_denoise_z-scored.nii.gz
task-10 /projects/kuhl_lab/wanjiag/MONSTERA/derivatives/preprocess/sub-MONSTERA13/sub-MONSTERA13_task-10_desc-preproc_bold_trim6_denoise_z-scored.nii.gz
ppa_mni_2_epi_thre_0.5_masked /projects/kuhl_lab/wanjiag/MONSTERA/derivatives/rois/sub-MONSTERA13/ppa_mni_2_epi_thre_0.5_masked.nii.gz
task-01 /projects/kuhl_lab/wanjiag/MONSTERA/derivatives/preprocess/sub-MONSTERA13/sub-MONSTERA13_task-01_desc-preproc_bold_trim6_denoise_z-scored.nii.gz
task-02 /projects/kuhl_lab/wanjiag/MONSTERA/derivatives/preprocess/sub-MONSTERA13/sub-MONSTERA13_task-02_desc-preproc_bold_trim6_denoise_z-scored.nii.gz
task-03 /projects/kuhl_lab/wanjiag/MONSTERA/derivatives/preprocess/sub-MONSTERA13/sub-MONSTERA13_task-03_desc-preproc_bold_trim6_denoise_z-scored.nii.gz
task-04 /projects/kuhl_lab/wanjiag/MONSTERA/derivatives/preprocess/sub-MONSTERA13/sub-MONSTERA13_task-04_desc-preproc_bold_trim6_denoise_z-scored.nii.gz
task-05 /projects/kuhl_lab/wanjiag/MONSTERA/derivatives/preprocess/sub-MONSTERA13/sub-MONSTERA13_task-05_desc-preproc_bold_trim6_denoise_z-scored.nii.gz
task-06 /projects/kuhl_lab/wanjiag/MONSTERA/derivatives/preprocess/sub-MONSTERA13/sub-MONSTERA13_task-06_desc-preproc_bold_trim6_denoise_z-scored.nii.gz
task-07 /projects/kuhl_lab/wanjiag/MONSTERA/derivatives/preprocess/sub-MONSTERA13/sub-MONSTERA13_task-07_desc-preproc_bold_trim6_denoise_z-scored.nii.gz
task-08 /projects/kuhl_lab/wanjiag/MONSTERA/derivatives/preprocess/sub-MONSTERA13/sub-MONSTERA13_task-08_desc-preproc_bold_trim6_denoise_z-scored.nii.gz
task-09 /projects/kuhl_lab/wanjiag/MONSTERA/derivatives/preprocess/sub-MONSTERA13/sub-MONSTERA13_task-09_desc-preproc_bold_trim6_denoise_z-scored.nii.gz
task-10 /projects/kuhl_lab/wanjiag/MONSTERA/derivatives/preprocess/sub-MONSTERA13/sub-MONSTERA13_task-10_desc-preproc_bold_trim6_denoise_z-scored.nii.gz
ashs/body/ca1-body_thre_0.5_masked /projects/kuhl_lab/wanjiag/MONSTERA/derivatives/rois/sub-MONSTERA13/ashs/body/ca1-body_thre_0.5_masked.nii.gz
task-01 /projects/kuhl_lab/wanjiag/MONSTERA/derivatives/preprocess/sub-MONSTERA13/sub-MONSTERA13_task-01_desc-preproc_bold_trim6_denoise_z-scored.nii.gz
task-02 /projects/kuhl_lab/wanjiag/MONSTERA/derivatives/preprocess/sub-MONSTERA13/sub-MONSTERA13_task-02_desc-preproc_bold_trim6_denoise_z-scored.nii.gz
task-03 /projects/kuhl_lab/wanjiag/MONSTERA/derivatives/preprocess/sub-MONSTERA13/sub-MONSTERA13_task-03_desc-preproc_bold_trim6_denoise_z-scored.nii.gz
task-04 /projects/kuhl_lab/wanjiag/MONSTERA/derivatives/preprocess/sub-MONSTERA13/sub-MONSTERA13_task-04_desc-preproc_bold_trim6_denoise_z-scored.nii.gz
task-05 /projects/kuhl_lab/wanjiag/MONSTERA/derivatives/preprocess/sub-MONSTERA13/sub-MONSTERA13_task-05_desc-preproc_bold_trim6_denoise_z-scored.nii.gz
task-06 /projects/kuhl_lab/wanjiag/MONSTERA/derivatives/preprocess/sub-MONSTERA13/sub-MONSTERA13_task-06_desc-preproc_bold_trim6_denoise_z-scored.nii.gz
task-07 /projects/kuhl_lab/wanjiag/MONSTERA/derivatives/preprocess/sub-MONSTERA13/sub-MONSTERA13_task-07_desc-preproc_bold_trim6_denoise_z-scored.nii.gz
task-08 /projects/kuhl_lab/wanjiag/MONSTERA/derivatives/preprocess/sub-MONSTERA13/sub-MONSTERA13_task-08_desc-preproc_bold_trim6_denoise_z-scored.nii.gz
task-09 /projects/kuhl_lab/wanjiag/MONSTERA/derivatives/preprocess/sub-MONSTERA13/sub-MONSTERA13_task-09_desc-preproc_bold_trim6_denoise_z-scored.nii.gz
task-10 /projects/kuhl_lab/wanjiag/MONSTERA/derivatives/preprocess/sub-MONSTERA13/sub-MONSTERA13_task-10_desc-preproc_bold_trim6_denoise_z-scored.nii.gz
ashs/body/ca23dg-body_thre_0.5_masked /projects/kuhl_lab/wanjiag/MONSTERA/derivatives/rois/sub-MONSTERA13/ashs/body/ca23dg-body_thre_0.5_masked.nii.gz
task-01 /projects/kuhl_lab/wanjiag/MONSTERA/derivatives/preprocess/sub-MONSTERA13/sub-MONSTERA13_task-01_desc-preproc_bold_trim6_denoise_z-scored.nii.gz
task-02 /projects/kuhl_lab/wanjiag/MONSTERA/derivatives/preprocess/sub-MONSTERA13/sub-MONSTERA13_task-02_desc-preproc_bold_trim6_denoise_z-scored.nii.gz
task-03 /projects/kuhl_lab/wanjiag/MONSTERA/derivatives/preprocess/sub-MONSTERA13/sub-MONSTERA13_task-03_desc-preproc_bold_trim6_denoise_z-scored.nii.gz
task-04 /projects/kuhl_lab/wanjiag/MONSTERA/derivatives/preprocess/sub-MONSTERA13/sub-MONSTERA13_task-04_desc-preproc_bold_trim6_denoise_z-scored.nii.gz
task-05 /projects/kuhl_lab/wanjiag/MONSTERA/derivatives/preprocess/sub-MONSTERA13/sub-MONSTERA13_task-05_desc-preproc_bold_trim6_denoise_z-scored.nii.gz
task-06 /projects/kuhl_lab/wanjiag/MONSTERA/derivatives/preprocess/sub-MONSTERA13/sub-MONSTERA13_task-06_desc-preproc_bold_trim6_denoise_z-scored.nii.gz
task-07 /projects/kuhl_lab/wanjiag/MONSTERA/derivatives/preprocess/sub-MONSTERA13/sub-MONSTERA13_task-07_desc-preproc_bold_trim6_denoise_z-scored.nii.gz
task-08 /projects/kuhl_lab/wanjiag/MONSTERA/derivatives/preprocess/sub-MONSTERA13/sub-MONSTERA13_task-08_desc-preproc_bold_trim6_denoise_z-scored.nii.gz
task-09 /projects/kuhl_lab/wanjiag/MONSTERA/derivatives/preprocess/sub-MONSTERA13/sub-MONSTERA13_task-09_desc-preproc_bold_trim6_denoise_z-scored.nii.gz
task-10 /projects/kuhl_lab/wanjiag/MONSTERA/derivatives/preprocess/sub-MONSTERA13/sub-MONSTERA13_task-10_desc-preproc_bold_trim6_denoise_z-scored.nii.gz
ashs/whole/ca1_thre_0.5_masked /projects/kuhl_lab/wanjiag/MONSTERA/derivatives/rois/sub-MONSTERA13/ashs/whole/ca1_thre_0.5_masked.nii.gz
task-01 /projects/kuhl_lab/wanjiag/MONSTERA/derivatives/preprocess/sub-MONSTERA13/sub-MONSTERA13_task-01_desc-preproc_bold_trim6_denoise_z-scored.nii.gz
task-02 /projects/kuhl_lab/wanjiag/MONSTERA/derivatives/preprocess/sub-MONSTERA13/sub-MONSTERA13_task-02_desc-preproc_bold_trim6_denoise_z-scored.nii.gz
task-03 /projects/kuhl_lab/wanjiag/MONSTERA/derivatives/preprocess/sub-MONSTERA13/sub-MONSTERA13_task-03_desc-preproc_bold_trim6_denoise_z-scored.nii.gz
task-04 /projects/kuhl_lab/wanjiag/MONSTERA/derivatives/preprocess/sub-MONSTERA13/sub-MONSTERA13_task-04_desc-preproc_bold_trim6_denoise_z-scored.nii.gz
task-05 /projects/kuhl_lab/wanjiag/MONSTERA/derivatives/preprocess/sub-MONSTERA13/sub-MONSTERA13_task-05_desc-preproc_bold_trim6_denoise_z-scored.nii.gz
task-06 /projects/kuhl_lab/wanjiag/MONSTERA/derivatives/preprocess/sub-MONSTERA13/sub-MONSTERA13_task-06_desc-preproc_bold_trim6_denoise_z-scored.nii.gz
task-07 /projects/kuhl_lab/wanjiag/MONSTERA/derivatives/preprocess/sub-MONSTERA13/sub-MONSTERA13_task-07_desc-preproc_bold_trim6_denoise_z-scored.nii.gz
task-08 /projects/kuhl_lab/wanjiag/MONSTERA/derivatives/preprocess/sub-MONSTERA13/sub-MONSTERA13_task-08_desc-preproc_bold_trim6_denoise_z-scored.nii.gz
task-09 /projects/kuhl_lab/wanjiag/MONSTERA/derivatives/preprocess/sub-MONSTERA13/sub-MONSTERA13_task-09_desc-preproc_bold_trim6_denoise_z-scored.nii.gz
task-10 /projects/kuhl_lab/wanjiag/MONSTERA/derivatives/preprocess/sub-MONSTERA13/sub-MONSTERA13_task-10_desc-preproc_bold_trim6_denoise_z-scored.nii.gz
ashs/whole/ca23dg_thre_0.5_masked /projects/kuhl_lab/wanjiag/MONSTERA/derivatives/rois/sub-MONSTERA13/ashs/whole/ca23dg_thre_0.5_masked.nii.gz
task-01 /projects/kuhl_lab/wanjiag/MONSTERA/derivatives/preprocess/sub-MONSTERA13/sub-MONSTERA13_task-01_desc-preproc_bold_trim6_denoise_z-scored.nii.gz
task-02 /projects/kuhl_lab/wanjiag/MONSTERA/derivatives/preprocess/sub-MONSTERA13/sub-MONSTERA13_task-02_desc-preproc_bold_trim6_denoise_z-scored.nii.gz
task-03 /projects/kuhl_lab/wanjiag/MONSTERA/derivatives/preprocess/sub-MONSTERA13/sub-MONSTERA13_task-03_desc-preproc_bold_trim6_denoise_z-scored.nii.gz
task-04 /projects/kuhl_lab/wanjiag/MONSTERA/derivatives/preprocess/sub-MONSTERA13/sub-MONSTERA13_task-04_desc-preproc_bold_trim6_denoise_z-scored.nii.gz
task-05 /projects/kuhl_lab/wanjiag/MONSTERA/derivatives/preprocess/sub-MONSTERA13/sub-MONSTERA13_task-05_desc-preproc_bold_trim6_denoise_z-scored.nii.gz
task-06 /projects/kuhl_lab/wanjiag/MONSTERA/derivatives/preprocess/sub-MONSTERA13/sub-MONSTERA13_task-06_desc-preproc_bold_trim6_denoise_z-scored.nii.gz
task-07 /projects/kuhl_lab/wanjiag/MONSTERA/derivatives/preprocess/sub-MONSTERA13/sub-MONSTERA13_task-07_desc-preproc_bold_trim6_denoise_z-scored.nii.gz
task-08 /projects/kuhl_lab/wanjiag/MONSTERA/derivatives/preprocess/sub-MONSTERA13/sub-MONSTERA13_task-08_desc-preproc_bold_trim6_denoise_z-scored.nii.gz
task-09 /projects/kuhl_lab/wanjiag/MONSTERA/derivatives/preprocess/sub-MONSTERA13/sub-MONSTERA13_task-09_desc-preproc_bold_trim6_denoise_z-scored.nii.gz
task-10 /projects/kuhl_lab/wanjiag/MONSTERA/derivatives/preprocess/sub-MONSTERA13/sub-MONSTERA13_task-10_desc-preproc_bold_trim6_denoise_z-scored.nii.gz
