── Attaching packages ─────────────────────────────────────── tidyverse 1.3.1 ──
✔ ggplot2 3.3.6     ✔ purrr   0.3.4
✔ tibble  3.1.7     ✔ dplyr   1.0.9
✔ tidyr   1.2.0     ✔ stringr 1.4.0
✔ readr   2.1.2     ✔ forcats 0.5.1
── Conflicts ────────────────────────────────────────── tidyverse_conflicts() ──
✖ dplyr::filter() masks stats::filter()
✖ dplyr::lag()    masks stats::lag()
Rows: 1471 Columns: 8
── Column specification ────────────────────────────────────────────────────────
Delimiter: ","
chr (3): npic, sub, condition
dbl (5): onset, design_onset, design_end, round, trial

ℹ Use `spec()` to retrieve the full column specification for this data.
ℹ Specify the column types or set `show_col_types = FALSE` to quiet this message.
Rows: 1468 Columns: 8
── Column specification ────────────────────────────────────────────────────────
Delimiter: ","
chr (3): npic, sub, condition
dbl (5): onset, design_onset, design_end, round, trial

ℹ Use `spec()` to retrieve the full column specification for this data.
ℹ Specify the column types or set `show_col_types = FALSE` to quiet this message.
Rows: 1471 Columns: 8
── Column specification ────────────────────────────────────────────────────────
Delimiter: ","
chr (3): npic, sub, condition
dbl (5): onset, design_onset, design_end, round, trial

ℹ Use `spec()` to retrieve the full column specification for this data.
ℹ Specify the column types or set `show_col_types = FALSE` to quiet this message.
Rows: 1471 Columns: 8
── Column specification ────────────────────────────────────────────────────────
Delimiter: ","
chr (3): npic, sub, condition
dbl (5): onset, design_onset, design_end, round, trial

ℹ Use `spec()` to retrieve the full column specification for this data.
ℹ Specify the column types or set `show_col_types = FALSE` to quiet this message.
Rows: 1471 Columns: 8
── Column specification ────────────────────────────────────────────────────────
Delimiter: ","
chr (3): npic, sub, condition
dbl (5): onset, design_onset, design_end, round, trial

ℹ Use `spec()` to retrieve the full column specification for this data.
ℹ Specify the column types or set `show_col_types = FALSE` to quiet this message.
Rows: 1471 Columns: 8
── Column specification ────────────────────────────────────────────────────────
Delimiter: ","
chr (3): npic, sub, condition
dbl (5): onset, design_onset, design_end, round, trial

ℹ Use `spec()` to retrieve the full column specification for this data.
ℹ Specify the column types or set `show_col_types = FALSE` to quiet this message.
Rows: 1471 Columns: 8
── Column specification ────────────────────────────────────────────────────────
Delimiter: ","
chr (3): npic, sub, condition
dbl (5): onset, design_onset, design_end, round, trial

ℹ Use `spec()` to retrieve the full column specification for this data.
ℹ Specify the column types or set `show_col_types = FALSE` to quiet this message.
Rows: 1471 Columns: 8
── Column specification ────────────────────────────────────────────────────────
Delimiter: ","
chr (3): npic, sub, condition
dbl (5): onset, design_onset, design_end, round, trial

ℹ Use `spec()` to retrieve the full column specification for this data.
ℹ Specify the column types or set `show_col_types = FALSE` to quiet this message.
Rows: 1471 Columns: 8
── Column specification ────────────────────────────────────────────────────────
Delimiter: ","
chr (3): npic, sub, condition
dbl (5): onset, design_onset, design_end, round, trial

ℹ Use `spec()` to retrieve the full column specification for this data.
ℹ Specify the column types or set `show_col_types = FALSE` to quiet this message.
Rows: 1470 Columns: 8
── Column specification ────────────────────────────────────────────────────────
Delimiter: ","
chr (3): npic, sub, condition
dbl (5): onset, design_onset, design_end, round, trial

ℹ Use `spec()` to retrieve the full column specification for this data.
ℹ Specify the column types or set `show_col_types = FALSE` to quiet this message.
Rows: 1471 Columns: 8
── Column specification ────────────────────────────────────────────────────────
Delimiter: ","
chr (3): npic, sub, condition
dbl (5): onset, design_onset, design_end, round, trial

ℹ Use `spec()` to retrieve the full column specification for this data.
ℹ Specify the column types or set `show_col_types = FALSE` to quiet this message.
Rows: 1471 Columns: 8
── Column specification ────────────────────────────────────────────────────────
Delimiter: ","
chr (3): npic, sub, condition
dbl (5): onset, design_onset, design_end, round, trial

ℹ Use `spec()` to retrieve the full column specification for this data.
ℹ Specify the column types or set `show_col_types = FALSE` to quiet this message.
Rows: 1471 Columns: 8
── Column specification ────────────────────────────────────────────────────────
Delimiter: ","
chr (3): npic, sub, condition
dbl (5): onset, design_onset, design_end, round, trial

ℹ Use `spec()` to retrieve the full column specification for this data.
ℹ Specify the column types or set `show_col_types = FALSE` to quiet this message.
Rows: 1471 Columns: 8
── Column specification ────────────────────────────────────────────────────────
Delimiter: ","
chr (3): npic, sub, condition
dbl (5): onset, design_onset, design_end, round, trial

ℹ Use `spec()` to retrieve the full column specification for this data.
ℹ Specify the column types or set `show_col_types = FALSE` to quiet this message.
Rows: 1471 Columns: 8
── Column specification ────────────────────────────────────────────────────────
Delimiter: ","
chr (3): npic, sub, condition
dbl (5): onset, design_onset, design_end, round, trial

ℹ Use `spec()` to retrieve the full column specification for this data.
ℹ Specify the column types or set `show_col_types = FALSE` to quiet this message.
Rows: 1471 Columns: 8
── Column specification ────────────────────────────────────────────────────────
Delimiter: ","
chr (3): npic, sub, condition
dbl (5): onset, design_onset, design_end, round, trial

ℹ Use `spec()` to retrieve the full column specification for this data.
ℹ Specify the column types or set `show_col_types = FALSE` to quiet this message.
Rows: 1471 Columns: 8
── Column specification ────────────────────────────────────────────────────────
Delimiter: ","
chr (3): npic, sub, condition
dbl (5): onset, design_onset, design_end, round, trial

ℹ Use `spec()` to retrieve the full column specification for this data.
ℹ Specify the column types or set `show_col_types = FALSE` to quiet this message.
Rows: 1471 Columns: 8
── Column specification ────────────────────────────────────────────────────────
Delimiter: ","
chr (3): npic, sub, condition
dbl (5): onset, design_onset, design_end, round, trial

ℹ Use `spec()` to retrieve the full column specification for this data.
ℹ Specify the column types or set `show_col_types = FALSE` to quiet this message.
Rows: 1471 Columns: 8
── Column specification ────────────────────────────────────────────────────────
Delimiter: ","
chr (3): npic, sub, condition
dbl (5): onset, design_onset, design_end, round, trial

ℹ Use `spec()` to retrieve the full column specification for this data.
ℹ Specify the column types or set `show_col_types = FALSE` to quiet this message.
Rows: 1471 Columns: 8
── Column specification ────────────────────────────────────────────────────────
Delimiter: ","
chr (3): npic, sub, condition
dbl (5): onset, design_onset, design_end, round, trial

ℹ Use `spec()` to retrieve the full column specification for this data.
ℹ Specify the column types or set `show_col_types = FALSE` to quiet this message.
Rows: 1471 Columns: 8
── Column specification ────────────────────────────────────────────────────────
Delimiter: ","
chr (3): npic, sub, condition
dbl (5): onset, design_onset, design_end, round, trial

ℹ Use `spec()` to retrieve the full column specification for this data.
ℹ Specify the column types or set `show_col_types = FALSE` to quiet this message.
Rows: 1471 Columns: 8
── Column specification ────────────────────────────────────────────────────────
Delimiter: ","
chr (3): npic, sub, condition
dbl (5): onset, design_onset, design_end, round, trial

ℹ Use `spec()` to retrieve the full column specification for this data.
ℹ Specify the column types or set `show_col_types = FALSE` to quiet this message.
Rows: 1471 Columns: 8
── Column specification ────────────────────────────────────────────────────────
Delimiter: ","
chr (3): npic, sub, condition
dbl (5): onset, design_onset, design_end, round, trial

ℹ Use `spec()` to retrieve the full column specification for this data.
ℹ Specify the column types or set `show_col_types = FALSE` to quiet this message.
Rows: 1471 Columns: 8
── Column specification ────────────────────────────────────────────────────────
Delimiter: ","
chr (3): npic, sub, condition
dbl (5): onset, design_onset, design_end, round, trial

ℹ Use `spec()` to retrieve the full column specification for this data.
ℹ Specify the column types or set `show_col_types = FALSE` to quiet this message.
Rows: 1468 Columns: 8
── Column specification ────────────────────────────────────────────────────────
Delimiter: ","
chr (3): npic, sub, condition
dbl (5): onset, design_onset, design_end, round, trial

ℹ Use `spec()` to retrieve the full column specification for this data.
ℹ Specify the column types or set `show_col_types = FALSE` to quiet this message.
Rows: 1468 Columns: 8
── Column specification ────────────────────────────────────────────────────────
Delimiter: ","
chr (3): npic, sub, condition
dbl (5): onset, design_onset, design_end, round, trial

ℹ Use `spec()` to retrieve the full column specification for this data.
ℹ Specify the column types or set `show_col_types = FALSE` to quiet this message.
Rows: 1471 Columns: 8
── Column specification ────────────────────────────────────────────────────────
Delimiter: ","
chr (3): npic, sub, condition
dbl (5): onset, design_onset, design_end, round, trial

ℹ Use `spec()` to retrieve the full column specification for this data.
ℹ Specify the column types or set `show_col_types = FALSE` to quiet this message.
Rows: 1471 Columns: 8
── Column specification ────────────────────────────────────────────────────────
Delimiter: ","
chr (3): npic, sub, condition
dbl (5): onset, design_onset, design_end, round, trial

ℹ Use `spec()` to retrieve the full column specification for this data.
ℹ Specify the column types or set `show_col_types = FALSE` to quiet this message.
Rows: 1471 Columns: 8
── Column specification ────────────────────────────────────────────────────────
Delimiter: ","
chr (3): npic, sub, condition
dbl (5): onset, design_onset, design_end, round, trial

ℹ Use `spec()` to retrieve the full column specification for this data.
ℹ Specify the column types or set `show_col_types = FALSE` to quiet this message.
Rows: 1471 Columns: 8
── Column specification ────────────────────────────────────────────────────────
Delimiter: ","
chr (3): npic, sub, condition
dbl (5): onset, design_onset, design_end, round, trial

ℹ Use `spec()` to retrieve the full column specification for this data.
ℹ Specify the column types or set `show_col_types = FALSE` to quiet this message.
Rows: 1470 Columns: 8
── Column specification ────────────────────────────────────────────────────────
Delimiter: ","
chr (3): npic, sub, condition
dbl (5): onset, design_onset, design_end, round, trial

ℹ Use `spec()` to retrieve the full column specification for this data.
ℹ Specify the column types or set `show_col_types = FALSE` to quiet this message.
Rows: 1471 Columns: 8
── Column specification ────────────────────────────────────────────────────────
Delimiter: ","
chr (3): npic, sub, condition
dbl (5): onset, design_onset, design_end, round, trial

ℹ Use `spec()` to retrieve the full column specification for this data.
ℹ Specify the column types or set `show_col_types = FALSE` to quiet this message.
Rows: 1470 Columns: 8
── Column specification ────────────────────────────────────────────────────────
Delimiter: ","
chr (3): npic, sub, condition
dbl (5): onset, design_onset, design_end, round, trial

ℹ Use `spec()` to retrieve the full column specification for this data.
ℹ Specify the column types or set `show_col_types = FALSE` to quiet this message.
Rows: 1471 Columns: 8
── Column specification ────────────────────────────────────────────────────────
Delimiter: ","
chr (3): npic, sub, condition
dbl (5): onset, design_onset, design_end, round, trial

ℹ Use `spec()` to retrieve the full column specification for this data.
ℹ Specify the column types or set `show_col_types = FALSE` to quiet this message.
Rows: 1471 Columns: 8
── Column specification ────────────────────────────────────────────────────────
Delimiter: ","
chr (3): npic, sub, condition
dbl (5): onset, design_onset, design_end, round, trial

ℹ Use `spec()` to retrieve the full column specification for this data.
ℹ Specify the column types or set `show_col_types = FALSE` to quiet this message.
Rows: 1471 Columns: 8
── Column specification ────────────────────────────────────────────────────────
Delimiter: ","
chr (3): npic, sub, condition
dbl (5): onset, design_onset, design_end, round, trial

ℹ Use `spec()` to retrieve the full column specification for this data.
ℹ Specify the column types or set `show_col_types = FALSE` to quiet this message.
Rows: 1470 Columns: 8
── Column specification ────────────────────────────────────────────────────────
Delimiter: ","
chr (3): npic, sub, condition
dbl (5): onset, design_onset, design_end, round, trial

ℹ Use `spec()` to retrieve the full column specification for this data.
ℹ Specify the column types or set `show_col_types = FALSE` to quiet this message.
Rows: 1471 Columns: 8
── Column specification ────────────────────────────────────────────────────────
Delimiter: ","
chr (3): npic, sub, condition
dbl (5): onset, design_onset, design_end, round, trial

ℹ Use `spec()` to retrieve the full column specification for this data.
ℹ Specify the column types or set `show_col_types = FALSE` to quiet this message.
Rows: 1471 Columns: 8
── Column specification ────────────────────────────────────────────────────────
Delimiter: ","
chr (3): npic, sub, condition
dbl (5): onset, design_onset, design_end, round, trial

ℹ Use `spec()` to retrieve the full column specification for this data.
ℹ Specify the column types or set `show_col_types = FALSE` to quiet this message.
Rows: 1471 Columns: 8
── Column specification ────────────────────────────────────────────────────────
Delimiter: ","
chr (3): npic, sub, condition
dbl (5): onset, design_onset, design_end, round, trial

ℹ Use `spec()` to retrieve the full column specification for this data.
ℹ Specify the column types or set `show_col_types = FALSE` to quiet this message.
Rows: 1468 Columns: 8
── Column specification ────────────────────────────────────────────────────────
Delimiter: ","
chr (2): npic, condition
dbl (6): onset, design_onset, design_end, sub, round, trial

ℹ Use `spec()` to retrieve the full column specification for this data.
ℹ Specify the column types or set `show_col_types = FALSE` to quiet this message.
Rows: 1471 Columns: 8
── Column specification ────────────────────────────────────────────────────────
Delimiter: ","
chr (2): npic, condition
dbl (6): onset, design_onset, design_end, sub, round, trial

ℹ Use `spec()` to retrieve the full column specification for this data.
ℹ Specify the column types or set `show_col_types = FALSE` to quiet this message.
Rows: 1468 Columns: 8
── Column specification ────────────────────────────────────────────────────────
Delimiter: ","
chr (2): npic, condition
dbl (6): onset, design_onset, design_end, sub, round, trial

ℹ Use `spec()` to retrieve the full column specification for this data.
ℹ Specify the column types or set `show_col_types = FALSE` to quiet this message.
Rows: 1471 Columns: 8
── Column specification ────────────────────────────────────────────────────────
Delimiter: ","
chr (2): npic, condition
dbl (6): onset, design_onset, design_end, sub, round, trial

ℹ Use `spec()` to retrieve the full column specification for this data.
ℹ Specify the column types or set `show_col_types = FALSE` to quiet this message.
Rows: 1471 Columns: 8
── Column specification ────────────────────────────────────────────────────────
Delimiter: ","
chr (2): npic, condition
dbl (6): onset, design_onset, design_end, sub, round, trial

ℹ Use `spec()` to retrieve the full column specification for this data.
ℹ Specify the column types or set `show_col_types = FALSE` to quiet this message.
Rows: 1471 Columns: 8
── Column specification ────────────────────────────────────────────────────────
Delimiter: ","
chr (2): npic, condition
dbl (6): onset, design_onset, design_end, sub, round, trial

ℹ Use `spec()` to retrieve the full column specification for this data.
ℹ Specify the column types or set `show_col_types = FALSE` to quiet this message.
Rows: 1471 Columns: 8
── Column specification ────────────────────────────────────────────────────────
Delimiter: ","
chr (2): npic, condition
dbl (6): onset, design_onset, design_end, sub, round, trial

ℹ Use `spec()` to retrieve the full column specification for this data.
ℹ Specify the column types or set `show_col_types = FALSE` to quiet this message.
Rows: 1471 Columns: 8
── Column specification ────────────────────────────────────────────────────────
Delimiter: ","
chr (2): npic, condition
dbl (6): onset, design_onset, design_end, sub, round, trial

ℹ Use `spec()` to retrieve the full column specification for this data.
ℹ Specify the column types or set `show_col_types = FALSE` to quiet this message.
Rows: 1471 Columns: 8
── Column specification ────────────────────────────────────────────────────────
Delimiter: ","
chr (2): npic, condition
dbl (6): onset, design_onset, design_end, sub, round, trial

ℹ Use `spec()` to retrieve the full column specification for this data.
ℹ Specify the column types or set `show_col_types = FALSE` to quiet this message.
Rows: 1470 Columns: 8
── Column specification ────────────────────────────────────────────────────────
Delimiter: ","
chr (2): npic, condition
dbl (6): onset, design_onset, design_end, sub, round, trial

ℹ Use `spec()` to retrieve the full column specification for this data.
ℹ Specify the column types or set `show_col_types = FALSE` to quiet this message.
Rows: 1471 Columns: 8
── Column specification ────────────────────────────────────────────────────────
Delimiter: ","
chr (2): npic, condition
dbl (6): onset, design_onset, design_end, sub, round, trial

ℹ Use `spec()` to retrieve the full column specification for this data.
ℹ Specify the column types or set `show_col_types = FALSE` to quiet this message.
Rows: 1471 Columns: 8
── Column specification ────────────────────────────────────────────────────────
Delimiter: ","
chr (2): npic, condition
dbl (6): onset, design_onset, design_end, sub, round, trial

ℹ Use `spec()` to retrieve the full column specification for this data.
ℹ Specify the column types or set `show_col_types = FALSE` to quiet this message.
Rows: 1471 Columns: 8
── Column specification ────────────────────────────────────────────────────────
Delimiter: ","
chr (2): npic, condition
dbl (6): onset, design_onset, design_end, sub, round, trial

ℹ Use `spec()` to retrieve the full column specification for this data.
ℹ Specify the column types or set `show_col_types = FALSE` to quiet this message.
Rows: 1471 Columns: 8
── Column specification ────────────────────────────────────────────────────────
Delimiter: ","
chr (2): npic, condition
dbl (6): onset, design_onset, design_end, sub, round, trial

ℹ Use `spec()` to retrieve the full column specification for this data.
ℹ Specify the column types or set `show_col_types = FALSE` to quiet this message.
Rows: 1471 Columns: 8
── Column specification ────────────────────────────────────────────────────────
Delimiter: ","
chr (2): npic, condition
dbl (6): onset, design_onset, design_end, sub, round, trial

ℹ Use `spec()` to retrieve the full column specification for this data.
ℹ Specify the column types or set `show_col_types = FALSE` to quiet this message.
Rows: 1471 Columns: 8
── Column specification ────────────────────────────────────────────────────────
Delimiter: ","
chr (2): npic, condition
dbl (6): onset, design_onset, design_end, sub, round, trial

ℹ Use `spec()` to retrieve the full column specification for this data.
ℹ Specify the column types or set `show_col_types = FALSE` to quiet this message.
Rows: 1468 Columns: 8
── Column specification ────────────────────────────────────────────────────────
Delimiter: ","
chr (2): npic, condition
dbl (6): onset, design_onset, design_end, sub, round, trial

ℹ Use `spec()` to retrieve the full column specification for this data.
ℹ Specify the column types or set `show_col_types = FALSE` to quiet this message.
Rows: 1471 Columns: 8
── Column specification ────────────────────────────────────────────────────────
Delimiter: ","
chr (2): npic, condition
dbl (6): onset, design_onset, design_end, sub, round, trial

ℹ Use `spec()` to retrieve the full column specification for this data.
ℹ Specify the column types or set `show_col_types = FALSE` to quiet this message.
Rows: 1471 Columns: 8
── Column specification ────────────────────────────────────────────────────────
Delimiter: ","
chr (2): npic, condition
dbl (6): onset, design_onset, design_end, sub, round, trial

ℹ Use `spec()` to retrieve the full column specification for this data.
ℹ Specify the column types or set `show_col_types = FALSE` to quiet this message.
Rows: 1471 Columns: 8
── Column specification ────────────────────────────────────────────────────────
Delimiter: ","
chr (2): npic, condition
dbl (6): onset, design_onset, design_end, sub, round, trial

ℹ Use `spec()` to retrieve the full column specification for this data.
ℹ Specify the column types or set `show_col_types = FALSE` to quiet this message.
Rows: 1468 Columns: 8
── Column specification ────────────────────────────────────────────────────────
Delimiter: ","
chr (2): npic, condition
dbl (6): onset, design_onset, design_end, sub, round, trial

ℹ Use `spec()` to retrieve the full column specification for this data.
ℹ Specify the column types or set `show_col_types = FALSE` to quiet this message.
Rows: 1468 Columns: 8
── Column specification ────────────────────────────────────────────────────────
Delimiter: ","
chr (2): npic, condition
dbl (6): onset, design_onset, design_end, sub, round, trial

ℹ Use `spec()` to retrieve the full column specification for this data.
ℹ Specify the column types or set `show_col_types = FALSE` to quiet this message.
Rows: 1465 Columns: 8
── Column specification ────────────────────────────────────────────────────────
Delimiter: ","
chr (2): npic, condition
dbl (6): onset, design_onset, design_end, sub, round, trial

ℹ Use `spec()` to retrieve the full column specification for this data.
ℹ Specify the column types or set `show_col_types = FALSE` to quiet this message.
Rows: 1471 Columns: 8
── Column specification ────────────────────────────────────────────────────────
Delimiter: ","
chr (2): npic, condition
dbl (6): onset, design_onset, design_end, sub, round, trial

ℹ Use `spec()` to retrieve the full column specification for this data.
ℹ Specify the column types or set `show_col_types = FALSE` to quiet this message.
Rows: 1462 Columns: 8
── Column specification ────────────────────────────────────────────────────────
Delimiter: ","
chr (2): npic, condition
dbl (6): onset, design_onset, design_end, sub, round, trial

ℹ Use `spec()` to retrieve the full column specification for this data.
ℹ Specify the column types or set `show_col_types = FALSE` to quiet this message.
Rows: 1471 Columns: 8
── Column specification ────────────────────────────────────────────────────────
Delimiter: ","
chr (2): npic, condition
dbl (6): onset, design_onset, design_end, sub, round, trial

ℹ Use `spec()` to retrieve the full column specification for this data.
ℹ Specify the column types or set `show_col_types = FALSE` to quiet this message.
Rows: 1468 Columns: 8
── Column specification ────────────────────────────────────────────────────────
Delimiter: ","
chr (2): npic, condition
dbl (6): onset, design_onset, design_end, sub, round, trial

ℹ Use `spec()` to retrieve the full column specification for this data.
ℹ Specify the column types or set `show_col_types = FALSE` to quiet this message.
Rows: 1471 Columns: 8
── Column specification ────────────────────────────────────────────────────────
Delimiter: ","
chr (2): npic, condition
dbl (6): onset, design_onset, design_end, sub, round, trial

ℹ Use `spec()` to retrieve the full column specification for this data.
ℹ Specify the column types or set `show_col_types = FALSE` to quiet this message.
Rows: 1471 Columns: 8
── Column specification ────────────────────────────────────────────────────────
Delimiter: ","
chr (2): npic, condition
dbl (6): onset, design_onset, design_end, sub, round, trial

ℹ Use `spec()` to retrieve the full column specification for this data.
ℹ Specify the column types or set `show_col_types = FALSE` to quiet this message.
Rows: 1468 Columns: 8
── Column specification ────────────────────────────────────────────────────────
Delimiter: ","
chr (2): npic, condition
dbl (6): onset, design_onset, design_end, sub, round, trial

ℹ Use `spec()` to retrieve the full column specification for this data.
ℹ Specify the column types or set `show_col_types = FALSE` to quiet this message.
Warning message:
Problem while computing `int_pic = as.integer(n_pic)`.
ℹ NAs introduced by coercion 
`summarise()` has grouped output by 'sub', 'round', 'trial', 'pair', 'route',
'segment', 'valid'. You can override using the `.groups` argument.
New names:
• `` -> `...1`
Rows: 452 Columns: 134
── Column specification ────────────────────────────────────────────────────────
Delimiter: ","
chr   (3): run, sub, roi
dbl (131): ...1, 0, 1, 2, 3, 4, 5, 6, 7, 8, 9, 10, 11, 12, 13, 14, 15, 16, 1...

ℹ Use `spec()` to retrieve the full column specification for this data.
ℹ Specify the column types or set `show_col_types = FALSE` to quiet this message.
New names:
• `` -> `...1`
Rows: 452 Columns: 134
── Column specification ────────────────────────────────────────────────────────
Delimiter: ","
chr   (3): run, sub, roi
dbl (131): ...1, 0, 1, 2, 3, 4, 5, 6, 7, 8, 9, 10, 11, 12, 13, 14, 15, 16, 1...

ℹ Use `spec()` to retrieve the full column specification for this data.
ℹ Specify the column types or set `show_col_types = FALSE` to quiet this message.
New names:
• `` -> `...1`
Rows: 452 Columns: 134
── Column specification ────────────────────────────────────────────────────────
Delimiter: ","
chr   (3): run, sub, roi
dbl (131): ...1, 0, 1, 2, 3, 4, 5, 6, 7, 8, 9, 10, 11, 12, 13, 14, 15, 16, 1...

ℹ Use `spec()` to retrieve the full column specification for this data.
ℹ Specify the column types or set `show_col_types = FALSE` to quiet this message.
New names:
• `` -> `...1`
Rows: 452 Columns: 134
── Column specification ────────────────────────────────────────────────────────
Delimiter: ","
chr   (3): run, sub, roi
dbl (131): ...1, 0, 1, 2, 3, 4, 5, 6, 7, 8, 9, 10, 11, 12, 13, 14, 15, 16, 1...

ℹ Use `spec()` to retrieve the full column specification for this data.
ℹ Specify the column types or set `show_col_types = FALSE` to quiet this message.
New names:
• `` -> `...1`
Rows: 452 Columns: 134
── Column specification ────────────────────────────────────────────────────────
Delimiter: ","
chr   (3): run, sub, roi
dbl (131): ...1, 0, 1, 2, 3, 4, 5, 6, 7, 8, 9, 10, 11, 12, 13, 14, 15, 16, 1...

ℹ Use `spec()` to retrieve the full column specification for this data.
ℹ Specify the column types or set `show_col_types = FALSE` to quiet this message.
New names:
• `` -> `...1`
Rows: 452 Columns: 134
── Column specification ────────────────────────────────────────────────────────
Delimiter: ","
chr   (3): run, sub, roi
dbl (131): ...1, 0, 1, 2, 3, 4, 5, 6, 7, 8, 9, 10, 11, 12, 13, 14, 15, 16, 1...

ℹ Use `spec()` to retrieve the full column specification for this data.
ℹ Specify the column types or set `show_col_types = FALSE` to quiet this message.
New names:
• `` -> `...1`
Rows: 452 Columns: 134
── Column specification ────────────────────────────────────────────────────────
Delimiter: ","
chr   (3): run, sub, roi
dbl (131): ...1, 0, 1, 2, 3, 4, 5, 6, 7, 8, 9, 10, 11, 12, 13, 14, 15, 16, 1...

ℹ Use `spec()` to retrieve the full column specification for this data.
ℹ Specify the column types or set `show_col_types = FALSE` to quiet this message.
New names:
• `` -> `...1`
Rows: 452 Columns: 134
── Column specification ────────────────────────────────────────────────────────
Delimiter: ","
chr   (3): run, sub, roi
dbl (131): ...1, 0, 1, 2, 3, 4, 5, 6, 7, 8, 9, 10, 11, 12, 13, 14, 15, 16, 1...

ℹ Use `spec()` to retrieve the full column specification for this data.
ℹ Specify the column types or set `show_col_types = FALSE` to quiet this message.
New names:
• `` -> `...1`
Rows: 452 Columns: 134
── Column specification ────────────────────────────────────────────────────────
Delimiter: ","
chr   (3): run, sub, roi
dbl (131): ...1, 0, 1, 2, 3, 4, 5, 6, 7, 8, 9, 10, 11, 12, 13, 14, 15, 16, 1...

ℹ Use `spec()` to retrieve the full column specification for this data.
ℹ Specify the column types or set `show_col_types = FALSE` to quiet this message.
New names:
• `` -> `...1`
Rows: 452 Columns: 134
── Column specification ────────────────────────────────────────────────────────
Delimiter: ","
chr   (3): run, sub, roi
dbl (131): ...1, 0, 1, 2, 3, 4, 5, 6, 7, 8, 9, 10, 11, 12, 13, 14, 15, 16, 1...

ℹ Use `spec()` to retrieve the full column specification for this data.
ℹ Specify the column types or set `show_col_types = FALSE` to quiet this message.
New names:
• `` -> `...1`
Rows: 452 Columns: 108
── Column specification ────────────────────────────────────────────────────────
Delimiter: ","
chr   (3): run, sub, roi
dbl (105): ...1, 0, 1, 2, 3, 4, 5, 6, 7, 8, 9, 10, 11, 12, 13, 14, 15, 16, 1...

ℹ Use `spec()` to retrieve the full column specification for this data.
ℹ Specify the column types or set `show_col_types = FALSE` to quiet this message.
New names:
• `` -> `...1`
Rows: 452 Columns: 108
── Column specification ────────────────────────────────────────────────────────
Delimiter: ","
chr   (3): run, sub, roi
dbl (105): ...1, 0, 1, 2, 3, 4, 5, 6, 7, 8, 9, 10, 11, 12, 13, 14, 15, 16, 1...

ℹ Use `spec()` to retrieve the full column specification for this data.
ℹ Specify the column types or set `show_col_types = FALSE` to quiet this message.
New names:
• `` -> `...1`
Rows: 452 Columns: 108
── Column specification ────────────────────────────────────────────────────────
Delimiter: ","
chr   (3): run, sub, roi
dbl (105): ...1, 0, 1, 2, 3, 4, 5, 6, 7, 8, 9, 10, 11, 12, 13, 14, 15, 16, 1...

ℹ Use `spec()` to retrieve the full column specification for this data.
ℹ Specify the column types or set `show_col_types = FALSE` to quiet this message.
New names:
• `` -> `...1`
Rows: 452 Columns: 108
── Column specification ────────────────────────────────────────────────────────
Delimiter: ","
chr   (3): run, sub, roi
dbl (105): ...1, 0, 1, 2, 3, 4, 5, 6, 7, 8, 9, 10, 11, 12, 13, 14, 15, 16, 1...

ℹ Use `spec()` to retrieve the full column specification for this data.
ℹ Specify the column types or set `show_col_types = FALSE` to quiet this message.
New names:
• `` -> `...1`
Rows: 452 Columns: 108
── Column specification ────────────────────────────────────────────────────────
Delimiter: ","
chr   (3): run, sub, roi
dbl (105): ...1, 0, 1, 2, 3, 4, 5, 6, 7, 8, 9, 10, 11, 12, 13, 14, 15, 16, 1...

ℹ Use `spec()` to retrieve the full column specification for this data.
ℹ Specify the column types or set `show_col_types = FALSE` to quiet this message.
New names:
• `` -> `...1`
Rows: 452 Columns: 108
── Column specification ────────────────────────────────────────────────────────
Delimiter: ","
chr   (3): run, sub, roi
dbl (105): ...1, 0, 1, 2, 3, 4, 5, 6, 7, 8, 9, 10, 11, 12, 13, 14, 15, 16, 1...

ℹ Use `spec()` to retrieve the full column specification for this data.
ℹ Specify the column types or set `show_col_types = FALSE` to quiet this message.
New names:
• `` -> `...1`
Rows: 452 Columns: 108
── Column specification ────────────────────────────────────────────────────────
Delimiter: ","
chr   (3): run, sub, roi
dbl (105): ...1, 0, 1, 2, 3, 4, 5, 6, 7, 8, 9, 10, 11, 12, 13, 14, 15, 16, 1...

ℹ Use `spec()` to retrieve the full column specification for this data.
ℹ Specify the column types or set `show_col_types = FALSE` to quiet this message.
New names:
• `` -> `...1`
Rows: 452 Columns: 108
── Column specification ────────────────────────────────────────────────────────
Delimiter: ","
chr   (3): run, sub, roi
dbl (105): ...1, 0, 1, 2, 3, 4, 5, 6, 7, 8, 9, 10, 11, 12, 13, 14, 15, 16, 1...

ℹ Use `spec()` to retrieve the full column specification for this data.
ℹ Specify the column types or set `show_col_types = FALSE` to quiet this message.
New names:
• `` -> `...1`
Rows: 452 Columns: 108
── Column specification ────────────────────────────────────────────────────────
Delimiter: ","
chr   (3): run, sub, roi
dbl (105): ...1, 0, 1, 2, 3, 4, 5, 6, 7, 8, 9, 10, 11, 12, 13, 14, 15, 16, 1...

ℹ Use `spec()` to retrieve the full column specification for this data.
ℹ Specify the column types or set `show_col_types = FALSE` to quiet this message.
New names:
• `` -> `...1`
Rows: 452 Columns: 108
── Column specification ────────────────────────────────────────────────────────
Delimiter: ","
chr   (3): run, sub, roi
dbl (105): ...1, 0, 1, 2, 3, 4, 5, 6, 7, 8, 9, 10, 11, 12, 13, 14, 15, 16, 1...

ℹ Use `spec()` to retrieve the full column specification for this data.
ℹ Specify the column types or set `show_col_types = FALSE` to quiet this message.
New names:
• `` -> `...1`
Rows: 452 Columns: 129
── Column specification ────────────────────────────────────────────────────────
Delimiter: ","
chr   (3): run, sub, roi
dbl (126): ...1, 0, 1, 2, 3, 4, 5, 6, 7, 8, 9, 10, 11, 12, 13, 14, 15, 16, 1...

ℹ Use `spec()` to retrieve the full column specification for this data.
ℹ Specify the column types or set `show_col_types = FALSE` to quiet this message.
New names:
• `` -> `...1`
Rows: 452 Columns: 129
── Column specification ────────────────────────────────────────────────────────
Delimiter: ","
chr   (3): run, sub, roi
dbl (126): ...1, 0, 1, 2, 3, 4, 5, 6, 7, 8, 9, 10, 11, 12, 13, 14, 15, 16, 1...

ℹ Use `spec()` to retrieve the full column specification for this data.
ℹ Specify the column types or set `show_col_types = FALSE` to quiet this message.
New names:
• `` -> `...1`
Rows: 452 Columns: 129
── Column specification ────────────────────────────────────────────────────────
Delimiter: ","
chr   (3): run, sub, roi
dbl (126): ...1, 0, 1, 2, 3, 4, 5, 6, 7, 8, 9, 10, 11, 12, 13, 14, 15, 16, 1...

ℹ Use `spec()` to retrieve the full column specification for this data.
ℹ Specify the column types or set `show_col_types = FALSE` to quiet this message.
New names:
• `` -> `...1`
Rows: 452 Columns: 129
── Column specification ────────────────────────────────────────────────────────
Delimiter: ","
chr   (3): run, sub, roi
dbl (126): ...1, 0, 1, 2, 3, 4, 5, 6, 7, 8, 9, 10, 11, 12, 13, 14, 15, 16, 1...

ℹ Use `spec()` to retrieve the full column specification for this data.
ℹ Specify the column types or set `show_col_types = FALSE` to quiet this message.
New names:
• `` -> `...1`
Rows: 452 Columns: 129
── Column specification ────────────────────────────────────────────────────────
Delimiter: ","
chr   (3): run, sub, roi
dbl (126): ...1, 0, 1, 2, 3, 4, 5, 6, 7, 8, 9, 10, 11, 12, 13, 14, 15, 16, 1...

ℹ Use `spec()` to retrieve the full column specification for this data.
ℹ Specify the column types or set `show_col_types = FALSE` to quiet this message.
New names:
• `` -> `...1`
Rows: 452 Columns: 129
── Column specification ────────────────────────────────────────────────────────
Delimiter: ","
chr   (3): run, sub, roi
dbl (126): ...1, 0, 1, 2, 3, 4, 5, 6, 7, 8, 9, 10, 11, 12, 13, 14, 15, 16, 1...

ℹ Use `spec()` to retrieve the full column specification for this data.
ℹ Specify the column types or set `show_col_types = FALSE` to quiet this message.
New names:
• `` -> `...1`
Rows: 452 Columns: 129
── Column specification ────────────────────────────────────────────────────────
Delimiter: ","
chr   (3): run, sub, roi
dbl (126): ...1, 0, 1, 2, 3, 4, 5, 6, 7, 8, 9, 10, 11, 12, 13, 14, 15, 16, 1...

ℹ Use `spec()` to retrieve the full column specification for this data.
ℹ Specify the column types or set `show_col_types = FALSE` to quiet this message.
New names:
• `` -> `...1`
Rows: 452 Columns: 129
── Column specification ────────────────────────────────────────────────────────
Delimiter: ","
chr   (3): run, sub, roi
dbl (126): ...1, 0, 1, 2, 3, 4, 5, 6, 7, 8, 9, 10, 11, 12, 13, 14, 15, 16, 1...

ℹ Use `spec()` to retrieve the full column specification for this data.
ℹ Specify the column types or set `show_col_types = FALSE` to quiet this message.
New names:
• `` -> `...1`
Rows: 452 Columns: 129
── Column specification ────────────────────────────────────────────────────────
Delimiter: ","
chr   (3): run, sub, roi
dbl (126): ...1, 0, 1, 2, 3, 4, 5, 6, 7, 8, 9, 10, 11, 12, 13, 14, 15, 16, 1...

ℹ Use `spec()` to retrieve the full column specification for this data.
ℹ Specify the column types or set `show_col_types = FALSE` to quiet this message.
New names:
• `` -> `...1`
Rows: 452 Columns: 129
── Column specification ────────────────────────────────────────────────────────
Delimiter: ","
chr   (3): run, sub, roi
dbl (126): ...1, 0, 1, 2, 3, 4, 5, 6, 7, 8, 9, 10, 11, 12, 13, 14, 15, 16, 1...

ℹ Use `spec()` to retrieve the full column specification for this data.
ℹ Specify the column types or set `show_col_types = FALSE` to quiet this message.
New names:
• `` -> `...1`
Rows: 452 Columns: 117
── Column specification ────────────────────────────────────────────────────────
Delimiter: ","
chr   (3): run, sub, roi
dbl (114): ...1, 0, 1, 2, 3, 4, 5, 6, 7, 8, 9, 10, 11, 12, 13, 14, 15, 16, 1...

ℹ Use `spec()` to retrieve the full column specification for this data.
ℹ Specify the column types or set `show_col_types = FALSE` to quiet this message.
New names:
• `` -> `...1`
Rows: 452 Columns: 117
── Column specification ────────────────────────────────────────────────────────
Delimiter: ","
chr   (3): run, sub, roi
dbl (114): ...1, 0, 1, 2, 3, 4, 5, 6, 7, 8, 9, 10, 11, 12, 13, 14, 15, 16, 1...

ℹ Use `spec()` to retrieve the full column specification for this data.
ℹ Specify the column types or set `show_col_types = FALSE` to quiet this message.
New names:
• `` -> `...1`
Rows: 452 Columns: 117
── Column specification ────────────────────────────────────────────────────────
Delimiter: ","
chr   (3): run, sub, roi
dbl (114): ...1, 0, 1, 2, 3, 4, 5, 6, 7, 8, 9, 10, 11, 12, 13, 14, 15, 16, 1...

ℹ Use `spec()` to retrieve the full column specification for this data.
ℹ Specify the column types or set `show_col_types = FALSE` to quiet this message.
New names:
• `` -> `...1`
Rows: 452 Columns: 117
── Column specification ────────────────────────────────────────────────────────
Delimiter: ","
chr   (3): run, sub, roi
dbl (114): ...1, 0, 1, 2, 3, 4, 5, 6, 7, 8, 9, 10, 11, 12, 13, 14, 15, 16, 1...

ℹ Use `spec()` to retrieve the full column specification for this data.
ℹ Specify the column types or set `show_col_types = FALSE` to quiet this message.
New names:
• `` -> `...1`
Rows: 452 Columns: 117
── Column specification ────────────────────────────────────────────────────────
Delimiter: ","
chr   (3): run, sub, roi
dbl (114): ...1, 0, 1, 2, 3, 4, 5, 6, 7, 8, 9, 10, 11, 12, 13, 14, 15, 16, 1...

ℹ Use `spec()` to retrieve the full column specification for this data.
ℹ Specify the column types or set `show_col_types = FALSE` to quiet this message.
New names:
• `` -> `...1`
Rows: 452 Columns: 117
── Column specification ────────────────────────────────────────────────────────
Delimiter: ","
chr   (3): run, sub, roi
dbl (114): ...1, 0, 1, 2, 3, 4, 5, 6, 7, 8, 9, 10, 11, 12, 13, 14, 15, 16, 1...

ℹ Use `spec()` to retrieve the full column specification for this data.
ℹ Specify the column types or set `show_col_types = FALSE` to quiet this message.
New names:
• `` -> `...1`
Rows: 452 Columns: 117
── Column specification ────────────────────────────────────────────────────────
Delimiter: ","
chr   (3): run, sub, roi
dbl (114): ...1, 0, 1, 2, 3, 4, 5, 6, 7, 8, 9, 10, 11, 12, 13, 14, 15, 16, 1...

ℹ Use `spec()` to retrieve the full column specification for this data.
ℹ Specify the column types or set `show_col_types = FALSE` to quiet this message.
New names:
• `` -> `...1`
Rows: 452 Columns: 117
── Column specification ────────────────────────────────────────────────────────
Delimiter: ","
chr   (3): run, sub, roi
dbl (114): ...1, 0, 1, 2, 3, 4, 5, 6, 7, 8, 9, 10, 11, 12, 13, 14, 15, 16, 1...

ℹ Use `spec()` to retrieve the full column specification for this data.
ℹ Specify the column types or set `show_col_types = FALSE` to quiet this message.
New names:
• `` -> `...1`
Rows: 452 Columns: 117
── Column specification ────────────────────────────────────────────────────────
Delimiter: ","
chr   (3): run, sub, roi
dbl (114): ...1, 0, 1, 2, 3, 4, 5, 6, 7, 8, 9, 10, 11, 12, 13, 14, 15, 16, 1...

ℹ Use `spec()` to retrieve the full column specification for this data.
ℹ Specify the column types or set `show_col_types = FALSE` to quiet this message.
New names:
• `` -> `...1`
Rows: 452 Columns: 117
── Column specification ────────────────────────────────────────────────────────
Delimiter: ","
chr   (3): run, sub, roi
dbl (114): ...1, 0, 1, 2, 3, 4, 5, 6, 7, 8, 9, 10, 11, 12, 13, 14, 15, 16, 1...

ℹ Use `spec()` to retrieve the full column specification for this data.
ℹ Specify the column types or set `show_col_types = FALSE` to quiet this message.
New names:
• `` -> `...1`
Rows: 452 Columns: 115
── Column specification ────────────────────────────────────────────────────────
Delimiter: ","
chr   (3): run, sub, roi
dbl (112): ...1, 0, 1, 2, 3, 4, 5, 6, 7, 8, 9, 10, 11, 12, 13, 14, 15, 16, 1...

ℹ Use `spec()` to retrieve the full column specification for this data.
ℹ Specify the column types or set `show_col_types = FALSE` to quiet this message.
New names:
• `` -> `...1`
Rows: 452 Columns: 115
── Column specification ────────────────────────────────────────────────────────
Delimiter: ","
chr   (3): run, sub, roi
dbl (112): ...1, 0, 1, 2, 3, 4, 5, 6, 7, 8, 9, 10, 11, 12, 13, 14, 15, 16, 1...

ℹ Use `spec()` to retrieve the full column specification for this data.
ℹ Specify the column types or set `show_col_types = FALSE` to quiet this message.
New names:
• `` -> `...1`
Rows: 452 Columns: 115
── Column specification ────────────────────────────────────────────────────────
Delimiter: ","
chr   (3): run, sub, roi
dbl (112): ...1, 0, 1, 2, 3, 4, 5, 6, 7, 8, 9, 10, 11, 12, 13, 14, 15, 16, 1...

ℹ Use `spec()` to retrieve the full column specification for this data.
ℹ Specify the column types or set `show_col_types = FALSE` to quiet this message.
New names:
• `` -> `...1`
Rows: 452 Columns: 115
── Column specification ────────────────────────────────────────────────────────
Delimiter: ","
chr   (3): run, sub, roi
dbl (112): ...1, 0, 1, 2, 3, 4, 5, 6, 7, 8, 9, 10, 11, 12, 13, 14, 15, 16, 1...

ℹ Use `spec()` to retrieve the full column specification for this data.
ℹ Specify the column types or set `show_col_types = FALSE` to quiet this message.
New names:
• `` -> `...1`
Rows: 452 Columns: 115
── Column specification ────────────────────────────────────────────────────────
Delimiter: ","
chr   (3): run, sub, roi
dbl (112): ...1, 0, 1, 2, 3, 4, 5, 6, 7, 8, 9, 10, 11, 12, 13, 14, 15, 16, 1...

ℹ Use `spec()` to retrieve the full column specification for this data.
ℹ Specify the column types or set `show_col_types = FALSE` to quiet this message.
New names:
• `` -> `...1`
Rows: 452 Columns: 115
── Column specification ────────────────────────────────────────────────────────
Delimiter: ","
chr   (3): run, sub, roi
dbl (112): ...1, 0, 1, 2, 3, 4, 5, 6, 7, 8, 9, 10, 11, 12, 13, 14, 15, 16, 1...

ℹ Use `spec()` to retrieve the full column specification for this data.
ℹ Specify the column types or set `show_col_types = FALSE` to quiet this message.
New names:
• `` -> `...1`
Rows: 452 Columns: 115
── Column specification ────────────────────────────────────────────────────────
Delimiter: ","
chr   (3): run, sub, roi
dbl (112): ...1, 0, 1, 2, 3, 4, 5, 6, 7, 8, 9, 10, 11, 12, 13, 14, 15, 16, 1...

ℹ Use `spec()` to retrieve the full column specification for this data.
ℹ Specify the column types or set `show_col_types = FALSE` to quiet this message.
New names:
• `` -> `...1`
Rows: 452 Columns: 115
── Column specification ────────────────────────────────────────────────────────
Delimiter: ","
chr   (3): run, sub, roi
dbl (112): ...1, 0, 1, 2, 3, 4, 5, 6, 7, 8, 9, 10, 11, 12, 13, 14, 15, 16, 1...

ℹ Use `spec()` to retrieve the full column specification for this data.
ℹ Specify the column types or set `show_col_types = FALSE` to quiet this message.
New names:
• `` -> `...1`
Rows: 452 Columns: 115
── Column specification ────────────────────────────────────────────────────────
Delimiter: ","
chr   (3): run, sub, roi
dbl (112): ...1, 0, 1, 2, 3, 4, 5, 6, 7, 8, 9, 10, 11, 12, 13, 14, 15, 16, 1...

ℹ Use `spec()` to retrieve the full column specification for this data.
ℹ Specify the column types or set `show_col_types = FALSE` to quiet this message.
New names:
• `` -> `...1`
Rows: 452 Columns: 115
── Column specification ────────────────────────────────────────────────────────
Delimiter: ","
chr   (3): run, sub, roi
dbl (112): ...1, 0, 1, 2, 3, 4, 5, 6, 7, 8, 9, 10, 11, 12, 13, 14, 15, 16, 1...

ℹ Use `spec()` to retrieve the full column specification for this data.
ℹ Specify the column types or set `show_col_types = FALSE` to quiet this message.
New names:
• `` -> `...1`
Rows: 452 Columns: 104
── Column specification ────────────────────────────────────────────────────────
Delimiter: ","
chr   (3): run, sub, roi
dbl (101): ...1, 0, 1, 2, 3, 4, 5, 6, 7, 8, 9, 10, 11, 12, 13, 14, 15, 16, 1...

ℹ Use `spec()` to retrieve the full column specification for this data.
ℹ Specify the column types or set `show_col_types = FALSE` to quiet this message.
New names:
• `` -> `...1`
Rows: 452 Columns: 104
── Column specification ────────────────────────────────────────────────────────
Delimiter: ","
chr   (3): run, sub, roi
dbl (101): ...1, 0, 1, 2, 3, 4, 5, 6, 7, 8, 9, 10, 11, 12, 13, 14, 15, 16, 1...

ℹ Use `spec()` to retrieve the full column specification for this data.
ℹ Specify the column types or set `show_col_types = FALSE` to quiet this message.
New names:
• `` -> `...1`
Rows: 452 Columns: 104
── Column specification ────────────────────────────────────────────────────────
Delimiter: ","
chr   (3): run, sub, roi
dbl (101): ...1, 0, 1, 2, 3, 4, 5, 6, 7, 8, 9, 10, 11, 12, 13, 14, 15, 16, 1...

ℹ Use `spec()` to retrieve the full column specification for this data.
ℹ Specify the column types or set `show_col_types = FALSE` to quiet this message.
New names:
• `` -> `...1`
Rows: 452 Columns: 104
── Column specification ────────────────────────────────────────────────────────
Delimiter: ","
chr   (3): run, sub, roi
dbl (101): ...1, 0, 1, 2, 3, 4, 5, 6, 7, 8, 9, 10, 11, 12, 13, 14, 15, 16, 1...

ℹ Use `spec()` to retrieve the full column specification for this data.
ℹ Specify the column types or set `show_col_types = FALSE` to quiet this message.
New names:
• `` -> `...1`
Rows: 452 Columns: 104
── Column specification ────────────────────────────────────────────────────────
Delimiter: ","
chr   (3): run, sub, roi
dbl (101): ...1, 0, 1, 2, 3, 4, 5, 6, 7, 8, 9, 10, 11, 12, 13, 14, 15, 16, 1...

ℹ Use `spec()` to retrieve the full column specification for this data.
ℹ Specify the column types or set `show_col_types = FALSE` to quiet this message.
New names:
• `` -> `...1`
Rows: 452 Columns: 104
── Column specification ────────────────────────────────────────────────────────
Delimiter: ","
chr   (3): run, sub, roi
dbl (101): ...1, 0, 1, 2, 3, 4, 5, 6, 7, 8, 9, 10, 11, 12, 13, 14, 15, 16, 1...

ℹ Use `spec()` to retrieve the full column specification for this data.
ℹ Specify the column types or set `show_col_types = FALSE` to quiet this message.
New names:
• `` -> `...1`
Rows: 452 Columns: 104
── Column specification ────────────────────────────────────────────────────────
Delimiter: ","
chr   (3): run, sub, roi
dbl (101): ...1, 0, 1, 2, 3, 4, 5, 6, 7, 8, 9, 10, 11, 12, 13, 14, 15, 16, 1...

ℹ Use `spec()` to retrieve the full column specification for this data.
ℹ Specify the column types or set `show_col_types = FALSE` to quiet this message.
New names:
• `` -> `...1`
Rows: 452 Columns: 104
── Column specification ────────────────────────────────────────────────────────
Delimiter: ","
chr   (3): run, sub, roi
dbl (101): ...1, 0, 1, 2, 3, 4, 5, 6, 7, 8, 9, 10, 11, 12, 13, 14, 15, 16, 1...

ℹ Use `spec()` to retrieve the full column specification for this data.
ℹ Specify the column types or set `show_col_types = FALSE` to quiet this message.
New names:
• `` -> `...1`
Rows: 452 Columns: 104
── Column specification ────────────────────────────────────────────────────────
Delimiter: ","
chr   (3): run, sub, roi
dbl (101): ...1, 0, 1, 2, 3, 4, 5, 6, 7, 8, 9, 10, 11, 12, 13, 14, 15, 16, 1...

ℹ Use `spec()` to retrieve the full column specification for this data.
ℹ Specify the column types or set `show_col_types = FALSE` to quiet this message.
New names:
• `` -> `...1`
Rows: 452 Columns: 104
── Column specification ────────────────────────────────────────────────────────
Delimiter: ","
chr   (3): run, sub, roi
dbl (101): ...1, 0, 1, 2, 3, 4, 5, 6, 7, 8, 9, 10, 11, 12, 13, 14, 15, 16, 1...

ℹ Use `spec()` to retrieve the full column specification for this data.
ℹ Specify the column types or set `show_col_types = FALSE` to quiet this message.
There were 50 or more warnings (use warnings() to see the first 50)
