[1] "Running on cluster: TRUE"
[1] "/home/wanjiag/projects/MONSTERA/derivatives/csv_files/behavior/sub06/sub06_scan10_timing_2022_Apr_19_1505.csv"
[1] "/home/wanjiag/projects/MONSTERA/derivatives/csv_files/behavior/sub06/sub06_scan1_timing_2022_Apr_19_1505.csv"
[1] "/home/wanjiag/projects/MONSTERA/derivatives/csv_files/behavior/sub06/sub06_scan2_timing_2022_Apr_19_1505.csv"
[1] "/home/wanjiag/projects/MONSTERA/derivatives/csv_files/behavior/sub06/sub06_scan3_timing_2022_Apr_19_1505.csv"
[1] "/home/wanjiag/projects/MONSTERA/derivatives/csv_files/behavior/sub06/sub06_scan4_timing_2022_Apr_19_1505.csv"
[1] "/home/wanjiag/projects/MONSTERA/derivatives/csv_files/behavior/sub06/sub06_scan5_timing_2022_Apr_19_1505.csv"
[1] "/home/wanjiag/projects/MONSTERA/derivatives/csv_files/behavior/sub06/sub06_scan6_timing_2022_Apr_19_1505.csv"
[1] "/home/wanjiag/projects/MONSTERA/derivatives/csv_files/behavior/sub06/sub06_scan7_timing_2022_Apr_19_1505.csv"
[1] "/home/wanjiag/projects/MONSTERA/derivatives/csv_files/behavior/sub06/sub06_scan8_timing_2022_Apr_19_1505.csv"
[1] "/home/wanjiag/projects/MONSTERA/derivatives/csv_files/behavior/sub06/sub06_scan9_timing_2022_Apr_19_1505.csv"
[1] "/home/wanjiag/projects/MONSTERA/derivatives/csv_files/behavior/sub07/sub07_scan10_timing_2022_Apr_21_1443.csv"
[1] "/home/wanjiag/projects/MONSTERA/derivatives/csv_files/behavior/sub07/sub07_scan1_timing_2022_Apr_21_1443.csv"
[1] "/home/wanjiag/projects/MONSTERA/derivatives/csv_files/behavior/sub07/sub07_scan2_timing_2022_Apr_21_1443.csv"
[1] "/home/wanjiag/projects/MONSTERA/derivatives/csv_files/behavior/sub07/sub07_scan3_timing_2022_Apr_21_1443.csv"
[1] "/home/wanjiag/projects/MONSTERA/derivatives/csv_files/behavior/sub07/sub07_scan4_timing_2022_Apr_21_1443.csv"
[1] "/home/wanjiag/projects/MONSTERA/derivatives/csv_files/behavior/sub07/sub07_scan5_timing_2022_Apr_21_1443.csv"
[1] "/home/wanjiag/projects/MONSTERA/derivatives/csv_files/behavior/sub07/sub07_scan6_timing_2022_Apr_21_1443.csv"
[1] "/home/wanjiag/projects/MONSTERA/derivatives/csv_files/behavior/sub07/sub07_scan7_timing_2022_Apr_21_1443.csv"
[1] "/home/wanjiag/projects/MONSTERA/derivatives/csv_files/behavior/sub07/sub07_scan8_timing_2022_Apr_21_1443.csv"
[1] "/home/wanjiag/projects/MONSTERA/derivatives/csv_files/behavior/sub07/sub07_scan9_timing_2022_Apr_21_1443.csv"
[1] "/home/wanjiag/projects/MONSTERA/derivatives/csv_files/behavior/sub08/sub08_scan10_timing_2022_Apr_28_1042.csv"
[1] "/home/wanjiag/projects/MONSTERA/derivatives/csv_files/behavior/sub08/sub08_scan1_timing_2022_Apr_28_1042.csv"
[1] "/home/wanjiag/projects/MONSTERA/derivatives/csv_files/behavior/sub08/sub08_scan2_timing_2022_Apr_28_1042.csv"
[1] "/home/wanjiag/projects/MONSTERA/derivatives/csv_files/behavior/sub08/sub08_scan3_timing_2022_Apr_28_1042.csv"
[1] "/home/wanjiag/projects/MONSTERA/derivatives/csv_files/behavior/sub08/sub08_scan4_timing_2022_Apr_28_1042.csv"
[1] "/home/wanjiag/projects/MONSTERA/derivatives/csv_files/behavior/sub08/sub08_scan5_timing_2022_Apr_28_1042.csv"
[1] "/home/wanjiag/projects/MONSTERA/derivatives/csv_files/behavior/sub08/sub08_scan6_timing_2022_Apr_28_1042.csv"
[1] "/home/wanjiag/projects/MONSTERA/derivatives/csv_files/behavior/sub08/sub08_scan7_timing_2022_Apr_28_1042.csv"
[1] "/home/wanjiag/projects/MONSTERA/derivatives/csv_files/behavior/sub08/sub08_scan8_timing_2022_Apr_28_1042.csv"
[1] "/home/wanjiag/projects/MONSTERA/derivatives/csv_files/behavior/sub08/sub08_scan9_timing_2022_Apr_28_1042.csv"
[1] "/home/wanjiag/projects/MONSTERA/derivatives/csv_files/behavior/sub09/sub09_scan10_timing_2022_Apr_29_1015.csv"
[1] "/home/wanjiag/projects/MONSTERA/derivatives/csv_files/behavior/sub09/sub09_scan1_timing_2022_Apr_29_1015.csv"
[1] "/home/wanjiag/projects/MONSTERA/derivatives/csv_files/behavior/sub09/sub09_scan2_timing_2022_Apr_29_1015.csv"
[1] "/home/wanjiag/projects/MONSTERA/derivatives/csv_files/behavior/sub09/sub09_scan3_timing_2022_Apr_29_1015.csv"
[1] "/home/wanjiag/projects/MONSTERA/derivatives/csv_files/behavior/sub09/sub09_scan4_timing_2022_Apr_29_1015.csv"
[1] "/home/wanjiag/projects/MONSTERA/derivatives/csv_files/behavior/sub09/sub09_scan5_timing_2022_Apr_29_1015.csv"
[1] "/home/wanjiag/projects/MONSTERA/derivatives/csv_files/behavior/sub09/sub09_scan6_timing_2022_Apr_29_1015.csv"
[1] "/home/wanjiag/projects/MONSTERA/derivatives/csv_files/behavior/sub09/sub09_scan7_timing_2022_Apr_29_1015.csv"
[1] "/home/wanjiag/projects/MONSTERA/derivatives/csv_files/behavior/sub09/sub09_scan8_timing_2022_Apr_29_1015.csv"
[1] "/home/wanjiag/projects/MONSTERA/derivatives/csv_files/behavior/sub09/sub09_scan9_timing_2022_Apr_29_1015.csv"
[1] "/home/wanjiag/projects/MONSTERA/derivatives/csv_files/behavior/sub10/sub10_scan10_timing_2022_May_03_1017.csv"
[1] "/home/wanjiag/projects/MONSTERA/derivatives/csv_files/behavior/sub10/sub10_scan1_timing_2022_May_03_1017.csv"
[1] "/home/wanjiag/projects/MONSTERA/derivatives/csv_files/behavior/sub10/sub10_scan2_timing_2022_May_03_1017.csv"
[1] "/home/wanjiag/projects/MONSTERA/derivatives/csv_files/behavior/sub10/sub10_scan3_timing_2022_May_03_1017.csv"
[1] "/home/wanjiag/projects/MONSTERA/derivatives/csv_files/behavior/sub10/sub10_scan4_timing_2022_May_03_1017.csv"
[1] "/home/wanjiag/projects/MONSTERA/derivatives/csv_files/behavior/sub10/sub10_scan5_timing_2022_May_03_1017.csv"
[1] "/home/wanjiag/projects/MONSTERA/derivatives/csv_files/behavior/sub10/sub10_scan6_timing_2022_May_03_1017.csv"
[1] "/home/wanjiag/projects/MONSTERA/derivatives/csv_files/behavior/sub10/sub10_scan7_timing_2022_May_03_1017.csv"
[1] "/home/wanjiag/projects/MONSTERA/derivatives/csv_files/behavior/sub10/sub10_scan8_timing_2022_May_03_1017.csv"
[1] "/home/wanjiag/projects/MONSTERA/derivatives/csv_files/behavior/sub10/sub10_scan9_timing_2022_May_03_1017.csv"
[1] "/home/wanjiag/projects/MONSTERA/derivatives/csv_files/behavior/sub11/sub11_scan10_timing_2022_May_04_1503.csv"
[1] "/home/wanjiag/projects/MONSTERA/derivatives/csv_files/behavior/sub11/sub11_scan1_timing_2022_May_04_1503.csv"
[1] "/home/wanjiag/projects/MONSTERA/derivatives/csv_files/behavior/sub11/sub11_scan2_timing_2022_May_04_1503.csv"
[1] "/home/wanjiag/projects/MONSTERA/derivatives/csv_files/behavior/sub11/sub11_scan3_timing_2022_May_04_1503.csv"
[1] "/home/wanjiag/projects/MONSTERA/derivatives/csv_files/behavior/sub11/sub11_scan4_timing_2022_May_04_1503.csv"
[1] "/home/wanjiag/projects/MONSTERA/derivatives/csv_files/behavior/sub11/sub11_scan5_timing_2022_May_04_1503.csv"
[1] "/home/wanjiag/projects/MONSTERA/derivatives/csv_files/behavior/sub11/sub11_scan6_timing_2022_May_04_1503.csv"
[1] "/home/wanjiag/projects/MONSTERA/derivatives/csv_files/behavior/sub11/sub11_scan7_timing_2022_May_04_1503.csv"
[1] "/home/wanjiag/projects/MONSTERA/derivatives/csv_files/behavior/sub11/sub11_scan8_timing_2022_May_04_1503.csv"
[1] "/home/wanjiag/projects/MONSTERA/derivatives/csv_files/behavior/sub11/sub11_scan9_timing_2022_May_04_1503.csv"
[1] "/home/wanjiag/projects/MONSTERA/derivatives/csv_files/behavior/sub12/sub12_scan10_timing_2022_May_23_1503.csv"
[1] "/home/wanjiag/projects/MONSTERA/derivatives/csv_files/behavior/sub12/sub12_scan1_timing_2022_May_23_1503.csv"
[1] "/home/wanjiag/projects/MONSTERA/derivatives/csv_files/behavior/sub12/sub12_scan2_timing_2022_May_23_1503.csv"
[1] "/home/wanjiag/projects/MONSTERA/derivatives/csv_files/behavior/sub12/sub12_scan3_timing_2022_May_23_1503.csv"
[1] "/home/wanjiag/projects/MONSTERA/derivatives/csv_files/behavior/sub12/sub12_scan4_timing_2022_May_23_1503.csv"
[1] "/home/wanjiag/projects/MONSTERA/derivatives/csv_files/behavior/sub12/sub12_scan5_timing_2022_May_23_1503.csv"
[1] "/home/wanjiag/projects/MONSTERA/derivatives/csv_files/behavior/sub12/sub12_scan6_timing_2022_May_23_1503.csv"
[1] "/home/wanjiag/projects/MONSTERA/derivatives/csv_files/behavior/sub12/sub12_scan7_timing_2022_May_23_1503.csv"
[1] "/home/wanjiag/projects/MONSTERA/derivatives/csv_files/behavior/sub12/sub12_scan8_timing_2022_May_23_1503.csv"
[1] "/home/wanjiag/projects/MONSTERA/derivatives/csv_files/behavior/sub12/sub12_scan9_timing_2022_May_23_1503.csv"
[1] "/home/wanjiag/projects/MONSTERA/derivatives/csv_files/behavior/sub13/sub13_scan10_timing_2022_May_24_1030.csv"
[1] "/home/wanjiag/projects/MONSTERA/derivatives/csv_files/behavior/sub13/sub13_scan1_timing_2022_May_24_1030.csv"
[1] "/home/wanjiag/projects/MONSTERA/derivatives/csv_files/behavior/sub13/sub13_scan2_timing_2022_May_24_1030.csv"
[1] "/home/wanjiag/projects/MONSTERA/derivatives/csv_files/behavior/sub13/sub13_scan3_timing_2022_May_24_1030.csv"
[1] "/home/wanjiag/projects/MONSTERA/derivatives/csv_files/behavior/sub13/sub13_scan4_timing_2022_May_24_1030.csv"
[1] "/home/wanjiag/projects/MONSTERA/derivatives/csv_files/behavior/sub13/sub13_scan5_timing_2022_May_24_1030.csv"
[1] "/home/wanjiag/projects/MONSTERA/derivatives/csv_files/behavior/sub13/sub13_scan6_timing_2022_May_24_1030.csv"
[1] "/home/wanjiag/projects/MONSTERA/derivatives/csv_files/behavior/sub13/sub13_scan7_timing_2022_May_24_1030.csv"
[1] "/home/wanjiag/projects/MONSTERA/derivatives/csv_files/behavior/sub13/sub13_scan8_timing_2022_May_24_1030.csv"
[1] "/home/wanjiag/projects/MONSTERA/derivatives/csv_files/behavior/sub13/sub13_scan9_timing_2022_May_24_1030.csv"
[1] "/home/wanjiag/projects/MONSTERA/derivatives/csv_files/behavior/sub14/sub14_scan10_timing_2022_May_25_1539.csv"
[1] "/home/wanjiag/projects/MONSTERA/derivatives/csv_files/behavior/sub14/sub14_scan1_timing_2022_May_25_1432.csv"
[1] "/home/wanjiag/projects/MONSTERA/derivatives/csv_files/behavior/sub14/sub14_scan2_timing_2022_May_25_1432.csv"
[1] "/home/wanjiag/projects/MONSTERA/derivatives/csv_files/behavior/sub14/sub14_scan3_timing_2022_May_25_1432.csv"
[1] "/home/wanjiag/projects/MONSTERA/derivatives/csv_files/behavior/sub14/sub14_scan4_timing_2022_May_25_1432.csv"
[1] "/home/wanjiag/projects/MONSTERA/derivatives/csv_files/behavior/sub14/sub14_scan5_timing_2022_May_25_1432.csv"
[1] "/home/wanjiag/projects/MONSTERA/derivatives/csv_files/behavior/sub14/sub14_scan6_timing_2022_May_25_1432.csv"
[1] "/home/wanjiag/projects/MONSTERA/derivatives/csv_files/behavior/sub14/sub14_scan7_timing_2022_May_25_1539.csv"
[1] "/home/wanjiag/projects/MONSTERA/derivatives/csv_files/behavior/sub14/sub14_scan8_timing_2022_May_25_1539.csv"
[1] "/home/wanjiag/projects/MONSTERA/derivatives/csv_files/behavior/sub14/sub14_scan9_timing_2022_May_25_1539.csv"
[1] "/home/wanjiag/projects/MONSTERA/derivatives/csv_files/behavior/sub15/sub15_scan10_timing_2022_Jun_13_1353.csv"
[1] "/home/wanjiag/projects/MONSTERA/derivatives/csv_files/behavior/sub15/sub15_scan1_timing_2022_Jun_13_1353.csv"
[1] "/home/wanjiag/projects/MONSTERA/derivatives/csv_files/behavior/sub15/sub15_scan2_timing_2022_Jun_13_1353.csv"
[1] "/home/wanjiag/projects/MONSTERA/derivatives/csv_files/behavior/sub15/sub15_scan3_timing_2022_Jun_13_1353.csv"
[1] "/home/wanjiag/projects/MONSTERA/derivatives/csv_files/behavior/sub15/sub15_scan4_timing_2022_Jun_13_1353.csv"
[1] "/home/wanjiag/projects/MONSTERA/derivatives/csv_files/behavior/sub15/sub15_scan5_timing_2022_Jun_13_1353.csv"
[1] "/home/wanjiag/projects/MONSTERA/derivatives/csv_files/behavior/sub15/sub15_scan6_timing_2022_Jun_13_1353.csv"
[1] "/home/wanjiag/projects/MONSTERA/derivatives/csv_files/behavior/sub15/sub15_scan7_timing_2022_Jun_13_1353.csv"
[1] "/home/wanjiag/projects/MONSTERA/derivatives/csv_files/behavior/sub15/sub15_scan8_timing_2022_Jun_13_1353.csv"
[1] "/home/wanjiag/projects/MONSTERA/derivatives/csv_files/behavior/sub15/sub15_scan9_timing_2022_Jun_13_1353.csv"
[1] "/home/wanjiag/projects/MONSTERA/derivatives/csv_files/behavior/sub16/sub16_scan10_timing_2022_Aug_02_1124.csv"
[1] "/home/wanjiag/projects/MONSTERA/derivatives/csv_files/behavior/sub16/sub16_scan1_timing_2022_Aug_02_1124.csv"
[1] "/home/wanjiag/projects/MONSTERA/derivatives/csv_files/behavior/sub16/sub16_scan2_timing_2022_Aug_02_1124.csv"
[1] "/home/wanjiag/projects/MONSTERA/derivatives/csv_files/behavior/sub16/sub16_scan3_timing_2022_Aug_02_1124.csv"
[1] "/home/wanjiag/projects/MONSTERA/derivatives/csv_files/behavior/sub16/sub16_scan4_timing_2022_Aug_02_1124.csv"
[1] "/home/wanjiag/projects/MONSTERA/derivatives/csv_files/behavior/sub16/sub16_scan5_timing_2022_Aug_02_1124.csv"
[1] "/home/wanjiag/projects/MONSTERA/derivatives/csv_files/behavior/sub16/sub16_scan6_timing_2022_Aug_02_1124.csv"
[1] "/home/wanjiag/projects/MONSTERA/derivatives/csv_files/behavior/sub16/sub16_scan7_timing_2022_Aug_02_1124.csv"
[1] "/home/wanjiag/projects/MONSTERA/derivatives/csv_files/behavior/sub16/sub16_scan8_timing_2022_Aug_02_1124.csv"
[1] "/home/wanjiag/projects/MONSTERA/derivatives/csv_files/behavior/sub16/sub16_scan9_timing_2022_Aug_02_1124.csv"
[1] "/home/wanjiag/projects/MONSTERA/derivatives/csv_files/behavior/sub17/sub17_scan10_timing_2022_Aug_25_1022.csv"
[1] "/home/wanjiag/projects/MONSTERA/derivatives/csv_files/behavior/sub17/sub17_scan1_timing_2022_Aug_25_1022.csv"
[1] "/home/wanjiag/projects/MONSTERA/derivatives/csv_files/behavior/sub17/sub17_scan2_timing_2022_Aug_25_1022.csv"
[1] "/home/wanjiag/projects/MONSTERA/derivatives/csv_files/behavior/sub17/sub17_scan3_timing_2022_Aug_25_1022.csv"
[1] "/home/wanjiag/projects/MONSTERA/derivatives/csv_files/behavior/sub17/sub17_scan4_timing_2022_Aug_25_1022.csv"
[1] "/home/wanjiag/projects/MONSTERA/derivatives/csv_files/behavior/sub17/sub17_scan5_timing_2022_Aug_25_1022.csv"
[1] "/home/wanjiag/projects/MONSTERA/derivatives/csv_files/behavior/sub17/sub17_scan6_timing_2022_Aug_25_1022.csv"
[1] "/home/wanjiag/projects/MONSTERA/derivatives/csv_files/behavior/sub17/sub17_scan7_timing_2022_Aug_25_1022.csv"
[1] "/home/wanjiag/projects/MONSTERA/derivatives/csv_files/behavior/sub17/sub17_scan8_timing_2022_Aug_25_1022.csv"
[1] "/home/wanjiag/projects/MONSTERA/derivatives/csv_files/behavior/sub17/sub17_scan9_timing_2022_Aug_25_1022.csv"
[1] "/home/wanjiag/projects/MONSTERA/derivatives/csv_files/behavior/sub18/sub18_scan10_timing_2022_Sep_09_1037.csv"
[1] "/home/wanjiag/projects/MONSTERA/derivatives/csv_files/behavior/sub18/sub18_scan1_timing_2022_Sep_09_1037.csv"
[1] "/home/wanjiag/projects/MONSTERA/derivatives/csv_files/behavior/sub18/sub18_scan2_timing_2022_Sep_09_1037.csv"
[1] "/home/wanjiag/projects/MONSTERA/derivatives/csv_files/behavior/sub18/sub18_scan3_timing_2022_Sep_09_1037.csv"
[1] "/home/wanjiag/projects/MONSTERA/derivatives/csv_files/behavior/sub18/sub18_scan4_timing_2022_Sep_09_1037.csv"
[1] "/home/wanjiag/projects/MONSTERA/derivatives/csv_files/behavior/sub18/sub18_scan5_timing_2022_Sep_09_1037.csv"
[1] "/home/wanjiag/projects/MONSTERA/derivatives/csv_files/behavior/sub18/sub18_scan6_timing_2022_Sep_09_1037.csv"
[1] "/home/wanjiag/projects/MONSTERA/derivatives/csv_files/behavior/sub18/sub18_scan7_timing_2022_Sep_09_1037.csv"
[1] "/home/wanjiag/projects/MONSTERA/derivatives/csv_files/behavior/sub18/sub18_scan8_timing_2022_Sep_09_1037.csv"
[1] "/home/wanjiag/projects/MONSTERA/derivatives/csv_files/behavior/sub18/sub18_scan9_timing_2022_Sep_09_1037.csv"
[1] "/home/wanjiag/projects/MONSTERA/derivatives/csv_files/behavior/sub19/sub19_scan10_timing_2022_Oct_07_1046.csv"
[1] "/home/wanjiag/projects/MONSTERA/derivatives/csv_files/behavior/sub19/sub19_scan1_timing_2022_Oct_07_1046.csv"
[1] "/home/wanjiag/projects/MONSTERA/derivatives/csv_files/behavior/sub19/sub19_scan2_timing_2022_Oct_07_1046.csv"
[1] "/home/wanjiag/projects/MONSTERA/derivatives/csv_files/behavior/sub19/sub19_scan3_timing_2022_Oct_07_1046.csv"
[1] "/home/wanjiag/projects/MONSTERA/derivatives/csv_files/behavior/sub19/sub19_scan4_timing_2022_Oct_07_1046.csv"
[1] "/home/wanjiag/projects/MONSTERA/derivatives/csv_files/behavior/sub19/sub19_scan5_timing_2022_Oct_07_1046.csv"
[1] "/home/wanjiag/projects/MONSTERA/derivatives/csv_files/behavior/sub19/sub19_scan6_timing_2022_Oct_07_1046.csv"
[1] "/home/wanjiag/projects/MONSTERA/derivatives/csv_files/behavior/sub19/sub19_scan7_timing_2022_Oct_07_1046.csv"
[1] "/home/wanjiag/projects/MONSTERA/derivatives/csv_files/behavior/sub19/sub19_scan8_timing_2022_Oct_07_1046.csv"
[1] "/home/wanjiag/projects/MONSTERA/derivatives/csv_files/behavior/sub19/sub19_scan9_timing_2022_Oct_07_1046.csv"
[1] "/home/wanjiag/projects/MONSTERA/derivatives/csv_files/behavior/sub20/sub20_scan10_timing_2022_Oct_11_1335.csv"
[1] "/home/wanjiag/projects/MONSTERA/derivatives/csv_files/behavior/sub20/sub20_scan1_timing_2022_Oct_11_1335.csv"
[1] "/home/wanjiag/projects/MONSTERA/derivatives/csv_files/behavior/sub20/sub20_scan2_timing_2022_Oct_11_1335.csv"
[1] "/home/wanjiag/projects/MONSTERA/derivatives/csv_files/behavior/sub20/sub20_scan3_timing_2022_Oct_11_1335.csv"
[1] "/home/wanjiag/projects/MONSTERA/derivatives/csv_files/behavior/sub20/sub20_scan4_timing_2022_Oct_11_1335.csv"
[1] "/home/wanjiag/projects/MONSTERA/derivatives/csv_files/behavior/sub20/sub20_scan5_timing_2022_Oct_11_1335.csv"
[1] "/home/wanjiag/projects/MONSTERA/derivatives/csv_files/behavior/sub20/sub20_scan6_timing_2022_Oct_11_1335.csv"
[1] "/home/wanjiag/projects/MONSTERA/derivatives/csv_files/behavior/sub20/sub20_scan7_timing_2022_Oct_11_1335.csv"
[1] "/home/wanjiag/projects/MONSTERA/derivatives/csv_files/behavior/sub20/sub20_scan8_timing_2022_Oct_11_1335.csv"
[1] "/home/wanjiag/projects/MONSTERA/derivatives/csv_files/behavior/sub20/sub20_scan9_timing_2022_Oct_11_1335.csv"
[1] "/home/wanjiag/projects/MONSTERA/derivatives/csv_files/behavior/sub21/sub21_scan10_timing_2022_Oct_14_1220.csv"
[1] "/home/wanjiag/projects/MONSTERA/derivatives/csv_files/behavior/sub21/sub21_scan1_timing_2022_Oct_14_1220.csv"
[1] "/home/wanjiag/projects/MONSTERA/derivatives/csv_files/behavior/sub21/sub21_scan2_timing_2022_Oct_14_1220.csv"
[1] "/home/wanjiag/projects/MONSTERA/derivatives/csv_files/behavior/sub21/sub21_scan3_timing_2022_Oct_14_1220.csv"
[1] "/home/wanjiag/projects/MONSTERA/derivatives/csv_files/behavior/sub21/sub21_scan4_timing_2022_Oct_14_1220.csv"
[1] "/home/wanjiag/projects/MONSTERA/derivatives/csv_files/behavior/sub21/sub21_scan5_timing_2022_Oct_14_1220.csv"
[1] "/home/wanjiag/projects/MONSTERA/derivatives/csv_files/behavior/sub21/sub21_scan6_timing_2022_Oct_14_1220.csv"
[1] "/home/wanjiag/projects/MONSTERA/derivatives/csv_files/behavior/sub21/sub21_scan7_timing_2022_Oct_14_1220.csv"
[1] "/home/wanjiag/projects/MONSTERA/derivatives/csv_files/behavior/sub21/sub21_scan8_timing_2022_Oct_14_1220.csv"
[1] "/home/wanjiag/projects/MONSTERA/derivatives/csv_files/behavior/sub21/sub21_scan9_timing_2022_Oct_14_1220.csv"
[1] "/home/wanjiag/projects/MONSTERA/derivatives/csv_files/behavior/sub22/sub22_scan10_timing_2022_Oct_17_1335.csv"
[1] "/home/wanjiag/projects/MONSTERA/derivatives/csv_files/behavior/sub22/sub22_scan1_timing_2022_Oct_17_1335.csv"
[1] "/home/wanjiag/projects/MONSTERA/derivatives/csv_files/behavior/sub22/sub22_scan2_timing_2022_Oct_17_1335.csv"
[1] "/home/wanjiag/projects/MONSTERA/derivatives/csv_files/behavior/sub22/sub22_scan3_timing_2022_Oct_17_1335.csv"
[1] "/home/wanjiag/projects/MONSTERA/derivatives/csv_files/behavior/sub22/sub22_scan4_timing_2022_Oct_17_1335.csv"
[1] "/home/wanjiag/projects/MONSTERA/derivatives/csv_files/behavior/sub22/sub22_scan5_timing_2022_Oct_17_1335.csv"
[1] "/home/wanjiag/projects/MONSTERA/derivatives/csv_files/behavior/sub22/sub22_scan6_timing_2022_Oct_17_1335.csv"
[1] "/home/wanjiag/projects/MONSTERA/derivatives/csv_files/behavior/sub22/sub22_scan7_timing_2022_Oct_17_1335.csv"
[1] "/home/wanjiag/projects/MONSTERA/derivatives/csv_files/behavior/sub22/sub22_scan8_timing_2022_Oct_17_1335.csv"
[1] "/home/wanjiag/projects/MONSTERA/derivatives/csv_files/behavior/sub22/sub22_scan9_timing_2022_Oct_17_1335.csv"
[1] "/home/wanjiag/projects/MONSTERA/derivatives/csv_files/behavior/sub23/sub23_scan10_timing_2022_Oct_18_1453.csv"
[1] "/home/wanjiag/projects/MONSTERA/derivatives/csv_files/behavior/sub23/sub23_scan1_timing_2022_Oct_18_1453.csv"
[1] "/home/wanjiag/projects/MONSTERA/derivatives/csv_files/behavior/sub23/sub23_scan2_timing_2022_Oct_18_1453.csv"
[1] "/home/wanjiag/projects/MONSTERA/derivatives/csv_files/behavior/sub23/sub23_scan3_timing_2022_Oct_18_1453.csv"
[1] "/home/wanjiag/projects/MONSTERA/derivatives/csv_files/behavior/sub23/sub23_scan4_timing_2022_Oct_18_1453.csv"
[1] "/home/wanjiag/projects/MONSTERA/derivatives/csv_files/behavior/sub23/sub23_scan5_timing_2022_Oct_18_1453.csv"
[1] "/home/wanjiag/projects/MONSTERA/derivatives/csv_files/behavior/sub23/sub23_scan6_timing_2022_Oct_18_1453.csv"
[1] "/home/wanjiag/projects/MONSTERA/derivatives/csv_files/behavior/sub23/sub23_scan7_timing_2022_Oct_18_1453.csv"
[1] "/home/wanjiag/projects/MONSTERA/derivatives/csv_files/behavior/sub23/sub23_scan8_timing_2022_Oct_18_1453.csv"
[1] "/home/wanjiag/projects/MONSTERA/derivatives/csv_files/behavior/sub23/sub23_scan9_timing_2022_Oct_18_1453.csv"
[1] "/home/wanjiag/projects/MONSTERA/derivatives/csv_files/behavior/sub24/sub24_scan10_timing_2022_Oct_19_1057.csv"
[1] "/home/wanjiag/projects/MONSTERA/derivatives/csv_files/behavior/sub24/sub24_scan1_timing_2022_Oct_19_1057.csv"
[1] "/home/wanjiag/projects/MONSTERA/derivatives/csv_files/behavior/sub24/sub24_scan2_timing_2022_Oct_19_1057.csv"
[1] "/home/wanjiag/projects/MONSTERA/derivatives/csv_files/behavior/sub24/sub24_scan3_timing_2022_Oct_19_1057.csv"
[1] "/home/wanjiag/projects/MONSTERA/derivatives/csv_files/behavior/sub24/sub24_scan4_timing_2022_Oct_19_1057.csv"
[1] "/home/wanjiag/projects/MONSTERA/derivatives/csv_files/behavior/sub24/sub24_scan5_timing_2022_Oct_19_1057.csv"
[1] "/home/wanjiag/projects/MONSTERA/derivatives/csv_files/behavior/sub24/sub24_scan6_timing_2022_Oct_19_1057.csv"
[1] "/home/wanjiag/projects/MONSTERA/derivatives/csv_files/behavior/sub24/sub24_scan7_timing_2022_Oct_19_1057.csv"
[1] "/home/wanjiag/projects/MONSTERA/derivatives/csv_files/behavior/sub24/sub24_scan8_timing_2022_Oct_19_1057.csv"
[1] "/home/wanjiag/projects/MONSTERA/derivatives/csv_files/behavior/sub24/sub24_scan9_timing_2022_Oct_19_1057.csv"
[1] "/home/wanjiag/projects/MONSTERA/derivatives/csv_files/behavior/sub25/sub25_scan10_timing_2022_Oct_20_1332.csv"
[1] "/home/wanjiag/projects/MONSTERA/derivatives/csv_files/behavior/sub25/sub25_scan1_timing_2022_Oct_20_1332.csv"
[1] "/home/wanjiag/projects/MONSTERA/derivatives/csv_files/behavior/sub25/sub25_scan2_timing_2022_Oct_20_1332.csv"
[1] "/home/wanjiag/projects/MONSTERA/derivatives/csv_files/behavior/sub25/sub25_scan3_timing_2022_Oct_20_1332.csv"
[1] "/home/wanjiag/projects/MONSTERA/derivatives/csv_files/behavior/sub25/sub25_scan4_timing_2022_Oct_20_1332.csv"
[1] "/home/wanjiag/projects/MONSTERA/derivatives/csv_files/behavior/sub25/sub25_scan5_timing_2022_Oct_20_1332.csv"
[1] "/home/wanjiag/projects/MONSTERA/derivatives/csv_files/behavior/sub25/sub25_scan6_timing_2022_Oct_20_1332.csv"
[1] "/home/wanjiag/projects/MONSTERA/derivatives/csv_files/behavior/sub25/sub25_scan7_timing_2022_Oct_20_1332.csv"
[1] "/home/wanjiag/projects/MONSTERA/derivatives/csv_files/behavior/sub25/sub25_scan8_timing_2022_Oct_20_1332.csv"
[1] "/home/wanjiag/projects/MONSTERA/derivatives/csv_files/behavior/sub25/sub25_scan9_timing_2022_Oct_20_1332.csv"
[1] "/home/wanjiag/projects/MONSTERA/derivatives/csv_files/behavior/sub26/sub26_scan10_timing_2022_Oct_21_1443.csv"
[1] "/home/wanjiag/projects/MONSTERA/derivatives/csv_files/behavior/sub26/sub26_scan1_timing_2022_Oct_21_1439.csv"
[1] "/home/wanjiag/projects/MONSTERA/derivatives/csv_files/behavior/sub26/sub26_scan1_timing_2022_Oct_21_1443.csv"
[1] "/home/wanjiag/projects/MONSTERA/derivatives/csv_files/behavior/sub26/sub26_scan2_timing_2022_Oct_21_1443.csv"
[1] "/home/wanjiag/projects/MONSTERA/derivatives/csv_files/behavior/sub26/sub26_scan3_timing_2022_Oct_21_1443.csv"
[1] "/home/wanjiag/projects/MONSTERA/derivatives/csv_files/behavior/sub26/sub26_scan4_timing_2022_Oct_21_1443.csv"
[1] "/home/wanjiag/projects/MONSTERA/derivatives/csv_files/behavior/sub26/sub26_scan5_timing_2022_Oct_21_1443.csv"
[1] "/home/wanjiag/projects/MONSTERA/derivatives/csv_files/behavior/sub26/sub26_scan6_timing_2022_Oct_21_1443.csv"
[1] "/home/wanjiag/projects/MONSTERA/derivatives/csv_files/behavior/sub26/sub26_scan7_timing_2022_Oct_21_1443.csv"
[1] "/home/wanjiag/projects/MONSTERA/derivatives/csv_files/behavior/sub26/sub26_scan8_timing_2022_Oct_21_1443.csv"
[1] "/home/wanjiag/projects/MONSTERA/derivatives/csv_files/behavior/sub26/sub26_scan9_timing_2022_Oct_21_1443.csv"
[1] "/home/wanjiag/projects/MONSTERA/derivatives/csv_files/behavior/sub27/sub27_scan10_timing_2022_Oct_25_1407.csv"
[1] "/home/wanjiag/projects/MONSTERA/derivatives/csv_files/behavior/sub27/sub27_scan1_timing_2022_Oct_25_1407.csv"
[1] "/home/wanjiag/projects/MONSTERA/derivatives/csv_files/behavior/sub27/sub27_scan2_timing_2022_Oct_25_1407.csv"
[1] "/home/wanjiag/projects/MONSTERA/derivatives/csv_files/behavior/sub27/sub27_scan3_timing_2022_Oct_25_1407.csv"
[1] "/home/wanjiag/projects/MONSTERA/derivatives/csv_files/behavior/sub27/sub27_scan4_timing_2022_Oct_25_1407.csv"
[1] "/home/wanjiag/projects/MONSTERA/derivatives/csv_files/behavior/sub27/sub27_scan5_timing_2022_Oct_25_1407.csv"
[1] "/home/wanjiag/projects/MONSTERA/derivatives/csv_files/behavior/sub27/sub27_scan6_timing_2022_Oct_25_1407.csv"
[1] "/home/wanjiag/projects/MONSTERA/derivatives/csv_files/behavior/sub27/sub27_scan7_timing_2022_Oct_25_1407.csv"
[1] "/home/wanjiag/projects/MONSTERA/derivatives/csv_files/behavior/sub27/sub27_scan8_timing_2022_Oct_25_1407.csv"
[1] "/home/wanjiag/projects/MONSTERA/derivatives/csv_files/behavior/sub27/sub27_scan9_timing_2022_Oct_25_1407.csv"
[1] "/home/wanjiag/projects/MONSTERA/derivatives/csv_files/behavior/sub28/sub28_scan10_timing_2022_Oct_26_1234.csv"
[1] "/home/wanjiag/projects/MONSTERA/derivatives/csv_files/behavior/sub28/sub28_scan1_timing_2022_Oct_26_1234.csv"
[1] "/home/wanjiag/projects/MONSTERA/derivatives/csv_files/behavior/sub28/sub28_scan2_timing_2022_Oct_26_1234.csv"
[1] "/home/wanjiag/projects/MONSTERA/derivatives/csv_files/behavior/sub28/sub28_scan3_timing_2022_Oct_26_1234.csv"
[1] "/home/wanjiag/projects/MONSTERA/derivatives/csv_files/behavior/sub28/sub28_scan4_timing_2022_Oct_26_1234.csv"
[1] "/home/wanjiag/projects/MONSTERA/derivatives/csv_files/behavior/sub28/sub28_scan5_timing_2022_Oct_26_1234.csv"
[1] "/home/wanjiag/projects/MONSTERA/derivatives/csv_files/behavior/sub28/sub28_scan6_timing_2022_Oct_26_1234.csv"
[1] "/home/wanjiag/projects/MONSTERA/derivatives/csv_files/behavior/sub28/sub28_scan7_timing_2022_Oct_26_1234.csv"
[1] "/home/wanjiag/projects/MONSTERA/derivatives/csv_files/behavior/sub28/sub28_scan8_timing_2022_Oct_26_1234.csv"
[1] "/home/wanjiag/projects/MONSTERA/derivatives/csv_files/behavior/sub28/sub28_scan9_timing_2022_Oct_26_1234.csv"
[1] "-----------ca23dg-body_thre_0.5_masked-----------"
[1] "/home/wanjiag/projects/MONSTERA/derivatives/csv_files/fMRI/sub-MONSTERA27/ca23dg-body_thre_0.5_masked_sub-MONSTERA27_task-01.csv"
[1] "/home/wanjiag/projects/MONSTERA/derivatives/csv_files/fMRI/sub-MONSTERA27/ca23dg-body_thre_0.5_masked_sub-MONSTERA27_task-02.csv"
[1] "/home/wanjiag/projects/MONSTERA/derivatives/csv_files/fMRI/sub-MONSTERA27/ca23dg-body_thre_0.5_masked_sub-MONSTERA27_task-03.csv"
[1] "/home/wanjiag/projects/MONSTERA/derivatives/csv_files/fMRI/sub-MONSTERA27/ca23dg-body_thre_0.5_masked_sub-MONSTERA27_task-04.csv"
[1] "/home/wanjiag/projects/MONSTERA/derivatives/csv_files/fMRI/sub-MONSTERA27/ca23dg-body_thre_0.5_masked_sub-MONSTERA27_task-05.csv"
[1] "/home/wanjiag/projects/MONSTERA/derivatives/csv_files/fMRI/sub-MONSTERA27/ca23dg-body_thre_0.5_masked_sub-MONSTERA27_task-06.csv"
[1] "/home/wanjiag/projects/MONSTERA/derivatives/csv_files/fMRI/sub-MONSTERA27/ca23dg-body_thre_0.5_masked_sub-MONSTERA27_task-07.csv"
[1] "/home/wanjiag/projects/MONSTERA/derivatives/csv_files/fMRI/sub-MONSTERA27/ca23dg-body_thre_0.5_masked_sub-MONSTERA27_task-08.csv"
[1] "/home/wanjiag/projects/MONSTERA/derivatives/csv_files/fMRI/sub-MONSTERA27/ca23dg-body_thre_0.5_masked_sub-MONSTERA27_task-09.csv"
[1] "/home/wanjiag/projects/MONSTERA/derivatives/csv_files/fMRI/sub-MONSTERA27/ca23dg-body_thre_0.5_masked_sub-MONSTERA27_task-10.csv"
[1] "/home/wanjiag/projects/MONSTERA/derivatives/csv_files/fMRI/sub-MONSTERA28/ca23dg-body_thre_0.5_masked_sub-MONSTERA28_task-01.csv"
[1] "/home/wanjiag/projects/MONSTERA/derivatives/csv_files/fMRI/sub-MONSTERA28/ca23dg-body_thre_0.5_masked_sub-MONSTERA28_task-02.csv"
[1] "/home/wanjiag/projects/MONSTERA/derivatives/csv_files/fMRI/sub-MONSTERA28/ca23dg-body_thre_0.5_masked_sub-MONSTERA28_task-03.csv"
[1] "/home/wanjiag/projects/MONSTERA/derivatives/csv_files/fMRI/sub-MONSTERA28/ca23dg-body_thre_0.5_masked_sub-MONSTERA28_task-04.csv"
[1] "/home/wanjiag/projects/MONSTERA/derivatives/csv_files/fMRI/sub-MONSTERA28/ca23dg-body_thre_0.5_masked_sub-MONSTERA28_task-05.csv"
[1] "/home/wanjiag/projects/MONSTERA/derivatives/csv_files/fMRI/sub-MONSTERA28/ca23dg-body_thre_0.5_masked_sub-MONSTERA28_task-06.csv"
[1] "/home/wanjiag/projects/MONSTERA/derivatives/csv_files/fMRI/sub-MONSTERA28/ca23dg-body_thre_0.5_masked_sub-MONSTERA28_task-07.csv"
[1] "/home/wanjiag/projects/MONSTERA/derivatives/csv_files/fMRI/sub-MONSTERA28/ca23dg-body_thre_0.5_masked_sub-MONSTERA28_task-08.csv"
[1] "/home/wanjiag/projects/MONSTERA/derivatives/csv_files/fMRI/sub-MONSTERA28/ca23dg-body_thre_0.5_masked_sub-MONSTERA28_task-09.csv"
[1] "/home/wanjiag/projects/MONSTERA/derivatives/csv_files/fMRI/sub-MONSTERA28/ca23dg-body_thre_0.5_masked_sub-MONSTERA28_task-10.csv"
[1] "-----------ca23dg-body: 11.1264094312986-----------"
[1] "-----------ca1-body_thre_0.5_masked-----------"
[1] "/home/wanjiag/projects/MONSTERA/derivatives/csv_files/fMRI/sub-MONSTERA27/ca1-body_thre_0.5_masked_sub-MONSTERA27_task-01.csv"
[1] "/home/wanjiag/projects/MONSTERA/derivatives/csv_files/fMRI/sub-MONSTERA27/ca1-body_thre_0.5_masked_sub-MONSTERA27_task-02.csv"
[1] "/home/wanjiag/projects/MONSTERA/derivatives/csv_files/fMRI/sub-MONSTERA27/ca1-body_thre_0.5_masked_sub-MONSTERA27_task-03.csv"
[1] "/home/wanjiag/projects/MONSTERA/derivatives/csv_files/fMRI/sub-MONSTERA27/ca1-body_thre_0.5_masked_sub-MONSTERA27_task-04.csv"
[1] "/home/wanjiag/projects/MONSTERA/derivatives/csv_files/fMRI/sub-MONSTERA27/ca1-body_thre_0.5_masked_sub-MONSTERA27_task-05.csv"
[1] "/home/wanjiag/projects/MONSTERA/derivatives/csv_files/fMRI/sub-MONSTERA27/ca1-body_thre_0.5_masked_sub-MONSTERA27_task-06.csv"
[1] "/home/wanjiag/projects/MONSTERA/derivatives/csv_files/fMRI/sub-MONSTERA27/ca1-body_thre_0.5_masked_sub-MONSTERA27_task-07.csv"
[1] "/home/wanjiag/projects/MONSTERA/derivatives/csv_files/fMRI/sub-MONSTERA27/ca1-body_thre_0.5_masked_sub-MONSTERA27_task-08.csv"
[1] "/home/wanjiag/projects/MONSTERA/derivatives/csv_files/fMRI/sub-MONSTERA27/ca1-body_thre_0.5_masked_sub-MONSTERA27_task-09.csv"
[1] "/home/wanjiag/projects/MONSTERA/derivatives/csv_files/fMRI/sub-MONSTERA27/ca1-body_thre_0.5_masked_sub-MONSTERA27_task-10.csv"
[1] "/home/wanjiag/projects/MONSTERA/derivatives/csv_files/fMRI/sub-MONSTERA28/ca1-body_thre_0.5_masked_sub-MONSTERA28_task-01.csv"
[1] "/home/wanjiag/projects/MONSTERA/derivatives/csv_files/fMRI/sub-MONSTERA28/ca1-body_thre_0.5_masked_sub-MONSTERA28_task-02.csv"
[1] "/home/wanjiag/projects/MONSTERA/derivatives/csv_files/fMRI/sub-MONSTERA28/ca1-body_thre_0.5_masked_sub-MONSTERA28_task-03.csv"
[1] "/home/wanjiag/projects/MONSTERA/derivatives/csv_files/fMRI/sub-MONSTERA28/ca1-body_thre_0.5_masked_sub-MONSTERA28_task-04.csv"
[1] "/home/wanjiag/projects/MONSTERA/derivatives/csv_files/fMRI/sub-MONSTERA28/ca1-body_thre_0.5_masked_sub-MONSTERA28_task-05.csv"
[1] "/home/wanjiag/projects/MONSTERA/derivatives/csv_files/fMRI/sub-MONSTERA28/ca1-body_thre_0.5_masked_sub-MONSTERA28_task-06.csv"
[1] "/home/wanjiag/projects/MONSTERA/derivatives/csv_files/fMRI/sub-MONSTERA28/ca1-body_thre_0.5_masked_sub-MONSTERA28_task-07.csv"
[1] "/home/wanjiag/projects/MONSTERA/derivatives/csv_files/fMRI/sub-MONSTERA28/ca1-body_thre_0.5_masked_sub-MONSTERA28_task-08.csv"
[1] "/home/wanjiag/projects/MONSTERA/derivatives/csv_files/fMRI/sub-MONSTERA28/ca1-body_thre_0.5_masked_sub-MONSTERA28_task-09.csv"
[1] "/home/wanjiag/projects/MONSTERA/derivatives/csv_files/fMRI/sub-MONSTERA28/ca1-body_thre_0.5_masked_sub-MONSTERA28_task-10.csv"
[1] "-----------ca1-body: 11.6270739952723-----------"
[1] "-----------ca23dg_thre_0.5_masked-----------"
[1] "/home/wanjiag/projects/MONSTERA/derivatives/csv_files/fMRI/sub-MONSTERA27/ca23dg_thre_0.5_masked_sub-MONSTERA27_task-01.csv"
[1] "/home/wanjiag/projects/MONSTERA/derivatives/csv_files/fMRI/sub-MONSTERA27/ca23dg_thre_0.5_masked_sub-MONSTERA27_task-02.csv"
[1] "/home/wanjiag/projects/MONSTERA/derivatives/csv_files/fMRI/sub-MONSTERA27/ca23dg_thre_0.5_masked_sub-MONSTERA27_task-03.csv"
[1] "/home/wanjiag/projects/MONSTERA/derivatives/csv_files/fMRI/sub-MONSTERA27/ca23dg_thre_0.5_masked_sub-MONSTERA27_task-04.csv"
[1] "/home/wanjiag/projects/MONSTERA/derivatives/csv_files/fMRI/sub-MONSTERA27/ca23dg_thre_0.5_masked_sub-MONSTERA27_task-05.csv"
[1] "/home/wanjiag/projects/MONSTERA/derivatives/csv_files/fMRI/sub-MONSTERA27/ca23dg_thre_0.5_masked_sub-MONSTERA27_task-06.csv"
[1] "/home/wanjiag/projects/MONSTERA/derivatives/csv_files/fMRI/sub-MONSTERA27/ca23dg_thre_0.5_masked_sub-MONSTERA27_task-07.csv"
[1] "/home/wanjiag/projects/MONSTERA/derivatives/csv_files/fMRI/sub-MONSTERA27/ca23dg_thre_0.5_masked_sub-MONSTERA27_task-08.csv"
[1] "/home/wanjiag/projects/MONSTERA/derivatives/csv_files/fMRI/sub-MONSTERA27/ca23dg_thre_0.5_masked_sub-MONSTERA27_task-09.csv"
[1] "/home/wanjiag/projects/MONSTERA/derivatives/csv_files/fMRI/sub-MONSTERA27/ca23dg_thre_0.5_masked_sub-MONSTERA27_task-10.csv"
[1] "/home/wanjiag/projects/MONSTERA/derivatives/csv_files/fMRI/sub-MONSTERA28/ca23dg_thre_0.5_masked_sub-MONSTERA28_task-01.csv"
[1] "/home/wanjiag/projects/MONSTERA/derivatives/csv_files/fMRI/sub-MONSTERA28/ca23dg_thre_0.5_masked_sub-MONSTERA28_task-02.csv"
[1] "/home/wanjiag/projects/MONSTERA/derivatives/csv_files/fMRI/sub-MONSTERA28/ca23dg_thre_0.5_masked_sub-MONSTERA28_task-03.csv"
[1] "/home/wanjiag/projects/MONSTERA/derivatives/csv_files/fMRI/sub-MONSTERA28/ca23dg_thre_0.5_masked_sub-MONSTERA28_task-04.csv"
[1] "/home/wanjiag/projects/MONSTERA/derivatives/csv_files/fMRI/sub-MONSTERA28/ca23dg_thre_0.5_masked_sub-MONSTERA28_task-05.csv"
[1] "/home/wanjiag/projects/MONSTERA/derivatives/csv_files/fMRI/sub-MONSTERA28/ca23dg_thre_0.5_masked_sub-MONSTERA28_task-06.csv"
[1] "/home/wanjiag/projects/MONSTERA/derivatives/csv_files/fMRI/sub-MONSTERA28/ca23dg_thre_0.5_masked_sub-MONSTERA28_task-07.csv"
[1] "/home/wanjiag/projects/MONSTERA/derivatives/csv_files/fMRI/sub-MONSTERA28/ca23dg_thre_0.5_masked_sub-MONSTERA28_task-08.csv"
[1] "/home/wanjiag/projects/MONSTERA/derivatives/csv_files/fMRI/sub-MONSTERA28/ca23dg_thre_0.5_masked_sub-MONSTERA28_task-09.csv"
[1] "/home/wanjiag/projects/MONSTERA/derivatives/csv_files/fMRI/sub-MONSTERA28/ca23dg_thre_0.5_masked_sub-MONSTERA28_task-10.csv"
[1] "-----------ca23dg: 12.8712471326192-----------"
[1] "-----------ca1_thre_0.5_masked-----------"
[1] "/home/wanjiag/projects/MONSTERA/derivatives/csv_files/fMRI/sub-MONSTERA27/ca1_thre_0.5_masked_sub-MONSTERA27_task-01.csv"
[1] "/home/wanjiag/projects/MONSTERA/derivatives/csv_files/fMRI/sub-MONSTERA27/ca1_thre_0.5_masked_sub-MONSTERA27_task-02.csv"
[1] "/home/wanjiag/projects/MONSTERA/derivatives/csv_files/fMRI/sub-MONSTERA27/ca1_thre_0.5_masked_sub-MONSTERA27_task-03.csv"
[1] "/home/wanjiag/projects/MONSTERA/derivatives/csv_files/fMRI/sub-MONSTERA27/ca1_thre_0.5_masked_sub-MONSTERA27_task-04.csv"
[1] "/home/wanjiag/projects/MONSTERA/derivatives/csv_files/fMRI/sub-MONSTERA27/ca1_thre_0.5_masked_sub-MONSTERA27_task-05.csv"
[1] "/home/wanjiag/projects/MONSTERA/derivatives/csv_files/fMRI/sub-MONSTERA27/ca1_thre_0.5_masked_sub-MONSTERA27_task-06.csv"
[1] "/home/wanjiag/projects/MONSTERA/derivatives/csv_files/fMRI/sub-MONSTERA27/ca1_thre_0.5_masked_sub-MONSTERA27_task-07.csv"
[1] "/home/wanjiag/projects/MONSTERA/derivatives/csv_files/fMRI/sub-MONSTERA27/ca1_thre_0.5_masked_sub-MONSTERA27_task-08.csv"
[1] "/home/wanjiag/projects/MONSTERA/derivatives/csv_files/fMRI/sub-MONSTERA27/ca1_thre_0.5_masked_sub-MONSTERA27_task-09.csv"
[1] "/home/wanjiag/projects/MONSTERA/derivatives/csv_files/fMRI/sub-MONSTERA27/ca1_thre_0.5_masked_sub-MONSTERA27_task-10.csv"
[1] "/home/wanjiag/projects/MONSTERA/derivatives/csv_files/fMRI/sub-MONSTERA28/ca1_thre_0.5_masked_sub-MONSTERA28_task-01.csv"
[1] "/home/wanjiag/projects/MONSTERA/derivatives/csv_files/fMRI/sub-MONSTERA28/ca1_thre_0.5_masked_sub-MONSTERA28_task-02.csv"
[1] "/home/wanjiag/projects/MONSTERA/derivatives/csv_files/fMRI/sub-MONSTERA28/ca1_thre_0.5_masked_sub-MONSTERA28_task-03.csv"
[1] "/home/wanjiag/projects/MONSTERA/derivatives/csv_files/fMRI/sub-MONSTERA28/ca1_thre_0.5_masked_sub-MONSTERA28_task-04.csv"
[1] "/home/wanjiag/projects/MONSTERA/derivatives/csv_files/fMRI/sub-MONSTERA28/ca1_thre_0.5_masked_sub-MONSTERA28_task-05.csv"
[1] "/home/wanjiag/projects/MONSTERA/derivatives/csv_files/fMRI/sub-MONSTERA28/ca1_thre_0.5_masked_sub-MONSTERA28_task-06.csv"
[1] "/home/wanjiag/projects/MONSTERA/derivatives/csv_files/fMRI/sub-MONSTERA28/ca1_thre_0.5_masked_sub-MONSTERA28_task-07.csv"
[1] "/home/wanjiag/projects/MONSTERA/derivatives/csv_files/fMRI/sub-MONSTERA28/ca1_thre_0.5_masked_sub-MONSTERA28_task-08.csv"
[1] "/home/wanjiag/projects/MONSTERA/derivatives/csv_files/fMRI/sub-MONSTERA28/ca1_thre_0.5_masked_sub-MONSTERA28_task-09.csv"
[1] "/home/wanjiag/projects/MONSTERA/derivatives/csv_files/fMRI/sub-MONSTERA28/ca1_thre_0.5_masked_sub-MONSTERA28_task-10.csv"
[1] "-----------ca1: 14.5805178523064-----------"
[1] "-----------angular_gyrus_2_epi_thre_0.5_masked-----------"
[1] "/home/wanjiag/projects/MONSTERA/derivatives/csv_files/fMRI/sub-MONSTERA27/angular_gyrus_2_epi_thre_0.5_masked_sub-MONSTERA27_task-01.csv"
[1] "/home/wanjiag/projects/MONSTERA/derivatives/csv_files/fMRI/sub-MONSTERA27/angular_gyrus_2_epi_thre_0.5_masked_sub-MONSTERA27_task-02.csv"
[1] "/home/wanjiag/projects/MONSTERA/derivatives/csv_files/fMRI/sub-MONSTERA27/angular_gyrus_2_epi_thre_0.5_masked_sub-MONSTERA27_task-03.csv"
[1] "/home/wanjiag/projects/MONSTERA/derivatives/csv_files/fMRI/sub-MONSTERA27/angular_gyrus_2_epi_thre_0.5_masked_sub-MONSTERA27_task-04.csv"
[1] "/home/wanjiag/projects/MONSTERA/derivatives/csv_files/fMRI/sub-MONSTERA27/angular_gyrus_2_epi_thre_0.5_masked_sub-MONSTERA27_task-05.csv"
[1] "/home/wanjiag/projects/MONSTERA/derivatives/csv_files/fMRI/sub-MONSTERA27/angular_gyrus_2_epi_thre_0.5_masked_sub-MONSTERA27_task-06.csv"
[1] "/home/wanjiag/projects/MONSTERA/derivatives/csv_files/fMRI/sub-MONSTERA27/angular_gyrus_2_epi_thre_0.5_masked_sub-MONSTERA27_task-07.csv"
[1] "/home/wanjiag/projects/MONSTERA/derivatives/csv_files/fMRI/sub-MONSTERA27/angular_gyrus_2_epi_thre_0.5_masked_sub-MONSTERA27_task-08.csv"
[1] "/home/wanjiag/projects/MONSTERA/derivatives/csv_files/fMRI/sub-MONSTERA27/angular_gyrus_2_epi_thre_0.5_masked_sub-MONSTERA27_task-09.csv"
[1] "/home/wanjiag/projects/MONSTERA/derivatives/csv_files/fMRI/sub-MONSTERA27/angular_gyrus_2_epi_thre_0.5_masked_sub-MONSTERA27_task-10.csv"
[1] "/home/wanjiag/projects/MONSTERA/derivatives/csv_files/fMRI/sub-MONSTERA28/angular_gyrus_2_epi_thre_0.5_masked_sub-MONSTERA28_task-01.csv"
[1] "/home/wanjiag/projects/MONSTERA/derivatives/csv_files/fMRI/sub-MONSTERA28/angular_gyrus_2_epi_thre_0.5_masked_sub-MONSTERA28_task-02.csv"
[1] "/home/wanjiag/projects/MONSTERA/derivatives/csv_files/fMRI/sub-MONSTERA28/angular_gyrus_2_epi_thre_0.5_masked_sub-MONSTERA28_task-03.csv"
[1] "/home/wanjiag/projects/MONSTERA/derivatives/csv_files/fMRI/sub-MONSTERA28/angular_gyrus_2_epi_thre_0.5_masked_sub-MONSTERA28_task-04.csv"
[1] "/home/wanjiag/projects/MONSTERA/derivatives/csv_files/fMRI/sub-MONSTERA28/angular_gyrus_2_epi_thre_0.5_masked_sub-MONSTERA28_task-05.csv"
[1] "/home/wanjiag/projects/MONSTERA/derivatives/csv_files/fMRI/sub-MONSTERA28/angular_gyrus_2_epi_thre_0.5_masked_sub-MONSTERA28_task-06.csv"
[1] "/home/wanjiag/projects/MONSTERA/derivatives/csv_files/fMRI/sub-MONSTERA28/angular_gyrus_2_epi_thre_0.5_masked_sub-MONSTERA28_task-07.csv"
[1] "/home/wanjiag/projects/MONSTERA/derivatives/csv_files/fMRI/sub-MONSTERA28/angular_gyrus_2_epi_thre_0.5_masked_sub-MONSTERA28_task-08.csv"
[1] "/home/wanjiag/projects/MONSTERA/derivatives/csv_files/fMRI/sub-MONSTERA28/angular_gyrus_2_epi_thre_0.5_masked_sub-MONSTERA28_task-09.csv"
[1] "/home/wanjiag/projects/MONSTERA/derivatives/csv_files/fMRI/sub-MONSTERA28/angular_gyrus_2_epi_thre_0.5_masked_sub-MONSTERA28_task-10.csv"
[1] "-----------angular_gyrus: 23.9876898209254-----------"
[1] "-----------evc_2_epi_thre_0.5_masked-----------"
[1] "/home/wanjiag/projects/MONSTERA/derivatives/csv_files/fMRI/sub-MONSTERA27/evc_2_epi_thre_0.5_masked_sub-MONSTERA27_task-01.csv"
[1] "/home/wanjiag/projects/MONSTERA/derivatives/csv_files/fMRI/sub-MONSTERA27/evc_2_epi_thre_0.5_masked_sub-MONSTERA27_task-02.csv"
[1] "/home/wanjiag/projects/MONSTERA/derivatives/csv_files/fMRI/sub-MONSTERA27/evc_2_epi_thre_0.5_masked_sub-MONSTERA27_task-03.csv"
[1] "/home/wanjiag/projects/MONSTERA/derivatives/csv_files/fMRI/sub-MONSTERA27/evc_2_epi_thre_0.5_masked_sub-MONSTERA27_task-04.csv"
[1] "/home/wanjiag/projects/MONSTERA/derivatives/csv_files/fMRI/sub-MONSTERA27/evc_2_epi_thre_0.5_masked_sub-MONSTERA27_task-05.csv"
[1] "/home/wanjiag/projects/MONSTERA/derivatives/csv_files/fMRI/sub-MONSTERA27/evc_2_epi_thre_0.5_masked_sub-MONSTERA27_task-06.csv"
[1] "/home/wanjiag/projects/MONSTERA/derivatives/csv_files/fMRI/sub-MONSTERA27/evc_2_epi_thre_0.5_masked_sub-MONSTERA27_task-07.csv"
[1] "/home/wanjiag/projects/MONSTERA/derivatives/csv_files/fMRI/sub-MONSTERA27/evc_2_epi_thre_0.5_masked_sub-MONSTERA27_task-08.csv"
[1] "/home/wanjiag/projects/MONSTERA/derivatives/csv_files/fMRI/sub-MONSTERA27/evc_2_epi_thre_0.5_masked_sub-MONSTERA27_task-09.csv"
[1] "/home/wanjiag/projects/MONSTERA/derivatives/csv_files/fMRI/sub-MONSTERA27/evc_2_epi_thre_0.5_masked_sub-MONSTERA27_task-10.csv"
[1] "/home/wanjiag/projects/MONSTERA/derivatives/csv_files/fMRI/sub-MONSTERA28/evc_2_epi_thre_0.5_masked_sub-MONSTERA28_task-01.csv"
[1] "/home/wanjiag/projects/MONSTERA/derivatives/csv_files/fMRI/sub-MONSTERA28/evc_2_epi_thre_0.5_masked_sub-MONSTERA28_task-02.csv"
[1] "/home/wanjiag/projects/MONSTERA/derivatives/csv_files/fMRI/sub-MONSTERA28/evc_2_epi_thre_0.5_masked_sub-MONSTERA28_task-03.csv"
[1] "/home/wanjiag/projects/MONSTERA/derivatives/csv_files/fMRI/sub-MONSTERA28/evc_2_epi_thre_0.5_masked_sub-MONSTERA28_task-04.csv"
[1] "/home/wanjiag/projects/MONSTERA/derivatives/csv_files/fMRI/sub-MONSTERA28/evc_2_epi_thre_0.5_masked_sub-MONSTERA28_task-05.csv"
[1] "/home/wanjiag/projects/MONSTERA/derivatives/csv_files/fMRI/sub-MONSTERA28/evc_2_epi_thre_0.5_masked_sub-MONSTERA28_task-06.csv"
[1] "/home/wanjiag/projects/MONSTERA/derivatives/csv_files/fMRI/sub-MONSTERA28/evc_2_epi_thre_0.5_masked_sub-MONSTERA28_task-07.csv"
[1] "/home/wanjiag/projects/MONSTERA/derivatives/csv_files/fMRI/sub-MONSTERA28/evc_2_epi_thre_0.5_masked_sub-MONSTERA28_task-08.csv"
[1] "/home/wanjiag/projects/MONSTERA/derivatives/csv_files/fMRI/sub-MONSTERA28/evc_2_epi_thre_0.5_masked_sub-MONSTERA28_task-09.csv"
[1] "/home/wanjiag/projects/MONSTERA/derivatives/csv_files/fMRI/sub-MONSTERA28/evc_2_epi_thre_0.5_masked_sub-MONSTERA28_task-10.csv"
[1] "-----------evc: 19.8802278240522-----------"
[1] "-----------hippocampus_2_epi_thre_0.5_masked-----------"
[1] "/home/wanjiag/projects/MONSTERA/derivatives/csv_files/fMRI/sub-MONSTERA27/hippocampus_2_epi_thre_0.5_masked_sub-MONSTERA27_task-01.csv"
[1] "/home/wanjiag/projects/MONSTERA/derivatives/csv_files/fMRI/sub-MONSTERA27/hippocampus_2_epi_thre_0.5_masked_sub-MONSTERA27_task-02.csv"
[1] "/home/wanjiag/projects/MONSTERA/derivatives/csv_files/fMRI/sub-MONSTERA27/hippocampus_2_epi_thre_0.5_masked_sub-MONSTERA27_task-03.csv"
[1] "/home/wanjiag/projects/MONSTERA/derivatives/csv_files/fMRI/sub-MONSTERA27/hippocampus_2_epi_thre_0.5_masked_sub-MONSTERA27_task-04.csv"
[1] "/home/wanjiag/projects/MONSTERA/derivatives/csv_files/fMRI/sub-MONSTERA27/hippocampus_2_epi_thre_0.5_masked_sub-MONSTERA27_task-05.csv"
[1] "/home/wanjiag/projects/MONSTERA/derivatives/csv_files/fMRI/sub-MONSTERA27/hippocampus_2_epi_thre_0.5_masked_sub-MONSTERA27_task-06.csv"
[1] "/home/wanjiag/projects/MONSTERA/derivatives/csv_files/fMRI/sub-MONSTERA27/hippocampus_2_epi_thre_0.5_masked_sub-MONSTERA27_task-07.csv"
[1] "/home/wanjiag/projects/MONSTERA/derivatives/csv_files/fMRI/sub-MONSTERA27/hippocampus_2_epi_thre_0.5_masked_sub-MONSTERA27_task-08.csv"
[1] "/home/wanjiag/projects/MONSTERA/derivatives/csv_files/fMRI/sub-MONSTERA27/hippocampus_2_epi_thre_0.5_masked_sub-MONSTERA27_task-09.csv"
[1] "/home/wanjiag/projects/MONSTERA/derivatives/csv_files/fMRI/sub-MONSTERA27/hippocampus_2_epi_thre_0.5_masked_sub-MONSTERA27_task-10.csv"
[1] "/home/wanjiag/projects/MONSTERA/derivatives/csv_files/fMRI/sub-MONSTERA28/hippocampus_2_epi_thre_0.5_masked_sub-MONSTERA28_task-01.csv"
[1] "/home/wanjiag/projects/MONSTERA/derivatives/csv_files/fMRI/sub-MONSTERA28/hippocampus_2_epi_thre_0.5_masked_sub-MONSTERA28_task-02.csv"
[1] "/home/wanjiag/projects/MONSTERA/derivatives/csv_files/fMRI/sub-MONSTERA28/hippocampus_2_epi_thre_0.5_masked_sub-MONSTERA28_task-03.csv"
[1] "/home/wanjiag/projects/MONSTERA/derivatives/csv_files/fMRI/sub-MONSTERA28/hippocampus_2_epi_thre_0.5_masked_sub-MONSTERA28_task-04.csv"
[1] "/home/wanjiag/projects/MONSTERA/derivatives/csv_files/fMRI/sub-MONSTERA28/hippocampus_2_epi_thre_0.5_masked_sub-MONSTERA28_task-05.csv"
[1] "/home/wanjiag/projects/MONSTERA/derivatives/csv_files/fMRI/sub-MONSTERA28/hippocampus_2_epi_thre_0.5_masked_sub-MONSTERA28_task-06.csv"
[1] "/home/wanjiag/projects/MONSTERA/derivatives/csv_files/fMRI/sub-MONSTERA28/hippocampus_2_epi_thre_0.5_masked_sub-MONSTERA28_task-07.csv"
[1] "/home/wanjiag/projects/MONSTERA/derivatives/csv_files/fMRI/sub-MONSTERA28/hippocampus_2_epi_thre_0.5_masked_sub-MONSTERA28_task-08.csv"
[1] "/home/wanjiag/projects/MONSTERA/derivatives/csv_files/fMRI/sub-MONSTERA28/hippocampus_2_epi_thre_0.5_masked_sub-MONSTERA28_task-09.csv"
[1] "/home/wanjiag/projects/MONSTERA/derivatives/csv_files/fMRI/sub-MONSTERA28/hippocampus_2_epi_thre_0.5_masked_sub-MONSTERA28_task-10.csv"
[1] "-----------hippocampus: 24.2025821208954-----------"
[1] "-----------ppa_mni_2_epi_thre_0.5_masked-----------"
[1] "/home/wanjiag/projects/MONSTERA/derivatives/csv_files/fMRI/sub-MONSTERA27/ppa_mni_2_epi_thre_0.5_masked_sub-MONSTERA27_task-01.csv"
[1] "/home/wanjiag/projects/MONSTERA/derivatives/csv_files/fMRI/sub-MONSTERA27/ppa_mni_2_epi_thre_0.5_masked_sub-MONSTERA27_task-02.csv"
[1] "/home/wanjiag/projects/MONSTERA/derivatives/csv_files/fMRI/sub-MONSTERA27/ppa_mni_2_epi_thre_0.5_masked_sub-MONSTERA27_task-03.csv"
[1] "/home/wanjiag/projects/MONSTERA/derivatives/csv_files/fMRI/sub-MONSTERA27/ppa_mni_2_epi_thre_0.5_masked_sub-MONSTERA27_task-04.csv"
[1] "/home/wanjiag/projects/MONSTERA/derivatives/csv_files/fMRI/sub-MONSTERA27/ppa_mni_2_epi_thre_0.5_masked_sub-MONSTERA27_task-05.csv"
[1] "/home/wanjiag/projects/MONSTERA/derivatives/csv_files/fMRI/sub-MONSTERA27/ppa_mni_2_epi_thre_0.5_masked_sub-MONSTERA27_task-06.csv"
[1] "/home/wanjiag/projects/MONSTERA/derivatives/csv_files/fMRI/sub-MONSTERA27/ppa_mni_2_epi_thre_0.5_masked_sub-MONSTERA27_task-07.csv"
[1] "/home/wanjiag/projects/MONSTERA/derivatives/csv_files/fMRI/sub-MONSTERA27/ppa_mni_2_epi_thre_0.5_masked_sub-MONSTERA27_task-08.csv"
[1] "/home/wanjiag/projects/MONSTERA/derivatives/csv_files/fMRI/sub-MONSTERA27/ppa_mni_2_epi_thre_0.5_masked_sub-MONSTERA27_task-09.csv"
[1] "/home/wanjiag/projects/MONSTERA/derivatives/csv_files/fMRI/sub-MONSTERA27/ppa_mni_2_epi_thre_0.5_masked_sub-MONSTERA27_task-10.csv"
[1] "/home/wanjiag/projects/MONSTERA/derivatives/csv_files/fMRI/sub-MONSTERA28/ppa_mni_2_epi_thre_0.5_masked_sub-MONSTERA28_task-01.csv"
[1] "/home/wanjiag/projects/MONSTERA/derivatives/csv_files/fMRI/sub-MONSTERA28/ppa_mni_2_epi_thre_0.5_masked_sub-MONSTERA28_task-02.csv"
[1] "/home/wanjiag/projects/MONSTERA/derivatives/csv_files/fMRI/sub-MONSTERA28/ppa_mni_2_epi_thre_0.5_masked_sub-MONSTERA28_task-03.csv"
[1] "/home/wanjiag/projects/MONSTERA/derivatives/csv_files/fMRI/sub-MONSTERA28/ppa_mni_2_epi_thre_0.5_masked_sub-MONSTERA28_task-04.csv"
[1] "/home/wanjiag/projects/MONSTERA/derivatives/csv_files/fMRI/sub-MONSTERA28/ppa_mni_2_epi_thre_0.5_masked_sub-MONSTERA28_task-05.csv"
[1] "/home/wanjiag/projects/MONSTERA/derivatives/csv_files/fMRI/sub-MONSTERA28/ppa_mni_2_epi_thre_0.5_masked_sub-MONSTERA28_task-06.csv"
[1] "/home/wanjiag/projects/MONSTERA/derivatives/csv_files/fMRI/sub-MONSTERA28/ppa_mni_2_epi_thre_0.5_masked_sub-MONSTERA28_task-07.csv"
[1] "/home/wanjiag/projects/MONSTERA/derivatives/csv_files/fMRI/sub-MONSTERA28/ppa_mni_2_epi_thre_0.5_masked_sub-MONSTERA28_task-08.csv"
[1] "/home/wanjiag/projects/MONSTERA/derivatives/csv_files/fMRI/sub-MONSTERA28/ppa_mni_2_epi_thre_0.5_masked_sub-MONSTERA28_task-09.csv"
[1] "/home/wanjiag/projects/MONSTERA/derivatives/csv_files/fMRI/sub-MONSTERA28/ppa_mni_2_epi_thre_0.5_masked_sub-MONSTERA28_task-10.csv"
[1] "-----------ppa: 15.5546743512154-----------"
