[1] "Running on cluster: TRUE"
[1] "/home/wanjiag/projects/MONSTERA/derivatives/csv_files/behavior/sub06/sub06_scan10_timing_2022_Apr_19_1505.csv"
[1] "/home/wanjiag/projects/MONSTERA/derivatives/csv_files/behavior/sub06/sub06_scan1_timing_2022_Apr_19_1505.csv"
[1] "/home/wanjiag/projects/MONSTERA/derivatives/csv_files/behavior/sub06/sub06_scan2_timing_2022_Apr_19_1505.csv"
[1] "/home/wanjiag/projects/MONSTERA/derivatives/csv_files/behavior/sub06/sub06_scan3_timing_2022_Apr_19_1505.csv"
[1] "/home/wanjiag/projects/MONSTERA/derivatives/csv_files/behavior/sub06/sub06_scan4_timing_2022_Apr_19_1505.csv"
[1] "/home/wanjiag/projects/MONSTERA/derivatives/csv_files/behavior/sub06/sub06_scan5_timing_2022_Apr_19_1505.csv"
[1] "/home/wanjiag/projects/MONSTERA/derivatives/csv_files/behavior/sub06/sub06_scan6_timing_2022_Apr_19_1505.csv"
[1] "/home/wanjiag/projects/MONSTERA/derivatives/csv_files/behavior/sub06/sub06_scan7_timing_2022_Apr_19_1505.csv"
[1] "/home/wanjiag/projects/MONSTERA/derivatives/csv_files/behavior/sub06/sub06_scan8_timing_2022_Apr_19_1505.csv"
[1] "/home/wanjiag/projects/MONSTERA/derivatives/csv_files/behavior/sub06/sub06_scan9_timing_2022_Apr_19_1505.csv"
[1] "/home/wanjiag/projects/MONSTERA/derivatives/csv_files/behavior/sub07/sub07_scan10_timing_2022_Apr_21_1443.csv"
[1] "/home/wanjiag/projects/MONSTERA/derivatives/csv_files/behavior/sub07/sub07_scan1_timing_2022_Apr_21_1443.csv"
[1] "/home/wanjiag/projects/MONSTERA/derivatives/csv_files/behavior/sub07/sub07_scan2_timing_2022_Apr_21_1443.csv"
[1] "/home/wanjiag/projects/MONSTERA/derivatives/csv_files/behavior/sub07/sub07_scan3_timing_2022_Apr_21_1443.csv"
[1] "/home/wanjiag/projects/MONSTERA/derivatives/csv_files/behavior/sub07/sub07_scan4_timing_2022_Apr_21_1443.csv"
[1] "/home/wanjiag/projects/MONSTERA/derivatives/csv_files/behavior/sub07/sub07_scan5_timing_2022_Apr_21_1443.csv"
[1] "/home/wanjiag/projects/MONSTERA/derivatives/csv_files/behavior/sub07/sub07_scan6_timing_2022_Apr_21_1443.csv"
[1] "/home/wanjiag/projects/MONSTERA/derivatives/csv_files/behavior/sub07/sub07_scan7_timing_2022_Apr_21_1443.csv"
[1] "/home/wanjiag/projects/MONSTERA/derivatives/csv_files/behavior/sub07/sub07_scan8_timing_2022_Apr_21_1443.csv"
[1] "/home/wanjiag/projects/MONSTERA/derivatives/csv_files/behavior/sub07/sub07_scan9_timing_2022_Apr_21_1443.csv"
[1] "/home/wanjiag/projects/MONSTERA/derivatives/csv_files/behavior/sub08/sub08_scan10_timing_2022_Apr_28_1042.csv"
[1] "/home/wanjiag/projects/MONSTERA/derivatives/csv_files/behavior/sub08/sub08_scan1_timing_2022_Apr_28_1042.csv"
[1] "/home/wanjiag/projects/MONSTERA/derivatives/csv_files/behavior/sub08/sub08_scan2_timing_2022_Apr_28_1042.csv"
[1] "/home/wanjiag/projects/MONSTERA/derivatives/csv_files/behavior/sub08/sub08_scan3_timing_2022_Apr_28_1042.csv"
[1] "/home/wanjiag/projects/MONSTERA/derivatives/csv_files/behavior/sub08/sub08_scan4_timing_2022_Apr_28_1042.csv"
[1] "/home/wanjiag/projects/MONSTERA/derivatives/csv_files/behavior/sub08/sub08_scan5_timing_2022_Apr_28_1042.csv"
[1] "/home/wanjiag/projects/MONSTERA/derivatives/csv_files/behavior/sub08/sub08_scan6_timing_2022_Apr_28_1042.csv"
[1] "/home/wanjiag/projects/MONSTERA/derivatives/csv_files/behavior/sub08/sub08_scan7_timing_2022_Apr_28_1042.csv"
[1] "/home/wanjiag/projects/MONSTERA/derivatives/csv_files/behavior/sub08/sub08_scan8_timing_2022_Apr_28_1042.csv"
[1] "/home/wanjiag/projects/MONSTERA/derivatives/csv_files/behavior/sub08/sub08_scan9_timing_2022_Apr_28_1042.csv"
[1] "/home/wanjiag/projects/MONSTERA/derivatives/csv_files/behavior/sub09/sub09_scan10_timing_2022_Apr_29_1015.csv"
[1] "/home/wanjiag/projects/MONSTERA/derivatives/csv_files/behavior/sub09/sub09_scan1_timing_2022_Apr_29_1015.csv"
[1] "/home/wanjiag/projects/MONSTERA/derivatives/csv_files/behavior/sub09/sub09_scan2_timing_2022_Apr_29_1015.csv"
[1] "/home/wanjiag/projects/MONSTERA/derivatives/csv_files/behavior/sub09/sub09_scan3_timing_2022_Apr_29_1015.csv"
[1] "/home/wanjiag/projects/MONSTERA/derivatives/csv_files/behavior/sub09/sub09_scan4_timing_2022_Apr_29_1015.csv"
[1] "/home/wanjiag/projects/MONSTERA/derivatives/csv_files/behavior/sub09/sub09_scan5_timing_2022_Apr_29_1015.csv"
[1] "/home/wanjiag/projects/MONSTERA/derivatives/csv_files/behavior/sub09/sub09_scan6_timing_2022_Apr_29_1015.csv"
[1] "/home/wanjiag/projects/MONSTERA/derivatives/csv_files/behavior/sub09/sub09_scan7_timing_2022_Apr_29_1015.csv"
[1] "/home/wanjiag/projects/MONSTERA/derivatives/csv_files/behavior/sub09/sub09_scan8_timing_2022_Apr_29_1015.csv"
[1] "/home/wanjiag/projects/MONSTERA/derivatives/csv_files/behavior/sub09/sub09_scan9_timing_2022_Apr_29_1015.csv"
[1] "/home/wanjiag/projects/MONSTERA/derivatives/csv_files/behavior/sub10/sub10_scan10_timing_2022_May_03_1017.csv"
[1] "/home/wanjiag/projects/MONSTERA/derivatives/csv_files/behavior/sub10/sub10_scan1_timing_2022_May_03_1017.csv"
[1] "/home/wanjiag/projects/MONSTERA/derivatives/csv_files/behavior/sub10/sub10_scan2_timing_2022_May_03_1017.csv"
[1] "/home/wanjiag/projects/MONSTERA/derivatives/csv_files/behavior/sub10/sub10_scan3_timing_2022_May_03_1017.csv"
[1] "/home/wanjiag/projects/MONSTERA/derivatives/csv_files/behavior/sub10/sub10_scan4_timing_2022_May_03_1017.csv"
[1] "/home/wanjiag/projects/MONSTERA/derivatives/csv_files/behavior/sub10/sub10_scan5_timing_2022_May_03_1017.csv"
[1] "/home/wanjiag/projects/MONSTERA/derivatives/csv_files/behavior/sub10/sub10_scan6_timing_2022_May_03_1017.csv"
[1] "/home/wanjiag/projects/MONSTERA/derivatives/csv_files/behavior/sub10/sub10_scan7_timing_2022_May_03_1017.csv"
[1] "/home/wanjiag/projects/MONSTERA/derivatives/csv_files/behavior/sub10/sub10_scan8_timing_2022_May_03_1017.csv"
[1] "/home/wanjiag/projects/MONSTERA/derivatives/csv_files/behavior/sub10/sub10_scan9_timing_2022_May_03_1017.csv"
[1] "/home/wanjiag/projects/MONSTERA/derivatives/csv_files/behavior/sub11/sub11_scan10_timing_2022_May_04_1503.csv"
[1] "/home/wanjiag/projects/MONSTERA/derivatives/csv_files/behavior/sub11/sub11_scan1_timing_2022_May_04_1503.csv"
[1] "/home/wanjiag/projects/MONSTERA/derivatives/csv_files/behavior/sub11/sub11_scan2_timing_2022_May_04_1503.csv"
[1] "/home/wanjiag/projects/MONSTERA/derivatives/csv_files/behavior/sub11/sub11_scan3_timing_2022_May_04_1503.csv"
[1] "/home/wanjiag/projects/MONSTERA/derivatives/csv_files/behavior/sub11/sub11_scan4_timing_2022_May_04_1503.csv"
[1] "/home/wanjiag/projects/MONSTERA/derivatives/csv_files/behavior/sub11/sub11_scan5_timing_2022_May_04_1503.csv"
[1] "/home/wanjiag/projects/MONSTERA/derivatives/csv_files/behavior/sub11/sub11_scan6_timing_2022_May_04_1503.csv"
[1] "/home/wanjiag/projects/MONSTERA/derivatives/csv_files/behavior/sub11/sub11_scan7_timing_2022_May_04_1503.csv"
[1] "/home/wanjiag/projects/MONSTERA/derivatives/csv_files/behavior/sub11/sub11_scan8_timing_2022_May_04_1503.csv"
[1] "/home/wanjiag/projects/MONSTERA/derivatives/csv_files/behavior/sub11/sub11_scan9_timing_2022_May_04_1503.csv"
[1] "/home/wanjiag/projects/MONSTERA/derivatives/csv_files/behavior/sub12/sub12_scan10_timing_2022_May_23_1503.csv"
[1] "/home/wanjiag/projects/MONSTERA/derivatives/csv_files/behavior/sub12/sub12_scan1_timing_2022_May_23_1503.csv"
[1] "/home/wanjiag/projects/MONSTERA/derivatives/csv_files/behavior/sub12/sub12_scan2_timing_2022_May_23_1503.csv"
[1] "/home/wanjiag/projects/MONSTERA/derivatives/csv_files/behavior/sub12/sub12_scan3_timing_2022_May_23_1503.csv"
[1] "/home/wanjiag/projects/MONSTERA/derivatives/csv_files/behavior/sub12/sub12_scan4_timing_2022_May_23_1503.csv"
[1] "/home/wanjiag/projects/MONSTERA/derivatives/csv_files/behavior/sub12/sub12_scan5_timing_2022_May_23_1503.csv"
[1] "/home/wanjiag/projects/MONSTERA/derivatives/csv_files/behavior/sub12/sub12_scan6_timing_2022_May_23_1503.csv"
[1] "/home/wanjiag/projects/MONSTERA/derivatives/csv_files/behavior/sub12/sub12_scan7_timing_2022_May_23_1503.csv"
[1] "/home/wanjiag/projects/MONSTERA/derivatives/csv_files/behavior/sub12/sub12_scan8_timing_2022_May_23_1503.csv"
[1] "/home/wanjiag/projects/MONSTERA/derivatives/csv_files/behavior/sub12/sub12_scan9_timing_2022_May_23_1503.csv"
[1] "-----------ca23dg-body_thre_0.5_masked-----------"
[1] "/home/wanjiag/projects/MONSTERA/derivatives/csv_files/fMRI/sub-MONSTERA06/ca23dg-body_thre_0.5_masked_sub-MONSTERA06_task-01.csv"
[1] "/home/wanjiag/projects/MONSTERA/derivatives/csv_files/fMRI/sub-MONSTERA06/ca23dg-body_thre_0.5_masked_sub-MONSTERA06_task-02.csv"
[1] "/home/wanjiag/projects/MONSTERA/derivatives/csv_files/fMRI/sub-MONSTERA06/ca23dg-body_thre_0.5_masked_sub-MONSTERA06_task-03.csv"
[1] "/home/wanjiag/projects/MONSTERA/derivatives/csv_files/fMRI/sub-MONSTERA06/ca23dg-body_thre_0.5_masked_sub-MONSTERA06_task-04.csv"
[1] "/home/wanjiag/projects/MONSTERA/derivatives/csv_files/fMRI/sub-MONSTERA06/ca23dg-body_thre_0.5_masked_sub-MONSTERA06_task-05.csv"
[1] "/home/wanjiag/projects/MONSTERA/derivatives/csv_files/fMRI/sub-MONSTERA06/ca23dg-body_thre_0.5_masked_sub-MONSTERA06_task-06.csv"
[1] "/home/wanjiag/projects/MONSTERA/derivatives/csv_files/fMRI/sub-MONSTERA06/ca23dg-body_thre_0.5_masked_sub-MONSTERA06_task-07.csv"
[1] "/home/wanjiag/projects/MONSTERA/derivatives/csv_files/fMRI/sub-MONSTERA06/ca23dg-body_thre_0.5_masked_sub-MONSTERA06_task-08.csv"
[1] "/home/wanjiag/projects/MONSTERA/derivatives/csv_files/fMRI/sub-MONSTERA06/ca23dg-body_thre_0.5_masked_sub-MONSTERA06_task-09.csv"
[1] "/home/wanjiag/projects/MONSTERA/derivatives/csv_files/fMRI/sub-MONSTERA06/ca23dg-body_thre_0.5_masked_sub-MONSTERA06_task-10.csv"
[1] "/home/wanjiag/projects/MONSTERA/derivatives/csv_files/fMRI/sub-MONSTERA07/ca23dg-body_thre_0.5_masked_sub-MONSTERA07_task-01.csv"
[1] "/home/wanjiag/projects/MONSTERA/derivatives/csv_files/fMRI/sub-MONSTERA07/ca23dg-body_thre_0.5_masked_sub-MONSTERA07_task-02.csv"
[1] "/home/wanjiag/projects/MONSTERA/derivatives/csv_files/fMRI/sub-MONSTERA07/ca23dg-body_thre_0.5_masked_sub-MONSTERA07_task-03.csv"
[1] "/home/wanjiag/projects/MONSTERA/derivatives/csv_files/fMRI/sub-MONSTERA07/ca23dg-body_thre_0.5_masked_sub-MONSTERA07_task-04.csv"
[1] "/home/wanjiag/projects/MONSTERA/derivatives/csv_files/fMRI/sub-MONSTERA07/ca23dg-body_thre_0.5_masked_sub-MONSTERA07_task-05.csv"
[1] "/home/wanjiag/projects/MONSTERA/derivatives/csv_files/fMRI/sub-MONSTERA07/ca23dg-body_thre_0.5_masked_sub-MONSTERA07_task-06.csv"
[1] "/home/wanjiag/projects/MONSTERA/derivatives/csv_files/fMRI/sub-MONSTERA07/ca23dg-body_thre_0.5_masked_sub-MONSTERA07_task-07.csv"
[1] "/home/wanjiag/projects/MONSTERA/derivatives/csv_files/fMRI/sub-MONSTERA07/ca23dg-body_thre_0.5_masked_sub-MONSTERA07_task-08.csv"
[1] "/home/wanjiag/projects/MONSTERA/derivatives/csv_files/fMRI/sub-MONSTERA07/ca23dg-body_thre_0.5_masked_sub-MONSTERA07_task-09.csv"
[1] "/home/wanjiag/projects/MONSTERA/derivatives/csv_files/fMRI/sub-MONSTERA07/ca23dg-body_thre_0.5_masked_sub-MONSTERA07_task-10.csv"
[1] "/home/wanjiag/projects/MONSTERA/derivatives/csv_files/fMRI/sub-MONSTERA08/ca23dg-body_thre_0.5_masked_sub-MONSTERA08_task-01.csv"
[1] "/home/wanjiag/projects/MONSTERA/derivatives/csv_files/fMRI/sub-MONSTERA08/ca23dg-body_thre_0.5_masked_sub-MONSTERA08_task-02.csv"
[1] "/home/wanjiag/projects/MONSTERA/derivatives/csv_files/fMRI/sub-MONSTERA08/ca23dg-body_thre_0.5_masked_sub-MONSTERA08_task-03.csv"
[1] "/home/wanjiag/projects/MONSTERA/derivatives/csv_files/fMRI/sub-MONSTERA08/ca23dg-body_thre_0.5_masked_sub-MONSTERA08_task-04.csv"
[1] "/home/wanjiag/projects/MONSTERA/derivatives/csv_files/fMRI/sub-MONSTERA08/ca23dg-body_thre_0.5_masked_sub-MONSTERA08_task-05.csv"
[1] "/home/wanjiag/projects/MONSTERA/derivatives/csv_files/fMRI/sub-MONSTERA08/ca23dg-body_thre_0.5_masked_sub-MONSTERA08_task-06.csv"
[1] "/home/wanjiag/projects/MONSTERA/derivatives/csv_files/fMRI/sub-MONSTERA08/ca23dg-body_thre_0.5_masked_sub-MONSTERA08_task-07.csv"
[1] "/home/wanjiag/projects/MONSTERA/derivatives/csv_files/fMRI/sub-MONSTERA08/ca23dg-body_thre_0.5_masked_sub-MONSTERA08_task-08.csv"
[1] "/home/wanjiag/projects/MONSTERA/derivatives/csv_files/fMRI/sub-MONSTERA08/ca23dg-body_thre_0.5_masked_sub-MONSTERA08_task-09.csv"
[1] "/home/wanjiag/projects/MONSTERA/derivatives/csv_files/fMRI/sub-MONSTERA08/ca23dg-body_thre_0.5_masked_sub-MONSTERA08_task-10.csv"
[1] "/home/wanjiag/projects/MONSTERA/derivatives/csv_files/fMRI/sub-MONSTERA09/ca23dg-body_thre_0.5_masked_sub-MONSTERA09_task-01.csv"
[1] "/home/wanjiag/projects/MONSTERA/derivatives/csv_files/fMRI/sub-MONSTERA09/ca23dg-body_thre_0.5_masked_sub-MONSTERA09_task-02.csv"
[1] "/home/wanjiag/projects/MONSTERA/derivatives/csv_files/fMRI/sub-MONSTERA09/ca23dg-body_thre_0.5_masked_sub-MONSTERA09_task-03.csv"
[1] "/home/wanjiag/projects/MONSTERA/derivatives/csv_files/fMRI/sub-MONSTERA09/ca23dg-body_thre_0.5_masked_sub-MONSTERA09_task-04.csv"
[1] "/home/wanjiag/projects/MONSTERA/derivatives/csv_files/fMRI/sub-MONSTERA09/ca23dg-body_thre_0.5_masked_sub-MONSTERA09_task-05.csv"
[1] "/home/wanjiag/projects/MONSTERA/derivatives/csv_files/fMRI/sub-MONSTERA09/ca23dg-body_thre_0.5_masked_sub-MONSTERA09_task-06.csv"
[1] "/home/wanjiag/projects/MONSTERA/derivatives/csv_files/fMRI/sub-MONSTERA09/ca23dg-body_thre_0.5_masked_sub-MONSTERA09_task-07.csv"
[1] "/home/wanjiag/projects/MONSTERA/derivatives/csv_files/fMRI/sub-MONSTERA09/ca23dg-body_thre_0.5_masked_sub-MONSTERA09_task-08.csv"
[1] "/home/wanjiag/projects/MONSTERA/derivatives/csv_files/fMRI/sub-MONSTERA09/ca23dg-body_thre_0.5_masked_sub-MONSTERA09_task-09.csv"
[1] "/home/wanjiag/projects/MONSTERA/derivatives/csv_files/fMRI/sub-MONSTERA09/ca23dg-body_thre_0.5_masked_sub-MONSTERA09_task-10.csv"
[1] "/home/wanjiag/projects/MONSTERA/derivatives/csv_files/fMRI/sub-MONSTERA10/ca23dg-body_thre_0.5_masked_sub-MONSTERA10_task-01.csv"
[1] "/home/wanjiag/projects/MONSTERA/derivatives/csv_files/fMRI/sub-MONSTERA10/ca23dg-body_thre_0.5_masked_sub-MONSTERA10_task-02.csv"
[1] "/home/wanjiag/projects/MONSTERA/derivatives/csv_files/fMRI/sub-MONSTERA10/ca23dg-body_thre_0.5_masked_sub-MONSTERA10_task-03.csv"
[1] "/home/wanjiag/projects/MONSTERA/derivatives/csv_files/fMRI/sub-MONSTERA10/ca23dg-body_thre_0.5_masked_sub-MONSTERA10_task-04.csv"
[1] "/home/wanjiag/projects/MONSTERA/derivatives/csv_files/fMRI/sub-MONSTERA10/ca23dg-body_thre_0.5_masked_sub-MONSTERA10_task-05.csv"
[1] "/home/wanjiag/projects/MONSTERA/derivatives/csv_files/fMRI/sub-MONSTERA10/ca23dg-body_thre_0.5_masked_sub-MONSTERA10_task-06.csv"
[1] "/home/wanjiag/projects/MONSTERA/derivatives/csv_files/fMRI/sub-MONSTERA10/ca23dg-body_thre_0.5_masked_sub-MONSTERA10_task-07.csv"
[1] "/home/wanjiag/projects/MONSTERA/derivatives/csv_files/fMRI/sub-MONSTERA10/ca23dg-body_thre_0.5_masked_sub-MONSTERA10_task-08.csv"
[1] "/home/wanjiag/projects/MONSTERA/derivatives/csv_files/fMRI/sub-MONSTERA10/ca23dg-body_thre_0.5_masked_sub-MONSTERA10_task-09.csv"
[1] "/home/wanjiag/projects/MONSTERA/derivatives/csv_files/fMRI/sub-MONSTERA10/ca23dg-body_thre_0.5_masked_sub-MONSTERA10_task-10.csv"
[1] "/home/wanjiag/projects/MONSTERA/derivatives/csv_files/fMRI/sub-MONSTERA11/ca23dg-body_thre_0.5_masked_sub-MONSTERA11_task-01.csv"
[1] "/home/wanjiag/projects/MONSTERA/derivatives/csv_files/fMRI/sub-MONSTERA11/ca23dg-body_thre_0.5_masked_sub-MONSTERA11_task-02.csv"
[1] "/home/wanjiag/projects/MONSTERA/derivatives/csv_files/fMRI/sub-MONSTERA11/ca23dg-body_thre_0.5_masked_sub-MONSTERA11_task-03.csv"
[1] "/home/wanjiag/projects/MONSTERA/derivatives/csv_files/fMRI/sub-MONSTERA11/ca23dg-body_thre_0.5_masked_sub-MONSTERA11_task-04.csv"
[1] "/home/wanjiag/projects/MONSTERA/derivatives/csv_files/fMRI/sub-MONSTERA11/ca23dg-body_thre_0.5_masked_sub-MONSTERA11_task-05.csv"
[1] "/home/wanjiag/projects/MONSTERA/derivatives/csv_files/fMRI/sub-MONSTERA11/ca23dg-body_thre_0.5_masked_sub-MONSTERA11_task-06.csv"
[1] "/home/wanjiag/projects/MONSTERA/derivatives/csv_files/fMRI/sub-MONSTERA11/ca23dg-body_thre_0.5_masked_sub-MONSTERA11_task-07.csv"
[1] "/home/wanjiag/projects/MONSTERA/derivatives/csv_files/fMRI/sub-MONSTERA11/ca23dg-body_thre_0.5_masked_sub-MONSTERA11_task-08.csv"
[1] "/home/wanjiag/projects/MONSTERA/derivatives/csv_files/fMRI/sub-MONSTERA11/ca23dg-body_thre_0.5_masked_sub-MONSTERA11_task-09.csv"
[1] "/home/wanjiag/projects/MONSTERA/derivatives/csv_files/fMRI/sub-MONSTERA11/ca23dg-body_thre_0.5_masked_sub-MONSTERA11_task-10.csv"
[1] "ca23dg-body: 42.8371626694997"
