[1] "Running on cluster: TRUE"
[1] "/home/wanjiag/projects/MONSTERA/derivatives/csv_files/behavior/sub06/sub06_scan10_timing_2022_Apr_19_1505.csv"
[1] "/home/wanjiag/projects/MONSTERA/derivatives/csv_files/behavior/sub06/sub06_scan1_timing_2022_Apr_19_1505.csv"
[1] "/home/wanjiag/projects/MONSTERA/derivatives/csv_files/behavior/sub06/sub06_scan2_timing_2022_Apr_19_1505.csv"
[1] "/home/wanjiag/projects/MONSTERA/derivatives/csv_files/behavior/sub06/sub06_scan3_timing_2022_Apr_19_1505.csv"
[1] "/home/wanjiag/projects/MONSTERA/derivatives/csv_files/behavior/sub06/sub06_scan4_timing_2022_Apr_19_1505.csv"
[1] "/home/wanjiag/projects/MONSTERA/derivatives/csv_files/behavior/sub06/sub06_scan5_timing_2022_Apr_19_1505.csv"
[1] "/home/wanjiag/projects/MONSTERA/derivatives/csv_files/behavior/sub06/sub06_scan6_timing_2022_Apr_19_1505.csv"
[1] "/home/wanjiag/projects/MONSTERA/derivatives/csv_files/behavior/sub06/sub06_scan7_timing_2022_Apr_19_1505.csv"
[1] "/home/wanjiag/projects/MONSTERA/derivatives/csv_files/behavior/sub06/sub06_scan8_timing_2022_Apr_19_1505.csv"
[1] "/home/wanjiag/projects/MONSTERA/derivatives/csv_files/behavior/sub06/sub06_scan9_timing_2022_Apr_19_1505.csv"
[1] "/home/wanjiag/projects/MONSTERA/derivatives/csv_files/behavior/sub07/sub07_scan10_timing_2022_Apr_21_1443.csv"
[1] "/home/wanjiag/projects/MONSTERA/derivatives/csv_files/behavior/sub07/sub07_scan1_timing_2022_Apr_21_1443.csv"
[1] "/home/wanjiag/projects/MONSTERA/derivatives/csv_files/behavior/sub07/sub07_scan2_timing_2022_Apr_21_1443.csv"
[1] "/home/wanjiag/projects/MONSTERA/derivatives/csv_files/behavior/sub07/sub07_scan3_timing_2022_Apr_21_1443.csv"
[1] "/home/wanjiag/projects/MONSTERA/derivatives/csv_files/behavior/sub07/sub07_scan4_timing_2022_Apr_21_1443.csv"
[1] "/home/wanjiag/projects/MONSTERA/derivatives/csv_files/behavior/sub07/sub07_scan5_timing_2022_Apr_21_1443.csv"
[1] "/home/wanjiag/projects/MONSTERA/derivatives/csv_files/behavior/sub07/sub07_scan6_timing_2022_Apr_21_1443.csv"
[1] "/home/wanjiag/projects/MONSTERA/derivatives/csv_files/behavior/sub07/sub07_scan7_timing_2022_Apr_21_1443.csv"
[1] "/home/wanjiag/projects/MONSTERA/derivatives/csv_files/behavior/sub07/sub07_scan8_timing_2022_Apr_21_1443.csv"
[1] "/home/wanjiag/projects/MONSTERA/derivatives/csv_files/behavior/sub07/sub07_scan9_timing_2022_Apr_21_1443.csv"
[1] "/home/wanjiag/projects/MONSTERA/derivatives/csv_files/behavior/sub08/sub08_scan10_timing_2022_Apr_28_1042.csv"
[1] "/home/wanjiag/projects/MONSTERA/derivatives/csv_files/behavior/sub08/sub08_scan1_timing_2022_Apr_28_1042.csv"
[1] "/home/wanjiag/projects/MONSTERA/derivatives/csv_files/behavior/sub08/sub08_scan2_timing_2022_Apr_28_1042.csv"
[1] "/home/wanjiag/projects/MONSTERA/derivatives/csv_files/behavior/sub08/sub08_scan3_timing_2022_Apr_28_1042.csv"
[1] "/home/wanjiag/projects/MONSTERA/derivatives/csv_files/behavior/sub08/sub08_scan4_timing_2022_Apr_28_1042.csv"
[1] "/home/wanjiag/projects/MONSTERA/derivatives/csv_files/behavior/sub08/sub08_scan5_timing_2022_Apr_28_1042.csv"
[1] "/home/wanjiag/projects/MONSTERA/derivatives/csv_files/behavior/sub08/sub08_scan6_timing_2022_Apr_28_1042.csv"
[1] "/home/wanjiag/projects/MONSTERA/derivatives/csv_files/behavior/sub08/sub08_scan7_timing_2022_Apr_28_1042.csv"
[1] "/home/wanjiag/projects/MONSTERA/derivatives/csv_files/behavior/sub08/sub08_scan8_timing_2022_Apr_28_1042.csv"
[1] "/home/wanjiag/projects/MONSTERA/derivatives/csv_files/behavior/sub08/sub08_scan9_timing_2022_Apr_28_1042.csv"
[1] "/home/wanjiag/projects/MONSTERA/derivatives/csv_files/behavior/sub09/sub09_scan10_timing_2022_Apr_29_1015.csv"
[1] "/home/wanjiag/projects/MONSTERA/derivatives/csv_files/behavior/sub09/sub09_scan1_timing_2022_Apr_29_1015.csv"
[1] "/home/wanjiag/projects/MONSTERA/derivatives/csv_files/behavior/sub09/sub09_scan2_timing_2022_Apr_29_1015.csv"
[1] "/home/wanjiag/projects/MONSTERA/derivatives/csv_files/behavior/sub09/sub09_scan3_timing_2022_Apr_29_1015.csv"
[1] "/home/wanjiag/projects/MONSTERA/derivatives/csv_files/behavior/sub09/sub09_scan4_timing_2022_Apr_29_1015.csv"
[1] "/home/wanjiag/projects/MONSTERA/derivatives/csv_files/behavior/sub09/sub09_scan5_timing_2022_Apr_29_1015.csv"
[1] "/home/wanjiag/projects/MONSTERA/derivatives/csv_files/behavior/sub09/sub09_scan6_timing_2022_Apr_29_1015.csv"
[1] "/home/wanjiag/projects/MONSTERA/derivatives/csv_files/behavior/sub09/sub09_scan7_timing_2022_Apr_29_1015.csv"
[1] "/home/wanjiag/projects/MONSTERA/derivatives/csv_files/behavior/sub09/sub09_scan8_timing_2022_Apr_29_1015.csv"
[1] "/home/wanjiag/projects/MONSTERA/derivatives/csv_files/behavior/sub09/sub09_scan9_timing_2022_Apr_29_1015.csv"
[1] "/home/wanjiag/projects/MONSTERA/derivatives/csv_files/behavior/sub10/sub10_scan10_timing_2022_May_03_1017.csv"
[1] "/home/wanjiag/projects/MONSTERA/derivatives/csv_files/behavior/sub10/sub10_scan1_timing_2022_May_03_1017.csv"
[1] "/home/wanjiag/projects/MONSTERA/derivatives/csv_files/behavior/sub10/sub10_scan2_timing_2022_May_03_1017.csv"
[1] "/home/wanjiag/projects/MONSTERA/derivatives/csv_files/behavior/sub10/sub10_scan3_timing_2022_May_03_1017.csv"
[1] "/home/wanjiag/projects/MONSTERA/derivatives/csv_files/behavior/sub10/sub10_scan4_timing_2022_May_03_1017.csv"
[1] "/home/wanjiag/projects/MONSTERA/derivatives/csv_files/behavior/sub10/sub10_scan5_timing_2022_May_03_1017.csv"
[1] "/home/wanjiag/projects/MONSTERA/derivatives/csv_files/behavior/sub10/sub10_scan6_timing_2022_May_03_1017.csv"
[1] "/home/wanjiag/projects/MONSTERA/derivatives/csv_files/behavior/sub10/sub10_scan7_timing_2022_May_03_1017.csv"
[1] "/home/wanjiag/projects/MONSTERA/derivatives/csv_files/behavior/sub10/sub10_scan8_timing_2022_May_03_1017.csv"
[1] "/home/wanjiag/projects/MONSTERA/derivatives/csv_files/behavior/sub10/sub10_scan9_timing_2022_May_03_1017.csv"
[1] "/home/wanjiag/projects/MONSTERA/derivatives/csv_files/behavior/sub11/sub11_scan10_timing_2022_May_04_1503.csv"
[1] "/home/wanjiag/projects/MONSTERA/derivatives/csv_files/behavior/sub11/sub11_scan1_timing_2022_May_04_1503.csv"
[1] "/home/wanjiag/projects/MONSTERA/derivatives/csv_files/behavior/sub11/sub11_scan2_timing_2022_May_04_1503.csv"
[1] "/home/wanjiag/projects/MONSTERA/derivatives/csv_files/behavior/sub11/sub11_scan3_timing_2022_May_04_1503.csv"
[1] "/home/wanjiag/projects/MONSTERA/derivatives/csv_files/behavior/sub11/sub11_scan4_timing_2022_May_04_1503.csv"
[1] "/home/wanjiag/projects/MONSTERA/derivatives/csv_files/behavior/sub11/sub11_scan5_timing_2022_May_04_1503.csv"
[1] "/home/wanjiag/projects/MONSTERA/derivatives/csv_files/behavior/sub11/sub11_scan6_timing_2022_May_04_1503.csv"
[1] "/home/wanjiag/projects/MONSTERA/derivatives/csv_files/behavior/sub11/sub11_scan7_timing_2022_May_04_1503.csv"
[1] "/home/wanjiag/projects/MONSTERA/derivatives/csv_files/behavior/sub11/sub11_scan8_timing_2022_May_04_1503.csv"
[1] "/home/wanjiag/projects/MONSTERA/derivatives/csv_files/behavior/sub11/sub11_scan9_timing_2022_May_04_1503.csv"
[1] "/home/wanjiag/projects/MONSTERA/derivatives/csv_files/behavior/sub12/sub12_scan10_timing_2022_May_23_1503.csv"
[1] "/home/wanjiag/projects/MONSTERA/derivatives/csv_files/behavior/sub12/sub12_scan1_timing_2022_May_23_1503.csv"
[1] "/home/wanjiag/projects/MONSTERA/derivatives/csv_files/behavior/sub12/sub12_scan2_timing_2022_May_23_1503.csv"
[1] "/home/wanjiag/projects/MONSTERA/derivatives/csv_files/behavior/sub12/sub12_scan3_timing_2022_May_23_1503.csv"
[1] "/home/wanjiag/projects/MONSTERA/derivatives/csv_files/behavior/sub12/sub12_scan4_timing_2022_May_23_1503.csv"
[1] "/home/wanjiag/projects/MONSTERA/derivatives/csv_files/behavior/sub12/sub12_scan5_timing_2022_May_23_1503.csv"
[1] "/home/wanjiag/projects/MONSTERA/derivatives/csv_files/behavior/sub12/sub12_scan6_timing_2022_May_23_1503.csv"
[1] "/home/wanjiag/projects/MONSTERA/derivatives/csv_files/behavior/sub12/sub12_scan7_timing_2022_May_23_1503.csv"
[1] "/home/wanjiag/projects/MONSTERA/derivatives/csv_files/behavior/sub12/sub12_scan8_timing_2022_May_23_1503.csv"
[1] "/home/wanjiag/projects/MONSTERA/derivatives/csv_files/behavior/sub12/sub12_scan9_timing_2022_May_23_1503.csv"
[1] "/home/wanjiag/projects/MONSTERA/derivatives/csv_files/behavior/sub13/sub13_scan10_timing_2022_May_24_1030.csv"
[1] "/home/wanjiag/projects/MONSTERA/derivatives/csv_files/behavior/sub13/sub13_scan1_timing_2022_May_24_1030.csv"
[1] "/home/wanjiag/projects/MONSTERA/derivatives/csv_files/behavior/sub13/sub13_scan2_timing_2022_May_24_1030.csv"
[1] "/home/wanjiag/projects/MONSTERA/derivatives/csv_files/behavior/sub13/sub13_scan3_timing_2022_May_24_1030.csv"
[1] "/home/wanjiag/projects/MONSTERA/derivatives/csv_files/behavior/sub13/sub13_scan4_timing_2022_May_24_1030.csv"
[1] "/home/wanjiag/projects/MONSTERA/derivatives/csv_files/behavior/sub13/sub13_scan5_timing_2022_May_24_1030.csv"
[1] "/home/wanjiag/projects/MONSTERA/derivatives/csv_files/behavior/sub13/sub13_scan6_timing_2022_May_24_1030.csv"
[1] "/home/wanjiag/projects/MONSTERA/derivatives/csv_files/behavior/sub13/sub13_scan7_timing_2022_May_24_1030.csv"
[1] "/home/wanjiag/projects/MONSTERA/derivatives/csv_files/behavior/sub13/sub13_scan8_timing_2022_May_24_1030.csv"
[1] "/home/wanjiag/projects/MONSTERA/derivatives/csv_files/behavior/sub13/sub13_scan9_timing_2022_May_24_1030.csv"
[1] "/home/wanjiag/projects/MONSTERA/derivatives/csv_files/behavior/sub14/sub14_scan10_timing_2022_May_25_1539.csv"
[1] "/home/wanjiag/projects/MONSTERA/derivatives/csv_files/behavior/sub14/sub14_scan1_timing_2022_May_25_1432.csv"
[1] "/home/wanjiag/projects/MONSTERA/derivatives/csv_files/behavior/sub14/sub14_scan2_timing_2022_May_25_1432.csv"
[1] "/home/wanjiag/projects/MONSTERA/derivatives/csv_files/behavior/sub14/sub14_scan3_timing_2022_May_25_1432.csv"
[1] "/home/wanjiag/projects/MONSTERA/derivatives/csv_files/behavior/sub14/sub14_scan4_timing_2022_May_25_1432.csv"
[1] "/home/wanjiag/projects/MONSTERA/derivatives/csv_files/behavior/sub14/sub14_scan5_timing_2022_May_25_1432.csv"
[1] "/home/wanjiag/projects/MONSTERA/derivatives/csv_files/behavior/sub14/sub14_scan6_timing_2022_May_25_1432.csv"
[1] "/home/wanjiag/projects/MONSTERA/derivatives/csv_files/behavior/sub14/sub14_scan7_timing_2022_May_25_1539.csv"
[1] "/home/wanjiag/projects/MONSTERA/derivatives/csv_files/behavior/sub14/sub14_scan8_timing_2022_May_25_1539.csv"
[1] "/home/wanjiag/projects/MONSTERA/derivatives/csv_files/behavior/sub14/sub14_scan9_timing_2022_May_25_1539.csv"
[1] "/home/wanjiag/projects/MONSTERA/derivatives/csv_files/behavior/sub15/sub15_scan10_timing_2022_Jun_13_1353.csv"
[1] "/home/wanjiag/projects/MONSTERA/derivatives/csv_files/behavior/sub15/sub15_scan1_timing_2022_Jun_13_1353.csv"
[1] "/home/wanjiag/projects/MONSTERA/derivatives/csv_files/behavior/sub15/sub15_scan2_timing_2022_Jun_13_1353.csv"
[1] "/home/wanjiag/projects/MONSTERA/derivatives/csv_files/behavior/sub15/sub15_scan3_timing_2022_Jun_13_1353.csv"
[1] "/home/wanjiag/projects/MONSTERA/derivatives/csv_files/behavior/sub15/sub15_scan4_timing_2022_Jun_13_1353.csv"
[1] "/home/wanjiag/projects/MONSTERA/derivatives/csv_files/behavior/sub15/sub15_scan5_timing_2022_Jun_13_1353.csv"
[1] "/home/wanjiag/projects/MONSTERA/derivatives/csv_files/behavior/sub15/sub15_scan6_timing_2022_Jun_13_1353.csv"
[1] "/home/wanjiag/projects/MONSTERA/derivatives/csv_files/behavior/sub15/sub15_scan7_timing_2022_Jun_13_1353.csv"
[1] "/home/wanjiag/projects/MONSTERA/derivatives/csv_files/behavior/sub15/sub15_scan8_timing_2022_Jun_13_1353.csv"
[1] "/home/wanjiag/projects/MONSTERA/derivatives/csv_files/behavior/sub15/sub15_scan9_timing_2022_Jun_13_1353.csv"
[1] "/home/wanjiag/projects/MONSTERA/derivatives/csv_files/behavior/sub16/sub16_scan10_timing_2022_Aug_02_1124.csv"
[1] "/home/wanjiag/projects/MONSTERA/derivatives/csv_files/behavior/sub16/sub16_scan1_timing_2022_Aug_02_1124.csv"
[1] "/home/wanjiag/projects/MONSTERA/derivatives/csv_files/behavior/sub16/sub16_scan2_timing_2022_Aug_02_1124.csv"
[1] "/home/wanjiag/projects/MONSTERA/derivatives/csv_files/behavior/sub16/sub16_scan3_timing_2022_Aug_02_1124.csv"
[1] "/home/wanjiag/projects/MONSTERA/derivatives/csv_files/behavior/sub16/sub16_scan4_timing_2022_Aug_02_1124.csv"
[1] "/home/wanjiag/projects/MONSTERA/derivatives/csv_files/behavior/sub16/sub16_scan5_timing_2022_Aug_02_1124.csv"
[1] "/home/wanjiag/projects/MONSTERA/derivatives/csv_files/behavior/sub16/sub16_scan6_timing_2022_Aug_02_1124.csv"
[1] "/home/wanjiag/projects/MONSTERA/derivatives/csv_files/behavior/sub16/sub16_scan7_timing_2022_Aug_02_1124.csv"
[1] "/home/wanjiag/projects/MONSTERA/derivatives/csv_files/behavior/sub16/sub16_scan8_timing_2022_Aug_02_1124.csv"
[1] "/home/wanjiag/projects/MONSTERA/derivatives/csv_files/behavior/sub16/sub16_scan9_timing_2022_Aug_02_1124.csv"
[1] "/home/wanjiag/projects/MONSTERA/derivatives/csv_files/behavior/sub17/sub17_scan10_timing_2022_Aug_25_1022.csv"
[1] "/home/wanjiag/projects/MONSTERA/derivatives/csv_files/behavior/sub17/sub17_scan1_timing_2022_Aug_25_1022.csv"
[1] "/home/wanjiag/projects/MONSTERA/derivatives/csv_files/behavior/sub17/sub17_scan2_timing_2022_Aug_25_1022.csv"
[1] "/home/wanjiag/projects/MONSTERA/derivatives/csv_files/behavior/sub17/sub17_scan3_timing_2022_Aug_25_1022.csv"
[1] "/home/wanjiag/projects/MONSTERA/derivatives/csv_files/behavior/sub17/sub17_scan4_timing_2022_Aug_25_1022.csv"
[1] "/home/wanjiag/projects/MONSTERA/derivatives/csv_files/behavior/sub17/sub17_scan5_timing_2022_Aug_25_1022.csv"
[1] "/home/wanjiag/projects/MONSTERA/derivatives/csv_files/behavior/sub17/sub17_scan6_timing_2022_Aug_25_1022.csv"
[1] "/home/wanjiag/projects/MONSTERA/derivatives/csv_files/behavior/sub17/sub17_scan7_timing_2022_Aug_25_1022.csv"
[1] "/home/wanjiag/projects/MONSTERA/derivatives/csv_files/behavior/sub17/sub17_scan8_timing_2022_Aug_25_1022.csv"
[1] "/home/wanjiag/projects/MONSTERA/derivatives/csv_files/behavior/sub17/sub17_scan9_timing_2022_Aug_25_1022.csv"
[1] "/home/wanjiag/projects/MONSTERA/derivatives/csv_files/behavior/sub18/sub18_scan10_timing_2022_Sep_09_1037.csv"
[1] "/home/wanjiag/projects/MONSTERA/derivatives/csv_files/behavior/sub18/sub18_scan1_timing_2022_Sep_09_1037.csv"
[1] "/home/wanjiag/projects/MONSTERA/derivatives/csv_files/behavior/sub18/sub18_scan2_timing_2022_Sep_09_1037.csv"
[1] "/home/wanjiag/projects/MONSTERA/derivatives/csv_files/behavior/sub18/sub18_scan3_timing_2022_Sep_09_1037.csv"
[1] "/home/wanjiag/projects/MONSTERA/derivatives/csv_files/behavior/sub18/sub18_scan4_timing_2022_Sep_09_1037.csv"
[1] "/home/wanjiag/projects/MONSTERA/derivatives/csv_files/behavior/sub18/sub18_scan5_timing_2022_Sep_09_1037.csv"
[1] "/home/wanjiag/projects/MONSTERA/derivatives/csv_files/behavior/sub18/sub18_scan6_timing_2022_Sep_09_1037.csv"
[1] "/home/wanjiag/projects/MONSTERA/derivatives/csv_files/behavior/sub18/sub18_scan7_timing_2022_Sep_09_1037.csv"
[1] "/home/wanjiag/projects/MONSTERA/derivatives/csv_files/behavior/sub18/sub18_scan8_timing_2022_Sep_09_1037.csv"
[1] "/home/wanjiag/projects/MONSTERA/derivatives/csv_files/behavior/sub18/sub18_scan9_timing_2022_Sep_09_1037.csv"
[1] "-----------ca23dg-body_thre_0.5_masked-----------"
[1] "/home/wanjiag/projects/MONSTERA/derivatives/csv_files/fMRI/sub-MONSTERA14/ca23dg-body_thre_0.5_masked_sub-MONSTERA14_task-01.csv"
[1] "/home/wanjiag/projects/MONSTERA/derivatives/csv_files/fMRI/sub-MONSTERA14/ca23dg-body_thre_0.5_masked_sub-MONSTERA14_task-02.csv"
[1] "/home/wanjiag/projects/MONSTERA/derivatives/csv_files/fMRI/sub-MONSTERA14/ca23dg-body_thre_0.5_masked_sub-MONSTERA14_task-03.csv"
[1] "/home/wanjiag/projects/MONSTERA/derivatives/csv_files/fMRI/sub-MONSTERA14/ca23dg-body_thre_0.5_masked_sub-MONSTERA14_task-04.csv"
[1] "/home/wanjiag/projects/MONSTERA/derivatives/csv_files/fMRI/sub-MONSTERA14/ca23dg-body_thre_0.5_masked_sub-MONSTERA14_task-05.csv"
[1] "/home/wanjiag/projects/MONSTERA/derivatives/csv_files/fMRI/sub-MONSTERA14/ca23dg-body_thre_0.5_masked_sub-MONSTERA14_task-06.csv"
[1] "/home/wanjiag/projects/MONSTERA/derivatives/csv_files/fMRI/sub-MONSTERA14/ca23dg-body_thre_0.5_masked_sub-MONSTERA14_task-07.csv"
[1] "/home/wanjiag/projects/MONSTERA/derivatives/csv_files/fMRI/sub-MONSTERA14/ca23dg-body_thre_0.5_masked_sub-MONSTERA14_task-08.csv"
[1] "/home/wanjiag/projects/MONSTERA/derivatives/csv_files/fMRI/sub-MONSTERA14/ca23dg-body_thre_0.5_masked_sub-MONSTERA14_task-09.csv"
[1] "/home/wanjiag/projects/MONSTERA/derivatives/csv_files/fMRI/sub-MONSTERA14/ca23dg-body_thre_0.5_masked_sub-MONSTERA14_task-10.csv"
[1] "/home/wanjiag/projects/MONSTERA/derivatives/csv_files/fMRI/sub-MONSTERA15/ca23dg-body_thre_0.5_masked_sub-MONSTERA15_task-01.csv"
[1] "/home/wanjiag/projects/MONSTERA/derivatives/csv_files/fMRI/sub-MONSTERA15/ca23dg-body_thre_0.5_masked_sub-MONSTERA15_task-02.csv"
[1] "/home/wanjiag/projects/MONSTERA/derivatives/csv_files/fMRI/sub-MONSTERA15/ca23dg-body_thre_0.5_masked_sub-MONSTERA15_task-03.csv"
[1] "/home/wanjiag/projects/MONSTERA/derivatives/csv_files/fMRI/sub-MONSTERA15/ca23dg-body_thre_0.5_masked_sub-MONSTERA15_task-04.csv"
[1] "/home/wanjiag/projects/MONSTERA/derivatives/csv_files/fMRI/sub-MONSTERA15/ca23dg-body_thre_0.5_masked_sub-MONSTERA15_task-05.csv"
[1] "/home/wanjiag/projects/MONSTERA/derivatives/csv_files/fMRI/sub-MONSTERA15/ca23dg-body_thre_0.5_masked_sub-MONSTERA15_task-06.csv"
[1] "/home/wanjiag/projects/MONSTERA/derivatives/csv_files/fMRI/sub-MONSTERA15/ca23dg-body_thre_0.5_masked_sub-MONSTERA15_task-07.csv"
[1] "/home/wanjiag/projects/MONSTERA/derivatives/csv_files/fMRI/sub-MONSTERA15/ca23dg-body_thre_0.5_masked_sub-MONSTERA15_task-08.csv"
[1] "/home/wanjiag/projects/MONSTERA/derivatives/csv_files/fMRI/sub-MONSTERA15/ca23dg-body_thre_0.5_masked_sub-MONSTERA15_task-09.csv"
[1] "/home/wanjiag/projects/MONSTERA/derivatives/csv_files/fMRI/sub-MONSTERA15/ca23dg-body_thre_0.5_masked_sub-MONSTERA15_task-10.csv"
[1] "/home/wanjiag/projects/MONSTERA/derivatives/csv_files/fMRI/sub-MONSTERA16/ca23dg-body_thre_0.5_masked_sub-MONSTERA16_task-01.csv"
[1] "/home/wanjiag/projects/MONSTERA/derivatives/csv_files/fMRI/sub-MONSTERA16/ca23dg-body_thre_0.5_masked_sub-MONSTERA16_task-02.csv"
[1] "/home/wanjiag/projects/MONSTERA/derivatives/csv_files/fMRI/sub-MONSTERA16/ca23dg-body_thre_0.5_masked_sub-MONSTERA16_task-03.csv"
[1] "/home/wanjiag/projects/MONSTERA/derivatives/csv_files/fMRI/sub-MONSTERA16/ca23dg-body_thre_0.5_masked_sub-MONSTERA16_task-04.csv"
[1] "/home/wanjiag/projects/MONSTERA/derivatives/csv_files/fMRI/sub-MONSTERA16/ca23dg-body_thre_0.5_masked_sub-MONSTERA16_task-05.csv"
[1] "/home/wanjiag/projects/MONSTERA/derivatives/csv_files/fMRI/sub-MONSTERA16/ca23dg-body_thre_0.5_masked_sub-MONSTERA16_task-06.csv"
[1] "/home/wanjiag/projects/MONSTERA/derivatives/csv_files/fMRI/sub-MONSTERA16/ca23dg-body_thre_0.5_masked_sub-MONSTERA16_task-07.csv"
[1] "/home/wanjiag/projects/MONSTERA/derivatives/csv_files/fMRI/sub-MONSTERA16/ca23dg-body_thre_0.5_masked_sub-MONSTERA16_task-08.csv"
[1] "/home/wanjiag/projects/MONSTERA/derivatives/csv_files/fMRI/sub-MONSTERA16/ca23dg-body_thre_0.5_masked_sub-MONSTERA16_task-09.csv"
[1] "/home/wanjiag/projects/MONSTERA/derivatives/csv_files/fMRI/sub-MONSTERA16/ca23dg-body_thre_0.5_masked_sub-MONSTERA16_task-10.csv"
[1] "/home/wanjiag/projects/MONSTERA/derivatives/csv_files/fMRI/sub-MONSTERA17/ca23dg-body_thre_0.5_masked_sub-MONSTERA17_task-01.csv"
[1] "/home/wanjiag/projects/MONSTERA/derivatives/csv_files/fMRI/sub-MONSTERA17/ca23dg-body_thre_0.5_masked_sub-MONSTERA17_task-02.csv"
[1] "/home/wanjiag/projects/MONSTERA/derivatives/csv_files/fMRI/sub-MONSTERA17/ca23dg-body_thre_0.5_masked_sub-MONSTERA17_task-03.csv"
[1] "/home/wanjiag/projects/MONSTERA/derivatives/csv_files/fMRI/sub-MONSTERA17/ca23dg-body_thre_0.5_masked_sub-MONSTERA17_task-04.csv"
[1] "/home/wanjiag/projects/MONSTERA/derivatives/csv_files/fMRI/sub-MONSTERA17/ca23dg-body_thre_0.5_masked_sub-MONSTERA17_task-05.csv"
[1] "/home/wanjiag/projects/MONSTERA/derivatives/csv_files/fMRI/sub-MONSTERA17/ca23dg-body_thre_0.5_masked_sub-MONSTERA17_task-06.csv"
[1] "/home/wanjiag/projects/MONSTERA/derivatives/csv_files/fMRI/sub-MONSTERA17/ca23dg-body_thre_0.5_masked_sub-MONSTERA17_task-07.csv"
[1] "/home/wanjiag/projects/MONSTERA/derivatives/csv_files/fMRI/sub-MONSTERA17/ca23dg-body_thre_0.5_masked_sub-MONSTERA17_task-08.csv"
[1] "/home/wanjiag/projects/MONSTERA/derivatives/csv_files/fMRI/sub-MONSTERA17/ca23dg-body_thre_0.5_masked_sub-MONSTERA17_task-09.csv"
[1] "/home/wanjiag/projects/MONSTERA/derivatives/csv_files/fMRI/sub-MONSTERA17/ca23dg-body_thre_0.5_masked_sub-MONSTERA17_task-10.csv"
[1] "/home/wanjiag/projects/MONSTERA/derivatives/csv_files/fMRI/sub-MONSTERA18/ca23dg-body_thre_0.5_masked_sub-MONSTERA18_task-01.csv"
[1] "/home/wanjiag/projects/MONSTERA/derivatives/csv_files/fMRI/sub-MONSTERA18/ca23dg-body_thre_0.5_masked_sub-MONSTERA18_task-02.csv"
[1] "/home/wanjiag/projects/MONSTERA/derivatives/csv_files/fMRI/sub-MONSTERA18/ca23dg-body_thre_0.5_masked_sub-MONSTERA18_task-03.csv"
[1] "/home/wanjiag/projects/MONSTERA/derivatives/csv_files/fMRI/sub-MONSTERA18/ca23dg-body_thre_0.5_masked_sub-MONSTERA18_task-04.csv"
[1] "/home/wanjiag/projects/MONSTERA/derivatives/csv_files/fMRI/sub-MONSTERA18/ca23dg-body_thre_0.5_masked_sub-MONSTERA18_task-05.csv"
[1] "/home/wanjiag/projects/MONSTERA/derivatives/csv_files/fMRI/sub-MONSTERA18/ca23dg-body_thre_0.5_masked_sub-MONSTERA18_task-06.csv"
[1] "/home/wanjiag/projects/MONSTERA/derivatives/csv_files/fMRI/sub-MONSTERA18/ca23dg-body_thre_0.5_masked_sub-MONSTERA18_task-07.csv"
[1] "/home/wanjiag/projects/MONSTERA/derivatives/csv_files/fMRI/sub-MONSTERA18/ca23dg-body_thre_0.5_masked_sub-MONSTERA18_task-08.csv"
[1] "/home/wanjiag/projects/MONSTERA/derivatives/csv_files/fMRI/sub-MONSTERA18/ca23dg-body_thre_0.5_masked_sub-MONSTERA18_task-09.csv"
[1] "/home/wanjiag/projects/MONSTERA/derivatives/csv_files/fMRI/sub-MONSTERA18/ca23dg-body_thre_0.5_masked_sub-MONSTERA18_task-10.csv"
[1] "-----------ca23dg-body: 28.769230846564-----------"
[1] "-----------ca1-body_thre_0.5_masked-----------"
[1] "/home/wanjiag/projects/MONSTERA/derivatives/csv_files/fMRI/sub-MONSTERA14/ca1-body_thre_0.5_masked_sub-MONSTERA14_task-01.csv"
[1] "/home/wanjiag/projects/MONSTERA/derivatives/csv_files/fMRI/sub-MONSTERA14/ca1-body_thre_0.5_masked_sub-MONSTERA14_task-02.csv"
[1] "/home/wanjiag/projects/MONSTERA/derivatives/csv_files/fMRI/sub-MONSTERA14/ca1-body_thre_0.5_masked_sub-MONSTERA14_task-03.csv"
[1] "/home/wanjiag/projects/MONSTERA/derivatives/csv_files/fMRI/sub-MONSTERA14/ca1-body_thre_0.5_masked_sub-MONSTERA14_task-04.csv"
[1] "/home/wanjiag/projects/MONSTERA/derivatives/csv_files/fMRI/sub-MONSTERA14/ca1-body_thre_0.5_masked_sub-MONSTERA14_task-05.csv"
[1] "/home/wanjiag/projects/MONSTERA/derivatives/csv_files/fMRI/sub-MONSTERA14/ca1-body_thre_0.5_masked_sub-MONSTERA14_task-06.csv"
[1] "/home/wanjiag/projects/MONSTERA/derivatives/csv_files/fMRI/sub-MONSTERA14/ca1-body_thre_0.5_masked_sub-MONSTERA14_task-07.csv"
[1] "/home/wanjiag/projects/MONSTERA/derivatives/csv_files/fMRI/sub-MONSTERA14/ca1-body_thre_0.5_masked_sub-MONSTERA14_task-08.csv"
[1] "/home/wanjiag/projects/MONSTERA/derivatives/csv_files/fMRI/sub-MONSTERA14/ca1-body_thre_0.5_masked_sub-MONSTERA14_task-09.csv"
[1] "/home/wanjiag/projects/MONSTERA/derivatives/csv_files/fMRI/sub-MONSTERA14/ca1-body_thre_0.5_masked_sub-MONSTERA14_task-10.csv"
[1] "/home/wanjiag/projects/MONSTERA/derivatives/csv_files/fMRI/sub-MONSTERA15/ca1-body_thre_0.5_masked_sub-MONSTERA15_task-01.csv"
[1] "/home/wanjiag/projects/MONSTERA/derivatives/csv_files/fMRI/sub-MONSTERA15/ca1-body_thre_0.5_masked_sub-MONSTERA15_task-02.csv"
[1] "/home/wanjiag/projects/MONSTERA/derivatives/csv_files/fMRI/sub-MONSTERA15/ca1-body_thre_0.5_masked_sub-MONSTERA15_task-03.csv"
[1] "/home/wanjiag/projects/MONSTERA/derivatives/csv_files/fMRI/sub-MONSTERA15/ca1-body_thre_0.5_masked_sub-MONSTERA15_task-04.csv"
[1] "/home/wanjiag/projects/MONSTERA/derivatives/csv_files/fMRI/sub-MONSTERA15/ca1-body_thre_0.5_masked_sub-MONSTERA15_task-05.csv"
[1] "/home/wanjiag/projects/MONSTERA/derivatives/csv_files/fMRI/sub-MONSTERA15/ca1-body_thre_0.5_masked_sub-MONSTERA15_task-06.csv"
[1] "/home/wanjiag/projects/MONSTERA/derivatives/csv_files/fMRI/sub-MONSTERA15/ca1-body_thre_0.5_masked_sub-MONSTERA15_task-07.csv"
[1] "/home/wanjiag/projects/MONSTERA/derivatives/csv_files/fMRI/sub-MONSTERA15/ca1-body_thre_0.5_masked_sub-MONSTERA15_task-08.csv"
[1] "/home/wanjiag/projects/MONSTERA/derivatives/csv_files/fMRI/sub-MONSTERA15/ca1-body_thre_0.5_masked_sub-MONSTERA15_task-09.csv"
[1] "/home/wanjiag/projects/MONSTERA/derivatives/csv_files/fMRI/sub-MONSTERA15/ca1-body_thre_0.5_masked_sub-MONSTERA15_task-10.csv"
[1] "/home/wanjiag/projects/MONSTERA/derivatives/csv_files/fMRI/sub-MONSTERA16/ca1-body_thre_0.5_masked_sub-MONSTERA16_task-01.csv"
[1] "/home/wanjiag/projects/MONSTERA/derivatives/csv_files/fMRI/sub-MONSTERA16/ca1-body_thre_0.5_masked_sub-MONSTERA16_task-02.csv"
[1] "/home/wanjiag/projects/MONSTERA/derivatives/csv_files/fMRI/sub-MONSTERA16/ca1-body_thre_0.5_masked_sub-MONSTERA16_task-03.csv"
[1] "/home/wanjiag/projects/MONSTERA/derivatives/csv_files/fMRI/sub-MONSTERA16/ca1-body_thre_0.5_masked_sub-MONSTERA16_task-04.csv"
[1] "/home/wanjiag/projects/MONSTERA/derivatives/csv_files/fMRI/sub-MONSTERA16/ca1-body_thre_0.5_masked_sub-MONSTERA16_task-05.csv"
[1] "/home/wanjiag/projects/MONSTERA/derivatives/csv_files/fMRI/sub-MONSTERA16/ca1-body_thre_0.5_masked_sub-MONSTERA16_task-06.csv"
[1] "/home/wanjiag/projects/MONSTERA/derivatives/csv_files/fMRI/sub-MONSTERA16/ca1-body_thre_0.5_masked_sub-MONSTERA16_task-07.csv"
[1] "/home/wanjiag/projects/MONSTERA/derivatives/csv_files/fMRI/sub-MONSTERA16/ca1-body_thre_0.5_masked_sub-MONSTERA16_task-08.csv"
[1] "/home/wanjiag/projects/MONSTERA/derivatives/csv_files/fMRI/sub-MONSTERA16/ca1-body_thre_0.5_masked_sub-MONSTERA16_task-09.csv"
[1] "/home/wanjiag/projects/MONSTERA/derivatives/csv_files/fMRI/sub-MONSTERA16/ca1-body_thre_0.5_masked_sub-MONSTERA16_task-10.csv"
[1] "/home/wanjiag/projects/MONSTERA/derivatives/csv_files/fMRI/sub-MONSTERA17/ca1-body_thre_0.5_masked_sub-MONSTERA17_task-01.csv"
[1] "/home/wanjiag/projects/MONSTERA/derivatives/csv_files/fMRI/sub-MONSTERA17/ca1-body_thre_0.5_masked_sub-MONSTERA17_task-02.csv"
[1] "/home/wanjiag/projects/MONSTERA/derivatives/csv_files/fMRI/sub-MONSTERA17/ca1-body_thre_0.5_masked_sub-MONSTERA17_task-03.csv"
[1] "/home/wanjiag/projects/MONSTERA/derivatives/csv_files/fMRI/sub-MONSTERA17/ca1-body_thre_0.5_masked_sub-MONSTERA17_task-04.csv"
[1] "/home/wanjiag/projects/MONSTERA/derivatives/csv_files/fMRI/sub-MONSTERA17/ca1-body_thre_0.5_masked_sub-MONSTERA17_task-05.csv"
[1] "/home/wanjiag/projects/MONSTERA/derivatives/csv_files/fMRI/sub-MONSTERA17/ca1-body_thre_0.5_masked_sub-MONSTERA17_task-06.csv"
[1] "/home/wanjiag/projects/MONSTERA/derivatives/csv_files/fMRI/sub-MONSTERA17/ca1-body_thre_0.5_masked_sub-MONSTERA17_task-07.csv"
[1] "/home/wanjiag/projects/MONSTERA/derivatives/csv_files/fMRI/sub-MONSTERA17/ca1-body_thre_0.5_masked_sub-MONSTERA17_task-08.csv"
[1] "/home/wanjiag/projects/MONSTERA/derivatives/csv_files/fMRI/sub-MONSTERA17/ca1-body_thre_0.5_masked_sub-MONSTERA17_task-09.csv"
[1] "/home/wanjiag/projects/MONSTERA/derivatives/csv_files/fMRI/sub-MONSTERA17/ca1-body_thre_0.5_masked_sub-MONSTERA17_task-10.csv"
[1] "/home/wanjiag/projects/MONSTERA/derivatives/csv_files/fMRI/sub-MONSTERA18/ca1-body_thre_0.5_masked_sub-MONSTERA18_task-01.csv"
[1] "/home/wanjiag/projects/MONSTERA/derivatives/csv_files/fMRI/sub-MONSTERA18/ca1-body_thre_0.5_masked_sub-MONSTERA18_task-02.csv"
[1] "/home/wanjiag/projects/MONSTERA/derivatives/csv_files/fMRI/sub-MONSTERA18/ca1-body_thre_0.5_masked_sub-MONSTERA18_task-03.csv"
[1] "/home/wanjiag/projects/MONSTERA/derivatives/csv_files/fMRI/sub-MONSTERA18/ca1-body_thre_0.5_masked_sub-MONSTERA18_task-04.csv"
[1] "/home/wanjiag/projects/MONSTERA/derivatives/csv_files/fMRI/sub-MONSTERA18/ca1-body_thre_0.5_masked_sub-MONSTERA18_task-05.csv"
[1] "/home/wanjiag/projects/MONSTERA/derivatives/csv_files/fMRI/sub-MONSTERA18/ca1-body_thre_0.5_masked_sub-MONSTERA18_task-06.csv"
[1] "/home/wanjiag/projects/MONSTERA/derivatives/csv_files/fMRI/sub-MONSTERA18/ca1-body_thre_0.5_masked_sub-MONSTERA18_task-07.csv"
[1] "/home/wanjiag/projects/MONSTERA/derivatives/csv_files/fMRI/sub-MONSTERA18/ca1-body_thre_0.5_masked_sub-MONSTERA18_task-08.csv"
[1] "/home/wanjiag/projects/MONSTERA/derivatives/csv_files/fMRI/sub-MONSTERA18/ca1-body_thre_0.5_masked_sub-MONSTERA18_task-09.csv"
[1] "/home/wanjiag/projects/MONSTERA/derivatives/csv_files/fMRI/sub-MONSTERA18/ca1-body_thre_0.5_masked_sub-MONSTERA18_task-10.csv"
[1] "-----------ca1-body: 30.088251598676-----------"
[1] "-----------ca23dg_thre_0.5_masked-----------"
[1] "/home/wanjiag/projects/MONSTERA/derivatives/csv_files/fMRI/sub-MONSTERA14/ca23dg_thre_0.5_masked_sub-MONSTERA14_task-01.csv"
[1] "/home/wanjiag/projects/MONSTERA/derivatives/csv_files/fMRI/sub-MONSTERA14/ca23dg_thre_0.5_masked_sub-MONSTERA14_task-02.csv"
[1] "/home/wanjiag/projects/MONSTERA/derivatives/csv_files/fMRI/sub-MONSTERA14/ca23dg_thre_0.5_masked_sub-MONSTERA14_task-03.csv"
[1] "/home/wanjiag/projects/MONSTERA/derivatives/csv_files/fMRI/sub-MONSTERA14/ca23dg_thre_0.5_masked_sub-MONSTERA14_task-04.csv"
[1] "/home/wanjiag/projects/MONSTERA/derivatives/csv_files/fMRI/sub-MONSTERA14/ca23dg_thre_0.5_masked_sub-MONSTERA14_task-05.csv"
[1] "/home/wanjiag/projects/MONSTERA/derivatives/csv_files/fMRI/sub-MONSTERA14/ca23dg_thre_0.5_masked_sub-MONSTERA14_task-06.csv"
[1] "/home/wanjiag/projects/MONSTERA/derivatives/csv_files/fMRI/sub-MONSTERA14/ca23dg_thre_0.5_masked_sub-MONSTERA14_task-07.csv"
[1] "/home/wanjiag/projects/MONSTERA/derivatives/csv_files/fMRI/sub-MONSTERA14/ca23dg_thre_0.5_masked_sub-MONSTERA14_task-08.csv"
[1] "/home/wanjiag/projects/MONSTERA/derivatives/csv_files/fMRI/sub-MONSTERA14/ca23dg_thre_0.5_masked_sub-MONSTERA14_task-09.csv"
[1] "/home/wanjiag/projects/MONSTERA/derivatives/csv_files/fMRI/sub-MONSTERA14/ca23dg_thre_0.5_masked_sub-MONSTERA14_task-10.csv"
[1] "/home/wanjiag/projects/MONSTERA/derivatives/csv_files/fMRI/sub-MONSTERA15/ca23dg_thre_0.5_masked_sub-MONSTERA15_task-01.csv"
[1] "/home/wanjiag/projects/MONSTERA/derivatives/csv_files/fMRI/sub-MONSTERA15/ca23dg_thre_0.5_masked_sub-MONSTERA15_task-02.csv"
[1] "/home/wanjiag/projects/MONSTERA/derivatives/csv_files/fMRI/sub-MONSTERA15/ca23dg_thre_0.5_masked_sub-MONSTERA15_task-03.csv"
[1] "/home/wanjiag/projects/MONSTERA/derivatives/csv_files/fMRI/sub-MONSTERA15/ca23dg_thre_0.5_masked_sub-MONSTERA15_task-04.csv"
[1] "/home/wanjiag/projects/MONSTERA/derivatives/csv_files/fMRI/sub-MONSTERA15/ca23dg_thre_0.5_masked_sub-MONSTERA15_task-05.csv"
[1] "/home/wanjiag/projects/MONSTERA/derivatives/csv_files/fMRI/sub-MONSTERA15/ca23dg_thre_0.5_masked_sub-MONSTERA15_task-06.csv"
[1] "/home/wanjiag/projects/MONSTERA/derivatives/csv_files/fMRI/sub-MONSTERA15/ca23dg_thre_0.5_masked_sub-MONSTERA15_task-07.csv"
[1] "/home/wanjiag/projects/MONSTERA/derivatives/csv_files/fMRI/sub-MONSTERA15/ca23dg_thre_0.5_masked_sub-MONSTERA15_task-08.csv"
[1] "/home/wanjiag/projects/MONSTERA/derivatives/csv_files/fMRI/sub-MONSTERA15/ca23dg_thre_0.5_masked_sub-MONSTERA15_task-09.csv"
[1] "/home/wanjiag/projects/MONSTERA/derivatives/csv_files/fMRI/sub-MONSTERA15/ca23dg_thre_0.5_masked_sub-MONSTERA15_task-10.csv"
[1] "/home/wanjiag/projects/MONSTERA/derivatives/csv_files/fMRI/sub-MONSTERA16/ca23dg_thre_0.5_masked_sub-MONSTERA16_task-01.csv"
[1] "/home/wanjiag/projects/MONSTERA/derivatives/csv_files/fMRI/sub-MONSTERA16/ca23dg_thre_0.5_masked_sub-MONSTERA16_task-02.csv"
[1] "/home/wanjiag/projects/MONSTERA/derivatives/csv_files/fMRI/sub-MONSTERA16/ca23dg_thre_0.5_masked_sub-MONSTERA16_task-03.csv"
[1] "/home/wanjiag/projects/MONSTERA/derivatives/csv_files/fMRI/sub-MONSTERA16/ca23dg_thre_0.5_masked_sub-MONSTERA16_task-04.csv"
[1] "/home/wanjiag/projects/MONSTERA/derivatives/csv_files/fMRI/sub-MONSTERA16/ca23dg_thre_0.5_masked_sub-MONSTERA16_task-05.csv"
[1] "/home/wanjiag/projects/MONSTERA/derivatives/csv_files/fMRI/sub-MONSTERA16/ca23dg_thre_0.5_masked_sub-MONSTERA16_task-06.csv"
[1] "/home/wanjiag/projects/MONSTERA/derivatives/csv_files/fMRI/sub-MONSTERA16/ca23dg_thre_0.5_masked_sub-MONSTERA16_task-07.csv"
[1] "/home/wanjiag/projects/MONSTERA/derivatives/csv_files/fMRI/sub-MONSTERA16/ca23dg_thre_0.5_masked_sub-MONSTERA16_task-08.csv"
[1] "/home/wanjiag/projects/MONSTERA/derivatives/csv_files/fMRI/sub-MONSTERA16/ca23dg_thre_0.5_masked_sub-MONSTERA16_task-09.csv"
[1] "/home/wanjiag/projects/MONSTERA/derivatives/csv_files/fMRI/sub-MONSTERA16/ca23dg_thre_0.5_masked_sub-MONSTERA16_task-10.csv"
[1] "/home/wanjiag/projects/MONSTERA/derivatives/csv_files/fMRI/sub-MONSTERA17/ca23dg_thre_0.5_masked_sub-MONSTERA17_task-01.csv"
[1] "/home/wanjiag/projects/MONSTERA/derivatives/csv_files/fMRI/sub-MONSTERA17/ca23dg_thre_0.5_masked_sub-MONSTERA17_task-02.csv"
[1] "/home/wanjiag/projects/MONSTERA/derivatives/csv_files/fMRI/sub-MONSTERA17/ca23dg_thre_0.5_masked_sub-MONSTERA17_task-03.csv"
[1] "/home/wanjiag/projects/MONSTERA/derivatives/csv_files/fMRI/sub-MONSTERA17/ca23dg_thre_0.5_masked_sub-MONSTERA17_task-04.csv"
[1] "/home/wanjiag/projects/MONSTERA/derivatives/csv_files/fMRI/sub-MONSTERA17/ca23dg_thre_0.5_masked_sub-MONSTERA17_task-05.csv"
[1] "/home/wanjiag/projects/MONSTERA/derivatives/csv_files/fMRI/sub-MONSTERA17/ca23dg_thre_0.5_masked_sub-MONSTERA17_task-06.csv"
[1] "/home/wanjiag/projects/MONSTERA/derivatives/csv_files/fMRI/sub-MONSTERA17/ca23dg_thre_0.5_masked_sub-MONSTERA17_task-07.csv"
[1] "/home/wanjiag/projects/MONSTERA/derivatives/csv_files/fMRI/sub-MONSTERA17/ca23dg_thre_0.5_masked_sub-MONSTERA17_task-08.csv"
[1] "/home/wanjiag/projects/MONSTERA/derivatives/csv_files/fMRI/sub-MONSTERA17/ca23dg_thre_0.5_masked_sub-MONSTERA17_task-09.csv"
[1] "/home/wanjiag/projects/MONSTERA/derivatives/csv_files/fMRI/sub-MONSTERA17/ca23dg_thre_0.5_masked_sub-MONSTERA17_task-10.csv"
[1] "/home/wanjiag/projects/MONSTERA/derivatives/csv_files/fMRI/sub-MONSTERA18/ca23dg_thre_0.5_masked_sub-MONSTERA18_task-01.csv"
[1] "/home/wanjiag/projects/MONSTERA/derivatives/csv_files/fMRI/sub-MONSTERA18/ca23dg_thre_0.5_masked_sub-MONSTERA18_task-02.csv"
[1] "/home/wanjiag/projects/MONSTERA/derivatives/csv_files/fMRI/sub-MONSTERA18/ca23dg_thre_0.5_masked_sub-MONSTERA18_task-03.csv"
[1] "/home/wanjiag/projects/MONSTERA/derivatives/csv_files/fMRI/sub-MONSTERA18/ca23dg_thre_0.5_masked_sub-MONSTERA18_task-04.csv"
[1] "/home/wanjiag/projects/MONSTERA/derivatives/csv_files/fMRI/sub-MONSTERA18/ca23dg_thre_0.5_masked_sub-MONSTERA18_task-05.csv"
[1] "/home/wanjiag/projects/MONSTERA/derivatives/csv_files/fMRI/sub-MONSTERA18/ca23dg_thre_0.5_masked_sub-MONSTERA18_task-06.csv"
[1] "/home/wanjiag/projects/MONSTERA/derivatives/csv_files/fMRI/sub-MONSTERA18/ca23dg_thre_0.5_masked_sub-MONSTERA18_task-07.csv"
[1] "/home/wanjiag/projects/MONSTERA/derivatives/csv_files/fMRI/sub-MONSTERA18/ca23dg_thre_0.5_masked_sub-MONSTERA18_task-08.csv"
[1] "/home/wanjiag/projects/MONSTERA/derivatives/csv_files/fMRI/sub-MONSTERA18/ca23dg_thre_0.5_masked_sub-MONSTERA18_task-09.csv"
[1] "/home/wanjiag/projects/MONSTERA/derivatives/csv_files/fMRI/sub-MONSTERA18/ca23dg_thre_0.5_masked_sub-MONSTERA18_task-10.csv"
[1] "-----------ca23dg: 33.6732760628064-----------"
[1] "-----------ca1_thre_0.5_masked-----------"
[1] "/home/wanjiag/projects/MONSTERA/derivatives/csv_files/fMRI/sub-MONSTERA14/ca1_thre_0.5_masked_sub-MONSTERA14_task-01.csv"
[1] "/home/wanjiag/projects/MONSTERA/derivatives/csv_files/fMRI/sub-MONSTERA14/ca1_thre_0.5_masked_sub-MONSTERA14_task-02.csv"
[1] "/home/wanjiag/projects/MONSTERA/derivatives/csv_files/fMRI/sub-MONSTERA14/ca1_thre_0.5_masked_sub-MONSTERA14_task-03.csv"
[1] "/home/wanjiag/projects/MONSTERA/derivatives/csv_files/fMRI/sub-MONSTERA14/ca1_thre_0.5_masked_sub-MONSTERA14_task-04.csv"
[1] "/home/wanjiag/projects/MONSTERA/derivatives/csv_files/fMRI/sub-MONSTERA14/ca1_thre_0.5_masked_sub-MONSTERA14_task-05.csv"
[1] "/home/wanjiag/projects/MONSTERA/derivatives/csv_files/fMRI/sub-MONSTERA14/ca1_thre_0.5_masked_sub-MONSTERA14_task-06.csv"
[1] "/home/wanjiag/projects/MONSTERA/derivatives/csv_files/fMRI/sub-MONSTERA14/ca1_thre_0.5_masked_sub-MONSTERA14_task-07.csv"
[1] "/home/wanjiag/projects/MONSTERA/derivatives/csv_files/fMRI/sub-MONSTERA14/ca1_thre_0.5_masked_sub-MONSTERA14_task-08.csv"
[1] "/home/wanjiag/projects/MONSTERA/derivatives/csv_files/fMRI/sub-MONSTERA14/ca1_thre_0.5_masked_sub-MONSTERA14_task-09.csv"
[1] "/home/wanjiag/projects/MONSTERA/derivatives/csv_files/fMRI/sub-MONSTERA14/ca1_thre_0.5_masked_sub-MONSTERA14_task-10.csv"
[1] "/home/wanjiag/projects/MONSTERA/derivatives/csv_files/fMRI/sub-MONSTERA15/ca1_thre_0.5_masked_sub-MONSTERA15_task-01.csv"
[1] "/home/wanjiag/projects/MONSTERA/derivatives/csv_files/fMRI/sub-MONSTERA15/ca1_thre_0.5_masked_sub-MONSTERA15_task-02.csv"
[1] "/home/wanjiag/projects/MONSTERA/derivatives/csv_files/fMRI/sub-MONSTERA15/ca1_thre_0.5_masked_sub-MONSTERA15_task-03.csv"
[1] "/home/wanjiag/projects/MONSTERA/derivatives/csv_files/fMRI/sub-MONSTERA15/ca1_thre_0.5_masked_sub-MONSTERA15_task-04.csv"
[1] "/home/wanjiag/projects/MONSTERA/derivatives/csv_files/fMRI/sub-MONSTERA15/ca1_thre_0.5_masked_sub-MONSTERA15_task-05.csv"
[1] "/home/wanjiag/projects/MONSTERA/derivatives/csv_files/fMRI/sub-MONSTERA15/ca1_thre_0.5_masked_sub-MONSTERA15_task-06.csv"
[1] "/home/wanjiag/projects/MONSTERA/derivatives/csv_files/fMRI/sub-MONSTERA15/ca1_thre_0.5_masked_sub-MONSTERA15_task-07.csv"
[1] "/home/wanjiag/projects/MONSTERA/derivatives/csv_files/fMRI/sub-MONSTERA15/ca1_thre_0.5_masked_sub-MONSTERA15_task-08.csv"
[1] "/home/wanjiag/projects/MONSTERA/derivatives/csv_files/fMRI/sub-MONSTERA15/ca1_thre_0.5_masked_sub-MONSTERA15_task-09.csv"
[1] "/home/wanjiag/projects/MONSTERA/derivatives/csv_files/fMRI/sub-MONSTERA15/ca1_thre_0.5_masked_sub-MONSTERA15_task-10.csv"
[1] "/home/wanjiag/projects/MONSTERA/derivatives/csv_files/fMRI/sub-MONSTERA16/ca1_thre_0.5_masked_sub-MONSTERA16_task-01.csv"
[1] "/home/wanjiag/projects/MONSTERA/derivatives/csv_files/fMRI/sub-MONSTERA16/ca1_thre_0.5_masked_sub-MONSTERA16_task-02.csv"
[1] "/home/wanjiag/projects/MONSTERA/derivatives/csv_files/fMRI/sub-MONSTERA16/ca1_thre_0.5_masked_sub-MONSTERA16_task-03.csv"
[1] "/home/wanjiag/projects/MONSTERA/derivatives/csv_files/fMRI/sub-MONSTERA16/ca1_thre_0.5_masked_sub-MONSTERA16_task-04.csv"
[1] "/home/wanjiag/projects/MONSTERA/derivatives/csv_files/fMRI/sub-MONSTERA16/ca1_thre_0.5_masked_sub-MONSTERA16_task-05.csv"
[1] "/home/wanjiag/projects/MONSTERA/derivatives/csv_files/fMRI/sub-MONSTERA16/ca1_thre_0.5_masked_sub-MONSTERA16_task-06.csv"
[1] "/home/wanjiag/projects/MONSTERA/derivatives/csv_files/fMRI/sub-MONSTERA16/ca1_thre_0.5_masked_sub-MONSTERA16_task-07.csv"
[1] "/home/wanjiag/projects/MONSTERA/derivatives/csv_files/fMRI/sub-MONSTERA16/ca1_thre_0.5_masked_sub-MONSTERA16_task-08.csv"
[1] "/home/wanjiag/projects/MONSTERA/derivatives/csv_files/fMRI/sub-MONSTERA16/ca1_thre_0.5_masked_sub-MONSTERA16_task-09.csv"
[1] "/home/wanjiag/projects/MONSTERA/derivatives/csv_files/fMRI/sub-MONSTERA16/ca1_thre_0.5_masked_sub-MONSTERA16_task-10.csv"
[1] "/home/wanjiag/projects/MONSTERA/derivatives/csv_files/fMRI/sub-MONSTERA17/ca1_thre_0.5_masked_sub-MONSTERA17_task-01.csv"
[1] "/home/wanjiag/projects/MONSTERA/derivatives/csv_files/fMRI/sub-MONSTERA17/ca1_thre_0.5_masked_sub-MONSTERA17_task-02.csv"
[1] "/home/wanjiag/projects/MONSTERA/derivatives/csv_files/fMRI/sub-MONSTERA17/ca1_thre_0.5_masked_sub-MONSTERA17_task-03.csv"
[1] "/home/wanjiag/projects/MONSTERA/derivatives/csv_files/fMRI/sub-MONSTERA17/ca1_thre_0.5_masked_sub-MONSTERA17_task-04.csv"
[1] "/home/wanjiag/projects/MONSTERA/derivatives/csv_files/fMRI/sub-MONSTERA17/ca1_thre_0.5_masked_sub-MONSTERA17_task-05.csv"
[1] "/home/wanjiag/projects/MONSTERA/derivatives/csv_files/fMRI/sub-MONSTERA17/ca1_thre_0.5_masked_sub-MONSTERA17_task-06.csv"
[1] "/home/wanjiag/projects/MONSTERA/derivatives/csv_files/fMRI/sub-MONSTERA17/ca1_thre_0.5_masked_sub-MONSTERA17_task-07.csv"
[1] "/home/wanjiag/projects/MONSTERA/derivatives/csv_files/fMRI/sub-MONSTERA17/ca1_thre_0.5_masked_sub-MONSTERA17_task-08.csv"
[1] "/home/wanjiag/projects/MONSTERA/derivatives/csv_files/fMRI/sub-MONSTERA17/ca1_thre_0.5_masked_sub-MONSTERA17_task-09.csv"
[1] "/home/wanjiag/projects/MONSTERA/derivatives/csv_files/fMRI/sub-MONSTERA17/ca1_thre_0.5_masked_sub-MONSTERA17_task-10.csv"
[1] "/home/wanjiag/projects/MONSTERA/derivatives/csv_files/fMRI/sub-MONSTERA18/ca1_thre_0.5_masked_sub-MONSTERA18_task-01.csv"
[1] "/home/wanjiag/projects/MONSTERA/derivatives/csv_files/fMRI/sub-MONSTERA18/ca1_thre_0.5_masked_sub-MONSTERA18_task-02.csv"
[1] "/home/wanjiag/projects/MONSTERA/derivatives/csv_files/fMRI/sub-MONSTERA18/ca1_thre_0.5_masked_sub-MONSTERA18_task-03.csv"
[1] "/home/wanjiag/projects/MONSTERA/derivatives/csv_files/fMRI/sub-MONSTERA18/ca1_thre_0.5_masked_sub-MONSTERA18_task-04.csv"
[1] "/home/wanjiag/projects/MONSTERA/derivatives/csv_files/fMRI/sub-MONSTERA18/ca1_thre_0.5_masked_sub-MONSTERA18_task-05.csv"
[1] "/home/wanjiag/projects/MONSTERA/derivatives/csv_files/fMRI/sub-MONSTERA18/ca1_thre_0.5_masked_sub-MONSTERA18_task-06.csv"
[1] "/home/wanjiag/projects/MONSTERA/derivatives/csv_files/fMRI/sub-MONSTERA18/ca1_thre_0.5_masked_sub-MONSTERA18_task-07.csv"
[1] "/home/wanjiag/projects/MONSTERA/derivatives/csv_files/fMRI/sub-MONSTERA18/ca1_thre_0.5_masked_sub-MONSTERA18_task-08.csv"
[1] "/home/wanjiag/projects/MONSTERA/derivatives/csv_files/fMRI/sub-MONSTERA18/ca1_thre_0.5_masked_sub-MONSTERA18_task-09.csv"
[1] "/home/wanjiag/projects/MONSTERA/derivatives/csv_files/fMRI/sub-MONSTERA18/ca1_thre_0.5_masked_sub-MONSTERA18_task-10.csv"
[1] "-----------ca1: 36.2844874938329-----------"
[1] "-----------angular_gyrus_2_epi_thre_0.5_masked-----------"
[1] "/home/wanjiag/projects/MONSTERA/derivatives/csv_files/fMRI/sub-MONSTERA14/angular_gyrus_2_epi_thre_0.5_masked_sub-MONSTERA14_task-01.csv"
[1] "/home/wanjiag/projects/MONSTERA/derivatives/csv_files/fMRI/sub-MONSTERA14/angular_gyrus_2_epi_thre_0.5_masked_sub-MONSTERA14_task-02.csv"
[1] "/home/wanjiag/projects/MONSTERA/derivatives/csv_files/fMRI/sub-MONSTERA14/angular_gyrus_2_epi_thre_0.5_masked_sub-MONSTERA14_task-03.csv"
[1] "/home/wanjiag/projects/MONSTERA/derivatives/csv_files/fMRI/sub-MONSTERA14/angular_gyrus_2_epi_thre_0.5_masked_sub-MONSTERA14_task-04.csv"
[1] "/home/wanjiag/projects/MONSTERA/derivatives/csv_files/fMRI/sub-MONSTERA14/angular_gyrus_2_epi_thre_0.5_masked_sub-MONSTERA14_task-05.csv"
[1] "/home/wanjiag/projects/MONSTERA/derivatives/csv_files/fMRI/sub-MONSTERA14/angular_gyrus_2_epi_thre_0.5_masked_sub-MONSTERA14_task-06.csv"
[1] "/home/wanjiag/projects/MONSTERA/derivatives/csv_files/fMRI/sub-MONSTERA14/angular_gyrus_2_epi_thre_0.5_masked_sub-MONSTERA14_task-07.csv"
[1] "/home/wanjiag/projects/MONSTERA/derivatives/csv_files/fMRI/sub-MONSTERA14/angular_gyrus_2_epi_thre_0.5_masked_sub-MONSTERA14_task-08.csv"
[1] "/home/wanjiag/projects/MONSTERA/derivatives/csv_files/fMRI/sub-MONSTERA14/angular_gyrus_2_epi_thre_0.5_masked_sub-MONSTERA14_task-09.csv"
[1] "/home/wanjiag/projects/MONSTERA/derivatives/csv_files/fMRI/sub-MONSTERA14/angular_gyrus_2_epi_thre_0.5_masked_sub-MONSTERA14_task-10.csv"
[1] "/home/wanjiag/projects/MONSTERA/derivatives/csv_files/fMRI/sub-MONSTERA15/angular_gyrus_2_epi_thre_0.5_masked_sub-MONSTERA15_task-01.csv"
[1] "/home/wanjiag/projects/MONSTERA/derivatives/csv_files/fMRI/sub-MONSTERA15/angular_gyrus_2_epi_thre_0.5_masked_sub-MONSTERA15_task-02.csv"
[1] "/home/wanjiag/projects/MONSTERA/derivatives/csv_files/fMRI/sub-MONSTERA15/angular_gyrus_2_epi_thre_0.5_masked_sub-MONSTERA15_task-03.csv"
[1] "/home/wanjiag/projects/MONSTERA/derivatives/csv_files/fMRI/sub-MONSTERA15/angular_gyrus_2_epi_thre_0.5_masked_sub-MONSTERA15_task-04.csv"
[1] "/home/wanjiag/projects/MONSTERA/derivatives/csv_files/fMRI/sub-MONSTERA15/angular_gyrus_2_epi_thre_0.5_masked_sub-MONSTERA15_task-05.csv"
[1] "/home/wanjiag/projects/MONSTERA/derivatives/csv_files/fMRI/sub-MONSTERA15/angular_gyrus_2_epi_thre_0.5_masked_sub-MONSTERA15_task-06.csv"
[1] "/home/wanjiag/projects/MONSTERA/derivatives/csv_files/fMRI/sub-MONSTERA15/angular_gyrus_2_epi_thre_0.5_masked_sub-MONSTERA15_task-07.csv"
[1] "/home/wanjiag/projects/MONSTERA/derivatives/csv_files/fMRI/sub-MONSTERA15/angular_gyrus_2_epi_thre_0.5_masked_sub-MONSTERA15_task-08.csv"
[1] "/home/wanjiag/projects/MONSTERA/derivatives/csv_files/fMRI/sub-MONSTERA15/angular_gyrus_2_epi_thre_0.5_masked_sub-MONSTERA15_task-09.csv"
[1] "/home/wanjiag/projects/MONSTERA/derivatives/csv_files/fMRI/sub-MONSTERA15/angular_gyrus_2_epi_thre_0.5_masked_sub-MONSTERA15_task-10.csv"
[1] "/home/wanjiag/projects/MONSTERA/derivatives/csv_files/fMRI/sub-MONSTERA16/angular_gyrus_2_epi_thre_0.5_masked_sub-MONSTERA16_task-01.csv"
[1] "/home/wanjiag/projects/MONSTERA/derivatives/csv_files/fMRI/sub-MONSTERA16/angular_gyrus_2_epi_thre_0.5_masked_sub-MONSTERA16_task-02.csv"
[1] "/home/wanjiag/projects/MONSTERA/derivatives/csv_files/fMRI/sub-MONSTERA16/angular_gyrus_2_epi_thre_0.5_masked_sub-MONSTERA16_task-03.csv"
[1] "/home/wanjiag/projects/MONSTERA/derivatives/csv_files/fMRI/sub-MONSTERA16/angular_gyrus_2_epi_thre_0.5_masked_sub-MONSTERA16_task-04.csv"
[1] "/home/wanjiag/projects/MONSTERA/derivatives/csv_files/fMRI/sub-MONSTERA16/angular_gyrus_2_epi_thre_0.5_masked_sub-MONSTERA16_task-05.csv"
[1] "/home/wanjiag/projects/MONSTERA/derivatives/csv_files/fMRI/sub-MONSTERA16/angular_gyrus_2_epi_thre_0.5_masked_sub-MONSTERA16_task-06.csv"
[1] "/home/wanjiag/projects/MONSTERA/derivatives/csv_files/fMRI/sub-MONSTERA16/angular_gyrus_2_epi_thre_0.5_masked_sub-MONSTERA16_task-07.csv"
[1] "/home/wanjiag/projects/MONSTERA/derivatives/csv_files/fMRI/sub-MONSTERA16/angular_gyrus_2_epi_thre_0.5_masked_sub-MONSTERA16_task-08.csv"
[1] "/home/wanjiag/projects/MONSTERA/derivatives/csv_files/fMRI/sub-MONSTERA16/angular_gyrus_2_epi_thre_0.5_masked_sub-MONSTERA16_task-09.csv"
[1] "/home/wanjiag/projects/MONSTERA/derivatives/csv_files/fMRI/sub-MONSTERA16/angular_gyrus_2_epi_thre_0.5_masked_sub-MONSTERA16_task-10.csv"
[1] "/home/wanjiag/projects/MONSTERA/derivatives/csv_files/fMRI/sub-MONSTERA17/angular_gyrus_2_epi_thre_0.5_masked_sub-MONSTERA17_task-01.csv"
[1] "/home/wanjiag/projects/MONSTERA/derivatives/csv_files/fMRI/sub-MONSTERA17/angular_gyrus_2_epi_thre_0.5_masked_sub-MONSTERA17_task-02.csv"
[1] "/home/wanjiag/projects/MONSTERA/derivatives/csv_files/fMRI/sub-MONSTERA17/angular_gyrus_2_epi_thre_0.5_masked_sub-MONSTERA17_task-03.csv"
[1] "/home/wanjiag/projects/MONSTERA/derivatives/csv_files/fMRI/sub-MONSTERA17/angular_gyrus_2_epi_thre_0.5_masked_sub-MONSTERA17_task-04.csv"
[1] "/home/wanjiag/projects/MONSTERA/derivatives/csv_files/fMRI/sub-MONSTERA17/angular_gyrus_2_epi_thre_0.5_masked_sub-MONSTERA17_task-05.csv"
[1] "/home/wanjiag/projects/MONSTERA/derivatives/csv_files/fMRI/sub-MONSTERA17/angular_gyrus_2_epi_thre_0.5_masked_sub-MONSTERA17_task-06.csv"
[1] "/home/wanjiag/projects/MONSTERA/derivatives/csv_files/fMRI/sub-MONSTERA17/angular_gyrus_2_epi_thre_0.5_masked_sub-MONSTERA17_task-07.csv"
[1] "/home/wanjiag/projects/MONSTERA/derivatives/csv_files/fMRI/sub-MONSTERA17/angular_gyrus_2_epi_thre_0.5_masked_sub-MONSTERA17_task-08.csv"
[1] "/home/wanjiag/projects/MONSTERA/derivatives/csv_files/fMRI/sub-MONSTERA17/angular_gyrus_2_epi_thre_0.5_masked_sub-MONSTERA17_task-09.csv"
[1] "/home/wanjiag/projects/MONSTERA/derivatives/csv_files/fMRI/sub-MONSTERA17/angular_gyrus_2_epi_thre_0.5_masked_sub-MONSTERA17_task-10.csv"
[1] "/home/wanjiag/projects/MONSTERA/derivatives/csv_files/fMRI/sub-MONSTERA18/angular_gyrus_2_epi_thre_0.5_masked_sub-MONSTERA18_task-01.csv"
[1] "/home/wanjiag/projects/MONSTERA/derivatives/csv_files/fMRI/sub-MONSTERA18/angular_gyrus_2_epi_thre_0.5_masked_sub-MONSTERA18_task-02.csv"
[1] "/home/wanjiag/projects/MONSTERA/derivatives/csv_files/fMRI/sub-MONSTERA18/angular_gyrus_2_epi_thre_0.5_masked_sub-MONSTERA18_task-03.csv"
[1] "/home/wanjiag/projects/MONSTERA/derivatives/csv_files/fMRI/sub-MONSTERA18/angular_gyrus_2_epi_thre_0.5_masked_sub-MONSTERA18_task-04.csv"
[1] "/home/wanjiag/projects/MONSTERA/derivatives/csv_files/fMRI/sub-MONSTERA18/angular_gyrus_2_epi_thre_0.5_masked_sub-MONSTERA18_task-05.csv"
[1] "/home/wanjiag/projects/MONSTERA/derivatives/csv_files/fMRI/sub-MONSTERA18/angular_gyrus_2_epi_thre_0.5_masked_sub-MONSTERA18_task-06.csv"
[1] "/home/wanjiag/projects/MONSTERA/derivatives/csv_files/fMRI/sub-MONSTERA18/angular_gyrus_2_epi_thre_0.5_masked_sub-MONSTERA18_task-07.csv"
[1] "/home/wanjiag/projects/MONSTERA/derivatives/csv_files/fMRI/sub-MONSTERA18/angular_gyrus_2_epi_thre_0.5_masked_sub-MONSTERA18_task-08.csv"
[1] "/home/wanjiag/projects/MONSTERA/derivatives/csv_files/fMRI/sub-MONSTERA18/angular_gyrus_2_epi_thre_0.5_masked_sub-MONSTERA18_task-09.csv"
[1] "/home/wanjiag/projects/MONSTERA/derivatives/csv_files/fMRI/sub-MONSTERA18/angular_gyrus_2_epi_thre_0.5_masked_sub-MONSTERA18_task-10.csv"
[1] "-----------angular_gyrus: 1.34919256587823-----------"
[1] "-----------evc_2_epi_thre_0.5_masked-----------"
[1] "/home/wanjiag/projects/MONSTERA/derivatives/csv_files/fMRI/sub-MONSTERA14/evc_2_epi_thre_0.5_masked_sub-MONSTERA14_task-01.csv"
[1] "/home/wanjiag/projects/MONSTERA/derivatives/csv_files/fMRI/sub-MONSTERA14/evc_2_epi_thre_0.5_masked_sub-MONSTERA14_task-02.csv"
[1] "/home/wanjiag/projects/MONSTERA/derivatives/csv_files/fMRI/sub-MONSTERA14/evc_2_epi_thre_0.5_masked_sub-MONSTERA14_task-03.csv"
[1] "/home/wanjiag/projects/MONSTERA/derivatives/csv_files/fMRI/sub-MONSTERA14/evc_2_epi_thre_0.5_masked_sub-MONSTERA14_task-04.csv"
[1] "/home/wanjiag/projects/MONSTERA/derivatives/csv_files/fMRI/sub-MONSTERA14/evc_2_epi_thre_0.5_masked_sub-MONSTERA14_task-05.csv"
[1] "/home/wanjiag/projects/MONSTERA/derivatives/csv_files/fMRI/sub-MONSTERA14/evc_2_epi_thre_0.5_masked_sub-MONSTERA14_task-06.csv"
[1] "/home/wanjiag/projects/MONSTERA/derivatives/csv_files/fMRI/sub-MONSTERA14/evc_2_epi_thre_0.5_masked_sub-MONSTERA14_task-07.csv"
[1] "/home/wanjiag/projects/MONSTERA/derivatives/csv_files/fMRI/sub-MONSTERA14/evc_2_epi_thre_0.5_masked_sub-MONSTERA14_task-08.csv"
[1] "/home/wanjiag/projects/MONSTERA/derivatives/csv_files/fMRI/sub-MONSTERA14/evc_2_epi_thre_0.5_masked_sub-MONSTERA14_task-09.csv"
[1] "/home/wanjiag/projects/MONSTERA/derivatives/csv_files/fMRI/sub-MONSTERA14/evc_2_epi_thre_0.5_masked_sub-MONSTERA14_task-10.csv"
[1] "/home/wanjiag/projects/MONSTERA/derivatives/csv_files/fMRI/sub-MONSTERA15/evc_2_epi_thre_0.5_masked_sub-MONSTERA15_task-01.csv"
[1] "/home/wanjiag/projects/MONSTERA/derivatives/csv_files/fMRI/sub-MONSTERA15/evc_2_epi_thre_0.5_masked_sub-MONSTERA15_task-02.csv"
[1] "/home/wanjiag/projects/MONSTERA/derivatives/csv_files/fMRI/sub-MONSTERA15/evc_2_epi_thre_0.5_masked_sub-MONSTERA15_task-03.csv"
[1] "/home/wanjiag/projects/MONSTERA/derivatives/csv_files/fMRI/sub-MONSTERA15/evc_2_epi_thre_0.5_masked_sub-MONSTERA15_task-04.csv"
[1] "/home/wanjiag/projects/MONSTERA/derivatives/csv_files/fMRI/sub-MONSTERA15/evc_2_epi_thre_0.5_masked_sub-MONSTERA15_task-05.csv"
[1] "/home/wanjiag/projects/MONSTERA/derivatives/csv_files/fMRI/sub-MONSTERA15/evc_2_epi_thre_0.5_masked_sub-MONSTERA15_task-06.csv"
[1] "/home/wanjiag/projects/MONSTERA/derivatives/csv_files/fMRI/sub-MONSTERA15/evc_2_epi_thre_0.5_masked_sub-MONSTERA15_task-07.csv"
[1] "/home/wanjiag/projects/MONSTERA/derivatives/csv_files/fMRI/sub-MONSTERA15/evc_2_epi_thre_0.5_masked_sub-MONSTERA15_task-08.csv"
[1] "/home/wanjiag/projects/MONSTERA/derivatives/csv_files/fMRI/sub-MONSTERA15/evc_2_epi_thre_0.5_masked_sub-MONSTERA15_task-09.csv"
[1] "/home/wanjiag/projects/MONSTERA/derivatives/csv_files/fMRI/sub-MONSTERA15/evc_2_epi_thre_0.5_masked_sub-MONSTERA15_task-10.csv"
[1] "/home/wanjiag/projects/MONSTERA/derivatives/csv_files/fMRI/sub-MONSTERA16/evc_2_epi_thre_0.5_masked_sub-MONSTERA16_task-01.csv"
[1] "/home/wanjiag/projects/MONSTERA/derivatives/csv_files/fMRI/sub-MONSTERA16/evc_2_epi_thre_0.5_masked_sub-MONSTERA16_task-02.csv"
[1] "/home/wanjiag/projects/MONSTERA/derivatives/csv_files/fMRI/sub-MONSTERA16/evc_2_epi_thre_0.5_masked_sub-MONSTERA16_task-03.csv"
[1] "/home/wanjiag/projects/MONSTERA/derivatives/csv_files/fMRI/sub-MONSTERA16/evc_2_epi_thre_0.5_masked_sub-MONSTERA16_task-04.csv"
[1] "/home/wanjiag/projects/MONSTERA/derivatives/csv_files/fMRI/sub-MONSTERA16/evc_2_epi_thre_0.5_masked_sub-MONSTERA16_task-05.csv"
[1] "/home/wanjiag/projects/MONSTERA/derivatives/csv_files/fMRI/sub-MONSTERA16/evc_2_epi_thre_0.5_masked_sub-MONSTERA16_task-06.csv"
[1] "/home/wanjiag/projects/MONSTERA/derivatives/csv_files/fMRI/sub-MONSTERA16/evc_2_epi_thre_0.5_masked_sub-MONSTERA16_task-07.csv"
[1] "/home/wanjiag/projects/MONSTERA/derivatives/csv_files/fMRI/sub-MONSTERA16/evc_2_epi_thre_0.5_masked_sub-MONSTERA16_task-08.csv"
[1] "/home/wanjiag/projects/MONSTERA/derivatives/csv_files/fMRI/sub-MONSTERA16/evc_2_epi_thre_0.5_masked_sub-MONSTERA16_task-09.csv"
[1] "/home/wanjiag/projects/MONSTERA/derivatives/csv_files/fMRI/sub-MONSTERA16/evc_2_epi_thre_0.5_masked_sub-MONSTERA16_task-10.csv"
[1] "/home/wanjiag/projects/MONSTERA/derivatives/csv_files/fMRI/sub-MONSTERA17/evc_2_epi_thre_0.5_masked_sub-MONSTERA17_task-01.csv"
[1] "/home/wanjiag/projects/MONSTERA/derivatives/csv_files/fMRI/sub-MONSTERA17/evc_2_epi_thre_0.5_masked_sub-MONSTERA17_task-02.csv"
[1] "/home/wanjiag/projects/MONSTERA/derivatives/csv_files/fMRI/sub-MONSTERA17/evc_2_epi_thre_0.5_masked_sub-MONSTERA17_task-03.csv"
[1] "/home/wanjiag/projects/MONSTERA/derivatives/csv_files/fMRI/sub-MONSTERA17/evc_2_epi_thre_0.5_masked_sub-MONSTERA17_task-04.csv"
[1] "/home/wanjiag/projects/MONSTERA/derivatives/csv_files/fMRI/sub-MONSTERA17/evc_2_epi_thre_0.5_masked_sub-MONSTERA17_task-05.csv"
[1] "/home/wanjiag/projects/MONSTERA/derivatives/csv_files/fMRI/sub-MONSTERA17/evc_2_epi_thre_0.5_masked_sub-MONSTERA17_task-06.csv"
[1] "/home/wanjiag/projects/MONSTERA/derivatives/csv_files/fMRI/sub-MONSTERA17/evc_2_epi_thre_0.5_masked_sub-MONSTERA17_task-07.csv"
[1] "/home/wanjiag/projects/MONSTERA/derivatives/csv_files/fMRI/sub-MONSTERA17/evc_2_epi_thre_0.5_masked_sub-MONSTERA17_task-08.csv"
[1] "/home/wanjiag/projects/MONSTERA/derivatives/csv_files/fMRI/sub-MONSTERA17/evc_2_epi_thre_0.5_masked_sub-MONSTERA17_task-09.csv"
[1] "/home/wanjiag/projects/MONSTERA/derivatives/csv_files/fMRI/sub-MONSTERA17/evc_2_epi_thre_0.5_masked_sub-MONSTERA17_task-10.csv"
[1] "/home/wanjiag/projects/MONSTERA/derivatives/csv_files/fMRI/sub-MONSTERA18/evc_2_epi_thre_0.5_masked_sub-MONSTERA18_task-01.csv"
[1] "/home/wanjiag/projects/MONSTERA/derivatives/csv_files/fMRI/sub-MONSTERA18/evc_2_epi_thre_0.5_masked_sub-MONSTERA18_task-02.csv"
[1] "/home/wanjiag/projects/MONSTERA/derivatives/csv_files/fMRI/sub-MONSTERA18/evc_2_epi_thre_0.5_masked_sub-MONSTERA18_task-03.csv"
[1] "/home/wanjiag/projects/MONSTERA/derivatives/csv_files/fMRI/sub-MONSTERA18/evc_2_epi_thre_0.5_masked_sub-MONSTERA18_task-04.csv"
[1] "/home/wanjiag/projects/MONSTERA/derivatives/csv_files/fMRI/sub-MONSTERA18/evc_2_epi_thre_0.5_masked_sub-MONSTERA18_task-05.csv"
[1] "/home/wanjiag/projects/MONSTERA/derivatives/csv_files/fMRI/sub-MONSTERA18/evc_2_epi_thre_0.5_masked_sub-MONSTERA18_task-06.csv"
[1] "/home/wanjiag/projects/MONSTERA/derivatives/csv_files/fMRI/sub-MONSTERA18/evc_2_epi_thre_0.5_masked_sub-MONSTERA18_task-07.csv"
[1] "/home/wanjiag/projects/MONSTERA/derivatives/csv_files/fMRI/sub-MONSTERA18/evc_2_epi_thre_0.5_masked_sub-MONSTERA18_task-08.csv"
[1] "/home/wanjiag/projects/MONSTERA/derivatives/csv_files/fMRI/sub-MONSTERA18/evc_2_epi_thre_0.5_masked_sub-MONSTERA18_task-09.csv"
[1] "/home/wanjiag/projects/MONSTERA/derivatives/csv_files/fMRI/sub-MONSTERA18/evc_2_epi_thre_0.5_masked_sub-MONSTERA18_task-10.csv"
[1] "-----------evc: 50.2991422096888-----------"
[1] "-----------hippocampus_2_epi_thre_0.5_masked-----------"
[1] "/home/wanjiag/projects/MONSTERA/derivatives/csv_files/fMRI/sub-MONSTERA14/hippocampus_2_epi_thre_0.5_masked_sub-MONSTERA14_task-01.csv"
[1] "/home/wanjiag/projects/MONSTERA/derivatives/csv_files/fMRI/sub-MONSTERA14/hippocampus_2_epi_thre_0.5_masked_sub-MONSTERA14_task-02.csv"
[1] "/home/wanjiag/projects/MONSTERA/derivatives/csv_files/fMRI/sub-MONSTERA14/hippocampus_2_epi_thre_0.5_masked_sub-MONSTERA14_task-03.csv"
[1] "/home/wanjiag/projects/MONSTERA/derivatives/csv_files/fMRI/sub-MONSTERA14/hippocampus_2_epi_thre_0.5_masked_sub-MONSTERA14_task-04.csv"
[1] "/home/wanjiag/projects/MONSTERA/derivatives/csv_files/fMRI/sub-MONSTERA14/hippocampus_2_epi_thre_0.5_masked_sub-MONSTERA14_task-05.csv"
[1] "/home/wanjiag/projects/MONSTERA/derivatives/csv_files/fMRI/sub-MONSTERA14/hippocampus_2_epi_thre_0.5_masked_sub-MONSTERA14_task-06.csv"
[1] "/home/wanjiag/projects/MONSTERA/derivatives/csv_files/fMRI/sub-MONSTERA14/hippocampus_2_epi_thre_0.5_masked_sub-MONSTERA14_task-07.csv"
[1] "/home/wanjiag/projects/MONSTERA/derivatives/csv_files/fMRI/sub-MONSTERA14/hippocampus_2_epi_thre_0.5_masked_sub-MONSTERA14_task-08.csv"
[1] "/home/wanjiag/projects/MONSTERA/derivatives/csv_files/fMRI/sub-MONSTERA14/hippocampus_2_epi_thre_0.5_masked_sub-MONSTERA14_task-09.csv"
[1] "/home/wanjiag/projects/MONSTERA/derivatives/csv_files/fMRI/sub-MONSTERA14/hippocampus_2_epi_thre_0.5_masked_sub-MONSTERA14_task-10.csv"
[1] "/home/wanjiag/projects/MONSTERA/derivatives/csv_files/fMRI/sub-MONSTERA15/hippocampus_2_epi_thre_0.5_masked_sub-MONSTERA15_task-01.csv"
[1] "/home/wanjiag/projects/MONSTERA/derivatives/csv_files/fMRI/sub-MONSTERA15/hippocampus_2_epi_thre_0.5_masked_sub-MONSTERA15_task-02.csv"
[1] "/home/wanjiag/projects/MONSTERA/derivatives/csv_files/fMRI/sub-MONSTERA15/hippocampus_2_epi_thre_0.5_masked_sub-MONSTERA15_task-03.csv"
[1] "/home/wanjiag/projects/MONSTERA/derivatives/csv_files/fMRI/sub-MONSTERA15/hippocampus_2_epi_thre_0.5_masked_sub-MONSTERA15_task-04.csv"
[1] "/home/wanjiag/projects/MONSTERA/derivatives/csv_files/fMRI/sub-MONSTERA15/hippocampus_2_epi_thre_0.5_masked_sub-MONSTERA15_task-05.csv"
[1] "/home/wanjiag/projects/MONSTERA/derivatives/csv_files/fMRI/sub-MONSTERA15/hippocampus_2_epi_thre_0.5_masked_sub-MONSTERA15_task-06.csv"
[1] "/home/wanjiag/projects/MONSTERA/derivatives/csv_files/fMRI/sub-MONSTERA15/hippocampus_2_epi_thre_0.5_masked_sub-MONSTERA15_task-07.csv"
[1] "/home/wanjiag/projects/MONSTERA/derivatives/csv_files/fMRI/sub-MONSTERA15/hippocampus_2_epi_thre_0.5_masked_sub-MONSTERA15_task-08.csv"
[1] "/home/wanjiag/projects/MONSTERA/derivatives/csv_files/fMRI/sub-MONSTERA15/hippocampus_2_epi_thre_0.5_masked_sub-MONSTERA15_task-09.csv"
[1] "/home/wanjiag/projects/MONSTERA/derivatives/csv_files/fMRI/sub-MONSTERA15/hippocampus_2_epi_thre_0.5_masked_sub-MONSTERA15_task-10.csv"
[1] "/home/wanjiag/projects/MONSTERA/derivatives/csv_files/fMRI/sub-MONSTERA16/hippocampus_2_epi_thre_0.5_masked_sub-MONSTERA16_task-01.csv"
[1] "/home/wanjiag/projects/MONSTERA/derivatives/csv_files/fMRI/sub-MONSTERA16/hippocampus_2_epi_thre_0.5_masked_sub-MONSTERA16_task-02.csv"
[1] "/home/wanjiag/projects/MONSTERA/derivatives/csv_files/fMRI/sub-MONSTERA16/hippocampus_2_epi_thre_0.5_masked_sub-MONSTERA16_task-03.csv"
[1] "/home/wanjiag/projects/MONSTERA/derivatives/csv_files/fMRI/sub-MONSTERA16/hippocampus_2_epi_thre_0.5_masked_sub-MONSTERA16_task-04.csv"
[1] "/home/wanjiag/projects/MONSTERA/derivatives/csv_files/fMRI/sub-MONSTERA16/hippocampus_2_epi_thre_0.5_masked_sub-MONSTERA16_task-05.csv"
[1] "/home/wanjiag/projects/MONSTERA/derivatives/csv_files/fMRI/sub-MONSTERA16/hippocampus_2_epi_thre_0.5_masked_sub-MONSTERA16_task-06.csv"
[1] "/home/wanjiag/projects/MONSTERA/derivatives/csv_files/fMRI/sub-MONSTERA16/hippocampus_2_epi_thre_0.5_masked_sub-MONSTERA16_task-07.csv"
[1] "/home/wanjiag/projects/MONSTERA/derivatives/csv_files/fMRI/sub-MONSTERA16/hippocampus_2_epi_thre_0.5_masked_sub-MONSTERA16_task-08.csv"
[1] "/home/wanjiag/projects/MONSTERA/derivatives/csv_files/fMRI/sub-MONSTERA16/hippocampus_2_epi_thre_0.5_masked_sub-MONSTERA16_task-09.csv"
[1] "/home/wanjiag/projects/MONSTERA/derivatives/csv_files/fMRI/sub-MONSTERA16/hippocampus_2_epi_thre_0.5_masked_sub-MONSTERA16_task-10.csv"
[1] "/home/wanjiag/projects/MONSTERA/derivatives/csv_files/fMRI/sub-MONSTERA17/hippocampus_2_epi_thre_0.5_masked_sub-MONSTERA17_task-01.csv"
[1] "/home/wanjiag/projects/MONSTERA/derivatives/csv_files/fMRI/sub-MONSTERA17/hippocampus_2_epi_thre_0.5_masked_sub-MONSTERA17_task-02.csv"
[1] "/home/wanjiag/projects/MONSTERA/derivatives/csv_files/fMRI/sub-MONSTERA17/hippocampus_2_epi_thre_0.5_masked_sub-MONSTERA17_task-03.csv"
[1] "/home/wanjiag/projects/MONSTERA/derivatives/csv_files/fMRI/sub-MONSTERA17/hippocampus_2_epi_thre_0.5_masked_sub-MONSTERA17_task-04.csv"
[1] "/home/wanjiag/projects/MONSTERA/derivatives/csv_files/fMRI/sub-MONSTERA17/hippocampus_2_epi_thre_0.5_masked_sub-MONSTERA17_task-05.csv"
[1] "/home/wanjiag/projects/MONSTERA/derivatives/csv_files/fMRI/sub-MONSTERA17/hippocampus_2_epi_thre_0.5_masked_sub-MONSTERA17_task-06.csv"
[1] "/home/wanjiag/projects/MONSTERA/derivatives/csv_files/fMRI/sub-MONSTERA17/hippocampus_2_epi_thre_0.5_masked_sub-MONSTERA17_task-07.csv"
[1] "/home/wanjiag/projects/MONSTERA/derivatives/csv_files/fMRI/sub-MONSTERA17/hippocampus_2_epi_thre_0.5_masked_sub-MONSTERA17_task-08.csv"
[1] "/home/wanjiag/projects/MONSTERA/derivatives/csv_files/fMRI/sub-MONSTERA17/hippocampus_2_epi_thre_0.5_masked_sub-MONSTERA17_task-09.csv"
[1] "/home/wanjiag/projects/MONSTERA/derivatives/csv_files/fMRI/sub-MONSTERA17/hippocampus_2_epi_thre_0.5_masked_sub-MONSTERA17_task-10.csv"
[1] "/home/wanjiag/projects/MONSTERA/derivatives/csv_files/fMRI/sub-MONSTERA18/hippocampus_2_epi_thre_0.5_masked_sub-MONSTERA18_task-01.csv"
[1] "/home/wanjiag/projects/MONSTERA/derivatives/csv_files/fMRI/sub-MONSTERA18/hippocampus_2_epi_thre_0.5_masked_sub-MONSTERA18_task-02.csv"
[1] "/home/wanjiag/projects/MONSTERA/derivatives/csv_files/fMRI/sub-MONSTERA18/hippocampus_2_epi_thre_0.5_masked_sub-MONSTERA18_task-03.csv"
[1] "/home/wanjiag/projects/MONSTERA/derivatives/csv_files/fMRI/sub-MONSTERA18/hippocampus_2_epi_thre_0.5_masked_sub-MONSTERA18_task-04.csv"
[1] "/home/wanjiag/projects/MONSTERA/derivatives/csv_files/fMRI/sub-MONSTERA18/hippocampus_2_epi_thre_0.5_masked_sub-MONSTERA18_task-05.csv"
[1] "/home/wanjiag/projects/MONSTERA/derivatives/csv_files/fMRI/sub-MONSTERA18/hippocampus_2_epi_thre_0.5_masked_sub-MONSTERA18_task-06.csv"
[1] "/home/wanjiag/projects/MONSTERA/derivatives/csv_files/fMRI/sub-MONSTERA18/hippocampus_2_epi_thre_0.5_masked_sub-MONSTERA18_task-07.csv"
[1] "/home/wanjiag/projects/MONSTERA/derivatives/csv_files/fMRI/sub-MONSTERA18/hippocampus_2_epi_thre_0.5_masked_sub-MONSTERA18_task-08.csv"
[1] "/home/wanjiag/projects/MONSTERA/derivatives/csv_files/fMRI/sub-MONSTERA18/hippocampus_2_epi_thre_0.5_masked_sub-MONSTERA18_task-09.csv"
[1] "/home/wanjiag/projects/MONSTERA/derivatives/csv_files/fMRI/sub-MONSTERA18/hippocampus_2_epi_thre_0.5_masked_sub-MONSTERA18_task-10.csv"
[1] "-----------hippocampus: 1.03887846377161-----------"
[1] "-----------ppa_mni_2_epi_thre_0.5_masked-----------"
[1] "/home/wanjiag/projects/MONSTERA/derivatives/csv_files/fMRI/sub-MONSTERA14/ppa_mni_2_epi_thre_0.5_masked_sub-MONSTERA14_task-01.csv"
[1] "/home/wanjiag/projects/MONSTERA/derivatives/csv_files/fMRI/sub-MONSTERA14/ppa_mni_2_epi_thre_0.5_masked_sub-MONSTERA14_task-02.csv"
[1] "/home/wanjiag/projects/MONSTERA/derivatives/csv_files/fMRI/sub-MONSTERA14/ppa_mni_2_epi_thre_0.5_masked_sub-MONSTERA14_task-03.csv"
[1] "/home/wanjiag/projects/MONSTERA/derivatives/csv_files/fMRI/sub-MONSTERA14/ppa_mni_2_epi_thre_0.5_masked_sub-MONSTERA14_task-04.csv"
[1] "/home/wanjiag/projects/MONSTERA/derivatives/csv_files/fMRI/sub-MONSTERA14/ppa_mni_2_epi_thre_0.5_masked_sub-MONSTERA14_task-05.csv"
[1] "/home/wanjiag/projects/MONSTERA/derivatives/csv_files/fMRI/sub-MONSTERA14/ppa_mni_2_epi_thre_0.5_masked_sub-MONSTERA14_task-06.csv"
[1] "/home/wanjiag/projects/MONSTERA/derivatives/csv_files/fMRI/sub-MONSTERA14/ppa_mni_2_epi_thre_0.5_masked_sub-MONSTERA14_task-07.csv"
[1] "/home/wanjiag/projects/MONSTERA/derivatives/csv_files/fMRI/sub-MONSTERA14/ppa_mni_2_epi_thre_0.5_masked_sub-MONSTERA14_task-08.csv"
[1] "/home/wanjiag/projects/MONSTERA/derivatives/csv_files/fMRI/sub-MONSTERA14/ppa_mni_2_epi_thre_0.5_masked_sub-MONSTERA14_task-09.csv"
[1] "/home/wanjiag/projects/MONSTERA/derivatives/csv_files/fMRI/sub-MONSTERA14/ppa_mni_2_epi_thre_0.5_masked_sub-MONSTERA14_task-10.csv"
[1] "/home/wanjiag/projects/MONSTERA/derivatives/csv_files/fMRI/sub-MONSTERA15/ppa_mni_2_epi_thre_0.5_masked_sub-MONSTERA15_task-01.csv"
[1] "/home/wanjiag/projects/MONSTERA/derivatives/csv_files/fMRI/sub-MONSTERA15/ppa_mni_2_epi_thre_0.5_masked_sub-MONSTERA15_task-02.csv"
[1] "/home/wanjiag/projects/MONSTERA/derivatives/csv_files/fMRI/sub-MONSTERA15/ppa_mni_2_epi_thre_0.5_masked_sub-MONSTERA15_task-03.csv"
[1] "/home/wanjiag/projects/MONSTERA/derivatives/csv_files/fMRI/sub-MONSTERA15/ppa_mni_2_epi_thre_0.5_masked_sub-MONSTERA15_task-04.csv"
[1] "/home/wanjiag/projects/MONSTERA/derivatives/csv_files/fMRI/sub-MONSTERA15/ppa_mni_2_epi_thre_0.5_masked_sub-MONSTERA15_task-05.csv"
[1] "/home/wanjiag/projects/MONSTERA/derivatives/csv_files/fMRI/sub-MONSTERA15/ppa_mni_2_epi_thre_0.5_masked_sub-MONSTERA15_task-06.csv"
[1] "/home/wanjiag/projects/MONSTERA/derivatives/csv_files/fMRI/sub-MONSTERA15/ppa_mni_2_epi_thre_0.5_masked_sub-MONSTERA15_task-07.csv"
[1] "/home/wanjiag/projects/MONSTERA/derivatives/csv_files/fMRI/sub-MONSTERA15/ppa_mni_2_epi_thre_0.5_masked_sub-MONSTERA15_task-08.csv"
[1] "/home/wanjiag/projects/MONSTERA/derivatives/csv_files/fMRI/sub-MONSTERA15/ppa_mni_2_epi_thre_0.5_masked_sub-MONSTERA15_task-09.csv"
[1] "/home/wanjiag/projects/MONSTERA/derivatives/csv_files/fMRI/sub-MONSTERA15/ppa_mni_2_epi_thre_0.5_masked_sub-MONSTERA15_task-10.csv"
[1] "/home/wanjiag/projects/MONSTERA/derivatives/csv_files/fMRI/sub-MONSTERA16/ppa_mni_2_epi_thre_0.5_masked_sub-MONSTERA16_task-01.csv"
[1] "/home/wanjiag/projects/MONSTERA/derivatives/csv_files/fMRI/sub-MONSTERA16/ppa_mni_2_epi_thre_0.5_masked_sub-MONSTERA16_task-02.csv"
[1] "/home/wanjiag/projects/MONSTERA/derivatives/csv_files/fMRI/sub-MONSTERA16/ppa_mni_2_epi_thre_0.5_masked_sub-MONSTERA16_task-03.csv"
[1] "/home/wanjiag/projects/MONSTERA/derivatives/csv_files/fMRI/sub-MONSTERA16/ppa_mni_2_epi_thre_0.5_masked_sub-MONSTERA16_task-04.csv"
[1] "/home/wanjiag/projects/MONSTERA/derivatives/csv_files/fMRI/sub-MONSTERA16/ppa_mni_2_epi_thre_0.5_masked_sub-MONSTERA16_task-05.csv"
[1] "/home/wanjiag/projects/MONSTERA/derivatives/csv_files/fMRI/sub-MONSTERA16/ppa_mni_2_epi_thre_0.5_masked_sub-MONSTERA16_task-06.csv"
[1] "/home/wanjiag/projects/MONSTERA/derivatives/csv_files/fMRI/sub-MONSTERA16/ppa_mni_2_epi_thre_0.5_masked_sub-MONSTERA16_task-07.csv"
[1] "/home/wanjiag/projects/MONSTERA/derivatives/csv_files/fMRI/sub-MONSTERA16/ppa_mni_2_epi_thre_0.5_masked_sub-MONSTERA16_task-08.csv"
[1] "/home/wanjiag/projects/MONSTERA/derivatives/csv_files/fMRI/sub-MONSTERA16/ppa_mni_2_epi_thre_0.5_masked_sub-MONSTERA16_task-09.csv"
[1] "/home/wanjiag/projects/MONSTERA/derivatives/csv_files/fMRI/sub-MONSTERA16/ppa_mni_2_epi_thre_0.5_masked_sub-MONSTERA16_task-10.csv"
[1] "/home/wanjiag/projects/MONSTERA/derivatives/csv_files/fMRI/sub-MONSTERA17/ppa_mni_2_epi_thre_0.5_masked_sub-MONSTERA17_task-01.csv"
[1] "/home/wanjiag/projects/MONSTERA/derivatives/csv_files/fMRI/sub-MONSTERA17/ppa_mni_2_epi_thre_0.5_masked_sub-MONSTERA17_task-02.csv"
[1] "/home/wanjiag/projects/MONSTERA/derivatives/csv_files/fMRI/sub-MONSTERA17/ppa_mni_2_epi_thre_0.5_masked_sub-MONSTERA17_task-03.csv"
[1] "/home/wanjiag/projects/MONSTERA/derivatives/csv_files/fMRI/sub-MONSTERA17/ppa_mni_2_epi_thre_0.5_masked_sub-MONSTERA17_task-04.csv"
[1] "/home/wanjiag/projects/MONSTERA/derivatives/csv_files/fMRI/sub-MONSTERA17/ppa_mni_2_epi_thre_0.5_masked_sub-MONSTERA17_task-05.csv"
[1] "/home/wanjiag/projects/MONSTERA/derivatives/csv_files/fMRI/sub-MONSTERA17/ppa_mni_2_epi_thre_0.5_masked_sub-MONSTERA17_task-06.csv"
[1] "/home/wanjiag/projects/MONSTERA/derivatives/csv_files/fMRI/sub-MONSTERA17/ppa_mni_2_epi_thre_0.5_masked_sub-MONSTERA17_task-07.csv"
[1] "/home/wanjiag/projects/MONSTERA/derivatives/csv_files/fMRI/sub-MONSTERA17/ppa_mni_2_epi_thre_0.5_masked_sub-MONSTERA17_task-08.csv"
[1] "/home/wanjiag/projects/MONSTERA/derivatives/csv_files/fMRI/sub-MONSTERA17/ppa_mni_2_epi_thre_0.5_masked_sub-MONSTERA17_task-09.csv"
[1] "/home/wanjiag/projects/MONSTERA/derivatives/csv_files/fMRI/sub-MONSTERA17/ppa_mni_2_epi_thre_0.5_masked_sub-MONSTERA17_task-10.csv"
[1] "/home/wanjiag/projects/MONSTERA/derivatives/csv_files/fMRI/sub-MONSTERA18/ppa_mni_2_epi_thre_0.5_masked_sub-MONSTERA18_task-01.csv"
[1] "/home/wanjiag/projects/MONSTERA/derivatives/csv_files/fMRI/sub-MONSTERA18/ppa_mni_2_epi_thre_0.5_masked_sub-MONSTERA18_task-02.csv"
[1] "/home/wanjiag/projects/MONSTERA/derivatives/csv_files/fMRI/sub-MONSTERA18/ppa_mni_2_epi_thre_0.5_masked_sub-MONSTERA18_task-03.csv"
[1] "/home/wanjiag/projects/MONSTERA/derivatives/csv_files/fMRI/sub-MONSTERA18/ppa_mni_2_epi_thre_0.5_masked_sub-MONSTERA18_task-04.csv"
[1] "/home/wanjiag/projects/MONSTERA/derivatives/csv_files/fMRI/sub-MONSTERA18/ppa_mni_2_epi_thre_0.5_masked_sub-MONSTERA18_task-05.csv"
[1] "/home/wanjiag/projects/MONSTERA/derivatives/csv_files/fMRI/sub-MONSTERA18/ppa_mni_2_epi_thre_0.5_masked_sub-MONSTERA18_task-06.csv"
[1] "/home/wanjiag/projects/MONSTERA/derivatives/csv_files/fMRI/sub-MONSTERA18/ppa_mni_2_epi_thre_0.5_masked_sub-MONSTERA18_task-07.csv"
[1] "/home/wanjiag/projects/MONSTERA/derivatives/csv_files/fMRI/sub-MONSTERA18/ppa_mni_2_epi_thre_0.5_masked_sub-MONSTERA18_task-08.csv"
[1] "/home/wanjiag/projects/MONSTERA/derivatives/csv_files/fMRI/sub-MONSTERA18/ppa_mni_2_epi_thre_0.5_masked_sub-MONSTERA18_task-09.csv"
[1] "/home/wanjiag/projects/MONSTERA/derivatives/csv_files/fMRI/sub-MONSTERA18/ppa_mni_2_epi_thre_0.5_masked_sub-MONSTERA18_task-10.csv"
[1] "-----------ppa: 39.3780079166094-----------"
