['43', '42', '40', '41']
---43---
ca23dg-body_thre_0.5_masked
ca1-body_thre_0.5_masked
ca23dg_thre_0.5_masked
ca1_thre_0.5_masked
evc_2_epi_thre_0.5_masked
ppa_mni_2_epi_thre_0.5_masked
---42---
ca23dg-body_thre_0.5_masked
ca1-body_thre_0.5_masked
ca23dg_thre_0.5_masked
ca1_thre_0.5_masked
evc_2_epi_thre_0.5_masked
ppa_mni_2_epi_thre_0.5_masked
---40---
ca23dg-body_thre_0.5_masked
ca1-body_thre_0.5_masked
ca23dg_thre_0.5_masked
ca1_thre_0.5_masked
evc_2_epi_thre_0.5_masked
ppa_mni_2_epi_thre_0.5_masked
---41---
ca23dg-body_thre_0.5_masked
ca1-body_thre_0.5_masked
ca23dg_thre_0.5_masked
ca1_thre_0.5_masked
evc_2_epi_thre_0.5_masked
ppa_mni_2_epi_thre_0.5_masked
ca23dg-body
35
ca1-body
35
evc
35
ppa
35
ca23dg-body
35
ca1-body
35
evc
35
ppa
35
