['33', '15', '23', '13', '06', '07', '20', '35', '08', '32', '36', '19', '09', '10', '16', '22', '17', '28', '27', '25', '21', '24', '11', '26', '18', '29', '37', '12', '31']
---33---
ca23dg-body_thre_0.5_masked
ca1-body_thre_0.5_masked
ca23dg_thre_0.5_masked
ca1_thre_0.5_masked
evc_2_epi_thre_0.5_masked
ppa_mni_2_epi_thre_0.5_masked
---15---
ca23dg-body_thre_0.5_masked
ca1-body_thre_0.5_masked
ca23dg_thre_0.5_masked
ca1_thre_0.5_masked
evc_2_epi_thre_0.5_masked
ppa_mni_2_epi_thre_0.5_masked
---23---
ca23dg-body_thre_0.5_masked
ca1-body_thre_0.5_masked
ca23dg_thre_0.5_masked
ca1_thre_0.5_masked
evc_2_epi_thre_0.5_masked
ppa_mni_2_epi_thre_0.5_masked
---13---
ca23dg-body_thre_0.5_masked
ca1-body_thre_0.5_masked
ca23dg_thre_0.5_masked
ca1_thre_0.5_masked
evc_2_epi_thre_0.5_masked
ppa_mni_2_epi_thre_0.5_masked
---06---
ca23dg-body_thre_0.5_masked
ca1-body_thre_0.5_masked
ca23dg_thre_0.5_masked
ca1_thre_0.5_masked
evc_2_epi_thre_0.5_masked
ppa_mni_2_epi_thre_0.5_masked
---07---
ca23dg-body_thre_0.5_masked
ca1-body_thre_0.5_masked
ca23dg_thre_0.5_masked
ca1_thre_0.5_masked
evc_2_epi_thre_0.5_masked
ppa_mni_2_epi_thre_0.5_masked
---20---
ca23dg-body_thre_0.5_masked
ca1-body_thre_0.5_masked
ca23dg_thre_0.5_masked
ca1_thre_0.5_masked
evc_2_epi_thre_0.5_masked
ppa_mni_2_epi_thre_0.5_masked
---35---
ca23dg-body_thre_0.5_masked
ca1-body_thre_0.5_masked
ca23dg_thre_0.5_masked
ca1_thre_0.5_masked
evc_2_epi_thre_0.5_masked
ppa_mni_2_epi_thre_0.5_masked
---08---
ca23dg-body_thre_0.5_masked
ca1-body_thre_0.5_masked
ca23dg_thre_0.5_masked
ca1_thre_0.5_masked
evc_2_epi_thre_0.5_masked
ppa_mni_2_epi_thre_0.5_masked
---32---
ca23dg-body_thre_0.5_masked
ca1-body_thre_0.5_masked
ca23dg_thre_0.5_masked
ca1_thre_0.5_masked
evc_2_epi_thre_0.5_masked
ppa_mni_2_epi_thre_0.5_masked
---36---
ca23dg-body_thre_0.5_masked
ca1-body_thre_0.5_masked
ca23dg_thre_0.5_masked
ca1_thre_0.5_masked
evc_2_epi_thre_0.5_masked
ppa_mni_2_epi_thre_0.5_masked
---19---
ca23dg-body_thre_0.5_masked
ca1-body_thre_0.5_masked
ca23dg_thre_0.5_masked
ca1_thre_0.5_masked
evc_2_epi_thre_0.5_masked
ppa_mni_2_epi_thre_0.5_masked
---09---
ca23dg-body_thre_0.5_masked
ca1-body_thre_0.5_masked
ca23dg_thre_0.5_masked
ca1_thre_0.5_masked
evc_2_epi_thre_0.5_masked
ppa_mni_2_epi_thre_0.5_masked
---10---
ca23dg-body_thre_0.5_masked
ca1-body_thre_0.5_masked
ca23dg_thre_0.5_masked
ca1_thre_0.5_masked
evc_2_epi_thre_0.5_masked
ppa_mni_2_epi_thre_0.5_masked
---16---
ca23dg-body_thre_0.5_masked
ca1-body_thre_0.5_masked
ca23dg_thre_0.5_masked
ca1_thre_0.5_masked
evc_2_epi_thre_0.5_masked
ppa_mni_2_epi_thre_0.5_masked
---22---
ca23dg-body_thre_0.5_masked
ca1-body_thre_0.5_masked
ca23dg_thre_0.5_masked
ca1_thre_0.5_masked
evc_2_epi_thre_0.5_masked
ppa_mni_2_epi_thre_0.5_masked
---17---
ca23dg-body_thre_0.5_masked
ca1-body_thre_0.5_masked
ca23dg_thre_0.5_masked
ca1_thre_0.5_masked
evc_2_epi_thre_0.5_masked
ppa_mni_2_epi_thre_0.5_masked
---28---
ca23dg-body_thre_0.5_masked
ca1-body_thre_0.5_masked
ca23dg_thre_0.5_masked
ca1_thre_0.5_masked
evc_2_epi_thre_0.5_masked
ppa_mni_2_epi_thre_0.5_masked
---27---
ca23dg-body_thre_0.5_masked
ca1-body_thre_0.5_masked
ca23dg_thre_0.5_masked
ca1_thre_0.5_masked
evc_2_epi_thre_0.5_masked
ppa_mni_2_epi_thre_0.5_masked
---25---
ca23dg-body_thre_0.5_masked
ca1-body_thre_0.5_masked
ca23dg_thre_0.5_masked
ca1_thre_0.5_masked
evc_2_epi_thre_0.5_masked
ppa_mni_2_epi_thre_0.5_masked
---21---
ca23dg-body_thre_0.5_masked
ca1-body_thre_0.5_masked
ca23dg_thre_0.5_masked
ca1_thre_0.5_masked
evc_2_epi_thre_0.5_masked
ppa_mni_2_epi_thre_0.5_masked
---24---
ca23dg-body_thre_0.5_masked
ca1-body_thre_0.5_masked
ca23dg_thre_0.5_masked
ca1_thre_0.5_masked
evc_2_epi_thre_0.5_masked
ppa_mni_2_epi_thre_0.5_masked
---11---
ca23dg-body_thre_0.5_masked
ca1-body_thre_0.5_masked
ca23dg_thre_0.5_masked
ca1_thre_0.5_masked
evc_2_epi_thre_0.5_masked
ppa_mni_2_epi_thre_0.5_masked
---26---
ca23dg-body_thre_0.5_masked
ca1-body_thre_0.5_masked
ca23dg_thre_0.5_masked
ca1_thre_0.5_masked
evc_2_epi_thre_0.5_masked
ppa_mni_2_epi_thre_0.5_masked
---18---
ca23dg-body_thre_0.5_masked
ca1-body_thre_0.5_masked
ca23dg_thre_0.5_masked
ca1_thre_0.5_masked
evc_2_epi_thre_0.5_masked
ppa_mni_2_epi_thre_0.5_masked
---29---
ca23dg-body_thre_0.5_masked
ca1-body_thre_0.5_masked
ca23dg_thre_0.5_masked
ca1_thre_0.5_masked
evc_2_epi_thre_0.5_masked
ppa_mni_2_epi_thre_0.5_masked
---37---
ca23dg-body_thre_0.5_masked
ca1-body_thre_0.5_masked
ca23dg_thre_0.5_masked
ca1_thre_0.5_masked
evc_2_epi_thre_0.5_masked
ppa_mni_2_epi_thre_0.5_masked
---12---
ca23dg-body_thre_0.5_masked
ca1-body_thre_0.5_masked
ca23dg_thre_0.5_masked
ca1_thre_0.5_masked
evc_2_epi_thre_0.5_masked
ppa_mni_2_epi_thre_0.5_masked
---31---
ca23dg-body_thre_0.5_masked
ca1-body_thre_0.5_masked
ca23dg_thre_0.5_masked
ca1_thre_0.5_masked
evc_2_epi_thre_0.5_masked
ppa_mni_2_epi_thre_0.5_masked
