[1] "Running on cluster: TRUE"
[1] "/home/wanjiag/projects/MONSTERA/derivatives/csv_files/behavior/sub06/sub06_scan10_timing_2022_Apr_19_1505.csv"
[1] "/home/wanjiag/projects/MONSTERA/derivatives/csv_files/behavior/sub06/sub06_scan1_timing_2022_Apr_19_1505.csv"
[1] "/home/wanjiag/projects/MONSTERA/derivatives/csv_files/behavior/sub06/sub06_scan2_timing_2022_Apr_19_1505.csv"
[1] "/home/wanjiag/projects/MONSTERA/derivatives/csv_files/behavior/sub06/sub06_scan3_timing_2022_Apr_19_1505.csv"
[1] "/home/wanjiag/projects/MONSTERA/derivatives/csv_files/behavior/sub06/sub06_scan4_timing_2022_Apr_19_1505.csv"
[1] "/home/wanjiag/projects/MONSTERA/derivatives/csv_files/behavior/sub06/sub06_scan5_timing_2022_Apr_19_1505.csv"
[1] "/home/wanjiag/projects/MONSTERA/derivatives/csv_files/behavior/sub06/sub06_scan6_timing_2022_Apr_19_1505.csv"
[1] "/home/wanjiag/projects/MONSTERA/derivatives/csv_files/behavior/sub06/sub06_scan7_timing_2022_Apr_19_1505.csv"
[1] "/home/wanjiag/projects/MONSTERA/derivatives/csv_files/behavior/sub06/sub06_scan8_timing_2022_Apr_19_1505.csv"
[1] "/home/wanjiag/projects/MONSTERA/derivatives/csv_files/behavior/sub06/sub06_scan9_timing_2022_Apr_19_1505.csv"
[1] "/home/wanjiag/projects/MONSTERA/derivatives/csv_files/behavior/sub07/sub07_scan10_timing_2022_Apr_21_1443.csv"
[1] "/home/wanjiag/projects/MONSTERA/derivatives/csv_files/behavior/sub07/sub07_scan1_timing_2022_Apr_21_1443.csv"
[1] "/home/wanjiag/projects/MONSTERA/derivatives/csv_files/behavior/sub07/sub07_scan2_timing_2022_Apr_21_1443.csv"
[1] "/home/wanjiag/projects/MONSTERA/derivatives/csv_files/behavior/sub07/sub07_scan3_timing_2022_Apr_21_1443.csv"
[1] "/home/wanjiag/projects/MONSTERA/derivatives/csv_files/behavior/sub07/sub07_scan4_timing_2022_Apr_21_1443.csv"
[1] "/home/wanjiag/projects/MONSTERA/derivatives/csv_files/behavior/sub07/sub07_scan5_timing_2022_Apr_21_1443.csv"
[1] "/home/wanjiag/projects/MONSTERA/derivatives/csv_files/behavior/sub07/sub07_scan6_timing_2022_Apr_21_1443.csv"
[1] "/home/wanjiag/projects/MONSTERA/derivatives/csv_files/behavior/sub07/sub07_scan7_timing_2022_Apr_21_1443.csv"
[1] "/home/wanjiag/projects/MONSTERA/derivatives/csv_files/behavior/sub07/sub07_scan8_timing_2022_Apr_21_1443.csv"
[1] "/home/wanjiag/projects/MONSTERA/derivatives/csv_files/behavior/sub07/sub07_scan9_timing_2022_Apr_21_1443.csv"
[1] "/home/wanjiag/projects/MONSTERA/derivatives/csv_files/behavior/sub08/sub08_scan10_timing_2022_Apr_28_1042.csv"
[1] "/home/wanjiag/projects/MONSTERA/derivatives/csv_files/behavior/sub08/sub08_scan1_timing_2022_Apr_28_1042.csv"
[1] "/home/wanjiag/projects/MONSTERA/derivatives/csv_files/behavior/sub08/sub08_scan2_timing_2022_Apr_28_1042.csv"
[1] "/home/wanjiag/projects/MONSTERA/derivatives/csv_files/behavior/sub08/sub08_scan3_timing_2022_Apr_28_1042.csv"
[1] "/home/wanjiag/projects/MONSTERA/derivatives/csv_files/behavior/sub08/sub08_scan4_timing_2022_Apr_28_1042.csv"
[1] "/home/wanjiag/projects/MONSTERA/derivatives/csv_files/behavior/sub08/sub08_scan5_timing_2022_Apr_28_1042.csv"
[1] "/home/wanjiag/projects/MONSTERA/derivatives/csv_files/behavior/sub08/sub08_scan6_timing_2022_Apr_28_1042.csv"
[1] "/home/wanjiag/projects/MONSTERA/derivatives/csv_files/behavior/sub08/sub08_scan7_timing_2022_Apr_28_1042.csv"
[1] "/home/wanjiag/projects/MONSTERA/derivatives/csv_files/behavior/sub08/sub08_scan8_timing_2022_Apr_28_1042.csv"
[1] "/home/wanjiag/projects/MONSTERA/derivatives/csv_files/behavior/sub08/sub08_scan9_timing_2022_Apr_28_1042.csv"
[1] "/home/wanjiag/projects/MONSTERA/derivatives/csv_files/behavior/sub09/sub09_scan10_timing_2022_Apr_29_1015.csv"
[1] "/home/wanjiag/projects/MONSTERA/derivatives/csv_files/behavior/sub09/sub09_scan1_timing_2022_Apr_29_1015.csv"
[1] "/home/wanjiag/projects/MONSTERA/derivatives/csv_files/behavior/sub09/sub09_scan2_timing_2022_Apr_29_1015.csv"
[1] "/home/wanjiag/projects/MONSTERA/derivatives/csv_files/behavior/sub09/sub09_scan3_timing_2022_Apr_29_1015.csv"
[1] "/home/wanjiag/projects/MONSTERA/derivatives/csv_files/behavior/sub09/sub09_scan4_timing_2022_Apr_29_1015.csv"
[1] "/home/wanjiag/projects/MONSTERA/derivatives/csv_files/behavior/sub09/sub09_scan5_timing_2022_Apr_29_1015.csv"
[1] "/home/wanjiag/projects/MONSTERA/derivatives/csv_files/behavior/sub09/sub09_scan6_timing_2022_Apr_29_1015.csv"
[1] "/home/wanjiag/projects/MONSTERA/derivatives/csv_files/behavior/sub09/sub09_scan7_timing_2022_Apr_29_1015.csv"
[1] "/home/wanjiag/projects/MONSTERA/derivatives/csv_files/behavior/sub09/sub09_scan8_timing_2022_Apr_29_1015.csv"
[1] "/home/wanjiag/projects/MONSTERA/derivatives/csv_files/behavior/sub09/sub09_scan9_timing_2022_Apr_29_1015.csv"
[1] "/home/wanjiag/projects/MONSTERA/derivatives/csv_files/behavior/sub10/sub10_scan10_timing_2022_May_03_1017.csv"
[1] "/home/wanjiag/projects/MONSTERA/derivatives/csv_files/behavior/sub10/sub10_scan1_timing_2022_May_03_1017.csv"
[1] "/home/wanjiag/projects/MONSTERA/derivatives/csv_files/behavior/sub10/sub10_scan2_timing_2022_May_03_1017.csv"
[1] "/home/wanjiag/projects/MONSTERA/derivatives/csv_files/behavior/sub10/sub10_scan3_timing_2022_May_03_1017.csv"
[1] "/home/wanjiag/projects/MONSTERA/derivatives/csv_files/behavior/sub10/sub10_scan4_timing_2022_May_03_1017.csv"
[1] "/home/wanjiag/projects/MONSTERA/derivatives/csv_files/behavior/sub10/sub10_scan5_timing_2022_May_03_1017.csv"
[1] "/home/wanjiag/projects/MONSTERA/derivatives/csv_files/behavior/sub10/sub10_scan6_timing_2022_May_03_1017.csv"
[1] "/home/wanjiag/projects/MONSTERA/derivatives/csv_files/behavior/sub10/sub10_scan7_timing_2022_May_03_1017.csv"
[1] "/home/wanjiag/projects/MONSTERA/derivatives/csv_files/behavior/sub10/sub10_scan8_timing_2022_May_03_1017.csv"
[1] "/home/wanjiag/projects/MONSTERA/derivatives/csv_files/behavior/sub10/sub10_scan9_timing_2022_May_03_1017.csv"
[1] "/home/wanjiag/projects/MONSTERA/derivatives/csv_files/behavior/sub11/sub11_scan10_timing_2022_May_04_1503.csv"
[1] "/home/wanjiag/projects/MONSTERA/derivatives/csv_files/behavior/sub11/sub11_scan1_timing_2022_May_04_1503.csv"
[1] "/home/wanjiag/projects/MONSTERA/derivatives/csv_files/behavior/sub11/sub11_scan2_timing_2022_May_04_1503.csv"
[1] "/home/wanjiag/projects/MONSTERA/derivatives/csv_files/behavior/sub11/sub11_scan3_timing_2022_May_04_1503.csv"
[1] "/home/wanjiag/projects/MONSTERA/derivatives/csv_files/behavior/sub11/sub11_scan4_timing_2022_May_04_1503.csv"
[1] "/home/wanjiag/projects/MONSTERA/derivatives/csv_files/behavior/sub11/sub11_scan5_timing_2022_May_04_1503.csv"
[1] "/home/wanjiag/projects/MONSTERA/derivatives/csv_files/behavior/sub11/sub11_scan6_timing_2022_May_04_1503.csv"
[1] "/home/wanjiag/projects/MONSTERA/derivatives/csv_files/behavior/sub11/sub11_scan7_timing_2022_May_04_1503.csv"
[1] "/home/wanjiag/projects/MONSTERA/derivatives/csv_files/behavior/sub11/sub11_scan8_timing_2022_May_04_1503.csv"
[1] "/home/wanjiag/projects/MONSTERA/derivatives/csv_files/behavior/sub11/sub11_scan9_timing_2022_May_04_1503.csv"
[1] "/home/wanjiag/projects/MONSTERA/derivatives/csv_files/behavior/sub12/sub12_scan10_timing_2022_May_23_1503.csv"
[1] "/home/wanjiag/projects/MONSTERA/derivatives/csv_files/behavior/sub12/sub12_scan1_timing_2022_May_23_1503.csv"
[1] "/home/wanjiag/projects/MONSTERA/derivatives/csv_files/behavior/sub12/sub12_scan2_timing_2022_May_23_1503.csv"
[1] "/home/wanjiag/projects/MONSTERA/derivatives/csv_files/behavior/sub12/sub12_scan3_timing_2022_May_23_1503.csv"
[1] "/home/wanjiag/projects/MONSTERA/derivatives/csv_files/behavior/sub12/sub12_scan4_timing_2022_May_23_1503.csv"
[1] "/home/wanjiag/projects/MONSTERA/derivatives/csv_files/behavior/sub12/sub12_scan5_timing_2022_May_23_1503.csv"
[1] "/home/wanjiag/projects/MONSTERA/derivatives/csv_files/behavior/sub12/sub12_scan6_timing_2022_May_23_1503.csv"
[1] "/home/wanjiag/projects/MONSTERA/derivatives/csv_files/behavior/sub12/sub12_scan7_timing_2022_May_23_1503.csv"
[1] "/home/wanjiag/projects/MONSTERA/derivatives/csv_files/behavior/sub12/sub12_scan8_timing_2022_May_23_1503.csv"
[1] "/home/wanjiag/projects/MONSTERA/derivatives/csv_files/behavior/sub12/sub12_scan9_timing_2022_May_23_1503.csv"
[1] "/home/wanjiag/projects/MONSTERA/derivatives/csv_files/behavior/sub13/sub13_scan10_timing_2022_May_24_1030.csv"
[1] "/home/wanjiag/projects/MONSTERA/derivatives/csv_files/behavior/sub13/sub13_scan1_timing_2022_May_24_1030.csv"
[1] "/home/wanjiag/projects/MONSTERA/derivatives/csv_files/behavior/sub13/sub13_scan2_timing_2022_May_24_1030.csv"
[1] "/home/wanjiag/projects/MONSTERA/derivatives/csv_files/behavior/sub13/sub13_scan3_timing_2022_May_24_1030.csv"
[1] "/home/wanjiag/projects/MONSTERA/derivatives/csv_files/behavior/sub13/sub13_scan4_timing_2022_May_24_1030.csv"
[1] "/home/wanjiag/projects/MONSTERA/derivatives/csv_files/behavior/sub13/sub13_scan5_timing_2022_May_24_1030.csv"
[1] "/home/wanjiag/projects/MONSTERA/derivatives/csv_files/behavior/sub13/sub13_scan6_timing_2022_May_24_1030.csv"
[1] "/home/wanjiag/projects/MONSTERA/derivatives/csv_files/behavior/sub13/sub13_scan7_timing_2022_May_24_1030.csv"
[1] "/home/wanjiag/projects/MONSTERA/derivatives/csv_files/behavior/sub13/sub13_scan8_timing_2022_May_24_1030.csv"
[1] "/home/wanjiag/projects/MONSTERA/derivatives/csv_files/behavior/sub13/sub13_scan9_timing_2022_May_24_1030.csv"
[1] "/home/wanjiag/projects/MONSTERA/derivatives/csv_files/behavior/sub14/sub14_scan10_timing_2022_May_25_1539.csv"
[1] "/home/wanjiag/projects/MONSTERA/derivatives/csv_files/behavior/sub14/sub14_scan1_timing_2022_May_25_1432.csv"
[1] "/home/wanjiag/projects/MONSTERA/derivatives/csv_files/behavior/sub14/sub14_scan2_timing_2022_May_25_1432.csv"
[1] "/home/wanjiag/projects/MONSTERA/derivatives/csv_files/behavior/sub14/sub14_scan3_timing_2022_May_25_1432.csv"
[1] "/home/wanjiag/projects/MONSTERA/derivatives/csv_files/behavior/sub14/sub14_scan4_timing_2022_May_25_1432.csv"
[1] "/home/wanjiag/projects/MONSTERA/derivatives/csv_files/behavior/sub14/sub14_scan5_timing_2022_May_25_1432.csv"
[1] "/home/wanjiag/projects/MONSTERA/derivatives/csv_files/behavior/sub14/sub14_scan6_timing_2022_May_25_1432.csv"
[1] "/home/wanjiag/projects/MONSTERA/derivatives/csv_files/behavior/sub14/sub14_scan7_timing_2022_May_25_1539.csv"
[1] "/home/wanjiag/projects/MONSTERA/derivatives/csv_files/behavior/sub14/sub14_scan8_timing_2022_May_25_1539.csv"
[1] "/home/wanjiag/projects/MONSTERA/derivatives/csv_files/behavior/sub14/sub14_scan9_timing_2022_May_25_1539.csv"
[1] "-----------ca23dg-body_thre_0.5_masked-----------"
[1] "/home/wanjiag/projects/MONSTERA/derivatives/csv_files/fMRI/sub-MONSTERA12/ca23dg-body_thre_0.5_masked_sub-MONSTERA12_task-01.csv"
[1] "/home/wanjiag/projects/MONSTERA/derivatives/csv_files/fMRI/sub-MONSTERA12/ca23dg-body_thre_0.5_masked_sub-MONSTERA12_task-02.csv"
[1] "/home/wanjiag/projects/MONSTERA/derivatives/csv_files/fMRI/sub-MONSTERA12/ca23dg-body_thre_0.5_masked_sub-MONSTERA12_task-03.csv"
[1] "/home/wanjiag/projects/MONSTERA/derivatives/csv_files/fMRI/sub-MONSTERA12/ca23dg-body_thre_0.5_masked_sub-MONSTERA12_task-04.csv"
[1] "/home/wanjiag/projects/MONSTERA/derivatives/csv_files/fMRI/sub-MONSTERA12/ca23dg-body_thre_0.5_masked_sub-MONSTERA12_task-05.csv"
[1] "/home/wanjiag/projects/MONSTERA/derivatives/csv_files/fMRI/sub-MONSTERA12/ca23dg-body_thre_0.5_masked_sub-MONSTERA12_task-06.csv"
[1] "/home/wanjiag/projects/MONSTERA/derivatives/csv_files/fMRI/sub-MONSTERA12/ca23dg-body_thre_0.5_masked_sub-MONSTERA12_task-07.csv"
[1] "/home/wanjiag/projects/MONSTERA/derivatives/csv_files/fMRI/sub-MONSTERA12/ca23dg-body_thre_0.5_masked_sub-MONSTERA12_task-08.csv"
[1] "/home/wanjiag/projects/MONSTERA/derivatives/csv_files/fMRI/sub-MONSTERA12/ca23dg-body_thre_0.5_masked_sub-MONSTERA12_task-09.csv"
[1] "/home/wanjiag/projects/MONSTERA/derivatives/csv_files/fMRI/sub-MONSTERA12/ca23dg-body_thre_0.5_masked_sub-MONSTERA12_task-10.csv"
[1] "/home/wanjiag/projects/MONSTERA/derivatives/csv_files/fMRI/sub-MONSTERA13/ca23dg-body_thre_0.5_masked_sub-MONSTERA13_task-01.csv"
[1] "/home/wanjiag/projects/MONSTERA/derivatives/csv_files/fMRI/sub-MONSTERA13/ca23dg-body_thre_0.5_masked_sub-MONSTERA13_task-02.csv"
[1] "/home/wanjiag/projects/MONSTERA/derivatives/csv_files/fMRI/sub-MONSTERA13/ca23dg-body_thre_0.5_masked_sub-MONSTERA13_task-03.csv"
[1] "/home/wanjiag/projects/MONSTERA/derivatives/csv_files/fMRI/sub-MONSTERA13/ca23dg-body_thre_0.5_masked_sub-MONSTERA13_task-04.csv"
[1] "/home/wanjiag/projects/MONSTERA/derivatives/csv_files/fMRI/sub-MONSTERA13/ca23dg-body_thre_0.5_masked_sub-MONSTERA13_task-05.csv"
[1] "/home/wanjiag/projects/MONSTERA/derivatives/csv_files/fMRI/sub-MONSTERA13/ca23dg-body_thre_0.5_masked_sub-MONSTERA13_task-06.csv"
[1] "/home/wanjiag/projects/MONSTERA/derivatives/csv_files/fMRI/sub-MONSTERA13/ca23dg-body_thre_0.5_masked_sub-MONSTERA13_task-07.csv"
[1] "/home/wanjiag/projects/MONSTERA/derivatives/csv_files/fMRI/sub-MONSTERA13/ca23dg-body_thre_0.5_masked_sub-MONSTERA13_task-08.csv"
[1] "/home/wanjiag/projects/MONSTERA/derivatives/csv_files/fMRI/sub-MONSTERA13/ca23dg-body_thre_0.5_masked_sub-MONSTERA13_task-09.csv"
[1] "/home/wanjiag/projects/MONSTERA/derivatives/csv_files/fMRI/sub-MONSTERA13/ca23dg-body_thre_0.5_masked_sub-MONSTERA13_task-10.csv"
[1] "-----------ca23dg-body: 12.7609409769376-----------"
[1] "-----------ca1-body_thre_0.5_masked-----------"
[1] "/home/wanjiag/projects/MONSTERA/derivatives/csv_files/fMRI/sub-MONSTERA12/ca1-body_thre_0.5_masked_sub-MONSTERA12_task-01.csv"
[1] "/home/wanjiag/projects/MONSTERA/derivatives/csv_files/fMRI/sub-MONSTERA12/ca1-body_thre_0.5_masked_sub-MONSTERA12_task-02.csv"
[1] "/home/wanjiag/projects/MONSTERA/derivatives/csv_files/fMRI/sub-MONSTERA12/ca1-body_thre_0.5_masked_sub-MONSTERA12_task-03.csv"
[1] "/home/wanjiag/projects/MONSTERA/derivatives/csv_files/fMRI/sub-MONSTERA12/ca1-body_thre_0.5_masked_sub-MONSTERA12_task-04.csv"
[1] "/home/wanjiag/projects/MONSTERA/derivatives/csv_files/fMRI/sub-MONSTERA12/ca1-body_thre_0.5_masked_sub-MONSTERA12_task-05.csv"
[1] "/home/wanjiag/projects/MONSTERA/derivatives/csv_files/fMRI/sub-MONSTERA12/ca1-body_thre_0.5_masked_sub-MONSTERA12_task-06.csv"
[1] "/home/wanjiag/projects/MONSTERA/derivatives/csv_files/fMRI/sub-MONSTERA12/ca1-body_thre_0.5_masked_sub-MONSTERA12_task-07.csv"
[1] "/home/wanjiag/projects/MONSTERA/derivatives/csv_files/fMRI/sub-MONSTERA12/ca1-body_thre_0.5_masked_sub-MONSTERA12_task-08.csv"
[1] "/home/wanjiag/projects/MONSTERA/derivatives/csv_files/fMRI/sub-MONSTERA12/ca1-body_thre_0.5_masked_sub-MONSTERA12_task-09.csv"
[1] "/home/wanjiag/projects/MONSTERA/derivatives/csv_files/fMRI/sub-MONSTERA12/ca1-body_thre_0.5_masked_sub-MONSTERA12_task-10.csv"
[1] "/home/wanjiag/projects/MONSTERA/derivatives/csv_files/fMRI/sub-MONSTERA13/ca1-body_thre_0.5_masked_sub-MONSTERA13_task-01.csv"
[1] "/home/wanjiag/projects/MONSTERA/derivatives/csv_files/fMRI/sub-MONSTERA13/ca1-body_thre_0.5_masked_sub-MONSTERA13_task-02.csv"
[1] "/home/wanjiag/projects/MONSTERA/derivatives/csv_files/fMRI/sub-MONSTERA13/ca1-body_thre_0.5_masked_sub-MONSTERA13_task-03.csv"
[1] "/home/wanjiag/projects/MONSTERA/derivatives/csv_files/fMRI/sub-MONSTERA13/ca1-body_thre_0.5_masked_sub-MONSTERA13_task-04.csv"
[1] "/home/wanjiag/projects/MONSTERA/derivatives/csv_files/fMRI/sub-MONSTERA13/ca1-body_thre_0.5_masked_sub-MONSTERA13_task-05.csv"
[1] "/home/wanjiag/projects/MONSTERA/derivatives/csv_files/fMRI/sub-MONSTERA13/ca1-body_thre_0.5_masked_sub-MONSTERA13_task-06.csv"
[1] "/home/wanjiag/projects/MONSTERA/derivatives/csv_files/fMRI/sub-MONSTERA13/ca1-body_thre_0.5_masked_sub-MONSTERA13_task-07.csv"
[1] "/home/wanjiag/projects/MONSTERA/derivatives/csv_files/fMRI/sub-MONSTERA13/ca1-body_thre_0.5_masked_sub-MONSTERA13_task-08.csv"
[1] "/home/wanjiag/projects/MONSTERA/derivatives/csv_files/fMRI/sub-MONSTERA13/ca1-body_thre_0.5_masked_sub-MONSTERA13_task-09.csv"
[1] "/home/wanjiag/projects/MONSTERA/derivatives/csv_files/fMRI/sub-MONSTERA13/ca1-body_thre_0.5_masked_sub-MONSTERA13_task-10.csv"
[1] "-----------ca1-body: 13.0383078893026-----------"
[1] "-----------ca23dg_thre_0.5_masked-----------"
[1] "/home/wanjiag/projects/MONSTERA/derivatives/csv_files/fMRI/sub-MONSTERA12/ca23dg_thre_0.5_masked_sub-MONSTERA12_task-01.csv"
[1] "/home/wanjiag/projects/MONSTERA/derivatives/csv_files/fMRI/sub-MONSTERA12/ca23dg_thre_0.5_masked_sub-MONSTERA12_task-02.csv"
[1] "/home/wanjiag/projects/MONSTERA/derivatives/csv_files/fMRI/sub-MONSTERA12/ca23dg_thre_0.5_masked_sub-MONSTERA12_task-03.csv"
[1] "/home/wanjiag/projects/MONSTERA/derivatives/csv_files/fMRI/sub-MONSTERA12/ca23dg_thre_0.5_masked_sub-MONSTERA12_task-04.csv"
[1] "/home/wanjiag/projects/MONSTERA/derivatives/csv_files/fMRI/sub-MONSTERA12/ca23dg_thre_0.5_masked_sub-MONSTERA12_task-05.csv"
[1] "/home/wanjiag/projects/MONSTERA/derivatives/csv_files/fMRI/sub-MONSTERA12/ca23dg_thre_0.5_masked_sub-MONSTERA12_task-06.csv"
[1] "/home/wanjiag/projects/MONSTERA/derivatives/csv_files/fMRI/sub-MONSTERA12/ca23dg_thre_0.5_masked_sub-MONSTERA12_task-07.csv"
[1] "/home/wanjiag/projects/MONSTERA/derivatives/csv_files/fMRI/sub-MONSTERA12/ca23dg_thre_0.5_masked_sub-MONSTERA12_task-08.csv"
[1] "/home/wanjiag/projects/MONSTERA/derivatives/csv_files/fMRI/sub-MONSTERA12/ca23dg_thre_0.5_masked_sub-MONSTERA12_task-09.csv"
[1] "/home/wanjiag/projects/MONSTERA/derivatives/csv_files/fMRI/sub-MONSTERA12/ca23dg_thre_0.5_masked_sub-MONSTERA12_task-10.csv"
[1] "/home/wanjiag/projects/MONSTERA/derivatives/csv_files/fMRI/sub-MONSTERA13/ca23dg_thre_0.5_masked_sub-MONSTERA13_task-01.csv"
[1] "/home/wanjiag/projects/MONSTERA/derivatives/csv_files/fMRI/sub-MONSTERA13/ca23dg_thre_0.5_masked_sub-MONSTERA13_task-02.csv"
[1] "/home/wanjiag/projects/MONSTERA/derivatives/csv_files/fMRI/sub-MONSTERA13/ca23dg_thre_0.5_masked_sub-MONSTERA13_task-03.csv"
[1] "/home/wanjiag/projects/MONSTERA/derivatives/csv_files/fMRI/sub-MONSTERA13/ca23dg_thre_0.5_masked_sub-MONSTERA13_task-04.csv"
[1] "/home/wanjiag/projects/MONSTERA/derivatives/csv_files/fMRI/sub-MONSTERA13/ca23dg_thre_0.5_masked_sub-MONSTERA13_task-05.csv"
[1] "/home/wanjiag/projects/MONSTERA/derivatives/csv_files/fMRI/sub-MONSTERA13/ca23dg_thre_0.5_masked_sub-MONSTERA13_task-06.csv"
[1] "/home/wanjiag/projects/MONSTERA/derivatives/csv_files/fMRI/sub-MONSTERA13/ca23dg_thre_0.5_masked_sub-MONSTERA13_task-07.csv"
[1] "/home/wanjiag/projects/MONSTERA/derivatives/csv_files/fMRI/sub-MONSTERA13/ca23dg_thre_0.5_masked_sub-MONSTERA13_task-08.csv"
[1] "/home/wanjiag/projects/MONSTERA/derivatives/csv_files/fMRI/sub-MONSTERA13/ca23dg_thre_0.5_masked_sub-MONSTERA13_task-09.csv"
[1] "/home/wanjiag/projects/MONSTERA/derivatives/csv_files/fMRI/sub-MONSTERA13/ca23dg_thre_0.5_masked_sub-MONSTERA13_task-10.csv"
[1] "-----------ca23dg: 14.269144654274-----------"
[1] "-----------ca1_thre_0.5_masked-----------"
[1] "/home/wanjiag/projects/MONSTERA/derivatives/csv_files/fMRI/sub-MONSTERA12/ca1_thre_0.5_masked_sub-MONSTERA12_task-01.csv"
[1] "/home/wanjiag/projects/MONSTERA/derivatives/csv_files/fMRI/sub-MONSTERA12/ca1_thre_0.5_masked_sub-MONSTERA12_task-02.csv"
[1] "/home/wanjiag/projects/MONSTERA/derivatives/csv_files/fMRI/sub-MONSTERA12/ca1_thre_0.5_masked_sub-MONSTERA12_task-03.csv"
[1] "/home/wanjiag/projects/MONSTERA/derivatives/csv_files/fMRI/sub-MONSTERA12/ca1_thre_0.5_masked_sub-MONSTERA12_task-04.csv"
[1] "/home/wanjiag/projects/MONSTERA/derivatives/csv_files/fMRI/sub-MONSTERA12/ca1_thre_0.5_masked_sub-MONSTERA12_task-05.csv"
[1] "/home/wanjiag/projects/MONSTERA/derivatives/csv_files/fMRI/sub-MONSTERA12/ca1_thre_0.5_masked_sub-MONSTERA12_task-06.csv"
[1] "/home/wanjiag/projects/MONSTERA/derivatives/csv_files/fMRI/sub-MONSTERA12/ca1_thre_0.5_masked_sub-MONSTERA12_task-07.csv"
[1] "/home/wanjiag/projects/MONSTERA/derivatives/csv_files/fMRI/sub-MONSTERA12/ca1_thre_0.5_masked_sub-MONSTERA12_task-08.csv"
[1] "/home/wanjiag/projects/MONSTERA/derivatives/csv_files/fMRI/sub-MONSTERA12/ca1_thre_0.5_masked_sub-MONSTERA12_task-09.csv"
[1] "/home/wanjiag/projects/MONSTERA/derivatives/csv_files/fMRI/sub-MONSTERA12/ca1_thre_0.5_masked_sub-MONSTERA12_task-10.csv"
[1] "/home/wanjiag/projects/MONSTERA/derivatives/csv_files/fMRI/sub-MONSTERA13/ca1_thre_0.5_masked_sub-MONSTERA13_task-01.csv"
[1] "/home/wanjiag/projects/MONSTERA/derivatives/csv_files/fMRI/sub-MONSTERA13/ca1_thre_0.5_masked_sub-MONSTERA13_task-02.csv"
[1] "/home/wanjiag/projects/MONSTERA/derivatives/csv_files/fMRI/sub-MONSTERA13/ca1_thre_0.5_masked_sub-MONSTERA13_task-03.csv"
[1] "/home/wanjiag/projects/MONSTERA/derivatives/csv_files/fMRI/sub-MONSTERA13/ca1_thre_0.5_masked_sub-MONSTERA13_task-04.csv"
[1] "/home/wanjiag/projects/MONSTERA/derivatives/csv_files/fMRI/sub-MONSTERA13/ca1_thre_0.5_masked_sub-MONSTERA13_task-05.csv"
[1] "/home/wanjiag/projects/MONSTERA/derivatives/csv_files/fMRI/sub-MONSTERA13/ca1_thre_0.5_masked_sub-MONSTERA13_task-06.csv"
[1] "/home/wanjiag/projects/MONSTERA/derivatives/csv_files/fMRI/sub-MONSTERA13/ca1_thre_0.5_masked_sub-MONSTERA13_task-07.csv"
[1] "/home/wanjiag/projects/MONSTERA/derivatives/csv_files/fMRI/sub-MONSTERA13/ca1_thre_0.5_masked_sub-MONSTERA13_task-08.csv"
[1] "/home/wanjiag/projects/MONSTERA/derivatives/csv_files/fMRI/sub-MONSTERA13/ca1_thre_0.5_masked_sub-MONSTERA13_task-09.csv"
[1] "/home/wanjiag/projects/MONSTERA/derivatives/csv_files/fMRI/sub-MONSTERA13/ca1_thre_0.5_masked_sub-MONSTERA13_task-10.csv"
[1] "-----------ca1: 16.5665498733521-----------"
[1] "-----------angular_gyrus_2_epi_thre_0.5_masked-----------"
[1] "/home/wanjiag/projects/MONSTERA/derivatives/csv_files/fMRI/sub-MONSTERA12/angular_gyrus_2_epi_thre_0.5_masked_sub-MONSTERA12_task-01.csv"
[1] "/home/wanjiag/projects/MONSTERA/derivatives/csv_files/fMRI/sub-MONSTERA12/angular_gyrus_2_epi_thre_0.5_masked_sub-MONSTERA12_task-02.csv"
[1] "/home/wanjiag/projects/MONSTERA/derivatives/csv_files/fMRI/sub-MONSTERA12/angular_gyrus_2_epi_thre_0.5_masked_sub-MONSTERA12_task-03.csv"
[1] "/home/wanjiag/projects/MONSTERA/derivatives/csv_files/fMRI/sub-MONSTERA12/angular_gyrus_2_epi_thre_0.5_masked_sub-MONSTERA12_task-04.csv"
[1] "/home/wanjiag/projects/MONSTERA/derivatives/csv_files/fMRI/sub-MONSTERA12/angular_gyrus_2_epi_thre_0.5_masked_sub-MONSTERA12_task-05.csv"
[1] "/home/wanjiag/projects/MONSTERA/derivatives/csv_files/fMRI/sub-MONSTERA12/angular_gyrus_2_epi_thre_0.5_masked_sub-MONSTERA12_task-06.csv"
[1] "/home/wanjiag/projects/MONSTERA/derivatives/csv_files/fMRI/sub-MONSTERA12/angular_gyrus_2_epi_thre_0.5_masked_sub-MONSTERA12_task-07.csv"
[1] "/home/wanjiag/projects/MONSTERA/derivatives/csv_files/fMRI/sub-MONSTERA12/angular_gyrus_2_epi_thre_0.5_masked_sub-MONSTERA12_task-08.csv"
[1] "/home/wanjiag/projects/MONSTERA/derivatives/csv_files/fMRI/sub-MONSTERA12/angular_gyrus_2_epi_thre_0.5_masked_sub-MONSTERA12_task-09.csv"
[1] "/home/wanjiag/projects/MONSTERA/derivatives/csv_files/fMRI/sub-MONSTERA12/angular_gyrus_2_epi_thre_0.5_masked_sub-MONSTERA12_task-10.csv"
[1] "/home/wanjiag/projects/MONSTERA/derivatives/csv_files/fMRI/sub-MONSTERA13/angular_gyrus_2_epi_thre_0.5_masked_sub-MONSTERA13_task-01.csv"
[1] "/home/wanjiag/projects/MONSTERA/derivatives/csv_files/fMRI/sub-MONSTERA13/angular_gyrus_2_epi_thre_0.5_masked_sub-MONSTERA13_task-02.csv"
[1] "/home/wanjiag/projects/MONSTERA/derivatives/csv_files/fMRI/sub-MONSTERA13/angular_gyrus_2_epi_thre_0.5_masked_sub-MONSTERA13_task-03.csv"
[1] "/home/wanjiag/projects/MONSTERA/derivatives/csv_files/fMRI/sub-MONSTERA13/angular_gyrus_2_epi_thre_0.5_masked_sub-MONSTERA13_task-04.csv"
[1] "/home/wanjiag/projects/MONSTERA/derivatives/csv_files/fMRI/sub-MONSTERA13/angular_gyrus_2_epi_thre_0.5_masked_sub-MONSTERA13_task-05.csv"
[1] "/home/wanjiag/projects/MONSTERA/derivatives/csv_files/fMRI/sub-MONSTERA13/angular_gyrus_2_epi_thre_0.5_masked_sub-MONSTERA13_task-06.csv"
[1] "/home/wanjiag/projects/MONSTERA/derivatives/csv_files/fMRI/sub-MONSTERA13/angular_gyrus_2_epi_thre_0.5_masked_sub-MONSTERA13_task-07.csv"
[1] "/home/wanjiag/projects/MONSTERA/derivatives/csv_files/fMRI/sub-MONSTERA13/angular_gyrus_2_epi_thre_0.5_masked_sub-MONSTERA13_task-08.csv"
[1] "/home/wanjiag/projects/MONSTERA/derivatives/csv_files/fMRI/sub-MONSTERA13/angular_gyrus_2_epi_thre_0.5_masked_sub-MONSTERA13_task-09.csv"
[1] "/home/wanjiag/projects/MONSTERA/derivatives/csv_files/fMRI/sub-MONSTERA13/angular_gyrus_2_epi_thre_0.5_masked_sub-MONSTERA13_task-10.csv"
[1] "-----------angular_gyrus: 33.8190227945646-----------"
[1] "-----------evc_2_epi_thre_0.5_masked-----------"
[1] "/home/wanjiag/projects/MONSTERA/derivatives/csv_files/fMRI/sub-MONSTERA12/evc_2_epi_thre_0.5_masked_sub-MONSTERA12_task-01.csv"
[1] "/home/wanjiag/projects/MONSTERA/derivatives/csv_files/fMRI/sub-MONSTERA12/evc_2_epi_thre_0.5_masked_sub-MONSTERA12_task-02.csv"
[1] "/home/wanjiag/projects/MONSTERA/derivatives/csv_files/fMRI/sub-MONSTERA12/evc_2_epi_thre_0.5_masked_sub-MONSTERA12_task-03.csv"
[1] "/home/wanjiag/projects/MONSTERA/derivatives/csv_files/fMRI/sub-MONSTERA12/evc_2_epi_thre_0.5_masked_sub-MONSTERA12_task-04.csv"
[1] "/home/wanjiag/projects/MONSTERA/derivatives/csv_files/fMRI/sub-MONSTERA12/evc_2_epi_thre_0.5_masked_sub-MONSTERA12_task-05.csv"
[1] "/home/wanjiag/projects/MONSTERA/derivatives/csv_files/fMRI/sub-MONSTERA12/evc_2_epi_thre_0.5_masked_sub-MONSTERA12_task-06.csv"
[1] "/home/wanjiag/projects/MONSTERA/derivatives/csv_files/fMRI/sub-MONSTERA12/evc_2_epi_thre_0.5_masked_sub-MONSTERA12_task-07.csv"
[1] "/home/wanjiag/projects/MONSTERA/derivatives/csv_files/fMRI/sub-MONSTERA12/evc_2_epi_thre_0.5_masked_sub-MONSTERA12_task-08.csv"
[1] "/home/wanjiag/projects/MONSTERA/derivatives/csv_files/fMRI/sub-MONSTERA12/evc_2_epi_thre_0.5_masked_sub-MONSTERA12_task-09.csv"
[1] "/home/wanjiag/projects/MONSTERA/derivatives/csv_files/fMRI/sub-MONSTERA12/evc_2_epi_thre_0.5_masked_sub-MONSTERA12_task-10.csv"
[1] "/home/wanjiag/projects/MONSTERA/derivatives/csv_files/fMRI/sub-MONSTERA13/evc_2_epi_thre_0.5_masked_sub-MONSTERA13_task-01.csv"
[1] "/home/wanjiag/projects/MONSTERA/derivatives/csv_files/fMRI/sub-MONSTERA13/evc_2_epi_thre_0.5_masked_sub-MONSTERA13_task-02.csv"
[1] "/home/wanjiag/projects/MONSTERA/derivatives/csv_files/fMRI/sub-MONSTERA13/evc_2_epi_thre_0.5_masked_sub-MONSTERA13_task-03.csv"
[1] "/home/wanjiag/projects/MONSTERA/derivatives/csv_files/fMRI/sub-MONSTERA13/evc_2_epi_thre_0.5_masked_sub-MONSTERA13_task-04.csv"
[1] "/home/wanjiag/projects/MONSTERA/derivatives/csv_files/fMRI/sub-MONSTERA13/evc_2_epi_thre_0.5_masked_sub-MONSTERA13_task-05.csv"
[1] "/home/wanjiag/projects/MONSTERA/derivatives/csv_files/fMRI/sub-MONSTERA13/evc_2_epi_thre_0.5_masked_sub-MONSTERA13_task-06.csv"
[1] "/home/wanjiag/projects/MONSTERA/derivatives/csv_files/fMRI/sub-MONSTERA13/evc_2_epi_thre_0.5_masked_sub-MONSTERA13_task-07.csv"
[1] "/home/wanjiag/projects/MONSTERA/derivatives/csv_files/fMRI/sub-MONSTERA13/evc_2_epi_thre_0.5_masked_sub-MONSTERA13_task-08.csv"
[1] "/home/wanjiag/projects/MONSTERA/derivatives/csv_files/fMRI/sub-MONSTERA13/evc_2_epi_thre_0.5_masked_sub-MONSTERA13_task-09.csv"
[1] "/home/wanjiag/projects/MONSTERA/derivatives/csv_files/fMRI/sub-MONSTERA13/evc_2_epi_thre_0.5_masked_sub-MONSTERA13_task-10.csv"
[1] "-----------evc: 21.201399632295-----------"
[1] "-----------hippocampus_2_epi_thre_0.5_masked-----------"
[1] "/home/wanjiag/projects/MONSTERA/derivatives/csv_files/fMRI/sub-MONSTERA12/hippocampus_2_epi_thre_0.5_masked_sub-MONSTERA12_task-01.csv"
[1] "/home/wanjiag/projects/MONSTERA/derivatives/csv_files/fMRI/sub-MONSTERA12/hippocampus_2_epi_thre_0.5_masked_sub-MONSTERA12_task-02.csv"
[1] "/home/wanjiag/projects/MONSTERA/derivatives/csv_files/fMRI/sub-MONSTERA12/hippocampus_2_epi_thre_0.5_masked_sub-MONSTERA12_task-03.csv"
[1] "/home/wanjiag/projects/MONSTERA/derivatives/csv_files/fMRI/sub-MONSTERA12/hippocampus_2_epi_thre_0.5_masked_sub-MONSTERA12_task-04.csv"
[1] "/home/wanjiag/projects/MONSTERA/derivatives/csv_files/fMRI/sub-MONSTERA12/hippocampus_2_epi_thre_0.5_masked_sub-MONSTERA12_task-05.csv"
[1] "/home/wanjiag/projects/MONSTERA/derivatives/csv_files/fMRI/sub-MONSTERA12/hippocampus_2_epi_thre_0.5_masked_sub-MONSTERA12_task-06.csv"
[1] "/home/wanjiag/projects/MONSTERA/derivatives/csv_files/fMRI/sub-MONSTERA12/hippocampus_2_epi_thre_0.5_masked_sub-MONSTERA12_task-07.csv"
[1] "/home/wanjiag/projects/MONSTERA/derivatives/csv_files/fMRI/sub-MONSTERA12/hippocampus_2_epi_thre_0.5_masked_sub-MONSTERA12_task-08.csv"
[1] "/home/wanjiag/projects/MONSTERA/derivatives/csv_files/fMRI/sub-MONSTERA12/hippocampus_2_epi_thre_0.5_masked_sub-MONSTERA12_task-09.csv"
[1] "/home/wanjiag/projects/MONSTERA/derivatives/csv_files/fMRI/sub-MONSTERA12/hippocampus_2_epi_thre_0.5_masked_sub-MONSTERA12_task-10.csv"
[1] "/home/wanjiag/projects/MONSTERA/derivatives/csv_files/fMRI/sub-MONSTERA13/hippocampus_2_epi_thre_0.5_masked_sub-MONSTERA13_task-01.csv"
[1] "/home/wanjiag/projects/MONSTERA/derivatives/csv_files/fMRI/sub-MONSTERA13/hippocampus_2_epi_thre_0.5_masked_sub-MONSTERA13_task-02.csv"
[1] "/home/wanjiag/projects/MONSTERA/derivatives/csv_files/fMRI/sub-MONSTERA13/hippocampus_2_epi_thre_0.5_masked_sub-MONSTERA13_task-03.csv"
[1] "/home/wanjiag/projects/MONSTERA/derivatives/csv_files/fMRI/sub-MONSTERA13/hippocampus_2_epi_thre_0.5_masked_sub-MONSTERA13_task-04.csv"
[1] "/home/wanjiag/projects/MONSTERA/derivatives/csv_files/fMRI/sub-MONSTERA13/hippocampus_2_epi_thre_0.5_masked_sub-MONSTERA13_task-05.csv"
[1] "/home/wanjiag/projects/MONSTERA/derivatives/csv_files/fMRI/sub-MONSTERA13/hippocampus_2_epi_thre_0.5_masked_sub-MONSTERA13_task-06.csv"
[1] "/home/wanjiag/projects/MONSTERA/derivatives/csv_files/fMRI/sub-MONSTERA13/hippocampus_2_epi_thre_0.5_masked_sub-MONSTERA13_task-07.csv"
[1] "/home/wanjiag/projects/MONSTERA/derivatives/csv_files/fMRI/sub-MONSTERA13/hippocampus_2_epi_thre_0.5_masked_sub-MONSTERA13_task-08.csv"
[1] "/home/wanjiag/projects/MONSTERA/derivatives/csv_files/fMRI/sub-MONSTERA13/hippocampus_2_epi_thre_0.5_masked_sub-MONSTERA13_task-09.csv"
[1] "/home/wanjiag/projects/MONSTERA/derivatives/csv_files/fMRI/sub-MONSTERA13/hippocampus_2_epi_thre_0.5_masked_sub-MONSTERA13_task-10.csv"
[1] "-----------hippocampus: 26.631802546978-----------"
[1] "-----------ppa_mni_2_epi_thre_0.5_masked-----------"
[1] "/home/wanjiag/projects/MONSTERA/derivatives/csv_files/fMRI/sub-MONSTERA12/ppa_mni_2_epi_thre_0.5_masked_sub-MONSTERA12_task-01.csv"
[1] "/home/wanjiag/projects/MONSTERA/derivatives/csv_files/fMRI/sub-MONSTERA12/ppa_mni_2_epi_thre_0.5_masked_sub-MONSTERA12_task-02.csv"
[1] "/home/wanjiag/projects/MONSTERA/derivatives/csv_files/fMRI/sub-MONSTERA12/ppa_mni_2_epi_thre_0.5_masked_sub-MONSTERA12_task-03.csv"
[1] "/home/wanjiag/projects/MONSTERA/derivatives/csv_files/fMRI/sub-MONSTERA12/ppa_mni_2_epi_thre_0.5_masked_sub-MONSTERA12_task-04.csv"
[1] "/home/wanjiag/projects/MONSTERA/derivatives/csv_files/fMRI/sub-MONSTERA12/ppa_mni_2_epi_thre_0.5_masked_sub-MONSTERA12_task-05.csv"
[1] "/home/wanjiag/projects/MONSTERA/derivatives/csv_files/fMRI/sub-MONSTERA12/ppa_mni_2_epi_thre_0.5_masked_sub-MONSTERA12_task-06.csv"
[1] "/home/wanjiag/projects/MONSTERA/derivatives/csv_files/fMRI/sub-MONSTERA12/ppa_mni_2_epi_thre_0.5_masked_sub-MONSTERA12_task-07.csv"
[1] "/home/wanjiag/projects/MONSTERA/derivatives/csv_files/fMRI/sub-MONSTERA12/ppa_mni_2_epi_thre_0.5_masked_sub-MONSTERA12_task-08.csv"
[1] "/home/wanjiag/projects/MONSTERA/derivatives/csv_files/fMRI/sub-MONSTERA12/ppa_mni_2_epi_thre_0.5_masked_sub-MONSTERA12_task-09.csv"
[1] "/home/wanjiag/projects/MONSTERA/derivatives/csv_files/fMRI/sub-MONSTERA12/ppa_mni_2_epi_thre_0.5_masked_sub-MONSTERA12_task-10.csv"
[1] "/home/wanjiag/projects/MONSTERA/derivatives/csv_files/fMRI/sub-MONSTERA13/ppa_mni_2_epi_thre_0.5_masked_sub-MONSTERA13_task-01.csv"
[1] "/home/wanjiag/projects/MONSTERA/derivatives/csv_files/fMRI/sub-MONSTERA13/ppa_mni_2_epi_thre_0.5_masked_sub-MONSTERA13_task-02.csv"
[1] "/home/wanjiag/projects/MONSTERA/derivatives/csv_files/fMRI/sub-MONSTERA13/ppa_mni_2_epi_thre_0.5_masked_sub-MONSTERA13_task-03.csv"
[1] "/home/wanjiag/projects/MONSTERA/derivatives/csv_files/fMRI/sub-MONSTERA13/ppa_mni_2_epi_thre_0.5_masked_sub-MONSTERA13_task-04.csv"
[1] "/home/wanjiag/projects/MONSTERA/derivatives/csv_files/fMRI/sub-MONSTERA13/ppa_mni_2_epi_thre_0.5_masked_sub-MONSTERA13_task-05.csv"
[1] "/home/wanjiag/projects/MONSTERA/derivatives/csv_files/fMRI/sub-MONSTERA13/ppa_mni_2_epi_thre_0.5_masked_sub-MONSTERA13_task-06.csv"
[1] "/home/wanjiag/projects/MONSTERA/derivatives/csv_files/fMRI/sub-MONSTERA13/ppa_mni_2_epi_thre_0.5_masked_sub-MONSTERA13_task-07.csv"
[1] "/home/wanjiag/projects/MONSTERA/derivatives/csv_files/fMRI/sub-MONSTERA13/ppa_mni_2_epi_thre_0.5_masked_sub-MONSTERA13_task-08.csv"
[1] "/home/wanjiag/projects/MONSTERA/derivatives/csv_files/fMRI/sub-MONSTERA13/ppa_mni_2_epi_thre_0.5_masked_sub-MONSTERA13_task-09.csv"
[1] "/home/wanjiag/projects/MONSTERA/derivatives/csv_files/fMRI/sub-MONSTERA13/ppa_mni_2_epi_thre_0.5_masked_sub-MONSTERA13_task-10.csv"
[1] "-----------ppa: 16.2213291446368-----------"
