── Attaching packages ─────────────────────────────────────── tidyverse 1.3.1 ──
✔ ggplot2 3.3.6     ✔ purrr   0.3.4
✔ tibble  3.1.7     ✔ dplyr   1.0.9
✔ tidyr   1.2.0     ✔ stringr 1.4.0
✔ readr   2.1.2     ✔ forcats 0.5.1
── Conflicts ────────────────────────────────────────── tidyverse_conflicts() ──
✖ dplyr::filter() masks stats::filter()
✖ dplyr::lag()    masks stats::lag()
Rows: 1471 Columns: 8
── Column specification ────────────────────────────────────────────────────────
Delimiter: ","
chr (3): npic, sub, condition
dbl (5): onset, design_onset, design_end, round, trial

ℹ Use `spec()` to retrieve the full column specification for this data.
ℹ Specify the column types or set `show_col_types = FALSE` to quiet this message.
Rows: 1468 Columns: 8
── Column specification ────────────────────────────────────────────────────────
Delimiter: ","
chr (3): npic, sub, condition
dbl (5): onset, design_onset, design_end, round, trial

ℹ Use `spec()` to retrieve the full column specification for this data.
ℹ Specify the column types or set `show_col_types = FALSE` to quiet this message.
Rows: 1471 Columns: 8
── Column specification ────────────────────────────────────────────────────────
Delimiter: ","
chr (3): npic, sub, condition
dbl (5): onset, design_onset, design_end, round, trial

ℹ Use `spec()` to retrieve the full column specification for this data.
ℹ Specify the column types or set `show_col_types = FALSE` to quiet this message.
Rows: 1471 Columns: 8
── Column specification ────────────────────────────────────────────────────────
Delimiter: ","
chr (3): npic, sub, condition
dbl (5): onset, design_onset, design_end, round, trial

ℹ Use `spec()` to retrieve the full column specification for this data.
ℹ Specify the column types or set `show_col_types = FALSE` to quiet this message.
Rows: 1471 Columns: 8
── Column specification ────────────────────────────────────────────────────────
Delimiter: ","
chr (3): npic, sub, condition
dbl (5): onset, design_onset, design_end, round, trial

ℹ Use `spec()` to retrieve the full column specification for this data.
ℹ Specify the column types or set `show_col_types = FALSE` to quiet this message.
Rows: 1471 Columns: 8
── Column specification ────────────────────────────────────────────────────────
Delimiter: ","
chr (3): npic, sub, condition
dbl (5): onset, design_onset, design_end, round, trial

ℹ Use `spec()` to retrieve the full column specification for this data.
ℹ Specify the column types or set `show_col_types = FALSE` to quiet this message.
Rows: 1471 Columns: 8
── Column specification ────────────────────────────────────────────────────────
Delimiter: ","
chr (3): npic, sub, condition
dbl (5): onset, design_onset, design_end, round, trial

ℹ Use `spec()` to retrieve the full column specification for this data.
ℹ Specify the column types or set `show_col_types = FALSE` to quiet this message.
Rows: 1471 Columns: 8
── Column specification ────────────────────────────────────────────────────────
Delimiter: ","
chr (3): npic, sub, condition
dbl (5): onset, design_onset, design_end, round, trial

ℹ Use `spec()` to retrieve the full column specification for this data.
ℹ Specify the column types or set `show_col_types = FALSE` to quiet this message.
Rows: 1471 Columns: 8
── Column specification ────────────────────────────────────────────────────────
Delimiter: ","
chr (3): npic, sub, condition
dbl (5): onset, design_onset, design_end, round, trial

ℹ Use `spec()` to retrieve the full column specification for this data.
ℹ Specify the column types or set `show_col_types = FALSE` to quiet this message.
Rows: 1470 Columns: 8
── Column specification ────────────────────────────────────────────────────────
Delimiter: ","
chr (3): npic, sub, condition
dbl (5): onset, design_onset, design_end, round, trial

ℹ Use `spec()` to retrieve the full column specification for this data.
ℹ Specify the column types or set `show_col_types = FALSE` to quiet this message.
Rows: 1471 Columns: 8
── Column specification ────────────────────────────────────────────────────────
Delimiter: ","
chr (3): npic, sub, condition
dbl (5): onset, design_onset, design_end, round, trial

ℹ Use `spec()` to retrieve the full column specification for this data.
ℹ Specify the column types or set `show_col_types = FALSE` to quiet this message.
Rows: 1471 Columns: 8
── Column specification ────────────────────────────────────────────────────────
Delimiter: ","
chr (3): npic, sub, condition
dbl (5): onset, design_onset, design_end, round, trial

ℹ Use `spec()` to retrieve the full column specification for this data.
ℹ Specify the column types or set `show_col_types = FALSE` to quiet this message.
Rows: 1471 Columns: 8
── Column specification ────────────────────────────────────────────────────────
Delimiter: ","
chr (3): npic, sub, condition
dbl (5): onset, design_onset, design_end, round, trial

ℹ Use `spec()` to retrieve the full column specification for this data.
ℹ Specify the column types or set `show_col_types = FALSE` to quiet this message.
Rows: 1471 Columns: 8
── Column specification ────────────────────────────────────────────────────────
Delimiter: ","
chr (3): npic, sub, condition
dbl (5): onset, design_onset, design_end, round, trial

ℹ Use `spec()` to retrieve the full column specification for this data.
ℹ Specify the column types or set `show_col_types = FALSE` to quiet this message.
Rows: 1471 Columns: 8
── Column specification ────────────────────────────────────────────────────────
Delimiter: ","
chr (3): npic, sub, condition
dbl (5): onset, design_onset, design_end, round, trial

ℹ Use `spec()` to retrieve the full column specification for this data.
ℹ Specify the column types or set `show_col_types = FALSE` to quiet this message.
Rows: 1471 Columns: 8
── Column specification ────────────────────────────────────────────────────────
Delimiter: ","
chr (3): npic, sub, condition
dbl (5): onset, design_onset, design_end, round, trial

ℹ Use `spec()` to retrieve the full column specification for this data.
ℹ Specify the column types or set `show_col_types = FALSE` to quiet this message.
Rows: 1471 Columns: 8
── Column specification ────────────────────────────────────────────────────────
Delimiter: ","
chr (3): npic, sub, condition
dbl (5): onset, design_onset, design_end, round, trial

ℹ Use `spec()` to retrieve the full column specification for this data.
ℹ Specify the column types or set `show_col_types = FALSE` to quiet this message.
Rows: 1471 Columns: 8
── Column specification ────────────────────────────────────────────────────────
Delimiter: ","
chr (3): npic, sub, condition
dbl (5): onset, design_onset, design_end, round, trial

ℹ Use `spec()` to retrieve the full column specification for this data.
ℹ Specify the column types or set `show_col_types = FALSE` to quiet this message.
Rows: 1471 Columns: 8
── Column specification ────────────────────────────────────────────────────────
Delimiter: ","
chr (3): npic, sub, condition
dbl (5): onset, design_onset, design_end, round, trial

ℹ Use `spec()` to retrieve the full column specification for this data.
ℹ Specify the column types or set `show_col_types = FALSE` to quiet this message.
Rows: 1471 Columns: 8
── Column specification ────────────────────────────────────────────────────────
Delimiter: ","
chr (3): npic, sub, condition
dbl (5): onset, design_onset, design_end, round, trial

ℹ Use `spec()` to retrieve the full column specification for this data.
ℹ Specify the column types or set `show_col_types = FALSE` to quiet this message.
Rows: 1471 Columns: 8
── Column specification ────────────────────────────────────────────────────────
Delimiter: ","
chr (3): npic, sub, condition
dbl (5): onset, design_onset, design_end, round, trial

ℹ Use `spec()` to retrieve the full column specification for this data.
ℹ Specify the column types or set `show_col_types = FALSE` to quiet this message.
Rows: 1471 Columns: 8
── Column specification ────────────────────────────────────────────────────────
Delimiter: ","
chr (3): npic, sub, condition
dbl (5): onset, design_onset, design_end, round, trial

ℹ Use `spec()` to retrieve the full column specification for this data.
ℹ Specify the column types or set `show_col_types = FALSE` to quiet this message.
Rows: 1471 Columns: 8
── Column specification ────────────────────────────────────────────────────────
Delimiter: ","
chr (3): npic, sub, condition
dbl (5): onset, design_onset, design_end, round, trial

ℹ Use `spec()` to retrieve the full column specification for this data.
ℹ Specify the column types or set `show_col_types = FALSE` to quiet this message.
Rows: 1471 Columns: 8
── Column specification ────────────────────────────────────────────────────────
Delimiter: ","
chr (3): npic, sub, condition
dbl (5): onset, design_onset, design_end, round, trial

ℹ Use `spec()` to retrieve the full column specification for this data.
ℹ Specify the column types or set `show_col_types = FALSE` to quiet this message.
Rows: 1468 Columns: 8
── Column specification ────────────────────────────────────────────────────────
Delimiter: ","
chr (3): npic, sub, condition
dbl (5): onset, design_onset, design_end, round, trial

ℹ Use `spec()` to retrieve the full column specification for this data.
ℹ Specify the column types or set `show_col_types = FALSE` to quiet this message.
Rows: 1468 Columns: 8
── Column specification ────────────────────────────────────────────────────────
Delimiter: ","
chr (3): npic, sub, condition
dbl (5): onset, design_onset, design_end, round, trial

ℹ Use `spec()` to retrieve the full column specification for this data.
ℹ Specify the column types or set `show_col_types = FALSE` to quiet this message.
Rows: 1471 Columns: 8
── Column specification ────────────────────────────────────────────────────────
Delimiter: ","
chr (3): npic, sub, condition
dbl (5): onset, design_onset, design_end, round, trial

ℹ Use `spec()` to retrieve the full column specification for this data.
ℹ Specify the column types or set `show_col_types = FALSE` to quiet this message.
Rows: 1471 Columns: 8
── Column specification ────────────────────────────────────────────────────────
Delimiter: ","
chr (3): npic, sub, condition
dbl (5): onset, design_onset, design_end, round, trial

ℹ Use `spec()` to retrieve the full column specification for this data.
ℹ Specify the column types or set `show_col_types = FALSE` to quiet this message.
Rows: 1471 Columns: 8
── Column specification ────────────────────────────────────────────────────────
Delimiter: ","
chr (3): npic, sub, condition
dbl (5): onset, design_onset, design_end, round, trial

ℹ Use `spec()` to retrieve the full column specification for this data.
ℹ Specify the column types or set `show_col_types = FALSE` to quiet this message.
Rows: 1471 Columns: 8
── Column specification ────────────────────────────────────────────────────────
Delimiter: ","
chr (3): npic, sub, condition
dbl (5): onset, design_onset, design_end, round, trial

ℹ Use `spec()` to retrieve the full column specification for this data.
ℹ Specify the column types or set `show_col_types = FALSE` to quiet this message.
Rows: 1470 Columns: 8
── Column specification ────────────────────────────────────────────────────────
Delimiter: ","
chr (3): npic, sub, condition
dbl (5): onset, design_onset, design_end, round, trial

ℹ Use `spec()` to retrieve the full column specification for this data.
ℹ Specify the column types or set `show_col_types = FALSE` to quiet this message.
Rows: 1471 Columns: 8
── Column specification ────────────────────────────────────────────────────────
Delimiter: ","
chr (3): npic, sub, condition
dbl (5): onset, design_onset, design_end, round, trial

ℹ Use `spec()` to retrieve the full column specification for this data.
ℹ Specify the column types or set `show_col_types = FALSE` to quiet this message.
Rows: 1470 Columns: 8
── Column specification ────────────────────────────────────────────────────────
Delimiter: ","
chr (3): npic, sub, condition
dbl (5): onset, design_onset, design_end, round, trial

ℹ Use `spec()` to retrieve the full column specification for this data.
ℹ Specify the column types or set `show_col_types = FALSE` to quiet this message.
Rows: 1471 Columns: 8
── Column specification ────────────────────────────────────────────────────────
Delimiter: ","
chr (3): npic, sub, condition
dbl (5): onset, design_onset, design_end, round, trial

ℹ Use `spec()` to retrieve the full column specification for this data.
ℹ Specify the column types or set `show_col_types = FALSE` to quiet this message.
Rows: 1471 Columns: 8
── Column specification ────────────────────────────────────────────────────────
Delimiter: ","
chr (3): npic, sub, condition
dbl (5): onset, design_onset, design_end, round, trial

ℹ Use `spec()` to retrieve the full column specification for this data.
ℹ Specify the column types or set `show_col_types = FALSE` to quiet this message.
Rows: 1471 Columns: 8
── Column specification ────────────────────────────────────────────────────────
Delimiter: ","
chr (3): npic, sub, condition
dbl (5): onset, design_onset, design_end, round, trial

ℹ Use `spec()` to retrieve the full column specification for this data.
ℹ Specify the column types or set `show_col_types = FALSE` to quiet this message.
Rows: 1470 Columns: 8
── Column specification ────────────────────────────────────────────────────────
Delimiter: ","
chr (3): npic, sub, condition
dbl (5): onset, design_onset, design_end, round, trial

ℹ Use `spec()` to retrieve the full column specification for this data.
ℹ Specify the column types or set `show_col_types = FALSE` to quiet this message.
Rows: 1471 Columns: 8
── Column specification ────────────────────────────────────────────────────────
Delimiter: ","
chr (3): npic, sub, condition
dbl (5): onset, design_onset, design_end, round, trial

ℹ Use `spec()` to retrieve the full column specification for this data.
ℹ Specify the column types or set `show_col_types = FALSE` to quiet this message.
Rows: 1471 Columns: 8
── Column specification ────────────────────────────────────────────────────────
Delimiter: ","
chr (3): npic, sub, condition
dbl (5): onset, design_onset, design_end, round, trial

ℹ Use `spec()` to retrieve the full column specification for this data.
ℹ Specify the column types or set `show_col_types = FALSE` to quiet this message.
Rows: 1471 Columns: 8
── Column specification ────────────────────────────────────────────────────────
Delimiter: ","
chr (3): npic, sub, condition
dbl (5): onset, design_onset, design_end, round, trial

ℹ Use `spec()` to retrieve the full column specification for this data.
ℹ Specify the column types or set `show_col_types = FALSE` to quiet this message.
Rows: 1468 Columns: 8
── Column specification ────────────────────────────────────────────────────────
Delimiter: ","
chr (2): npic, condition
dbl (6): onset, design_onset, design_end, sub, round, trial

ℹ Use `spec()` to retrieve the full column specification for this data.
ℹ Specify the column types or set `show_col_types = FALSE` to quiet this message.
Rows: 1471 Columns: 8
── Column specification ────────────────────────────────────────────────────────
Delimiter: ","
chr (2): npic, condition
dbl (6): onset, design_onset, design_end, sub, round, trial

ℹ Use `spec()` to retrieve the full column specification for this data.
ℹ Specify the column types or set `show_col_types = FALSE` to quiet this message.
Rows: 1468 Columns: 8
── Column specification ────────────────────────────────────────────────────────
Delimiter: ","
chr (2): npic, condition
dbl (6): onset, design_onset, design_end, sub, round, trial

ℹ Use `spec()` to retrieve the full column specification for this data.
ℹ Specify the column types or set `show_col_types = FALSE` to quiet this message.
Rows: 1471 Columns: 8
── Column specification ────────────────────────────────────────────────────────
Delimiter: ","
chr (2): npic, condition
dbl (6): onset, design_onset, design_end, sub, round, trial

ℹ Use `spec()` to retrieve the full column specification for this data.
ℹ Specify the column types or set `show_col_types = FALSE` to quiet this message.
Rows: 1471 Columns: 8
── Column specification ────────────────────────────────────────────────────────
Delimiter: ","
chr (2): npic, condition
dbl (6): onset, design_onset, design_end, sub, round, trial

ℹ Use `spec()` to retrieve the full column specification for this data.
ℹ Specify the column types or set `show_col_types = FALSE` to quiet this message.
Rows: 1471 Columns: 8
── Column specification ────────────────────────────────────────────────────────
Delimiter: ","
chr (2): npic, condition
dbl (6): onset, design_onset, design_end, sub, round, trial

ℹ Use `spec()` to retrieve the full column specification for this data.
ℹ Specify the column types or set `show_col_types = FALSE` to quiet this message.
Rows: 1471 Columns: 8
── Column specification ────────────────────────────────────────────────────────
Delimiter: ","
chr (2): npic, condition
dbl (6): onset, design_onset, design_end, sub, round, trial

ℹ Use `spec()` to retrieve the full column specification for this data.
ℹ Specify the column types or set `show_col_types = FALSE` to quiet this message.
Rows: 1471 Columns: 8
── Column specification ────────────────────────────────────────────────────────
Delimiter: ","
chr (2): npic, condition
dbl (6): onset, design_onset, design_end, sub, round, trial

ℹ Use `spec()` to retrieve the full column specification for this data.
ℹ Specify the column types or set `show_col_types = FALSE` to quiet this message.
Rows: 1471 Columns: 8
── Column specification ────────────────────────────────────────────────────────
Delimiter: ","
chr (2): npic, condition
dbl (6): onset, design_onset, design_end, sub, round, trial

ℹ Use `spec()` to retrieve the full column specification for this data.
ℹ Specify the column types or set `show_col_types = FALSE` to quiet this message.
Rows: 1470 Columns: 8
── Column specification ────────────────────────────────────────────────────────
Delimiter: ","
chr (2): npic, condition
dbl (6): onset, design_onset, design_end, sub, round, trial

ℹ Use `spec()` to retrieve the full column specification for this data.
ℹ Specify the column types or set `show_col_types = FALSE` to quiet this message.
Rows: 1471 Columns: 8
── Column specification ────────────────────────────────────────────────────────
Delimiter: ","
chr (2): npic, condition
dbl (6): onset, design_onset, design_end, sub, round, trial

ℹ Use `spec()` to retrieve the full column specification for this data.
ℹ Specify the column types or set `show_col_types = FALSE` to quiet this message.
Rows: 1471 Columns: 8
── Column specification ────────────────────────────────────────────────────────
Delimiter: ","
chr (2): npic, condition
dbl (6): onset, design_onset, design_end, sub, round, trial

ℹ Use `spec()` to retrieve the full column specification for this data.
ℹ Specify the column types or set `show_col_types = FALSE` to quiet this message.
Rows: 1471 Columns: 8
── Column specification ────────────────────────────────────────────────────────
Delimiter: ","
chr (2): npic, condition
dbl (6): onset, design_onset, design_end, sub, round, trial

ℹ Use `spec()` to retrieve the full column specification for this data.
ℹ Specify the column types or set `show_col_types = FALSE` to quiet this message.
Rows: 1471 Columns: 8
── Column specification ────────────────────────────────────────────────────────
Delimiter: ","
chr (2): npic, condition
dbl (6): onset, design_onset, design_end, sub, round, trial

ℹ Use `spec()` to retrieve the full column specification for this data.
ℹ Specify the column types or set `show_col_types = FALSE` to quiet this message.
Rows: 1471 Columns: 8
── Column specification ────────────────────────────────────────────────────────
Delimiter: ","
chr (2): npic, condition
dbl (6): onset, design_onset, design_end, sub, round, trial

ℹ Use `spec()` to retrieve the full column specification for this data.
ℹ Specify the column types or set `show_col_types = FALSE` to quiet this message.
Rows: 1471 Columns: 8
── Column specification ────────────────────────────────────────────────────────
Delimiter: ","
chr (2): npic, condition
dbl (6): onset, design_onset, design_end, sub, round, trial

ℹ Use `spec()` to retrieve the full column specification for this data.
ℹ Specify the column types or set `show_col_types = FALSE` to quiet this message.
Rows: 1468 Columns: 8
── Column specification ────────────────────────────────────────────────────────
Delimiter: ","
chr (2): npic, condition
dbl (6): onset, design_onset, design_end, sub, round, trial

ℹ Use `spec()` to retrieve the full column specification for this data.
ℹ Specify the column types or set `show_col_types = FALSE` to quiet this message.
Rows: 1471 Columns: 8
── Column specification ────────────────────────────────────────────────────────
Delimiter: ","
chr (2): npic, condition
dbl (6): onset, design_onset, design_end, sub, round, trial

ℹ Use `spec()` to retrieve the full column specification for this data.
ℹ Specify the column types or set `show_col_types = FALSE` to quiet this message.
Rows: 1471 Columns: 8
── Column specification ────────────────────────────────────────────────────────
Delimiter: ","
chr (2): npic, condition
dbl (6): onset, design_onset, design_end, sub, round, trial

ℹ Use `spec()` to retrieve the full column specification for this data.
ℹ Specify the column types or set `show_col_types = FALSE` to quiet this message.
Rows: 1471 Columns: 8
── Column specification ────────────────────────────────────────────────────────
Delimiter: ","
chr (2): npic, condition
dbl (6): onset, design_onset, design_end, sub, round, trial

ℹ Use `spec()` to retrieve the full column specification for this data.
ℹ Specify the column types or set `show_col_types = FALSE` to quiet this message.
Rows: 1468 Columns: 8
── Column specification ────────────────────────────────────────────────────────
Delimiter: ","
chr (2): npic, condition
dbl (6): onset, design_onset, design_end, sub, round, trial

ℹ Use `spec()` to retrieve the full column specification for this data.
ℹ Specify the column types or set `show_col_types = FALSE` to quiet this message.
Rows: 1468 Columns: 8
── Column specification ────────────────────────────────────────────────────────
Delimiter: ","
chr (2): npic, condition
dbl (6): onset, design_onset, design_end, sub, round, trial

ℹ Use `spec()` to retrieve the full column specification for this data.
ℹ Specify the column types or set `show_col_types = FALSE` to quiet this message.
Rows: 1465 Columns: 8
── Column specification ────────────────────────────────────────────────────────
Delimiter: ","
chr (2): npic, condition
dbl (6): onset, design_onset, design_end, sub, round, trial

ℹ Use `spec()` to retrieve the full column specification for this data.
ℹ Specify the column types or set `show_col_types = FALSE` to quiet this message.
Rows: 1471 Columns: 8
── Column specification ────────────────────────────────────────────────────────
Delimiter: ","
chr (2): npic, condition
dbl (6): onset, design_onset, design_end, sub, round, trial

ℹ Use `spec()` to retrieve the full column specification for this data.
ℹ Specify the column types or set `show_col_types = FALSE` to quiet this message.
Rows: 1462 Columns: 8
── Column specification ────────────────────────────────────────────────────────
Delimiter: ","
chr (2): npic, condition
dbl (6): onset, design_onset, design_end, sub, round, trial

ℹ Use `spec()` to retrieve the full column specification for this data.
ℹ Specify the column types or set `show_col_types = FALSE` to quiet this message.
Rows: 1471 Columns: 8
── Column specification ────────────────────────────────────────────────────────
Delimiter: ","
chr (2): npic, condition
dbl (6): onset, design_onset, design_end, sub, round, trial

ℹ Use `spec()` to retrieve the full column specification for this data.
ℹ Specify the column types or set `show_col_types = FALSE` to quiet this message.
Rows: 1468 Columns: 8
── Column specification ────────────────────────────────────────────────────────
Delimiter: ","
chr (2): npic, condition
dbl (6): onset, design_onset, design_end, sub, round, trial

ℹ Use `spec()` to retrieve the full column specification for this data.
ℹ Specify the column types or set `show_col_types = FALSE` to quiet this message.
Rows: 1471 Columns: 8
── Column specification ────────────────────────────────────────────────────────
Delimiter: ","
chr (2): npic, condition
dbl (6): onset, design_onset, design_end, sub, round, trial

ℹ Use `spec()` to retrieve the full column specification for this data.
ℹ Specify the column types or set `show_col_types = FALSE` to quiet this message.
Rows: 1471 Columns: 8
── Column specification ────────────────────────────────────────────────────────
Delimiter: ","
chr (2): npic, condition
dbl (6): onset, design_onset, design_end, sub, round, trial

ℹ Use `spec()` to retrieve the full column specification for this data.
ℹ Specify the column types or set `show_col_types = FALSE` to quiet this message.
Rows: 1468 Columns: 8
── Column specification ────────────────────────────────────────────────────────
Delimiter: ","
chr (2): npic, condition
dbl (6): onset, design_onset, design_end, sub, round, trial

ℹ Use `spec()` to retrieve the full column specification for this data.
ℹ Specify the column types or set `show_col_types = FALSE` to quiet this message.
Rows: 1465 Columns: 8
── Column specification ────────────────────────────────────────────────────────
Delimiter: ","
chr (2): npic, condition
dbl (6): onset, design_onset, design_end, sub, round, trial

ℹ Use `spec()` to retrieve the full column specification for this data.
ℹ Specify the column types or set `show_col_types = FALSE` to quiet this message.
Rows: 1468 Columns: 8
── Column specification ────────────────────────────────────────────────────────
Delimiter: ","
chr (2): npic, condition
dbl (6): onset, design_onset, design_end, sub, round, trial

ℹ Use `spec()` to retrieve the full column specification for this data.
ℹ Specify the column types or set `show_col_types = FALSE` to quiet this message.
Rows: 1465 Columns: 8
── Column specification ────────────────────────────────────────────────────────
Delimiter: ","
chr (2): npic, condition
dbl (6): onset, design_onset, design_end, sub, round, trial

ℹ Use `spec()` to retrieve the full column specification for this data.
ℹ Specify the column types or set `show_col_types = FALSE` to quiet this message.
Rows: 1468 Columns: 8
── Column specification ────────────────────────────────────────────────────────
Delimiter: ","
chr (2): npic, condition
dbl (6): onset, design_onset, design_end, sub, round, trial

ℹ Use `spec()` to retrieve the full column specification for this data.
ℹ Specify the column types or set `show_col_types = FALSE` to quiet this message.
Rows: 1468 Columns: 8
── Column specification ────────────────────────────────────────────────────────
Delimiter: ","
chr (2): npic, condition
dbl (6): onset, design_onset, design_end, sub, round, trial

ℹ Use `spec()` to retrieve the full column specification for this data.
ℹ Specify the column types or set `show_col_types = FALSE` to quiet this message.
Rows: 1467 Columns: 8
── Column specification ────────────────────────────────────────────────────────
Delimiter: ","
chr (2): npic, condition
dbl (6): onset, design_onset, design_end, sub, round, trial

ℹ Use `spec()` to retrieve the full column specification for this data.
ℹ Specify the column types or set `show_col_types = FALSE` to quiet this message.
Rows: 1467 Columns: 8
── Column specification ────────────────────────────────────────────────────────
Delimiter: ","
chr (2): npic, condition
dbl (6): onset, design_onset, design_end, sub, round, trial

ℹ Use `spec()` to retrieve the full column specification for this data.
ℹ Specify the column types or set `show_col_types = FALSE` to quiet this message.
Rows: 1469 Columns: 8
── Column specification ────────────────────────────────────────────────────────
Delimiter: ","
chr (2): npic, condition
dbl (6): onset, design_onset, design_end, sub, round, trial

ℹ Use `spec()` to retrieve the full column specification for this data.
ℹ Specify the column types or set `show_col_types = FALSE` to quiet this message.
Rows: 1465 Columns: 8
── Column specification ────────────────────────────────────────────────────────
Delimiter: ","
chr (2): npic, condition
dbl (6): onset, design_onset, design_end, sub, round, trial

ℹ Use `spec()` to retrieve the full column specification for this data.
ℹ Specify the column types or set `show_col_types = FALSE` to quiet this message.
Rows: 1471 Columns: 8
── Column specification ────────────────────────────────────────────────────────
Delimiter: ","
chr (2): npic, condition
dbl (6): onset, design_onset, design_end, sub, round, trial

ℹ Use `spec()` to retrieve the full column specification for this data.
ℹ Specify the column types or set `show_col_types = FALSE` to quiet this message.
Rows: 1471 Columns: 8
── Column specification ────────────────────────────────────────────────────────
Delimiter: ","
chr (2): npic, condition
dbl (6): onset, design_onset, design_end, sub, round, trial

ℹ Use `spec()` to retrieve the full column specification for this data.
ℹ Specify the column types or set `show_col_types = FALSE` to quiet this message.
Rows: 1471 Columns: 8
── Column specification ────────────────────────────────────────────────────────
Delimiter: ","
chr (2): npic, condition
dbl (6): onset, design_onset, design_end, sub, round, trial

ℹ Use `spec()` to retrieve the full column specification for this data.
ℹ Specify the column types or set `show_col_types = FALSE` to quiet this message.
Rows: 1471 Columns: 8
── Column specification ────────────────────────────────────────────────────────
Delimiter: ","
chr (2): npic, condition
dbl (6): onset, design_onset, design_end, sub, round, trial

ℹ Use `spec()` to retrieve the full column specification for this data.
ℹ Specify the column types or set `show_col_types = FALSE` to quiet this message.
Rows: 1471 Columns: 8
── Column specification ────────────────────────────────────────────────────────
Delimiter: ","
chr (2): npic, condition
dbl (6): onset, design_onset, design_end, sub, round, trial

ℹ Use `spec()` to retrieve the full column specification for this data.
ℹ Specify the column types or set `show_col_types = FALSE` to quiet this message.
Rows: 1471 Columns: 8
── Column specification ────────────────────────────────────────────────────────
Delimiter: ","
chr (2): npic, condition
dbl (6): onset, design_onset, design_end, sub, round, trial

ℹ Use `spec()` to retrieve the full column specification for this data.
ℹ Specify the column types or set `show_col_types = FALSE` to quiet this message.
Rows: 1471 Columns: 8
── Column specification ────────────────────────────────────────────────────────
Delimiter: ","
chr (2): npic, condition
dbl (6): onset, design_onset, design_end, sub, round, trial

ℹ Use `spec()` to retrieve the full column specification for this data.
ℹ Specify the column types or set `show_col_types = FALSE` to quiet this message.
Rows: 1157 Columns: 8
── Column specification ────────────────────────────────────────────────────────
Delimiter: ","
chr (2): npic, condition
dbl (6): onset, design_onset, design_end, sub, round, trial

ℹ Use `spec()` to retrieve the full column specification for this data.
ℹ Specify the column types or set `show_col_types = FALSE` to quiet this message.
Rows: 1471 Columns: 8
── Column specification ────────────────────────────────────────────────────────
Delimiter: ","
chr (2): npic, condition
dbl (6): onset, design_onset, design_end, sub, round, trial

ℹ Use `spec()` to retrieve the full column specification for this data.
ℹ Specify the column types or set `show_col_types = FALSE` to quiet this message.
Rows: 1471 Columns: 8
── Column specification ────────────────────────────────────────────────────────
Delimiter: ","
chr (2): npic, condition
dbl (6): onset, design_onset, design_end, sub, round, trial

ℹ Use `spec()` to retrieve the full column specification for this data.
ℹ Specify the column types or set `show_col_types = FALSE` to quiet this message.
Rows: 1471 Columns: 8
── Column specification ────────────────────────────────────────────────────────
Delimiter: ","
chr (2): npic, condition
dbl (6): onset, design_onset, design_end, sub, round, trial

ℹ Use `spec()` to retrieve the full column specification for this data.
ℹ Specify the column types or set `show_col_types = FALSE` to quiet this message.
Warning message:
Problem while computing `int_pic = as.integer(n_pic)`.
ℹ NAs introduced by coercion 
`summarise()` has grouped output by 'sub', 'round', 'trial', 'pair', 'route',
'segment', 'valid'. You can override using the `.groups` argument.
New names:
• `` -> `...1`
Rows: 452 Columns: 131
── Column specification ────────────────────────────────────────────────────────
Delimiter: ","
chr   (3): run, sub, roi
dbl (128): ...1, 0, 1, 2, 3, 4, 5, 6, 7, 8, 9, 10, 11, 12, 13, 14, 15, 16, 1...

ℹ Use `spec()` to retrieve the full column specification for this data.
ℹ Specify the column types or set `show_col_types = FALSE` to quiet this message.
New names:
• `` -> `...1`
Rows: 452 Columns: 131
── Column specification ────────────────────────────────────────────────────────
Delimiter: ","
chr   (3): run, sub, roi
dbl (128): ...1, 0, 1, 2, 3, 4, 5, 6, 7, 8, 9, 10, 11, 12, 13, 14, 15, 16, 1...

ℹ Use `spec()` to retrieve the full column specification for this data.
ℹ Specify the column types or set `show_col_types = FALSE` to quiet this message.
New names:
• `` -> `...1`
Rows: 452 Columns: 131
── Column specification ────────────────────────────────────────────────────────
Delimiter: ","
chr   (3): run, sub, roi
dbl (128): ...1, 0, 1, 2, 3, 4, 5, 6, 7, 8, 9, 10, 11, 12, 13, 14, 15, 16, 1...

ℹ Use `spec()` to retrieve the full column specification for this data.
ℹ Specify the column types or set `show_col_types = FALSE` to quiet this message.
New names:
• `` -> `...1`
Rows: 452 Columns: 131
── Column specification ────────────────────────────────────────────────────────
Delimiter: ","
chr   (3): run, sub, roi
dbl (128): ...1, 0, 1, 2, 3, 4, 5, 6, 7, 8, 9, 10, 11, 12, 13, 14, 15, 16, 1...

ℹ Use `spec()` to retrieve the full column specification for this data.
ℹ Specify the column types or set `show_col_types = FALSE` to quiet this message.
New names:
• `` -> `...1`
Rows: 452 Columns: 131
── Column specification ────────────────────────────────────────────────────────
Delimiter: ","
chr   (3): run, sub, roi
dbl (128): ...1, 0, 1, 2, 3, 4, 5, 6, 7, 8, 9, 10, 11, 12, 13, 14, 15, 16, 1...

ℹ Use `spec()` to retrieve the full column specification for this data.
ℹ Specify the column types or set `show_col_types = FALSE` to quiet this message.
New names:
• `` -> `...1`
Rows: 452 Columns: 131
── Column specification ────────────────────────────────────────────────────────
Delimiter: ","
chr   (3): run, sub, roi
dbl (128): ...1, 0, 1, 2, 3, 4, 5, 6, 7, 8, 9, 10, 11, 12, 13, 14, 15, 16, 1...

ℹ Use `spec()` to retrieve the full column specification for this data.
ℹ Specify the column types or set `show_col_types = FALSE` to quiet this message.
New names:
• `` -> `...1`
Rows: 452 Columns: 131
── Column specification ────────────────────────────────────────────────────────
Delimiter: ","
chr   (3): run, sub, roi
dbl (128): ...1, 0, 1, 2, 3, 4, 5, 6, 7, 8, 9, 10, 11, 12, 13, 14, 15, 16, 1...

ℹ Use `spec()` to retrieve the full column specification for this data.
ℹ Specify the column types or set `show_col_types = FALSE` to quiet this message.
New names:
• `` -> `...1`
Rows: 452 Columns: 131
── Column specification ────────────────────────────────────────────────────────
Delimiter: ","
chr   (3): run, sub, roi
dbl (128): ...1, 0, 1, 2, 3, 4, 5, 6, 7, 8, 9, 10, 11, 12, 13, 14, 15, 16, 1...

ℹ Use `spec()` to retrieve the full column specification for this data.
ℹ Specify the column types or set `show_col_types = FALSE` to quiet this message.
New names:
• `` -> `...1`
Rows: 452 Columns: 131
── Column specification ────────────────────────────────────────────────────────
Delimiter: ","
chr   (3): run, sub, roi
dbl (128): ...1, 0, 1, 2, 3, 4, 5, 6, 7, 8, 9, 10, 11, 12, 13, 14, 15, 16, 1...

ℹ Use `spec()` to retrieve the full column specification for this data.
ℹ Specify the column types or set `show_col_types = FALSE` to quiet this message.
New names:
• `` -> `...1`
Rows: 452 Columns: 131
── Column specification ────────────────────────────────────────────────────────
Delimiter: ","
chr   (3): run, sub, roi
dbl (128): ...1, 0, 1, 2, 3, 4, 5, 6, 7, 8, 9, 10, 11, 12, 13, 14, 15, 16, 1...

ℹ Use `spec()` to retrieve the full column specification for this data.
ℹ Specify the column types or set `show_col_types = FALSE` to quiet this message.
New names:
• `` -> `...1`
Rows: 452 Columns: 72
── Column specification ────────────────────────────────────────────────────────
Delimiter: ","
chr  (3): run, sub, roi
dbl (69): ...1, 0, 1, 2, 3, 4, 5, 6, 7, 8, 9, 10, 11, 12, 13, 14, 15, 16, 17...

ℹ Use `spec()` to retrieve the full column specification for this data.
ℹ Specify the column types or set `show_col_types = FALSE` to quiet this message.
New names:
• `` -> `...1`
Rows: 452 Columns: 72
── Column specification ────────────────────────────────────────────────────────
Delimiter: ","
chr  (3): run, sub, roi
dbl (69): ...1, 0, 1, 2, 3, 4, 5, 6, 7, 8, 9, 10, 11, 12, 13, 14, 15, 16, 17...

ℹ Use `spec()` to retrieve the full column specification for this data.
ℹ Specify the column types or set `show_col_types = FALSE` to quiet this message.
New names:
• `` -> `...1`
Rows: 452 Columns: 72
── Column specification ────────────────────────────────────────────────────────
Delimiter: ","
chr  (3): run, sub, roi
dbl (69): ...1, 0, 1, 2, 3, 4, 5, 6, 7, 8, 9, 10, 11, 12, 13, 14, 15, 16, 17...

ℹ Use `spec()` to retrieve the full column specification for this data.
ℹ Specify the column types or set `show_col_types = FALSE` to quiet this message.
New names:
• `` -> `...1`
Rows: 452 Columns: 72
── Column specification ────────────────────────────────────────────────────────
Delimiter: ","
chr  (3): run, sub, roi
dbl (69): ...1, 0, 1, 2, 3, 4, 5, 6, 7, 8, 9, 10, 11, 12, 13, 14, 15, 16, 17...

ℹ Use `spec()` to retrieve the full column specification for this data.
ℹ Specify the column types or set `show_col_types = FALSE` to quiet this message.
New names:
• `` -> `...1`
Rows: 452 Columns: 72
── Column specification ────────────────────────────────────────────────────────
Delimiter: ","
chr  (3): run, sub, roi
dbl (69): ...1, 0, 1, 2, 3, 4, 5, 6, 7, 8, 9, 10, 11, 12, 13, 14, 15, 16, 17...

ℹ Use `spec()` to retrieve the full column specification for this data.
ℹ Specify the column types or set `show_col_types = FALSE` to quiet this message.
New names:
• `` -> `...1`
Rows: 452 Columns: 72
── Column specification ────────────────────────────────────────────────────────
Delimiter: ","
chr  (3): run, sub, roi
dbl (69): ...1, 0, 1, 2, 3, 4, 5, 6, 7, 8, 9, 10, 11, 12, 13, 14, 15, 16, 17...

ℹ Use `spec()` to retrieve the full column specification for this data.
ℹ Specify the column types or set `show_col_types = FALSE` to quiet this message.
New names:
• `` -> `...1`
Rows: 452 Columns: 72
── Column specification ────────────────────────────────────────────────────────
Delimiter: ","
chr  (3): run, sub, roi
dbl (69): ...1, 0, 1, 2, 3, 4, 5, 6, 7, 8, 9, 10, 11, 12, 13, 14, 15, 16, 17...

ℹ Use `spec()` to retrieve the full column specification for this data.
ℹ Specify the column types or set `show_col_types = FALSE` to quiet this message.
New names:
• `` -> `...1`
Rows: 452 Columns: 72
── Column specification ────────────────────────────────────────────────────────
Delimiter: ","
chr  (3): run, sub, roi
dbl (69): ...1, 0, 1, 2, 3, 4, 5, 6, 7, 8, 9, 10, 11, 12, 13, 14, 15, 16, 17...

ℹ Use `spec()` to retrieve the full column specification for this data.
ℹ Specify the column types or set `show_col_types = FALSE` to quiet this message.
New names:
• `` -> `...1`
Rows: 452 Columns: 72
── Column specification ────────────────────────────────────────────────────────
Delimiter: ","
chr  (3): run, sub, roi
dbl (69): ...1, 0, 1, 2, 3, 4, 5, 6, 7, 8, 9, 10, 11, 12, 13, 14, 15, 16, 17...

ℹ Use `spec()` to retrieve the full column specification for this data.
ℹ Specify the column types or set `show_col_types = FALSE` to quiet this message.
New names:
• `` -> `...1`
Rows: 452 Columns: 72
── Column specification ────────────────────────────────────────────────────────
Delimiter: ","
chr  (3): run, sub, roi
dbl (69): ...1, 0, 1, 2, 3, 4, 5, 6, 7, 8, 9, 10, 11, 12, 13, 14, 15, 16, 17...

ℹ Use `spec()` to retrieve the full column specification for this data.
ℹ Specify the column types or set `show_col_types = FALSE` to quiet this message.
New names:
• `` -> `...1`
Rows: 452 Columns: 162
── Column specification ────────────────────────────────────────────────────────
Delimiter: ","
chr   (3): run, sub, roi
dbl (159): ...1, 0, 1, 2, 3, 4, 5, 6, 7, 8, 9, 10, 11, 12, 13, 14, 15, 16, 1...

ℹ Use `spec()` to retrieve the full column specification for this data.
ℹ Specify the column types or set `show_col_types = FALSE` to quiet this message.
New names:
• `` -> `...1`
Rows: 452 Columns: 162
── Column specification ────────────────────────────────────────────────────────
Delimiter: ","
chr   (3): run, sub, roi
dbl (159): ...1, 0, 1, 2, 3, 4, 5, 6, 7, 8, 9, 10, 11, 12, 13, 14, 15, 16, 1...

ℹ Use `spec()` to retrieve the full column specification for this data.
ℹ Specify the column types or set `show_col_types = FALSE` to quiet this message.
New names:
• `` -> `...1`
Rows: 452 Columns: 162
── Column specification ────────────────────────────────────────────────────────
Delimiter: ","
chr   (3): run, sub, roi
dbl (159): ...1, 0, 1, 2, 3, 4, 5, 6, 7, 8, 9, 10, 11, 12, 13, 14, 15, 16, 1...

ℹ Use `spec()` to retrieve the full column specification for this data.
ℹ Specify the column types or set `show_col_types = FALSE` to quiet this message.
New names:
• `` -> `...1`
Rows: 452 Columns: 162
── Column specification ────────────────────────────────────────────────────────
Delimiter: ","
chr   (3): run, sub, roi
dbl (159): ...1, 0, 1, 2, 3, 4, 5, 6, 7, 8, 9, 10, 11, 12, 13, 14, 15, 16, 1...

ℹ Use `spec()` to retrieve the full column specification for this data.
ℹ Specify the column types or set `show_col_types = FALSE` to quiet this message.
New names:
• `` -> `...1`
Rows: 452 Columns: 162
── Column specification ────────────────────────────────────────────────────────
Delimiter: ","
chr   (3): run, sub, roi
dbl (159): ...1, 0, 1, 2, 3, 4, 5, 6, 7, 8, 9, 10, 11, 12, 13, 14, 15, 16, 1...

ℹ Use `spec()` to retrieve the full column specification for this data.
ℹ Specify the column types or set `show_col_types = FALSE` to quiet this message.
New names:
• `` -> `...1`
Rows: 452 Columns: 162
── Column specification ────────────────────────────────────────────────────────
Delimiter: ","
chr   (3): run, sub, roi
dbl (159): ...1, 0, 1, 2, 3, 4, 5, 6, 7, 8, 9, 10, 11, 12, 13, 14, 15, 16, 1...

ℹ Use `spec()` to retrieve the full column specification for this data.
ℹ Specify the column types or set `show_col_types = FALSE` to quiet this message.
New names:
• `` -> `...1`
Rows: 452 Columns: 162
── Column specification ────────────────────────────────────────────────────────
Delimiter: ","
chr   (3): run, sub, roi
dbl (159): ...1, 0, 1, 2, 3, 4, 5, 6, 7, 8, 9, 10, 11, 12, 13, 14, 15, 16, 1...

ℹ Use `spec()` to retrieve the full column specification for this data.
ℹ Specify the column types or set `show_col_types = FALSE` to quiet this message.
New names:
• `` -> `...1`
Rows: 452 Columns: 162
── Column specification ────────────────────────────────────────────────────────
Delimiter: ","
chr   (3): run, sub, roi
dbl (159): ...1, 0, 1, 2, 3, 4, 5, 6, 7, 8, 9, 10, 11, 12, 13, 14, 15, 16, 1...

ℹ Use `spec()` to retrieve the full column specification for this data.
ℹ Specify the column types or set `show_col_types = FALSE` to quiet this message.
New names:
• `` -> `...1`
Rows: 452 Columns: 162
── Column specification ────────────────────────────────────────────────────────
Delimiter: ","
chr   (3): run, sub, roi
dbl (159): ...1, 0, 1, 2, 3, 4, 5, 6, 7, 8, 9, 10, 11, 12, 13, 14, 15, 16, 1...

ℹ Use `spec()` to retrieve the full column specification for this data.
ℹ Specify the column types or set `show_col_types = FALSE` to quiet this message.
New names:
• `` -> `...1`
Rows: 452 Columns: 162
── Column specification ────────────────────────────────────────────────────────
Delimiter: ","
chr   (3): run, sub, roi
dbl (159): ...1, 0, 1, 2, 3, 4, 5, 6, 7, 8, 9, 10, 11, 12, 13, 14, 15, 16, 1...

ℹ Use `spec()` to retrieve the full column specification for this data.
ℹ Specify the column types or set `show_col_types = FALSE` to quiet this message.
New names:
• `` -> `...1`
Rows: 452 Columns: 120
── Column specification ────────────────────────────────────────────────────────
Delimiter: ","
chr   (3): run, sub, roi
dbl (117): ...1, 0, 1, 2, 3, 4, 5, 6, 7, 8, 9, 10, 11, 12, 13, 14, 15, 16, 1...

ℹ Use `spec()` to retrieve the full column specification for this data.
ℹ Specify the column types or set `show_col_types = FALSE` to quiet this message.
New names:
• `` -> `...1`
Rows: 452 Columns: 120
── Column specification ────────────────────────────────────────────────────────
Delimiter: ","
chr   (3): run, sub, roi
dbl (117): ...1, 0, 1, 2, 3, 4, 5, 6, 7, 8, 9, 10, 11, 12, 13, 14, 15, 16, 1...

ℹ Use `spec()` to retrieve the full column specification for this data.
ℹ Specify the column types or set `show_col_types = FALSE` to quiet this message.
New names:
• `` -> `...1`
Rows: 452 Columns: 120
── Column specification ────────────────────────────────────────────────────────
Delimiter: ","
chr   (3): run, sub, roi
dbl (117): ...1, 0, 1, 2, 3, 4, 5, 6, 7, 8, 9, 10, 11, 12, 13, 14, 15, 16, 1...

ℹ Use `spec()` to retrieve the full column specification for this data.
ℹ Specify the column types or set `show_col_types = FALSE` to quiet this message.
New names:
• `` -> `...1`
Rows: 452 Columns: 120
── Column specification ────────────────────────────────────────────────────────
Delimiter: ","
chr   (3): run, sub, roi
dbl (117): ...1, 0, 1, 2, 3, 4, 5, 6, 7, 8, 9, 10, 11, 12, 13, 14, 15, 16, 1...

ℹ Use `spec()` to retrieve the full column specification for this data.
ℹ Specify the column types or set `show_col_types = FALSE` to quiet this message.
New names:
• `` -> `...1`
Rows: 452 Columns: 120
── Column specification ────────────────────────────────────────────────────────
Delimiter: ","
chr   (3): run, sub, roi
dbl (117): ...1, 0, 1, 2, 3, 4, 5, 6, 7, 8, 9, 10, 11, 12, 13, 14, 15, 16, 1...

ℹ Use `spec()` to retrieve the full column specification for this data.
ℹ Specify the column types or set `show_col_types = FALSE` to quiet this message.
New names:
• `` -> `...1`
Rows: 452 Columns: 120
── Column specification ────────────────────────────────────────────────────────
Delimiter: ","
chr   (3): run, sub, roi
dbl (117): ...1, 0, 1, 2, 3, 4, 5, 6, 7, 8, 9, 10, 11, 12, 13, 14, 15, 16, 1...

ℹ Use `spec()` to retrieve the full column specification for this data.
ℹ Specify the column types or set `show_col_types = FALSE` to quiet this message.
New names:
• `` -> `...1`
Rows: 452 Columns: 120
── Column specification ────────────────────────────────────────────────────────
Delimiter: ","
chr   (3): run, sub, roi
dbl (117): ...1, 0, 1, 2, 3, 4, 5, 6, 7, 8, 9, 10, 11, 12, 13, 14, 15, 16, 1...

ℹ Use `spec()` to retrieve the full column specification for this data.
ℹ Specify the column types or set `show_col_types = FALSE` to quiet this message.
New names:
• `` -> `...1`
Rows: 452 Columns: 120
── Column specification ────────────────────────────────────────────────────────
Delimiter: ","
chr   (3): run, sub, roi
dbl (117): ...1, 0, 1, 2, 3, 4, 5, 6, 7, 8, 9, 10, 11, 12, 13, 14, 15, 16, 1...

ℹ Use `spec()` to retrieve the full column specification for this data.
ℹ Specify the column types or set `show_col_types = FALSE` to quiet this message.
New names:
• `` -> `...1`
Rows: 452 Columns: 120
── Column specification ────────────────────────────────────────────────────────
Delimiter: ","
chr   (3): run, sub, roi
dbl (117): ...1, 0, 1, 2, 3, 4, 5, 6, 7, 8, 9, 10, 11, 12, 13, 14, 15, 16, 1...

ℹ Use `spec()` to retrieve the full column specification for this data.
ℹ Specify the column types or set `show_col_types = FALSE` to quiet this message.
New names:
• `` -> `...1`
Rows: 452 Columns: 120
── Column specification ────────────────────────────────────────────────────────
Delimiter: ","
chr   (3): run, sub, roi
dbl (117): ...1, 0, 1, 2, 3, 4, 5, 6, 7, 8, 9, 10, 11, 12, 13, 14, 15, 16, 1...

ℹ Use `spec()` to retrieve the full column specification for this data.
ℹ Specify the column types or set `show_col_types = FALSE` to quiet this message.
New names:
• `` -> `...1`
Rows: 452 Columns: 363
── Column specification ────────────────────────────────────────────────────────
Delimiter: ","
chr   (3): run, sub, roi
dbl (360): ...1, 0, 1, 2, 3, 4, 5, 6, 7, 8, 9, 10, 11, 12, 13, 14, 15, 16, 1...

ℹ Use `spec()` to retrieve the full column specification for this data.
ℹ Specify the column types or set `show_col_types = FALSE` to quiet this message.
New names:
• `` -> `...1`
Rows: 452 Columns: 363
── Column specification ────────────────────────────────────────────────────────
Delimiter: ","
chr   (3): run, sub, roi
dbl (360): ...1, 0, 1, 2, 3, 4, 5, 6, 7, 8, 9, 10, 11, 12, 13, 14, 15, 16, 1...

ℹ Use `spec()` to retrieve the full column specification for this data.
ℹ Specify the column types or set `show_col_types = FALSE` to quiet this message.
New names:
• `` -> `...1`
Rows: 452 Columns: 363
── Column specification ────────────────────────────────────────────────────────
Delimiter: ","
chr   (3): run, sub, roi
dbl (360): ...1, 0, 1, 2, 3, 4, 5, 6, 7, 8, 9, 10, 11, 12, 13, 14, 15, 16, 1...

ℹ Use `spec()` to retrieve the full column specification for this data.
ℹ Specify the column types or set `show_col_types = FALSE` to quiet this message.
New names:
• `` -> `...1`
Rows: 452 Columns: 363
── Column specification ────────────────────────────────────────────────────────
Delimiter: ","
chr   (3): run, sub, roi
dbl (360): ...1, 0, 1, 2, 3, 4, 5, 6, 7, 8, 9, 10, 11, 12, 13, 14, 15, 16, 1...

ℹ Use `spec()` to retrieve the full column specification for this data.
ℹ Specify the column types or set `show_col_types = FALSE` to quiet this message.
New names:
• `` -> `...1`
Rows: 452 Columns: 363
── Column specification ────────────────────────────────────────────────────────
Delimiter: ","
chr   (3): run, sub, roi
dbl (360): ...1, 0, 1, 2, 3, 4, 5, 6, 7, 8, 9, 10, 11, 12, 13, 14, 15, 16, 1...

ℹ Use `spec()` to retrieve the full column specification for this data.
ℹ Specify the column types or set `show_col_types = FALSE` to quiet this message.
New names:
• `` -> `...1`
Rows: 452 Columns: 363
── Column specification ────────────────────────────────────────────────────────
Delimiter: ","
chr   (3): run, sub, roi
dbl (360): ...1, 0, 1, 2, 3, 4, 5, 6, 7, 8, 9, 10, 11, 12, 13, 14, 15, 16, 1...

ℹ Use `spec()` to retrieve the full column specification for this data.
ℹ Specify the column types or set `show_col_types = FALSE` to quiet this message.
New names:
• `` -> `...1`
Rows: 452 Columns: 363
── Column specification ────────────────────────────────────────────────────────
Delimiter: ","
chr   (3): run, sub, roi
dbl (360): ...1, 0, 1, 2, 3, 4, 5, 6, 7, 8, 9, 10, 11, 12, 13, 14, 15, 16, 1...

ℹ Use `spec()` to retrieve the full column specification for this data.
ℹ Specify the column types or set `show_col_types = FALSE` to quiet this message.
New names:
• `` -> `...1`
Rows: 452 Columns: 363
── Column specification ────────────────────────────────────────────────────────
Delimiter: ","
chr   (3): run, sub, roi
dbl (360): ...1, 0, 1, 2, 3, 4, 5, 6, 7, 8, 9, 10, 11, 12, 13, 14, 15, 16, 1...

ℹ Use `spec()` to retrieve the full column specification for this data.
ℹ Specify the column types or set `show_col_types = FALSE` to quiet this message.
New names:
• `` -> `...1`
Rows: 452 Columns: 363
── Column specification ────────────────────────────────────────────────────────
Delimiter: ","
chr   (3): run, sub, roi
dbl (360): ...1, 0, 1, 2, 3, 4, 5, 6, 7, 8, 9, 10, 11, 12, 13, 14, 15, 16, 1...

ℹ Use `spec()` to retrieve the full column specification for this data.
ℹ Specify the column types or set `show_col_types = FALSE` to quiet this message.
New names:
• `` -> `...1`
Rows: 452 Columns: 363
── Column specification ────────────────────────────────────────────────────────
Delimiter: ","
chr   (3): run, sub, roi
dbl (360): ...1, 0, 1, 2, 3, 4, 5, 6, 7, 8, 9, 10, 11, 12, 13, 14, 15, 16, 1...

ℹ Use `spec()` to retrieve the full column specification for this data.
ℹ Specify the column types or set `show_col_types = FALSE` to quiet this message.
New names:
• `` -> `...1`
Rows: 452 Columns: 305
── Column specification ────────────────────────────────────────────────────────
Delimiter: ","
chr   (3): run, sub, roi
dbl (302): ...1, 0, 1, 2, 3, 4, 5, 6, 7, 8, 9, 10, 11, 12, 13, 14, 15, 16, 1...

ℹ Use `spec()` to retrieve the full column specification for this data.
ℹ Specify the column types or set `show_col_types = FALSE` to quiet this message.
New names:
• `` -> `...1`
Rows: 452 Columns: 305
── Column specification ────────────────────────────────────────────────────────
Delimiter: ","
chr   (3): run, sub, roi
dbl (302): ...1, 0, 1, 2, 3, 4, 5, 6, 7, 8, 9, 10, 11, 12, 13, 14, 15, 16, 1...

ℹ Use `spec()` to retrieve the full column specification for this data.
ℹ Specify the column types or set `show_col_types = FALSE` to quiet this message.
New names:
• `` -> `...1`
Rows: 452 Columns: 305
── Column specification ────────────────────────────────────────────────────────
Delimiter: ","
chr   (3): run, sub, roi
dbl (302): ...1, 0, 1, 2, 3, 4, 5, 6, 7, 8, 9, 10, 11, 12, 13, 14, 15, 16, 1...

ℹ Use `spec()` to retrieve the full column specification for this data.
ℹ Specify the column types or set `show_col_types = FALSE` to quiet this message.
New names:
• `` -> `...1`
Rows: 452 Columns: 305
── Column specification ────────────────────────────────────────────────────────
Delimiter: ","
chr   (3): run, sub, roi
dbl (302): ...1, 0, 1, 2, 3, 4, 5, 6, 7, 8, 9, 10, 11, 12, 13, 14, 15, 16, 1...

ℹ Use `spec()` to retrieve the full column specification for this data.
ℹ Specify the column types or set `show_col_types = FALSE` to quiet this message.
New names:
• `` -> `...1`
Rows: 452 Columns: 305
── Column specification ────────────────────────────────────────────────────────
Delimiter: ","
chr   (3): run, sub, roi
dbl (302): ...1, 0, 1, 2, 3, 4, 5, 6, 7, 8, 9, 10, 11, 12, 13, 14, 15, 16, 1...

ℹ Use `spec()` to retrieve the full column specification for this data.
ℹ Specify the column types or set `show_col_types = FALSE` to quiet this message.
New names:
• `` -> `...1`
Rows: 452 Columns: 305
── Column specification ────────────────────────────────────────────────────────
Delimiter: ","
chr   (3): run, sub, roi
dbl (302): ...1, 0, 1, 2, 3, 4, 5, 6, 7, 8, 9, 10, 11, 12, 13, 14, 15, 16, 1...

ℹ Use `spec()` to retrieve the full column specification for this data.
ℹ Specify the column types or set `show_col_types = FALSE` to quiet this message.
New names:
• `` -> `...1`
Rows: 452 Columns: 305
── Column specification ────────────────────────────────────────────────────────
Delimiter: ","
chr   (3): run, sub, roi
dbl (302): ...1, 0, 1, 2, 3, 4, 5, 6, 7, 8, 9, 10, 11, 12, 13, 14, 15, 16, 1...

ℹ Use `spec()` to retrieve the full column specification for this data.
ℹ Specify the column types or set `show_col_types = FALSE` to quiet this message.
New names:
• `` -> `...1`
Rows: 452 Columns: 305
── Column specification ────────────────────────────────────────────────────────
Delimiter: ","
chr   (3): run, sub, roi
dbl (302): ...1, 0, 1, 2, 3, 4, 5, 6, 7, 8, 9, 10, 11, 12, 13, 14, 15, 16, 1...

ℹ Use `spec()` to retrieve the full column specification for this data.
ℹ Specify the column types or set `show_col_types = FALSE` to quiet this message.
New names:
• `` -> `...1`
Rows: 452 Columns: 305
── Column specification ────────────────────────────────────────────────────────
Delimiter: ","
chr   (3): run, sub, roi
dbl (302): ...1, 0, 1, 2, 3, 4, 5, 6, 7, 8, 9, 10, 11, 12, 13, 14, 15, 16, 1...

ℹ Use `spec()` to retrieve the full column specification for this data.
ℹ Specify the column types or set `show_col_types = FALSE` to quiet this message.
New names:
• `` -> `...1`
Rows: 452 Columns: 305
── Column specification ────────────────────────────────────────────────────────
Delimiter: ","
chr   (3): run, sub, roi
dbl (302): ...1, 0, 1, 2, 3, 4, 5, 6, 7, 8, 9, 10, 11, 12, 13, 14, 15, 16, 1...

ℹ Use `spec()` to retrieve the full column specification for this data.
ℹ Specify the column types or set `show_col_types = FALSE` to quiet this message.
New names:
• `` -> `...1`
Rows: 452 Columns: 569
── Column specification ────────────────────────────────────────────────────────
Delimiter: ","
chr   (3): run, sub, roi
dbl (566): ...1, 0, 1, 2, 3, 4, 5, 6, 7, 8, 9, 10, 11, 12, 13, 14, 15, 16, 1...

ℹ Use `spec()` to retrieve the full column specification for this data.
ℹ Specify the column types or set `show_col_types = FALSE` to quiet this message.
New names:
• `` -> `...1`
Rows: 452 Columns: 569
── Column specification ────────────────────────────────────────────────────────
Delimiter: ","
chr   (3): run, sub, roi
dbl (566): ...1, 0, 1, 2, 3, 4, 5, 6, 7, 8, 9, 10, 11, 12, 13, 14, 15, 16, 1...

ℹ Use `spec()` to retrieve the full column specification for this data.
ℹ Specify the column types or set `show_col_types = FALSE` to quiet this message.
New names:
• `` -> `...1`
Rows: 452 Columns: 569
── Column specification ────────────────────────────────────────────────────────
Delimiter: ","
chr   (3): run, sub, roi
dbl (566): ...1, 0, 1, 2, 3, 4, 5, 6, 7, 8, 9, 10, 11, 12, 13, 14, 15, 16, 1...

ℹ Use `spec()` to retrieve the full column specification for this data.
ℹ Specify the column types or set `show_col_types = FALSE` to quiet this message.
New names:
• `` -> `...1`
Rows: 452 Columns: 569
── Column specification ────────────────────────────────────────────────────────
Delimiter: ","
chr   (3): run, sub, roi
dbl (566): ...1, 0, 1, 2, 3, 4, 5, 6, 7, 8, 9, 10, 11, 12, 13, 14, 15, 16, 1...

ℹ Use `spec()` to retrieve the full column specification for this data.
ℹ Specify the column types or set `show_col_types = FALSE` to quiet this message.
New names:
• `` -> `...1`
Rows: 452 Columns: 569
── Column specification ────────────────────────────────────────────────────────
Delimiter: ","
chr   (3): run, sub, roi
dbl (566): ...1, 0, 1, 2, 3, 4, 5, 6, 7, 8, 9, 10, 11, 12, 13, 14, 15, 16, 1...

ℹ Use `spec()` to retrieve the full column specification for this data.
ℹ Specify the column types or set `show_col_types = FALSE` to quiet this message.
New names:
• `` -> `...1`
Rows: 452 Columns: 569
── Column specification ────────────────────────────────────────────────────────
Delimiter: ","
chr   (3): run, sub, roi
dbl (566): ...1, 0, 1, 2, 3, 4, 5, 6, 7, 8, 9, 10, 11, 12, 13, 14, 15, 16, 1...

ℹ Use `spec()` to retrieve the full column specification for this data.
ℹ Specify the column types or set `show_col_types = FALSE` to quiet this message.
New names:
• `` -> `...1`
Rows: 452 Columns: 569
── Column specification ────────────────────────────────────────────────────────
Delimiter: ","
chr   (3): run, sub, roi
dbl (566): ...1, 0, 1, 2, 3, 4, 5, 6, 7, 8, 9, 10, 11, 12, 13, 14, 15, 16, 1...

ℹ Use `spec()` to retrieve the full column specification for this data.
ℹ Specify the column types or set `show_col_types = FALSE` to quiet this message.
New names:
• `` -> `...1`
Rows: 452 Columns: 569
── Column specification ────────────────────────────────────────────────────────
Delimiter: ","
chr   (3): run, sub, roi
dbl (566): ...1, 0, 1, 2, 3, 4, 5, 6, 7, 8, 9, 10, 11, 12, 13, 14, 15, 16, 1...

ℹ Use `spec()` to retrieve the full column specification for this data.
ℹ Specify the column types or set `show_col_types = FALSE` to quiet this message.
New names:
• `` -> `...1`
Rows: 452 Columns: 569
── Column specification ────────────────────────────────────────────────────────
Delimiter: ","
chr   (3): run, sub, roi
dbl (566): ...1, 0, 1, 2, 3, 4, 5, 6, 7, 8, 9, 10, 11, 12, 13, 14, 15, 16, 1...

ℹ Use `spec()` to retrieve the full column specification for this data.
ℹ Specify the column types or set `show_col_types = FALSE` to quiet this message.
New names:
• `` -> `...1`
Rows: 452 Columns: 569
── Column specification ────────────────────────────────────────────────────────
Delimiter: ","
chr   (3): run, sub, roi
dbl (566): ...1, 0, 1, 2, 3, 4, 5, 6, 7, 8, 9, 10, 11, 12, 13, 14, 15, 16, 1...

ℹ Use `spec()` to retrieve the full column specification for this data.
ℹ Specify the column types or set `show_col_types = FALSE` to quiet this message.
New names:
• `` -> `...1`
Rows: 452 Columns: 470
── Column specification ────────────────────────────────────────────────────────
Delimiter: ","
chr   (3): run, sub, roi
dbl (467): ...1, 0, 1, 2, 3, 4, 5, 6, 7, 8, 9, 10, 11, 12, 13, 14, 15, 16, 1...

ℹ Use `spec()` to retrieve the full column specification for this data.
ℹ Specify the column types or set `show_col_types = FALSE` to quiet this message.
New names:
• `` -> `...1`
Rows: 452 Columns: 470
── Column specification ────────────────────────────────────────────────────────
Delimiter: ","
chr   (3): run, sub, roi
dbl (467): ...1, 0, 1, 2, 3, 4, 5, 6, 7, 8, 9, 10, 11, 12, 13, 14, 15, 16, 1...

ℹ Use `spec()` to retrieve the full column specification for this data.
ℹ Specify the column types or set `show_col_types = FALSE` to quiet this message.
New names:
• `` -> `...1`
Rows: 452 Columns: 470
── Column specification ────────────────────────────────────────────────────────
Delimiter: ","
chr   (3): run, sub, roi
dbl (467): ...1, 0, 1, 2, 3, 4, 5, 6, 7, 8, 9, 10, 11, 12, 13, 14, 15, 16, 1...

ℹ Use `spec()` to retrieve the full column specification for this data.
ℹ Specify the column types or set `show_col_types = FALSE` to quiet this message.
New names:
• `` -> `...1`
Rows: 452 Columns: 470
── Column specification ────────────────────────────────────────────────────────
Delimiter: ","
chr   (3): run, sub, roi
dbl (467): ...1, 0, 1, 2, 3, 4, 5, 6, 7, 8, 9, 10, 11, 12, 13, 14, 15, 16, 1...

ℹ Use `spec()` to retrieve the full column specification for this data.
ℹ Specify the column types or set `show_col_types = FALSE` to quiet this message.
New names:
• `` -> `...1`
Rows: 452 Columns: 470
── Column specification ────────────────────────────────────────────────────────
Delimiter: ","
chr   (3): run, sub, roi
dbl (467): ...1, 0, 1, 2, 3, 4, 5, 6, 7, 8, 9, 10, 11, 12, 13, 14, 15, 16, 1...

ℹ Use `spec()` to retrieve the full column specification for this data.
ℹ Specify the column types or set `show_col_types = FALSE` to quiet this message.
New names:
• `` -> `...1`
Rows: 452 Columns: 470
── Column specification ────────────────────────────────────────────────────────
Delimiter: ","
chr   (3): run, sub, roi
dbl (467): ...1, 0, 1, 2, 3, 4, 5, 6, 7, 8, 9, 10, 11, 12, 13, 14, 15, 16, 1...

ℹ Use `spec()` to retrieve the full column specification for this data.
ℹ Specify the column types or set `show_col_types = FALSE` to quiet this message.
New names:
• `` -> `...1`
Rows: 452 Columns: 470
── Column specification ────────────────────────────────────────────────────────
Delimiter: ","
chr   (3): run, sub, roi
dbl (467): ...1, 0, 1, 2, 3, 4, 5, 6, 7, 8, 9, 10, 11, 12, 13, 14, 15, 16, 1...

ℹ Use `spec()` to retrieve the full column specification for this data.
ℹ Specify the column types or set `show_col_types = FALSE` to quiet this message.
New names:
• `` -> `...1`
Rows: 452 Columns: 470
── Column specification ────────────────────────────────────────────────────────
Delimiter: ","
chr   (3): run, sub, roi
dbl (467): ...1, 0, 1, 2, 3, 4, 5, 6, 7, 8, 9, 10, 11, 12, 13, 14, 15, 16, 1...

ℹ Use `spec()` to retrieve the full column specification for this data.
ℹ Specify the column types or set `show_col_types = FALSE` to quiet this message.
New names:
• `` -> `...1`
Rows: 452 Columns: 470
── Column specification ────────────────────────────────────────────────────────
Delimiter: ","
chr   (3): run, sub, roi
dbl (467): ...1, 0, 1, 2, 3, 4, 5, 6, 7, 8, 9, 10, 11, 12, 13, 14, 15, 16, 1...

ℹ Use `spec()` to retrieve the full column specification for this data.
ℹ Specify the column types or set `show_col_types = FALSE` to quiet this message.
New names:
• `` -> `...1`
Rows: 452 Columns: 470
── Column specification ────────────────────────────────────────────────────────
Delimiter: ","
chr   (3): run, sub, roi
dbl (467): ...1, 0, 1, 2, 3, 4, 5, 6, 7, 8, 9, 10, 11, 12, 13, 14, 15, 16, 1...

ℹ Use `spec()` to retrieve the full column specification for this data.
ℹ Specify the column types or set `show_col_types = FALSE` to quiet this message.
New names:
• `` -> `...1`
Rows: 452 Columns: 2838
── Column specification ────────────────────────────────────────────────────────
Delimiter: ","
chr    (3): run, sub, roi
dbl (2835): ...1, 0, 1, 2, 3, 4, 5, 6, 7, 8, 9, 10, 11, 12, 13, 14, 15, 16, ...

ℹ Use `spec()` to retrieve the full column specification for this data.
ℹ Specify the column types or set `show_col_types = FALSE` to quiet this message.
New names:
• `` -> `...1`
Rows: 452 Columns: 2838
── Column specification ────────────────────────────────────────────────────────
Delimiter: ","
chr    (3): run, sub, roi
dbl (2835): ...1, 0, 1, 2, 3, 4, 5, 6, 7, 8, 9, 10, 11, 12, 13, 14, 15, 16, ...

ℹ Use `spec()` to retrieve the full column specification for this data.
ℹ Specify the column types or set `show_col_types = FALSE` to quiet this message.
New names:
• `` -> `...1`
Rows: 452 Columns: 2838
── Column specification ────────────────────────────────────────────────────────
Delimiter: ","
chr    (3): run, sub, roi
dbl (2835): ...1, 0, 1, 2, 3, 4, 5, 6, 7, 8, 9, 10, 11, 12, 13, 14, 15, 16, ...

ℹ Use `spec()` to retrieve the full column specification for this data.
ℹ Specify the column types or set `show_col_types = FALSE` to quiet this message.
New names:
• `` -> `...1`
Rows: 452 Columns: 2838
── Column specification ────────────────────────────────────────────────────────
Delimiter: ","
chr    (3): run, sub, roi
dbl (2835): ...1, 0, 1, 2, 3, 4, 5, 6, 7, 8, 9, 10, 11, 12, 13, 14, 15, 16, ...

ℹ Use `spec()` to retrieve the full column specification for this data.
ℹ Specify the column types or set `show_col_types = FALSE` to quiet this message.
New names:
• `` -> `...1`
Rows: 452 Columns: 2838
── Column specification ────────────────────────────────────────────────────────
Delimiter: ","
chr    (3): run, sub, roi
dbl (2835): ...1, 0, 1, 2, 3, 4, 5, 6, 7, 8, 9, 10, 11, 12, 13, 14, 15, 16, ...

ℹ Use `spec()` to retrieve the full column specification for this data.
ℹ Specify the column types or set `show_col_types = FALSE` to quiet this message.
New names:
• `` -> `...1`
Rows: 452 Columns: 2838
── Column specification ────────────────────────────────────────────────────────
Delimiter: ","
chr    (3): run, sub, roi
dbl (2835): ...1, 0, 1, 2, 3, 4, 5, 6, 7, 8, 9, 10, 11, 12, 13, 14, 15, 16, ...

ℹ Use `spec()` to retrieve the full column specification for this data.
ℹ Specify the column types or set `show_col_types = FALSE` to quiet this message.
New names:
• `` -> `...1`
Rows: 452 Columns: 2838
── Column specification ────────────────────────────────────────────────────────
Delimiter: ","
chr    (3): run, sub, roi
dbl (2835): ...1, 0, 1, 2, 3, 4, 5, 6, 7, 8, 9, 10, 11, 12, 13, 14, 15, 16, ...

ℹ Use `spec()` to retrieve the full column specification for this data.
ℹ Specify the column types or set `show_col_types = FALSE` to quiet this message.
New names:
• `` -> `...1`
Rows: 452 Columns: 2838
── Column specification ────────────────────────────────────────────────────────
Delimiter: ","
chr    (3): run, sub, roi
dbl (2835): ...1, 0, 1, 2, 3, 4, 5, 6, 7, 8, 9, 10, 11, 12, 13, 14, 15, 16, ...

ℹ Use `spec()` to retrieve the full column specification for this data.
ℹ Specify the column types or set `show_col_types = FALSE` to quiet this message.
New names:
• `` -> `...1`
Rows: 452 Columns: 2838
── Column specification ────────────────────────────────────────────────────────
Delimiter: ","
chr    (3): run, sub, roi
dbl (2835): ...1, 0, 1, 2, 3, 4, 5, 6, 7, 8, 9, 10, 11, 12, 13, 14, 15, 16, ...

ℹ Use `spec()` to retrieve the full column specification for this data.
ℹ Specify the column types or set `show_col_types = FALSE` to quiet this message.
New names:
• `` -> `...1`
Rows: 452 Columns: 2838
── Column specification ────────────────────────────────────────────────────────
Delimiter: ","
chr    (3): run, sub, roi
dbl (2835): ...1, 0, 1, 2, 3, 4, 5, 6, 7, 8, 9, 10, 11, 12, 13, 14, 15, 16, ...

ℹ Use `spec()` to retrieve the full column specification for this data.
ℹ Specify the column types or set `show_col_types = FALSE` to quiet this message.
New names:
• `` -> `...1`
Rows: 452 Columns: 2361
── Column specification ────────────────────────────────────────────────────────
Delimiter: ","
chr    (3): run, sub, roi
dbl (2358): ...1, 0, 1, 2, 3, 4, 5, 6, 7, 8, 9, 10, 11, 12, 13, 14, 15, 16, ...

ℹ Use `spec()` to retrieve the full column specification for this data.
ℹ Specify the column types or set `show_col_types = FALSE` to quiet this message.
New names:
• `` -> `...1`
Rows: 452 Columns: 2361
── Column specification ────────────────────────────────────────────────────────
Delimiter: ","
chr    (3): run, sub, roi
dbl (2358): ...1, 0, 1, 2, 3, 4, 5, 6, 7, 8, 9, 10, 11, 12, 13, 14, 15, 16, ...

ℹ Use `spec()` to retrieve the full column specification for this data.
ℹ Specify the column types or set `show_col_types = FALSE` to quiet this message.
New names:
• `` -> `...1`
Rows: 452 Columns: 2361
── Column specification ────────────────────────────────────────────────────────
Delimiter: ","
chr    (3): run, sub, roi
dbl (2358): ...1, 0, 1, 2, 3, 4, 5, 6, 7, 8, 9, 10, 11, 12, 13, 14, 15, 16, ...

ℹ Use `spec()` to retrieve the full column specification for this data.
ℹ Specify the column types or set `show_col_types = FALSE` to quiet this message.
New names:
• `` -> `...1`
Rows: 452 Columns: 2361
── Column specification ────────────────────────────────────────────────────────
Delimiter: ","
chr    (3): run, sub, roi
dbl (2358): ...1, 0, 1, 2, 3, 4, 5, 6, 7, 8, 9, 10, 11, 12, 13, 14, 15, 16, ...

ℹ Use `spec()` to retrieve the full column specification for this data.
ℹ Specify the column types or set `show_col_types = FALSE` to quiet this message.
New names:
• `` -> `...1`
Rows: 452 Columns: 2361
── Column specification ────────────────────────────────────────────────────────
Delimiter: ","
chr    (3): run, sub, roi
dbl (2358): ...1, 0, 1, 2, 3, 4, 5, 6, 7, 8, 9, 10, 11, 12, 13, 14, 15, 16, ...

ℹ Use `spec()` to retrieve the full column specification for this data.
ℹ Specify the column types or set `show_col_types = FALSE` to quiet this message.
New names:
• `` -> `...1`
Rows: 452 Columns: 2361
── Column specification ────────────────────────────────────────────────────────
Delimiter: ","
chr    (3): run, sub, roi
dbl (2358): ...1, 0, 1, 2, 3, 4, 5, 6, 7, 8, 9, 10, 11, 12, 13, 14, 15, 16, ...

ℹ Use `spec()` to retrieve the full column specification for this data.
ℹ Specify the column types or set `show_col_types = FALSE` to quiet this message.
New names:
• `` -> `...1`
Rows: 452 Columns: 2361
── Column specification ────────────────────────────────────────────────────────
Delimiter: ","
chr    (3): run, sub, roi
dbl (2358): ...1, 0, 1, 2, 3, 4, 5, 6, 7, 8, 9, 10, 11, 12, 13, 14, 15, 16, ...

ℹ Use `spec()` to retrieve the full column specification for this data.
ℹ Specify the column types or set `show_col_types = FALSE` to quiet this message.
New names:
• `` -> `...1`
Rows: 452 Columns: 2361
── Column specification ────────────────────────────────────────────────────────
Delimiter: ","
chr    (3): run, sub, roi
dbl (2358): ...1, 0, 1, 2, 3, 4, 5, 6, 7, 8, 9, 10, 11, 12, 13, 14, 15, 16, ...

ℹ Use `spec()` to retrieve the full column specification for this data.
ℹ Specify the column types or set `show_col_types = FALSE` to quiet this message.
New names:
• `` -> `...1`
Rows: 452 Columns: 2361
── Column specification ────────────────────────────────────────────────────────
Delimiter: ","
chr    (3): run, sub, roi
dbl (2358): ...1, 0, 1, 2, 3, 4, 5, 6, 7, 8, 9, 10, 11, 12, 13, 14, 15, 16, ...

ℹ Use `spec()` to retrieve the full column specification for this data.
ℹ Specify the column types or set `show_col_types = FALSE` to quiet this message.
New names:
• `` -> `...1`
Rows: 452 Columns: 2361
── Column specification ────────────────────────────────────────────────────────
Delimiter: ","
chr    (3): run, sub, roi
dbl (2358): ...1, 0, 1, 2, 3, 4, 5, 6, 7, 8, 9, 10, 11, 12, 13, 14, 15, 16, ...

ℹ Use `spec()` to retrieve the full column specification for this data.
ℹ Specify the column types or set `show_col_types = FALSE` to quiet this message.
New names:
• `` -> `...1`
Rows: 452 Columns: 1256
── Column specification ────────────────────────────────────────────────────────
Delimiter: ","
chr    (3): run, sub, roi
dbl (1253): ...1, 0, 1, 2, 3, 4, 5, 6, 7, 8, 9, 10, 11, 12, 13, 14, 15, 16, ...

ℹ Use `spec()` to retrieve the full column specification for this data.
ℹ Specify the column types or set `show_col_types = FALSE` to quiet this message.
New names:
• `` -> `...1`
Rows: 452 Columns: 1256
── Column specification ────────────────────────────────────────────────────────
Delimiter: ","
chr    (3): run, sub, roi
dbl (1253): ...1, 0, 1, 2, 3, 4, 5, 6, 7, 8, 9, 10, 11, 12, 13, 14, 15, 16, ...

ℹ Use `spec()` to retrieve the full column specification for this data.
ℹ Specify the column types or set `show_col_types = FALSE` to quiet this message.
New names:
• `` -> `...1`
Rows: 452 Columns: 1256
── Column specification ────────────────────────────────────────────────────────
Delimiter: ","
chr    (3): run, sub, roi
dbl (1253): ...1, 0, 1, 2, 3, 4, 5, 6, 7, 8, 9, 10, 11, 12, 13, 14, 15, 16, ...

ℹ Use `spec()` to retrieve the full column specification for this data.
ℹ Specify the column types or set `show_col_types = FALSE` to quiet this message.
New names:
• `` -> `...1`
Rows: 452 Columns: 1256
── Column specification ────────────────────────────────────────────────────────
Delimiter: ","
chr    (3): run, sub, roi
dbl (1253): ...1, 0, 1, 2, 3, 4, 5, 6, 7, 8, 9, 10, 11, 12, 13, 14, 15, 16, ...

ℹ Use `spec()` to retrieve the full column specification for this data.
ℹ Specify the column types or set `show_col_types = FALSE` to quiet this message.
New names:
• `` -> `...1`
Rows: 452 Columns: 1256
── Column specification ────────────────────────────────────────────────────────
Delimiter: ","
chr    (3): run, sub, roi
dbl (1253): ...1, 0, 1, 2, 3, 4, 5, 6, 7, 8, 9, 10, 11, 12, 13, 14, 15, 16, ...

ℹ Use `spec()` to retrieve the full column specification for this data.
ℹ Specify the column types or set `show_col_types = FALSE` to quiet this message.
New names:
• `` -> `...1`
Rows: 452 Columns: 1256
── Column specification ────────────────────────────────────────────────────────
Delimiter: ","
chr    (3): run, sub, roi
dbl (1253): ...1, 0, 1, 2, 3, 4, 5, 6, 7, 8, 9, 10, 11, 12, 13, 14, 15, 16, ...

ℹ Use `spec()` to retrieve the full column specification for this data.
ℹ Specify the column types or set `show_col_types = FALSE` to quiet this message.
New names:
• `` -> `...1`
Rows: 452 Columns: 1256
── Column specification ────────────────────────────────────────────────────────
Delimiter: ","
chr    (3): run, sub, roi
dbl (1253): ...1, 0, 1, 2, 3, 4, 5, 6, 7, 8, 9, 10, 11, 12, 13, 14, 15, 16, ...

ℹ Use `spec()` to retrieve the full column specification for this data.
ℹ Specify the column types or set `show_col_types = FALSE` to quiet this message.
New names:
• `` -> `...1`
Rows: 452 Columns: 1256
── Column specification ────────────────────────────────────────────────────────
Delimiter: ","
chr    (3): run, sub, roi
dbl (1253): ...1, 0, 1, 2, 3, 4, 5, 6, 7, 8, 9, 10, 11, 12, 13, 14, 15, 16, ...

ℹ Use `spec()` to retrieve the full column specification for this data.
ℹ Specify the column types or set `show_col_types = FALSE` to quiet this message.
New names:
• `` -> `...1`
Rows: 452 Columns: 1256
── Column specification ────────────────────────────────────────────────────────
Delimiter: ","
chr    (3): run, sub, roi
dbl (1253): ...1, 0, 1, 2, 3, 4, 5, 6, 7, 8, 9, 10, 11, 12, 13, 14, 15, 16, ...

ℹ Use `spec()` to retrieve the full column specification for this data.
ℹ Specify the column types or set `show_col_types = FALSE` to quiet this message.
New names:
• `` -> `...1`
Rows: 452 Columns: 1256
── Column specification ────────────────────────────────────────────────────────
Delimiter: ","
chr    (3): run, sub, roi
dbl (1253): ...1, 0, 1, 2, 3, 4, 5, 6, 7, 8, 9, 10, 11, 12, 13, 14, 15, 16, ...

ℹ Use `spec()` to retrieve the full column specification for this data.
ℹ Specify the column types or set `show_col_types = FALSE` to quiet this message.
New names:
• `` -> `...1`
Rows: 452 Columns: 922
── Column specification ────────────────────────────────────────────────────────
Delimiter: ","
chr   (3): run, sub, roi
dbl (919): ...1, 0, 1, 2, 3, 4, 5, 6, 7, 8, 9, 10, 11, 12, 13, 14, 15, 16, 1...

ℹ Use `spec()` to retrieve the full column specification for this data.
ℹ Specify the column types or set `show_col_types = FALSE` to quiet this message.
New names:
• `` -> `...1`
Rows: 452 Columns: 922
── Column specification ────────────────────────────────────────────────────────
Delimiter: ","
chr   (3): run, sub, roi
dbl (919): ...1, 0, 1, 2, 3, 4, 5, 6, 7, 8, 9, 10, 11, 12, 13, 14, 15, 16, 1...

ℹ Use `spec()` to retrieve the full column specification for this data.
ℹ Specify the column types or set `show_col_types = FALSE` to quiet this message.
New names:
• `` -> `...1`
Rows: 452 Columns: 922
── Column specification ────────────────────────────────────────────────────────
Delimiter: ","
chr   (3): run, sub, roi
dbl (919): ...1, 0, 1, 2, 3, 4, 5, 6, 7, 8, 9, 10, 11, 12, 13, 14, 15, 16, 1...

ℹ Use `spec()` to retrieve the full column specification for this data.
ℹ Specify the column types or set `show_col_types = FALSE` to quiet this message.
New names:
• `` -> `...1`
Rows: 452 Columns: 922
── Column specification ────────────────────────────────────────────────────────
Delimiter: ","
chr   (3): run, sub, roi
dbl (919): ...1, 0, 1, 2, 3, 4, 5, 6, 7, 8, 9, 10, 11, 12, 13, 14, 15, 16, 1...

ℹ Use `spec()` to retrieve the full column specification for this data.
ℹ Specify the column types or set `show_col_types = FALSE` to quiet this message.
New names:
• `` -> `...1`
Rows: 452 Columns: 922
── Column specification ────────────────────────────────────────────────────────
Delimiter: ","
chr   (3): run, sub, roi
dbl (919): ...1, 0, 1, 2, 3, 4, 5, 6, 7, 8, 9, 10, 11, 12, 13, 14, 15, 16, 1...

ℹ Use `spec()` to retrieve the full column specification for this data.
ℹ Specify the column types or set `show_col_types = FALSE` to quiet this message.
New names:
• `` -> `...1`
Rows: 452 Columns: 922
── Column specification ────────────────────────────────────────────────────────
Delimiter: ","
chr   (3): run, sub, roi
dbl (919): ...1, 0, 1, 2, 3, 4, 5, 6, 7, 8, 9, 10, 11, 12, 13, 14, 15, 16, 1...

ℹ Use `spec()` to retrieve the full column specification for this data.
ℹ Specify the column types or set `show_col_types = FALSE` to quiet this message.
New names:
• `` -> `...1`
Rows: 452 Columns: 922
── Column specification ────────────────────────────────────────────────────────
Delimiter: ","
chr   (3): run, sub, roi
dbl (919): ...1, 0, 1, 2, 3, 4, 5, 6, 7, 8, 9, 10, 11, 12, 13, 14, 15, 16, 1...

ℹ Use `spec()` to retrieve the full column specification for this data.
ℹ Specify the column types or set `show_col_types = FALSE` to quiet this message.
New names:
• `` -> `...1`
Rows: 452 Columns: 922
── Column specification ────────────────────────────────────────────────────────
Delimiter: ","
chr   (3): run, sub, roi
dbl (919): ...1, 0, 1, 2, 3, 4, 5, 6, 7, 8, 9, 10, 11, 12, 13, 14, 15, 16, 1...

ℹ Use `spec()` to retrieve the full column specification for this data.
ℹ Specify the column types or set `show_col_types = FALSE` to quiet this message.
New names:
• `` -> `...1`
Rows: 452 Columns: 922
── Column specification ────────────────────────────────────────────────────────
Delimiter: ","
chr   (3): run, sub, roi
dbl (919): ...1, 0, 1, 2, 3, 4, 5, 6, 7, 8, 9, 10, 11, 12, 13, 14, 15, 16, 1...

ℹ Use `spec()` to retrieve the full column specification for this data.
ℹ Specify the column types or set `show_col_types = FALSE` to quiet this message.
New names:
• `` -> `...1`
Rows: 452 Columns: 922
── Column specification ────────────────────────────────────────────────────────
Delimiter: ","
chr   (3): run, sub, roi
dbl (919): ...1, 0, 1, 2, 3, 4, 5, 6, 7, 8, 9, 10, 11, 12, 13, 14, 15, 16, 1...

ℹ Use `spec()` to retrieve the full column specification for this data.
ℹ Specify the column types or set `show_col_types = FALSE` to quiet this message.
New names:
• `` -> `...1`
Rows: 452 Columns: 1921
── Column specification ────────────────────────────────────────────────────────
Delimiter: ","
chr    (3): run, sub, roi
dbl (1918): ...1, 0, 1, 2, 3, 4, 5, 6, 7, 8, 9, 10, 11, 12, 13, 14, 15, 16, ...

ℹ Use `spec()` to retrieve the full column specification for this data.
ℹ Specify the column types or set `show_col_types = FALSE` to quiet this message.
New names:
• `` -> `...1`
Rows: 452 Columns: 1921
── Column specification ────────────────────────────────────────────────────────
Delimiter: ","
chr    (3): run, sub, roi
dbl (1918): ...1, 0, 1, 2, 3, 4, 5, 6, 7, 8, 9, 10, 11, 12, 13, 14, 15, 16, ...

ℹ Use `spec()` to retrieve the full column specification for this data.
ℹ Specify the column types or set `show_col_types = FALSE` to quiet this message.
New names:
• `` -> `...1`
Rows: 452 Columns: 1921
── Column specification ────────────────────────────────────────────────────────
Delimiter: ","
chr    (3): run, sub, roi
dbl (1918): ...1, 0, 1, 2, 3, 4, 5, 6, 7, 8, 9, 10, 11, 12, 13, 14, 15, 16, ...

ℹ Use `spec()` to retrieve the full column specification for this data.
ℹ Specify the column types or set `show_col_types = FALSE` to quiet this message.
New names:
• `` -> `...1`
Rows: 452 Columns: 1921
── Column specification ────────────────────────────────────────────────────────
Delimiter: ","
chr    (3): run, sub, roi
dbl (1918): ...1, 0, 1, 2, 3, 4, 5, 6, 7, 8, 9, 10, 11, 12, 13, 14, 15, 16, ...

ℹ Use `spec()` to retrieve the full column specification for this data.
ℹ Specify the column types or set `show_col_types = FALSE` to quiet this message.
New names:
• `` -> `...1`
Rows: 452 Columns: 1921
── Column specification ────────────────────────────────────────────────────────
Delimiter: ","
chr    (3): run, sub, roi
dbl (1918): ...1, 0, 1, 2, 3, 4, 5, 6, 7, 8, 9, 10, 11, 12, 13, 14, 15, 16, ...

ℹ Use `spec()` to retrieve the full column specification for this data.
ℹ Specify the column types or set `show_col_types = FALSE` to quiet this message.
New names:
• `` -> `...1`
Rows: 452 Columns: 1921
── Column specification ────────────────────────────────────────────────────────
Delimiter: ","
chr    (3): run, sub, roi
dbl (1918): ...1, 0, 1, 2, 3, 4, 5, 6, 7, 8, 9, 10, 11, 12, 13, 14, 15, 16, ...

ℹ Use `spec()` to retrieve the full column specification for this data.
ℹ Specify the column types or set `show_col_types = FALSE` to quiet this message.
New names:
• `` -> `...1`
Rows: 452 Columns: 1921
── Column specification ────────────────────────────────────────────────────────
Delimiter: ","
chr    (3): run, sub, roi
dbl (1918): ...1, 0, 1, 2, 3, 4, 5, 6, 7, 8, 9, 10, 11, 12, 13, 14, 15, 16, ...

ℹ Use `spec()` to retrieve the full column specification for this data.
ℹ Specify the column types or set `show_col_types = FALSE` to quiet this message.
New names:
• `` -> `...1`
Rows: 452 Columns: 1921
── Column specification ────────────────────────────────────────────────────────
Delimiter: ","
chr    (3): run, sub, roi
dbl (1918): ...1, 0, 1, 2, 3, 4, 5, 6, 7, 8, 9, 10, 11, 12, 13, 14, 15, 16, ...

ℹ Use `spec()` to retrieve the full column specification for this data.
ℹ Specify the column types or set `show_col_types = FALSE` to quiet this message.
New names:
• `` -> `...1`
Rows: 452 Columns: 1921
── Column specification ────────────────────────────────────────────────────────
Delimiter: ","
chr    (3): run, sub, roi
dbl (1918): ...1, 0, 1, 2, 3, 4, 5, 6, 7, 8, 9, 10, 11, 12, 13, 14, 15, 16, ...

ℹ Use `spec()` to retrieve the full column specification for this data.
ℹ Specify the column types or set `show_col_types = FALSE` to quiet this message.
New names:
• `` -> `...1`
Rows: 452 Columns: 1921
── Column specification ────────────────────────────────────────────────────────
Delimiter: ","
chr    (3): run, sub, roi
dbl (1918): ...1, 0, 1, 2, 3, 4, 5, 6, 7, 8, 9, 10, 11, 12, 13, 14, 15, 16, ...

ℹ Use `spec()` to retrieve the full column specification for this data.
ℹ Specify the column types or set `show_col_types = FALSE` to quiet this message.
New names:
• `` -> `...1`
Rows: 452 Columns: 1692
── Column specification ────────────────────────────────────────────────────────
Delimiter: ","
chr    (3): run, sub, roi
dbl (1689): ...1, 0, 1, 2, 3, 4, 5, 6, 7, 8, 9, 10, 11, 12, 13, 14, 15, 16, ...

ℹ Use `spec()` to retrieve the full column specification for this data.
ℹ Specify the column types or set `show_col_types = FALSE` to quiet this message.
New names:
• `` -> `...1`
Rows: 452 Columns: 1692
── Column specification ────────────────────────────────────────────────────────
Delimiter: ","
chr    (3): run, sub, roi
dbl (1689): ...1, 0, 1, 2, 3, 4, 5, 6, 7, 8, 9, 10, 11, 12, 13, 14, 15, 16, ...

ℹ Use `spec()` to retrieve the full column specification for this data.
ℹ Specify the column types or set `show_col_types = FALSE` to quiet this message.
New names:
• `` -> `...1`
Rows: 452 Columns: 1692
── Column specification ────────────────────────────────────────────────────────
Delimiter: ","
chr    (3): run, sub, roi
dbl (1689): ...1, 0, 1, 2, 3, 4, 5, 6, 7, 8, 9, 10, 11, 12, 13, 14, 15, 16, ...

ℹ Use `spec()` to retrieve the full column specification for this data.
ℹ Specify the column types or set `show_col_types = FALSE` to quiet this message.
New names:
• `` -> `...1`
Rows: 452 Columns: 1692
── Column specification ────────────────────────────────────────────────────────
Delimiter: ","
chr    (3): run, sub, roi
dbl (1689): ...1, 0, 1, 2, 3, 4, 5, 6, 7, 8, 9, 10, 11, 12, 13, 14, 15, 16, ...

ℹ Use `spec()` to retrieve the full column specification for this data.
ℹ Specify the column types or set `show_col_types = FALSE` to quiet this message.
New names:
• `` -> `...1`
Rows: 452 Columns: 1692
── Column specification ────────────────────────────────────────────────────────
Delimiter: ","
chr    (3): run, sub, roi
dbl (1689): ...1, 0, 1, 2, 3, 4, 5, 6, 7, 8, 9, 10, 11, 12, 13, 14, 15, 16, ...

ℹ Use `spec()` to retrieve the full column specification for this data.
ℹ Specify the column types or set `show_col_types = FALSE` to quiet this message.
New names:
• `` -> `...1`
Rows: 452 Columns: 1692
── Column specification ────────────────────────────────────────────────────────
Delimiter: ","
chr    (3): run, sub, roi
dbl (1689): ...1, 0, 1, 2, 3, 4, 5, 6, 7, 8, 9, 10, 11, 12, 13, 14, 15, 16, ...

ℹ Use `spec()` to retrieve the full column specification for this data.
ℹ Specify the column types or set `show_col_types = FALSE` to quiet this message.
New names:
• `` -> `...1`
Rows: 452 Columns: 1692
── Column specification ────────────────────────────────────────────────────────
Delimiter: ","
chr    (3): run, sub, roi
dbl (1689): ...1, 0, 1, 2, 3, 4, 5, 6, 7, 8, 9, 10, 11, 12, 13, 14, 15, 16, ...

ℹ Use `spec()` to retrieve the full column specification for this data.
ℹ Specify the column types or set `show_col_types = FALSE` to quiet this message.
New names:
• `` -> `...1`
Rows: 452 Columns: 1692
── Column specification ────────────────────────────────────────────────────────
Delimiter: ","
chr    (3): run, sub, roi
dbl (1689): ...1, 0, 1, 2, 3, 4, 5, 6, 7, 8, 9, 10, 11, 12, 13, 14, 15, 16, ...

ℹ Use `spec()` to retrieve the full column specification for this data.
ℹ Specify the column types or set `show_col_types = FALSE` to quiet this message.
New names:
• `` -> `...1`
Rows: 452 Columns: 1692
── Column specification ────────────────────────────────────────────────────────
Delimiter: ","
chr    (3): run, sub, roi
dbl (1689): ...1, 0, 1, 2, 3, 4, 5, 6, 7, 8, 9, 10, 11, 12, 13, 14, 15, 16, ...

ℹ Use `spec()` to retrieve the full column specification for this data.
ℹ Specify the column types or set `show_col_types = FALSE` to quiet this message.
New names:
• `` -> `...1`
Rows: 452 Columns: 1692
── Column specification ────────────────────────────────────────────────────────
Delimiter: ","
chr    (3): run, sub, roi
dbl (1689): ...1, 0, 1, 2, 3, 4, 5, 6, 7, 8, 9, 10, 11, 12, 13, 14, 15, 16, ...

ℹ Use `spec()` to retrieve the full column specification for this data.
ℹ Specify the column types or set `show_col_types = FALSE` to quiet this message.
New names:
• `` -> `...1`
Rows: 452 Columns: 527
── Column specification ────────────────────────────────────────────────────────
Delimiter: ","
chr   (3): run, sub, roi
dbl (524): ...1, 0, 1, 2, 3, 4, 5, 6, 7, 8, 9, 10, 11, 12, 13, 14, 15, 16, 1...

ℹ Use `spec()` to retrieve the full column specification for this data.
ℹ Specify the column types or set `show_col_types = FALSE` to quiet this message.
New names:
• `` -> `...1`
Rows: 452 Columns: 527
── Column specification ────────────────────────────────────────────────────────
Delimiter: ","
chr   (3): run, sub, roi
dbl (524): ...1, 0, 1, 2, 3, 4, 5, 6, 7, 8, 9, 10, 11, 12, 13, 14, 15, 16, 1...

ℹ Use `spec()` to retrieve the full column specification for this data.
ℹ Specify the column types or set `show_col_types = FALSE` to quiet this message.
New names:
• `` -> `...1`
Rows: 452 Columns: 527
── Column specification ────────────────────────────────────────────────────────
Delimiter: ","
chr   (3): run, sub, roi
dbl (524): ...1, 0, 1, 2, 3, 4, 5, 6, 7, 8, 9, 10, 11, 12, 13, 14, 15, 16, 1...

ℹ Use `spec()` to retrieve the full column specification for this data.
ℹ Specify the column types or set `show_col_types = FALSE` to quiet this message.
New names:
• `` -> `...1`
Rows: 452 Columns: 527
── Column specification ────────────────────────────────────────────────────────
Delimiter: ","
chr   (3): run, sub, roi
dbl (524): ...1, 0, 1, 2, 3, 4, 5, 6, 7, 8, 9, 10, 11, 12, 13, 14, 15, 16, 1...

ℹ Use `spec()` to retrieve the full column specification for this data.
ℹ Specify the column types or set `show_col_types = FALSE` to quiet this message.
New names:
• `` -> `...1`
Rows: 452 Columns: 527
── Column specification ────────────────────────────────────────────────────────
Delimiter: ","
chr   (3): run, sub, roi
dbl (524): ...1, 0, 1, 2, 3, 4, 5, 6, 7, 8, 9, 10, 11, 12, 13, 14, 15, 16, 1...

ℹ Use `spec()` to retrieve the full column specification for this data.
ℹ Specify the column types or set `show_col_types = FALSE` to quiet this message.
New names:
• `` -> `...1`
Rows: 452 Columns: 527
── Column specification ────────────────────────────────────────────────────────
Delimiter: ","
chr   (3): run, sub, roi
dbl (524): ...1, 0, 1, 2, 3, 4, 5, 6, 7, 8, 9, 10, 11, 12, 13, 14, 15, 16, 1...

ℹ Use `spec()` to retrieve the full column specification for this data.
ℹ Specify the column types or set `show_col_types = FALSE` to quiet this message.
New names:
• `` -> `...1`
Rows: 452 Columns: 527
── Column specification ────────────────────────────────────────────────────────
Delimiter: ","
chr   (3): run, sub, roi
dbl (524): ...1, 0, 1, 2, 3, 4, 5, 6, 7, 8, 9, 10, 11, 12, 13, 14, 15, 16, 1...

ℹ Use `spec()` to retrieve the full column specification for this data.
ℹ Specify the column types or set `show_col_types = FALSE` to quiet this message.
New names:
• `` -> `...1`
Rows: 452 Columns: 527
── Column specification ────────────────────────────────────────────────────────
Delimiter: ","
chr   (3): run, sub, roi
dbl (524): ...1, 0, 1, 2, 3, 4, 5, 6, 7, 8, 9, 10, 11, 12, 13, 14, 15, 16, 1...

ℹ Use `spec()` to retrieve the full column specification for this data.
ℹ Specify the column types or set `show_col_types = FALSE` to quiet this message.
New names:
• `` -> `...1`
Rows: 452 Columns: 527
── Column specification ────────────────────────────────────────────────────────
Delimiter: ","
chr   (3): run, sub, roi
dbl (524): ...1, 0, 1, 2, 3, 4, 5, 6, 7, 8, 9, 10, 11, 12, 13, 14, 15, 16, 1...

ℹ Use `spec()` to retrieve the full column specification for this data.
ℹ Specify the column types or set `show_col_types = FALSE` to quiet this message.
New names:
• `` -> `...1`
Rows: 452 Columns: 527
── Column specification ────────────────────────────────────────────────────────
Delimiter: ","
chr   (3): run, sub, roi
dbl (524): ...1, 0, 1, 2, 3, 4, 5, 6, 7, 8, 9, 10, 11, 12, 13, 14, 15, 16, 1...

ℹ Use `spec()` to retrieve the full column specification for this data.
ℹ Specify the column types or set `show_col_types = FALSE` to quiet this message.
New names:
• `` -> `...1`
Rows: 452 Columns: 386
── Column specification ────────────────────────────────────────────────────────
Delimiter: ","
chr   (3): run, sub, roi
dbl (383): ...1, 0, 1, 2, 3, 4, 5, 6, 7, 8, 9, 10, 11, 12, 13, 14, 15, 16, 1...

ℹ Use `spec()` to retrieve the full column specification for this data.
ℹ Specify the column types or set `show_col_types = FALSE` to quiet this message.
New names:
• `` -> `...1`
Rows: 452 Columns: 386
── Column specification ────────────────────────────────────────────────────────
Delimiter: ","
chr   (3): run, sub, roi
dbl (383): ...1, 0, 1, 2, 3, 4, 5, 6, 7, 8, 9, 10, 11, 12, 13, 14, 15, 16, 1...

ℹ Use `spec()` to retrieve the full column specification for this data.
ℹ Specify the column types or set `show_col_types = FALSE` to quiet this message.
New names:
• `` -> `...1`
Rows: 452 Columns: 386
── Column specification ────────────────────────────────────────────────────────
Delimiter: ","
chr   (3): run, sub, roi
dbl (383): ...1, 0, 1, 2, 3, 4, 5, 6, 7, 8, 9, 10, 11, 12, 13, 14, 15, 16, 1...

ℹ Use `spec()` to retrieve the full column specification for this data.
ℹ Specify the column types or set `show_col_types = FALSE` to quiet this message.
New names:
• `` -> `...1`
Rows: 452 Columns: 386
── Column specification ────────────────────────────────────────────────────────
Delimiter: ","
chr   (3): run, sub, roi
dbl (383): ...1, 0, 1, 2, 3, 4, 5, 6, 7, 8, 9, 10, 11, 12, 13, 14, 15, 16, 1...

ℹ Use `spec()` to retrieve the full column specification for this data.
ℹ Specify the column types or set `show_col_types = FALSE` to quiet this message.
New names:
• `` -> `...1`
Rows: 452 Columns: 386
── Column specification ────────────────────────────────────────────────────────
Delimiter: ","
chr   (3): run, sub, roi
dbl (383): ...1, 0, 1, 2, 3, 4, 5, 6, 7, 8, 9, 10, 11, 12, 13, 14, 15, 16, 1...

ℹ Use `spec()` to retrieve the full column specification for this data.
ℹ Specify the column types or set `show_col_types = FALSE` to quiet this message.
New names:
• `` -> `...1`
Rows: 452 Columns: 386
── Column specification ────────────────────────────────────────────────────────
Delimiter: ","
chr   (3): run, sub, roi
dbl (383): ...1, 0, 1, 2, 3, 4, 5, 6, 7, 8, 9, 10, 11, 12, 13, 14, 15, 16, 1...

ℹ Use `spec()` to retrieve the full column specification for this data.
ℹ Specify the column types or set `show_col_types = FALSE` to quiet this message.
New names:
• `` -> `...1`
Rows: 452 Columns: 386
── Column specification ────────────────────────────────────────────────────────
Delimiter: ","
chr   (3): run, sub, roi
dbl (383): ...1, 0, 1, 2, 3, 4, 5, 6, 7, 8, 9, 10, 11, 12, 13, 14, 15, 16, 1...

ℹ Use `spec()` to retrieve the full column specification for this data.
ℹ Specify the column types or set `show_col_types = FALSE` to quiet this message.
New names:
• `` -> `...1`
Rows: 452 Columns: 386
── Column specification ────────────────────────────────────────────────────────
Delimiter: ","
chr   (3): run, sub, roi
dbl (383): ...1, 0, 1, 2, 3, 4, 5, 6, 7, 8, 9, 10, 11, 12, 13, 14, 15, 16, 1...

ℹ Use `spec()` to retrieve the full column specification for this data.
ℹ Specify the column types or set `show_col_types = FALSE` to quiet this message.
New names:
• `` -> `...1`
Rows: 452 Columns: 386
── Column specification ────────────────────────────────────────────────────────
Delimiter: ","
chr   (3): run, sub, roi
dbl (383): ...1, 0, 1, 2, 3, 4, 5, 6, 7, 8, 9, 10, 11, 12, 13, 14, 15, 16, 1...

ℹ Use `spec()` to retrieve the full column specification for this data.
ℹ Specify the column types or set `show_col_types = FALSE` to quiet this message.
New names:
• `` -> `...1`
Rows: 452 Columns: 386
── Column specification ────────────────────────────────────────────────────────
Delimiter: ","
chr   (3): run, sub, roi
dbl (383): ...1, 0, 1, 2, 3, 4, 5, 6, 7, 8, 9, 10, 11, 12, 13, 14, 15, 16, 1...

ℹ Use `spec()` to retrieve the full column specification for this data.
ℹ Specify the column types or set `show_col_types = FALSE` to quiet this message.
There were 50 or more warnings (use warnings() to see the first 50)
