220422-14:54:46,899 nipype.workflow IMPORTANT:
	 Running fMRIPrep version 21.0.1

         License NOTICE ##################################################
         fMRIPrep 21.0.1
         Copyright 2021 The NiPreps Developers.
         
         This product includes software developed by
         the NiPreps Community (https://nipreps.org/).
         
         Portions of this software were developed at the Department of
         Psychology at Stanford University, Stanford, CA, US.
         
         This software redistributes the versioneer Python package, which is
         Public domain source code.
         
         This software is also distributed as a Docker container image.
         The bootstraping file for the image ("Dockerfile") is licensed
         under the MIT License.
         
         This software may be distributed through an add-on package called
         "Docker Wrapper" that is under the BSD 3-clause License.
         #################################################################
220422-14:54:46,900 nipype.workflow WARNING:
	 Previous output generated by version 0+unknown found.
220422-14:54:47,146 nipype.workflow IMPORTANT:
	 Building fMRIPrep's workflow:
           * BIDS dataset path: /data.
           * Participant list: ['MONSTERA03'].
           * Run identifier: 20220422-145436_641d565c-0631-4fc6-971c-9fbfde55cbf2.
           * Output spaces: MNI152NLin2009cAsym:res-native T1w fsaverage:den-41k.
           * Pre-run FreeSurfer's SUBJECTS_DIR: /output/sourcedata/freesurfer.
220422-14:54:49,535 nipype.workflow INFO:
	 B0 field inhomogeneity map will be estimated with  the following 1 estimators: [<EstimatorType.PEPOLAR: 2>].
220422-14:54:49,715 nipype.workflow INFO:
	 Using single-band reference file(s) sub-MONSTERA03_task-01_sbref.nii.gz.
220422-14:54:49,715 nipype.workflow INFO:
	 Found usable B0-map (fieldmap) estimator(s) <auto_00000> to correct </data/sub-MONSTERA03/func/sub-MONSTERA03_task-01_bold.nii.gz> for susceptibility-derived distortions.
220422-14:54:49,817 nipype.workflow IMPORTANT:
	 BOLD series will be slice-timing corrected to an offset of 0.445s.
220422-14:54:50,345 nipype.workflow INFO:
	 Using single-band reference file(s) sub-MONSTERA03_task-02_sbref.nii.gz.
220422-14:54:50,345 nipype.workflow INFO:
	 Found usable B0-map (fieldmap) estimator(s) <auto_00000> to correct </data/sub-MONSTERA03/func/sub-MONSTERA03_task-02_bold.nii.gz> for susceptibility-derived distortions.
220422-14:54:50,438 nipype.workflow IMPORTANT:
	 BOLD series will be slice-timing corrected to an offset of 0.445s.
220422-14:54:50,616 nipype.workflow INFO:
	 Using single-band reference file(s) sub-MONSTERA03_task-03_sbref.nii.gz.
220422-14:54:50,616 nipype.workflow INFO:
	 Found usable B0-map (fieldmap) estimator(s) <auto_00000> to correct </data/sub-MONSTERA03/func/sub-MONSTERA03_task-03_bold.nii.gz> for susceptibility-derived distortions.
220422-14:54:50,778 nipype.workflow IMPORTANT:
	 BOLD series will be slice-timing corrected to an offset of 0.446s.
220422-14:54:50,943 nipype.workflow INFO:
	 Using single-band reference file(s) sub-MONSTERA03_task-04_sbref.nii.gz.
220422-14:54:50,943 nipype.workflow INFO:
	 Found usable B0-map (fieldmap) estimator(s) <auto_00000> to correct </data/sub-MONSTERA03/func/sub-MONSTERA03_task-04_bold.nii.gz> for susceptibility-derived distortions.
220422-14:54:51,32 nipype.workflow IMPORTANT:
	 BOLD series will be slice-timing corrected to an offset of 0.445s.
220422-14:54:51,232 nipype.workflow INFO:
	 Using single-band reference file(s) sub-MONSTERA03_task-05_sbref.nii.gz.
220422-14:54:51,233 nipype.workflow INFO:
	 Found usable B0-map (fieldmap) estimator(s) <auto_00000> to correct </data/sub-MONSTERA03/func/sub-MONSTERA03_task-05_bold.nii.gz> for susceptibility-derived distortions.
220422-14:54:51,322 nipype.workflow IMPORTANT:
	 BOLD series will be slice-timing corrected to an offset of 0.445s.
220422-14:54:51,513 nipype.workflow INFO:
	 Using single-band reference file(s) sub-MONSTERA03_task-06_sbref.nii.gz.
220422-14:54:51,514 nipype.workflow INFO:
	 Found usable B0-map (fieldmap) estimator(s) <auto_00000> to correct </data/sub-MONSTERA03/func/sub-MONSTERA03_task-06_bold.nii.gz> for susceptibility-derived distortions.
220422-14:54:51,620 nipype.workflow IMPORTANT:
	 BOLD series will be slice-timing corrected to an offset of 0.446s.
220422-14:54:51,794 nipype.workflow INFO:
	 Using single-band reference file(s) sub-MONSTERA03_task-07_sbref.nii.gz.
220422-14:54:51,795 nipype.workflow INFO:
	 Found usable B0-map (fieldmap) estimator(s) <auto_00000> to correct </data/sub-MONSTERA03/func/sub-MONSTERA03_task-07_bold.nii.gz> for susceptibility-derived distortions.
220422-14:54:51,885 nipype.workflow IMPORTANT:
	 BOLD series will be slice-timing corrected to an offset of 0.445s.
220422-14:54:52,67 nipype.workflow INFO:
	 Using single-band reference file(s) sub-MONSTERA03_task-08_sbref.nii.gz.
220422-14:54:52,67 nipype.workflow INFO:
	 Found usable B0-map (fieldmap) estimator(s) <auto_00000> to correct </data/sub-MONSTERA03/func/sub-MONSTERA03_task-08_bold.nii.gz> for susceptibility-derived distortions.
220422-14:54:52,162 nipype.workflow IMPORTANT:
	 BOLD series will be slice-timing corrected to an offset of 0.445s.
220422-14:54:52,482 nipype.workflow INFO:
	 Using single-band reference file(s) sub-MONSTERA03_task-09_sbref.nii.gz.
220422-14:54:52,482 nipype.workflow INFO:
	 Found usable B0-map (fieldmap) estimator(s) <auto_00000> to correct </data/sub-MONSTERA03/func/sub-MONSTERA03_task-09_bold.nii.gz> for susceptibility-derived distortions.
220422-14:54:52,576 nipype.workflow IMPORTANT:
	 BOLD series will be slice-timing corrected to an offset of 0.445s.
220422-14:54:52,764 nipype.workflow INFO:
	 Using single-band reference file(s) sub-MONSTERA03_task-10_sbref.nii.gz.
220422-14:54:52,764 nipype.workflow INFO:
	 Found usable B0-map (fieldmap) estimator(s) <auto_00000> to correct </data/sub-MONSTERA03/func/sub-MONSTERA03_task-10_bold.nii.gz> for susceptibility-derived distortions.
220422-14:54:52,858 nipype.workflow IMPORTANT:
	 BOLD series will be slice-timing corrected to an offset of 0.445s.
220422-14:54:53,196 nipype.workflow INFO:
	 Setting-up fieldmap "auto_00000" (EstimatorType.PEPOLAR) with <sub-MONSTERA03_dir-ap_run-09_epi.nii.gz, sub-MONSTERA03_dir-pa_run-10_epi.nii.gz>
220422-14:54:56,512 nipype.workflow INFO:
	 fMRIPrep workflow graph with 2629 nodes built successfully.
220422-14:55:04,847 nipype.workflow IMPORTANT:
	 fMRIPrep started!
220422-14:55:10,284 nipype.workflow INFO:
	 [Node] Setting-up "fmriprep_wf.single_subject_MONSTERA03_wf.func_preproc_task_01_wf.bold_source" in "/work/fmriprep_wf/single_subject_MONSTERA03_wf/func_preproc_task_01_wf/bold_source".
220422-14:55:10,291 nipype.workflow INFO:
	 [Node] Running "bold_source" ("nipype.interfaces.utility.base.Select")
220422-14:55:10,314 nipype.workflow INFO:
	 [Node] Setting-up "fmriprep_wf.single_subject_MONSTERA03_wf.func_preproc_task_01_wf.func_derivatives_wf.raw_sources" in "/work/fmriprep_wf/single_subject_MONSTERA03_wf/func_preproc_task_01_wf/func_derivatives_wf/raw_sources".
220422-14:55:10,318 nipype.workflow INFO:
	 [Node] Running "raw_sources" ("nipype.interfaces.utility.wrappers.Function")
220422-14:55:10,322 nipype.workflow INFO:
	 [Node] Finished "fmriprep_wf.single_subject_MONSTERA03_wf.func_preproc_task_01_wf.bold_source".
220422-14:55:10,350 nipype.workflow INFO:
	 [Node] Finished "fmriprep_wf.single_subject_MONSTERA03_wf.func_preproc_task_01_wf.func_derivatives_wf.raw_sources".
220422-14:55:10,500 nipype.workflow INFO:
	 [Node] Setting-up "fmriprep_wf.single_subject_MONSTERA03_wf.func_preproc_task_02_wf.bold_source" in "/work/fmriprep_wf/single_subject_MONSTERA03_wf/func_preproc_task_02_wf/bold_source".
220422-14:55:10,504 nipype.workflow INFO:
	 [Node] Running "bold_source" ("nipype.interfaces.utility.base.Select")
220422-14:55:10,515 nipype.workflow INFO:
	 [Node] Setting-up "fmriprep_wf.single_subject_MONSTERA03_wf.func_preproc_task_02_wf.func_derivatives_wf.raw_sources" in "/work/fmriprep_wf/single_subject_MONSTERA03_wf/func_preproc_task_02_wf/func_derivatives_wf/raw_sources".
220422-14:55:10,519 nipype.workflow INFO:
	 [Node] Running "raw_sources" ("nipype.interfaces.utility.wrappers.Function")
220422-14:55:10,535 nipype.workflow INFO:
	 [Node] Finished "fmriprep_wf.single_subject_MONSTERA03_wf.func_preproc_task_02_wf.bold_source".
220422-14:55:10,551 nipype.workflow INFO:
	 [Node] Finished "fmriprep_wf.single_subject_MONSTERA03_wf.func_preproc_task_02_wf.func_derivatives_wf.raw_sources".
220422-14:55:10,551 nipype.workflow INFO:
	 [Node] Setting-up "fmriprep_wf.single_subject_MONSTERA03_wf.func_preproc_task_03_wf.bold_source" in "/work/fmriprep_wf/single_subject_MONSTERA03_wf/func_preproc_task_03_wf/bold_source".
220422-14:55:10,553 nipype.workflow INFO:
	 [Node] Setting-up "fmriprep_wf.single_subject_MONSTERA03_wf.func_preproc_task_01_wf.initial_boldref_wf.val_bold" in "/work/fmriprep_wf/single_subject_MONSTERA03_wf/func_preproc_task_01_wf/initial_boldref_wf/val_bold".
220422-14:55:10,554 nipype.workflow INFO:
	 [Node] Setting-up "fmriprep_wf.single_subject_MONSTERA03_wf.func_preproc_task_03_wf.func_derivatives_wf.raw_sources" in "/work/fmriprep_wf/single_subject_MONSTERA03_wf/func_preproc_task_03_wf/func_derivatives_wf/raw_sources".
220422-14:55:10,556 nipype.workflow INFO:
	 [Node] Running "bold_source" ("nipype.interfaces.utility.base.Select")
220422-14:55:10,557 nipype.workflow INFO:
	 [Node] Setting-up "_val_bold0" in "/work/fmriprep_wf/single_subject_MONSTERA03_wf/func_preproc_task_01_wf/initial_boldref_wf/val_bold/mapflow/_val_bold0".
220422-14:55:10,559 nipype.workflow INFO:
	 [Node] Finished "fmriprep_wf.single_subject_MONSTERA03_wf.func_preproc_task_03_wf.bold_source".
220422-14:55:10,560 nipype.workflow INFO:
	 [Node] Running "_val_bold0" ("niworkflows.interfaces.header.ValidateImage")
220422-14:55:10,564 nipype.workflow INFO:
	 [Node] Setting-up "fmriprep_wf.single_subject_MONSTERA03_wf.func_preproc_task_04_wf.bold_source" in "/work/fmriprep_wf/single_subject_MONSTERA03_wf/func_preproc_task_04_wf/bold_source".
220422-14:55:10,568 nipype.workflow INFO:
	 [Node] Running "bold_source" ("nipype.interfaces.utility.base.Select")
220422-14:55:10,579 nipype.workflow INFO:
	 [Node] Finished "_val_bold0".
220422-14:55:10,580 nipype.workflow INFO:
	 [Node] Setting-up "fmriprep_wf.single_subject_MONSTERA03_wf.func_preproc_task_01_wf.initial_boldref_wf.get_dummy" in "/work/fmriprep_wf/single_subject_MONSTERA03_wf/func_preproc_task_01_wf/initial_boldref_wf/get_dummy".
220422-14:55:10,581 nipype.workflow INFO:
	 [Node] Finished "fmriprep_wf.single_subject_MONSTERA03_wf.func_preproc_task_01_wf.initial_boldref_wf.val_bold".
220422-14:55:10,582 nipype.workflow INFO:
	 [Node] Running "raw_sources" ("nipype.interfaces.utility.wrappers.Function")
220422-14:55:10,583 nipype.workflow INFO:
	 [Node] Running "get_dummy" ("niworkflows.interfaces.bold.NonsteadyStatesDetector")
220422-14:55:10,599 nipype.workflow INFO:
	 [Node] Finished "fmriprep_wf.single_subject_MONSTERA03_wf.func_preproc_task_04_wf.bold_source".
220422-14:55:10,614 nipype.workflow INFO:
	 [Node] Finished "fmriprep_wf.single_subject_MONSTERA03_wf.func_preproc_task_03_wf.func_derivatives_wf.raw_sources".
220422-14:55:10,629 nipype.workflow INFO:
	 [Node] Setting-up "fmriprep_wf.single_subject_MONSTERA03_wf.func_preproc_task_01_wf.initial_boldref_wf.val_sbref" in "/work/fmriprep_wf/single_subject_MONSTERA03_wf/func_preproc_task_01_wf/initial_boldref_wf/val_sbref".
220422-14:55:10,633 nipype.workflow INFO:
	 [Node] Setting-up "_val_sbref0" in "/work/fmriprep_wf/single_subject_MONSTERA03_wf/func_preproc_task_01_wf/initial_boldref_wf/val_sbref/mapflow/_val_sbref0".
220422-14:55:10,636 nipype.workflow INFO:
	 [Node] Running "_val_sbref0" ("niworkflows.interfaces.header.ValidateImage")
220422-14:55:10,722 nipype.workflow INFO:
	 [Node] Finished "_val_sbref0".
220422-14:55:10,724 nipype.workflow INFO:
	 [Node] Finished "fmriprep_wf.single_subject_MONSTERA03_wf.func_preproc_task_01_wf.initial_boldref_wf.val_sbref".
220422-14:55:10,766 nipype.workflow INFO:
	 [Node] Setting-up "fmriprep_wf.single_subject_MONSTERA03_wf.func_preproc_task_02_wf.initial_boldref_wf.val_bold" in "/work/fmriprep_wf/single_subject_MONSTERA03_wf/func_preproc_task_02_wf/initial_boldref_wf/val_bold".
220422-14:55:10,768 nipype.workflow INFO:
	 [Node] Setting-up "fmriprep_wf.single_subject_MONSTERA03_wf.func_preproc_task_02_wf.initial_boldref_wf.get_dummy" in "/work/fmriprep_wf/single_subject_MONSTERA03_wf/func_preproc_task_02_wf/initial_boldref_wf/get_dummy".
220422-14:55:10,770 nipype.workflow INFO:
	 [Node] Setting-up "_val_bold0" in "/work/fmriprep_wf/single_subject_MONSTERA03_wf/func_preproc_task_02_wf/initial_boldref_wf/val_bold/mapflow/_val_bold0".
220422-14:55:10,771 nipype.workflow INFO:
	 [Node] Setting-up "fmriprep_wf.single_subject_MONSTERA03_wf.func_preproc_task_02_wf.initial_boldref_wf.val_sbref" in "/work/fmriprep_wf/single_subject_MONSTERA03_wf/func_preproc_task_02_wf/initial_boldref_wf/val_sbref".
220422-14:55:10,772 nipype.workflow INFO:
	 [Node] Running "get_dummy" ("niworkflows.interfaces.bold.NonsteadyStatesDetector")
220422-14:55:10,773 nipype.workflow INFO:
	 [Node] Running "_val_bold0" ("niworkflows.interfaces.header.ValidateImage")
220422-14:55:10,776 nipype.workflow INFO:
	 [Node] Setting-up "_val_sbref0" in "/work/fmriprep_wf/single_subject_MONSTERA03_wf/func_preproc_task_02_wf/initial_boldref_wf/val_sbref/mapflow/_val_sbref0".
220422-14:55:10,780 nipype.workflow INFO:
	 [Node] Running "_val_sbref0" ("niworkflows.interfaces.header.ValidateImage")
220422-14:55:10,784 nipype.workflow INFO:
	 [Node] Setting-up "fmriprep_wf.single_subject_MONSTERA03_wf.func_preproc_task_03_wf.initial_boldref_wf.get_dummy" in "/work/fmriprep_wf/single_subject_MONSTERA03_wf/func_preproc_task_03_wf/initial_boldref_wf/get_dummy".
220422-14:55:10,786 nipype.workflow INFO:
	 [Node] Setting-up "fmriprep_wf.single_subject_MONSTERA03_wf.func_preproc_task_03_wf.initial_boldref_wf.val_sbref" in "/work/fmriprep_wf/single_subject_MONSTERA03_wf/func_preproc_task_03_wf/initial_boldref_wf/val_sbref".
220422-14:55:10,787 nipype.workflow INFO:
	 [Node] Setting-up "fmriprep_wf.single_subject_MONSTERA03_wf.func_preproc_task_03_wf.initial_boldref_wf.val_bold" in "/work/fmriprep_wf/single_subject_MONSTERA03_wf/func_preproc_task_03_wf/initial_boldref_wf/val_bold".
220422-14:55:10,787 nipype.workflow INFO:
	 [Node] Running "get_dummy" ("niworkflows.interfaces.bold.NonsteadyStatesDetector")
220422-14:55:10,790 nipype.workflow INFO:
	 [Node] Setting-up "_val_sbref0" in "/work/fmriprep_wf/single_subject_MONSTERA03_wf/func_preproc_task_03_wf/initial_boldref_wf/val_sbref/mapflow/_val_sbref0".
220422-14:55:10,791 nipype.workflow INFO:
	 [Node] Setting-up "_val_bold0" in "/work/fmriprep_wf/single_subject_MONSTERA03_wf/func_preproc_task_03_wf/initial_boldref_wf/val_bold/mapflow/_val_bold0".
220422-14:55:10,791 nipype.workflow INFO:
	 [Node] Finished "_val_bold0".
220422-14:55:10,793 nipype.workflow INFO:
	 [Node] Finished "fmriprep_wf.single_subject_MONSTERA03_wf.func_preproc_task_02_wf.initial_boldref_wf.val_bold".
220422-14:55:10,808 nipype.workflow INFO:
	 [Node] Running "_val_bold0" ("niworkflows.interfaces.header.ValidateImage")
220422-14:55:10,809 nipype.workflow INFO:
	 [Node] Running "_val_sbref0" ("niworkflows.interfaces.header.ValidateImage")
220422-14:55:10,851 nipype.workflow INFO:
	 [Node] Finished "_val_bold0".
220422-14:55:10,853 nipype.workflow INFO:
	 [Node] Finished "fmriprep_wf.single_subject_MONSTERA03_wf.func_preproc_task_03_wf.initial_boldref_wf.val_bold".
220422-14:55:10,867 nipype.workflow INFO:
	 [Node] Finished "_val_sbref0".
220422-14:55:10,869 nipype.workflow INFO:
	 [Node] Finished "fmriprep_wf.single_subject_MONSTERA03_wf.func_preproc_task_03_wf.initial_boldref_wf.val_sbref".
220422-14:55:10,894 nipype.workflow INFO:
	 [Node] Finished "_val_sbref0".
220422-14:55:10,896 nipype.workflow INFO:
	 [Node] Finished "fmriprep_wf.single_subject_MONSTERA03_wf.func_preproc_task_02_wf.initial_boldref_wf.val_sbref".
220422-14:55:11,700 nipype.workflow INFO:
	 [Node] Setting-up "fmriprep_wf.single_subject_MONSTERA03_wf.func_preproc_task_04_wf.func_derivatives_wf.raw_sources" in "/work/fmriprep_wf/single_subject_MONSTERA03_wf/func_preproc_task_04_wf/func_derivatives_wf/raw_sources".
220422-14:55:11,704 nipype.workflow INFO:
	 [Node] Running "raw_sources" ("nipype.interfaces.utility.wrappers.Function")
220422-14:55:11,704 nipype.workflow INFO:
	 [Node] Setting-up "fmriprep_wf.single_subject_MONSTERA03_wf.func_preproc_task_05_wf.bold_source" in "/work/fmriprep_wf/single_subject_MONSTERA03_wf/func_preproc_task_05_wf/bold_source".
220422-14:55:11,704 nipype.workflow INFO:
	 [Node] Setting-up "fmriprep_wf.single_subject_MONSTERA03_wf.func_preproc_task_05_wf.func_derivatives_wf.raw_sources" in "/work/fmriprep_wf/single_subject_MONSTERA03_wf/func_preproc_task_05_wf/func_derivatives_wf/raw_sources".
220422-14:55:11,705 nipype.workflow INFO:
	 [Node] Setting-up "fmriprep_wf.single_subject_MONSTERA03_wf.func_preproc_task_05_wf.initial_boldref_wf.get_dummy" in "/work/fmriprep_wf/single_subject_MONSTERA03_wf/func_preproc_task_05_wf/initial_boldref_wf/get_dummy".
220422-14:55:11,706 nipype.workflow INFO:
	 [Node] Setting-up "fmriprep_wf.single_subject_MONSTERA03_wf.func_preproc_task_05_wf.initial_boldref_wf.val_sbref" in "/work/fmriprep_wf/single_subject_MONSTERA03_wf/func_preproc_task_05_wf/initial_boldref_wf/val_sbref".
220422-14:55:11,707 nipype.workflow INFO:
	 [Node] Setting-up "fmriprep_wf.single_subject_MONSTERA03_wf.func_preproc_task_06_wf.func_derivatives_wf.raw_sources" in "/work/fmriprep_wf/single_subject_MONSTERA03_wf/func_preproc_task_06_wf/func_derivatives_wf/raw_sources".
220422-14:55:11,707 nipype.workflow INFO:
	 [Node] Setting-up "fmriprep_wf.single_subject_MONSTERA03_wf.func_preproc_task_06_wf.initial_boldref_wf.val_bold" in "/work/fmriprep_wf/single_subject_MONSTERA03_wf/func_preproc_task_06_wf/initial_boldref_wf/val_bold".
220422-14:55:11,708 nipype.workflow INFO:
	 [Node] Finished "fmriprep_wf.single_subject_MONSTERA03_wf.func_preproc_task_04_wf.func_derivatives_wf.raw_sources".
220422-14:55:11,708 nipype.workflow INFO:
	 [Node] Setting-up "fmriprep_wf.single_subject_MONSTERA03_wf.func_preproc_task_06_wf.bold_source" in "/work/fmriprep_wf/single_subject_MONSTERA03_wf/func_preproc_task_06_wf/bold_source".
220422-14:55:11,708 nipype.workflow INFO:
	 [Node] Setting-up "fmriprep_wf.single_subject_MONSTERA03_wf.func_preproc_task_06_wf.initial_boldref_wf.get_dummy" in "/work/fmriprep_wf/single_subject_MONSTERA03_wf/func_preproc_task_06_wf/initial_boldref_wf/get_dummy".
220422-14:55:11,709 nipype.workflow INFO:
	 [Node] Running "bold_source" ("nipype.interfaces.utility.base.Select")
220422-14:55:11,711 nipype.workflow INFO:
	 [Node] Running "get_dummy" ("niworkflows.interfaces.bold.NonsteadyStatesDetector")
220422-14:55:11,711 nipype.workflow INFO:
	 [Node] Running "raw_sources" ("nipype.interfaces.utility.wrappers.Function")
220422-14:55:11,712 nipype.workflow INFO:
	 [Node] Running "raw_sources" ("nipype.interfaces.utility.wrappers.Function")
220422-14:55:11,713 nipype.workflow INFO:
	 [Node] Setting-up "_val_sbref0" in "/work/fmriprep_wf/single_subject_MONSTERA03_wf/func_preproc_task_05_wf/initial_boldref_wf/val_sbref/mapflow/_val_sbref0".
220422-14:55:11,716 nipype.workflow INFO:
	 [Node] Finished "fmriprep_wf.single_subject_MONSTERA03_wf.func_preproc_task_06_wf.func_derivatives_wf.raw_sources".
220422-14:55:11,716 nipype.workflow INFO:
	 [Node] Running "_val_sbref0" ("niworkflows.interfaces.header.ValidateImage")
220422-14:55:11,717 nipype.workflow INFO:
	 [Node] Setting-up "_val_bold0" in "/work/fmriprep_wf/single_subject_MONSTERA03_wf/func_preproc_task_06_wf/initial_boldref_wf/val_bold/mapflow/_val_bold0".
220422-14:55:11,717 nipype.workflow INFO:
	 [Node] Running "bold_source" ("nipype.interfaces.utility.base.Select")
220422-14:55:11,721 nipype.workflow INFO:
	 [Node] Running "get_dummy" ("niworkflows.interfaces.bold.NonsteadyStatesDetector")
220422-14:55:11,722 nipype.workflow INFO:
	 [Node] Running "_val_bold0" ("niworkflows.interfaces.header.ValidateImage")
220422-14:55:11,744 nipype.workflow INFO:
	 [Node] Finished "fmriprep_wf.single_subject_MONSTERA03_wf.func_preproc_task_05_wf.func_derivatives_wf.raw_sources".
220422-14:55:11,745 nipype.workflow INFO:
	 [Node] Finished "fmriprep_wf.single_subject_MONSTERA03_wf.func_preproc_task_05_wf.bold_source".
220422-14:55:11,745 nipype.workflow INFO:
	 [Node] Finished "_val_bold0".
220422-14:55:11,747 nipype.workflow INFO:
	 [Node] Finished "fmriprep_wf.single_subject_MONSTERA03_wf.func_preproc_task_06_wf.initial_boldref_wf.val_bold".
220422-14:55:11,748 nipype.workflow INFO:
	 [Node] Finished "fmriprep_wf.single_subject_MONSTERA03_wf.func_preproc_task_06_wf.bold_source".
220422-14:55:11,792 nipype.workflow INFO:
	 [Node] Finished "_val_sbref0".
220422-14:55:11,793 nipype.workflow INFO:
	 [Node] Finished "fmriprep_wf.single_subject_MONSTERA03_wf.func_preproc_task_05_wf.initial_boldref_wf.val_sbref".
220422-14:55:11,932 nipype.workflow INFO:
	 [Node] Setting-up "fmriprep_wf.single_subject_MONSTERA03_wf.func_preproc_task_04_wf.initial_boldref_wf.get_dummy" in "/work/fmriprep_wf/single_subject_MONSTERA03_wf/func_preproc_task_04_wf/initial_boldref_wf/get_dummy".
220422-14:55:11,935 nipype.workflow INFO:
	 [Node] Running "get_dummy" ("niworkflows.interfaces.bold.NonsteadyStatesDetector")
220422-14:55:11,939 nipype.workflow INFO:
	 [Node] Setting-up "fmriprep_wf.single_subject_MONSTERA03_wf.func_preproc_task_04_wf.initial_boldref_wf.val_bold" in "/work/fmriprep_wf/single_subject_MONSTERA03_wf/func_preproc_task_04_wf/initial_boldref_wf/val_bold".
220422-14:55:11,939 nipype.workflow INFO:
	 [Node] Setting-up "fmriprep_wf.single_subject_MONSTERA03_wf.func_preproc_task_04_wf.initial_boldref_wf.val_sbref" in "/work/fmriprep_wf/single_subject_MONSTERA03_wf/func_preproc_task_04_wf/initial_boldref_wf/val_sbref".
220422-14:55:11,944 nipype.workflow INFO:
	 [Node] Setting-up "_val_sbref0" in "/work/fmriprep_wf/single_subject_MONSTERA03_wf/func_preproc_task_04_wf/initial_boldref_wf/val_sbref/mapflow/_val_sbref0".
220422-14:55:11,951 nipype.workflow INFO:
	 [Node] Setting-up "fmriprep_wf.single_subject_MONSTERA03_wf.func_preproc_task_05_wf.initial_boldref_wf.val_bold" in "/work/fmriprep_wf/single_subject_MONSTERA03_wf/func_preproc_task_05_wf/initial_boldref_wf/val_bold".
220422-14:55:11,960 nipype.workflow INFO:
	 [Node] Setting-up "_val_bold0" in "/work/fmriprep_wf/single_subject_MONSTERA03_wf/func_preproc_task_04_wf/initial_boldref_wf/val_bold/mapflow/_val_bold0".
220422-14:55:11,961 nipype.workflow INFO:
	 [Node] Setting-up "_val_bold0" in "/work/fmriprep_wf/single_subject_MONSTERA03_wf/func_preproc_task_05_wf/initial_boldref_wf/val_bold/mapflow/_val_bold0".
220422-14:55:11,961 nipype.workflow INFO:
	 [Node] Running "_val_sbref0" ("niworkflows.interfaces.header.ValidateImage")
220422-14:55:11,963 nipype.workflow INFO:
	 [Node] Running "_val_bold0" ("niworkflows.interfaces.header.ValidateImage")
220422-14:55:11,963 nipype.workflow INFO:
	 [Node] Running "_val_bold0" ("niworkflows.interfaces.header.ValidateImage")
220422-14:55:11,983 nipype.workflow INFO:
	 [Node] Finished "_val_bold0".
220422-14:55:11,985 nipype.workflow INFO:
	 [Node] Finished "fmriprep_wf.single_subject_MONSTERA03_wf.func_preproc_task_04_wf.initial_boldref_wf.val_bold".
220422-14:55:12,9 nipype.workflow INFO:
	 [Node] Finished "_val_bold0".
220422-14:55:12,12 nipype.workflow INFO:
	 [Node] Finished "_val_sbref0".
220422-14:55:12,13 nipype.workflow INFO:
	 [Node] Finished "fmriprep_wf.single_subject_MONSTERA03_wf.func_preproc_task_05_wf.initial_boldref_wf.val_bold".
220422-14:55:12,14 nipype.workflow INFO:
	 [Node] Finished "fmriprep_wf.single_subject_MONSTERA03_wf.func_preproc_task_04_wf.initial_boldref_wf.val_sbref".
220422-14:55:13,705 nipype.workflow INFO:
	 [Node] Setting-up "fmriprep_wf.single_subject_MONSTERA03_wf.func_preproc_task_06_wf.initial_boldref_wf.val_sbref" in "/work/fmriprep_wf/single_subject_MONSTERA03_wf/func_preproc_task_06_wf/initial_boldref_wf/val_sbref".
220422-14:55:13,706 nipype.workflow INFO:
	 [Node] Setting-up "fmriprep_wf.single_subject_MONSTERA03_wf.func_preproc_task_07_wf.bold_source" in "/work/fmriprep_wf/single_subject_MONSTERA03_wf/func_preproc_task_07_wf/bold_source".
220422-14:55:13,706 nipype.workflow INFO:
	 [Node] Setting-up "fmriprep_wf.single_subject_MONSTERA03_wf.func_preproc_task_07_wf.func_derivatives_wf.raw_sources" in "/work/fmriprep_wf/single_subject_MONSTERA03_wf/func_preproc_task_07_wf/func_derivatives_wf/raw_sources".
220422-14:55:13,708 nipype.workflow INFO:
	 [Node] Setting-up "fmriprep_wf.single_subject_MONSTERA03_wf.func_preproc_task_07_wf.initial_boldref_wf.get_dummy" in "/work/fmriprep_wf/single_subject_MONSTERA03_wf/func_preproc_task_07_wf/initial_boldref_wf/get_dummy".
220422-14:55:13,709 nipype.workflow INFO:
	 [Node] Setting-up "fmriprep_wf.single_subject_MONSTERA03_wf.func_preproc_task_08_wf.bold_source" in "/work/fmriprep_wf/single_subject_MONSTERA03_wf/func_preproc_task_08_wf/bold_source".
220422-14:55:13,710 nipype.workflow INFO:
	 [Node] Setting-up "fmriprep_wf.single_subject_MONSTERA03_wf.func_preproc_task_08_wf.func_derivatives_wf.raw_sources" in "/work/fmriprep_wf/single_subject_MONSTERA03_wf/func_preproc_task_08_wf/func_derivatives_wf/raw_sources".
220422-14:55:13,711 nipype.workflow INFO:
	 [Node] Setting-up "fmriprep_wf.single_subject_MONSTERA03_wf.func_preproc_task_08_wf.initial_boldref_wf.val_bold" in "/work/fmriprep_wf/single_subject_MONSTERA03_wf/func_preproc_task_08_wf/initial_boldref_wf/val_bold".
220422-14:55:13,711 nipype.workflow INFO:
	 [Node] Running "bold_source" ("nipype.interfaces.utility.base.Select")
220422-14:55:13,711 nipype.workflow INFO:
	 [Node] Setting-up "_val_sbref0" in "/work/fmriprep_wf/single_subject_MONSTERA03_wf/func_preproc_task_06_wf/initial_boldref_wf/val_sbref/mapflow/_val_sbref0".
220422-14:55:13,711 nipype.workflow INFO:
	 [Node] Running "raw_sources" ("nipype.interfaces.utility.wrappers.Function")
220422-14:55:13,712 nipype.workflow INFO:
	 [Node] Setting-up "fmriprep_wf.single_subject_MONSTERA03_wf.func_preproc_task_08_wf.initial_boldref_wf.get_dummy" in "/work/fmriprep_wf/single_subject_MONSTERA03_wf/func_preproc_task_08_wf/initial_boldref_wf/get_dummy".
220422-14:55:13,712 nipype.workflow INFO:
	 [Node] Running "get_dummy" ("niworkflows.interfaces.bold.NonsteadyStatesDetector")
220422-14:55:13,715 nipype.workflow INFO:
	 [Node] Running "_val_sbref0" ("niworkflows.interfaces.header.ValidateImage")
220422-14:55:13,715 nipype.workflow INFO:
	 [Node] Finished "fmriprep_wf.single_subject_MONSTERA03_wf.func_preproc_task_07_wf.bold_source".
220422-14:55:13,715 nipype.workflow INFO:
	 [Node] Running "bold_source" ("nipype.interfaces.utility.base.Select")
220422-14:55:13,717 nipype.workflow INFO:
	 [Node] Setting-up "_val_bold0" in "/work/fmriprep_wf/single_subject_MONSTERA03_wf/func_preproc_task_08_wf/initial_boldref_wf/val_bold/mapflow/_val_bold0".
220422-14:55:13,717 nipype.workflow INFO:
	 [Node] Running "raw_sources" ("nipype.interfaces.utility.wrappers.Function")
220422-14:55:13,719 nipype.workflow INFO:
	 [Node] Running "get_dummy" ("niworkflows.interfaces.bold.NonsteadyStatesDetector")
220422-14:55:13,720 nipype.workflow INFO:
	 [Node] Finished "fmriprep_wf.single_subject_MONSTERA03_wf.func_preproc_task_08_wf.func_derivatives_wf.raw_sources".
220422-14:55:13,720 nipype.workflow INFO:
	 [Node] Finished "fmriprep_wf.single_subject_MONSTERA03_wf.func_preproc_task_07_wf.func_derivatives_wf.raw_sources".
220422-14:55:13,721 nipype.workflow INFO:
	 [Node] Finished "fmriprep_wf.single_subject_MONSTERA03_wf.func_preproc_task_08_wf.bold_source".
220422-14:55:13,725 nipype.workflow INFO:
	 [Node] Running "_val_bold0" ("niworkflows.interfaces.header.ValidateImage")
220422-14:55:13,743 nipype.workflow INFO:
	 [Node] Finished "_val_bold0".
220422-14:55:13,744 nipype.workflow INFO:
	 [Node] Finished "fmriprep_wf.single_subject_MONSTERA03_wf.func_preproc_task_08_wf.initial_boldref_wf.val_bold".
220422-14:55:13,773 nipype.workflow INFO:
	 [Node] Finished "_val_sbref0".
220422-14:55:13,775 nipype.workflow INFO:
	 [Node] Finished "fmriprep_wf.single_subject_MONSTERA03_wf.func_preproc_task_06_wf.initial_boldref_wf.val_sbref".
220422-14:55:13,945 nipype.workflow INFO:
	 [Node] Setting-up "fmriprep_wf.single_subject_MONSTERA03_wf.func_preproc_task_07_wf.initial_boldref_wf.val_sbref" in "/work/fmriprep_wf/single_subject_MONSTERA03_wf/func_preproc_task_07_wf/initial_boldref_wf/val_sbref".
220422-14:55:13,949 nipype.workflow INFO:
	 [Node] Setting-up "_val_sbref0" in "/work/fmriprep_wf/single_subject_MONSTERA03_wf/func_preproc_task_07_wf/initial_boldref_wf/val_sbref/mapflow/_val_sbref0".
220422-14:55:13,953 nipype.workflow INFO:
	 [Node] Running "_val_sbref0" ("niworkflows.interfaces.header.ValidateImage")
220422-14:55:13,960 nipype.workflow INFO:
	 [Node] Setting-up "fmriprep_wf.single_subject_MONSTERA03_wf.func_preproc_task_07_wf.initial_boldref_wf.val_bold" in "/work/fmriprep_wf/single_subject_MONSTERA03_wf/func_preproc_task_07_wf/initial_boldref_wf/val_bold".
220422-14:55:13,967 nipype.workflow INFO:
	 [Node] Setting-up "_val_bold0" in "/work/fmriprep_wf/single_subject_MONSTERA03_wf/func_preproc_task_07_wf/initial_boldref_wf/val_bold/mapflow/_val_bold0".
220422-14:55:13,972 nipype.workflow INFO:
	 [Node] Running "_val_bold0" ("niworkflows.interfaces.header.ValidateImage")
220422-14:55:13,992 nipype.workflow INFO:
	 [Node] Finished "_val_bold0".
220422-14:55:14,12 nipype.workflow INFO:
	 [Node] Finished "fmriprep_wf.single_subject_MONSTERA03_wf.func_preproc_task_07_wf.initial_boldref_wf.val_bold".
220422-14:55:14,30 nipype.workflow INFO:
	 [Node] Finished "_val_sbref0".
220422-14:55:14,32 nipype.workflow INFO:
	 [Node] Finished "fmriprep_wf.single_subject_MONSTERA03_wf.func_preproc_task_07_wf.initial_boldref_wf.val_sbref".
220422-14:55:15,719 nipype.workflow INFO:
	 [Node] Setting-up "fmriprep_wf.single_subject_MONSTERA03_wf.func_preproc_task_08_wf.initial_boldref_wf.val_sbref" in "/work/fmriprep_wf/single_subject_MONSTERA03_wf/func_preproc_task_08_wf/initial_boldref_wf/val_sbref".
220422-14:55:15,719 nipype.workflow INFO:
	 [Node] Setting-up "fmriprep_wf.single_subject_MONSTERA03_wf.func_preproc_task_09_wf.bold_source" in "/work/fmriprep_wf/single_subject_MONSTERA03_wf/func_preproc_task_09_wf/bold_source".
220422-14:55:15,720 nipype.workflow INFO:
	 [Node] Setting-up "fmriprep_wf.single_subject_MONSTERA03_wf.func_preproc_task_09_wf.func_derivatives_wf.raw_sources" in "/work/fmriprep_wf/single_subject_MONSTERA03_wf/func_preproc_task_09_wf/func_derivatives_wf/raw_sources".
220422-14:55:15,722 nipype.workflow INFO:
	 [Node] Setting-up "fmriprep_wf.single_subject_MONSTERA03_wf.func_preproc_task_09_wf.initial_boldref_wf.val_bold" in "/work/fmriprep_wf/single_subject_MONSTERA03_wf/func_preproc_task_09_wf/initial_boldref_wf/val_bold".
220422-14:55:15,724 nipype.workflow INFO:
	 [Node] Setting-up "fmriprep_wf.single_subject_MONSTERA03_wf.func_preproc_task_09_wf.initial_boldref_wf.get_dummy" in "/work/fmriprep_wf/single_subject_MONSTERA03_wf/func_preproc_task_09_wf/initial_boldref_wf/get_dummy".
220422-14:55:15,725 nipype.workflow INFO:
	 [Node] Setting-up "fmriprep_wf.single_subject_MONSTERA03_wf.func_preproc_task_09_wf.initial_boldref_wf.val_sbref" in "/work/fmriprep_wf/single_subject_MONSTERA03_wf/func_preproc_task_09_wf/initial_boldref_wf/val_sbref".
220422-14:55:15,725 nipype.workflow INFO:
	 [Node] Setting-up "_val_sbref0" in "/work/fmriprep_wf/single_subject_MONSTERA03_wf/func_preproc_task_08_wf/initial_boldref_wf/val_sbref/mapflow/_val_sbref0".
220422-14:55:15,725 nipype.workflow INFO:
	 [Node] Running "raw_sources" ("nipype.interfaces.utility.wrappers.Function")
220422-14:55:15,726 nipype.workflow INFO:
	 [Node] Running "bold_source" ("nipype.interfaces.utility.base.Select")
220422-14:55:15,726 nipype.workflow INFO:
	 [Node] Setting-up "_val_bold0" in "/work/fmriprep_wf/single_subject_MONSTERA03_wf/func_preproc_task_09_wf/initial_boldref_wf/val_bold/mapflow/_val_bold0".
220422-14:55:15,727 nipype.workflow INFO:
	 [Node] Running "get_dummy" ("niworkflows.interfaces.bold.NonsteadyStatesDetector")
220422-14:55:15,728 nipype.workflow INFO:
	 [Node] Setting-up "_val_sbref0" in "/work/fmriprep_wf/single_subject_MONSTERA03_wf/func_preproc_task_09_wf/initial_boldref_wf/val_sbref/mapflow/_val_sbref0".
220422-14:55:15,729 nipype.workflow INFO:
	 [Node] Finished "fmriprep_wf.single_subject_MONSTERA03_wf.func_preproc_task_09_wf.func_derivatives_wf.raw_sources".
220422-14:55:15,730 nipype.workflow INFO:
	 [Node] Setting-up "fmriprep_wf.single_subject_MONSTERA03_wf.func_preproc_task_10_wf.bold_source" in "/work/fmriprep_wf/single_subject_MONSTERA03_wf/func_preproc_task_10_wf/bold_source".
220422-14:55:15,730 nipype.workflow INFO:
	 [Node] Setting-up "fmriprep_wf.single_subject_MONSTERA03_wf.func_preproc_task_10_wf.func_derivatives_wf.raw_sources" in "/work/fmriprep_wf/single_subject_MONSTERA03_wf/func_preproc_task_10_wf/func_derivatives_wf/raw_sources".
220422-14:55:15,747 nipype.workflow INFO:
	 [Node] Running "_val_bold0" ("niworkflows.interfaces.header.ValidateImage")
220422-14:55:15,748 nipype.workflow INFO:
	 [Node] Finished "fmriprep_wf.single_subject_MONSTERA03_wf.func_preproc_task_09_wf.bold_source".
220422-14:55:15,749 nipype.workflow INFO:
	 [Node] Running "_val_sbref0" ("niworkflows.interfaces.header.ValidateImage")
220422-14:55:15,749 nipype.workflow INFO:
	 [Node] Running "_val_sbref0" ("niworkflows.interfaces.header.ValidateImage")
220422-14:55:15,751 nipype.workflow INFO:
	 [Node] Running "raw_sources" ("nipype.interfaces.utility.wrappers.Function")
220422-14:55:15,755 nipype.workflow INFO:
	 [Node] Finished "fmriprep_wf.single_subject_MONSTERA03_wf.func_preproc_task_10_wf.func_derivatives_wf.raw_sources".
220422-14:55:15,767 nipype.workflow INFO:
	 [Node] Finished "_val_bold0".
220422-14:55:15,768 nipype.workflow INFO:
	 [Node] Running "bold_source" ("nipype.interfaces.utility.base.Select")
220422-14:55:15,769 nipype.workflow INFO:
	 [Node] Finished "fmriprep_wf.single_subject_MONSTERA03_wf.func_preproc_task_09_wf.initial_boldref_wf.val_bold".
220422-14:55:15,771 nipype.workflow INFO:
	 [Node] Finished "fmriprep_wf.single_subject_MONSTERA03_wf.func_preproc_task_10_wf.bold_source".
220422-14:55:15,829 nipype.workflow INFO:
	 [Node] Finished "_val_sbref0".
220422-14:55:15,831 nipype.workflow INFO:
	 [Node] Finished "fmriprep_wf.single_subject_MONSTERA03_wf.func_preproc_task_08_wf.initial_boldref_wf.val_sbref".
220422-14:55:15,831 nipype.workflow INFO:
	 [Node] Finished "_val_sbref0".
220422-14:55:15,833 nipype.workflow INFO:
	 [Node] Finished "fmriprep_wf.single_subject_MONSTERA03_wf.func_preproc_task_09_wf.initial_boldref_wf.val_sbref".
220422-14:55:16,939 nipype.workflow INFO:
	 [Node] Finished "fmriprep_wf.single_subject_MONSTERA03_wf.func_preproc_task_01_wf.initial_boldref_wf.get_dummy".
220422-14:55:17,68 nipype.workflow INFO:
	 [Node] Finished "fmriprep_wf.single_subject_MONSTERA03_wf.func_preproc_task_03_wf.initial_boldref_wf.get_dummy".
220422-14:55:17,283 nipype.workflow INFO:
	 [Node] Finished "fmriprep_wf.single_subject_MONSTERA03_wf.func_preproc_task_02_wf.initial_boldref_wf.get_dummy".
220422-14:55:17,736 nipype.workflow INFO:
	 [Node] Setting-up "fmriprep_wf.single_subject_MONSTERA03_wf.func_preproc_task_10_wf.initial_boldref_wf.val_bold" in "/work/fmriprep_wf/single_subject_MONSTERA03_wf/func_preproc_task_10_wf/initial_boldref_wf/val_bold".
220422-14:55:17,737 nipype.workflow INFO:
	 [Node] Setting-up "fmriprep_wf.single_subject_MONSTERA03_wf.func_preproc_task_10_wf.initial_boldref_wf.val_sbref" in "/work/fmriprep_wf/single_subject_MONSTERA03_wf/func_preproc_task_10_wf/initial_boldref_wf/val_sbref".
220422-14:55:17,737 nipype.workflow INFO:
	 [Node] Setting-up "fmriprep_wf.single_subject_MONSTERA03_wf.func_preproc_task_10_wf.initial_boldref_wf.get_dummy" in "/work/fmriprep_wf/single_subject_MONSTERA03_wf/func_preproc_task_10_wf/initial_boldref_wf/get_dummy".
220422-14:55:17,740 nipype.workflow INFO:
	 [Node] Running "get_dummy" ("niworkflows.interfaces.bold.NonsteadyStatesDetector")
220422-14:55:17,740 nipype.workflow INFO:
	 [Node] Setting-up "_val_bold0" in "/work/fmriprep_wf/single_subject_MONSTERA03_wf/func_preproc_task_10_wf/initial_boldref_wf/val_bold/mapflow/_val_bold0".
220422-14:55:17,742 nipype.workflow INFO:
	 [Node] Setting-up "_val_sbref0" in "/work/fmriprep_wf/single_subject_MONSTERA03_wf/func_preproc_task_10_wf/initial_boldref_wf/val_sbref/mapflow/_val_sbref0".
220422-14:55:17,746 nipype.workflow INFO:
	 [Node] Running "_val_bold0" ("niworkflows.interfaces.header.ValidateImage")
220422-14:55:17,750 nipype.workflow INFO:
	 [Node] Running "_val_sbref0" ("niworkflows.interfaces.header.ValidateImage")
220422-14:55:17,764 nipype.workflow INFO:
	 [Node] Finished "_val_bold0".
220422-14:55:17,766 nipype.workflow INFO:
	 [Node] Finished "fmriprep_wf.single_subject_MONSTERA03_wf.func_preproc_task_10_wf.initial_boldref_wf.val_bold".
220422-14:55:17,817 nipype.workflow INFO:
	 [Node] Finished "_val_sbref0".
220422-14:55:17,819 nipype.workflow INFO:
	 [Node] Finished "fmriprep_wf.single_subject_MONSTERA03_wf.func_preproc_task_10_wf.initial_boldref_wf.val_sbref".
220422-14:55:17,821 nipype.workflow INFO:
	 [Node] Setting-up "fmriprep_wf.single_subject_MONSTERA03_wf.fmap_preproc_wf.wf_auto_00000.flatten" in "/work/fmriprep_wf/single_subject_MONSTERA03_wf/fmap_preproc_wf/wf_auto_00000/flatten".
220422-14:55:17,821 nipype.workflow INFO:
	 [Node] Outdated cache found for "fmriprep_wf.single_subject_MONSTERA03_wf.fmap_preproc_wf.wf_auto_00000.flatten".
220422-14:55:17,834 nipype.workflow INFO:
	 [Node] Running "flatten" ("sdcflows.interfaces.utils.Flatten")
220422-14:55:17,954 nipype.workflow INFO:
	 [Node] Finished "fmriprep_wf.single_subject_MONSTERA03_wf.fmap_preproc_wf.wf_auto_00000.flatten".
220422-14:55:17,992 nipype.workflow INFO:
	 [Node] Finished "fmriprep_wf.single_subject_MONSTERA03_wf.func_preproc_task_06_wf.initial_boldref_wf.get_dummy".
220422-14:55:18,33 nipype.workflow INFO:
	 [Node] Finished "fmriprep_wf.single_subject_MONSTERA03_wf.func_preproc_task_05_wf.initial_boldref_wf.get_dummy".
220422-14:55:18,245 nipype.workflow INFO:
	 [Node] Finished "fmriprep_wf.single_subject_MONSTERA03_wf.func_preproc_task_04_wf.initial_boldref_wf.get_dummy".
220422-14:55:19,915 nipype.workflow INFO:
	 [Node] Finished "fmriprep_wf.single_subject_MONSTERA03_wf.func_preproc_task_07_wf.initial_boldref_wf.get_dummy".
220422-14:55:20,134 nipype.workflow INFO:
	 [Node] Finished "fmriprep_wf.single_subject_MONSTERA03_wf.func_preproc_task_08_wf.initial_boldref_wf.get_dummy".
220422-14:55:21,759 nipype.workflow INFO:
	 [Node] Finished "fmriprep_wf.single_subject_MONSTERA03_wf.func_preproc_task_09_wf.initial_boldref_wf.get_dummy".
220422-14:55:23,482 nipype.workflow INFO:
	 [Node] Setting-up "fmriprep_wf.single_subject_MONSTERA03_wf.func_preproc_task_01_wf.select_bold" in "/work/fmriprep_wf/single_subject_MONSTERA03_wf/func_preproc_task_01_wf/select_bold".
220422-14:55:23,661 nipype.workflow INFO:
	 [Node] Running "select_bold" ("nipype.interfaces.utility.base.Select")
220422-14:55:23,664 nipype.workflow INFO:
	 [Node] Finished "fmriprep_wf.single_subject_MONSTERA03_wf.func_preproc_task_01_wf.select_bold".
220422-14:55:23,696 nipype.workflow INFO:
	 [Node] Finished "fmriprep_wf.single_subject_MONSTERA03_wf.func_preproc_task_10_wf.initial_boldref_wf.get_dummy".
220422-14:55:23,795 nipype.workflow INFO:
	 [Node] Setting-up "fmriprep_wf.single_subject_MONSTERA03_wf.func_preproc_task_02_wf.select_bold" in "/work/fmriprep_wf/single_subject_MONSTERA03_wf/func_preproc_task_02_wf/select_bold".
220422-14:55:23,797 nipype.workflow INFO:
	 [Node] Setting-up "fmriprep_wf.single_subject_MONSTERA03_wf.func_preproc_task_01_wf.initial_boldref_wf.merge_sbrefs" in "/work/fmriprep_wf/single_subject_MONSTERA03_wf/func_preproc_task_01_wf/initial_boldref_wf/merge_sbrefs".
220422-14:55:23,813 nipype.workflow INFO:
	 [Node] Running "select_bold" ("nipype.interfaces.utility.base.Select")
220422-14:55:23,815 nipype.workflow INFO:
	 [Node] Running "merge_sbrefs" ("niworkflows.interfaces.nibabel.MergeSeries")
220422-14:55:23,816 nipype.workflow INFO:
	 [Node] Finished "fmriprep_wf.single_subject_MONSTERA03_wf.func_preproc_task_02_wf.select_bold".
220422-14:55:23,929 nipype.workflow INFO:
	 [Node] Finished "fmriprep_wf.single_subject_MONSTERA03_wf.func_preproc_task_01_wf.initial_boldref_wf.merge_sbrefs".
220422-14:55:24,90 nipype.workflow INFO:
	 [Node] Setting-up "fmriprep_wf.single_subject_MONSTERA03_wf.func_preproc_task_03_wf.select_bold" in "/work/fmriprep_wf/single_subject_MONSTERA03_wf/func_preproc_task_03_wf/select_bold".
220422-14:55:24,93 nipype.workflow INFO:
	 [Node] Setting-up "fmriprep_wf.single_subject_MONSTERA03_wf.func_preproc_task_02_wf.initial_boldref_wf.merge_sbrefs" in "/work/fmriprep_wf/single_subject_MONSTERA03_wf/func_preproc_task_02_wf/initial_boldref_wf/merge_sbrefs".
220422-14:55:24,99 nipype.workflow INFO:
	 [Node] Running "select_bold" ("nipype.interfaces.utility.base.Select")
220422-14:55:24,102 nipype.workflow INFO:
	 [Node] Running "merge_sbrefs" ("niworkflows.interfaces.nibabel.MergeSeries")
220422-14:55:24,102 nipype.workflow INFO:
	 [Node] Finished "fmriprep_wf.single_subject_MONSTERA03_wf.func_preproc_task_03_wf.select_bold".
220422-14:55:24,217 nipype.workflow INFO:
	 [Node] Finished "fmriprep_wf.single_subject_MONSTERA03_wf.func_preproc_task_02_wf.initial_boldref_wf.merge_sbrefs".
220422-14:55:24,386 nipype.workflow INFO:
	 [Node] Setting-up "fmriprep_wf.single_subject_MONSTERA03_wf.func_preproc_task_04_wf.select_bold" in "/work/fmriprep_wf/single_subject_MONSTERA03_wf/func_preproc_task_04_wf/select_bold".
220422-14:55:24,390 nipype.workflow INFO:
	 [Node] Setting-up "fmriprep_wf.single_subject_MONSTERA03_wf.func_preproc_task_03_wf.initial_boldref_wf.merge_sbrefs" in "/work/fmriprep_wf/single_subject_MONSTERA03_wf/func_preproc_task_03_wf/initial_boldref_wf/merge_sbrefs".
220422-14:55:24,390 nipype.workflow INFO:
	 [Node] Running "select_bold" ("nipype.interfaces.utility.base.Select")
220422-14:55:24,393 nipype.workflow INFO:
	 [Node] Finished "fmriprep_wf.single_subject_MONSTERA03_wf.func_preproc_task_04_wf.select_bold".
220422-14:55:24,396 nipype.workflow INFO:
	 [Node] Running "merge_sbrefs" ("niworkflows.interfaces.nibabel.MergeSeries")
220422-14:55:24,512 nipype.workflow INFO:
	 [Node] Finished "fmriprep_wf.single_subject_MONSTERA03_wf.func_preproc_task_03_wf.initial_boldref_wf.merge_sbrefs".
220422-14:55:24,683 nipype.workflow INFO:
	 [Node] Setting-up "fmriprep_wf.single_subject_MONSTERA03_wf.func_preproc_task_05_wf.select_bold" in "/work/fmriprep_wf/single_subject_MONSTERA03_wf/func_preproc_task_05_wf/select_bold".
220422-14:55:24,686 nipype.workflow INFO:
	 [Node] Setting-up "fmriprep_wf.single_subject_MONSTERA03_wf.func_preproc_task_04_wf.initial_boldref_wf.merge_sbrefs" in "/work/fmriprep_wf/single_subject_MONSTERA03_wf/func_preproc_task_04_wf/initial_boldref_wf/merge_sbrefs".
220422-14:55:24,687 nipype.workflow INFO:
	 [Node] Running "select_bold" ("nipype.interfaces.utility.base.Select")
220422-14:55:24,689 nipype.workflow INFO:
	 [Node] Finished "fmriprep_wf.single_subject_MONSTERA03_wf.func_preproc_task_05_wf.select_bold".
220422-14:55:24,691 nipype.workflow INFO:
	 [Node] Running "merge_sbrefs" ("niworkflows.interfaces.nibabel.MergeSeries")
220422-14:55:24,806 nipype.workflow INFO:
	 [Node] Finished "fmriprep_wf.single_subject_MONSTERA03_wf.func_preproc_task_04_wf.initial_boldref_wf.merge_sbrefs".
220422-14:55:24,978 nipype.workflow INFO:
	 [Node] Setting-up "fmriprep_wf.single_subject_MONSTERA03_wf.func_preproc_task_06_wf.select_bold" in "/work/fmriprep_wf/single_subject_MONSTERA03_wf/func_preproc_task_06_wf/select_bold".
220422-14:55:24,981 nipype.workflow INFO:
	 [Node] Setting-up "fmriprep_wf.single_subject_MONSTERA03_wf.func_preproc_task_05_wf.initial_boldref_wf.merge_sbrefs" in "/work/fmriprep_wf/single_subject_MONSTERA03_wf/func_preproc_task_05_wf/initial_boldref_wf/merge_sbrefs".
220422-14:55:24,982 nipype.workflow INFO:
	 [Node] Running "select_bold" ("nipype.interfaces.utility.base.Select")
220422-14:55:24,984 nipype.workflow INFO:
	 [Node] Finished "fmriprep_wf.single_subject_MONSTERA03_wf.func_preproc_task_06_wf.select_bold".
220422-14:55:24,986 nipype.workflow INFO:
	 [Node] Running "merge_sbrefs" ("niworkflows.interfaces.nibabel.MergeSeries")
220422-14:55:25,100 nipype.workflow INFO:
	 [Node] Finished "fmriprep_wf.single_subject_MONSTERA03_wf.func_preproc_task_05_wf.initial_boldref_wf.merge_sbrefs".
220422-14:55:25,276 nipype.workflow INFO:
	 [Node] Setting-up "fmriprep_wf.single_subject_MONSTERA03_wf.func_preproc_task_07_wf.select_bold" in "/work/fmriprep_wf/single_subject_MONSTERA03_wf/func_preproc_task_07_wf/select_bold".
220422-14:55:25,279 nipype.workflow INFO:
	 [Node] Setting-up "fmriprep_wf.single_subject_MONSTERA03_wf.func_preproc_task_06_wf.initial_boldref_wf.merge_sbrefs" in "/work/fmriprep_wf/single_subject_MONSTERA03_wf/func_preproc_task_06_wf/initial_boldref_wf/merge_sbrefs".
220422-14:55:25,280 nipype.workflow INFO:
	 [Node] Running "select_bold" ("nipype.interfaces.utility.base.Select")
220422-14:55:25,283 nipype.workflow INFO:
	 [Node] Finished "fmriprep_wf.single_subject_MONSTERA03_wf.func_preproc_task_07_wf.select_bold".
220422-14:55:25,286 nipype.workflow INFO:
	 [Node] Running "merge_sbrefs" ("niworkflows.interfaces.nibabel.MergeSeries")
220422-14:55:25,400 nipype.workflow INFO:
	 [Node] Finished "fmriprep_wf.single_subject_MONSTERA03_wf.func_preproc_task_06_wf.initial_boldref_wf.merge_sbrefs".
220422-14:55:25,754 nipype.workflow INFO:
	 [Node] Setting-up "fmriprep_wf.single_subject_MONSTERA03_wf.func_preproc_task_08_wf.select_bold" in "/work/fmriprep_wf/single_subject_MONSTERA03_wf/func_preproc_task_08_wf/select_bold".
220422-14:55:25,757 nipype.workflow INFO:
	 [Node] Setting-up "fmriprep_wf.single_subject_MONSTERA03_wf.func_preproc_task_07_wf.initial_boldref_wf.merge_sbrefs" in "/work/fmriprep_wf/single_subject_MONSTERA03_wf/func_preproc_task_07_wf/initial_boldref_wf/merge_sbrefs".
220422-14:55:25,774 nipype.workflow INFO:
	 [Node] Running "select_bold" ("nipype.interfaces.utility.base.Select")
220422-14:55:25,777 nipype.workflow INFO:
	 [Node] Finished "fmriprep_wf.single_subject_MONSTERA03_wf.func_preproc_task_08_wf.select_bold".
220422-14:55:25,777 nipype.workflow INFO:
	 [Node] Running "merge_sbrefs" ("niworkflows.interfaces.nibabel.MergeSeries")
220422-14:55:25,893 nipype.workflow INFO:
	 [Node] Finished "fmriprep_wf.single_subject_MONSTERA03_wf.func_preproc_task_07_wf.initial_boldref_wf.merge_sbrefs".
220422-14:55:26,44 nipype.workflow INFO:
	 [Node] Setting-up "fmriprep_wf.single_subject_MONSTERA03_wf.func_preproc_task_09_wf.select_bold" in "/work/fmriprep_wf/single_subject_MONSTERA03_wf/func_preproc_task_09_wf/select_bold".
220422-14:55:26,47 nipype.workflow INFO:
	 [Node] Setting-up "fmriprep_wf.single_subject_MONSTERA03_wf.func_preproc_task_08_wf.initial_boldref_wf.merge_sbrefs" in "/work/fmriprep_wf/single_subject_MONSTERA03_wf/func_preproc_task_08_wf/initial_boldref_wf/merge_sbrefs".
220422-14:55:26,48 nipype.workflow INFO:
	 [Node] Running "select_bold" ("nipype.interfaces.utility.base.Select")
220422-14:55:26,51 nipype.workflow INFO:
	 [Node] Running "merge_sbrefs" ("niworkflows.interfaces.nibabel.MergeSeries")
220422-14:55:26,51 nipype.workflow INFO:
	 [Node] Finished "fmriprep_wf.single_subject_MONSTERA03_wf.func_preproc_task_09_wf.select_bold".
220422-14:55:26,166 nipype.workflow INFO:
	 [Node] Finished "fmriprep_wf.single_subject_MONSTERA03_wf.func_preproc_task_08_wf.initial_boldref_wf.merge_sbrefs".
220422-14:55:26,342 nipype.workflow INFO:
	 [Node] Setting-up "fmriprep_wf.single_subject_MONSTERA03_wf.func_preproc_task_10_wf.select_bold" in "/work/fmriprep_wf/single_subject_MONSTERA03_wf/func_preproc_task_10_wf/select_bold".
220422-14:55:26,345 nipype.workflow INFO:
	 [Node] Setting-up "fmriprep_wf.single_subject_MONSTERA03_wf.func_preproc_task_09_wf.initial_boldref_wf.merge_sbrefs" in "/work/fmriprep_wf/single_subject_MONSTERA03_wf/func_preproc_task_09_wf/initial_boldref_wf/merge_sbrefs".
220422-14:55:26,346 nipype.workflow INFO:
	 [Node] Running "select_bold" ("nipype.interfaces.utility.base.Select")
220422-14:55:26,348 nipype.workflow INFO:
	 [Node] Running "merge_sbrefs" ("niworkflows.interfaces.nibabel.MergeSeries")
220422-14:55:26,349 nipype.workflow INFO:
	 [Node] Finished "fmriprep_wf.single_subject_MONSTERA03_wf.func_preproc_task_10_wf.select_bold".
220422-14:55:26,463 nipype.workflow INFO:
	 [Node] Finished "fmriprep_wf.single_subject_MONSTERA03_wf.func_preproc_task_09_wf.initial_boldref_wf.merge_sbrefs".
220422-14:55:26,647 nipype.workflow INFO:
	 [Node] Setting-up "fmriprep_wf.single_subject_MONSTERA03_wf.func_preproc_task_10_wf.initial_boldref_wf.merge_sbrefs" in "/work/fmriprep_wf/single_subject_MONSTERA03_wf/func_preproc_task_10_wf/initial_boldref_wf/merge_sbrefs".
220422-14:55:26,667 nipype.workflow INFO:
	 [Node] Running "merge_sbrefs" ("niworkflows.interfaces.nibabel.MergeSeries")
220422-14:55:26,703 nipype.workflow WARNING:
	 Error while checking node hash, forcing re-run. Although this error may not prevent the workflow from running, it could indicate a major problem. Please report a new issue at https://github.com/nipy/nipype/issues adding the following information:

	Node: fmriprep_wf.single_subject_MONSTERA03_wf.summary
	Interface: fmriprep.interfaces.reports.SubjectSummary
	Traceback:
Traceback (most recent call last):

  File "/opt/conda/lib/python3.8/site-packages/nipype/pipeline/plugins/base.py", line 347, in _local_hash_check
    cached, updated = self.procs[jobid].is_cached()

  File "/opt/conda/lib/python3.8/site-packages/nipype/pipeline/engine/nodes.py", line 332, in is_cached
    hashed_inputs, hashvalue = self._get_hashval()

  File "/opt/conda/lib/python3.8/site-packages/nipype/pipeline/engine/nodes.py", line 538, in _get_hashval
    self._get_inputs()

  File "/opt/conda/lib/python3.8/site-packages/nipype/pipeline/engine/nodes.py", line 609, in _get_inputs
    self.set_input(key, deepcopy(output_value))

  File "/opt/conda/lib/python3.8/site-packages/nipype/pipeline/engine/nodes.py", line 302, in set_input
    setattr(self.inputs, parameter, deepcopy(val))

  File "/opt/conda/lib/python3.8/site-packages/nipype/interfaces/base/traits_extension.py", line 425, in validate
    value = super(MultiObject, self).validate(objekt, name, newvalue)

  File "/opt/conda/lib/python3.8/site-packages/traits/trait_types.py", line 2515, in validate
    return TraitListObject(self, object, name, value)

  File "/opt/conda/lib/python3.8/site-packages/traits/trait_list_object.py", line 582, in __init__
    super().__init__(

  File "/opt/conda/lib/python3.8/site-packages/traits/trait_list_object.py", line 213, in __init__
    super().__init__(self.item_validator(item) for item in iterable)

  File "/opt/conda/lib/python3.8/site-packages/traits/trait_list_object.py", line 213, in <genexpr>
    super().__init__(self.item_validator(item) for item in iterable)

  File "/opt/conda/lib/python3.8/site-packages/traits/trait_list_object.py", line 865, in _item_validator
    return trait_validator(object, self.name, value)

  File "/opt/conda/lib/python3.8/site-packages/traits/trait_handlers.py", line 873, in validate
    return self.slow_validate(object, name, value)

  File "/opt/conda/lib/python3.8/site-packages/traits/trait_handlers.py", line 881, in slow_validate
    self.error(object, name, value)

  File "/opt/conda/lib/python3.8/site-packages/traits/base_trait_handler.py", line 74, in error
    raise TraitError(

traits.trait_errors.TraitError: Each element of the 'bold' trait of a SubjectSummaryInputSpec instance must be a pathlike object or string representing an existing file or a list of items which are a pathlike object or string representing an existing file, but a value of '/data/sub-MONSTERA03/func/sub-MONSTERA03_task-01_run-08_bold.nii.gz' <class 'str'> was specified.

Error setting node input:
Node: summary
input: bold
results_file: /work/fmriprep_wf/single_subject_MONSTERA03_wf/bidssrc/result_bidssrc.pklz
value: ['/data/sub-MONSTERA03/func/sub-MONSTERA03_task-01_run-08_bold.nii.gz', '/data/sub-MONSTERA03/func/sub-MONSTERA03_task-02_run-12_bold.nii.gz', '/data/sub-MONSTERA03/func/sub-MONSTERA03_task-03_run-16_bold.nii.gz', '/data/sub-MONSTERA03/func/sub-MONSTERA03_task-04_run-18_bold.nii.gz', '/data/sub-MONSTERA03/func/sub-MONSTERA03_task-05_run-20_bold.nii.gz', '/data/sub-MONSTERA03/func/sub-MONSTERA03_task-06_run-22_bold.nii.gz', '/data/sub-MONSTERA03/func/sub-MONSTERA03_task-07_run-24_bold.nii.gz', '/data/sub-MONSTERA03/func/sub-MONSTERA03_task-08_run-26_bold.nii.gz', '/data/sub-MONSTERA03/func/sub-MONSTERA03_task-09_run-28_bold.nii.gz', '/data/sub-MONSTERA03/func/sub-MONSTERA03_task-10_run-30_bold.nii.gz']

220422-14:55:26,707 nipype.workflow ERROR:
	 Node summary failed to run on host n198.
220422-14:55:26,707 nipype.workflow ERROR:
	 Saving crash info to /output/sub-MONSTERA03/log/20220422-145436_641d565c-0631-4fc6-971c-9fbfde55cbf2/crash-20220422-145526-wanjiag-summary-ce425271-f1d5-45e1-80d3-f1e779fe0a01.txt
Traceback (most recent call last):
  File "/opt/conda/lib/python3.8/site-packages/nipype/pipeline/plugins/multiproc.py", line 344, in _send_procs_to_workers
    self.procs[jobid].run(updatehash=updatehash)
  File "/opt/conda/lib/python3.8/site-packages/nipype/pipeline/engine/nodes.py", line 443, in run
    cached, updated = self.is_cached()
  File "/opt/conda/lib/python3.8/site-packages/nipype/pipeline/engine/nodes.py", line 332, in is_cached
    hashed_inputs, hashvalue = self._get_hashval()
  File "/opt/conda/lib/python3.8/site-packages/nipype/pipeline/engine/nodes.py", line 538, in _get_hashval
    self._get_inputs()
  File "/opt/conda/lib/python3.8/site-packages/nipype/pipeline/engine/nodes.py", line 609, in _get_inputs
    self.set_input(key, deepcopy(output_value))
  File "/opt/conda/lib/python3.8/site-packages/nipype/pipeline/engine/nodes.py", line 302, in set_input
    setattr(self.inputs, parameter, deepcopy(val))
  File "/opt/conda/lib/python3.8/site-packages/nipype/interfaces/base/traits_extension.py", line 425, in validate
    value = super(MultiObject, self).validate(objekt, name, newvalue)
  File "/opt/conda/lib/python3.8/site-packages/traits/trait_types.py", line 2515, in validate
    return TraitListObject(self, object, name, value)
  File "/opt/conda/lib/python3.8/site-packages/traits/trait_list_object.py", line 582, in __init__
    super().__init__(
  File "/opt/conda/lib/python3.8/site-packages/traits/trait_list_object.py", line 213, in __init__
    super().__init__(self.item_validator(item) for item in iterable)
  File "/opt/conda/lib/python3.8/site-packages/traits/trait_list_object.py", line 213, in <genexpr>
    super().__init__(self.item_validator(item) for item in iterable)
  File "/opt/conda/lib/python3.8/site-packages/traits/trait_list_object.py", line 865, in _item_validator
    return trait_validator(object, self.name, value)
  File "/opt/conda/lib/python3.8/site-packages/traits/trait_handlers.py", line 873, in validate
    return self.slow_validate(object, name, value)
  File "/opt/conda/lib/python3.8/site-packages/traits/trait_handlers.py", line 881, in slow_validate
    self.error(object, name, value)
  File "/opt/conda/lib/python3.8/site-packages/traits/base_trait_handler.py", line 74, in error
    raise TraitError(
traits.trait_errors.TraitError: Each element of the 'bold' trait of a SubjectSummaryInputSpec instance must be a pathlike object or string representing an existing file or a list of items which are a pathlike object or string representing an existing file, but a value of '/data/sub-MONSTERA03/func/sub-MONSTERA03_task-01_run-08_bold.nii.gz' <class 'str'> was specified.

Error setting node input:
Node: summary
input: bold
results_file: /work/fmriprep_wf/single_subject_MONSTERA03_wf/bidssrc/result_bidssrc.pklz
value: ['/data/sub-MONSTERA03/func/sub-MONSTERA03_task-01_run-08_bold.nii.gz', '/data/sub-MONSTERA03/func/sub-MONSTERA03_task-02_run-12_bold.nii.gz', '/data/sub-MONSTERA03/func/sub-MONSTERA03_task-03_run-16_bold.nii.gz', '/data/sub-MONSTERA03/func/sub-MONSTERA03_task-04_run-18_bold.nii.gz', '/data/sub-MONSTERA03/func/sub-MONSTERA03_task-05_run-20_bold.nii.gz', '/data/sub-MONSTERA03/func/sub-MONSTERA03_task-06_run-22_bold.nii.gz', '/data/sub-MONSTERA03/func/sub-MONSTERA03_task-07_run-24_bold.nii.gz', '/data/sub-MONSTERA03/func/sub-MONSTERA03_task-08_run-26_bold.nii.gz', '/data/sub-MONSTERA03/func/sub-MONSTERA03_task-09_run-28_bold.nii.gz', '/data/sub-MONSTERA03/func/sub-MONSTERA03_task-10_run-30_bold.nii.gz']

220422-14:55:26,707 nipype.workflow CRITICAL:
	 fMRIPrep failed: Traceback (most recent call last):
  File "/opt/conda/lib/python3.8/site-packages/nipype/pipeline/plugins/multiproc.py", line 344, in _send_procs_to_workers
    self.procs[jobid].run(updatehash=updatehash)
  File "/opt/conda/lib/python3.8/site-packages/nipype/pipeline/engine/nodes.py", line 443, in run
    cached, updated = self.is_cached()
  File "/opt/conda/lib/python3.8/site-packages/nipype/pipeline/engine/nodes.py", line 332, in is_cached
    hashed_inputs, hashvalue = self._get_hashval()
  File "/opt/conda/lib/python3.8/site-packages/nipype/pipeline/engine/nodes.py", line 538, in _get_hashval
    self._get_inputs()
  File "/opt/conda/lib/python3.8/site-packages/nipype/pipeline/engine/nodes.py", line 609, in _get_inputs
    self.set_input(key, deepcopy(output_value))
  File "/opt/conda/lib/python3.8/site-packages/nipype/pipeline/engine/nodes.py", line 302, in set_input
    setattr(self.inputs, parameter, deepcopy(val))
  File "/opt/conda/lib/python3.8/site-packages/nipype/interfaces/base/traits_extension.py", line 425, in validate
    value = super(MultiObject, self).validate(objekt, name, newvalue)
  File "/opt/conda/lib/python3.8/site-packages/traits/trait_types.py", line 2515, in validate
    return TraitListObject(self, object, name, value)
  File "/opt/conda/lib/python3.8/site-packages/traits/trait_list_object.py", line 582, in __init__
    super().__init__(
  File "/opt/conda/lib/python3.8/site-packages/traits/trait_list_object.py", line 213, in __init__
    super().__init__(self.item_validator(item) for item in iterable)
  File "/opt/conda/lib/python3.8/site-packages/traits/trait_list_object.py", line 213, in <genexpr>
    super().__init__(self.item_validator(item) for item in iterable)
  File "/opt/conda/lib/python3.8/site-packages/traits/trait_list_object.py", line 865, in _item_validator
    return trait_validator(object, self.name, value)
  File "/opt/conda/lib/python3.8/site-packages/traits/trait_handlers.py", line 873, in validate
    return self.slow_validate(object, name, value)
  File "/opt/conda/lib/python3.8/site-packages/traits/trait_handlers.py", line 881, in slow_validate
    self.error(object, name, value)
  File "/opt/conda/lib/python3.8/site-packages/traits/base_trait_handler.py", line 74, in error
    raise TraitError(
traits.trait_errors.TraitError: Each element of the 'bold' trait of a SubjectSummaryInputSpec instance must be a pathlike object or string representing an existing file or a list of items which are a pathlike object or string representing an existing file, but a value of '/data/sub-MONSTERA03/func/sub-MONSTERA03_task-01_run-08_bold.nii.gz' <class 'str'> was specified.

Error setting node input:
Node: summary
input: bold
results_file: /work/fmriprep_wf/single_subject_MONSTERA03_wf/bidssrc/result_bidssrc.pklz
value: ['/data/sub-MONSTERA03/func/sub-MONSTERA03_task-01_run-08_bold.nii.gz', '/data/sub-MONSTERA03/func/sub-MONSTERA03_task-02_run-12_bold.nii.gz', '/data/sub-MONSTERA03/func/sub-MONSTERA03_task-03_run-16_bold.nii.gz', '/data/sub-MONSTERA03/func/sub-MONSTERA03_task-04_run-18_bold.nii.gz', '/data/sub-MONSTERA03/func/sub-MONSTERA03_task-05_run-20_bold.nii.gz', '/data/sub-MONSTERA03/func/sub-MONSTERA03_task-06_run-22_bold.nii.gz', '/data/sub-MONSTERA03/func/sub-MONSTERA03_task-07_run-24_bold.nii.gz', '/data/sub-MONSTERA03/func/sub-MONSTERA03_task-08_run-26_bold.nii.gz', '/data/sub-MONSTERA03/func/sub-MONSTERA03_task-09_run-28_bold.nii.gz', '/data/sub-MONSTERA03/func/sub-MONSTERA03_task-10_run-30_bold.nii.gz']

220422-14:55:26,779 nipype.workflow INFO:
	 [Node] Finished "fmriprep_wf.single_subject_MONSTERA03_wf.func_preproc_task_10_wf.initial_boldref_wf.merge_sbrefs".
220422-14:55:27,721 cli ERROR:
	 Preprocessing did not finish successfully. Errors occurred while processing data from participants: MONSTERA03 (1). Check the HTML reports for details.
