You are using fMRIPrep-21.0.1, and a newer version of fMRIPrep is available: 22.0.2.
Please check out our documentation about how and when to upgrade:
https://fmriprep.readthedocs.io/en/latest/faq.html#upgrading
221008-11:30:19,994 nipype.workflow IMPORTANT:
	 Running fMRIPrep version 21.0.1

         License NOTICE ##################################################
         fMRIPrep 21.0.1
         Copyright 2021 The NiPreps Developers.
         
         This product includes software developed by
         the NiPreps Community (https://nipreps.org/).
         
         Portions of this software were developed at the Department of
         Psychology at Stanford University, Stanford, CA, US.
         
         This software redistributes the versioneer Python package, which is
         Public domain source code.
         
         This software is also distributed as a Docker container image.
         The bootstraping file for the image ("Dockerfile") is licensed
         under the MIT License.
         
         This software may be distributed through an add-on package called
         "Docker Wrapper" that is under the BSD 3-clause License.
         #################################################################
221008-11:30:19,995 nipype.workflow WARNING:
	 Previous output generated by version 0+unknown found.
221008-11:30:20,667 nipype.workflow IMPORTANT:
	 Building fMRIPrep's workflow:
           * BIDS dataset path: /data.
           * Participant list: ['MONSTERA19'].
           * Run identifier: 20221008-113000_731106b1-9d3f-474c-8c00-dc51d146840e.
           * Output spaces: MNI152NLin2009cAsym:res-native T1w fsaverage:den-41k.
           * Pre-run FreeSurfer's SUBJECTS_DIR: /output/sourcedata/freesurfer.
221008-11:30:23,249 nipype.workflow INFO:
	 B0 field inhomogeneity map will be estimated with  the following 1 estimators: [<EstimatorType.PEPOLAR: 2>].
221008-11:30:23,506 nipype.workflow INFO:
	 Using single-band reference file(s) sub-MONSTERA19_task-01_sbref.nii.gz.
221008-11:30:23,506 nipype.workflow INFO:
	 Found usable B0-map (fieldmap) estimator(s) <auto_00000> to correct </data/sub-MONSTERA19/func/sub-MONSTERA19_task-01_bold.nii.gz> for susceptibility-derived distortions.
221008-11:30:23,606 nipype.workflow IMPORTANT:
	 BOLD series will be slice-timing corrected to an offset of 0.445s.
221008-11:30:24,451 nipype.workflow INFO:
	 Using single-band reference file(s) sub-MONSTERA19_task-02_sbref.nii.gz.
221008-11:30:24,452 nipype.workflow INFO:
	 Found usable B0-map (fieldmap) estimator(s) <auto_00000> to correct </data/sub-MONSTERA19/func/sub-MONSTERA19_task-02_bold.nii.gz> for susceptibility-derived distortions.
221008-11:30:24,540 nipype.workflow IMPORTANT:
	 BOLD series will be slice-timing corrected to an offset of 0.445s.
221008-11:30:24,810 nipype.workflow INFO:
	 Using single-band reference file(s) sub-MONSTERA19_task-03_sbref.nii.gz.
221008-11:30:24,810 nipype.workflow INFO:
	 Found usable B0-map (fieldmap) estimator(s) <auto_00000> to correct </data/sub-MONSTERA19/func/sub-MONSTERA19_task-03_bold.nii.gz> for susceptibility-derived distortions.
221008-11:30:24,899 nipype.workflow IMPORTANT:
	 BOLD series will be slice-timing corrected to an offset of 0.445s.
221008-11:30:25,111 nipype.workflow INFO:
	 Using single-band reference file(s) sub-MONSTERA19_task-04_sbref.nii.gz.
221008-11:30:25,111 nipype.workflow INFO:
	 Found usable B0-map (fieldmap) estimator(s) <auto_00000> to correct </data/sub-MONSTERA19/func/sub-MONSTERA19_task-04_bold.nii.gz> for susceptibility-derived distortions.
221008-11:30:25,199 nipype.workflow IMPORTANT:
	 BOLD series will be slice-timing corrected to an offset of 0.445s.
221008-11:30:25,638 nipype.workflow INFO:
	 Using single-band reference file(s) sub-MONSTERA19_task-05_sbref.nii.gz.
221008-11:30:25,638 nipype.workflow INFO:
	 Found usable B0-map (fieldmap) estimator(s) <auto_00000> to correct </data/sub-MONSTERA19/func/sub-MONSTERA19_task-05_bold.nii.gz> for susceptibility-derived distortions.
221008-11:30:25,727 nipype.workflow IMPORTANT:
	 BOLD series will be slice-timing corrected to an offset of 0.445s.
221008-11:30:25,958 nipype.workflow INFO:
	 Using single-band reference file(s) sub-MONSTERA19_task-06_sbref.nii.gz.
221008-11:30:25,958 nipype.workflow INFO:
	 Found usable B0-map (fieldmap) estimator(s) <auto_00000> to correct </data/sub-MONSTERA19/func/sub-MONSTERA19_task-06_bold.nii.gz> for susceptibility-derived distortions.
221008-11:30:26,56 nipype.workflow IMPORTANT:
	 BOLD series will be slice-timing corrected to an offset of 0.445s.
221008-11:30:26,282 nipype.workflow INFO:
	 Using single-band reference file(s) sub-MONSTERA19_task-07_sbref.nii.gz.
221008-11:30:26,282 nipype.workflow INFO:
	 Found usable B0-map (fieldmap) estimator(s) <auto_00000> to correct </data/sub-MONSTERA19/func/sub-MONSTERA19_task-07_bold.nii.gz> for susceptibility-derived distortions.
221008-11:30:26,371 nipype.workflow IMPORTANT:
	 BOLD series will be slice-timing corrected to an offset of 0.445s.
221008-11:30:26,719 nipype.workflow INFO:
	 Using single-band reference file(s) sub-MONSTERA19_task-08_sbref.nii.gz.
221008-11:30:26,719 nipype.workflow INFO:
	 Found usable B0-map (fieldmap) estimator(s) <auto_00000> to correct </data/sub-MONSTERA19/func/sub-MONSTERA19_task-08_bold.nii.gz> for susceptibility-derived distortions.
221008-11:30:26,940 nipype.workflow IMPORTANT:
	 BOLD series will be slice-timing corrected to an offset of 0.445s.
221008-11:30:27,152 nipype.workflow INFO:
	 Using single-band reference file(s) sub-MONSTERA19_task-09_sbref.nii.gz.
221008-11:30:27,152 nipype.workflow INFO:
	 Found usable B0-map (fieldmap) estimator(s) <auto_00000> to correct </data/sub-MONSTERA19/func/sub-MONSTERA19_task-09_bold.nii.gz> for susceptibility-derived distortions.
221008-11:30:27,240 nipype.workflow IMPORTANT:
	 BOLD series will be slice-timing corrected to an offset of 0.445s.
221008-11:30:27,416 nipype.workflow INFO:
	 Using single-band reference file(s) sub-MONSTERA19_task-10_sbref.nii.gz.
221008-11:30:27,416 nipype.workflow INFO:
	 Found usable B0-map (fieldmap) estimator(s) <auto_00000> to correct </data/sub-MONSTERA19/func/sub-MONSTERA19_task-10_bold.nii.gz> for susceptibility-derived distortions.
221008-11:30:27,506 nipype.workflow IMPORTANT:
	 BOLD series will be slice-timing corrected to an offset of 0.445s.
221008-11:30:27,945 nipype.workflow INFO:
	 Setting-up fieldmap "auto_00000" (EstimatorType.PEPOLAR) with <sub-MONSTERA19_dir-ap_run-09_epi.nii.gz, sub-MONSTERA19_dir-pa_run-10_epi.nii.gz>
221008-11:30:31,790 nipype.workflow INFO:
	 fMRIPrep workflow graph with 2629 nodes built successfully.
221008-11:30:40,391 nipype.workflow IMPORTANT:
	 fMRIPrep started!
221008-11:30:45,397 nipype.workflow INFO:
	 [Node] Setting-up "fmriprep_wf.single_subject_MONSTERA19_wf.anat_preproc_wf.brain_extraction_wf.res_tmpl" in "/work/fmriprep_wf/single_subject_MONSTERA19_wf/anat_preproc_wf/brain_extraction_wf/res_tmpl".
221008-11:30:45,401 nipype.workflow INFO:
	 [Node] Running "res_tmpl" ("niworkflows.interfaces.nibabel.RegridToZooms")
221008-11:30:45,445 nipype.workflow INFO:
	 [Node] Setting-up "fmriprep_wf.single_subject_MONSTERA19_wf.anat_preproc_wf.brain_extraction_wf.full_wm" in "/work/fmriprep_wf/single_subject_MONSTERA19_wf/anat_preproc_wf/brain_extraction_wf/full_wm".
221008-11:30:45,448 nipype.workflow INFO:
	 [Node] Running "full_wm" ("nipype.interfaces.utility.wrappers.Function")
221008-11:30:45,464 nipype.workflow INFO:
	 [Node] Setting-up "fmriprep_wf.single_subject_MONSTERA19_wf.func_preproc_task_01_wf.bold_source" in "/work/fmriprep_wf/single_subject_MONSTERA19_wf/func_preproc_task_01_wf/bold_source".
221008-11:30:45,468 nipype.workflow INFO:
	 [Node] Running "bold_source" ("nipype.interfaces.utility.base.Select")
221008-11:30:45,497 nipype.workflow INFO:
	 [Node] Setting-up "fmriprep_wf.single_subject_MONSTERA19_wf.func_preproc_task_01_wf.func_derivatives_wf.raw_sources" in "/work/fmriprep_wf/single_subject_MONSTERA19_wf/func_preproc_task_01_wf/func_derivatives_wf/raw_sources".
221008-11:30:45,498 nipype.workflow INFO:
	 [Node] Finished "fmriprep_wf.single_subject_MONSTERA19_wf.func_preproc_task_01_wf.bold_source".
221008-11:30:45,500 nipype.workflow INFO:
	 [Node] Running "raw_sources" ("nipype.interfaces.utility.wrappers.Function")
221008-11:30:45,514 nipype.workflow INFO:
	 [Node] Setting-up "fmriprep_wf.single_subject_MONSTERA19_wf.func_preproc_task_02_wf.bold_source" in "/work/fmriprep_wf/single_subject_MONSTERA19_wf/func_preproc_task_02_wf/bold_source".
221008-11:30:45,518 nipype.workflow INFO:
	 [Node] Running "bold_source" ("nipype.interfaces.utility.base.Select")
221008-11:30:45,529 nipype.workflow INFO:
	 [Node] Setting-up "fmriprep_wf.single_subject_MONSTERA19_wf.func_preproc_task_02_wf.func_derivatives_wf.raw_sources" in "/work/fmriprep_wf/single_subject_MONSTERA19_wf/func_preproc_task_02_wf/func_derivatives_wf/raw_sources".
221008-11:30:45,530 nipype.workflow INFO:
	 [Node] Finished "fmriprep_wf.single_subject_MONSTERA19_wf.func_preproc_task_01_wf.func_derivatives_wf.raw_sources".
221008-11:30:45,532 nipype.workflow INFO:
	 [Node] Running "raw_sources" ("nipype.interfaces.utility.wrappers.Function")
221008-11:30:45,541 nipype.workflow INFO:
	 [Node] Setting-up "fmriprep_wf.single_subject_MONSTERA19_wf.func_preproc_task_03_wf.bold_source" in "/work/fmriprep_wf/single_subject_MONSTERA19_wf/func_preproc_task_03_wf/bold_source".
221008-11:30:45,549 nipype.workflow INFO:
	 [Node] Finished "fmriprep_wf.single_subject_MONSTERA19_wf.func_preproc_task_02_wf.bold_source".
221008-11:30:45,549 nipype.workflow INFO:
	 [Node] Running "bold_source" ("nipype.interfaces.utility.base.Select")
221008-11:30:45,550 nipype.workflow INFO:
	 [Node] Setting-up "fmriprep_wf.single_subject_MONSTERA19_wf.func_preproc_task_03_wf.func_derivatives_wf.raw_sources" in "/work/fmriprep_wf/single_subject_MONSTERA19_wf/func_preproc_task_03_wf/func_derivatives_wf/raw_sources".
221008-11:30:45,564 nipype.workflow INFO:
	 [Node] Finished "fmriprep_wf.single_subject_MONSTERA19_wf.func_preproc_task_02_wf.func_derivatives_wf.raw_sources".
221008-11:30:45,569 nipype.workflow INFO:
	 [Node] Running "raw_sources" ("nipype.interfaces.utility.wrappers.Function")
221008-11:30:45,584 nipype.workflow INFO:
	 [Node] Finished "fmriprep_wf.single_subject_MONSTERA19_wf.func_preproc_task_03_wf.bold_source".
221008-11:30:45,601 nipype.workflow INFO:
	 [Node] Finished "fmriprep_wf.single_subject_MONSTERA19_wf.func_preproc_task_03_wf.func_derivatives_wf.raw_sources".
221008-11:30:45,632 nipype.workflow INFO:
	 [Node] Setting-up "fmriprep_wf.single_subject_MONSTERA19_wf.anat_preproc_wf.brain_extraction_wf.lap_tmpl" in "/work/fmriprep_wf/single_subject_MONSTERA19_wf/anat_preproc_wf/brain_extraction_wf/lap_tmpl".
221008-11:30:45,635 nipype.workflow INFO:
	 [Node] Running "lap_tmpl" ("nipype.interfaces.ants.utils.ImageMath"), a CommandLine Interface with command:
ImageMath 3 tpl-OASIS30ANTs_res-01_T1w_maths.nii.gz Laplacian /home/wanjiag/.cache/templateflow/tpl-OASIS30ANTs/tpl-OASIS30ANTs_res-01_T1w.nii.gz 1.5 1
221008-11:30:45,747 nipype.workflow INFO:
	 [Node] Setting-up "fmriprep_wf.single_subject_MONSTERA19_wf.func_preproc_task_01_wf.initial_boldref_wf.val_bold" in "/work/fmriprep_wf/single_subject_MONSTERA19_wf/func_preproc_task_01_wf/initial_boldref_wf/val_bold".
221008-11:30:45,751 nipype.workflow INFO:
	 [Node] Setting-up "_val_bold0" in "/work/fmriprep_wf/single_subject_MONSTERA19_wf/func_preproc_task_01_wf/initial_boldref_wf/val_bold/mapflow/_val_bold0".
221008-11:30:45,753 nipype.workflow INFO:
	 [Node] Running "_val_bold0" ("niworkflows.interfaces.header.ValidateImage")
221008-11:30:45,753 nipype.workflow INFO:
	 [Node] Setting-up "fmriprep_wf.single_subject_MONSTERA19_wf.func_preproc_task_01_wf.initial_boldref_wf.val_sbref" in "/work/fmriprep_wf/single_subject_MONSTERA19_wf/func_preproc_task_01_wf/initial_boldref_wf/val_sbref".
221008-11:30:45,757 nipype.workflow INFO:
	 [Node] Setting-up "_val_sbref0" in "/work/fmriprep_wf/single_subject_MONSTERA19_wf/func_preproc_task_01_wf/initial_boldref_wf/val_sbref/mapflow/_val_sbref0".
221008-11:30:45,758 nipype.workflow INFO:
	 [Node] Setting-up "fmriprep_wf.single_subject_MONSTERA19_wf.func_preproc_task_01_wf.initial_boldref_wf.get_dummy" in "/work/fmriprep_wf/single_subject_MONSTERA19_wf/func_preproc_task_01_wf/initial_boldref_wf/get_dummy".
221008-11:30:45,759 nipype.workflow INFO:
	 [Node] Running "_val_sbref0" ("niworkflows.interfaces.header.ValidateImage")
221008-11:30:45,761 nipype.workflow INFO:
	 [Node] Running "get_dummy" ("niworkflows.interfaces.bold.NonsteadyStatesDetector")
221008-11:30:45,774 nipype.workflow INFO:
	 [Node] Finished "_val_bold0".
221008-11:30:45,775 nipype.workflow INFO:
	 [Node] Finished "fmriprep_wf.single_subject_MONSTERA19_wf.func_preproc_task_01_wf.initial_boldref_wf.val_bold".
221008-11:30:45,813 nipype.workflow INFO:
	 [Node] Setting-up "fmriprep_wf.single_subject_MONSTERA19_wf.bidssrc" in "/work/fmriprep_wf/single_subject_MONSTERA19_wf/bidssrc".
221008-11:30:45,822 nipype.workflow INFO:
	 [Node] Running "bidssrc" ("niworkflows.interfaces.bids.BIDSDataGrabber")
221008-11:30:45,847 nipype.interface INFO:
	 No "flair" images found for sub-MONSTERA19
221008-11:30:45,847 nipype.interface INFO:
	 No "roi" images found for sub-MONSTERA19
221008-11:30:45,852 nipype.workflow INFO:
	 [Node] Finished "fmriprep_wf.single_subject_MONSTERA19_wf.bidssrc".
221008-11:30:45,896 nipype.workflow INFO:
	 [Node] Finished "_val_sbref0".
221008-11:30:45,897 nipype.workflow INFO:
	 [Node] Finished "fmriprep_wf.single_subject_MONSTERA19_wf.func_preproc_task_01_wf.initial_boldref_wf.val_sbref".
221008-11:30:45,898 nipype.workflow INFO:
	 [Node] Setting-up "fmriprep_wf.single_subject_MONSTERA19_wf.func_preproc_task_02_wf.initial_boldref_wf.get_dummy" in "/work/fmriprep_wf/single_subject_MONSTERA19_wf/func_preproc_task_02_wf/initial_boldref_wf/get_dummy".
221008-11:30:45,901 nipype.workflow INFO:
	 [Node] Running "get_dummy" ("niworkflows.interfaces.bold.NonsteadyStatesDetector")
221008-11:30:45,963 nipype.workflow INFO:
	 [Node] Setting-up "fmriprep_wf.single_subject_MONSTERA19_wf.func_preproc_task_02_wf.initial_boldref_wf.val_bold" in "/work/fmriprep_wf/single_subject_MONSTERA19_wf/func_preproc_task_02_wf/initial_boldref_wf/val_bold".
221008-11:30:45,963 nipype.workflow INFO:
	 [Node] Setting-up "fmriprep_wf.single_subject_MONSTERA19_wf.func_preproc_task_02_wf.initial_boldref_wf.val_sbref" in "/work/fmriprep_wf/single_subject_MONSTERA19_wf/func_preproc_task_02_wf/initial_boldref_wf/val_sbref".
221008-11:30:45,968 nipype.workflow INFO:
	 [Node] Setting-up "_val_sbref0" in "/work/fmriprep_wf/single_subject_MONSTERA19_wf/func_preproc_task_02_wf/initial_boldref_wf/val_sbref/mapflow/_val_sbref0".
221008-11:30:45,968 nipype.workflow INFO:
	 [Node] Setting-up "_val_bold0" in "/work/fmriprep_wf/single_subject_MONSTERA19_wf/func_preproc_task_02_wf/initial_boldref_wf/val_bold/mapflow/_val_bold0".
221008-11:30:45,970 nipype.workflow INFO:
	 [Node] Running "_val_sbref0" ("niworkflows.interfaces.header.ValidateImage")
221008-11:30:45,970 nipype.workflow INFO:
	 [Node] Running "_val_bold0" ("niworkflows.interfaces.header.ValidateImage")
221008-11:30:46,15 nipype.workflow INFO:
	 [Node] Finished "_val_bold0".
221008-11:30:46,16 nipype.workflow INFO:
	 [Node] Finished "fmriprep_wf.single_subject_MONSTERA19_wf.func_preproc_task_02_wf.initial_boldref_wf.val_bold".
221008-11:30:46,65 nipype.workflow INFO:
	 [Node] Finished "_val_sbref0".
221008-11:30:46,67 nipype.workflow INFO:
	 [Node] Finished "fmriprep_wf.single_subject_MONSTERA19_wf.func_preproc_task_02_wf.initial_boldref_wf.val_sbref".
221008-11:30:46,173 nipype.workflow INFO:
	 [Node] Finished "fmriprep_wf.single_subject_MONSTERA19_wf.anat_preproc_wf.brain_extraction_wf.full_wm".
221008-11:30:46,939 nipype.workflow INFO:
	 [Node] Finished "fmriprep_wf.single_subject_MONSTERA19_wf.anat_preproc_wf.brain_extraction_wf.res_tmpl".
221008-11:30:47,164 nipype.workflow INFO:
	 [Node] Setting-up "fmriprep_wf.single_subject_MONSTERA19_wf.func_preproc_task_04_wf.bold_source" in "/work/fmriprep_wf/single_subject_MONSTERA19_wf/func_preproc_task_04_wf/bold_source".
221008-11:30:47,166 nipype.workflow INFO:
	 [Node] Setting-up "fmriprep_wf.single_subject_MONSTERA19_wf.func_preproc_task_04_wf.func_derivatives_wf.raw_sources" in "/work/fmriprep_wf/single_subject_MONSTERA19_wf/func_preproc_task_04_wf/func_derivatives_wf/raw_sources".
221008-11:30:47,167 nipype.workflow INFO:
	 [Node] Setting-up "fmriprep_wf.single_subject_MONSTERA19_wf.func_preproc_task_04_wf.initial_boldref_wf.get_dummy" in "/work/fmriprep_wf/single_subject_MONSTERA19_wf/func_preproc_task_04_wf/initial_boldref_wf/get_dummy".
221008-11:30:47,167 nipype.workflow INFO:
	 [Node] Setting-up "fmriprep_wf.single_subject_MONSTERA19_wf.func_preproc_task_05_wf.bold_source" in "/work/fmriprep_wf/single_subject_MONSTERA19_wf/func_preproc_task_05_wf/bold_source".
221008-11:30:47,168 nipype.workflow INFO:
	 [Node] Setting-up "fmriprep_wf.single_subject_MONSTERA19_wf.func_preproc_task_05_wf.func_derivatives_wf.raw_sources" in "/work/fmriprep_wf/single_subject_MONSTERA19_wf/func_preproc_task_05_wf/func_derivatives_wf/raw_sources".
221008-11:30:47,170 nipype.workflow INFO:
	 [Node] Running "raw_sources" ("nipype.interfaces.utility.wrappers.Function")
221008-11:30:47,170 nipype.workflow INFO:
	 [Node] Running "get_dummy" ("niworkflows.interfaces.bold.NonsteadyStatesDetector")
221008-11:30:47,171 nipype.workflow INFO:
	 [Node] Setting-up "fmriprep_wf.single_subject_MONSTERA19_wf.func_preproc_task_05_wf.initial_boldref_wf.val_bold" in "/work/fmriprep_wf/single_subject_MONSTERA19_wf/func_preproc_task_05_wf/initial_boldref_wf/val_bold".
221008-11:30:47,173 nipype.workflow INFO:
	 [Node] Running "bold_source" ("nipype.interfaces.utility.base.Select")
221008-11:30:47,173 nipype.workflow INFO:
	 [Node] Running "raw_sources" ("nipype.interfaces.utility.wrappers.Function")
221008-11:30:47,174 nipype.workflow INFO:
	 [Node] Running "bold_source" ("nipype.interfaces.utility.base.Select")
221008-11:30:47,174 nipype.workflow INFO:
	 [Node] Setting-up "fmriprep_wf.single_subject_MONSTERA19_wf.func_preproc_task_04_wf.initial_boldref_wf.val_sbref" in "/work/fmriprep_wf/single_subject_MONSTERA19_wf/func_preproc_task_04_wf/initial_boldref_wf/val_sbref".
221008-11:30:47,176 nipype.workflow INFO:
	 [Node] Finished "fmriprep_wf.single_subject_MONSTERA19_wf.func_preproc_task_05_wf.bold_source".
221008-11:30:47,176 nipype.workflow INFO:
	 [Node] Finished "fmriprep_wf.single_subject_MONSTERA19_wf.func_preproc_task_04_wf.bold_source".
221008-11:30:47,177 nipype.workflow INFO:
	 [Node] Finished "fmriprep_wf.single_subject_MONSTERA19_wf.func_preproc_task_05_wf.func_derivatives_wf.raw_sources".
221008-11:30:47,177 nipype.workflow INFO:
	 [Node] Setting-up "_val_bold0" in "/work/fmriprep_wf/single_subject_MONSTERA19_wf/func_preproc_task_05_wf/initial_boldref_wf/val_bold/mapflow/_val_bold0".
221008-11:30:47,178 nipype.workflow INFO:
	 [Node] Setting-up "_val_sbref0" in "/work/fmriprep_wf/single_subject_MONSTERA19_wf/func_preproc_task_04_wf/initial_boldref_wf/val_sbref/mapflow/_val_sbref0".
221008-11:30:47,179 nipype.workflow INFO:
	 [Node] Setting-up "fmriprep_wf.single_subject_MONSTERA19_wf.func_preproc_task_05_wf.initial_boldref_wf.val_sbref" in "/work/fmriprep_wf/single_subject_MONSTERA19_wf/func_preproc_task_05_wf/initial_boldref_wf/val_sbref".
221008-11:30:47,180 nipype.workflow INFO:
	 [Node] Running "_val_bold0" ("niworkflows.interfaces.header.ValidateImage")
221008-11:30:47,181 nipype.workflow INFO:
	 [Node] Running "_val_sbref0" ("niworkflows.interfaces.header.ValidateImage")
221008-11:30:47,183 nipype.workflow INFO:
	 [Node] Setting-up "_val_sbref0" in "/work/fmriprep_wf/single_subject_MONSTERA19_wf/func_preproc_task_05_wf/initial_boldref_wf/val_sbref/mapflow/_val_sbref0".
221008-11:30:47,186 nipype.workflow INFO:
	 [Node] Running "_val_sbref0" ("niworkflows.interfaces.header.ValidateImage")
221008-11:30:47,200 nipype.workflow INFO:
	 [Node] Finished "_val_bold0".
221008-11:30:47,201 nipype.workflow INFO:
	 [Node] Finished "fmriprep_wf.single_subject_MONSTERA19_wf.func_preproc_task_04_wf.func_derivatives_wf.raw_sources".
221008-11:30:47,202 nipype.workflow INFO:
	 [Node] Finished "fmriprep_wf.single_subject_MONSTERA19_wf.func_preproc_task_05_wf.initial_boldref_wf.val_bold".
221008-11:30:47,243 nipype.workflow INFO:
	 [Node] Finished "_val_sbref0".
221008-11:30:47,245 nipype.workflow INFO:
	 [Node] Finished "fmriprep_wf.single_subject_MONSTERA19_wf.func_preproc_task_04_wf.initial_boldref_wf.val_sbref".
221008-11:30:47,258 nipype.workflow INFO:
	 [Node] Setting-up "fmriprep_wf.single_subject_MONSTERA19_wf.func_preproc_task_05_wf.initial_boldref_wf.get_dummy" in "/work/fmriprep_wf/single_subject_MONSTERA19_wf/func_preproc_task_05_wf/initial_boldref_wf/get_dummy".
221008-11:30:47,261 nipype.workflow INFO:
	 [Node] Running "get_dummy" ("niworkflows.interfaces.bold.NonsteadyStatesDetector")
221008-11:30:47,282 nipype.workflow INFO:
	 [Node] Finished "_val_sbref0".
221008-11:30:47,283 nipype.workflow INFO:
	 [Node] Finished "fmriprep_wf.single_subject_MONSTERA19_wf.func_preproc_task_05_wf.initial_boldref_wf.val_sbref".
221008-11:30:47,379 nipype.workflow INFO:
	 [Node] Setting-up "fmriprep_wf.single_subject_MONSTERA19_wf.func_preproc_task_03_wf.initial_boldref_wf.get_dummy" in "/work/fmriprep_wf/single_subject_MONSTERA19_wf/func_preproc_task_03_wf/initial_boldref_wf/get_dummy".
221008-11:30:47,381 nipype.workflow INFO:
	 [Node] Running "get_dummy" ("niworkflows.interfaces.bold.NonsteadyStatesDetector")
221008-11:30:47,391 nipype.workflow INFO:
	 [Node] Setting-up "fmriprep_wf.single_subject_MONSTERA19_wf.func_preproc_task_03_wf.initial_boldref_wf.val_sbref" in "/work/fmriprep_wf/single_subject_MONSTERA19_wf/func_preproc_task_03_wf/initial_boldref_wf/val_sbref".
221008-11:30:47,391 nipype.workflow INFO:
	 [Node] Setting-up "fmriprep_wf.single_subject_MONSTERA19_wf.func_preproc_task_04_wf.initial_boldref_wf.val_bold" in "/work/fmriprep_wf/single_subject_MONSTERA19_wf/func_preproc_task_04_wf/initial_boldref_wf/val_bold".
221008-11:30:47,393 nipype.workflow INFO:
	 [Node] Setting-up "fmriprep_wf.single_subject_MONSTERA19_wf.func_preproc_task_03_wf.initial_boldref_wf.val_bold" in "/work/fmriprep_wf/single_subject_MONSTERA19_wf/func_preproc_task_03_wf/initial_boldref_wf/val_bold".
221008-11:30:47,394 nipype.workflow INFO:
	 [Node] Setting-up "_val_sbref0" in "/work/fmriprep_wf/single_subject_MONSTERA19_wf/func_preproc_task_03_wf/initial_boldref_wf/val_sbref/mapflow/_val_sbref0".
221008-11:30:47,395 nipype.workflow INFO:
	 [Node] Setting-up "_val_bold0" in "/work/fmriprep_wf/single_subject_MONSTERA19_wf/func_preproc_task_04_wf/initial_boldref_wf/val_bold/mapflow/_val_bold0".
221008-11:30:47,396 nipype.workflow INFO:
	 [Node] Setting-up "_val_bold0" in "/work/fmriprep_wf/single_subject_MONSTERA19_wf/func_preproc_task_03_wf/initial_boldref_wf/val_bold/mapflow/_val_bold0".
221008-11:30:47,397 nipype.workflow INFO:
	 [Node] Running "_val_sbref0" ("niworkflows.interfaces.header.ValidateImage")
221008-11:30:47,398 nipype.workflow INFO:
	 [Node] Running "_val_bold0" ("niworkflows.interfaces.header.ValidateImage")
221008-11:30:47,399 nipype.workflow INFO:
	 [Node] Running "_val_bold0" ("niworkflows.interfaces.header.ValidateImage")
221008-11:30:47,418 nipype.workflow INFO:
	 [Node] Finished "_val_bold0".
221008-11:30:47,419 nipype.workflow INFO:
	 [Node] Finished "fmriprep_wf.single_subject_MONSTERA19_wf.func_preproc_task_03_wf.initial_boldref_wf.val_bold".
221008-11:30:47,443 nipype.workflow INFO:
	 [Node] Finished "_val_bold0".
221008-11:30:47,445 nipype.workflow INFO:
	 [Node] Finished "fmriprep_wf.single_subject_MONSTERA19_wf.func_preproc_task_04_wf.initial_boldref_wf.val_bold".
221008-11:30:47,459 nipype.workflow INFO:
	 [Node] Finished "_val_sbref0".
221008-11:30:47,460 nipype.workflow INFO:
	 [Node] Finished "fmriprep_wf.single_subject_MONSTERA19_wf.func_preproc_task_03_wf.initial_boldref_wf.val_sbref".
221008-11:30:49,167 nipype.workflow INFO:
	 [Node] Setting-up "fmriprep_wf.single_subject_MONSTERA19_wf.func_preproc_task_06_wf.bold_source" in "/work/fmriprep_wf/single_subject_MONSTERA19_wf/func_preproc_task_06_wf/bold_source".
221008-11:30:49,167 nipype.workflow INFO:
	 [Node] Setting-up "fmriprep_wf.single_subject_MONSTERA19_wf.func_preproc_task_06_wf.func_derivatives_wf.raw_sources" in "/work/fmriprep_wf/single_subject_MONSTERA19_wf/func_preproc_task_06_wf/func_derivatives_wf/raw_sources".
221008-11:30:49,167 nipype.workflow INFO:
	 [Node] Setting-up "fmriprep_wf.single_subject_MONSTERA19_wf.func_preproc_task_06_wf.initial_boldref_wf.val_bold" in "/work/fmriprep_wf/single_subject_MONSTERA19_wf/func_preproc_task_06_wf/initial_boldref_wf/val_bold".
221008-11:30:49,169 nipype.workflow INFO:
	 [Node] Setting-up "fmriprep_wf.single_subject_MONSTERA19_wf.func_preproc_task_06_wf.initial_boldref_wf.val_sbref" in "/work/fmriprep_wf/single_subject_MONSTERA19_wf/func_preproc_task_06_wf/initial_boldref_wf/val_sbref".
221008-11:30:49,170 nipype.workflow INFO:
	 [Node] Setting-up "fmriprep_wf.single_subject_MONSTERA19_wf.func_preproc_task_07_wf.bold_source" in "/work/fmriprep_wf/single_subject_MONSTERA19_wf/func_preproc_task_07_wf/bold_source".
221008-11:30:49,170 nipype.workflow INFO:
	 [Node] Running "bold_source" ("nipype.interfaces.utility.base.Select")
221008-11:30:49,171 nipype.workflow INFO:
	 [Node] Setting-up "fmriprep_wf.single_subject_MONSTERA19_wf.func_preproc_task_07_wf.func_derivatives_wf.raw_sources" in "/work/fmriprep_wf/single_subject_MONSTERA19_wf/func_preproc_task_07_wf/func_derivatives_wf/raw_sources".
221008-11:30:49,172 nipype.workflow INFO:
	 [Node] Setting-up "fmriprep_wf.single_subject_MONSTERA19_wf.func_preproc_task_07_wf.initial_boldref_wf.val_bold" in "/work/fmriprep_wf/single_subject_MONSTERA19_wf/func_preproc_task_07_wf/initial_boldref_wf/val_bold".
221008-11:30:49,173 nipype.workflow INFO:
	 [Node] Running "bold_source" ("nipype.interfaces.utility.base.Select")
221008-11:30:49,173 nipype.workflow INFO:
	 [Node] Finished "fmriprep_wf.single_subject_MONSTERA19_wf.func_preproc_task_06_wf.bold_source".
221008-11:30:49,173 nipype.workflow INFO:
	 [Node] Setting-up "fmriprep_wf.single_subject_MONSTERA19_wf.func_preproc_task_07_wf.initial_boldref_wf.get_dummy" in "/work/fmriprep_wf/single_subject_MONSTERA19_wf/func_preproc_task_07_wf/initial_boldref_wf/get_dummy".
221008-11:30:49,174 nipype.workflow INFO:
	 [Node] Setting-up "_val_bold0" in "/work/fmriprep_wf/single_subject_MONSTERA19_wf/func_preproc_task_06_wf/initial_boldref_wf/val_bold/mapflow/_val_bold0".
221008-11:30:49,174 nipype.workflow INFO:
	 [Node] Setting-up "fmriprep_wf.single_subject_MONSTERA19_wf.func_preproc_task_07_wf.initial_boldref_wf.val_sbref" in "/work/fmriprep_wf/single_subject_MONSTERA19_wf/func_preproc_task_07_wf/initial_boldref_wf/val_sbref".
221008-11:30:49,175 nipype.workflow INFO:
	 [Node] Running "raw_sources" ("nipype.interfaces.utility.wrappers.Function")
221008-11:30:49,175 nipype.workflow INFO:
	 [Node] Setting-up "_val_sbref0" in "/work/fmriprep_wf/single_subject_MONSTERA19_wf/func_preproc_task_06_wf/initial_boldref_wf/val_sbref/mapflow/_val_sbref0".
221008-11:30:49,176 nipype.workflow INFO:
	 [Node] Finished "fmriprep_wf.single_subject_MONSTERA19_wf.func_preproc_task_07_wf.bold_source".
221008-11:30:49,177 nipype.workflow INFO:
	 [Node] Running "_val_bold0" ("niworkflows.interfaces.header.ValidateImage")
221008-11:30:49,177 nipype.workflow INFO:
	 [Node] Setting-up "_val_bold0" in "/work/fmriprep_wf/single_subject_MONSTERA19_wf/func_preproc_task_07_wf/initial_boldref_wf/val_bold/mapflow/_val_bold0".
221008-11:30:49,177 nipype.workflow INFO:
	 [Node] Running "get_dummy" ("niworkflows.interfaces.bold.NonsteadyStatesDetector")
221008-11:30:49,178 nipype.workflow INFO:
	 [Node] Running "_val_sbref0" ("niworkflows.interfaces.header.ValidateImage")
221008-11:30:49,178 nipype.workflow INFO:
	 [Node] Setting-up "_val_sbref0" in "/work/fmriprep_wf/single_subject_MONSTERA19_wf/func_preproc_task_07_wf/initial_boldref_wf/val_sbref/mapflow/_val_sbref0".
221008-11:30:49,178 nipype.workflow INFO:
	 [Node] Finished "fmriprep_wf.single_subject_MONSTERA19_wf.func_preproc_task_07_wf.func_derivatives_wf.raw_sources".
221008-11:30:49,181 nipype.workflow INFO:
	 [Node] Running "_val_bold0" ("niworkflows.interfaces.header.ValidateImage")
221008-11:30:49,182 nipype.workflow INFO:
	 [Node] Running "_val_sbref0" ("niworkflows.interfaces.header.ValidateImage")
221008-11:30:49,198 nipype.workflow INFO:
	 [Node] Finished "_val_bold0".
221008-11:30:49,199 nipype.workflow INFO:
	 [Node] Finished "_val_bold0".
221008-11:30:49,199 nipype.workflow INFO:
	 [Node] Running "raw_sources" ("nipype.interfaces.utility.wrappers.Function")
221008-11:30:49,200 nipype.workflow INFO:
	 [Node] Finished "fmriprep_wf.single_subject_MONSTERA19_wf.func_preproc_task_06_wf.initial_boldref_wf.val_bold".
221008-11:30:49,200 nipype.workflow INFO:
	 [Node] Finished "fmriprep_wf.single_subject_MONSTERA19_wf.func_preproc_task_07_wf.initial_boldref_wf.val_bold".
221008-11:30:49,202 nipype.workflow INFO:
	 [Node] Finished "fmriprep_wf.single_subject_MONSTERA19_wf.func_preproc_task_06_wf.func_derivatives_wf.raw_sources".
221008-11:30:49,231 nipype.workflow INFO:
	 [Node] Finished "_val_sbref0".
221008-11:30:49,232 nipype.workflow INFO:
	 [Node] Finished "fmriprep_wf.single_subject_MONSTERA19_wf.func_preproc_task_06_wf.initial_boldref_wf.val_sbref".
221008-11:30:49,295 nipype.workflow INFO:
	 [Node] Finished "_val_sbref0".
221008-11:30:49,296 nipype.workflow INFO:
	 [Node] Finished "fmriprep_wf.single_subject_MONSTERA19_wf.func_preproc_task_07_wf.initial_boldref_wf.val_sbref".
221008-11:30:49,386 nipype.workflow INFO:
	 [Node] Setting-up "fmriprep_wf.single_subject_MONSTERA19_wf.func_preproc_task_06_wf.initial_boldref_wf.get_dummy" in "/work/fmriprep_wf/single_subject_MONSTERA19_wf/func_preproc_task_06_wf/initial_boldref_wf/get_dummy".
221008-11:30:49,388 nipype.workflow INFO:
	 [Node] Running "get_dummy" ("niworkflows.interfaces.bold.NonsteadyStatesDetector")
221008-11:30:51,187 nipype.workflow INFO:
	 [Node] Setting-up "fmriprep_wf.single_subject_MONSTERA19_wf.func_preproc_task_08_wf.bold_source" in "/work/fmriprep_wf/single_subject_MONSTERA19_wf/func_preproc_task_08_wf/bold_source".
221008-11:30:51,187 nipype.workflow INFO:
	 [Node] Setting-up "fmriprep_wf.single_subject_MONSTERA19_wf.func_preproc_task_08_wf.func_derivatives_wf.raw_sources" in "/work/fmriprep_wf/single_subject_MONSTERA19_wf/func_preproc_task_08_wf/func_derivatives_wf/raw_sources".
221008-11:30:51,188 nipype.workflow INFO:
	 [Node] Setting-up "fmriprep_wf.single_subject_MONSTERA19_wf.func_preproc_task_08_wf.initial_boldref_wf.val_bold" in "/work/fmriprep_wf/single_subject_MONSTERA19_wf/func_preproc_task_08_wf/initial_boldref_wf/val_bold".
221008-11:30:51,190 nipype.workflow INFO:
	 [Node] Setting-up "fmriprep_wf.single_subject_MONSTERA19_wf.func_preproc_task_08_wf.initial_boldref_wf.get_dummy" in "/work/fmriprep_wf/single_subject_MONSTERA19_wf/func_preproc_task_08_wf/initial_boldref_wf/get_dummy".
221008-11:30:51,191 nipype.workflow INFO:
	 [Node] Running "bold_source" ("nipype.interfaces.utility.base.Select")
221008-11:30:51,191 nipype.workflow INFO:
	 [Node] Setting-up "fmriprep_wf.single_subject_MONSTERA19_wf.func_preproc_task_08_wf.initial_boldref_wf.val_sbref" in "/work/fmriprep_wf/single_subject_MONSTERA19_wf/func_preproc_task_08_wf/initial_boldref_wf/val_sbref".
221008-11:30:51,191 nipype.workflow INFO:
	 [Node] Running "raw_sources" ("nipype.interfaces.utility.wrappers.Function")
221008-11:30:51,192 nipype.workflow INFO:
	 [Node] Setting-up "fmriprep_wf.single_subject_MONSTERA19_wf.func_preproc_task_09_wf.bold_source" in "/work/fmriprep_wf/single_subject_MONSTERA19_wf/func_preproc_task_09_wf/bold_source".
221008-11:30:51,192 nipype.workflow INFO:
	 [Node] Setting-up "fmriprep_wf.single_subject_MONSTERA19_wf.func_preproc_task_09_wf.func_derivatives_wf.raw_sources" in "/work/fmriprep_wf/single_subject_MONSTERA19_wf/func_preproc_task_09_wf/func_derivatives_wf/raw_sources".
221008-11:30:51,192 nipype.workflow INFO:
	 [Node] Setting-up "fmriprep_wf.single_subject_MONSTERA19_wf.func_preproc_task_09_wf.initial_boldref_wf.val_bold" in "/work/fmriprep_wf/single_subject_MONSTERA19_wf/func_preproc_task_09_wf/initial_boldref_wf/val_bold".
221008-11:30:51,193 nipype.workflow INFO:
	 [Node] Setting-up "_val_bold0" in "/work/fmriprep_wf/single_subject_MONSTERA19_wf/func_preproc_task_08_wf/initial_boldref_wf/val_bold/mapflow/_val_bold0".
221008-11:30:51,194 nipype.workflow INFO:
	 [Node] Finished "fmriprep_wf.single_subject_MONSTERA19_wf.func_preproc_task_08_wf.bold_source".
221008-11:30:51,194 nipype.workflow INFO:
	 [Node] Running "get_dummy" ("niworkflows.interfaces.bold.NonsteadyStatesDetector")
221008-11:30:51,195 nipype.workflow INFO:
	 [Node] Running "bold_source" ("nipype.interfaces.utility.base.Select")
221008-11:30:51,196 nipype.workflow INFO:
	 [Node] Finished "fmriprep_wf.single_subject_MONSTERA19_wf.func_preproc_task_08_wf.func_derivatives_wf.raw_sources".
221008-11:30:51,196 nipype.workflow INFO:
	 [Node] Running "raw_sources" ("nipype.interfaces.utility.wrappers.Function")
221008-11:30:51,196 nipype.workflow INFO:
	 [Node] Setting-up "_val_sbref0" in "/work/fmriprep_wf/single_subject_MONSTERA19_wf/func_preproc_task_08_wf/initial_boldref_wf/val_sbref/mapflow/_val_sbref0".
221008-11:30:51,197 nipype.workflow INFO:
	 [Node] Running "_val_bold0" ("niworkflows.interfaces.header.ValidateImage")
221008-11:30:51,197 nipype.workflow INFO:
	 [Node] Setting-up "_val_bold0" in "/work/fmriprep_wf/single_subject_MONSTERA19_wf/func_preproc_task_09_wf/initial_boldref_wf/val_bold/mapflow/_val_bold0".
221008-11:30:51,198 nipype.workflow INFO:
	 [Node] Finished "fmriprep_wf.single_subject_MONSTERA19_wf.func_preproc_task_09_wf.bold_source".
221008-11:30:51,199 nipype.workflow INFO:
	 [Node] Finished "fmriprep_wf.single_subject_MONSTERA19_wf.func_preproc_task_09_wf.func_derivatives_wf.raw_sources".
221008-11:30:51,199 nipype.workflow INFO:
	 [Node] Running "_val_sbref0" ("niworkflows.interfaces.header.ValidateImage")
221008-11:30:51,199 nipype.workflow INFO:
	 [Node] Running "_val_bold0" ("niworkflows.interfaces.header.ValidateImage")
221008-11:30:51,220 nipype.workflow INFO:
	 [Node] Finished "_val_bold0".
221008-11:30:51,221 nipype.workflow INFO:
	 [Node] Finished "fmriprep_wf.single_subject_MONSTERA19_wf.func_preproc_task_09_wf.initial_boldref_wf.val_bold".
221008-11:30:51,303 nipype.workflow INFO:
	 [Node] Finished "_val_sbref0".
221008-11:30:51,304 nipype.workflow INFO:
	 [Node] Finished "fmriprep_wf.single_subject_MONSTERA19_wf.func_preproc_task_08_wf.initial_boldref_wf.val_sbref".
221008-11:30:51,472 nipype.workflow INFO:
	 [Node] Finished "_val_bold0".
221008-11:30:51,474 nipype.workflow INFO:
	 [Node] Finished "fmriprep_wf.single_subject_MONSTERA19_wf.func_preproc_task_08_wf.initial_boldref_wf.val_bold".
221008-11:30:52,159 nipype.workflow INFO:
	 [Node] Finished "fmriprep_wf.single_subject_MONSTERA19_wf.func_preproc_task_02_wf.initial_boldref_wf.get_dummy".
221008-11:30:52,424 nipype.workflow INFO:
	 [Node] Finished "fmriprep_wf.single_subject_MONSTERA19_wf.func_preproc_task_01_wf.initial_boldref_wf.get_dummy".
221008-11:30:53,182 nipype.workflow INFO:
	 [Node] Setting-up "fmriprep_wf.single_subject_MONSTERA19_wf.func_preproc_task_09_wf.initial_boldref_wf.get_dummy" in "/work/fmriprep_wf/single_subject_MONSTERA19_wf/func_preproc_task_09_wf/initial_boldref_wf/get_dummy".
221008-11:30:53,182 nipype.workflow INFO:
	 [Node] Setting-up "fmriprep_wf.single_subject_MONSTERA19_wf.func_preproc_task_09_wf.initial_boldref_wf.val_sbref" in "/work/fmriprep_wf/single_subject_MONSTERA19_wf/func_preproc_task_09_wf/initial_boldref_wf/val_sbref".
221008-11:30:53,182 nipype.workflow INFO:
	 [Node] Setting-up "fmriprep_wf.single_subject_MONSTERA19_wf.func_preproc_task_10_wf.bold_source" in "/work/fmriprep_wf/single_subject_MONSTERA19_wf/func_preproc_task_10_wf/bold_source".
221008-11:30:53,183 nipype.workflow INFO:
	 [Node] Setting-up "fmriprep_wf.single_subject_MONSTERA19_wf.func_preproc_task_10_wf.func_derivatives_wf.raw_sources" in "/work/fmriprep_wf/single_subject_MONSTERA19_wf/func_preproc_task_10_wf/func_derivatives_wf/raw_sources".
221008-11:30:53,183 nipype.workflow INFO:
	 [Node] Setting-up "fmriprep_wf.single_subject_MONSTERA19_wf.func_preproc_task_10_wf.initial_boldref_wf.val_bold" in "/work/fmriprep_wf/single_subject_MONSTERA19_wf/func_preproc_task_10_wf/initial_boldref_wf/val_bold".
221008-11:30:53,185 nipype.workflow INFO:
	 [Node] Setting-up "fmriprep_wf.single_subject_MONSTERA19_wf.func_preproc_task_10_wf.initial_boldref_wf.get_dummy" in "/work/fmriprep_wf/single_subject_MONSTERA19_wf/func_preproc_task_10_wf/initial_boldref_wf/get_dummy".
221008-11:30:53,185 nipype.workflow INFO:
	 [Node] Setting-up "fmriprep_wf.single_subject_MONSTERA19_wf.func_preproc_task_10_wf.initial_boldref_wf.val_sbref" in "/work/fmriprep_wf/single_subject_MONSTERA19_wf/func_preproc_task_10_wf/initial_boldref_wf/val_sbref".
221008-11:30:53,186 nipype.workflow INFO:
	 [Node] Running "get_dummy" ("niworkflows.interfaces.bold.NonsteadyStatesDetector")
221008-11:30:53,186 nipype.workflow INFO:
	 [Node] Setting-up "fmriprep_wf.single_subject_MONSTERA19_wf.fmap_preproc_wf.out_merge_fmap_id" in "/work/fmriprep_wf/single_subject_MONSTERA19_wf/fmap_preproc_wf/out_merge_fmap_id".
221008-11:30:53,186 nipype.workflow INFO:
	 [Node] Setting-up "fmriprep_wf.single_subject_MONSTERA19_wf.fmap_preproc_wf.out_merge_method" in "/work/fmriprep_wf/single_subject_MONSTERA19_wf/fmap_preproc_wf/out_merge_method".
221008-11:30:53,187 nipype.workflow INFO:
	 [Node] Setting-up "_val_sbref0" in "/work/fmriprep_wf/single_subject_MONSTERA19_wf/func_preproc_task_09_wf/initial_boldref_wf/val_sbref/mapflow/_val_sbref0".
221008-11:30:53,190 nipype.workflow INFO:
	 [Node] Running "_val_sbref0" ("niworkflows.interfaces.header.ValidateImage")
221008-11:30:53,190 nipype.workflow INFO:
	 [Node] Running "bold_source" ("nipype.interfaces.utility.base.Select")
221008-11:30:53,192 nipype.workflow INFO:
	 [Node] Finished "fmriprep_wf.single_subject_MONSTERA19_wf.func_preproc_task_10_wf.bold_source".
221008-11:30:53,203 nipype.workflow INFO:
	 [Node] Running "raw_sources" ("nipype.interfaces.utility.wrappers.Function")
221008-11:30:53,204 nipype.workflow INFO:
	 [Node] Setting-up "_val_bold0" in "/work/fmriprep_wf/single_subject_MONSTERA19_wf/func_preproc_task_10_wf/initial_boldref_wf/val_bold/mapflow/_val_bold0".
221008-11:30:53,205 nipype.workflow INFO:
	 [Node] Running "out_merge_fmap_id" ("nipype.interfaces.utility.base.Merge")
221008-11:30:53,205 nipype.workflow INFO:
	 [Node] Running "get_dummy" ("niworkflows.interfaces.bold.NonsteadyStatesDetector")
221008-11:30:53,205 nipype.workflow INFO:
	 [Node] Running "out_merge_method" ("nipype.interfaces.utility.base.Merge")
221008-11:30:53,205 nipype.workflow INFO:
	 [Node] Setting-up "_val_sbref0" in "/work/fmriprep_wf/single_subject_MONSTERA19_wf/func_preproc_task_10_wf/initial_boldref_wf/val_sbref/mapflow/_val_sbref0".
221008-11:30:53,206 nipype.workflow INFO:
	 [Node] Finished "fmriprep_wf.single_subject_MONSTERA19_wf.func_preproc_task_10_wf.func_derivatives_wf.raw_sources".
221008-11:30:53,207 nipype.workflow INFO:
	 [Node] Running "_val_bold0" ("niworkflows.interfaces.header.ValidateImage")
221008-11:30:53,208 nipype.workflow INFO:
	 [Node] Finished "fmriprep_wf.single_subject_MONSTERA19_wf.fmap_preproc_wf.out_merge_method".
221008-11:30:53,208 nipype.workflow INFO:
	 [Node] Finished "fmriprep_wf.single_subject_MONSTERA19_wf.fmap_preproc_wf.out_merge_fmap_id".
221008-11:30:53,215 nipype.workflow INFO:
	 [Node] Running "_val_sbref0" ("niworkflows.interfaces.header.ValidateImage")
221008-11:30:53,226 nipype.workflow INFO:
	 [Node] Finished "_val_bold0".
221008-11:30:53,227 nipype.workflow INFO:
	 [Node] Finished "fmriprep_wf.single_subject_MONSTERA19_wf.func_preproc_task_10_wf.initial_boldref_wf.val_bold".
221008-11:30:53,290 nipype.workflow INFO:
	 [Node] Finished "_val_sbref0".
221008-11:30:53,291 nipype.workflow INFO:
	 [Node] Finished "fmriprep_wf.single_subject_MONSTERA19_wf.func_preproc_task_09_wf.initial_boldref_wf.val_sbref".
221008-11:30:53,380 nipype.workflow INFO:
	 [Node] Finished "fmriprep_wf.single_subject_MONSTERA19_wf.func_preproc_task_04_wf.initial_boldref_wf.get_dummy".
221008-11:30:53,452 nipype.workflow INFO:
	 [Node] Finished "_val_sbref0".
221008-11:30:53,454 nipype.workflow INFO:
	 [Node] Finished "fmriprep_wf.single_subject_MONSTERA19_wf.func_preproc_task_10_wf.initial_boldref_wf.val_sbref".
221008-11:30:53,591 nipype.workflow INFO:
	 [Node] Finished "fmriprep_wf.single_subject_MONSTERA19_wf.func_preproc_task_03_wf.initial_boldref_wf.get_dummy".
221008-11:30:53,619 nipype.workflow INFO:
	 [Node] Finished "fmriprep_wf.single_subject_MONSTERA19_wf.func_preproc_task_05_wf.initial_boldref_wf.get_dummy".
221008-11:30:54,198 nipype.workflow INFO:
	 [Node] Finished "fmriprep_wf.single_subject_MONSTERA19_wf.anat_preproc_wf.brain_extraction_wf.lap_tmpl".
221008-11:30:55,313 nipype.workflow INFO:
	 [Node] Setting-up "fmriprep_wf.single_subject_MONSTERA19_wf.fmap_preproc_wf.wf_auto_00000.flatten" in "/work/fmriprep_wf/single_subject_MONSTERA19_wf/fmap_preproc_wf/wf_auto_00000/flatten".
221008-11:30:55,322 nipype.workflow INFO:
	 [Node] Running "flatten" ("sdcflows.interfaces.utils.Flatten")
221008-11:30:55,340 nipype.workflow INFO:
	 [Node] Finished "fmriprep_wf.single_subject_MONSTERA19_wf.func_preproc_task_07_wf.initial_boldref_wf.get_dummy".
221008-11:30:55,444 nipype.workflow INFO:
	 [Node] Finished "fmriprep_wf.single_subject_MONSTERA19_wf.fmap_preproc_wf.wf_auto_00000.flatten".
221008-11:30:55,536 nipype.workflow INFO:
	 [Node] Finished "fmriprep_wf.single_subject_MONSTERA19_wf.func_preproc_task_06_wf.initial_boldref_wf.get_dummy".
221008-11:30:57,643 nipype.workflow INFO:
	 [Node] Finished "fmriprep_wf.single_subject_MONSTERA19_wf.func_preproc_task_08_wf.initial_boldref_wf.get_dummy".
221008-11:30:59,372 nipype.workflow INFO:
	 [Node] Finished "fmriprep_wf.single_subject_MONSTERA19_wf.func_preproc_task_10_wf.initial_boldref_wf.get_dummy".
221008-11:30:59,551 nipype.workflow INFO:
	 [Node] Finished "fmriprep_wf.single_subject_MONSTERA19_wf.func_preproc_task_09_wf.initial_boldref_wf.get_dummy".
221008-11:31:00,457 nipype.workflow INFO:
	 [Node] Setting-up "fmriprep_wf.single_subject_MONSTERA19_wf.anat_preproc_wf.anat_template_wf.t1w_ref_dimensions" in "/work/fmriprep_wf/single_subject_MONSTERA19_wf/anat_preproc_wf/anat_template_wf/t1w_ref_dimensions".
221008-11:31:00,614 nipype.workflow INFO:
	 [Node] Setting-up "fmriprep_wf.single_subject_MONSTERA19_wf.anat_preproc_wf.brain_extraction_wf.mrg_tmpl" in "/work/fmriprep_wf/single_subject_MONSTERA19_wf/anat_preproc_wf/brain_extraction_wf/mrg_tmpl".
221008-11:31:00,614 nipype.workflow INFO:
	 [Node] Setting-up "fmriprep_wf.single_subject_MONSTERA19_wf.func_preproc_task_01_wf.select_bold" in "/work/fmriprep_wf/single_subject_MONSTERA19_wf/func_preproc_task_01_wf/select_bold".
221008-11:31:00,618 nipype.workflow INFO:
	 [Node] Running "select_bold" ("nipype.interfaces.utility.base.Select")
221008-11:31:00,620 nipype.workflow INFO:
	 [Node] Finished "fmriprep_wf.single_subject_MONSTERA19_wf.func_preproc_task_01_wf.select_bold".
221008-11:31:00,636 nipype.workflow INFO:
	 [Node] Running "mrg_tmpl" ("nipype.interfaces.utility.base.Merge")
221008-11:31:00,680 nipype.workflow INFO:
	 [Node] Finished "fmriprep_wf.single_subject_MONSTERA19_wf.anat_preproc_wf.brain_extraction_wf.mrg_tmpl".
221008-11:31:00,920 nipype.workflow INFO:
	 [Node] Setting-up "fmriprep_wf.single_subject_MONSTERA19_wf.func_preproc_task_02_wf.select_bold" in "/work/fmriprep_wf/single_subject_MONSTERA19_wf/func_preproc_task_02_wf/select_bold".
221008-11:31:00,922 nipype.workflow INFO:
	 [Node] Setting-up "fmriprep_wf.single_subject_MONSTERA19_wf.func_preproc_task_01_wf.initial_boldref_wf.merge_sbrefs" in "/work/fmriprep_wf/single_subject_MONSTERA19_wf/func_preproc_task_01_wf/initial_boldref_wf/merge_sbrefs".
221008-11:31:00,923 nipype.workflow INFO:
	 [Node] Running "select_bold" ("nipype.interfaces.utility.base.Select")
221008-11:31:00,925 nipype.workflow INFO:
	 [Node] Running "merge_sbrefs" ("niworkflows.interfaces.nibabel.MergeSeries")
221008-11:31:00,926 nipype.workflow INFO:
	 [Node] Finished "fmriprep_wf.single_subject_MONSTERA19_wf.func_preproc_task_02_wf.select_bold".
221008-11:31:00,975 nipype.workflow INFO:
	 [Node] Setting-up "fmriprep_wf.single_subject_MONSTERA19_wf.bids_info" in "/work/fmriprep_wf/single_subject_MONSTERA19_wf/bids_info".
221008-11:31:00,978 nipype.workflow INFO:
	 [Node] Running "bids_info" ("niworkflows.interfaces.bids.BIDSInfo")
221008-11:31:00,985 nipype.workflow INFO:
	 [Node] Finished "fmriprep_wf.single_subject_MONSTERA19_wf.bids_info".
221008-11:31:00,992 nipype.workflow INFO:
	 [Node] Running "t1w_ref_dimensions" ("niworkflows.interfaces.images.TemplateDimensions")
221008-11:31:01,42 nipype.workflow INFO:
	 [Node] Finished "fmriprep_wf.single_subject_MONSTERA19_wf.func_preproc_task_01_wf.initial_boldref_wf.merge_sbrefs".
221008-11:31:01,52 nipype.workflow INFO:
	 [Node] Finished "fmriprep_wf.single_subject_MONSTERA19_wf.anat_preproc_wf.anat_template_wf.t1w_ref_dimensions".
221008-11:31:01,218 nipype.workflow INFO:
	 [Node] Setting-up "fmriprep_wf.single_subject_MONSTERA19_wf.func_preproc_task_02_wf.initial_boldref_wf.merge_sbrefs" in "/work/fmriprep_wf/single_subject_MONSTERA19_wf/func_preproc_task_02_wf/initial_boldref_wf/merge_sbrefs".
221008-11:31:01,218 nipype.workflow INFO:
	 [Node] Setting-up "fmriprep_wf.single_subject_MONSTERA19_wf.func_preproc_task_03_wf.select_bold" in "/work/fmriprep_wf/single_subject_MONSTERA19_wf/func_preproc_task_03_wf/select_bold".
221008-11:31:01,221 nipype.workflow INFO:
	 [Node] Running "merge_sbrefs" ("niworkflows.interfaces.nibabel.MergeSeries")
221008-11:31:01,225 nipype.workflow INFO:
	 [Node] Running "select_bold" ("nipype.interfaces.utility.base.Select")
221008-11:31:01,228 nipype.workflow INFO:
	 [Node] Finished "fmriprep_wf.single_subject_MONSTERA19_wf.func_preproc_task_03_wf.select_bold".
221008-11:31:01,336 nipype.workflow INFO:
	 [Node] Finished "fmriprep_wf.single_subject_MONSTERA19_wf.func_preproc_task_02_wf.initial_boldref_wf.merge_sbrefs".
221008-11:31:01,514 nipype.workflow INFO:
	 [Node] Setting-up "fmriprep_wf.single_subject_MONSTERA19_wf.func_preproc_task_04_wf.select_bold" in "/work/fmriprep_wf/single_subject_MONSTERA19_wf/func_preproc_task_04_wf/select_bold".
221008-11:31:01,517 nipype.workflow INFO:
	 [Node] Setting-up "fmriprep_wf.single_subject_MONSTERA19_wf.func_preproc_task_03_wf.initial_boldref_wf.merge_sbrefs" in "/work/fmriprep_wf/single_subject_MONSTERA19_wf/func_preproc_task_03_wf/initial_boldref_wf/merge_sbrefs".
221008-11:31:01,525 nipype.workflow INFO:
	 [Node] Running "merge_sbrefs" ("niworkflows.interfaces.nibabel.MergeSeries")
221008-11:31:01,595 nipype.workflow INFO:
	 [Node] Running "select_bold" ("nipype.interfaces.utility.base.Select")
221008-11:31:01,597 nipype.workflow INFO:
	 [Node] Finished "fmriprep_wf.single_subject_MONSTERA19_wf.func_preproc_task_04_wf.select_bold".
221008-11:31:01,642 nipype.workflow INFO:
	 [Node] Finished "fmriprep_wf.single_subject_MONSTERA19_wf.func_preproc_task_03_wf.initial_boldref_wf.merge_sbrefs".
221008-11:31:01,962 nipype.workflow INFO:
	 [Node] Setting-up "fmriprep_wf.single_subject_MONSTERA19_wf.func_preproc_task_05_wf.select_bold" in "/work/fmriprep_wf/single_subject_MONSTERA19_wf/func_preproc_task_05_wf/select_bold".
221008-11:31:01,965 nipype.workflow INFO:
	 [Node] Setting-up "fmriprep_wf.single_subject_MONSTERA19_wf.func_preproc_task_04_wf.initial_boldref_wf.merge_sbrefs" in "/work/fmriprep_wf/single_subject_MONSTERA19_wf/func_preproc_task_04_wf/initial_boldref_wf/merge_sbrefs".
221008-11:31:01,969 nipype.workflow INFO:
	 [Node] Running "merge_sbrefs" ("niworkflows.interfaces.nibabel.MergeSeries")
221008-11:31:02,69 nipype.workflow INFO:
	 [Node] Running "select_bold" ("nipype.interfaces.utility.base.Select")
221008-11:31:02,72 nipype.workflow INFO:
	 [Node] Finished "fmriprep_wf.single_subject_MONSTERA19_wf.func_preproc_task_05_wf.select_bold".
221008-11:31:02,85 nipype.workflow INFO:
	 [Node] Finished "fmriprep_wf.single_subject_MONSTERA19_wf.func_preproc_task_04_wf.initial_boldref_wf.merge_sbrefs".
221008-11:31:02,259 nipype.workflow INFO:
	 [Node] Setting-up "fmriprep_wf.single_subject_MONSTERA19_wf.func_preproc_task_06_wf.select_bold" in "/work/fmriprep_wf/single_subject_MONSTERA19_wf/func_preproc_task_06_wf/select_bold".
221008-11:31:02,262 nipype.workflow INFO:
	 [Node] Setting-up "fmriprep_wf.single_subject_MONSTERA19_wf.func_preproc_task_05_wf.initial_boldref_wf.merge_sbrefs" in "/work/fmriprep_wf/single_subject_MONSTERA19_wf/func_preproc_task_05_wf/initial_boldref_wf/merge_sbrefs".
221008-11:31:02,262 nipype.workflow INFO:
	 [Node] Running "select_bold" ("nipype.interfaces.utility.base.Select")
221008-11:31:02,265 nipype.workflow INFO:
	 [Node] Finished "fmriprep_wf.single_subject_MONSTERA19_wf.func_preproc_task_06_wf.select_bold".
221008-11:31:02,268 nipype.workflow INFO:
	 [Node] Running "merge_sbrefs" ("niworkflows.interfaces.nibabel.MergeSeries")
221008-11:31:02,382 nipype.workflow INFO:
	 [Node] Finished "fmriprep_wf.single_subject_MONSTERA19_wf.func_preproc_task_05_wf.initial_boldref_wf.merge_sbrefs".
221008-11:31:02,555 nipype.workflow INFO:
	 [Node] Setting-up "fmriprep_wf.single_subject_MONSTERA19_wf.func_preproc_task_07_wf.select_bold" in "/work/fmriprep_wf/single_subject_MONSTERA19_wf/func_preproc_task_07_wf/select_bold".
221008-11:31:02,557 nipype.workflow INFO:
	 [Node] Setting-up "fmriprep_wf.single_subject_MONSTERA19_wf.func_preproc_task_06_wf.initial_boldref_wf.merge_sbrefs" in "/work/fmriprep_wf/single_subject_MONSTERA19_wf/func_preproc_task_06_wf/initial_boldref_wf/merge_sbrefs".
221008-11:31:02,558 nipype.workflow INFO:
	 [Node] Running "select_bold" ("nipype.interfaces.utility.base.Select")
221008-11:31:02,561 nipype.workflow INFO:
	 [Node] Finished "fmriprep_wf.single_subject_MONSTERA19_wf.func_preproc_task_07_wf.select_bold".
221008-11:31:02,561 nipype.workflow INFO:
	 [Node] Running "merge_sbrefs" ("niworkflows.interfaces.nibabel.MergeSeries")
221008-11:31:02,678 nipype.workflow INFO:
	 [Node] Finished "fmriprep_wf.single_subject_MONSTERA19_wf.func_preproc_task_06_wf.initial_boldref_wf.merge_sbrefs".
221008-11:31:02,853 nipype.workflow INFO:
	 [Node] Setting-up "fmriprep_wf.single_subject_MONSTERA19_wf.func_preproc_task_08_wf.select_bold" in "/work/fmriprep_wf/single_subject_MONSTERA19_wf/func_preproc_task_08_wf/select_bold".
221008-11:31:02,856 nipype.workflow INFO:
	 [Node] Setting-up "fmriprep_wf.single_subject_MONSTERA19_wf.func_preproc_task_07_wf.initial_boldref_wf.merge_sbrefs" in "/work/fmriprep_wf/single_subject_MONSTERA19_wf/func_preproc_task_07_wf/initial_boldref_wf/merge_sbrefs".
221008-11:31:02,859 nipype.workflow INFO:
	 [Node] Running "merge_sbrefs" ("niworkflows.interfaces.nibabel.MergeSeries")
221008-11:31:02,859 nipype.workflow INFO:
	 [Node] Running "select_bold" ("nipype.interfaces.utility.base.Select")
221008-11:31:02,861 nipype.workflow INFO:
	 [Node] Finished "fmriprep_wf.single_subject_MONSTERA19_wf.func_preproc_task_08_wf.select_bold".
221008-11:31:02,978 nipype.workflow INFO:
	 [Node] Finished "fmriprep_wf.single_subject_MONSTERA19_wf.func_preproc_task_07_wf.initial_boldref_wf.merge_sbrefs".
221008-11:31:03,151 nipype.workflow INFO:
	 [Node] Setting-up "fmriprep_wf.single_subject_MONSTERA19_wf.func_preproc_task_09_wf.select_bold" in "/work/fmriprep_wf/single_subject_MONSTERA19_wf/func_preproc_task_09_wf/select_bold".
221008-11:31:03,154 nipype.workflow INFO:
	 [Node] Setting-up "fmriprep_wf.single_subject_MONSTERA19_wf.func_preproc_task_08_wf.initial_boldref_wf.merge_sbrefs" in "/work/fmriprep_wf/single_subject_MONSTERA19_wf/func_preproc_task_08_wf/initial_boldref_wf/merge_sbrefs".
221008-11:31:03,154 nipype.workflow INFO:
	 [Node] Running "select_bold" ("nipype.interfaces.utility.base.Select")
221008-11:31:03,156 nipype.workflow INFO:
	 [Node] Finished "fmriprep_wf.single_subject_MONSTERA19_wf.func_preproc_task_09_wf.select_bold".
221008-11:31:03,157 nipype.workflow INFO:
	 [Node] Running "merge_sbrefs" ("niworkflows.interfaces.nibabel.MergeSeries")
221008-11:31:03,274 nipype.workflow INFO:
	 [Node] Finished "fmriprep_wf.single_subject_MONSTERA19_wf.func_preproc_task_08_wf.initial_boldref_wf.merge_sbrefs".
221008-11:31:03,449 nipype.workflow INFO:
	 [Node] Setting-up "fmriprep_wf.single_subject_MONSTERA19_wf.func_preproc_task_09_wf.initial_boldref_wf.merge_sbrefs" in "/work/fmriprep_wf/single_subject_MONSTERA19_wf/func_preproc_task_09_wf/initial_boldref_wf/merge_sbrefs".
221008-11:31:03,449 nipype.workflow INFO:
	 [Node] Setting-up "fmriprep_wf.single_subject_MONSTERA19_wf.func_preproc_task_10_wf.select_bold" in "/work/fmriprep_wf/single_subject_MONSTERA19_wf/func_preproc_task_10_wf/select_bold".
221008-11:31:03,452 nipype.workflow INFO:
	 [Node] Running "merge_sbrefs" ("niworkflows.interfaces.nibabel.MergeSeries")
221008-11:31:03,456 nipype.workflow INFO:
	 [Node] Running "select_bold" ("nipype.interfaces.utility.base.Select")
221008-11:31:03,458 nipype.workflow INFO:
	 [Node] Finished "fmriprep_wf.single_subject_MONSTERA19_wf.func_preproc_task_10_wf.select_bold".
221008-11:31:03,565 nipype.workflow INFO:
	 [Node] Finished "fmriprep_wf.single_subject_MONSTERA19_wf.func_preproc_task_09_wf.initial_boldref_wf.merge_sbrefs".
221008-11:31:03,746 nipype.workflow INFO:
	 [Node] Setting-up "fmriprep_wf.single_subject_MONSTERA19_wf.func_preproc_task_10_wf.initial_boldref_wf.merge_sbrefs" in "/work/fmriprep_wf/single_subject_MONSTERA19_wf/func_preproc_task_10_wf/initial_boldref_wf/merge_sbrefs".
221008-11:31:03,749 nipype.workflow INFO:
	 [Node] Running "merge_sbrefs" ("niworkflows.interfaces.nibabel.MergeSeries")
221008-11:31:03,780 nipype.workflow INFO:
	 [Node] Setting-up "fmriprep_wf.single_subject_MONSTERA19_wf.fmap_preproc_wf.wf_auto_00000.regrid" in "/work/fmriprep_wf/single_subject_MONSTERA19_wf/fmap_preproc_wf/wf_auto_00000/regrid".
221008-11:31:03,784 nipype.workflow INFO:
	 [Node] Running "regrid" ("sdcflows.interfaces.utils.UniformGrid")
221008-11:31:03,837 nipype.workflow INFO:
	 [Node] Finished "fmriprep_wf.single_subject_MONSTERA19_wf.fmap_preproc_wf.wf_auto_00000.regrid".
221008-11:31:03,862 nipype.workflow INFO:
	 [Node] Finished "fmriprep_wf.single_subject_MONSTERA19_wf.func_preproc_task_10_wf.initial_boldref_wf.merge_sbrefs".
221008-11:31:04,378 nipype.workflow ERROR:
	 Node summary failed to run on host n199.
221008-11:31:04,378 nipype.workflow ERROR:
	 Saving crash info to /output/sub-MONSTERA19/log/20221008-113000_731106b1-9d3f-474c-8c00-dc51d146840e/crash-20221008-113104-wanjiag-summary-b5419464-9499-41cf-ae66-636c09d6c95c.txt
Traceback (most recent call last):
  File "/opt/conda/lib/python3.8/site-packages/nipype/pipeline/plugins/multiproc.py", line 344, in _send_procs_to_workers
    self.procs[jobid].run(updatehash=updatehash)
  File "/opt/conda/lib/python3.8/site-packages/nipype/pipeline/engine/nodes.py", line 486, in run
    self._get_hashval()
  File "/opt/conda/lib/python3.8/site-packages/nipype/pipeline/engine/nodes.py", line 538, in _get_hashval
    self._get_inputs()
  File "/opt/conda/lib/python3.8/site-packages/nipype/pipeline/engine/nodes.py", line 580, in _get_inputs
    outputs = _load_resultfile(results_fname).outputs
  File "/opt/conda/lib/python3.8/site-packages/nipype/pipeline/engine/utils.py", line 291, in load_resultfile
    raise FileNotFoundError(results_file)
FileNotFoundError: /work/fmriprep_wf/fsdir_run_20221008_113000_731106b1_9d3f_474c_8c00_dc51d146840e/result_fsdir_run_20221008_113000_731106b1_9d3f_474c_8c00_dc51d146840e.pklz


When creating this crashfile, the results file corresponding
to the node could not be found.
221008-11:31:04,379 nipype.workflow CRITICAL:
	 fMRIPrep failed: Traceback (most recent call last):
  File "/opt/conda/lib/python3.8/site-packages/nipype/pipeline/plugins/multiproc.py", line 344, in _send_procs_to_workers
    self.procs[jobid].run(updatehash=updatehash)
  File "/opt/conda/lib/python3.8/site-packages/nipype/pipeline/engine/nodes.py", line 486, in run
    self._get_hashval()
  File "/opt/conda/lib/python3.8/site-packages/nipype/pipeline/engine/nodes.py", line 538, in _get_hashval
    self._get_inputs()
  File "/opt/conda/lib/python3.8/site-packages/nipype/pipeline/engine/nodes.py", line 580, in _get_inputs
    outputs = _load_resultfile(results_fname).outputs
  File "/opt/conda/lib/python3.8/site-packages/nipype/pipeline/engine/utils.py", line 291, in load_resultfile
    raise FileNotFoundError(results_file)
FileNotFoundError: /work/fmriprep_wf/fsdir_run_20221008_113000_731106b1_9d3f_474c_8c00_dc51d146840e/result_fsdir_run_20221008_113000_731106b1_9d3f_474c_8c00_dc51d146840e.pklz


When creating this crashfile, the results file corresponding
to the node could not be found.
221008-11:31:05,442 cli ERROR:
	 Preprocessing did not finish successfully. Errors occurred while processing data from participants: MONSTERA19 (1). Check the HTML reports for details.
