220226-23:36:56,13 nipype.workflow IMPORTANT:
	 Running fMRIPrep version 21.0.1

         License NOTICE ##################################################
         fMRIPrep 21.0.1
         Copyright 2021 The NiPreps Developers.
         
         This product includes software developed by
         the NiPreps Community (https://nipreps.org/).
         
         Portions of this software were developed at the Department of
         Psychology at Stanford University, Stanford, CA, US.
         
         This software redistributes the versioneer Python package, which is
         Public domain source code.
         
         This software is also distributed as a Docker container image.
         The bootstraping file for the image ("Dockerfile") is licensed
         under the MIT License.
         
         This software may be distributed through an add-on package called
         "Docker Wrapper" that is under the BSD 3-clause License.
         #################################################################
220226-23:36:56,92 nipype.workflow IMPORTANT:
	 Building fMRIPrep's workflow:
           * BIDS dataset path: /data.
           * Participant list: ['MONSTERA01'].
           * Run identifier: 20220226-233648_9c7f9179-7d87-4572-9979-6d2accb118e7.
           * Output spaces: MNI152NLin2009cAsym:res-native T1w fsaverage:den-41k.
           * Pre-run FreeSurfer's SUBJECTS_DIR: /output/sourcedata/freesurfer.
220226-23:36:58,789 nipype.workflow INFO:
	 B0 field inhomogeneity map will be estimated with  the following 1 estimators: [<EstimatorType.PEPOLAR: 2>].
220226-23:36:59,25 nipype.workflow INFO:
	 Using single-band reference file(s) sub-MONSTERA01_task-01_sbref.nii.gz.
220226-23:36:59,26 nipype.workflow INFO:
	 Found usable B0-map (fieldmap) estimator(s) <auto_00000> to correct </data/sub-MONSTERA01/func/sub-MONSTERA01_task-01_bold.nii.gz> for susceptibility-derived distortions.
220226-23:36:59,129 nipype.workflow IMPORTANT:
	 BOLD series will be slice-timing corrected to an offset of 0.445s.
220226-23:36:59,996 nipype.workflow INFO:
	 Using single-band reference file(s) sub-MONSTERA01_task-02_sbref.nii.gz.
220226-23:36:59,996 nipype.workflow INFO:
	 Found usable B0-map (fieldmap) estimator(s) <auto_00000> to correct </data/sub-MONSTERA01/func/sub-MONSTERA01_task-02_bold.nii.gz> for susceptibility-derived distortions.
220226-23:37:00,100 nipype.workflow IMPORTANT:
	 BOLD series will be slice-timing corrected to an offset of 0.445s.
220226-23:37:00,235 nipype.workflow INFO:
	 Using single-band reference file(s) sub-MONSTERA01_task-03_sbref.nii.gz.
220226-23:37:00,235 nipype.workflow INFO:
	 Found usable B0-map (fieldmap) estimator(s) <auto_00000> to correct </data/sub-MONSTERA01/func/sub-MONSTERA01_task-03_bold.nii.gz> for susceptibility-derived distortions.
220226-23:37:00,328 nipype.workflow IMPORTANT:
	 BOLD series will be slice-timing corrected to an offset of 0.445s.
220226-23:37:00,907 nipype.workflow INFO:
	 Using single-band reference file(s) sub-MONSTERA01_task-04_sbref.nii.gz.
220226-23:37:00,907 nipype.workflow INFO:
	 Found usable B0-map (fieldmap) estimator(s) <auto_00000> to correct </data/sub-MONSTERA01/func/sub-MONSTERA01_task-04_bold.nii.gz> for susceptibility-derived distortions.
220226-23:37:01,0 nipype.workflow IMPORTANT:
	 BOLD series will be slice-timing corrected to an offset of 0.445s.
220226-23:37:01,131 nipype.workflow INFO:
	 Using single-band reference file(s) sub-MONSTERA01_task-05_sbref.nii.gz.
220226-23:37:01,132 nipype.workflow INFO:
	 Found usable B0-map (fieldmap) estimator(s) <auto_00000> to correct </data/sub-MONSTERA01/func/sub-MONSTERA01_task-05_bold.nii.gz> for susceptibility-derived distortions.
220226-23:37:01,225 nipype.workflow IMPORTANT:
	 BOLD series will be slice-timing corrected to an offset of 0.445s.
220226-23:37:01,482 nipype.workflow INFO:
	 Using single-band reference file(s) sub-MONSTERA01_task-06_sbref.nii.gz.
220226-23:37:01,483 nipype.workflow INFO:
	 Found usable B0-map (fieldmap) estimator(s) <auto_00000> to correct </data/sub-MONSTERA01/func/sub-MONSTERA01_task-06_bold.nii.gz> for susceptibility-derived distortions.
220226-23:37:01,577 nipype.workflow IMPORTANT:
	 BOLD series will be slice-timing corrected to an offset of 0.445s.
220226-23:37:01,710 nipype.workflow INFO:
	 Using single-band reference file(s) sub-MONSTERA01_task-07_sbref.nii.gz.
220226-23:37:01,710 nipype.workflow INFO:
	 Found usable B0-map (fieldmap) estimator(s) <auto_00000> to correct </data/sub-MONSTERA01/func/sub-MONSTERA01_task-07_bold.nii.gz> for susceptibility-derived distortions.
220226-23:37:01,802 nipype.workflow IMPORTANT:
	 BOLD series will be slice-timing corrected to an offset of 0.445s.
220226-23:37:02,84 nipype.workflow INFO:
	 Using single-band reference file(s) sub-MONSTERA01_task-08_sbref.nii.gz.
220226-23:37:02,86 nipype.workflow INFO:
	 Found usable B0-map (fieldmap) estimator(s) <auto_00000> to correct </data/sub-MONSTERA01/func/sub-MONSTERA01_task-08_bold.nii.gz> for susceptibility-derived distortions.
220226-23:37:02,175 nipype.workflow IMPORTANT:
	 BOLD series will be slice-timing corrected to an offset of 0.446s.
220226-23:37:02,467 nipype.workflow INFO:
	 Using single-band reference file(s) sub-MONSTERA01_task-09_sbref.nii.gz.
220226-23:37:02,467 nipype.workflow INFO:
	 Found usable B0-map (fieldmap) estimator(s) <auto_00000> to correct </data/sub-MONSTERA01/func/sub-MONSTERA01_task-09_bold.nii.gz> for susceptibility-derived distortions.
220226-23:37:02,560 nipype.workflow IMPORTANT:
	 BOLD series will be slice-timing corrected to an offset of 0.445s.
220226-23:37:02,691 nipype.workflow INFO:
	 Using single-band reference file(s) sub-MONSTERA01_task-10_sbref.nii.gz.
220226-23:37:02,691 nipype.workflow INFO:
	 Found usable B0-map (fieldmap) estimator(s) <auto_00000> to correct </data/sub-MONSTERA01/func/sub-MONSTERA01_task-10_bold.nii.gz> for susceptibility-derived distortions.
220226-23:37:02,782 nipype.workflow IMPORTANT:
	 BOLD series will be slice-timing corrected to an offset of 0.445s.
220226-23:37:03,187 nipype.workflow INFO:
	 Setting-up fieldmap "auto_00000" (EstimatorType.PEPOLAR) with <sub-MONSTERA01_dir-ap_run-09_epi.nii.gz, sub-MONSTERA01_dir-pa_run-10_epi.nii.gz>
220226-23:37:06,509 nipype.workflow INFO:
	 fMRIPrep workflow graph with 2629 nodes built successfully.
220226-23:37:14,901 nipype.workflow IMPORTANT:
	 fMRIPrep started!
220226-23:37:17,308 nipype.workflow WARNING:
	 Some nodes exceed the total amount of memory available (64.00GB).
220226-23:37:35,113 nipype.workflow INFO:
	 [Node] Setting-up "fmriprep_wf.single_subject_MONSTERA01_wf.anat_preproc_wf.fs_isrunning" in "/work/fmriprep_wf/single_subject_MONSTERA01_wf/anat_preproc_wf/fs_isrunning".
220226-23:37:35,120 nipype.workflow INFO:
	 [Node] Running "fs_isrunning" ("nipype.interfaces.utility.wrappers.Function")
220226-23:37:35,153 nipype.workflow INFO:
	 [Node] Finished "fmriprep_wf.single_subject_MONSTERA01_wf.anat_preproc_wf.fs_isrunning".
220226-23:37:36,197 nipype.workflow INFO:
	 [Node] Setting-up "fmriprep_wf.single_subject_MONSTERA01_wf.func_preproc_task_01_wf.bold_stc_wf.slice_timing_correction" in "/work/fmriprep_wf/single_subject_MONSTERA01_wf/func_preproc_task_01_wf/bold_stc_wf/slice_timing_correction".
220226-23:37:36,216 nipype.workflow INFO:
	 [Node] Setting-up "fmriprep_wf.single_subject_MONSTERA01_wf.func_preproc_task_03_wf.bold_stc_wf.slice_timing_correction" in "/work/fmriprep_wf/single_subject_MONSTERA01_wf/func_preproc_task_03_wf/bold_stc_wf/slice_timing_correction".
220226-23:37:36,231 nipype.workflow INFO:
	 [Node] Setting-up "fmriprep_wf.single_subject_MONSTERA01_wf.func_preproc_task_02_wf.bold_stc_wf.slice_timing_correction" in "/work/fmriprep_wf/single_subject_MONSTERA01_wf/func_preproc_task_02_wf/bold_stc_wf/slice_timing_correction".
220226-23:37:36,236 nipype.workflow INFO:
	 [Node] Setting-up "fmriprep_wf.single_subject_MONSTERA01_wf.func_preproc_task_05_wf.bold_stc_wf.slice_timing_correction" in "/work/fmriprep_wf/single_subject_MONSTERA01_wf/func_preproc_task_05_wf/bold_stc_wf/slice_timing_correction".
220226-23:37:36,256 nipype.workflow INFO:
	 [Node] Setting-up "fmriprep_wf.single_subject_MONSTERA01_wf.func_preproc_task_04_wf.bold_stc_wf.slice_timing_correction" in "/work/fmriprep_wf/single_subject_MONSTERA01_wf/func_preproc_task_04_wf/bold_stc_wf/slice_timing_correction".
220226-23:37:36,256 nipype.workflow INFO:
	 [Node] Setting-up "fmriprep_wf.single_subject_MONSTERA01_wf.func_preproc_task_06_wf.bold_stc_wf.slice_timing_correction" in "/work/fmriprep_wf/single_subject_MONSTERA01_wf/func_preproc_task_06_wf/bold_stc_wf/slice_timing_correction".
220226-23:37:36,557 nipype.workflow INFO:
	 [Node] Setting-up "fmriprep_wf.single_subject_MONSTERA01_wf.func_preproc_task_08_wf.bold_stc_wf.slice_timing_correction" in "/work/fmriprep_wf/single_subject_MONSTERA01_wf/func_preproc_task_08_wf/bold_stc_wf/slice_timing_correction".
220226-23:37:36,580 nipype.workflow INFO:
	 [Node] Setting-up "fmriprep_wf.single_subject_MONSTERA01_wf.func_preproc_task_09_wf.bold_stc_wf.slice_timing_correction" in "/work/fmriprep_wf/single_subject_MONSTERA01_wf/func_preproc_task_09_wf/bold_stc_wf/slice_timing_correction".
220226-23:37:36,588 nipype.workflow INFO:
	 [Node] Setting-up "fmriprep_wf.single_subject_MONSTERA01_wf.func_preproc_task_07_wf.bold_stc_wf.slice_timing_correction" in "/work/fmriprep_wf/single_subject_MONSTERA01_wf/func_preproc_task_07_wf/bold_stc_wf/slice_timing_correction".
220226-23:37:36,593 nipype.workflow INFO:
	 [Node] Setting-up "fmriprep_wf.single_subject_MONSTERA01_wf.func_preproc_task_10_wf.bold_stc_wf.slice_timing_correction" in "/work/fmriprep_wf/single_subject_MONSTERA01_wf/func_preproc_task_10_wf/bold_stc_wf/slice_timing_correction".
220226-23:38:05,743 nipype.workflow INFO:
	 [Node] Running "slice_timing_correction" ("fmriprep.workflows.bold.stc.TShift"), a CommandLine Interface with command:
3dTshift -ignore 0 -prefix sub-MONSTERA01_task-01_bold_tshift.nii.gz -tpattern @slice_timing.1D -TR 1s -tzero 0.445 /work/fmriprep_wf/single_subject_MONSTERA01_wf/func_preproc_task_01_wf/bold_stc_wf/slice_timing_correction/sub-MONSTERA01_task-01_bold.nii.gz
220226-23:38:05,744 nipype.workflow INFO:
	 [Node] Running "slice_timing_correction" ("fmriprep.workflows.bold.stc.TShift"), a CommandLine Interface with command:
3dTshift -ignore 0 -prefix sub-MONSTERA01_task-05_bold_tshift.nii.gz -tpattern @slice_timing.1D -TR 1s -tzero 0.445 /work/fmriprep_wf/single_subject_MONSTERA01_wf/func_preproc_task_05_wf/bold_stc_wf/slice_timing_correction/sub-MONSTERA01_task-05_bold.nii.gz
220226-23:38:05,744 nipype.workflow INFO:
	 [Node] Running "slice_timing_correction" ("fmriprep.workflows.bold.stc.TShift"), a CommandLine Interface with command:
3dTshift -ignore 0 -prefix sub-MONSTERA01_task-08_bold_tshift.nii.gz -tpattern @slice_timing.1D -TR 1s -tzero 0.446 /work/fmriprep_wf/single_subject_MONSTERA01_wf/func_preproc_task_08_wf/bold_stc_wf/slice_timing_correction/sub-MONSTERA01_task-08_bold.nii.gz
220226-23:38:05,745 nipype.workflow INFO:
	 [Node] Running "slice_timing_correction" ("fmriprep.workflows.bold.stc.TShift"), a CommandLine Interface with command:
3dTshift -ignore 1 -prefix sub-MONSTERA01_task-04_bold_tshift.nii.gz -tpattern @slice_timing.1D -TR 1s -tzero 0.445 /work/fmriprep_wf/single_subject_MONSTERA01_wf/func_preproc_task_04_wf/bold_stc_wf/slice_timing_correction/sub-MONSTERA01_task-04_bold.nii.gz
220226-23:38:05,745 nipype.workflow INFO:
	 [Node] Running "slice_timing_correction" ("fmriprep.workflows.bold.stc.TShift"), a CommandLine Interface with command:
3dTshift -ignore 0 -prefix sub-MONSTERA01_task-06_bold_tshift.nii.gz -tpattern @slice_timing.1D -TR 1s -tzero 0.445 /work/fmriprep_wf/single_subject_MONSTERA01_wf/func_preproc_task_06_wf/bold_stc_wf/slice_timing_correction/sub-MONSTERA01_task-06_bold.nii.gz
220226-23:38:05,746 nipype.workflow INFO:
	 [Node] Running "slice_timing_correction" ("fmriprep.workflows.bold.stc.TShift"), a CommandLine Interface with command:
3dTshift -ignore 0 -prefix sub-MONSTERA01_task-02_bold_tshift.nii.gz -tpattern @slice_timing.1D -TR 1s -tzero 0.445 /work/fmriprep_wf/single_subject_MONSTERA01_wf/func_preproc_task_02_wf/bold_stc_wf/slice_timing_correction/sub-MONSTERA01_task-02_bold.nii.gz
220226-23:38:05,746 nipype.workflow INFO:
	 [Node] Running "slice_timing_correction" ("fmriprep.workflows.bold.stc.TShift"), a CommandLine Interface with command:
3dTshift -ignore 1 -prefix sub-MONSTERA01_task-07_bold_tshift.nii.gz -tpattern @slice_timing.1D -TR 1s -tzero 0.445 /work/fmriprep_wf/single_subject_MONSTERA01_wf/func_preproc_task_07_wf/bold_stc_wf/slice_timing_correction/sub-MONSTERA01_task-07_bold.nii.gz
220226-23:38:05,747 nipype.workflow INFO:
	 [Node] Running "slice_timing_correction" ("fmriprep.workflows.bold.stc.TShift"), a CommandLine Interface with command:
3dTshift -ignore 0 -prefix sub-MONSTERA01_task-10_bold_tshift.nii.gz -tpattern @slice_timing.1D -TR 1s -tzero 0.445 /work/fmriprep_wf/single_subject_MONSTERA01_wf/func_preproc_task_10_wf/bold_stc_wf/slice_timing_correction/sub-MONSTERA01_task-10_bold.nii.gz
220226-23:38:05,749 nipype.workflow INFO:
	 [Node] Running "slice_timing_correction" ("fmriprep.workflows.bold.stc.TShift"), a CommandLine Interface with command:
3dTshift -ignore 0 -prefix sub-MONSTERA01_task-09_bold_tshift.nii.gz -tpattern @slice_timing.1D -TR 1s -tzero 0.445 /work/fmriprep_wf/single_subject_MONSTERA01_wf/func_preproc_task_09_wf/bold_stc_wf/slice_timing_correction/sub-MONSTERA01_task-09_bold.nii.gz
220226-23:38:05,752 nipype.workflow INFO:
	 [Node] Running "slice_timing_correction" ("fmriprep.workflows.bold.stc.TShift"), a CommandLine Interface with command:
3dTshift -ignore 0 -prefix sub-MONSTERA01_task-03_bold_tshift.nii.gz -tpattern @slice_timing.1D -TR 1s -tzero 0.445 /work/fmriprep_wf/single_subject_MONSTERA01_wf/func_preproc_task_03_wf/bold_stc_wf/slice_timing_correction/sub-MONSTERA01_task-03_bold.nii.gz
220226-23:38:06,344 nipype.workflow INFO:
	 [Node] Setting-up "fmriprep_wf.single_subject_MONSTERA01_wf.func_preproc_task_02_wf.bold_hmc_wf.mcflirt" in "/work/fmriprep_wf/single_subject_MONSTERA01_wf/func_preproc_task_02_wf/bold_hmc_wf/mcflirt".
220226-23:38:06,344 nipype.workflow INFO:
	 [Node] Setting-up "fmriprep_wf.single_subject_MONSTERA01_wf.func_preproc_task_01_wf.bold_hmc_wf.mcflirt" in "/work/fmriprep_wf/single_subject_MONSTERA01_wf/func_preproc_task_01_wf/bold_hmc_wf/mcflirt".
220226-23:38:06,366 nipype.workflow INFO:
	 [Node] Setting-up "fmriprep_wf.single_subject_MONSTERA01_wf.func_preproc_task_03_wf.bold_hmc_wf.mcflirt" in "/work/fmriprep_wf/single_subject_MONSTERA01_wf/func_preproc_task_03_wf/bold_hmc_wf/mcflirt".
220226-23:38:06,493 nipype.workflow INFO:
	 [Node] Running "mcflirt" ("nipype.interfaces.fsl.preprocess.MCFLIRT"), a CommandLine Interface with command:
mcflirt -in /data/sub-MONSTERA01/func/sub-MONSTERA01_task-02_bold.nii.gz -out /work/fmriprep_wf/single_subject_MONSTERA01_wf/func_preproc_task_02_wf/bold_hmc_wf/mcflirt/sub-MONSTERA01_task-02_bold_mcf.nii.gz -reffile /work/fmriprep_wf/single_subject_MONSTERA01_wf/func_preproc_task_02_wf/initial_boldref_wf/gen_avg/sub-MONSTERA01_task-02_sbref_merged_squeezed.nii.gz -mats -plots -rmsabs -rmsrel
220226-23:38:06,499 nipype.workflow INFO:
	 [Node] Running "mcflirt" ("nipype.interfaces.fsl.preprocess.MCFLIRT"), a CommandLine Interface with command:
mcflirt -in /data/sub-MONSTERA01/func/sub-MONSTERA01_task-01_bold.nii.gz -out /work/fmriprep_wf/single_subject_MONSTERA01_wf/func_preproc_task_01_wf/bold_hmc_wf/mcflirt/sub-MONSTERA01_task-01_bold_mcf.nii.gz -reffile /work/fmriprep_wf/single_subject_MONSTERA01_wf/func_preproc_task_01_wf/initial_boldref_wf/gen_avg/sub-MONSTERA01_task-01_sbref_merged_squeezed.nii.gz -mats -plots -rmsabs -rmsrel
220226-23:38:06,508 nipype.workflow INFO:
	 [Node] Running "mcflirt" ("nipype.interfaces.fsl.preprocess.MCFLIRT"), a CommandLine Interface with command:
mcflirt -in /data/sub-MONSTERA01/func/sub-MONSTERA01_task-03_bold.nii.gz -out /work/fmriprep_wf/single_subject_MONSTERA01_wf/func_preproc_task_03_wf/bold_hmc_wf/mcflirt/sub-MONSTERA01_task-03_bold_mcf.nii.gz -reffile /work/fmriprep_wf/single_subject_MONSTERA01_wf/func_preproc_task_03_wf/initial_boldref_wf/gen_avg/sub-MONSTERA01_task-03_sbref_merged_squeezed.nii.gz -mats -plots -rmsabs -rmsrel
220226-23:38:06,524 nipype.workflow INFO:
	 [Node] Setting-up "fmriprep_wf.single_subject_MONSTERA01_wf.func_preproc_task_05_wf.bold_hmc_wf.mcflirt" in "/work/fmriprep_wf/single_subject_MONSTERA01_wf/func_preproc_task_05_wf/bold_hmc_wf/mcflirt".
220226-23:38:06,525 nipype.workflow INFO:
	 [Node] Setting-up "fmriprep_wf.single_subject_MONSTERA01_wf.func_preproc_task_06_wf.bold_hmc_wf.mcflirt" in "/work/fmriprep_wf/single_subject_MONSTERA01_wf/func_preproc_task_06_wf/bold_hmc_wf/mcflirt".
220226-23:38:06,535 nipype.workflow INFO:
	 [Node] Setting-up "fmriprep_wf.single_subject_MONSTERA01_wf.func_preproc_task_04_wf.bold_hmc_wf.mcflirt" in "/work/fmriprep_wf/single_subject_MONSTERA01_wf/func_preproc_task_04_wf/bold_hmc_wf/mcflirt".
220226-23:38:06,709 nipype.workflow INFO:
	 [Node] Running "mcflirt" ("nipype.interfaces.fsl.preprocess.MCFLIRT"), a CommandLine Interface with command:
mcflirt -in /data/sub-MONSTERA01/func/sub-MONSTERA01_task-06_bold.nii.gz -out /work/fmriprep_wf/single_subject_MONSTERA01_wf/func_preproc_task_06_wf/bold_hmc_wf/mcflirt/sub-MONSTERA01_task-06_bold_mcf.nii.gz -reffile /work/fmriprep_wf/single_subject_MONSTERA01_wf/func_preproc_task_06_wf/initial_boldref_wf/gen_avg/sub-MONSTERA01_task-06_sbref_merged_squeezed.nii.gz -mats -plots -rmsabs -rmsrel
220226-23:38:06,709 nipype.workflow INFO:
	 [Node] Running "mcflirt" ("nipype.interfaces.fsl.preprocess.MCFLIRT"), a CommandLine Interface with command:
mcflirt -in /data/sub-MONSTERA01/func/sub-MONSTERA01_task-05_bold.nii.gz -out /work/fmriprep_wf/single_subject_MONSTERA01_wf/func_preproc_task_05_wf/bold_hmc_wf/mcflirt/sub-MONSTERA01_task-05_bold_mcf.nii.gz -reffile /work/fmriprep_wf/single_subject_MONSTERA01_wf/func_preproc_task_05_wf/initial_boldref_wf/gen_avg/sub-MONSTERA01_task-05_sbref_merged_squeezed.nii.gz -mats -plots -rmsabs -rmsrel
220226-23:38:06,712 nipype.workflow INFO:
	 [Node] Running "mcflirt" ("nipype.interfaces.fsl.preprocess.MCFLIRT"), a CommandLine Interface with command:
mcflirt -in /data/sub-MONSTERA01/func/sub-MONSTERA01_task-04_bold.nii.gz -out /work/fmriprep_wf/single_subject_MONSTERA01_wf/func_preproc_task_04_wf/bold_hmc_wf/mcflirt/sub-MONSTERA01_task-04_bold_mcf.nii.gz -reffile /work/fmriprep_wf/single_subject_MONSTERA01_wf/func_preproc_task_04_wf/initial_boldref_wf/gen_avg/sub-MONSTERA01_task-04_sbref_merged_squeezed.nii.gz -mats -plots -rmsabs -rmsrel
slurmstepd: error: *** JOB 17663541 ON n197 CANCELLED AT 2022-02-26T23:39:02 ***
