220226-23:32:43,738 nipype.workflow IMPORTANT:
	 Running fMRIPrep version 21.0.1

         License NOTICE ##################################################
         fMRIPrep 21.0.1
         Copyright 2021 The NiPreps Developers.
         
         This product includes software developed by
         the NiPreps Community (https://nipreps.org/).
         
         Portions of this software were developed at the Department of
         Psychology at Stanford University, Stanford, CA, US.
         
         This software redistributes the versioneer Python package, which is
         Public domain source code.
         
         This software is also distributed as a Docker container image.
         The bootstraping file for the image ("Dockerfile") is licensed
         under the MIT License.
         
         This software may be distributed through an add-on package called
         "Docker Wrapper" that is under the BSD 3-clause License.
         #################################################################
220226-23:32:43,819 nipype.workflow IMPORTANT:
	 Building fMRIPrep's workflow:
           * BIDS dataset path: /data.
           * Participant list: ['MONSTERA01'].
           * Run identifier: 20220226-233235_3692c0b3-0eb8-4b04-b52e-449e65bc42b1.
           * Output spaces: MNI152NLin2009cAsym:res-native T1w fsaverage:den-41k.
           * Pre-run FreeSurfer's SUBJECTS_DIR: /output/sourcedata/freesurfer.
220226-23:32:46,170 nipype.workflow INFO:
	 B0 field inhomogeneity map will be estimated with  the following 1 estimators: [<EstimatorType.PEPOLAR: 2>].
220226-23:32:46,376 nipype.workflow INFO:
	 Using single-band reference file(s) sub-MONSTERA01_task-01_sbref.nii.gz.
220226-23:32:46,377 nipype.workflow INFO:
	 Found usable B0-map (fieldmap) estimator(s) <auto_00000> to correct </data/sub-MONSTERA01/func/sub-MONSTERA01_task-01_bold.nii.gz> for susceptibility-derived distortions.
220226-23:32:46,483 nipype.workflow IMPORTANT:
	 BOLD series will be slice-timing corrected to an offset of 0.445s.
220226-23:32:46,995 nipype.workflow INFO:
	 Using single-band reference file(s) sub-MONSTERA01_task-02_sbref.nii.gz.
220226-23:32:46,996 nipype.workflow INFO:
	 Found usable B0-map (fieldmap) estimator(s) <auto_00000> to correct </data/sub-MONSTERA01/func/sub-MONSTERA01_task-02_bold.nii.gz> for susceptibility-derived distortions.
220226-23:32:47,90 nipype.workflow IMPORTANT:
	 BOLD series will be slice-timing corrected to an offset of 0.445s.
220226-23:32:47,307 nipype.workflow INFO:
	 Using single-band reference file(s) sub-MONSTERA01_task-03_sbref.nii.gz.
220226-23:32:47,308 nipype.workflow INFO:
	 Found usable B0-map (fieldmap) estimator(s) <auto_00000> to correct </data/sub-MONSTERA01/func/sub-MONSTERA01_task-03_bold.nii.gz> for susceptibility-derived distortions.
220226-23:32:47,401 nipype.workflow IMPORTANT:
	 BOLD series will be slice-timing corrected to an offset of 0.445s.
220226-23:32:47,777 nipype.workflow INFO:
	 Using single-band reference file(s) sub-MONSTERA01_task-04_sbref.nii.gz.
220226-23:32:47,778 nipype.workflow INFO:
	 Found usable B0-map (fieldmap) estimator(s) <auto_00000> to correct </data/sub-MONSTERA01/func/sub-MONSTERA01_task-04_bold.nii.gz> for susceptibility-derived distortions.
220226-23:32:47,871 nipype.workflow IMPORTANT:
	 BOLD series will be slice-timing corrected to an offset of 0.445s.
220226-23:32:48,39 nipype.workflow INFO:
	 Using single-band reference file(s) sub-MONSTERA01_task-05_sbref.nii.gz.
220226-23:32:48,39 nipype.workflow INFO:
	 Found usable B0-map (fieldmap) estimator(s) <auto_00000> to correct </data/sub-MONSTERA01/func/sub-MONSTERA01_task-05_bold.nii.gz> for susceptibility-derived distortions.
220226-23:32:48,135 nipype.workflow IMPORTANT:
	 BOLD series will be slice-timing corrected to an offset of 0.445s.
220226-23:32:48,329 nipype.workflow INFO:
	 Using single-band reference file(s) sub-MONSTERA01_task-06_sbref.nii.gz.
220226-23:32:48,331 nipype.workflow INFO:
	 Found usable B0-map (fieldmap) estimator(s) <auto_00000> to correct </data/sub-MONSTERA01/func/sub-MONSTERA01_task-06_bold.nii.gz> for susceptibility-derived distortions.
220226-23:32:48,424 nipype.workflow IMPORTANT:
	 BOLD series will be slice-timing corrected to an offset of 0.445s.
220226-23:32:48,610 nipype.workflow INFO:
	 Using single-band reference file(s) sub-MONSTERA01_task-07_sbref.nii.gz.
220226-23:32:48,611 nipype.workflow INFO:
	 Found usable B0-map (fieldmap) estimator(s) <auto_00000> to correct </data/sub-MONSTERA01/func/sub-MONSTERA01_task-07_bold.nii.gz> for susceptibility-derived distortions.
220226-23:32:48,699 nipype.workflow IMPORTANT:
	 BOLD series will be slice-timing corrected to an offset of 0.445s.
220226-23:32:48,893 nipype.workflow INFO:
	 Using single-band reference file(s) sub-MONSTERA01_task-08_sbref.nii.gz.
220226-23:32:48,893 nipype.workflow INFO:
	 Found usable B0-map (fieldmap) estimator(s) <auto_00000> to correct </data/sub-MONSTERA01/func/sub-MONSTERA01_task-08_bold.nii.gz> for susceptibility-derived distortions.
220226-23:32:48,986 nipype.workflow IMPORTANT:
	 BOLD series will be slice-timing corrected to an offset of 0.446s.
220226-23:32:49,320 nipype.workflow INFO:
	 Using single-band reference file(s) sub-MONSTERA01_task-09_sbref.nii.gz.
220226-23:32:49,321 nipype.workflow INFO:
	 Found usable B0-map (fieldmap) estimator(s) <auto_00000> to correct </data/sub-MONSTERA01/func/sub-MONSTERA01_task-09_bold.nii.gz> for susceptibility-derived distortions.
220226-23:32:49,410 nipype.workflow IMPORTANT:
	 BOLD series will be slice-timing corrected to an offset of 0.445s.
220226-23:32:49,605 nipype.workflow INFO:
	 Using single-band reference file(s) sub-MONSTERA01_task-10_sbref.nii.gz.
220226-23:32:49,605 nipype.workflow INFO:
	 Found usable B0-map (fieldmap) estimator(s) <auto_00000> to correct </data/sub-MONSTERA01/func/sub-MONSTERA01_task-10_bold.nii.gz> for susceptibility-derived distortions.
220226-23:32:49,708 nipype.workflow IMPORTANT:
	 BOLD series will be slice-timing corrected to an offset of 0.445s.
220226-23:32:50,103 nipype.workflow INFO:
	 Setting-up fieldmap "auto_00000" (EstimatorType.PEPOLAR) with <sub-MONSTERA01_dir-ap_run-09_epi.nii.gz, sub-MONSTERA01_dir-pa_run-10_epi.nii.gz>
220226-23:32:53,564 nipype.workflow INFO:
	 fMRIPrep workflow graph with 2629 nodes built successfully.
220226-23:33:01,790 nipype.workflow IMPORTANT:
	 fMRIPrep started!
220226-23:33:04,117 nipype.workflow WARNING:
	 Some nodes exceed the total amount of memory available (32.00GB).
220226-23:33:50,213 nipype.workflow INFO:
	 [Node] Setting-up "fmriprep_wf.single_subject_MONSTERA01_wf.anat_preproc_wf.fs_isrunning" in "/work/fmriprep_wf/single_subject_MONSTERA01_wf/anat_preproc_wf/fs_isrunning".
220226-23:33:50,216 nipype.workflow INFO:
	 [Node] Outdated cache found for "fmriprep_wf.single_subject_MONSTERA01_wf.anat_preproc_wf.fs_isrunning".
220226-23:33:50,227 nipype.workflow INFO:
	 [Node] Running "fs_isrunning" ("nipype.interfaces.utility.wrappers.Function")
220226-23:33:50,259 nipype.workflow INFO:
	 [Node] Finished "fmriprep_wf.single_subject_MONSTERA01_wf.anat_preproc_wf.fs_isrunning".
220226-23:33:51,397 nipype.workflow INFO:
	 [Node] Setting-up "fmriprep_wf.single_subject_MONSTERA01_wf.func_preproc_task_06_wf.bold_stc_wf.slice_timing_correction" in "/work/fmriprep_wf/single_subject_MONSTERA01_wf/func_preproc_task_06_wf/bold_stc_wf/slice_timing_correction".
220226-23:33:51,404 nipype.workflow INFO:
	 [Node] Running "slice_timing_correction" ("fmriprep.workflows.bold.stc.TShift"), a CommandLine Interface with command:
3dTshift -ignore 0 -prefix sub-MONSTERA01_task-06_bold_tshift.nii.gz -tpattern @slice_timing.1D -TR 1s -tzero 0.445 /work/fmriprep_wf/single_subject_MONSTERA01_wf/func_preproc_task_06_wf/bold_stc_wf/slice_timing_correction/sub-MONSTERA01_task-06_bold.nii.gz
220226-23:33:51,412 nipype.workflow INFO:
	 [Node] Setting-up "fmriprep_wf.single_subject_MONSTERA01_wf.func_preproc_task_05_wf.bold_stc_wf.slice_timing_correction" in "/work/fmriprep_wf/single_subject_MONSTERA01_wf/func_preproc_task_05_wf/bold_stc_wf/slice_timing_correction".
220226-23:33:51,413 nipype.workflow INFO:
	 [Node] Setting-up "fmriprep_wf.single_subject_MONSTERA01_wf.func_preproc_task_09_wf.bold_stc_wf.slice_timing_correction" in "/work/fmriprep_wf/single_subject_MONSTERA01_wf/func_preproc_task_09_wf/bold_stc_wf/slice_timing_correction".
220226-23:33:51,419 nipype.workflow INFO:
	 [Node] Setting-up "fmriprep_wf.single_subject_MONSTERA01_wf.func_preproc_task_03_wf.bold_stc_wf.slice_timing_correction" in "/work/fmriprep_wf/single_subject_MONSTERA01_wf/func_preproc_task_03_wf/bold_stc_wf/slice_timing_correction".
220226-23:33:51,421 nipype.workflow INFO:
	 [Node] Running "slice_timing_correction" ("fmriprep.workflows.bold.stc.TShift"), a CommandLine Interface with command:
3dTshift -ignore 0 -prefix sub-MONSTERA01_task-05_bold_tshift.nii.gz -tpattern @slice_timing.1D -TR 1s -tzero 0.445 /work/fmriprep_wf/single_subject_MONSTERA01_wf/func_preproc_task_05_wf/bold_stc_wf/slice_timing_correction/sub-MONSTERA01_task-05_bold.nii.gz
220226-23:33:51,422 nipype.workflow INFO:
	 [Node] Running "slice_timing_correction" ("fmriprep.workflows.bold.stc.TShift"), a CommandLine Interface with command:
3dTshift -ignore 0 -prefix sub-MONSTERA01_task-09_bold_tshift.nii.gz -tpattern @slice_timing.1D -TR 1s -tzero 0.445 /work/fmriprep_wf/single_subject_MONSTERA01_wf/func_preproc_task_09_wf/bold_stc_wf/slice_timing_correction/sub-MONSTERA01_task-09_bold.nii.gz
220226-23:33:51,423 nipype.workflow INFO:
	 [Node] Setting-up "fmriprep_wf.single_subject_MONSTERA01_wf.func_preproc_task_07_wf.bold_stc_wf.slice_timing_correction" in "/work/fmriprep_wf/single_subject_MONSTERA01_wf/func_preproc_task_07_wf/bold_stc_wf/slice_timing_correction".
220226-23:33:51,427 nipype.workflow INFO:
	 [Node] Setting-up "fmriprep_wf.single_subject_MONSTERA01_wf.func_preproc_task_08_wf.bold_stc_wf.slice_timing_correction" in "/work/fmriprep_wf/single_subject_MONSTERA01_wf/func_preproc_task_08_wf/bold_stc_wf/slice_timing_correction".
220226-23:33:51,428 nipype.workflow INFO:
	 [Node] Running "slice_timing_correction" ("fmriprep.workflows.bold.stc.TShift"), a CommandLine Interface with command:
3dTshift -ignore 0 -prefix sub-MONSTERA01_task-03_bold_tshift.nii.gz -tpattern @slice_timing.1D -TR 1s -tzero 0.445 /work/fmriprep_wf/single_subject_MONSTERA01_wf/func_preproc_task_03_wf/bold_stc_wf/slice_timing_correction/sub-MONSTERA01_task-03_bold.nii.gz
220226-23:33:51,430 nipype.workflow INFO:
	 [Node] Running "slice_timing_correction" ("fmriprep.workflows.bold.stc.TShift"), a CommandLine Interface with command:
3dTshift -ignore 1 -prefix sub-MONSTERA01_task-07_bold_tshift.nii.gz -tpattern @slice_timing.1D -TR 1s -tzero 0.445 /work/fmriprep_wf/single_subject_MONSTERA01_wf/func_preproc_task_07_wf/bold_stc_wf/slice_timing_correction/sub-MONSTERA01_task-07_bold.nii.gz
220226-23:33:51,439 nipype.workflow INFO:
	 [Node] Running "slice_timing_correction" ("fmriprep.workflows.bold.stc.TShift"), a CommandLine Interface with command:
3dTshift -ignore 0 -prefix sub-MONSTERA01_task-08_bold_tshift.nii.gz -tpattern @slice_timing.1D -TR 1s -tzero 0.446 /work/fmriprep_wf/single_subject_MONSTERA01_wf/func_preproc_task_08_wf/bold_stc_wf/slice_timing_correction/sub-MONSTERA01_task-08_bold.nii.gz
220226-23:33:51,466 nipype.workflow INFO:
	 [Node] Setting-up "fmriprep_wf.single_subject_MONSTERA01_wf.func_preproc_task_04_wf.bold_stc_wf.slice_timing_correction" in "/work/fmriprep_wf/single_subject_MONSTERA01_wf/func_preproc_task_04_wf/bold_stc_wf/slice_timing_correction".
220226-23:33:51,475 nipype.workflow INFO:
	 [Node] Running "slice_timing_correction" ("fmriprep.workflows.bold.stc.TShift"), a CommandLine Interface with command:
3dTshift -ignore 1 -prefix sub-MONSTERA01_task-04_bold_tshift.nii.gz -tpattern @slice_timing.1D -TR 1s -tzero 0.445 /work/fmriprep_wf/single_subject_MONSTERA01_wf/func_preproc_task_04_wf/bold_stc_wf/slice_timing_correction/sub-MONSTERA01_task-04_bold.nii.gz
220226-23:33:51,485 nipype.workflow INFO:
	 [Node] Setting-up "fmriprep_wf.single_subject_MONSTERA01_wf.func_preproc_task_10_wf.bold_stc_wf.slice_timing_correction" in "/work/fmriprep_wf/single_subject_MONSTERA01_wf/func_preproc_task_10_wf/bold_stc_wf/slice_timing_correction".
220226-23:33:51,490 nipype.workflow INFO:
	 [Node] Setting-up "fmriprep_wf.single_subject_MONSTERA01_wf.func_preproc_task_02_wf.bold_stc_wf.slice_timing_correction" in "/work/fmriprep_wf/single_subject_MONSTERA01_wf/func_preproc_task_02_wf/bold_stc_wf/slice_timing_correction".
220226-23:33:51,493 nipype.workflow INFO:
	 [Node] Running "slice_timing_correction" ("fmriprep.workflows.bold.stc.TShift"), a CommandLine Interface with command:
3dTshift -ignore 0 -prefix sub-MONSTERA01_task-10_bold_tshift.nii.gz -tpattern @slice_timing.1D -TR 1s -tzero 0.445 /work/fmriprep_wf/single_subject_MONSTERA01_wf/func_preproc_task_10_wf/bold_stc_wf/slice_timing_correction/sub-MONSTERA01_task-10_bold.nii.gz
220226-23:33:51,499 nipype.workflow INFO:
	 [Node] Running "slice_timing_correction" ("fmriprep.workflows.bold.stc.TShift"), a CommandLine Interface with command:
3dTshift -ignore 0 -prefix sub-MONSTERA01_task-02_bold_tshift.nii.gz -tpattern @slice_timing.1D -TR 1s -tzero 0.445 /work/fmriprep_wf/single_subject_MONSTERA01_wf/func_preproc_task_02_wf/bold_stc_wf/slice_timing_correction/sub-MONSTERA01_task-02_bold.nii.gz
220226-23:33:51,525 nipype.workflow INFO:
	 [Node] Setting-up "fmriprep_wf.single_subject_MONSTERA01_wf.func_preproc_task_01_wf.bold_stc_wf.slice_timing_correction" in "/work/fmriprep_wf/single_subject_MONSTERA01_wf/func_preproc_task_01_wf/bold_stc_wf/slice_timing_correction".
220226-23:33:51,540 nipype.workflow INFO:
	 [Node] Running "slice_timing_correction" ("fmriprep.workflows.bold.stc.TShift"), a CommandLine Interface with command:
3dTshift -ignore 0 -prefix sub-MONSTERA01_task-01_bold_tshift.nii.gz -tpattern @slice_timing.1D -TR 1s -tzero 0.445 /work/fmriprep_wf/single_subject_MONSTERA01_wf/func_preproc_task_01_wf/bold_stc_wf/slice_timing_correction/sub-MONSTERA01_task-01_bold.nii.gz
220226-23:33:52,401 nipype.workflow INFO:
	 [Node] Setting-up "fmriprep_wf.single_subject_MONSTERA01_wf.func_preproc_task_01_wf.bold_hmc_wf.mcflirt" in "/work/fmriprep_wf/single_subject_MONSTERA01_wf/func_preproc_task_01_wf/bold_hmc_wf/mcflirt".
220226-23:33:52,401 nipype.workflow INFO:
	 [Node] Setting-up "fmriprep_wf.single_subject_MONSTERA01_wf.func_preproc_task_02_wf.bold_hmc_wf.mcflirt" in "/work/fmriprep_wf/single_subject_MONSTERA01_wf/func_preproc_task_02_wf/bold_hmc_wf/mcflirt".
220226-23:33:52,402 nipype.workflow INFO:
	 [Node] Setting-up "fmriprep_wf.single_subject_MONSTERA01_wf.func_preproc_task_03_wf.bold_hmc_wf.mcflirt" in "/work/fmriprep_wf/single_subject_MONSTERA01_wf/func_preproc_task_03_wf/bold_hmc_wf/mcflirt".
220226-23:33:52,448 nipype.workflow INFO:
	 [Node] Setting-up "fmriprep_wf.single_subject_MONSTERA01_wf.func_preproc_task_04_wf.bold_hmc_wf.mcflirt" in "/work/fmriprep_wf/single_subject_MONSTERA01_wf/func_preproc_task_04_wf/bold_hmc_wf/mcflirt".
220226-23:33:52,539 nipype.workflow INFO:
	 [Node] Running "mcflirt" ("nipype.interfaces.fsl.preprocess.MCFLIRT"), a CommandLine Interface with command:
mcflirt -in /data/sub-MONSTERA01/func/sub-MONSTERA01_task-01_bold.nii.gz -out /work/fmriprep_wf/single_subject_MONSTERA01_wf/func_preproc_task_01_wf/bold_hmc_wf/mcflirt/sub-MONSTERA01_task-01_bold_mcf.nii.gz -reffile /work/fmriprep_wf/single_subject_MONSTERA01_wf/func_preproc_task_01_wf/initial_boldref_wf/gen_avg/sub-MONSTERA01_task-01_sbref_merged_squeezed.nii.gz -mats -plots -rmsabs -rmsrel
220226-23:33:52,540 nipype.workflow INFO:
	 [Node] Running "mcflirt" ("nipype.interfaces.fsl.preprocess.MCFLIRT"), a CommandLine Interface with command:
mcflirt -in /data/sub-MONSTERA01/func/sub-MONSTERA01_task-03_bold.nii.gz -out /work/fmriprep_wf/single_subject_MONSTERA01_wf/func_preproc_task_03_wf/bold_hmc_wf/mcflirt/sub-MONSTERA01_task-03_bold_mcf.nii.gz -reffile /work/fmriprep_wf/single_subject_MONSTERA01_wf/func_preproc_task_03_wf/initial_boldref_wf/gen_avg/sub-MONSTERA01_task-03_sbref_merged_squeezed.nii.gz -mats -plots -rmsabs -rmsrel
220226-23:33:52,542 nipype.workflow INFO:
	 [Node] Running "mcflirt" ("nipype.interfaces.fsl.preprocess.MCFLIRT"), a CommandLine Interface with command:
mcflirt -in /data/sub-MONSTERA01/func/sub-MONSTERA01_task-02_bold.nii.gz -out /work/fmriprep_wf/single_subject_MONSTERA01_wf/func_preproc_task_02_wf/bold_hmc_wf/mcflirt/sub-MONSTERA01_task-02_bold_mcf.nii.gz -reffile /work/fmriprep_wf/single_subject_MONSTERA01_wf/func_preproc_task_02_wf/initial_boldref_wf/gen_avg/sub-MONSTERA01_task-02_sbref_merged_squeezed.nii.gz -mats -plots -rmsabs -rmsrel
220226-23:33:52,597 nipype.workflow INFO:
	 [Node] Running "mcflirt" ("nipype.interfaces.fsl.preprocess.MCFLIRT"), a CommandLine Interface with command:
mcflirt -in /data/sub-MONSTERA01/func/sub-MONSTERA01_task-04_bold.nii.gz -out /work/fmriprep_wf/single_subject_MONSTERA01_wf/func_preproc_task_04_wf/bold_hmc_wf/mcflirt/sub-MONSTERA01_task-04_bold_mcf.nii.gz -reffile /work/fmriprep_wf/single_subject_MONSTERA01_wf/func_preproc_task_04_wf/initial_boldref_wf/gen_avg/sub-MONSTERA01_task-04_sbref_merged_squeezed.nii.gz -mats -plots -rmsabs -rmsrel
220226-23:33:53,953 nipype.workflow INFO:
	 [Node] Setting-up "fmriprep_wf.single_subject_MONSTERA01_wf.func_preproc_task_05_wf.bold_hmc_wf.mcflirt" in "/work/fmriprep_wf/single_subject_MONSTERA01_wf/func_preproc_task_05_wf/bold_hmc_wf/mcflirt".
220226-23:33:53,953 nipype.workflow INFO:
	 [Node] Setting-up "fmriprep_wf.single_subject_MONSTERA01_wf.func_preproc_task_06_wf.bold_hmc_wf.mcflirt" in "/work/fmriprep_wf/single_subject_MONSTERA01_wf/func_preproc_task_06_wf/bold_hmc_wf/mcflirt".
220226-23:33:54,91 nipype.workflow INFO:
	 [Node] Running "mcflirt" ("nipype.interfaces.fsl.preprocess.MCFLIRT"), a CommandLine Interface with command:
mcflirt -in /data/sub-MONSTERA01/func/sub-MONSTERA01_task-05_bold.nii.gz -out /work/fmriprep_wf/single_subject_MONSTERA01_wf/func_preproc_task_05_wf/bold_hmc_wf/mcflirt/sub-MONSTERA01_task-05_bold_mcf.nii.gz -reffile /work/fmriprep_wf/single_subject_MONSTERA01_wf/func_preproc_task_05_wf/initial_boldref_wf/gen_avg/sub-MONSTERA01_task-05_sbref_merged_squeezed.nii.gz -mats -plots -rmsabs -rmsrel
220226-23:33:54,91 nipype.workflow INFO:
	 [Node] Running "mcflirt" ("nipype.interfaces.fsl.preprocess.MCFLIRT"), a CommandLine Interface with command:
mcflirt -in /data/sub-MONSTERA01/func/sub-MONSTERA01_task-06_bold.nii.gz -out /work/fmriprep_wf/single_subject_MONSTERA01_wf/func_preproc_task_06_wf/bold_hmc_wf/mcflirt/sub-MONSTERA01_task-06_bold_mcf.nii.gz -reffile /work/fmriprep_wf/single_subject_MONSTERA01_wf/func_preproc_task_06_wf/initial_boldref_wf/gen_avg/sub-MONSTERA01_task-06_sbref_merged_squeezed.nii.gz -mats -plots -rmsabs -rmsrel
slurmstepd: error: *** JOB 17663539 ON n197 CANCELLED AT 2022-02-26T23:34:27 ***
