You are using fMRIPrep-21.0.1, and a newer version of fMRIPrep is available: 23.0.1.
Please check out our documentation about how and when to upgrade:
https://fmriprep.readthedocs.io/en/latest/faq.html#upgrading
230414-15:15:42,247 nipype.workflow IMPORTANT:
	 Running fMRIPrep version 21.0.1

         License NOTICE ##################################################
         fMRIPrep 21.0.1
         Copyright 2021 The NiPreps Developers.
         
         This product includes software developed by
         the NiPreps Community (https://nipreps.org/).
         
         Portions of this software were developed at the Department of
         Psychology at Stanford University, Stanford, CA, US.
         
         This software redistributes the versioneer Python package, which is
         Public domain source code.
         
         This software is also distributed as a Docker container image.
         The bootstraping file for the image ("Dockerfile") is licensed
         under the MIT License.
         
         This software may be distributed through an add-on package called
         "Docker Wrapper" that is under the BSD 3-clause License.
         #################################################################
230414-15:15:42,248 nipype.workflow WARNING:
	 Previous output generated by version 0+unknown found.
230414-15:15:43,964 nipype.workflow IMPORTANT:
	 Building fMRIPrep's workflow:
           * BIDS dataset path: /data.
           * Participant list: ['MONSTERA48'].
           * Run identifier: 20230414-151510_32264cf3-5160-4d69-8cd8-737aae56ec99.
           * Output spaces: MNI152NLin2009cAsym:res-native T1w fsaverage:den-41k.
           * Pre-run FreeSurfer's SUBJECTS_DIR: /output/sourcedata/freesurfer.
Process Process-2:
Traceback (most recent call last):
  File "/opt/conda/lib/python3.8/multiprocessing/process.py", line 315, in _bootstrap
    self.run()
  File "/opt/conda/lib/python3.8/multiprocessing/process.py", line 108, in run
    self._target(*self._args, **self._kwargs)
  File "/opt/conda/lib/python3.8/site-packages/fmriprep/cli/workflow.py", line 118, in build_workflow
    retval["workflow"] = init_fmriprep_wf()
  File "/opt/conda/lib/python3.8/site-packages/fmriprep/workflows/base.py", line 85, in init_fmriprep_wf
    single_subject_wf = init_single_subject_wf(subject_id)
  File "/opt/conda/lib/python3.8/site-packages/fmriprep/workflows/base.py", line 190, in init_single_subject_wf
    raise Exception("No T1w images found for participant {}. "
Exception: No T1w images found for participant MONSTERA48. All workflows require T1w images.
