220226-23:36:55,962 nipype.workflow IMPORTANT:
	 Running fMRIPrep version 21.0.1

         License NOTICE ##################################################
         fMRIPrep 21.0.1
         Copyright 2021 The NiPreps Developers.
         
         This product includes software developed by
         the NiPreps Community (https://nipreps.org/).
         
         Portions of this software were developed at the Department of
         Psychology at Stanford University, Stanford, CA, US.
         
         This software redistributes the versioneer Python package, which is
         Public domain source code.
         
         This software is also distributed as a Docker container image.
         The bootstraping file for the image ("Dockerfile") is licensed
         under the MIT License.
         
         This software may be distributed through an add-on package called
         "Docker Wrapper" that is under the BSD 3-clause License.
         #################################################################
220226-23:36:56,40 nipype.workflow IMPORTANT:
	 Building fMRIPrep's workflow:
           * BIDS dataset path: /data.
           * Participant list: ['MONSTERA02'].
           * Run identifier: 20220226-233648_fbaef522-dfc6-4ae0-8c3e-4caab59a4f8f.
           * Output spaces: MNI152NLin2009cAsym:res-native T1w fsaverage:den-41k.
           * Pre-run FreeSurfer's SUBJECTS_DIR: /output/sourcedata/freesurfer.
220226-23:36:58,772 nipype.workflow INFO:
	 B0 field inhomogeneity map will be estimated with  the following 1 estimators: [<EstimatorType.PEPOLAR: 2>].
220226-23:36:59,18 nipype.workflow INFO:
	 Using single-band reference file(s) sub-MONSTERA02_task-01_sbref.nii.gz.
220226-23:36:59,19 nipype.workflow INFO:
	 Found usable B0-map (fieldmap) estimator(s) <auto_00000> to correct </data/sub-MONSTERA02/func/sub-MONSTERA02_task-01_bold.nii.gz> for susceptibility-derived distortions.
220226-23:36:59,117 nipype.workflow IMPORTANT:
	 BOLD series will be slice-timing corrected to an offset of 0.445s.
220226-23:37:00,20 nipype.workflow INFO:
	 Using single-band reference file(s) sub-MONSTERA02_task-02_sbref.nii.gz.
220226-23:37:00,20 nipype.workflow INFO:
	 Found usable B0-map (fieldmap) estimator(s) <auto_00000> to correct </data/sub-MONSTERA02/func/sub-MONSTERA02_task-02_bold.nii.gz> for susceptibility-derived distortions.
220226-23:37:00,109 nipype.workflow IMPORTANT:
	 BOLD series will be slice-timing corrected to an offset of 0.446s.
220226-23:37:00,361 nipype.workflow INFO:
	 Using single-band reference file(s) sub-MONSTERA02_task-03_sbref.nii.gz.
220226-23:37:00,361 nipype.workflow INFO:
	 Found usable B0-map (fieldmap) estimator(s) <auto_00000> to correct </data/sub-MONSTERA02/func/sub-MONSTERA02_task-03_bold.nii.gz> for susceptibility-derived distortions.
220226-23:37:00,449 nipype.workflow IMPORTANT:
	 BOLD series will be slice-timing corrected to an offset of 0.445s.
220226-23:37:01,187 nipype.workflow INFO:
	 Using single-band reference file(s) sub-MONSTERA02_task-04_sbref.nii.gz.
220226-23:37:01,187 nipype.workflow INFO:
	 Found usable B0-map (fieldmap) estimator(s) <auto_00000> to correct </data/sub-MONSTERA02/func/sub-MONSTERA02_task-04_bold.nii.gz> for susceptibility-derived distortions.
220226-23:37:01,275 nipype.workflow IMPORTANT:
	 BOLD series will be slice-timing corrected to an offset of 0.446s.
220226-23:37:01,447 nipype.workflow INFO:
	 Using single-band reference file(s) sub-MONSTERA02_task-05_sbref.nii.gz.
220226-23:37:01,447 nipype.workflow INFO:
	 Found usable B0-map (fieldmap) estimator(s) <auto_00000> to correct </data/sub-MONSTERA02/func/sub-MONSTERA02_task-05_bold.nii.gz> for susceptibility-derived distortions.
220226-23:37:01,535 nipype.workflow IMPORTANT:
	 BOLD series will be slice-timing corrected to an offset of 0.445s.
220226-23:37:01,720 nipype.workflow INFO:
	 Using single-band reference file(s) sub-MONSTERA02_task-06_sbref.nii.gz.
220226-23:37:01,720 nipype.workflow INFO:
	 Found usable B0-map (fieldmap) estimator(s) <auto_00000> to correct </data/sub-MONSTERA02/func/sub-MONSTERA02_task-06_bold.nii.gz> for susceptibility-derived distortions.
220226-23:37:01,808 nipype.workflow IMPORTANT:
	 BOLD series will be slice-timing corrected to an offset of 0.446s.
220226-23:37:01,981 nipype.workflow INFO:
	 Using single-band reference file(s) sub-MONSTERA02_task-07_sbref.nii.gz.
220226-23:37:01,982 nipype.workflow INFO:
	 Found usable B0-map (fieldmap) estimator(s) <auto_00000> to correct </data/sub-MONSTERA02/func/sub-MONSTERA02_task-07_bold.nii.gz> for susceptibility-derived distortions.
220226-23:37:02,70 nipype.workflow IMPORTANT:
	 BOLD series will be slice-timing corrected to an offset of 0.445s.
220226-23:37:02,237 nipype.workflow INFO:
	 Using single-band reference file(s) sub-MONSTERA02_task-08_sbref.nii.gz.
220226-23:37:02,237 nipype.workflow INFO:
	 Found usable B0-map (fieldmap) estimator(s) <auto_00000> to correct </data/sub-MONSTERA02/func/sub-MONSTERA02_task-08_bold.nii.gz> for susceptibility-derived distortions.
220226-23:37:02,324 nipype.workflow IMPORTANT:
	 BOLD series will be slice-timing corrected to an offset of 0.445s.
220226-23:37:02,847 nipype.workflow INFO:
	 Using single-band reference file(s) sub-MONSTERA02_task-09_sbref.nii.gz.
220226-23:37:02,847 nipype.workflow INFO:
	 Found usable B0-map (fieldmap) estimator(s) <auto_00000> to correct </data/sub-MONSTERA02/func/sub-MONSTERA02_task-09_bold.nii.gz> for susceptibility-derived distortions.
220226-23:37:02,934 nipype.workflow IMPORTANT:
	 BOLD series will be slice-timing corrected to an offset of 0.445s.
220226-23:37:03,132 nipype.workflow INFO:
	 Using single-band reference file(s) sub-MONSTERA02_task-10_sbref.nii.gz.
220226-23:37:03,132 nipype.workflow INFO:
	 Found usable B0-map (fieldmap) estimator(s) <auto_00000> to correct </data/sub-MONSTERA02/func/sub-MONSTERA02_task-10_bold.nii.gz> for susceptibility-derived distortions.
220226-23:37:03,223 nipype.workflow IMPORTANT:
	 BOLD series will be slice-timing corrected to an offset of 0.446s.
220226-23:37:03,465 nipype.workflow INFO:
	 Setting-up fieldmap "auto_00000" (EstimatorType.PEPOLAR) with <sub-MONSTERA02_dir-ap_run-09_epi.nii.gz, sub-MONSTERA02_dir-pa_run-10_epi.nii.gz>
220226-23:37:06,464 nipype.workflow INFO:
	 fMRIPrep workflow graph with 2629 nodes built successfully.
220226-23:37:14,935 nipype.workflow IMPORTANT:
	 fMRIPrep started!
220226-23:37:17,306 nipype.workflow WARNING:
	 Some nodes exceed the total amount of memory available (64.00GB).
220226-23:37:35,167 nipype.workflow INFO:
	 [Node] Setting-up "fmriprep_wf.single_subject_MONSTERA02_wf.anat_preproc_wf.fs_isrunning" in "/work/fmriprep_wf/single_subject_MONSTERA02_wf/anat_preproc_wf/fs_isrunning".
220226-23:37:35,172 nipype.workflow INFO:
	 [Node] Running "fs_isrunning" ("nipype.interfaces.utility.wrappers.Function")
220226-23:37:35,207 nipype.workflow INFO:
	 [Node] Finished "fmriprep_wf.single_subject_MONSTERA02_wf.anat_preproc_wf.fs_isrunning".
220226-23:37:36,248 nipype.workflow INFO:
	 [Node] Setting-up "fmriprep_wf.single_subject_MONSTERA02_wf.func_preproc_task_01_wf.bold_stc_wf.slice_timing_correction" in "/work/fmriprep_wf/single_subject_MONSTERA02_wf/func_preproc_task_01_wf/bold_stc_wf/slice_timing_correction".
220226-23:37:36,259 nipype.workflow INFO:
	 [Node] Setting-up "fmriprep_wf.single_subject_MONSTERA02_wf.func_preproc_task_03_wf.bold_stc_wf.slice_timing_correction" in "/work/fmriprep_wf/single_subject_MONSTERA02_wf/func_preproc_task_03_wf/bold_stc_wf/slice_timing_correction".
220226-23:37:36,300 nipype.workflow INFO:
	 [Node] Setting-up "fmriprep_wf.single_subject_MONSTERA02_wf.func_preproc_task_06_wf.bold_stc_wf.slice_timing_correction" in "/work/fmriprep_wf/single_subject_MONSTERA02_wf/func_preproc_task_06_wf/bold_stc_wf/slice_timing_correction".
220226-23:37:36,308 nipype.workflow INFO:
	 [Node] Setting-up "fmriprep_wf.single_subject_MONSTERA02_wf.func_preproc_task_02_wf.bold_stc_wf.slice_timing_correction" in "/work/fmriprep_wf/single_subject_MONSTERA02_wf/func_preproc_task_02_wf/bold_stc_wf/slice_timing_correction".
220226-23:37:36,324 nipype.workflow INFO:
	 [Node] Setting-up "fmriprep_wf.single_subject_MONSTERA02_wf.func_preproc_task_05_wf.bold_stc_wf.slice_timing_correction" in "/work/fmriprep_wf/single_subject_MONSTERA02_wf/func_preproc_task_05_wf/bold_stc_wf/slice_timing_correction".
220226-23:37:36,350 nipype.workflow INFO:
	 [Node] Setting-up "fmriprep_wf.single_subject_MONSTERA02_wf.func_preproc_task_04_wf.bold_stc_wf.slice_timing_correction" in "/work/fmriprep_wf/single_subject_MONSTERA02_wf/func_preproc_task_04_wf/bold_stc_wf/slice_timing_correction".
220226-23:37:36,628 nipype.workflow INFO:
	 [Node] Setting-up "fmriprep_wf.single_subject_MONSTERA02_wf.func_preproc_task_09_wf.bold_stc_wf.slice_timing_correction" in "/work/fmriprep_wf/single_subject_MONSTERA02_wf/func_preproc_task_09_wf/bold_stc_wf/slice_timing_correction".
220226-23:37:36,632 nipype.workflow INFO:
	 [Node] Setting-up "fmriprep_wf.single_subject_MONSTERA02_wf.func_preproc_task_07_wf.bold_stc_wf.slice_timing_correction" in "/work/fmriprep_wf/single_subject_MONSTERA02_wf/func_preproc_task_07_wf/bold_stc_wf/slice_timing_correction".
220226-23:37:36,649 nipype.workflow INFO:
	 [Node] Setting-up "fmriprep_wf.single_subject_MONSTERA02_wf.func_preproc_task_08_wf.bold_stc_wf.slice_timing_correction" in "/work/fmriprep_wf/single_subject_MONSTERA02_wf/func_preproc_task_08_wf/bold_stc_wf/slice_timing_correction".
220226-23:37:36,657 nipype.workflow INFO:
	 [Node] Setting-up "fmriprep_wf.single_subject_MONSTERA02_wf.func_preproc_task_10_wf.bold_stc_wf.slice_timing_correction" in "/work/fmriprep_wf/single_subject_MONSTERA02_wf/func_preproc_task_10_wf/bold_stc_wf/slice_timing_correction".
220226-23:38:05,741 nipype.workflow INFO:
	 [Node] Running "slice_timing_correction" ("fmriprep.workflows.bold.stc.TShift"), a CommandLine Interface with command:
3dTshift -ignore 0 -prefix sub-MONSTERA02_task-03_bold_tshift.nii.gz -tpattern @slice_timing.1D -TR 1s -tzero 0.445 /work/fmriprep_wf/single_subject_MONSTERA02_wf/func_preproc_task_03_wf/bold_stc_wf/slice_timing_correction/sub-MONSTERA02_task-03_bold.nii.gz
220226-23:38:05,741 nipype.workflow INFO:
	 [Node] Running "slice_timing_correction" ("fmriprep.workflows.bold.stc.TShift"), a CommandLine Interface with command:
3dTshift -ignore 1 -prefix sub-MONSTERA02_task-01_bold_tshift.nii.gz -tpattern @slice_timing.1D -TR 1s -tzero 0.445 /work/fmriprep_wf/single_subject_MONSTERA02_wf/func_preproc_task_01_wf/bold_stc_wf/slice_timing_correction/sub-MONSTERA02_task-01_bold.nii.gz
220226-23:38:05,741 nipype.workflow INFO:
	 [Node] Running "slice_timing_correction" ("fmriprep.workflows.bold.stc.TShift"), a CommandLine Interface with command:
3dTshift -ignore 0 -prefix sub-MONSTERA02_task-06_bold_tshift.nii.gz -tpattern @slice_timing.1D -TR 1s -tzero 0.446 /work/fmriprep_wf/single_subject_MONSTERA02_wf/func_preproc_task_06_wf/bold_stc_wf/slice_timing_correction/sub-MONSTERA02_task-06_bold.nii.gz
220226-23:38:05,742 nipype.workflow INFO:
	 [Node] Running "slice_timing_correction" ("fmriprep.workflows.bold.stc.TShift"), a CommandLine Interface with command:
3dTshift -ignore 0 -prefix sub-MONSTERA02_task-09_bold_tshift.nii.gz -tpattern @slice_timing.1D -TR 1s -tzero 0.445 /work/fmriprep_wf/single_subject_MONSTERA02_wf/func_preproc_task_09_wf/bold_stc_wf/slice_timing_correction/sub-MONSTERA02_task-09_bold.nii.gz
220226-23:38:05,742 nipype.workflow INFO:
	 [Node] Running "slice_timing_correction" ("fmriprep.workflows.bold.stc.TShift"), a CommandLine Interface with command:
3dTshift -ignore 0 -prefix sub-MONSTERA02_task-08_bold_tshift.nii.gz -tpattern @slice_timing.1D -TR 1s -tzero 0.445 /work/fmriprep_wf/single_subject_MONSTERA02_wf/func_preproc_task_08_wf/bold_stc_wf/slice_timing_correction/sub-MONSTERA02_task-08_bold.nii.gz
220226-23:38:05,743 nipype.workflow INFO:
	 [Node] Running "slice_timing_correction" ("fmriprep.workflows.bold.stc.TShift"), a CommandLine Interface with command:
3dTshift -ignore 1 -prefix sub-MONSTERA02_task-05_bold_tshift.nii.gz -tpattern @slice_timing.1D -TR 1s -tzero 0.445 /work/fmriprep_wf/single_subject_MONSTERA02_wf/func_preproc_task_05_wf/bold_stc_wf/slice_timing_correction/sub-MONSTERA02_task-05_bold.nii.gz
220226-23:38:05,745 nipype.workflow INFO:
	 [Node] Running "slice_timing_correction" ("fmriprep.workflows.bold.stc.TShift"), a CommandLine Interface with command:
3dTshift -ignore 0 -prefix sub-MONSTERA02_task-02_bold_tshift.nii.gz -tpattern @slice_timing.1D -TR 1s -tzero 0.446 /work/fmriprep_wf/single_subject_MONSTERA02_wf/func_preproc_task_02_wf/bold_stc_wf/slice_timing_correction/sub-MONSTERA02_task-02_bold.nii.gz
220226-23:38:05,754 nipype.workflow INFO:
	 [Node] Running "slice_timing_correction" ("fmriprep.workflows.bold.stc.TShift"), a CommandLine Interface with command:
3dTshift -ignore 1 -prefix sub-MONSTERA02_task-04_bold_tshift.nii.gz -tpattern @slice_timing.1D -TR 1s -tzero 0.446 /work/fmriprep_wf/single_subject_MONSTERA02_wf/func_preproc_task_04_wf/bold_stc_wf/slice_timing_correction/sub-MONSTERA02_task-04_bold.nii.gz
220226-23:38:05,755 nipype.workflow INFO:
	 [Node] Running "slice_timing_correction" ("fmriprep.workflows.bold.stc.TShift"), a CommandLine Interface with command:
3dTshift -ignore 1 -prefix sub-MONSTERA02_task-07_bold_tshift.nii.gz -tpattern @slice_timing.1D -TR 1s -tzero 0.445 /work/fmriprep_wf/single_subject_MONSTERA02_wf/func_preproc_task_07_wf/bold_stc_wf/slice_timing_correction/sub-MONSTERA02_task-07_bold.nii.gz
220226-23:38:05,773 nipype.workflow INFO:
	 [Node] Running "slice_timing_correction" ("fmriprep.workflows.bold.stc.TShift"), a CommandLine Interface with command:
3dTshift -ignore 0 -prefix sub-MONSTERA02_task-10_bold_tshift.nii.gz -tpattern @slice_timing.1D -TR 1s -tzero 0.446 /work/fmriprep_wf/single_subject_MONSTERA02_wf/func_preproc_task_10_wf/bold_stc_wf/slice_timing_correction/sub-MONSTERA02_task-10_bold.nii.gz
220226-23:38:06,452 nipype.workflow INFO:
	 [Node] Setting-up "fmriprep_wf.single_subject_MONSTERA02_wf.func_preproc_task_03_wf.bold_hmc_wf.mcflirt" in "/work/fmriprep_wf/single_subject_MONSTERA02_wf/func_preproc_task_03_wf/bold_hmc_wf/mcflirt".
220226-23:38:06,453 nipype.workflow INFO:
	 [Node] Setting-up "fmriprep_wf.single_subject_MONSTERA02_wf.func_preproc_task_01_wf.bold_hmc_wf.mcflirt" in "/work/fmriprep_wf/single_subject_MONSTERA02_wf/func_preproc_task_01_wf/bold_hmc_wf/mcflirt".
220226-23:38:06,462 nipype.workflow INFO:
	 [Node] Setting-up "fmriprep_wf.single_subject_MONSTERA02_wf.func_preproc_task_02_wf.bold_hmc_wf.mcflirt" in "/work/fmriprep_wf/single_subject_MONSTERA02_wf/func_preproc_task_02_wf/bold_hmc_wf/mcflirt".
220226-23:38:06,467 nipype.workflow INFO:
	 [Node] Setting-up "fmriprep_wf.single_subject_MONSTERA02_wf.func_preproc_task_06_wf.bold_hmc_wf.mcflirt" in "/work/fmriprep_wf/single_subject_MONSTERA02_wf/func_preproc_task_06_wf/bold_hmc_wf/mcflirt".
220226-23:38:06,475 nipype.workflow INFO:
	 [Node] Setting-up "fmriprep_wf.single_subject_MONSTERA02_wf.func_preproc_task_04_wf.bold_hmc_wf.mcflirt" in "/work/fmriprep_wf/single_subject_MONSTERA02_wf/func_preproc_task_04_wf/bold_hmc_wf/mcflirt".
220226-23:38:06,477 nipype.workflow INFO:
	 [Node] Setting-up "fmriprep_wf.single_subject_MONSTERA02_wf.func_preproc_task_05_wf.bold_hmc_wf.mcflirt" in "/work/fmriprep_wf/single_subject_MONSTERA02_wf/func_preproc_task_05_wf/bold_hmc_wf/mcflirt".
220226-23:38:06,589 nipype.workflow INFO:
	 [Node] Running "mcflirt" ("nipype.interfaces.fsl.preprocess.MCFLIRT"), a CommandLine Interface with command:
mcflirt -in /data/sub-MONSTERA02/func/sub-MONSTERA02_task-03_bold.nii.gz -out /work/fmriprep_wf/single_subject_MONSTERA02_wf/func_preproc_task_03_wf/bold_hmc_wf/mcflirt/sub-MONSTERA02_task-03_bold_mcf.nii.gz -reffile /work/fmriprep_wf/single_subject_MONSTERA02_wf/func_preproc_task_03_wf/initial_boldref_wf/gen_avg/sub-MONSTERA02_task-03_sbref_merged_squeezed.nii.gz -mats -plots -rmsabs -rmsrel
220226-23:38:06,601 nipype.workflow INFO:
	 [Node] Running "mcflirt" ("nipype.interfaces.fsl.preprocess.MCFLIRT"), a CommandLine Interface with command:
mcflirt -in /data/sub-MONSTERA02/func/sub-MONSTERA02_task-01_bold.nii.gz -out /work/fmriprep_wf/single_subject_MONSTERA02_wf/func_preproc_task_01_wf/bold_hmc_wf/mcflirt/sub-MONSTERA02_task-01_bold_mcf.nii.gz -reffile /work/fmriprep_wf/single_subject_MONSTERA02_wf/func_preproc_task_01_wf/initial_boldref_wf/gen_avg/sub-MONSTERA02_task-01_sbref_merged_squeezed.nii.gz -mats -plots -rmsabs -rmsrel
220226-23:38:06,611 nipype.workflow INFO:
	 [Node] Running "mcflirt" ("nipype.interfaces.fsl.preprocess.MCFLIRT"), a CommandLine Interface with command:
mcflirt -in /data/sub-MONSTERA02/func/sub-MONSTERA02_task-02_bold.nii.gz -out /work/fmriprep_wf/single_subject_MONSTERA02_wf/func_preproc_task_02_wf/bold_hmc_wf/mcflirt/sub-MONSTERA02_task-02_bold_mcf.nii.gz -reffile /work/fmriprep_wf/single_subject_MONSTERA02_wf/func_preproc_task_02_wf/initial_boldref_wf/gen_avg/sub-MONSTERA02_task-02_sbref_merged_squeezed.nii.gz -mats -plots -rmsabs -rmsrel
220226-23:38:06,629 nipype.workflow INFO:
	 [Node] Running "mcflirt" ("nipype.interfaces.fsl.preprocess.MCFLIRT"), a CommandLine Interface with command:
mcflirt -in /data/sub-MONSTERA02/func/sub-MONSTERA02_task-06_bold.nii.gz -out /work/fmriprep_wf/single_subject_MONSTERA02_wf/func_preproc_task_06_wf/bold_hmc_wf/mcflirt/sub-MONSTERA02_task-06_bold_mcf.nii.gz -reffile /work/fmriprep_wf/single_subject_MONSTERA02_wf/func_preproc_task_06_wf/initial_boldref_wf/gen_avg/sub-MONSTERA02_task-06_sbref_merged_squeezed.nii.gz -mats -plots -rmsabs -rmsrel
220226-23:38:06,661 nipype.workflow INFO:
	 [Node] Running "mcflirt" ("nipype.interfaces.fsl.preprocess.MCFLIRT"), a CommandLine Interface with command:
mcflirt -in /data/sub-MONSTERA02/func/sub-MONSTERA02_task-05_bold.nii.gz -out /work/fmriprep_wf/single_subject_MONSTERA02_wf/func_preproc_task_05_wf/bold_hmc_wf/mcflirt/sub-MONSTERA02_task-05_bold_mcf.nii.gz -reffile /work/fmriprep_wf/single_subject_MONSTERA02_wf/func_preproc_task_05_wf/initial_boldref_wf/gen_avg/sub-MONSTERA02_task-05_sbref_merged_squeezed.nii.gz -mats -plots -rmsabs -rmsrel
220226-23:38:06,666 nipype.workflow INFO:
	 [Node] Running "mcflirt" ("nipype.interfaces.fsl.preprocess.MCFLIRT"), a CommandLine Interface with command:
mcflirt -in /data/sub-MONSTERA02/func/sub-MONSTERA02_task-04_bold.nii.gz -out /work/fmriprep_wf/single_subject_MONSTERA02_wf/func_preproc_task_04_wf/bold_hmc_wf/mcflirt/sub-MONSTERA02_task-04_bold_mcf.nii.gz -reffile /work/fmriprep_wf/single_subject_MONSTERA02_wf/func_preproc_task_04_wf/initial_boldref_wf/gen_avg/sub-MONSTERA02_task-04_sbref_merged_squeezed.nii.gz -mats -plots -rmsabs -rmsrel
slurmstepd: error: *** JOB 17663542 ON n197 CANCELLED AT 2022-02-26T23:39:35 ***
