usage: fmriprep [-h] [--version] [--skip_bids_validation]
                [--participant-label PARTICIPANT_LABEL [PARTICIPANT_LABEL ...]]
                [-t TASK_ID] [--echo-idx ECHO_IDX] [--bids-filter-file FILE]
                [--anat-derivatives PATH] [--bids-database-dir PATH]
                [--nprocs NPROCS] [--omp-nthreads OMP_NTHREADS]
                [--mem MEMORY_MB] [--low-mem] [--use-plugin FILE]
                [--anat-only] [--boilerplate_only] [--md-only-boilerplate]
                [--error-on-aroma-warnings] [-v]
                [--ignore {fieldmaps,slicetiming,sbref,t2w,flair} [{fieldmaps,slicetiming,sbref,t2w,flair} ...]]
                [--longitudinal]
                [--output-spaces [OUTPUT_SPACES [OUTPUT_SPACES ...]]]
                [--me-output-echos] [--bold2t1w-init {register,header}]
                [--bold2t1w-dof {6,9,12}] [--force-bbr] [--force-no-bbr]
                [--medial-surface-nan] [--slice-time-ref SLICE_TIME_REF]
                [--dummy-scans DUMMY_SCANS] [--random-seed _RANDOM_SEED]
                [--use-aroma]
                [--aroma-melodic-dimensionality AROMA_MELODIC_DIM]
                [--return-all-components]
                [--fd-spike-threshold REGRESSORS_FD_TH]
                [--dvars-spike-threshold REGRESSORS_DVARS_TH]
                [--skull-strip-template SKULL_STRIP_TEMPLATE]
                [--skull-strip-fixed-seed]
                [--skull-strip-t1w {auto,skip,force}] [--fmap-bspline]
                [--fmap-no-demean] [--topup-max-vols TOPUP_MAX_VOLS]
                [--use-syn-sdc [{warn,error}]] [--force-syn]
                [--fs-license-file FILE] [--fs-subjects-dir PATH]
                [--no-submm-recon] [--cifti-output [{91k,170k}] |
                --fs-no-reconall] [--output-layout {bids,legacy}]
                [-w WORK_DIR] [--clean-workdir] [--resource-monitor]
                [--reports-only] [--config-file FILE] [--write-graph]
                [--stop-on-first-crash] [--notrack]
                [--debug {compcor,fieldmaps,all} [{compcor,fieldmaps,all} ...]]
                [--sloppy]
                bids_dir output_dir {participant}
fmriprep: error: One or more participant labels were not found in the BIDS directory: MONSTERA03.
